"point-a-rfile"
"Time Step" "point-a etc.."
("Time Step" "point-a" "flow-time")
0 283 0
1 283 1
2 283 2
3 283 3
4 283 4
5 283 5
6 283 6
7 283 7
8 283 8
9 283 9
10 283 10
11 283 11
12 283 12
13 283 13
14 283 14
15 283 15
16 283 16
17 283 17
18 283 18
19 283 19
20 283 20
21 283 21
22 283 22
23 283 23
24 283 24
25 283 25
26 283 26
27 283 27
28 283 28
29 283 29
30 283 30
31 283 31
32 283 32
33 283 33
34 283 34
35 283 35
36 283 36
37 283 37
38 283 38
39 283 39
40 283 40
41 283 41
42 283 42
43 283 43
44 283.0000305175781 44
45 283.0000305175781 45
46 283.0000610351562 46
47 283.0000610351562 47
48 283.0000610351562 48
49 283.0000610351562 49
50 283.0000610351562 50
51 283.0000915527344 51
52 283.0000915527344 52
53 283.0001220703125 53
54 283.0001220703125 54
55 283.0001525878906 55
56 283.0001525878906 56
57 283.0001831054688 57
58 283.000244140625 58
59 283.0002746582031 59
60 283.0003051757812 60
61 283.0003356933594 61
62 283.0003967285156 62
63 283.0004577636719 63
64 283.0005493164062 64
65 283.0006103515625 65
66 283.0006713867188 66
67 283.000732421875 67
68 283.0008239746094 68
69 283.0009460449219 69
70 283.0010375976562 70
71 283.0011596679688 71
72 283.0013122558594 72
73 283.0014343261719 73
74 283.0015869140625 74
75 283.0017395019531 75
76 283.0019226074219 76
77 283.0021362304688 77
78 283.0023193359375 78
79 283.0025024414062 79
80 283.0027770996094 80
81 283.0030212402344 81
82 283.0032958984375 82
83 283.0035705566406 83
84 283.0038757324219 84
85 283.0042114257812 85
86 283.0045166015625 86
87 283.0048828125 87
88 283.0053100585938 88
89 283.0056762695312 89
90 283.0061340332031 90
91 283.0065612792969 91
92 283.0070495605469 92
93 283.007568359375 93
94 283.008056640625 94
95 283.0086364746094 95
96 283.0092163085938 96
97 283.0098266601562 97
98 283.0104675292969 98
99 283.0111389160156 99
100 283.0118408203125 100
101 283.0125427246094 101
102 283.0133361816406 102
103 283.0140991210938 103
104 283.0149230957031 104
105 283.0158081054688 105
106 283.0166931152344 106
107 283.0176086425781 107
108 283.0185852050781 108
109 283.0195617675781 109
110 283.0205688476562 110
111 283.0216369628906 111
112 283.0227661132812 112
113 283.0238647460938 113
114 283.0250549316406 114
115 283.0262756347656 115
116 283.0274963378906 116
117 283.0287780761719 117
118 283.0301208496094 118
119 283.0314636230469 119
120 283.0328674316406 120
121 283.0343017578125 121
122 283.0357666015625 122
123 283.0373229980469 123
124 283.0388488769531 124
125 283.0404357910156 125
126 283.0420837402344 126
127 283.0437622070312 127
128 283.0455017089844 128
129 283.0472717285156 129
130 283.049072265625 130
131 283.0509033203125 131
132 283.0527954101562 132
133 283.0546875 133
134 283.0566711425781 134
135 283.0586547851562 135
136 283.0607299804688 136
137 283.0628051757812 137
138 283.06494140625 138
139 283.0671081542969 139
140 283.0693359375 140
141 283.0715942382812 141
142 283.0738525390625 142
143 283.0762023925781 143
144 283.0785522460938 144
145 283.0809631347656 145
146 283.0834350585938 146
147 283.0859375 147
148 283.0885009765625 148
149 283.0910339355469 149
150 283.0936584472656 150
151 283.0963134765625 151
152 283.0989990234375 152
153 283.1017150878906 153
154 283.1044921875 154
155 283.1072998046875 155
156 283.1101379394531 156
157 283.1130065917969 157
158 283.1159362792969 158
159 283.118896484375 159
160 283.1218566894531 160
161 283.1249389648438 161
162 283.1279602050781 162
163 283.1310729980469 163
164 283.1342163085938 164
165 283.1373596191406 165
166 283.1405944824219 166
167 283.1438293457031 167
168 283.1471252441406 168
169 283.1504211425781 169
170 283.1537475585938 170
171 283.1571350097656 171
172 283.1605224609375 172
173 283.1639404296875 173
174 283.1674194335938 174
175 283.1708984375 175
176 283.1744689941406 176
177 283.1780090332031 177
178 283.1815795898438 178
179 283.1851806640625 179
180 283.1888732910156 180
181 283.1925354003906 181
182 283.1962280273438 182
183 283.199951171875 183
184 283.2037353515625 184
185 283.2074890136719 185
186 283.2113037109375 186
187 283.2151489257812 187
188 283.218994140625 188
189 283.2228698730469 189
190 283.2267761230469 190
191 283.230712890625 191
192 283.2346801757812 192
193 283.2386779785156 193
194 283.2426452636719 194
195 283.2466735839844 195
196 283.2507629394531 196
197 283.2547912597656 197
198 283.2588500976562 198
199 283.2629699707031 199
200 283.26708984375 200
201 283.2712707519531 201
202 283.275390625 202
203 283.2795715332031 203
204 283.2837829589844 204
205 283.2879638671875 205
206 283.292236328125 206
207 283.2964477539062 207
208 283.3007202148438 208
209 283.3050231933594 209
210 283.3092956542969 210
211 283.3135986328125 211
212 283.3179321289062 212
213 283.322265625 213
214 283.3265991210938 214
215 283.3309631347656 215
216 283.3353271484375 216
217 283.3396911621094 217
218 283.3440856933594 218
219 283.3485107421875 219
220 283.3529052734375 220
221 283.3573303222656 221
222 283.3617553710938 222
223 283.3662109375 223
224 283.37060546875 224
225 283.3750610351562 225
226 283.3795166015625 226
227 283.3840026855469 227
228 283.3884887695312 228
229 283.3929443359375 229
230 283.3973999023438 230
231 283.4018859863281 231
232 283.4063720703125 232
233 283.410888671875 233
234 283.4153747558594 234
235 283.4198913574219 235
236 283.4243469238281 236
237 283.4288635253906 237
238 283.4333801269531 238
239 283.4378662109375 239
240 283.4423828125 240
241 283.4468688964844 241
242 283.451416015625 242
243 283.4558715820312 243
244 283.4603881835938 244
245 283.4649047851562 245
246 283.4694213867188 246
247 283.4739074707031 247
248 283.4783935546875 248
249 283.4828796386719 249
250 283.4873657226562 250
251 283.4918518066406 251
252 283.496337890625 252
253 283.5007934570312 253
254 283.5052795410156 254
255 283.5097045898438 255
256 283.5141906738281 256
257 283.5186462402344 257
258 283.5230712890625 258
259 283.5275268554688 259
260 283.5319213867188 260
261 283.536376953125 261
262 283.540771484375 262
263 283.545166015625 263
264 283.5495910644531 264
265 283.553955078125 265
266 283.5583190917969 266
267 283.5626831054688 267
268 283.5670471191406 268
269 283.5713806152344 269
270 283.5757446289062 270
271 283.5800170898438 271
272 283.5843200683594 272
273 283.5886535644531 273
274 283.5929260253906 274
275 283.59716796875 275
276 283.6014404296875 276
277 283.6056823730469 277
278 283.6099243164062 278
279 283.6141357421875 279
280 283.6183471679688 280
281 283.6225280761719 281
282 283.6266784667969 282
283 283.6307983398438 283
284 283.6349182128906 284
285 283.6390686035156 285
286 283.6431884765625 286
287 283.6472778320312 287
288 283.6513366699219 288
289 283.6553649902344 289
290 283.659423828125 290
291 283.6634521484375 291
292 283.6674499511719 292
293 283.6714477539062 293
294 283.6753540039062 294
295 283.6793212890625 295
296 283.6832275390625 296
297 283.6871337890625 297
298 283.6910095214844 298
299 283.6948852539062 299
300 283.6986694335938 300
301 283.7025146484375 301
302 283.7063293457031 302
303 283.7100830078125 303
304 283.7138366699219 304
305 283.7175903320312 305
306 283.7212829589844 306
307 283.7249450683594 307
308 283.7286376953125 308
309 283.7322692871094 309
310 283.7359008789062 310
311 283.739501953125 311
312 283.7430725097656 312
313 283.7466125488281 313
314 283.7501525878906 314
315 283.753662109375 315
316 283.7571105957031 316
317 283.7605895996094 317
318 283.7640380859375 318
319 283.7674255371094 319
320 283.7708129882812 320
321 283.7741394042969 321
322 283.7774963378906 322
323 283.7807922363281 323
324 283.7841186523438 324
325 283.7873840332031 325
326 283.7906188964844 326
327 283.7938842773438 327
328 283.7970275878906 328
329 283.8002319335938 329
330 283.8033447265625 330
331 283.8065185546875 331
332 283.8096313476562 332
333 283.8127136230469 333
334 283.8157653808594 334
335 283.81884765625 335
336 283.8218688964844 336
337 283.8248596191406 337
338 283.8278198242188 338
339 283.8308410644531 339
340 283.8338012695312 340
341 283.8367004394531 341
342 283.8396301269531 342
343 283.842529296875 343
344 283.8454284667969 344
345 283.8482666015625 345
346 283.8511352539062 346
347 283.85400390625 347
348 283.8568115234375 348
349 283.859619140625 349
350 283.8624267578125 350
351 283.865234375 351
352 283.8680419921875 352
353 283.8707580566406 353
354 283.87353515625 354
355 283.8763122558594 355
356 283.8790283203125 356
357 283.8818054199219 357
358 283.8845520019531 358
359 283.8872680664062 359
360 283.8900146484375 360
361 283.8927612304688 361
362 283.8954162597656 362
363 283.898193359375 363
364 283.90087890625 364
365 283.9036254882812 365
366 283.9063110351562 366
367 283.9090576171875 367
368 283.9117736816406 368
369 283.9145202636719 369
370 283.9172058105469 370
371 283.9199829101562 371
372 283.9226989746094 372
373 283.9254455566406 373
374 283.92822265625 374
375 283.9309387207031 375
376 283.9337158203125 376
377 283.9364929199219 377
378 283.9392700195312 378
379 283.9420776367188 379
380 283.9448547363281 380
381 283.9476623535156 381
382 283.9505004882812 382
383 283.9533386230469 383
384 283.9561462402344 384
385 283.9590148925781 385
386 283.9619140625 386
387 283.9647521972656 387
388 283.9676513671875 388
389 283.9705810546875 389
390 283.9735107421875 390
391 283.9764404296875 391
392 283.9794006347656 392
393 283.9823608398438 393
394 283.9853515625 394
395 283.9883422851562 395
396 283.9913635253906 396
397 283.9944152832031 397
398 283.9974365234375 398
399 284.0005493164062 399
400 284.0036010742188 400
401 284.0067443847656 401
402 284.0098571777344 402
403 284.0130004882812 403
404 284.01611328125 404
405 284.0193176269531 405
406 284.0225219726562 406
407 284.0257568359375 407
408 284.0289916992188 408
409 284.0322265625 409
410 284.0354919433594 410
411 284.0387878417969 411
412 284.0421142578125 412
413 284.0454406738281 413
414 284.0487976074219 414
415 284.0521545410156 415
416 284.0555419921875 416
417 284.0589294433594 417
418 284.0623474121094 418
419 284.0657958984375 419
420 284.0692749023438 420
421 284.07275390625 421
422 284.0762329101562 422
423 284.0797729492188 423
424 284.083251953125 424
425 284.0868225097656 425
426 284.0904235839844 426
427 284.093994140625 427
428 284.0975952148438 428
429 284.1012268066406 429
430 284.1048278808594 430
431 284.1085205078125 431
432 284.1121826171875 432
433 284.1158752441406 433
434 284.1195678710938 434
435 284.123291015625 435
436 284.1270446777344 436
437 284.1307983398438 437
438 284.1345825195312 438
439 284.1383361816406 439
440 284.1421203613281 440
441 284.1459655761719 441
442 284.1497802734375 442
443 284.1536254882812 443
444 284.157470703125 444
445 284.1613159179688 445
446 284.1652526855469 446
447 284.1691284179688 447
448 284.1730346679688 448
449 284.1769409179688 449
450 284.1808776855469 450
451 284.184814453125 451
452 284.1887817382812 452
453 284.1927185058594 453
454 284.1966857910156 454
455 284.20068359375 455
456 284.2046508789062 456
457 284.2086791992188 457
458 284.2127075195312 458
459 284.2167053222656 459
460 284.2207336425781 460
461 284.2247924804688 461
462 284.2287902832031 462
463 284.2328796386719 463
464 284.2369384765625 464
465 284.2409973144531 465
466 284.2450866699219 466
467 284.2491455078125 467
468 284.2532348632812 468
469 284.2573547363281 469
470 284.2614135742188 470
471 284.2655029296875 471
472 284.2695922851562 472
473 284.2737121582031 473
474 284.2778015136719 474
475 284.2819213867188 475
476 284.2860412597656 476
477 284.2901611328125 477
478 284.2942504882812 478
479 284.2984008789062 479
480 284.302490234375 480
481 284.306640625 481
482 284.3107299804688 482
483 284.3148803710938 483
484 284.3189697265625 484
485 284.3230895996094 485
486 284.3272094726562 486
487 284.3313598632812 487
488 284.3354187011719 488
489 284.3395690917969 489
490 284.3436279296875 490
491 284.3477783203125 491
492 284.3518371582031 492
493 284.3559265136719 493
494 284.3600463867188 494
495 284.3641357421875 495
496 284.3681945800781 496
497 284.3722839355469 497
498 284.3763427734375 498
499 284.3804321289062 499
500 284.3844909667969 500
501 284.3885192871094 501
502 284.392578125 502
503 284.3966369628906 503
504 284.400634765625 504
505 284.4046630859375 505
506 284.4086608886719 506
507 284.4126892089844 507
508 284.4166870117188 508
509 284.420654296875 509
510 284.4246215820312 510
511 284.4285888671875 511
512 284.4325256347656 512
513 284.4364929199219 513
514 284.4403991699219 514
515 284.4443054199219 515
516 284.4482116699219 516
517 284.4521179199219 517
518 284.4559936523438 518
519 284.4598999023438 519
520 284.4637451171875 520
521 284.4675598144531 521
522 284.4713745117188 522
523 284.4751892089844 523
524 284.4789733886719 524
525 284.4827880859375 525
526 284.4865417480469 526
527 284.4902648925781 527
528 284.4940185546875 528
529 284.4977111816406 529
530 284.5014343261719 530
531 284.505126953125 531
532 284.5087890625 532
533 284.512451171875 533
534 284.5160522460938 534
535 284.5196838378906 535
536 284.5232849121094 536
537 284.5268859863281 537
538 284.5304565429688 538
539 284.5339660644531 539
540 284.5375061035156 540
541 284.5409851074219 541
542 284.5444641113281 542
543 284.5479431152344 543
544 284.5513610839844 544
545 284.5548095703125 545
546 284.5581970214844 546
547 284.5615539550781 547
548 284.5649108886719 548
549 284.5682678222656 549
550 284.5715942382812 550
551 284.5748596191406 551
552 284.5781555175781 552
553 284.5813598632812 553
554 284.5845947265625 554
555 284.5877990722656 555
556 284.5909729003906 556
557 284.5941162109375 557
558 284.5972595214844 558
559 284.600341796875 559
560 284.6034545898438 560
561 284.6064758300781 561
562 284.6094970703125 562
563 284.6125183105469 563
564 284.615478515625 564
565 284.6184387207031 565
566 284.6213684082031 566
567 284.624267578125 567
568 284.6271362304688 568
569 284.6300048828125 569
570 284.6328125 570
571 284.6355895996094 571
572 284.6383666992188 572
573 284.64111328125 573
574 284.6438293457031 574
575 284.6465148925781 575
576 284.649169921875 576
577 284.6517944335938 577
578 284.6543884277344 578
579 284.6569519042969 579
580 284.6595153808594 580
581 284.6620483398438 581
582 284.6645202636719 582
583 284.6669921875 583
584 284.66943359375 584
585 284.6717834472656 585
586 284.6741943359375 586
587 284.676513671875 587
588 284.6788635253906 588
589 284.68115234375 589
590 284.6834106445312 590
591 284.6856689453125 591
592 284.6878662109375 592
593 284.6900329589844 593
594 284.6921997070312 594
595 284.6943054199219 595
596 284.6964111328125 596
597 284.6984558105469 597
598 284.7005004882812 598
599 284.7025451660156 599
600 284.7045288085938 600
601 284.7065124511719 601
602 284.7084350585938 602
603 284.7103576660156 603
604 284.7122802734375 604
605 284.714111328125 605
606 284.7159729003906 606
607 284.7178039550781 607
608 284.7195739746094 608
609 284.7214050292969 609
610 284.72314453125 610
611 284.7248840332031 611
612 284.7265930175781 612
613 284.728271484375 613
614 284.72998046875 614
615 284.7316284179688 615
616 284.7333374023438 616
617 284.7349548339844 617
618 284.736572265625 618
619 284.7381591796875 619
620 284.73974609375 620
621 284.7413330078125 621
622 284.7428894042969 622
623 284.7444458007812 623
624 284.7460021972656 624
625 284.7475280761719 625
626 284.7490234375 626
627 284.7505798339844 627
628 284.7520751953125 628
629 284.7535705566406 629
630 284.7550659179688 630
631 284.7565612792969 631
632 284.7580871582031 632
633 284.7595825195312 633
634 284.7610473632812 634
635 284.7625427246094 635
636 284.7640380859375 636
637 284.7655029296875 637
638 284.7670288085938 638
639 284.7684936523438 639
640 284.7699890136719 640
641 284.771484375 641
642 284.7729797363281 642
643 284.7744750976562 643
644 284.7760009765625 644
645 284.7775573730469 645
646 284.779052734375 646
647 284.7805786132812 647
648 284.7821350097656 648
649 284.7836608886719 649
650 284.7852478027344 650
651 284.786865234375 651
652 284.7884216308594 652
653 284.7900085449219 653
654 284.7916259765625 654
655 284.793212890625 655
656 284.7948303222656 656
657 284.7965087890625 657
658 284.7981567382812 658
659 284.7998046875 659
660 284.8015441894531 660
661 284.80322265625 661
662 284.804931640625 662
663 284.8066711425781 663
664 284.8084411621094 664
665 284.8101806640625 665
666 284.8119812011719 666
667 284.8138122558594 667
668 284.8155822753906 668
669 284.8174743652344 669
670 284.8193054199219 670
671 284.8211669921875 671
672 284.8230590820312 672
673 284.824951171875 673
674 284.826904296875 674
675 284.8288269042969 675
676 284.830810546875 676
677 284.8327941894531 677
678 284.8348083496094 678
679 284.8368225097656 679
680 284.8388671875 680
681 284.8409423828125 681
682 284.843017578125 682
683 284.8451232910156 683
684 284.8472290039062 684
685 284.849365234375 685
686 284.8515625 686
687 284.8536987304688 687
688 284.8559265136719 688
689 284.858154296875 689
690 284.8603820800781 690
691 284.8626403808594 691
692 284.8649291992188 692
693 284.8671875 693
694 284.8695068359375 694
695 284.871826171875 695
696 284.8741760253906 696
697 284.8765563964844 697
698 284.8789367675781 698
699 284.8813171386719 699
700 284.8837280273438 700
701 284.8861999511719 701
702 284.888671875 702
703 284.8911437988281 703
704 284.8936157226562 704
705 284.8960876464844 705
706 284.8986511230469 706
707 284.9011840820312 707
708 284.9037475585938 708
709 284.9063415527344 709
710 284.9088745117188 710
711 284.9114990234375 711
712 284.9141235351562 712
713 284.916748046875 713
714 284.9194030761719 714
715 284.9220581054688 715
716 284.9247131347656 716
717 284.9273986816406 717
718 284.9301147460938 718
719 284.9328308105469 719
720 284.935546875 720
721 284.9382934570312 721
722 284.9410400390625 722
723 284.9437866210938 723
724 284.946533203125 724
725 284.9493408203125 725
726 284.9521484375 726
727 284.9549560546875 727
728 284.957763671875 728
729 284.9606018066406 729
730 284.9634094238281 730
731 284.9662780761719 731
732 284.9691162109375 732
733 284.971923828125 733
734 284.9747924804688 734
735 284.9776916503906 735
736 284.9805297851562 736
737 284.9834594726562 737
738 284.986328125 738
739 284.9891967773438 739
740 284.9921264648438 740
741 284.9950256347656 741
742 284.9979248046875 742
743 285.0008544921875 743
744 285.0037841796875 744
745 285.0066833496094 745
746 285.0096130371094 746
747 285.0125427246094 747
748 285.0154724121094 748
749 285.0184020996094 749
750 285.0213623046875 750
751 285.0242919921875 751
752 285.0272216796875 752
753 285.0301208496094 753
754 285.0330810546875 754
755 285.0360107421875 755
756 285.0389404296875 756
757 285.0418701171875 757
758 285.0447692871094 758
759 285.0477294921875 759
760 285.0506591796875 760
761 285.0535888671875 761
762 285.0565185546875 762
763 285.0594482421875 763
764 285.0623168945312 764
765 285.0652465820312 765
766 285.0681457519531 766
767 285.0710754394531 767
768 285.0739135742188 768
769 285.0768127441406 769
770 285.0797424316406 770
771 285.0826416015625 771
772 285.0854797363281 772
773 285.0883483886719 773
774 285.0911865234375 774
775 285.0940551757812 775
776 285.0968933105469 776
777 285.0997314453125 777
778 285.1025390625 778
779 285.1054077148438 779
780 285.108154296875 780
781 285.1109619140625 781
782 285.1138000488281 782
783 285.1165466308594 783
784 285.1192932128906 784
785 285.1220397949219 785
786 285.1248168945312 786
787 285.1275329589844 787
788 285.1302795410156 788
789 285.1329650878906 789
790 285.1356506347656 790
791 285.1383666992188 791
792 285.1410217285156 792
793 285.1436767578125 793
794 285.1463012695312 794
795 285.14892578125 795
796 285.1515502929688 796
797 285.1541442871094 797
798 285.1567077636719 798
799 285.1593017578125 799
800 285.1618347167969 800
801 285.1643676757812 801
802 285.1668701171875 802
803 285.1694030761719 803
804 285.171875 804
805 285.17431640625 805
806 285.1767883300781 806
807 285.1792297363281 807
808 285.181640625 808
809 285.1840209960938 809
810 285.1864013671875 810
811 285.1887512207031 811
812 285.1911010742188 812
813 285.1934204101562 813
814 285.1957397460938 814
815 285.1980285644531 815
816 285.2002258300781 816
817 285.2025146484375 817
818 285.2047424316406 818
819 285.2069396972656 819
820 285.2091064453125 820
821 285.2112426757812 821
822 285.21337890625 822
823 285.2155151367188 823
824 285.2175598144531 824
825 285.2196350097656 825
826 285.2216491699219 826
827 285.2236938476562 827
828 285.2257080078125 828
829 285.2276916503906 829
830 285.2296447753906 830
831 285.2315368652344 831
832 285.2334594726562 832
833 285.2353210449219 833
834 285.2371826171875 834
835 285.239013671875 835
836 285.2408142089844 836
837 285.2425842285156 837
838 285.2443542480469 838
839 285.2460632324219 839
840 285.2477722167969 840
841 285.2494201660156 841
842 285.2510681152344 842
843 285.2527160644531 843
844 285.2543029785156 844
845 285.255859375 845
846 285.2574157714844 846
847 285.2589111328125 847
848 285.2604064941406 848
849 285.2619018554688 849
850 285.2633361816406 850
851 285.2647399902344 851
852 285.2660827636719 852
853 285.2674560546875 853
854 285.268798828125 854
855 285.2700805664062 855
856 285.2713623046875 856
857 285.2725830078125 857
858 285.2738037109375 858
859 285.2750244140625 859
860 285.2761840820312 860
861 285.2772827148438 861
862 285.2784118652344 862
863 285.2795104980469 863
864 285.2805480957031 864
865 285.2815856933594 865
866 285.2825622558594 866
867 285.2835998535156 867
868 285.2845153808594 868
869 285.2854614257812 869
870 285.286376953125 870
871 285.2872619628906 871
872 285.2881164550781 872
873 285.2889404296875 873
874 285.2897644042969 874
875 285.29052734375 875
876 285.2913208007812 876
877 285.2920532226562 877
878 285.2927856445312 878
879 285.2935180664062 879
880 285.2942199707031 880
881 285.2948608398438 881
882 285.2955322265625 882
883 285.2961730957031 883
884 285.2967834472656 884
885 285.2973937988281 885
886 285.2980041503906 886
887 285.298583984375 887
888 285.2991333007812 888
889 285.2996826171875 889
890 285.3002319335938 890
891 285.30078125 891
892 285.3013000488281 892
893 285.3017883300781 893
894 285.3023071289062 894
895 285.3028259277344 895
896 285.3033142089844 896
897 285.3038024902344 897
898 285.3042602539062 898
899 285.3047485351562 899
900 285.3052368164062 900
901 285.3057250976562 901
902 285.3061828613281 902
903 285.3066711425781 903
904 285.3071594238281 904
905 285.3076171875 905
906 285.3080749511719 906
907 285.3085632324219 907
908 285.30908203125 908
909 285.3095397949219 909
910 285.31005859375 910
911 285.310546875 911
912 285.3110656738281 912
913 285.3115539550781 913
914 285.3121032714844 914
915 285.3126220703125 915
916 285.3131408691406 916
917 285.3136901855469 917
918 285.3143005371094 918
919 285.3148803710938 919
920 285.3154296875 920
921 285.3160400390625 921
922 285.316650390625 922
923 285.3172912597656 923
924 285.3179016113281 924
925 285.3185729980469 925
926 285.3192749023438 926
927 285.3199157714844 927
928 285.3206481933594 928
929 285.3213500976562 929
930 285.3221130371094 930
931 285.3228454589844 931
932 285.3236083984375 932
933 285.3244018554688 933
934 285.3251953125 934
935 285.3260192871094 935
936 285.326904296875 936
937 285.3277587890625 937
938 285.3286437988281 938
939 285.3295593261719 939
940 285.3304443359375 940
941 285.3314208984375 941
942 285.3323974609375 942
943 285.3333740234375 943
944 285.3343811035156 944
945 285.33544921875 945
946 285.3364562988281 946
947 285.3375244140625 947
948 285.338623046875 948
949 285.3397521972656 949
950 285.3409118652344 950
951 285.342041015625 951
952 285.3432006835938 952
953 285.3443908691406 953
954 285.3456420898438 954
955 285.3468627929688 955
956 285.34814453125 956
957 285.3494262695312 957
958 285.3507385253906 958
959 285.35205078125 959
960 285.3533935546875 960
961 285.3547668457031 961
962 285.3561096191406 962
963 285.3575439453125 963
964 285.3589782714844 964
965 285.3604125976562 965
966 285.3619079589844 966
967 285.3634033203125 967
968 285.3648986816406 968
969 285.3664245605469 969
970 285.3679504394531 970
971 285.3695678710938 971
972 285.3711547851562 972
973 285.3727416992188 973
974 285.3743896484375 974
975 285.3760070800781 975
976 285.3776550292969 976
977 285.3793640136719 977
978 285.3810424804688 978
979 285.3827514648438 979
980 285.3844604492188 980
981 285.38623046875 981
982 285.3880004882812 982
983 285.3897705078125 983
984 285.3915710449219 984
985 285.3934020996094 985
986 285.3952026367188 986
987 285.3970642089844 987
988 285.3988952636719 988
989 285.4007873535156 989
990 285.4026489257812 990
991 285.4045715332031 991
992 285.4064636230469 992
993 285.4083862304688 993
994 285.4103393554688 994
995 285.4122619628906 995
996 285.4142456054688 996
997 285.4161987304688 997
998 285.4181823730469 998
999 285.420166015625 999
1000 285.4221801757812 1000
1001 285.4241638183594 1001
1002 285.4262084960938 1002
1003 285.4282531738281 1003
1004 285.4302978515625 1004
1005 285.432373046875 1005
1006 285.4343872070312 1006
1007 285.4364624023438 1007
1008 285.4385070800781 1008
1009 285.4406127929688 1009
1010 285.4426879882812 1010
1011 285.4447937011719 1011
1012 285.4468688964844 1012
1013 285.448974609375 1013
1014 285.4510498046875 1014
1015 285.4531860351562 1015
1016 285.455322265625 1016
1017 285.4574279785156 1017
1018 285.4595336914062 1018
1019 285.461669921875 1019
1020 285.4638366699219 1020
1021 285.4659423828125 1021
1022 285.4680786132812 1022
1023 285.47021484375 1023
1024 285.4723510742188 1024
1025 285.4744873046875 1025
1026 285.4766235351562 1026
1027 285.478759765625 1027
1028 285.4808959960938 1028
1029 285.4830322265625 1029
1030 285.4851684570312 1030
1031 285.4872741699219 1031
1032 285.4894409179688 1032
1033 285.4915466308594 1033
1034 285.4936828613281 1034
1035 285.4957885742188 1035
1036 285.4979248046875 1036
1037 285.5000305175781 1037
1038 285.5021667480469 1038
1039 285.5042724609375 1039
1040 285.5063781738281 1040
1041 285.5084838867188 1041
1042 285.5105895996094 1042
1043 285.5126647949219 1043
1044 285.5147705078125 1044
1045 285.5168151855469 1045
1046 285.5188903808594 1046
1047 285.5209655761719 1047
1048 285.5230102539062 1048
1049 285.5250244140625 1049
1050 285.5270690917969 1050
1051 285.5291137695312 1051
1052 285.5311279296875 1052
1053 285.5331726074219 1053
1054 285.5351257324219 1054
1055 285.5371398925781 1055
1056 285.5391235351562 1056
1057 285.5410766601562 1057
1058 285.5430603027344 1058
1059 285.5449829101562 1059
1060 285.5469360351562 1060
1061 285.5488586425781 1061
1062 285.55078125 1062
1063 285.5526733398438 1063
1064 285.5545349121094 1064
1065 285.556396484375 1065
1066 285.5582885742188 1066
1067 285.5601196289062 1067
1068 285.5619506835938 1068
1069 285.5637817382812 1069
1070 285.5655517578125 1070
1071 285.5673522949219 1071
1072 285.5691223144531 1072
1073 285.5708618164062 1073
1074 285.5726318359375 1074
1075 285.5743408203125 1075
1076 285.5760498046875 1076
1077 285.5777587890625 1077
1078 285.5794067382812 1078
1079 285.5810852050781 1079
1080 285.5827026367188 1080
1081 285.5843200683594 1081
1082 285.5859069824219 1082
1083 285.5874938964844 1083
1084 285.5890502929688 1084
1085 285.5906066894531 1085
1086 285.5921325683594 1086
1087 285.5936279296875 1087
1088 285.5951232910156 1088
1089 285.5965881347656 1089
1090 285.5980529785156 1090
1091 285.5994873046875 1091
1092 285.6008605957031 1092
1093 285.6022338867188 1093
1094 285.6036071777344 1094
1095 285.6049194335938 1095
1096 285.6062622070312 1096
1097 285.6075439453125 1097
1098 285.6088562011719 1098
1099 285.610107421875 1099
1100 285.611328125 1100
1101 285.6125183105469 1101
1102 285.6136779785156 1102
1103 285.6148376464844 1103
1104 285.6159973144531 1104
1105 285.6170959472656 1105
1106 285.6181945800781 1106
1107 285.6192626953125 1107
1108 285.6203002929688 1108
1109 285.6212768554688 1109
1110 285.6222839355469 1110
1111 285.6232299804688 1111
1112 285.6242065429688 1112
1113 285.6251220703125 1113
1114 285.6260070800781 1114
1115 285.6268920898438 1115
1116 285.627685546875 1116
1117 285.6285095214844 1117
1118 285.6292724609375 1118
1119 285.6300354003906 1119
1120 285.6307678222656 1120
1121 285.6315002441406 1121
1122 285.6322021484375 1122
1123 285.6328430175781 1123
1124 285.6334533691406 1124
1125 285.6340637207031 1125
1126 285.6346435546875 1126
1127 285.6351928710938 1127
1128 285.6357116699219 1128
1129 285.6361999511719 1129
1130 285.6366882324219 1130
1131 285.6371154785156 1131
1132 285.6375427246094 1132
1133 285.637939453125 1133
1134 285.6383056640625 1134
1135 285.638671875 1135
1136 285.6389770507812 1136
1137 285.6392822265625 1137
1138 285.6395568847656 1138
1139 285.6398010253906 1139
1140 285.6400451660156 1140
1141 285.6402282714844 1141
1142 285.6404418945312 1142
1143 285.6405944824219 1143
1144 285.6407470703125 1144
1145 285.640869140625 1145
1146 285.6409606933594 1146
1147 285.6410522460938 1147
1148 285.64111328125 1148
1149 285.6411743164062 1149
1150 285.6412048339844 1150
1151 285.6412048339844 1151
1152 285.6412353515625 1152
1153 285.6412048339844 1153
1154 285.6411743164062 1154
1155 285.64111328125 1155
1156 285.6410522460938 1156
1157 285.6410217285156 1157
1158 285.6409301757812 1158
1159 285.6408386230469 1159
1160 285.6407470703125 1160
1161 285.6406555175781 1161
1162 285.6405334472656 1162
1163 285.6404113769531 1163
1164 285.6402587890625 1164
1165 285.6401062011719 1165
1166 285.6400146484375 1166
1167 285.6398620605469 1167
1168 285.6397094726562 1168
1169 285.6395568847656 1169
1170 285.6394653320312 1170
1171 285.6393127441406 1171
1172 285.6391296386719 1172
1173 285.6390380859375 1173
1174 285.6388549804688 1174
1175 285.6387634277344 1175
1176 285.6386108398438 1176
1177 285.6384887695312 1177
1178 285.6383666992188 1178
1179 285.6382751464844 1179
1180 285.6381530761719 1180
1181 285.6380615234375 1181
1182 285.6379699707031 1182
1183 285.6378784179688 1183
1184 285.6378173828125 1184
1185 285.6377563476562 1185
1186 285.6377258300781 1186
1187 285.6376953125 1187
1188 285.6376647949219 1188
1189 285.6376342773438 1189
1190 285.6376647949219 1190
1191 285.6376647949219 1191
1192 285.6376953125 1192
1193 285.6377563476562 1193
1194 285.6378173828125 1194
1195 285.6379089355469 1195
1196 285.6380004882812 1196
1197 285.6381225585938 1197
1198 285.6382751464844 1198
1199 285.6383972167969 1199
1200 285.6385803222656 1200
1201 285.6387939453125 1201
1202 285.6389770507812 1202
1203 285.6392211914062 1203
1204 285.6394348144531 1204
1205 285.6397094726562 1205
1206 285.6400146484375 1206
1207 285.6403198242188 1207
1208 285.6406860351562 1208
1209 285.6410217285156 1209
1210 285.6414184570312 1210
1211 285.6417846679688 1211
1212 285.6422424316406 1212
1213 285.6426391601562 1213
1214 285.6431274414062 1214
1215 285.6436157226562 1215
1216 285.6441345214844 1216
1217 285.6446533203125 1217
1218 285.6452331542969 1218
1219 285.6458129882812 1219
1220 285.6463928222656 1220
1221 285.6470336914062 1221
1222 285.6476745605469 1222
1223 285.6483154296875 1223
1224 285.6490173339844 1224
1225 285.6497192382812 1225
1226 285.6504516601562 1226
1227 285.6512451171875 1227
1228 285.6519775390625 1228
1229 285.6528015136719 1229
1230 285.6536254882812 1230
1231 285.6544799804688 1231
1232 285.6553344726562 1232
1233 285.6562194824219 1233
1234 285.6571350097656 1234
1235 285.6580810546875 1235
1236 285.6589965820312 1236
1237 285.6599731445312 1237
1238 285.6609802246094 1238
1239 285.6619873046875 1239
1240 285.6630249023438 1240
1241 285.6640930175781 1241
1242 285.6651611328125 1242
1243 285.6662902832031 1243
1244 285.6673889160156 1244
1245 285.6685485839844 1245
1246 285.669677734375 1246
1247 285.6708679199219 1247
1248 285.6720275878906 1248
1249 285.6732177734375 1249
1250 285.6744689941406 1250
1251 285.6757202148438 1251
1252 285.6769714355469 1252
1253 285.6782531738281 1253
1254 285.6795654296875 1254
1255 285.6808776855469 1255
1256 285.6821899414062 1256
1257 285.6835327148438 1257
1258 285.6849060058594 1258
1259 285.686279296875 1259
1260 285.6876525878906 1260
1261 285.6890563964844 1261
1262 285.6904602050781 1262
1263 285.69189453125 1263
1264 285.693359375 1264
1265 285.6947937011719 1265
1266 285.6962585449219 1266
1267 285.6977233886719 1267
1268 285.69921875 1268
1269 285.7007141113281 1269
1270 285.7022399902344 1270
1271 285.7037353515625 1271
1272 285.7052917480469 1272
1273 285.7068176269531 1273
1274 285.7083740234375 1274
1275 285.7099914550781 1275
1276 285.7115478515625 1276
1277 285.713134765625 1277
1278 285.7147216796875 1278
1279 285.7163391113281 1279
1280 285.7179260253906 1280
1281 285.7195129394531 1281
1282 285.7211303710938 1282
1283 285.7227783203125 1283
1284 285.7243957519531 1284
1285 285.7260131835938 1285
1286 285.7276916503906 1286
1287 285.7293090820312 1287
1288 285.73095703125 1288
1289 285.7325744628906 1289
1290 285.7342529296875 1290
1291 285.7359313964844 1291
1292 285.7375793457031 1292
1293 285.7392578125 1293
1294 285.7409057617188 1294
1295 285.7425842285156 1295
1296 285.7442321777344 1296
1297 285.7458801269531 1297
1298 285.74755859375 1298
1299 285.7492065429688 1299
1300 285.7508850097656 1300
1301 285.7525634765625 1301
1302 285.7542114257812 1302
1303 285.755859375 1303
1304 285.7575378417969 1304
1305 285.7591857910156 1305
1306 285.7608642578125 1306
1307 285.7625122070312 1307
1308 285.76416015625 1308
1309 285.7658081054688 1309
1310 285.7674560546875 1310
1311 285.7691040039062 1311
1312 285.7707214355469 1312
1313 285.7723388671875 1313
1314 285.7739562988281 1314
1315 285.7755737304688 1315
1316 285.7772216796875 1316
1317 285.7787780761719 1317
1318 285.7803955078125 1318
1319 285.781982421875 1319
1320 285.7835388183594 1320
1321 285.7851257324219 1321
1322 285.7866821289062 1322
1323 285.7882385253906 1323
1324 285.7897644042969 1324
1325 285.7913208007812 1325
1326 285.7928466796875 1326
1327 285.7943725585938 1327
1328 285.7958679199219 1328
1329 285.7973327636719 1329
1330 285.798828125 1330
1331 285.8003234863281 1331
1332 285.8017578125 1332
1333 285.80322265625 1333
1334 285.8046264648438 1334
1335 285.8060607910156 1335
1336 285.8074340820312 1336
1337 285.8088684082031 1337
1338 285.8102416992188 1338
1339 285.8116149902344 1339
1340 285.81298828125 1340
1341 285.8143005371094 1341
1342 285.8156433105469 1342
1343 285.8169250488281 1343
1344 285.8182373046875 1344
1345 285.8195495605469 1345
1346 285.8207702636719 1346
1347 285.822021484375 1347
1348 285.8232421875 1348
1349 285.824462890625 1349
1350 285.8256530761719 1350
1351 285.8268127441406 1351
1352 285.8280029296875 1352
1353 285.8291625976562 1353
1354 285.8302612304688 1354
1355 285.8313598632812 1355
1356 285.8324279785156 1356
1357 285.83349609375 1357
1358 285.8345336914062 1358
1359 285.8355712890625 1359
1360 285.8365783691406 1360
1361 285.8375854492188 1361
1362 285.8385009765625 1362
1363 285.8395080566406 1363
1364 285.8404235839844 1364
1365 285.84130859375 1365
1366 285.8422241210938 1366
1367 285.8430480957031 1367
1368 285.8439331054688 1368
1369 285.8447265625 1369
1370 285.8455200195312 1370
1371 285.8462829589844 1371
1372 285.8470458984375 1372
1373 285.8477783203125 1373
1374 285.8484802246094 1374
1375 285.8491516113281 1375
1376 285.8497924804688 1376
1377 285.8504638671875 1377
1378 285.8510437011719 1378
1379 285.8516235351562 1379
1380 285.8522033691406 1380
1381 285.8527221679688 1381
1382 285.8532409667969 1382
1383 285.8537292480469 1383
1384 285.8541870117188 1384
1385 285.8546752929688 1385
1386 285.8550415039062 1386
1387 285.8554382324219 1387
1388 285.8558044433594 1388
1389 285.8561401367188 1389
1390 285.8564453125 1390
1391 285.8567504882812 1391
1392 285.8570251464844 1392
1393 285.8572387695312 1393
1394 285.857421875 1394
1395 285.8576354980469 1395
1396 285.8577880859375 1396
1397 285.85791015625 1397
1398 285.8580322265625 1398
1399 285.8581237792969 1399
1400 285.858154296875 1400
1401 285.8582153320312 1401
1402 285.8582153320312 1402
1403 285.8581848144531 1403
1404 285.858154296875 1404
1405 285.8580932617188 1405
1406 285.8580017089844 1406
1407 285.8578796386719 1407
1408 285.8577575683594 1408
1409 285.8576049804688 1409
1410 285.8574523925781 1410
1411 285.8572387695312 1411
1412 285.8570251464844 1412
1413 285.8567810058594 1413
1414 285.8565673828125 1414
1415 285.8562622070312 1415
1416 285.85595703125 1416
1417 285.8556823730469 1417
1418 285.8553466796875 1418
1419 285.85498046875 1419
1420 285.8546142578125 1420
1421 285.8542785644531 1421
1422 285.8538818359375 1422
1423 285.8534545898438 1423
1424 285.8530578613281 1424
1425 285.8526306152344 1425
1426 285.8521728515625 1426
1427 285.8517456054688 1427
1428 285.8512878417969 1428
1429 285.850830078125 1429
1430 285.8503112792969 1430
1431 285.849853515625 1431
1432 285.849365234375 1432
1433 285.848876953125 1433
1434 285.8483581542969 1434
1435 285.8478698730469 1435
1436 285.8473815917969 1436
1437 285.8468627929688 1437
1438 285.8464050292969 1438
1439 285.8458557128906 1439
1440 285.8453674316406 1440
1441 285.8448486328125 1441
1442 285.8443603515625 1442
1443 285.8438415527344 1443
1444 285.8433837890625 1444
1445 285.8428955078125 1445
1446 285.8423767089844 1446
1447 285.8419189453125 1447
1448 285.8414611816406 1448
1449 285.8410339355469 1449
1450 285.8405456542969 1450
1451 285.840087890625 1451
1452 285.8396606445312 1452
1453 285.8392944335938 1453
1454 285.8388671875 1454
1455 285.8384704589844 1455
1456 285.8380737304688 1456
1457 285.8376770019531 1457
1458 285.8373107910156 1458
1459 285.8370056152344 1459
1460 285.836669921875 1460
1461 285.8363342285156 1461
1462 285.8360900878906 1462
1463 285.8357849121094 1463
1464 285.8355102539062 1464
1465 285.8352661132812 1465
1466 285.8350524902344 1466
1467 285.8348693847656 1467
1468 285.8346557617188 1468
1469 285.8345336914062 1469
1470 285.8343505859375 1470
1471 285.834228515625 1471
1472 285.8341064453125 1472
1473 285.8340454101562 1473
1474 285.833984375 1474
1475 285.8339233398438 1475
1476 285.8338928222656 1476
1477 285.8339233398438 1477
1478 285.8339538574219 1478
1479 285.8339538574219 1479
1480 285.8340148925781 1480
1481 285.8341369628906 1481
1482 285.834228515625 1482
1483 285.8344116210938 1483
1484 285.8345336914062 1484
1485 285.834716796875 1485
1486 285.8348999023438 1486
1487 285.8351440429688 1487
1488 285.8354187011719 1488
1489 285.835693359375 1489
1490 285.8359680175781 1490
1491 285.8362731933594 1491
1492 285.8366394042969 1492
1493 285.8370056152344 1493
1494 285.83740234375 1494
1495 285.8377990722656 1495
1496 285.8382568359375 1496
1497 285.8387145996094 1497
1498 285.8392028808594 1498
1499 285.8396911621094 1499
1500 285.8402404785156 1500
1501 285.8407897949219 1501
1502 285.8413391113281 1502
1503 285.8419494628906 1503
1504 285.8425598144531 1504
1505 285.8432006835938 1505
1506 285.8438720703125 1506
1507 285.8445434570312 1507
1508 285.8452453613281 1508
1509 285.845947265625 1509
1510 285.8467407226562 1510
1511 285.8474731445312 1511
1512 285.8482971191406 1512
1513 285.8490905761719 1513
1514 285.8499145507812 1514
1515 285.8507385253906 1515
1516 285.8516235351562 1516
1517 285.8525390625 1517
1518 285.8534240722656 1518
1519 285.8543395996094 1519
1520 285.8552856445312 1520
1521 285.8562316894531 1521
1522 285.8572082519531 1522
1523 285.8582153320312 1523
1524 285.8592529296875 1524
1525 285.8602600097656 1525
1526 285.8612976074219 1526
1527 285.8623657226562 1527
1528 285.8634338378906 1528
1529 285.8645324707031 1529
1530 285.8656005859375 1530
1531 285.8667297363281 1531
1532 285.8678588867188 1532
1533 285.8690185546875 1533
1534 285.8701782226562 1534
1535 285.871337890625 1535
1536 285.8725280761719 1536
1537 285.8737487792969 1537
1538 285.8749389648438 1538
1539 285.8761596679688 1539
1540 285.8774108886719 1540
1541 285.878662109375 1541
1542 285.8799133300781 1542
1543 285.8811645507812 1543
1544 285.8824462890625 1544
1545 285.8837280273438 1545
1546 285.885009765625 1546
1547 285.8863220214844 1547
1548 285.8876342773438 1548
1549 285.8889770507812 1549
1550 285.8902587890625 1550
1551 285.8916320800781 1551
1552 285.8929443359375 1552
1553 285.8943176269531 1553
1554 285.8956298828125 1554
1555 285.8970031738281 1555
1556 285.8983459472656 1556
1557 285.8997497558594 1557
1558 285.9010925292969 1558
1559 285.9024658203125 1559
1560 285.9038391113281 1560
1561 285.9052429199219 1561
1562 285.9066162109375 1562
1563 285.9080200195312 1563
1564 285.9093933105469 1564
1565 285.9108276367188 1565
1566 285.9121704101562 1566
1567 285.91357421875 1567
1568 285.9149780273438 1568
1569 285.9163818359375 1569
1570 285.9177551269531 1570
1571 285.9191284179688 1571
1572 285.9205322265625 1572
1573 285.9219055175781 1573
1574 285.9232788085938 1574
1575 285.9247131347656 1575
1576 285.9260559082031 1576
1577 285.9274291992188 1577
1578 285.9288330078125 1578
1579 285.9302062988281 1579
1580 285.9315490722656 1580
1581 285.9329223632812 1581
1582 285.9342956542969 1582
1583 285.9356384277344 1583
1584 285.93701171875 1584
1585 285.9383239746094 1585
1586 285.9396667480469 1586
1587 285.9410095214844 1587
1588 285.9423217773438 1588
1589 285.9436340332031 1589
1590 285.9449157714844 1590
1591 285.9462585449219 1591
1592 285.9475402832031 1592
1593 285.9488220214844 1593
1594 285.9501037597656 1594
1595 285.9513549804688 1595
1596 285.95263671875 1596
1597 285.953857421875 1597
1598 285.955078125 1598
1599 285.9563293457031 1599
1600 285.9575500488281 1600
1601 285.958740234375 1601
1602 285.9599304199219 1602
1603 285.9610900878906 1603
1604 285.9622802734375 1604
1605 285.9634094238281 1605
1606 285.9645690917969 1606
1607 285.9656982421875 1607
1608 285.966796875 1608
1609 285.9678955078125 1609
1610 285.968994140625 1610
1611 285.9700622558594 1611
1612 285.9710998535156 1612
1613 285.9721069335938 1613
1614 285.97314453125 1614
1615 285.9741821289062 1615
1616 285.9751586914062 1616
1617 285.9761352539062 1617
1618 285.9771118164062 1618
1619 285.9780578613281 1619
1620 285.97900390625 1620
1621 285.9799194335938 1621
1622 285.9808044433594 1622
1623 285.981689453125 1623
1624 285.9825134277344 1624
1625 285.9833679199219 1625
1626 285.9841613769531 1626
1627 285.9850158691406 1627
1628 285.9857482910156 1628
1629 285.9865417480469 1629
1630 285.9872741699219 1630
1631 285.9880065917969 1631
1632 285.9887084960938 1632
1633 285.9893798828125 1633
1634 285.9900207519531 1634
1635 285.9906616210938 1635
1636 285.9913024902344 1636
1637 285.9919128417969 1637
1638 285.9924926757812 1638
1639 285.9930114746094 1639
1640 285.9935607910156 1640
1641 285.9940795898438 1641
1642 285.9945678710938 1642
1643 285.9950561523438 1643
1644 285.9954833984375 1644
1645 285.9958801269531 1645
1646 285.9962768554688 1646
1647 285.9966735839844 1647
1648 285.9970092773438 1648
1649 285.997314453125 1649
1650 285.9976196289062 1650
1651 285.9978942871094 1651
1652 285.9981689453125 1652
1653 285.9983825683594 1653
1654 285.9986267089844 1654
1655 285.998779296875 1655
1656 285.9989318847656 1656
1657 285.9990844726562 1657
1658 285.9991760253906 1658
1659 285.9992065429688 1659
1660 285.9992980957031 1660
1661 285.9993286132812 1661
1662 285.9993286132812 1662
1663 285.9993286132812 1663
1664 285.999267578125 1664
1665 285.9992065429688 1665
1666 285.9991149902344 1666
1667 285.9989624023438 1667
1668 285.9988403320312 1668
1669 285.9986572265625 1669
1670 285.9984436035156 1670
1671 285.9982299804688 1671
1672 285.9980163574219 1672
1673 285.9977416992188 1673
1674 285.9974670410156 1674
1675 285.9971313476562 1675
1676 285.9967956542969 1676
1677 285.9964294433594 1677
1678 285.9960632324219 1678
1679 285.9956359863281 1679
1680 285.9952392578125 1680
1681 285.9948120117188 1681
1682 285.9943542480469 1682
1683 285.9938659667969 1683
1684 285.9933776855469 1684
1685 285.9928588867188 1685
1686 285.9923095703125 1686
1687 285.9917602539062 1687
1688 285.9911804199219 1688
1689 285.9906311035156 1689
1690 285.989990234375 1690
1691 285.9894104003906 1691
1692 285.9888000488281 1692
1693 285.9881591796875 1693
1694 285.9875183105469 1694
1695 285.9868774414062 1695
1696 285.9862060546875 1696
1697 285.9855346679688 1697
1698 285.98486328125 1698
1699 285.9841613769531 1699
1700 285.9834594726562 1700
1701 285.9827575683594 1701
1702 285.9820251464844 1702
1703 285.9813232421875 1703
1704 285.9806213378906 1704
1705 285.9799194335938 1705
1706 285.9791870117188 1706
1707 285.9784545898438 1707
1708 285.9777526855469 1708
1709 285.97705078125 1709
1710 285.976318359375 1710
1711 285.9756164550781 1711
1712 285.9749145507812 1712
1713 285.9742126464844 1713
1714 285.9735107421875 1714
1715 285.9728088378906 1715
1716 285.9721069335938 1716
1717 285.9714660644531 1717
1718 285.9707641601562 1718
1719 285.9701232910156 1719
1720 285.9694519042969 1720
1721 285.9688110351562 1721
1722 285.9682006835938 1722
1723 285.9675903320312 1723
1724 285.9669799804688 1724
1725 285.9664001464844 1725
1726 285.9658203125 1726
1727 285.9652404785156 1727
1728 285.9647216796875 1728
1729 285.9641723632812 1729
1730 285.9636535644531 1730
1731 285.9631652832031 1731
1732 285.9626770019531 1732
1733 285.9622192382812 1733
1734 285.9617919921875 1734
1735 285.9613342285156 1735
1736 285.9609375 1736
1737 285.9605712890625 1737
1738 285.960205078125 1738
1739 285.9598388671875 1739
1740 285.9595336914062 1740
1741 285.9591979980469 1741
1742 285.9589233398438 1742
1743 285.9586486816406 1743
1744 285.9584045410156 1744
1745 285.9581909179688 1745
1746 285.9579772949219 1746
1747 285.9578247070312 1747
1748 285.9576721191406 1748
1749 285.9575805664062 1749
1750 285.9574279785156 1750
1751 285.9573669433594 1751
1752 285.957275390625 1752
1753 285.957275390625 1753
1754 285.9572448730469 1754
1755 285.9572448730469 1755
1756 285.9573059082031 1756
1757 285.9573364257812 1757
1758 285.9574279785156 1758
1759 285.9575500488281 1759
1760 285.9576721191406 1760
1761 285.9578247070312 1761
1762 285.9580078125 1762
1763 285.9581909179688 1763
1764 285.9584350585938 1764
1765 285.9586486816406 1765
1766 285.9589538574219 1766
1767 285.959228515625 1767
1768 285.9595336914062 1768
1769 285.9598999023438 1769
1770 285.9602661132812 1770
1771 285.9606628417969 1771
1772 285.9610290527344 1772
1773 285.9614868164062 1773
1774 285.9619445800781 1774
1775 285.96240234375 1775
1776 285.962890625 1776
1777 285.9634399414062 1777
1778 285.9639587402344 1778
1779 285.9645385742188 1779
1780 285.9651184082031 1780
1781 285.9656982421875 1781
1782 285.9663391113281 1782
1783 285.9669799804688 1783
1784 285.9676513671875 1784
1785 285.9683227539062 1785
1786 285.9690246582031 1786
1787 285.9697570800781 1787
1788 285.9705200195312 1788
1789 285.9712524414062 1789
1790 285.9720153808594 1790
1791 285.9728088378906 1791
1792 285.9736328125 1792
1793 285.9744567871094 1793
1794 285.975341796875 1794
1795 285.9761962890625 1795
1796 285.97705078125 1796
1797 285.9779663085938 1797
1798 285.9788818359375 1798
1799 285.9797973632812 1799
1800 285.9807434082031 1800
1801 285.981689453125 1801
1802 285.982666015625 1802
1803 285.9836730957031 1803
1804 285.9846801757812 1804
1805 285.9856567382812 1805
1806 285.9866638183594 1806
1807 285.9877014160156 1807
1808 285.98876953125 1808
1809 285.9898376464844 1809
1810 285.9909057617188 1810
1811 285.9919738769531 1811
1812 285.9930725097656 1812
1813 285.9941711425781 1813
1814 285.9952697753906 1814
1815 285.9963989257812 1815
1816 285.9975891113281 1816
1817 285.9987182617188 1817
1818 285.9998474121094 1818
1819 286.0009765625 1819
1820 286.0021667480469 1820
1821 286.0033264160156 1821
1822 286.0044860839844 1822
1823 286.0056762695312 1823
1824 286.0068664550781 1824
1825 286.008056640625 1825
1826 286.00927734375 1826
1827 286.0104675292969 1827
1828 286.0116882324219 1828
1829 286.0128479003906 1829
1830 286.0140991210938 1830
1831 286.0152893066406 1831
1832 286.0165405273438 1832
1833 286.0177612304688 1833
1834 286.0189819335938 1834
1835 286.0202026367188 1835
1836 286.0214538574219 1836
1837 286.0226440429688 1837
1838 286.0238952636719 1838
1839 286.0251159667969 1839
1840 286.0263671875 1840
1841 286.0275573730469 1841
1842 286.0287780761719 1842
1843 286.030029296875 1843
1844 286.0312194824219 1844
1845 286.0324401855469 1845
1846 286.0336608886719 1846
1847 286.034912109375 1847
1848 286.0361022949219 1848
1849 286.0372924804688 1849
1850 286.0385131835938 1850
1851 286.0396728515625 1851
1852 286.0408935546875 1852
1853 286.0420837402344 1853
1854 286.0432739257812 1854
1855 286.0444641113281 1855
1856 286.0456237792969 1856
1857 286.0467834472656 1857
1858 286.0479431152344 1858
1859 286.049072265625 1859
1860 286.0502319335938 1860
1861 286.0513610839844 1861
1862 286.052490234375 1862
1863 286.0536499023438 1863
1864 286.0547485351562 1864
1865 286.0557861328125 1865
1866 286.0569152832031 1866
1867 286.0579833984375 1867
1868 286.05908203125 1868
1869 286.0600891113281 1869
1870 286.0611267089844 1870
1871 286.0621948242188 1871
1872 286.0632019042969 1872
1873 286.064208984375 1873
1874 286.0652160644531 1874
1875 286.0661926269531 1875
1876 286.0671691894531 1876
1877 286.0681457519531 1877
1878 286.069091796875 1878
1879 286.0700073242188 1879
1880 286.0709228515625 1880
1881 286.0718383789062 1881
1882 286.0727233886719 1882
1883 286.0736083984375 1883
1884 286.0744934082031 1884
1885 286.0752868652344 1885
1886 286.0761413574219 1886
1887 286.0769348144531 1887
1888 286.0777282714844 1888
1889 286.0784912109375 1889
1890 286.0792846679688 1890
1891 286.0800170898438 1891
1892 286.0807495117188 1892
1893 286.0814819335938 1893
1894 286.0821533203125 1894
1895 286.0828247070312 1895
1896 286.08349609375 1896
1897 286.0841064453125 1897
1898 286.084716796875 1898
1899 286.0853271484375 1899
1900 286.0859069824219 1900
1901 286.08642578125 1901
1902 286.0869750976562 1902
1903 286.0874938964844 1903
1904 286.0880126953125 1904
1905 286.0884704589844 1905
1906 286.0889282226562 1906
1907 286.08935546875 1907
1908 286.0897216796875 1908
1909 286.0901184082031 1909
1910 286.0905151367188 1910
1911 286.0908508300781 1911
1912 286.0911560058594 1912
1913 286.0914916992188 1913
1914 286.0917663574219 1914
1915 286.0920104980469 1915
1916 286.0921936035156 1916
1917 286.0924072265625 1917
1918 286.0925903320312 1918
1919 286.0928039550781 1919
1920 286.0928955078125 1920
1921 286.093017578125 1921
1922 286.0931396484375 1922
1923 286.0931701660156 1923
1924 286.0932006835938 1924
1925 286.0932006835938 1925
1926 286.0932006835938 1926
1927 286.0931701660156 1927
1928 286.0930786132812 1928
1929 286.093017578125 1929
1930 286.0928649902344 1930
1931 286.0927734375 1931
1932 286.0925903320312 1932
1933 286.0924072265625 1933
1934 286.0922241210938 1934
1935 286.0919799804688 1935
1936 286.0917358398438 1936
1937 286.0914306640625 1937
1938 286.0910949707031 1938
1939 286.0908203125 1939
1940 286.0904235839844 1940
1941 286.0900573730469 1941
1942 286.0896606445312 1942
1943 286.0892028808594 1943
1944 286.0887756347656 1944
1945 286.0883178710938 1945
1946 286.0878295898438 1946
1947 286.0873107910156 1947
1948 286.0867919921875 1948
1949 286.0862121582031 1949
1950 286.0856628417969 1950
1951 286.0850524902344 1951
1952 286.0844116210938 1952
1953 286.0838012695312 1953
1954 286.0831604003906 1954
1955 286.0824890136719 1955
1956 286.0818176269531 1956
1957 286.0811157226562 1957
1958 286.0803833007812 1958
1959 286.0796508789062 1959
1960 286.0788879394531 1960
1961 286.0781555175781 1961
1962 286.077392578125 1962
1963 286.0765991210938 1963
1964 286.0758361816406 1964
1965 286.0750122070312 1965
1966 286.07421875 1966
1967 286.0734252929688 1967
1968 286.0725708007812 1968
1969 286.0717468261719 1969
1970 286.0708923339844 1970
1971 286.0700988769531 1971
1972 286.0692443847656 1972
1973 286.0683898925781 1973
1974 286.0675354003906 1974
1975 286.0667114257812 1975
1976 286.0658264160156 1976
1977 286.0650024414062 1977
1978 286.0641479492188 1978
1979 286.0633239746094 1979
1980 286.0624694824219 1980
1981 286.0616149902344 1981
1982 286.060791015625 1982
1983 286.0599975585938 1983
1984 286.0591735839844 1984
1985 286.058349609375 1985
1986 286.0575256347656 1986
1987 286.0567626953125 1987
1988 286.0559692382812 1988
1989 286.05517578125 1989
1990 286.054443359375 1990
1991 286.0536804199219 1991
1992 286.0529174804688 1992
1993 286.0521850585938 1993
1994 286.051513671875 1994
1995 286.05078125 1995
1996 286.0500793457031 1996
1997 286.0494079589844 1997
1998 286.0487670898438 1998
1999 286.0481567382812 1999
2000 286.0474853515625 2000
2001 286.046875 2001
2002 286.0462951660156 2002
2003 286.0457458496094 2003
2004 286.045166015625 2004
2005 286.044677734375 2005
2006 286.0441589355469 2006
2007 286.043701171875 2007
2008 286.043212890625 2008
2009 286.0427551269531 2009
2010 286.0422973632812 2010
2011 286.0419311523438 2011
2012 286.04150390625 2012
2013 286.0411682128906 2013
2014 286.0408630371094 2014
2015 286.0404968261719 2015
2016 286.0402221679688 2016
2017 286.0399475097656 2017
2018 286.0396728515625 2018
2019 286.0394592285156 2019
2020 286.0392761230469 2020
2021 286.0390930175781 2021
2022 286.0389099121094 2022
2023 286.038818359375 2023
2024 286.0386962890625 2024
2025 286.0386047363281 2025
2026 286.03857421875 2026
2027 286.0385131835938 2027
2028 286.0385131835938 2028
2029 286.0385131835938 2029
2030 286.0385437011719 2030
2031 286.0386047363281 2031
2032 286.0386962890625 2032
2033 286.038818359375 2033
2034 286.0389404296875 2034
2035 286.0390930175781 2035
2036 286.0392761230469 2036
2037 286.0394592285156 2037
2038 286.0396728515625 2038
2039 286.0399169921875 2039
2040 286.0401611328125 2040
2041 286.0404968261719 2041
2042 286.0408020019531 2042
2043 286.0411682128906 2043
2044 286.04150390625 2044
2045 286.0418701171875 2045
2046 286.0422973632812 2046
2047 286.042724609375 2047
2048 286.0431823730469 2048
2049 286.0436401367188 2049
2050 286.0441284179688 2050
2051 286.0446472167969 2051
2052 286.045166015625 2052
2053 286.0457153320312 2053
2054 286.0462951660156 2054
2055 286.046875 2055
2056 286.0475158691406 2056
2057 286.0481262207031 2057
2058 286.0487670898438 2058
2059 286.0494689941406 2059
2060 286.0501403808594 2060
2061 286.0508422851562 2061
2062 286.0515747070312 2062
2063 286.0523071289062 2063
2064 286.0530700683594 2064
2065 286.0538635253906 2065
2066 286.0545959472656 2066
2067 286.055419921875 2067
2068 286.0562438964844 2068
2069 286.0570678710938 2069
2070 286.0579223632812 2070
2071 286.0587768554688 2071
2072 286.0596618652344 2072
2073 286.060546875 2073
2074 286.0614624023438 2074
2075 286.0623474121094 2075
2076 286.0632934570312 2076
2077 286.0642395019531 2077
2078 286.0651550292969 2078
2079 286.066162109375 2079
2080 286.067138671875 2080
2081 286.068115234375 2081
2082 286.0691223144531 2082
2083 286.0700988769531 2083
2084 286.0711364746094 2084
2085 286.0721435546875 2085
2086 286.0731811523438 2086
2087 286.0742492675781 2087
2088 286.0752868652344 2088
2089 286.0763549804688 2089
2090 286.077392578125 2090
2091 286.0784606933594 2091
2092 286.0795288085938 2092
2093 286.0806274414062 2093
2094 286.0817260742188 2094
2095 286.0828247070312 2095
2096 286.0839233398438 2096
2097 286.0850219726562 2097
2098 286.0861206054688 2098
2099 286.0872192382812 2099
2100 286.0883483886719 2100
2101 286.0894775390625 2101
2102 286.090576171875 2102
2103 286.0917053222656 2103
2104 286.0928344726562 2104
2105 286.0939636230469 2105
2106 286.0950927734375 2106
2107 286.09619140625 2107
2108 286.0973205566406 2108
2109 286.0984802246094 2109
2110 286.0995788574219 2110
2111 286.1007080078125 2111
2112 286.1018371582031 2112
2113 286.1029357910156 2113
2114 286.1040649414062 2114
2115 286.1051940917969 2115
2116 286.1063232421875 2116
2117 286.107421875 2117
2118 286.1085510253906 2118
2119 286.1095886230469 2119
2120 286.1107177734375 2120
2121 286.11181640625 2121
2122 286.1129150390625 2122
2123 286.114013671875 2123
2124 286.1150512695312 2124
2125 286.1161499023438 2125
2126 286.1171875 2126
2127 286.1182556152344 2127
2128 286.1192932128906 2128
2129 286.120361328125 2129
2130 286.1213989257812 2130
2131 286.1224060058594 2131
2132 286.1234130859375 2132
2133 286.1244506835938 2133
2134 286.1254577636719 2134
2135 286.1264343261719 2135
2136 286.1274108886719 2136
2137 286.1283874511719 2137
2138 286.1293334960938 2138
2139 286.1302795410156 2139
2140 286.1312255859375 2140
2141 286.1321716308594 2141
2142 286.133056640625 2142
2143 286.1339721679688 2143
2144 286.1348876953125 2144
2145 286.1357421875 2145
2146 286.1366271972656 2146
2147 286.137451171875 2147
2148 286.1383056640625 2148
2149 286.1391296386719 2149
2150 286.1399230957031 2150
2151 286.1407470703125 2151
2152 286.1414794921875 2152
2153 286.1422729492188 2153
2154 286.1430053710938 2154
2155 286.1437683105469 2155
2156 286.1444702148438 2156
2157 286.1451721191406 2157
2158 286.1458740234375 2158
2159 286.1465454101562 2159
2160 286.1471862792969 2160
2161 286.1477966308594 2161
2162 286.1484069824219 2162
2163 286.1490173339844 2163
2164 286.1495971679688 2164
2165 286.150146484375 2165
2166 286.1506958007812 2166
2167 286.1511840820312 2167
2168 286.1517333984375 2168
2169 286.1522216796875 2169
2170 286.1526794433594 2170
2171 286.1531066894531 2171
2172 286.1535339355469 2172
2173 286.1539611816406 2173
2174 286.1543273925781 2174
2175 286.1546936035156 2175
2176 286.155029296875 2176
2177 286.1553649902344 2177
2178 286.1556701660156 2178
2179 286.1559448242188 2179
2180 286.1561584472656 2180
2181 286.1564025878906 2181
2182 286.1566162109375 2182
2183 286.1567993164062 2183
2184 286.1569519042969 2184
2185 286.1571044921875 2185
2186 286.1572265625 2186
2187 286.1572875976562 2187
2188 286.1573791503906 2188
2189 286.1574096679688 2189
2190 286.1574401855469 2190
2191 286.1574401855469 2191
2192 286.1574096679688 2192
2193 286.1573486328125 2193
2194 286.1572570800781 2194
2195 286.1571960449219 2195
2196 286.1570739746094 2196
2197 286.1569213867188 2197
2198 286.15673828125 2198
2199 286.1565246582031 2199
2200 286.1563110351562 2200
2201 286.1560668945312 2201
2202 286.15576171875 2202
2203 286.1554870605469 2203
2204 286.1551513671875 2204
2205 286.1548156738281 2205
2206 286.1544494628906 2206
2207 286.1540832519531 2207
2208 286.1536254882812 2208
2209 286.1531982421875 2209
2210 286.1527404785156 2210
2211 286.1522216796875 2211
2212 286.1517028808594 2212
2213 286.1511535644531 2213
2214 286.1506042480469 2214
2215 286.1500549316406 2215
2216 286.1494445800781 2216
2217 286.1488647460938 2217
2218 286.148193359375 2218
2219 286.1475219726562 2219
2220 286.1468505859375 2220
2221 286.1461486816406 2221
2222 286.1454467773438 2222
2223 286.1447143554688 2223
2224 286.1439514160156 2224
2225 286.1431884765625 2225
2226 286.1423950195312 2226
2227 286.1416015625 2227
2228 286.1408081054688 2228
2229 286.1399536132812 2229
2230 286.1391296386719 2230
2231 286.1382751464844 2231
2232 286.1374206542969 2232
2233 286.1365356445312 2233
2234 286.1356506347656 2234
2235 286.1347961425781 2235
2236 286.1338806152344 2236
2237 286.1329956054688 2237
2238 286.1320495605469 2238
2239 286.1311645507812 2239
2240 286.1302490234375 2240
2241 286.1293029785156 2241
2242 286.1283874511719 2242
2243 286.12744140625 2243
2244 286.1265258789062 2244
2245 286.1255798339844 2245
2246 286.1246643066406 2246
2247 286.1237182617188 2247
2248 286.122802734375 2248
2249 286.1218872070312 2249
2250 286.1209716796875 2250
2251 286.1200561523438 2251
2252 286.1191711425781 2252
2253 286.1182250976562 2253
2254 286.1173400878906 2254
2255 286.116455078125 2255
2256 286.1156005859375 2256
2257 286.1147155761719 2257
2258 286.1138916015625 2258
2259 286.113037109375 2259
2260 286.1121826171875 2260
2261 286.1113586425781 2261
2262 286.1105651855469 2262
2263 286.1097717285156 2263
2264 286.1090087890625 2264
2265 286.1082153320312 2265
2266 286.1074829101562 2266
2267 286.1067504882812 2267
2268 286.1060485839844 2268
2269 286.1053161621094 2269
2270 286.1046752929688 2270
2271 286.1039428710938 2271
2272 286.1033325195312 2272
2273 286.1026916503906 2273
2274 286.1021118164062 2274
2275 286.1015014648438 2275
2276 286.1009216308594 2276
2277 286.1004028320312 2277
2278 286.0998840332031 2278
2279 286.0993347167969 2279
2280 286.098876953125 2280
2281 286.0984191894531 2281
2282 286.0979614257812 2282
2283 286.0975646972656 2283
2284 286.09716796875 2284
2285 286.0968017578125 2285
2286 286.0964660644531 2286
2287 286.0961303710938 2287
2288 286.0957946777344 2288
2289 286.0955200195312 2289
2290 286.0952758789062 2290
2291 286.0950622558594 2291
2292 286.0948486328125 2292
2293 286.0946655273438 2293
2294 286.0945129394531 2294
2295 286.0943908691406 2295
2296 286.0942687988281 2296
2297 286.0941772460938 2297
2298 286.0941162109375 2298
2299 286.0940856933594 2299
2300 286.0940551757812 2300
2301 286.0940856933594 2301
2302 286.0941162109375 2302
2303 286.0941467285156 2303
2304 286.09423828125 2304
2305 286.0943298339844 2305
2306 286.0944519042969 2306
2307 286.0946044921875 2307
2308 286.0947875976562 2308
2309 286.0950012207031 2309
2310 286.09521484375 2310
2311 286.095458984375 2311
2312 286.095703125 2312
2313 286.0960083007812 2313
2314 286.0963134765625 2314
2315 286.0966491699219 2315
2316 286.0970153808594 2316
2317 286.0973815917969 2317
2318 286.0977783203125 2318
2319 286.0982055664062 2319
2320 286.0986328125 2320
2321 286.0990905761719 2321
2322 286.0995788574219 2322
2323 286.10009765625 2323
2324 286.1005859375 2324
2325 286.1011352539062 2325
2326 286.1016845703125 2326
2327 286.1022338867188 2327
2328 286.1028747558594 2328
2329 286.1034545898438 2329
2330 286.1041564941406 2330
2331 286.1047668457031 2331
2332 286.1054382324219 2332
2333 286.1061096191406 2333
2334 286.1067810058594 2334
2335 286.1075439453125 2335
2336 286.1082763671875 2336
2337 286.1090087890625 2337
2338 286.1097717285156 2338
2339 286.1105651855469 2339
2340 286.1113586425781 2340
2341 286.1121520996094 2341
2342 286.1129455566406 2342
2343 286.1138000488281 2343
2344 286.1146545410156 2344
2345 286.1155090332031 2345
2346 286.1163940429688 2346
2347 286.1172790527344 2347
2348 286.1181640625 2348
2349 286.1190795898438 2349
2350 286.1199951171875 2350
2351 286.1209411621094 2351
2352 286.1218566894531 2352
2353 286.122802734375 2353
2354 286.123779296875 2354
2355 286.1247253417969 2355
2356 286.1257019042969 2356
2357 286.1266784667969 2357
2358 286.127685546875 2358
2359 286.128662109375 2359
2360 286.1296691894531 2360
2361 286.1306762695312 2361
2362 286.1317138671875 2362
2363 286.1326904296875 2363
2364 286.1337585449219 2364
2365 286.1347961425781 2365
2366 286.1358032226562 2366
2367 286.1368408203125 2367
2368 286.1378784179688 2368
2369 286.1389465332031 2369
2370 286.1400146484375 2370
2371 286.1410522460938 2371
2372 286.1421203613281 2372
2373 286.1431579589844 2373
2374 286.1442260742188 2374
2375 286.1452941894531 2375
2376 286.1463623046875 2376
2377 286.1473999023438 2377
2378 286.1484680175781 2378
2379 286.1495666503906 2379
2380 286.1505737304688 2380
2381 286.1516418457031 2381
2382 286.1527099609375 2382
2383 286.1537475585938 2383
2384 286.1548156738281 2384
2385 286.1558227539062 2385
2386 286.1569213867188 2386
2387 286.1579284667969 2387
2388 286.1589965820312 2388
2389 286.1600036621094 2389
2390 286.1610717773438 2390
2391 286.1620788574219 2391
2392 286.1631164550781 2392
2393 286.1640930175781 2393
2394 286.1651000976562 2394
2395 286.1661376953125 2395
2396 286.1671142578125 2396
2397 286.1680908203125 2397
2398 286.1690673828125 2398
2399 286.1700439453125 2399
2400 286.1710205078125 2400
2401 286.1719665527344 2401
2402 286.1729125976562 2402
2403 286.173828125 2403
2404 286.1747741699219 2404
2405 286.1757202148438 2405
2406 286.1766052246094 2406
2407 286.177490234375 2407
2408 286.1784057617188 2408
2409 286.1792907714844 2409
2410 286.1801452636719 2410
2411 286.1809997558594 2411
2412 286.1818237304688 2412
2413 286.1826477050781 2413
2414 286.1834716796875 2414
2415 286.1842651367188 2415
2416 286.18505859375 2416
2417 286.1858825683594 2417
2418 286.1865844726562 2418
2419 286.1873779296875 2419
2420 286.1880798339844 2420
2421 286.1888122558594 2421
2422 286.1895141601562 2422
2423 286.190185546875 2423
2424 286.1908569335938 2424
2425 286.1914978027344 2425
2426 286.192138671875 2426
2427 286.1927795410156 2427
2428 286.1934204101562 2428
2429 286.1940002441406 2429
2430 286.194580078125 2430
2431 286.1950988769531 2431
2432 286.1956481933594 2432
2433 286.1961669921875 2433
2434 286.1966552734375 2434
2435 286.1971130371094 2435
2436 286.1976013183594 2436
2437 286.1980590820312 2437
2438 286.198486328125 2438
2439 286.1988830566406 2439
2440 286.1992492675781 2440
2441 286.1996154785156 2441
2442 286.2000122070312 2442
2443 286.2003173828125 2443
2444 286.2005920410156 2444
2445 286.2008666992188 2445
2446 286.2011108398438 2446
2447 286.2013549804688 2447
2448 286.2015991210938 2448
2449 286.2017822265625 2449
2450 286.2019653320312 2450
2451 286.2021179199219 2451
2452 286.2022399902344 2452
2453 286.2023620605469 2453
2454 286.2024230957031 2454
2455 286.2024841308594 2455
2456 286.2025146484375 2456
2457 286.2025451660156 2457
2458 286.2024841308594 2458
2459 286.2024536132812 2459
2460 286.2024230957031 2460
2461 286.2023315429688 2461
2462 286.2022399902344 2462
2463 286.2020874023438 2463
2464 286.2019348144531 2464
2465 286.2017211914062 2465
2466 286.2015380859375 2466
2467 286.2012939453125 2467
2468 286.2010498046875 2468
2469 286.2007446289062 2469
2470 286.200439453125 2470
2471 286.2001342773438 2471
2472 286.1997680664062 2472
2473 286.1994018554688 2473
2474 286.1990051269531 2474
2475 286.1985778808594 2475
2476 286.1981201171875 2476
2477 286.1976623535156 2477
2478 286.1971435546875 2478
2479 286.1966247558594 2479
2480 286.1960754394531 2480
2481 286.1954956054688 2481
2482 286.1949157714844 2482
2483 286.1943054199219 2483
2484 286.1936645507812 2484
2485 286.1930236816406 2485
2486 286.1923522949219 2486
2487 286.191650390625 2487
2488 286.1909484863281 2488
2489 286.1902160644531 2489
2490 286.189453125 2490
2491 286.1886596679688 2491
2492 286.1878662109375 2492
2493 286.1870422363281 2493
2494 286.186279296875 2494
2495 286.1854248046875 2495
2496 286.1845397949219 2496
2497 286.1837158203125 2497
2498 286.1828002929688 2498
2499 286.1819152832031 2499
2500 286.1810302734375 2500
