"point-f-rfile"
"Time Step" "point-f etc.."
("Time Step" "point-f" "flow-time")
0 283 0
1 283 1
2 283 2
3 283 3
4 283 4
5 283 5
6 283 6
7 283 7
8 283 8
9 283 9
10 283 10
11 283 11
12 283 12
13 283 13
14 283 14
15 283 15
16 283 16
17 283 17
18 283 18
19 283 19
20 283 20
21 283 21
22 283 22
23 283 23
24 283 24
25 283 25
26 283 26
27 283 27
28 283 28
29 283 29
30 283 30
31 283 31
32 283 32
33 283 33
34 283 34
35 283 35
36 283 36
37 283 37
38 283 38
39 283 39
40 283 40
41 283.0000305175781 41
42 283.0000305175781 42
43 283.0000610351562 43
44 283.0000610351562 44
45 283.0000610351562 45
46 283.0000915527344 46
47 283.0000915527344 47
48 283.0000915527344 48
49 283.0001220703125 49
50 283.0001525878906 50
51 283.0002136230469 51
52 283.000244140625 52
53 283.0003051757812 53
54 283.0003356933594 54
55 283.0003967285156 55
56 283.0004577636719 56
57 283.0005187988281 57
58 283.0006103515625 58
59 283.000732421875 59
60 283.0008239746094 60
61 283.0009460449219 61
62 283.0010681152344 62
63 283.001220703125 63
64 283.0014038085938 64
65 283.0015869140625 65
66 283.0018005371094 66
67 283.0020141601562 67
68 283.0022583007812 68
69 283.0025329589844 69
70 283.0028381347656 70
71 283.003173828125 71
72 283.0035095214844 72
73 283.00390625 73
74 283.0043334960938 74
75 283.0047607421875 75
76 283.0052490234375 76
77 283.0057983398438 77
78 283.00634765625 78
79 283.0069580078125 79
80 283.0075988769531 80
81 283.00830078125 81
82 283.0090637207031 82
83 283.0098876953125 83
84 283.0107421875 84
85 283.0116577148438 85
86 283.0126037597656 86
87 283.0136413574219 87
88 283.0147399902344 88
89 283.0158996582031 89
90 283.0171203613281 90
91 283.0184020996094 91
92 283.019775390625 92
93 283.0212097167969 93
94 283.022705078125 94
95 283.0242919921875 95
96 283.0259704589844 96
97 283.0277404785156 97
98 283.0295715332031 98
99 283.031494140625 99
100 283.0334777832031 100
101 283.0355834960938 101
102 283.0378112792969 102
103 283.0400695800781 103
104 283.0424499511719 104
105 283.0449523925781 105
106 283.0474853515625 106
107 283.0501708984375 107
108 283.0529479980469 108
109 283.0558471679688 109
110 283.0588073730469 110
111 283.0618896484375 111
112 283.0650939941406 112
113 283.0684204101562 113
114 283.0718688964844 114
115 283.0754089355469 115
116 283.0790405273438 116
117 283.0828247070312 117
118 283.0867004394531 118
119 283.0906677246094 119
120 283.0947875976562 120
121 283.0990295410156 121
122 283.1033630371094 122
123 283.1078491210938 123
124 283.1124572753906 124
125 283.1171569824219 125
126 283.1220092773438 126
127 283.126953125 127
128 283.1320190429688 128
129 283.1372375488281 129
130 283.142578125 130
131 283.1480102539062 131
132 283.1535949707031 132
133 283.1593017578125 133
134 283.1651306152344 134
135 283.1710815429688 135
136 283.1771850585938 136
137 283.1833801269531 137
138 283.1897277832031 138
139 283.1961975097656 139
140 283.2027282714844 140
141 283.20947265625 141
142 283.2162780761719 142
143 283.2232666015625 143
144 283.2303161621094 144
145 283.237548828125 145
146 283.244873046875 146
147 283.2522888183594 147
148 283.2598571777344 148
149 283.267578125 149
150 283.275390625 150
151 283.2833251953125 151
152 283.2913818359375 152
153 283.299560546875 153
154 283.307861328125 154
155 283.3162841796875 155
156 283.3247985839844 156
157 283.3334350585938 157
158 283.3421936035156 158
159 283.35107421875 159
160 283.3600769042969 160
161 283.3691711425781 161
162 283.37841796875 162
163 283.3877563476562 163
164 283.3971557617188 164
165 283.4067077636719 165
166 283.4163818359375 166
167 283.4261474609375 167
168 283.4360046386719 168
169 283.4459838867188 169
170 283.4560546875 170
171 283.4662475585938 171
172 283.4765014648438 172
173 283.4869079589844 173
174 283.4973754882812 174
175 283.5079345703125 175
176 283.5186462402344 176
177 283.5294189453125 177
178 283.540283203125 178
179 283.5512390136719 179
180 283.5622863769531 180
181 283.5733947753906 181
182 283.5846252441406 182
183 283.595947265625 183
184 283.6073608398438 184
185 283.6188659667969 185
186 283.6304321289062 186
187 283.64208984375 187
188 283.6538391113281 188
189 283.6656494140625 189
190 283.6775512695312 190
191 283.689453125 191
192 283.7015380859375 192
193 283.7136535644531 193
194 283.7258605957031 194
195 283.7381286621094 195
196 283.7504577636719 196
197 283.7628784179688 197
198 283.7753295898438 198
199 283.787841796875 199
200 283.8004455566406 200
201 283.8131103515625 201
202 283.8258666992188 202
203 283.838623046875 203
204 283.8515014648438 204
205 283.8644104003906 205
206 283.8773498535156 206
207 283.8903503417969 207
208 283.9034423828125 208
209 283.9165344238281 209
210 283.9297180175781 210
211 283.9429321289062 211
212 283.9562072753906 212
213 283.9695129394531 213
214 283.9828491210938 214
215 283.9962463378906 215
216 284.0097045898438 216
217 284.023193359375 217
218 284.0367431640625 218
219 284.05029296875 219
220 284.0638732910156 220
221 284.0775146484375 221
222 284.0911865234375 222
223 284.1049194335938 223
224 284.1186218261719 224
225 284.1323852539062 225
226 284.1461791992188 226
227 284.1600036621094 227
228 284.1738586425781 228
229 284.1877136230469 229
230 284.2016296386719 230
231 284.215576171875 231
232 284.2294921875 232
233 284.2434692382812 233
234 284.2574462890625 234
235 284.2714233398438 235
236 284.2854614257812 236
237 284.2994995117188 237
238 284.3135375976562 238
239 284.3275756835938 239
240 284.3416748046875 240
241 284.3557434082031 241
242 284.3698120117188 242
243 284.3839111328125 243
244 284.3980102539062 244
245 284.4121398925781 245
246 284.4262084960938 246
247 284.4403686523438 247
248 284.4544677734375 248
249 284.4685974121094 249
250 284.4826965332031 250
251 284.496826171875 251
252 284.5109252929688 252
253 284.5250549316406 253
254 284.5391540527344 254
255 284.5532531738281 255
256 284.5673217773438 256
257 284.5814208984375 257
258 284.5954895019531 258
259 284.6095581054688 259
260 284.6235961914062 260
261 284.6376647949219 261
262 284.6516723632812 262
263 284.6657104492188 263
264 284.6796875 264
265 284.6936645507812 265
266 284.7076416015625 266
267 284.7215576171875 267
268 284.7355346679688 268
269 284.7494506835938 269
270 284.7633056640625 270
271 284.7771606445312 271
272 284.791015625 272
273 284.8048095703125 273
274 284.8186340332031 274
275 284.8323974609375 275
276 284.8461303710938 276
277 284.8598327636719 277
278 284.8735046386719 278
279 284.88720703125 279
280 284.9007873535156 280
281 284.9143676757812 281
282 284.9279479980469 282
283 284.9414672851562 283
284 284.9549865722656 284
285 284.9684143066406 285
286 284.9818420410156 286
287 284.9952087402344 287
288 285.0085754394531 288
289 285.0219116210938 289
290 285.03515625 290
291 285.0484008789062 291
292 285.0615844726562 292
293 285.0747375488281 293
294 285.0878295898438 294
295 285.1008911132812 295
296 285.1139221191406 296
297 285.1268920898438 297
298 285.1398315429688 298
299 285.1527099609375 299
300 285.16552734375 300
301 285.1783447265625 301
302 285.1910705566406 302
303 285.2037658691406 303
304 285.2164306640625 304
305 285.22900390625 305
306 285.2415466308594 306
307 285.2540588378906 307
308 285.2664794921875 308
309 285.2788696289062 309
310 285.2911987304688 310
311 285.3034973144531 311
312 285.3157348632812 312
313 285.3279113769531 313
314 285.3400268554688 314
315 285.3520812988281 315
316 285.3641357421875 316
317 285.3760681152344 317
318 285.3879699707031 318
319 285.3998413085938 319
320 285.4115905761719 320
321 285.42333984375 321
322 285.4349975585938 322
323 285.4466552734375 323
324 285.4582214355469 324
325 285.4697265625 325
326 285.481201171875 326
327 285.4926147460938 327
328 285.5039672851562 328
329 285.5152282714844 329
330 285.5264892578125 330
331 285.5376892089844 331
332 285.5488586425781 332
333 285.5599365234375 333
334 285.5710144042969 334
335 285.58203125 335
336 285.5929565429688 336
337 285.6038513183594 337
338 285.6147155761719 338
339 285.6255187988281 339
340 285.6363220214844 340
341 285.6470336914062 341
342 285.6577453613281 342
343 285.6683654785156 343
344 285.6790161132812 344
345 285.6896057128906 345
346 285.7001342773438 346
347 285.710693359375 347
348 285.7211608886719 348
349 285.7316284179688 349
350 285.7420654296875 350
351 285.7525024414062 351
352 285.7628784179688 352
353 285.7732849121094 353
354 285.7836303710938 354
355 285.7939758300781 355
356 285.8042907714844 356
357 285.8146057128906 357
358 285.8249206542969 358
359 285.835205078125 359
360 285.8455200195312 360
361 285.8557739257812 361
362 285.8660888671875 362
363 285.8763427734375 363
364 285.8866577148438 364
365 285.89697265625 365
366 285.9072570800781 366
367 285.9175720214844 367
368 285.9278869628906 368
369 285.938232421875 369
370 285.9485778808594 370
371 285.9589538574219 371
372 285.9693298339844 372
373 285.979736328125 373
374 285.9901733398438 374
375 286.0006408691406 375
376 286.0111083984375 376
377 286.0216369628906 377
378 286.0321350097656 378
379 286.042724609375 379
380 286.0533142089844 380
381 286.06396484375 381
382 286.0746459960938 382
383 286.0853576660156 383
384 286.0960998535156 384
385 286.1069030761719 385
386 286.1177062988281 386
387 286.1286010742188 387
388 286.1395263671875 388
389 286.1505126953125 389
390 286.1615295410156 390
391 286.1725769042969 391
392 286.1836853027344 392
393 286.1948547363281 393
394 286.2060546875 394
395 286.2173156738281 395
396 286.2286376953125 396
397 286.2400207519531 397
398 286.2514343261719 398
399 286.2629089355469 399
400 286.2744445800781 400
401 286.2860412597656 401
402 286.2976989746094 402
403 286.3094177246094 403
404 286.3211669921875 404
405 286.3329772949219 405
406 286.3448791503906 406
407 286.3568115234375 407
408 286.3688354492188 408
409 286.3808898925781 409
410 286.3929748535156 410
411 286.4051818847656 411
412 286.4174194335938 412
413 286.4297180175781 413
414 286.4420776367188 414
415 286.4545288085938 415
416 286.4669799804688 416
417 286.4795227050781 417
418 286.4921264648438 418
419 286.5047912597656 419
420 286.5175170898438 420
421 286.5303039550781 421
422 286.5431213378906 422
423 286.5560302734375 423
424 286.5689697265625 424
425 286.58203125 425
426 286.5950622558594 426
427 286.6082153320312 427
428 286.6213989257812 428
429 286.6346435546875 429
430 286.64794921875 430
431 286.6613159179688 431
432 286.6747131347656 432
433 286.6882019042969 433
434 286.7017517089844 434
435 286.7153015136719 435
436 286.7289123535156 436
437 286.7426147460938 437
438 286.75634765625 438
439 286.7701110839844 439
440 286.7839660644531 440
441 286.7978515625 441
442 286.811767578125 442
443 286.8257751464844 443
444 286.8397827148438 444
445 286.8538513183594 445
446 286.8679809570312 446
447 286.8821411132812 447
448 286.8963623046875 448
449 286.9106140136719 449
450 286.9248962402344 450
451 286.9392395019531 451
452 286.95361328125 452
453 286.968017578125 453
454 286.9824829101562 454
455 286.9969787597656 455
456 287.0115051269531 456
457 287.0260620117188 457
458 287.0406799316406 458
459 287.0553283691406 459
460 287.0699768066406 460
461 287.0846862792969 461
462 287.0994567871094 462
463 287.1141662597656 463
464 287.1289672851562 464
465 287.143798828125 465
466 287.1586303710938 466
467 287.1735229492188 467
468 287.1884155273438 468
469 287.2033386230469 469
470 287.2182922363281 470
471 287.2332458496094 471
472 287.2482299804688 472
473 287.2632446289062 473
474 287.2782897949219 474
475 287.2933349609375 475
476 287.3084106445312 476
477 287.323486328125 477
478 287.3385925292969 478
479 287.3536987304688 479
480 287.3688354492188 480
481 287.3839721679688 481
482 287.3991088867188 482
483 287.4142456054688 483
484 287.429443359375 484
485 287.4446105957031 485
486 287.4597778320312 486
487 287.4750061035156 487
488 287.4901733398438 488
489 287.50537109375 489
490 287.5205688476562 490
491 287.5357666015625 491
492 287.5509948730469 492
493 287.5661926269531 493
494 287.5813903808594 494
495 287.5966186523438 495
496 287.6117858886719 496
497 287.6270141601562 497
498 287.6422119140625 498
499 287.6573791503906 499
500 287.6725463867188 500
501 287.687744140625 501
502 287.7029113769531 502
503 287.7180480957031 503
504 287.7331848144531 504
505 287.7483215332031 505
506 287.763427734375 506
507 287.7785339355469 507
508 287.7936401367188 508
509 287.8087158203125 509
510 287.8237915039062 510
511 287.8388366699219 511
512 287.8538513183594 512
513 287.8688659667969 513
514 287.8838500976562 514
515 287.8988037109375 515
516 287.9137878417969 516
517 287.9286804199219 517
518 287.9435729980469 518
519 287.9584350585938 519
520 287.9732971191406 520
521 287.9881286621094 521
522 288.0029296875 522
523 288.0177001953125 523
524 288.0324401855469 524
525 288.0471496582031 525
526 288.0618286132812 526
527 288.0764770507812 527
528 288.0910949707031 528
529 288.1056518554688 529
530 288.1202392578125 530
531 288.134765625 531
532 288.1492309570312 532
533 288.1636657714844 533
534 288.1781005859375 534
535 288.1924743652344 535
536 288.2068481445312 536
537 288.2210998535156 537
538 288.2353515625 538
539 288.2495727539062 539
540 288.2637634277344 540
541 288.2778930664062 541
542 288.2919921875 542
543 288.3060302734375 543
544 288.3200378417969 544
545 288.333984375 545
546 288.347900390625 546
547 288.3617553710938 547
548 288.3756103515625 548
549 288.3893737792969 549
550 288.403076171875 550
551 288.416748046875 551
552 288.4303894042969 552
553 288.4439697265625 553
554 288.4574584960938 554
555 288.470947265625 555
556 288.484375 556
557 288.4977416992188 557
558 288.5110473632812 558
559 288.5243225097656 559
560 288.5375061035156 560
561 288.5506591796875 561
562 288.5637512207031 562
563 288.5767822265625 563
564 288.5897827148438 564
565 288.6026916503906 565
566 288.6155090332031 566
567 288.6283264160156 567
568 288.6410522460938 568
569 288.6537475585938 569
570 288.6663818359375 570
571 288.6789245605469 571
572 288.69140625 572
573 288.703857421875 573
574 288.7162475585938 574
575 288.728515625 575
576 288.7407836914062 576
577 288.7529296875 577
578 288.7650451660156 578
579 288.777099609375 579
580 288.7890930175781 580
581 288.8009948730469 581
582 288.8128356933594 582
583 288.8246459960938 583
584 288.8363342285156 584
585 288.8479919433594 585
586 288.8595886230469 586
587 288.87109375 587
588 288.882568359375 588
589 288.8939208984375 589
590 288.9052429199219 590
591 288.91650390625 591
592 288.9277038574219 592
593 288.9387817382812 593
594 288.9498596191406 594
595 288.9608459472656 595
596 288.9717712402344 596
597 288.9826354980469 597
598 288.993408203125 598
599 289.004150390625 599
600 289.0148315429688 600
601 289.0254516601562 601
602 289.0359802246094 602
603 289.0464782714844 603
604 289.0569152832031 604
605 289.0672607421875 605
606 289.0775756835938 606
607 289.0878601074219 607
608 289.0980529785156 608
609 289.1082153320312 609
610 289.1183471679688 610
611 289.12841796875 611
612 289.1383972167969 612
613 289.1483764648438 613
614 289.1582946777344 614
615 289.1681518554688 615
616 289.177978515625 616
617 289.1877746582031 617
618 289.1975402832031 618
619 289.207275390625 619
620 289.2169494628906 620
621 289.2265930175781 621
622 289.2362365722656 622
623 289.245849609375 623
624 289.2554016113281 624
625 289.2649536132812 625
626 289.2744750976562 626
627 289.2839965820312 627
628 289.2934875488281 628
629 289.302978515625 629
630 289.3124389648438 630
631 289.3218688964844 631
632 289.331298828125 632
633 289.3407592773438 633
634 289.3501892089844 634
635 289.359619140625 635
636 289.3690490722656 636
637 289.3784790039062 637
638 289.3878784179688 638
639 289.3973388671875 639
640 289.4067687988281 640
641 289.4162292480469 641
642 289.4257202148438 642
643 289.4351806640625 643
644 289.4446716308594 644
645 289.4541931152344 645
646 289.4636840820312 646
647 289.4732666015625 647
648 289.4828186035156 648
649 289.4924011230469 649
650 289.5020446777344 650
651 289.5116577148438 651
652 289.5213317871094 652
653 289.5310363769531 653
654 289.540771484375 654
655 289.550537109375 655
656 289.560302734375 656
657 289.5701293945312 657
658 289.5800170898438 658
659 289.5899047851562 659
660 289.599853515625 660
661 289.60986328125 661
662 289.619873046875 662
663 289.6299133300781 663
664 289.6400451660156 664
665 289.6502075195312 665
666 289.660400390625 666
667 289.670654296875 667
668 289.680908203125 668
669 289.6912536621094 669
670 289.7016296386719 670
671 289.7120666503906 671
672 289.7225341796875 672
673 289.7330627441406 673
674 289.7436218261719 674
675 289.7542419433594 675
676 289.7649536132812 676
677 289.7756652832031 677
678 289.7864379882812 678
679 289.7972412109375 679
680 289.8081359863281 680
681 289.8190307617188 681
682 289.8300476074219 682
683 289.841064453125 683
684 289.8521728515625 684
685 289.86328125 685
686 289.87451171875 686
687 289.8857116699219 687
688 289.8970031738281 688
689 289.9083557128906 689
690 289.9197692871094 690
691 289.9312133789062 691
692 289.9426879882812 692
693 289.9542541503906 693
694 289.9658203125 694
695 289.9775085449219 695
696 289.9891967773438 696
697 290.0009155273438 697
698 290.0127563476562 698
699 290.0245971679688 699
700 290.0364990234375 700
701 290.0484313964844 701
702 290.0604248046875 702
703 290.0724487304688 703
704 290.0845642089844 704
705 290.0966796875 705
706 290.1088562011719 706
707 290.12109375 707
708 290.13330078125 708
709 290.1456298828125 709
710 290.1579895019531 710
711 290.1703796386719 711
712 290.182861328125 712
713 290.1953125 713
714 290.2078247070312 714
715 290.2203979492188 715
716 290.2329711914062 716
717 290.24560546875 717
718 290.2582702636719 718
719 290.2709655761719 719
720 290.2837219238281 720
721 290.2965087890625 721
722 290.3092956542969 722
723 290.3221435546875 723
724 290.3350219726562 724
725 290.3479309082031 725
726 290.3608703613281 726
727 290.3738098144531 727
728 290.3868103027344 728
729 290.3998413085938 729
730 290.4128723144531 730
731 290.4259643554688 731
732 290.4390563964844 732
733 290.4521789550781 733
734 290.46533203125 734
735 290.4784851074219 735
736 290.4916687011719 736
737 290.5048828125 737
738 290.5181274414062 738
739 290.5313720703125 739
740 290.544677734375 740
741 290.5579223632812 741
742 290.5712280273438 742
743 290.5845642089844 743
744 290.5978698730469 744
745 290.6112060546875 745
746 290.6245727539062 746
747 290.637939453125 747
748 290.6513366699219 748
749 290.6647033691406 749
750 290.6780700683594 750
751 290.6914978027344 751
752 290.7048950195312 752
753 290.7183227539062 753
754 290.7317199707031 754
755 290.7451477050781 755
756 290.758544921875 756
757 290.7720031738281 757
758 290.7854309082031 758
759 290.798828125 759
760 290.812255859375 760
761 290.82568359375 761
762 290.839111328125 762
763 290.8525390625 763
764 290.8659362792969 764
765 290.8793640136719 765
766 290.8927307128906 766
767 290.9060974121094 767
768 290.9194946289062 768
769 290.932861328125 769
770 290.9462280273438 770
771 290.9595642089844 771
772 290.972900390625 772
773 290.9862060546875 773
774 290.99951171875 774
775 291.0128479003906 775
776 291.026123046875 776
777 291.0393676757812 777
778 291.0526123046875 778
779 291.0658264160156 779
780 291.0790100097656 780
781 291.0922241210938 781
782 291.1053771972656 782
783 291.1185302734375 783
784 291.1316528320312 784
785 291.1447448730469 785
786 291.1578063964844 786
787 291.1708679199219 787
788 291.1838684082031 788
789 291.1968383789062 789
790 291.2098388671875 790
791 291.2227783203125 791
792 291.2356872558594 792
793 291.24853515625 793
794 291.2613830566406 794
795 291.274169921875 795
796 291.2869873046875 796
797 291.2997131347656 797
798 291.3124389648438 798
799 291.3251037597656 799
800 291.3377380371094 800
801 291.350341796875 801
802 291.3629150390625 802
803 291.3754577636719 803
804 291.387939453125 804
805 291.400390625 805
806 291.4127807617188 806
807 291.4251708984375 807
808 291.4375 808
809 291.4497680664062 809
810 291.4620056152344 810
811 291.4742126464844 811
812 291.4863586425781 812
813 291.4984741210938 813
814 291.5105285644531 814
815 291.5225524902344 815
816 291.5344848632812 816
817 291.5464477539062 817
818 291.5582885742188 818
819 291.5701293945312 819
820 291.5818786621094 820
821 291.5935974121094 821
822 291.6052856445312 822
823 291.6168823242188 823
824 291.6284484863281 824
825 291.6399536132812 825
826 291.6513977050781 826
827 291.6628112792969 827
828 291.6741638183594 828
829 291.6854553222656 829
830 291.6966857910156 830
831 291.7078857421875 831
832 291.7189636230469 832
833 291.7300415039062 833
834 291.7410583496094 834
835 291.7519836425781 835
836 291.7628784179688 836
837 291.773681640625 837
838 291.7844543457031 838
839 291.795166015625 839
840 291.8057861328125 840
841 291.8163757324219 841
842 291.8268737792969 842
843 291.8373413085938 843
844 291.8476867675781 844
845 291.8580322265625 845
846 291.8683166503906 846
847 291.8784790039062 847
848 291.8886108398438 848
849 291.8986511230469 849
850 291.9086303710938 850
851 291.9185791015625 851
852 291.9284362792969 852
853 291.938232421875 853
854 291.9479675292969 854
855 291.9576110839844 855
856 291.9672241210938 856
857 291.9767456054688 857
858 291.9862060546875 858
859 291.9955749511719 859
860 292.0049133300781 860
861 292.0141906738281 861
862 292.0233764648438 862
863 292.0325012207031 863
864 292.0415649414062 864
865 292.050537109375 865
866 292.0594787597656 866
867 292.068359375 867
868 292.0771484375 868
869 292.0859069824219 869
870 292.0945739746094 870
871 292.1031799316406 871
872 292.1117553710938 872
873 292.1202392578125 873
874 292.1286926269531 874
875 292.1370849609375 875
876 292.1454162597656 876
877 292.1537170410156 877
878 292.1619262695312 878
879 292.1701049804688 879
880 292.17822265625 880
881 292.186279296875 881
882 292.1943359375 882
883 292.2023315429688 883
884 292.2102355957031 884
885 292.2181396484375 885
886 292.2260131835938 886
887 292.2338256835938 887
888 292.2416076660156 888
889 292.2493591308594 889
890 292.257080078125 890
891 292.2647705078125 891
892 292.2724304199219 892
893 292.2800903320312 893
894 292.2876586914062 894
895 292.2952575683594 895
896 292.3028259277344 896
897 292.3103637695312 897
898 292.31787109375 898
899 292.3254089355469 899
900 292.3329162597656 900
901 292.3403930664062 901
902 292.347900390625 902
903 292.3553771972656 903
904 292.3628540039062 904
905 292.3703308105469 905
906 292.3778076171875 906
907 292.38525390625 907
908 292.3927612304688 908
909 292.4002685546875 909
910 292.4077453613281 910
911 292.4152526855469 911
912 292.4227600097656 912
913 292.4302978515625 913
914 292.4378356933594 914
915 292.4453735351562 915
916 292.4529724121094 916
917 292.4605712890625 917
918 292.4682006835938 918
919 292.475830078125 919
920 292.4835205078125 920
921 292.4912109375 921
922 292.4989624023438 922
923 292.5066833496094 923
924 292.5144348144531 924
925 292.5222778320312 925
926 292.5301208496094 926
927 292.5379943847656 927
928 292.5459289550781 928
929 292.5538940429688 929
930 292.5618896484375 930
931 292.5699157714844 931
932 292.5779724121094 932
933 292.5860900878906 933
934 292.5942687988281 934
935 292.6024475097656 935
936 292.6106872558594 936
937 292.6189880371094 937
938 292.6272888183594 938
939 292.6356811523438 939
940 292.6441345214844 940
941 292.652587890625 941
942 292.6611022949219 942
943 292.6696472167969 943
944 292.6782836914062 944
945 292.6869201660156 945
946 292.6956481933594 946
947 292.7044067382812 947
948 292.7132263183594 948
949 292.7220764160156 949
950 292.7309875488281 950
951 292.7399291992188 951
952 292.7489624023438 952
953 292.7579956054688 953
954 292.76708984375 954
955 292.7763061523438 955
956 292.7854614257812 956
957 292.7947387695312 957
958 292.8040771484375 958
959 292.8134155273438 959
960 292.8228454589844 960
961 292.8323059082031 961
962 292.841796875 962
963 292.8513793945312 963
964 292.8609924316406 964
965 292.8706359863281 965
966 292.88037109375 966
967 292.8901062011719 967
968 292.89990234375 968
969 292.9097595214844 969
970 292.919677734375 970
971 292.9295959472656 971
972 292.9396057128906 972
973 292.9496154785156 973
974 292.959716796875 974
975 292.9698181152344 975
976 292.9800109863281 976
977 292.9902038574219 977
978 293.00048828125 978
979 293.0107421875 979
980 293.0210876464844 980
981 293.0314636230469 981
982 293.0419006347656 982
983 293.0523376464844 983
984 293.0628356933594 984
985 293.0733642578125 985
986 293.0839538574219 986
987 293.0945434570312 987
988 293.1051940917969 988
989 293.1158447265625 989
990 293.1265869140625 990
991 293.1372985839844 991
992 293.1481018066406 992
993 293.1588745117188 993
994 293.1697387695312 994
995 293.1806030273438 995
996 293.1914672851562 996
997 293.2024230957031 997
998 293.21337890625 998
999 293.224365234375 999
1000 293.2353515625 1000
1001 293.2463989257812 1001
1002 293.2574462890625 1002
1003 293.2685241699219 1003
1004 293.2796020507812 1004
1005 293.2907104492188 1005
1006 293.3018493652344 1006
1007 293.3130187988281 1007
1008 293.3241882324219 1008
1009 293.3353881835938 1009
1010 293.3466186523438 1010
1011 293.3578491210938 1011
1012 293.3690795898438 1012
1013 293.3803405761719 1013
1014 293.3916015625 1014
1015 293.4028625488281 1015
1016 293.4141540527344 1016
1017 293.4254760742188 1017
1018 293.436767578125 1018
1019 293.4480895996094 1019
1020 293.4594116210938 1020
1021 293.4707336425781 1021
1022 293.4820861816406 1022
1023 293.493408203125 1023
1024 293.5047912597656 1024
1025 293.51611328125 1025
1026 293.5274658203125 1026
1027 293.538818359375 1027
1028 293.5501708984375 1028
1029 293.5615234375 1029
1030 293.5728759765625 1030
1031 293.5841979980469 1031
1032 293.5955200195312 1032
1033 293.6068725585938 1033
1034 293.6181945800781 1034
1035 293.6295471191406 1035
1036 293.6408386230469 1036
1037 293.6521606445312 1037
1038 293.6634521484375 1038
1039 293.6747436523438 1039
1040 293.6860046386719 1040
1041 293.697265625 1041
1042 293.7085266113281 1042
1043 293.7197570800781 1043
1044 293.7309875488281 1044
1045 293.7421875 1045
1046 293.7533874511719 1046
1047 293.7645568847656 1047
1048 293.7757263183594 1048
1049 293.786865234375 1049
1050 293.7979431152344 1050
1051 293.8090515136719 1051
1052 293.8201293945312 1052
1053 293.8312072753906 1053
1054 293.8422241210938 1054
1055 293.8532409667969 1055
1056 293.8641967773438 1056
1057 293.8751831054688 1057
1058 293.8860778808594 1058
1059 293.8970031738281 1059
1060 293.9078674316406 1060
1061 293.918701171875 1061
1062 293.9295349121094 1062
1063 293.9403076171875 1063
1064 293.9510498046875 1064
1065 293.9617919921875 1065
1066 293.9725036621094 1066
1067 293.9831237792969 1067
1068 293.9937438964844 1068
1069 294.0043640136719 1069
1070 294.014892578125 1070
1071 294.025390625 1071
1072 294.0358581542969 1072
1073 294.0463256835938 1073
1074 294.0567016601562 1074
1075 294.0670776367188 1075
1076 294.077392578125 1076
1077 294.0876770019531 1077
1078 294.097900390625 1078
1079 294.1080932617188 1079
1080 294.1182861328125 1080
1081 294.1283569335938 1081
1082 294.138427734375 1082
1083 294.1484375 1083
1084 294.1584167480469 1084
1085 294.1683349609375 1085
1086 294.17822265625 1086
1087 294.1880493164062 1087
1088 294.1978149414062 1088
1089 294.2075805664062 1089
1090 294.2172546386719 1090
1091 294.2268981933594 1091
1092 294.2364807128906 1092
1093 294.2460021972656 1093
1094 294.2554931640625 1094
1095 294.264892578125 1095
1096 294.2742614746094 1096
1097 294.2835998535156 1097
1098 294.2928466796875 1098
1099 294.3020629882812 1099
1100 294.3112182617188 1100
1101 294.3203125 1101
1102 294.329345703125 1102
1103 294.3383178710938 1103
1104 294.3472290039062 1104
1105 294.3560791015625 1105
1106 294.3649291992188 1106
1107 294.3736572265625 1107
1108 294.38232421875 1108
1109 294.3909606933594 1109
1110 294.3995056152344 1110
1111 294.4080200195312 1111
1112 294.4164428710938 1112
1113 294.4248046875 1113
1114 294.4331359863281 1114
1115 294.4413757324219 1115
1116 294.4495544433594 1116
1117 294.4577026367188 1117
1118 294.4657287597656 1118
1119 294.4737243652344 1119
1120 294.4816589355469 1120
1121 294.489501953125 1121
1122 294.497314453125 1122
1123 294.5050354003906 1123
1124 294.5126647949219 1124
1125 294.520263671875 1125
1126 294.5278015136719 1126
1127 294.5352783203125 1127
1128 294.5426940917969 1128
1129 294.5500183105469 1129
1130 294.5572814941406 1130
1131 294.5644836425781 1131
1132 294.5716247558594 1132
1133 294.5786743164062 1133
1134 294.585693359375 1134
1135 294.5926513671875 1135
1136 294.5995483398438 1136
1137 294.6063842773438 1137
1138 294.6131286621094 1138
1139 294.6198120117188 1139
1140 294.62646484375 1140
1141 294.633056640625 1141
1142 294.6395568847656 1142
1143 294.6460266113281 1143
1144 294.6524353027344 1144
1145 294.6588134765625 1145
1146 294.6651306152344 1146
1147 294.67138671875 1147
1148 294.6775817871094 1148
1149 294.6837158203125 1149
1150 294.6898193359375 1150
1151 294.6958923339844 1151
1152 294.701904296875 1152
1153 294.7078857421875 1153
1154 294.7138061523438 1154
1155 294.7196960449219 1155
1156 294.7255554199219 1156
1157 294.7313842773438 1157
1158 294.7371826171875 1158
1159 294.742919921875 1159
1160 294.7486572265625 1160
1161 294.7543640136719 1161
1162 294.7600402832031 1162
1163 294.7656860351562 1163
1164 294.7713317871094 1164
1165 294.7769165039062 1165
1166 294.7825317382812 1166
1167 294.7880859375 1167
1168 294.7936706542969 1168
1169 294.7991943359375 1169
1170 294.8047485351562 1170
1171 294.8102722167969 1171
1172 294.8157958984375 1172
1173 294.8213500976562 1173
1174 294.8268737792969 1174
1175 294.8323974609375 1175
1176 294.8379211425781 1176
1177 294.8434448242188 1177
1178 294.8489990234375 1178
1179 294.8545532226562 1179
1180 294.860107421875 1180
1181 294.8656616210938 1181
1182 294.8712158203125 1182
1183 294.8768615722656 1183
1184 294.8824462890625 1184
1185 294.8880920410156 1185
1186 294.8937377929688 1186
1187 294.8994140625 1187
1188 294.9051208496094 1188
1189 294.9108581542969 1189
1190 294.9166259765625 1190
1191 294.92236328125 1191
1192 294.9281921386719 1192
1193 294.9340209960938 1193
1194 294.9399108886719 1194
1195 294.94580078125 1195
1196 294.9517517089844 1196
1197 294.9577331542969 1197
1198 294.9637451171875 1198
1199 294.9698181152344 1199
1200 294.9758911132812 1200
1201 294.9820251464844 1201
1202 294.9881896972656 1202
1203 294.9944458007812 1203
1204 295.0006713867188 1204
1205 295.0069885253906 1205
1206 295.0133361816406 1206
1207 295.0197448730469 1207
1208 295.0261535644531 1208
1209 295.0326538085938 1209
1210 295.0391845703125 1210
1211 295.0457763671875 1211
1212 295.0523986816406 1212
1213 295.0590515136719 1213
1214 295.0657958984375 1214
1215 295.0726013183594 1215
1216 295.0794067382812 1216
1217 295.0862731933594 1217
1218 295.0932006835938 1218
1219 295.1001892089844 1219
1220 295.1072082519531 1220
1221 295.1142883300781 1221
1222 295.1214294433594 1222
1223 295.1285705566406 1223
1224 295.1358032226562 1224
1225 295.1430969238281 1225
1226 295.1504211425781 1226
1227 295.1578063964844 1227
1228 295.1652221679688 1228
1229 295.1727294921875 1229
1230 295.1802368164062 1230
1231 295.1878051757812 1231
1232 295.1954650878906 1232
1233 295.203125 1233
1234 295.2108764648438 1234
1235 295.2186584472656 1235
1236 295.2265014648438 1236
1237 295.234375 1237
1238 295.2422790527344 1238
1239 295.250244140625 1239
1240 295.2582702636719 1240
1241 295.266357421875 1241
1242 295.2744445800781 1242
1243 295.2825927734375 1243
1244 295.2908020019531 1244
1245 295.2990417480469 1245
1246 295.3073120117188 1246
1247 295.315673828125 1247
1248 295.3240356445312 1248
1249 295.3324584960938 1249
1250 295.3408813476562 1250
1251 295.3493957519531 1251
1252 295.3579406738281 1252
1253 295.3665161132812 1253
1254 295.3751220703125 1254
1255 295.3837890625 1255
1256 295.3924560546875 1256
1257 295.4011840820312 1257
1258 295.4099426269531 1258
1259 295.4187316894531 1259
1260 295.4275817871094 1260
1261 295.4364013671875 1261
1262 295.4453125 1262
1263 295.4542236328125 1263
1264 295.4631958007812 1264
1265 295.47216796875 1265
1266 295.481201171875 1266
1267 295.490234375 1267
1268 295.4992980957031 1268
1269 295.5083923339844 1269
1270 295.5175170898438 1270
1271 295.5266418457031 1271
1272 295.5358276367188 1272
1273 295.5450134277344 1273
1274 295.5542297363281 1274
1275 295.5634765625 1275
1276 295.57275390625 1276
1277 295.5820007324219 1277
1278 295.59130859375 1278
1279 295.6005859375 1279
1280 295.6099243164062 1280
1281 295.6192626953125 1281
1282 295.6286010742188 1282
1283 295.6380004882812 1283
1284 295.6473693847656 1284
1285 295.65673828125 1285
1286 295.6661682128906 1286
1287 295.6755981445312 1287
1288 295.6849975585938 1288
1289 295.6944580078125 1289
1290 295.703857421875 1290
1291 295.7132873535156 1291
1292 295.7227783203125 1292
1293 295.7322387695312 1293
1294 295.74169921875 1294
1295 295.7511291503906 1295
1296 295.7605895996094 1296
1297 295.7700805664062 1297
1298 295.779541015625 1298
1299 295.7890014648438 1299
1300 295.7984619140625 1300
1301 295.8079223632812 1301
1302 295.8173828125 1302
1303 295.8268127441406 1303
1304 295.8362731933594 1304
1305 295.8457336425781 1305
1306 295.8551025390625 1306
1307 295.8645629882812 1307
1308 295.8739624023438 1308
1309 295.8833923339844 1309
1310 295.8927612304688 1310
1311 295.9021301269531 1311
1312 295.9115295410156 1312
1313 295.9208374023438 1313
1314 295.9302062988281 1314
1315 295.9395141601562 1315
1316 295.9488525390625 1316
1317 295.9581298828125 1317
1318 295.9674072265625 1318
1319 295.9766540527344 1319
1320 295.9859008789062 1320
1321 295.9950866699219 1321
1322 296.0043029785156 1322
1323 296.0134582519531 1323
1324 296.0226135253906 1324
1325 296.0317687988281 1325
1326 296.0408325195312 1326
1327 296.0499267578125 1327
1328 296.0589599609375 1328
1329 296.0680236816406 1329
1330 296.0769958496094 1330
1331 296.0859985351562 1331
1332 296.0948791503906 1332
1333 296.1038208007812 1333
1334 296.1127014160156 1334
1335 296.1215209960938 1335
1336 296.1303405761719 1336
1337 296.1391296386719 1337
1338 296.1478881835938 1338
1339 296.1565856933594 1339
1340 296.1652221679688 1340
1341 296.1738891601562 1341
1342 296.1824951171875 1342
1343 296.1910705566406 1343
1344 296.1996154785156 1344
1345 296.2080688476562 1345
1346 296.2165222167969 1346
1347 296.2249145507812 1347
1348 296.2333068847656 1348
1349 296.2416381835938 1349
1350 296.2499389648438 1350
1351 296.2581481933594 1351
1352 296.266357421875 1352
1353 296.2745056152344 1353
1354 296.2825927734375 1354
1355 296.2906799316406 1355
1356 296.2987060546875 1356
1357 296.306640625 1357
1358 296.3145751953125 1358
1359 296.3224487304688 1359
1360 296.3302612304688 1360
1361 296.3380432128906 1361
1362 296.3457641601562 1362
1363 296.3534240722656 1363
1364 296.3610534667969 1364
1365 296.3686218261719 1365
1366 296.3761291503906 1366
1367 296.3836059570312 1367
1368 296.3909912109375 1368
1369 296.3983459472656 1369
1370 296.4056396484375 1370
1371 296.4129028320312 1371
1372 296.4200439453125 1372
1373 296.4271850585938 1373
1374 296.4342651367188 1374
1375 296.4412841796875 1375
1376 296.4482421875 1376
1377 296.4551391601562 1377
1378 296.4619750976562 1378
1379 296.4687194824219 1379
1380 296.4754333496094 1380
1381 296.4821166992188 1381
1382 296.4887084960938 1382
1383 296.4952392578125 1383
1384 296.5016784667969 1384
1385 296.5081176757812 1385
1386 296.5144348144531 1386
1387 296.5207214355469 1387
1388 296.5269470214844 1388
1389 296.5330810546875 1389
1390 296.5391845703125 1390
1391 296.5451965332031 1391
1392 296.5511474609375 1392
1393 296.5570373535156 1393
1394 296.5628662109375 1394
1395 296.5686340332031 1395
1396 296.5743408203125 1396
1397 296.5799865722656 1397
1398 296.5855407714844 1398
1399 296.591064453125 1399
1400 296.5964965820312 1400
1401 296.6018981933594 1401
1402 296.6072387695312 1402
1403 296.6124877929688 1403
1404 296.61767578125 1404
1405 296.6227722167969 1405
1406 296.6278686523438 1406
1407 296.6328735351562 1407
1408 296.6378479003906 1408
1409 296.6427001953125 1409
1410 296.6475830078125 1410
1411 296.65234375 1411
1412 296.6570739746094 1412
1413 296.6617431640625 1413
1414 296.6663818359375 1414
1415 296.6709289550781 1415
1416 296.6754455566406 1416
1417 296.6799011230469 1417
1418 296.684326171875 1418
1419 296.688720703125 1419
1420 296.6930541992188 1420
1421 296.6973571777344 1421
1422 296.7015991210938 1422
1423 296.7057800292969 1423
1424 296.7099609375 1424
1425 296.7140808105469 1425
1426 296.7181701660156 1426
1427 296.7222290039062 1427
1428 296.7262573242188 1428
1429 296.7302856445312 1429
1430 296.7342529296875 1430
1431 296.7382507324219 1431
1432 296.7421569824219 1432
1433 296.7460632324219 1433
1434 296.7499694824219 1434
1435 296.7538452148438 1435
1436 296.7576904296875 1436
1437 296.7615661621094 1437
1438 296.7654113769531 1438
1439 296.7692260742188 1439
1440 296.7730712890625 1440
1441 296.7768859863281 1441
1442 296.7807006835938 1442
1443 296.7845458984375 1443
1444 296.788330078125 1444
1445 296.7921752929688 1445
1446 296.7959899902344 1446
1447 296.7998352050781 1447
1448 296.8036804199219 1448
1449 296.8075256347656 1449
1450 296.8114013671875 1450
1451 296.8152770996094 1451
1452 296.8191833496094 1452
1453 296.8231201171875 1453
1454 296.8270568847656 1454
1455 296.8309936523438 1455
1456 296.8349914550781 1456
1457 296.8390197753906 1457
1458 296.843017578125 1458
1459 296.8471069335938 1459
1460 296.8511962890625 1460
1461 296.8553161621094 1461
1462 296.8594970703125 1462
1463 296.8636779785156 1463
1464 296.8678894042969 1464
1465 296.8721313476562 1465
1466 296.8764343261719 1466
1467 296.8807983398438 1467
1468 296.8851318359375 1468
1469 296.8895568847656 1469
1470 296.8940124511719 1470
1471 296.8984985351562 1471
1472 296.9030456542969 1472
1473 296.9076232910156 1473
1474 296.9122619628906 1474
1475 296.9169311523438 1475
1476 296.921630859375 1476
1477 296.9264221191406 1477
1478 296.9312133789062 1478
1479 296.9360656738281 1479
1480 296.9409790039062 1480
1481 296.9459533691406 1481
1482 296.9509582519531 1482
1483 296.9560241699219 1483
1484 296.9611206054688 1484
1485 296.96630859375 1485
1486 296.9714965820312 1486
1487 296.9767456054688 1487
1488 296.9820556640625 1488
1489 296.9874267578125 1489
1490 296.9928283691406 1490
1491 296.9983215332031 1491
1492 297.0038452148438 1492
1493 297.0093994140625 1493
1494 297.0149841308594 1494
1495 297.0206909179688 1495
1496 297.0263977050781 1496
1497 297.0321960449219 1497
1498 297.0380249023438 1498
1499 297.0438842773438 1499
1500 297.0498352050781 1500
1501 297.0557861328125 1501
1502 297.0617980957031 1502
1503 297.06787109375 1503
1504 297.0740356445312 1504
1505 297.0802001953125 1505
1506 297.0864562988281 1506
1507 297.0927124023438 1507
1508 297.0990295410156 1508
1509 297.1054077148438 1509
1510 297.11181640625 1510
1511 297.1182861328125 1511
1512 297.1248168945312 1512
1513 297.13134765625 1513
1514 297.1379699707031 1514
1515 297.1445922851562 1515
1516 297.1513061523438 1516
1517 297.1580200195312 1517
1518 297.164794921875 1518
1519 297.1716003417969 1519
1520 297.1784973144531 1520
1521 297.1853942871094 1521
1522 297.1923217773438 1522
1523 297.1993103027344 1523
1524 297.2063293457031 1524
1525 297.21337890625 1525
1526 297.2204895019531 1526
1527 297.2276000976562 1527
1528 297.2348022460938 1528
1529 297.2419738769531 1529
1530 297.2492065429688 1530
1531 297.2564697265625 1531
1532 297.2637939453125 1532
1533 297.2711181640625 1533
1534 297.2784729003906 1534
1535 297.2858581542969 1535
1536 297.2933044433594 1536
1537 297.3007202148438 1537
1538 297.3082580566406 1538
1539 297.3157348632812 1539
1540 297.3232421875 1540
1541 297.330810546875 1541
1542 297.33837890625 1542
1543 297.3459777832031 1543
1544 297.3536071777344 1544
1545 297.3612670898438 1545
1546 297.368896484375 1546
1547 297.3766174316406 1547
1548 297.3843078613281 1548
1549 297.3920288085938 1549
1550 297.3997497558594 1550
1551 297.4075012207031 1551
1552 297.4152526855469 1552
1553 297.4230651855469 1553
1554 297.4308166503906 1554
1555 297.4386596679688 1555
1556 297.4464721679688 1556
1557 297.4542846679688 1557
1558 297.4621276855469 1558
1559 297.469970703125 1559
1560 297.4778442382812 1560
1561 297.4856872558594 1561
1562 297.4935607910156 1562
1563 297.5014038085938 1563
1564 297.50927734375 1564
1565 297.5171508789062 1565
1566 297.5250549316406 1566
1567 297.5329284667969 1567
1568 297.540771484375 1568
1569 297.5486755371094 1569
1570 297.5565490722656 1570
1571 297.5644226074219 1571
1572 297.5722961425781 1572
1573 297.5801696777344 1573
1574 297.5880126953125 1574
1575 297.5958557128906 1575
1576 297.6036987304688 1576
1577 297.611572265625 1577
1578 297.619384765625 1578
1579 297.627197265625 1579
1580 297.635009765625 1580
1581 297.642822265625 1581
1582 297.6505737304688 1582
1583 297.6583557128906 1583
1584 297.6661376953125 1584
1585 297.6738586425781 1585
1586 297.6815795898438 1586
1587 297.6893005371094 1587
1588 297.6969909667969 1588
1589 297.7046813964844 1589
1590 297.7123413085938 1590
1591 297.719970703125 1591
1592 297.7276000976562 1592
1593 297.7351684570312 1593
1594 297.7427673339844 1594
1595 297.7503051757812 1595
1596 297.7578125 1596
1597 297.7653198242188 1597
1598 297.7727966308594 1598
1599 297.7802429199219 1599
1600 297.7876586914062 1600
1601 297.7950744628906 1601
1602 297.8023986816406 1602
1603 297.8097534179688 1603
1604 297.8170471191406 1604
1605 297.8243103027344 1605
1606 297.83154296875 1606
1607 297.8387756347656 1607
1608 297.845947265625 1608
1609 297.8530883789062 1609
1610 297.8601989746094 1610
1611 297.8672790527344 1611
1612 297.8742980957031 1612
1613 297.8812866210938 1613
1614 297.8882446289062 1614
1615 297.8951721191406 1615
1616 297.9020385742188 1616
1617 297.9088745117188 1617
1618 297.9157104492188 1618
1619 297.9224548339844 1619
1620 297.9291687011719 1620
1621 297.9358520507812 1621
1622 297.9424743652344 1622
1623 297.9490356445312 1623
1624 297.9555969238281 1624
1625 297.9620971679688 1625
1626 297.9685668945312 1626
1627 297.9749755859375 1627
1628 297.9812927246094 1628
1629 297.9876098632812 1629
1630 297.993896484375 1630
1631 298.0000915527344 1631
1632 298.0062561035156 1632
1633 298.0123901367188 1633
1634 298.0184326171875 1634
1635 298.0244750976562 1635
1636 298.0303955078125 1636
1637 298.0362854003906 1637
1638 298.0421752929688 1638
1639 298.0479431152344 1639
1640 298.0537109375 1640
1641 298.0593872070312 1641
1642 298.0650329589844 1642
1643 298.0706176757812 1643
1644 298.0761108398438 1644
1645 298.0815734863281 1645
1646 298.0870056152344 1646
1647 298.0923461914062 1647
1648 298.0975952148438 1648
1649 298.1028442382812 1649
1650 298.1080322265625 1650
1651 298.1131286621094 1651
1652 298.1181640625 1652
1653 298.1231689453125 1653
1654 298.1280822753906 1654
1655 298.1329345703125 1655
1656 298.1377258300781 1656
1657 298.1424865722656 1657
1658 298.1471557617188 1658
1659 298.1517639160156 1659
1660 298.1563415527344 1660
1661 298.1608276367188 1661
1662 298.1652221679688 1662
1663 298.1696166992188 1663
1664 298.1739196777344 1664
1665 298.1781311035156 1665
1666 298.1823120117188 1666
1667 298.1864318847656 1667
1668 298.1904602050781 1668
1669 298.1944580078125 1669
1670 298.1983642578125 1670
1671 298.2022399902344 1671
1672 298.2060546875 1672
1673 298.2097778320312 1673
1674 298.2134399414062 1674
1675 298.2170715332031 1675
1676 298.2206420898438 1676
1677 298.22412109375 1677
1678 298.2276000976562 1678
1679 298.23095703125 1679
1680 298.2342834472656 1680
1681 298.237548828125 1681
1682 298.2408142089844 1682
1683 298.2439575195312 1683
1684 298.2471008300781 1684
1685 298.2501831054688 1685
1686 298.2532043457031 1686
1687 298.2561645507812 1687
1688 298.2591247558594 1688
1689 298.2620239257812 1689
1690 298.264892578125 1690
1691 298.2676696777344 1691
1692 298.2704772949219 1692
1693 298.273193359375 1693
1694 298.27587890625 1694
1695 298.278564453125 1695
1696 298.2811889648438 1696
1697 298.2837829589844 1697
1698 298.286376953125 1698
1699 298.2889404296875 1699
1700 298.2914733886719 1700
1701 298.2939758300781 1701
1702 298.2964782714844 1702
1703 298.2989501953125 1703
1704 298.3013916015625 1704
1705 298.3038330078125 1705
1706 298.3062744140625 1706
1707 298.3086853027344 1707
1708 298.3111267089844 1708
1709 298.3135375976562 1709
1710 298.3159484863281 1710
1711 298.318359375 1711
1712 298.3207397460938 1712
1713 298.3231811523438 1713
1714 298.3255615234375 1714
1715 298.3280029296875 1715
1716 298.3304443359375 1716
1717 298.3328857421875 1717
1718 298.3353271484375 1718
1719 298.3377685546875 1719
1720 298.3402709960938 1720
1721 298.3427734375 1721
1722 298.3452758789062 1722
1723 298.3478393554688 1723
1724 298.3504028320312 1724
1725 298.3529663085938 1725
1726 298.3555908203125 1726
1727 298.3582458496094 1727
1728 298.3608703613281 1728
1729 298.3636169433594 1729
1730 298.3663330078125 1730
1731 298.3691101074219 1731
1732 298.3718872070312 1732
1733 298.3747253417969 1733
1734 298.3775939941406 1734
1735 298.3805236816406 1735
1736 298.3834838867188 1736
1737 298.3864440917969 1737
1738 298.3894348144531 1738
1739 298.3925170898438 1739
1740 298.3956298828125 1740
1741 298.3988037109375 1741
1742 298.4020080566406 1742
1743 298.4052429199219 1743
1744 298.4085388183594 1744
1745 298.411865234375 1745
1746 298.415283203125 1746
1747 298.418701171875 1747
1748 298.4221801757812 1748
1749 298.4257202148438 1749
1750 298.4293212890625 1750
1751 298.4329528808594 1751
1752 298.4366455078125 1752
1753 298.4403686523438 1753
1754 298.4441528320312 1754
1755 298.447998046875 1755
1756 298.451904296875 1756
1757 298.4558410644531 1757
1758 298.4598388671875 1758
1759 298.4638671875 1759
1760 298.4679870605469 1760
1761 298.4721374511719 1761
1762 298.4763488769531 1762
1763 298.4806213378906 1763
1764 298.4848937988281 1764
1765 298.4892883300781 1765
1766 298.4937133789062 1766
1767 298.4981689453125 1767
1768 298.502685546875 1768
1769 298.5072631835938 1769
1770 298.5119018554688 1770
1771 298.5165405273438 1771
1772 298.5212707519531 1772
1773 298.5260925292969 1773
1774 298.5309143066406 1774
1775 298.5357971191406 1775
1776 298.5407104492188 1776
1777 298.5456848144531 1777
1778 298.5506896972656 1778
1779 298.5557861328125 1779
1780 298.5609130859375 1780
1781 298.5660705566406 1781
1782 298.5712890625 1782
1783 298.5765686035156 1783
1784 298.5818481445312 1784
1785 298.5871887207031 1785
1786 298.5926208496094 1786
1787 298.5980529785156 1787
1788 298.603515625 1788
1789 298.6090393066406 1789
1790 298.6146240234375 1790
1791 298.6202392578125 1791
1792 298.6258544921875 1792
1793 298.6315612792969 1793
1794 298.6372985839844 1794
1795 298.6430358886719 1795
1796 298.6488647460938 1796
1797 298.6546936035156 1797
1798 298.6605834960938 1798
1799 298.6664733886719 1799
1800 298.6723937988281 1800
1801 298.6784057617188 1801
1802 298.6843872070312 1802
1803 298.6904602050781 1803
1804 298.696533203125 1804
1805 298.70263671875 1805
1806 298.7087707519531 1806
1807 298.7149047851562 1807
1808 298.7210998535156 1808
1809 298.7273254394531 1809
1810 298.7335510253906 1810
1811 298.7398071289062 1811
1812 298.74609375 1812
1813 298.75244140625 1813
1814 298.7587585449219 1814
1815 298.7651062011719 1815
1816 298.771484375 1816
1817 298.7778625488281 1817
1818 298.7843017578125 1818
1819 298.7907104492188 1819
1820 298.7971801757812 1820
1821 298.8036193847656 1821
1822 298.8101196289062 1822
1823 298.8165893554688 1823
1824 298.8231201171875 1824
1825 298.8296203613281 1825
1826 298.8361511230469 1826
1827 298.8427124023438 1827
1828 298.8492431640625 1828
1829 298.8557739257812 1829
1830 298.8623657226562 1830
1831 298.8689270019531 1831
1832 298.87548828125 1832
1833 298.8821105957031 1833
1834 298.888671875 1834
1835 298.895263671875 1835
1836 298.90185546875 1836
1837 298.908447265625 1837
1838 298.9150390625 1838
1839 298.921630859375 1839
1840 298.92822265625 1840
1841 298.934814453125 1841
1842 298.9413757324219 1842
1843 298.9479675292969 1843
1844 298.9545288085938 1844
1845 298.9611206054688 1845
1846 298.9676513671875 1846
1847 298.9742126464844 1847
1848 298.9807739257812 1848
1849 298.9873046875 1849
1850 298.9938354492188 1850
1851 299.0003662109375 1851
1852 299.0068359375 1852
1853 299.0133361816406 1853
1854 299.0198059082031 1854
1855 299.0262756347656 1855
1856 299.03271484375 1856
1857 299.0391540527344 1857
1858 299.0455322265625 1858
1859 299.0519409179688 1859
1860 299.0583190917969 1860
1861 299.0646667480469 1861
1862 299.0710144042969 1862
1863 299.0773315429688 1863
1864 299.0836181640625 1864
1865 299.0898742675781 1865
1866 299.0960998535156 1866
1867 299.1023254394531 1867
1868 299.1085205078125 1868
1869 299.1147155761719 1869
1870 299.120849609375 1870
1871 299.126953125 1871
1872 299.1330261230469 1872
1873 299.1390991210938 1873
1874 299.1451110839844 1874
1875 299.1510925292969 1875
1876 299.1570739746094 1876
1877 299.1629943847656 1877
1878 299.1688842773438 1878
1879 299.1747436523438 1879
1880 299.1806030273438 1880
1881 299.1863708496094 1881
1882 299.192138671875 1882
1883 299.1978759765625 1883
1884 299.2035522460938 1884
1885 299.2091979980469 1885
1886 299.2147827148438 1886
1887 299.2203674316406 1887
1888 299.2258911132812 1888
1889 299.2313842773438 1889
1890 299.23681640625 1890
1891 299.2422180175781 1891
1892 299.2476196289062 1892
1893 299.2529296875 1893
1894 299.2581787109375 1894
1895 299.263427734375 1895
1896 299.2685852050781 1896
1897 299.2737121582031 1897
1898 299.2788391113281 1898
1899 299.2838439941406 1899
1900 299.2888488769531 1900
1901 299.2937927246094 1901
1902 299.2986755371094 1902
1903 299.3035278320312 1903
1904 299.308349609375 1904
1905 299.3130798339844 1905
1906 299.3177795410156 1906
1907 299.3223876953125 1907
1908 299.3269958496094 1908
1909 299.33154296875 1909
1910 299.3359985351562 1910
1911 299.3404541015625 1911
1912 299.3448181152344 1912
1913 299.34912109375 1913
1914 299.3533935546875 1914
1915 299.3575744628906 1915
1916 299.3617248535156 1916
1917 299.3657836914062 1917
1918 299.3698425292969 1918
1919 299.373779296875 1919
1920 299.3777465820312 1920
1921 299.3815612792969 1921
1922 299.3853454589844 1922
1923 299.3890686035156 1923
1924 299.3927917480469 1924
1925 299.3963928222656 1925
1926 299.3999328613281 1926
1927 299.4034118652344 1927
1928 299.4068298339844 1928
1929 299.4101867675781 1929
1930 299.4134826660156 1930
1931 299.416748046875 1931
1932 299.419921875 1932
1933 299.4230346679688 1933
1934 299.4260864257812 1934
1935 299.4290771484375 1935
1936 299.4320068359375 1936
1937 299.4348754882812 1937
1938 299.4376831054688 1938
1939 299.4404296875 1939
1940 299.4430847167969 1940
1941 299.4457397460938 1941
1942 299.4483032226562 1942
1943 299.4507751464844 1943
1944 299.4532470703125 1944
1945 299.4556579589844 1945
1946 299.4579467773438 1946
1947 299.4602355957031 1947
1948 299.4624633789062 1948
1949 299.4646301269531 1949
1950 299.4667358398438 1950
1951 299.4688110351562 1951
1952 299.4708251953125 1952
1953 299.4728088378906 1953
1954 299.4747009277344 1954
1955 299.4765625 1955
1956 299.4783935546875 1956
1957 299.4801635742188 1957
1958 299.4819030761719 1958
1959 299.4835815429688 1959
1960 299.4852905273438 1960
1961 299.4868774414062 1961
1962 299.4884643554688 1962
1963 299.489990234375 1963
1964 299.4915161132812 1964
1965 299.4929809570312 1965
1966 299.4944763183594 1966
1967 299.4959106445312 1967
1968 299.497314453125 1968
1969 299.4986877441406 1969
1970 299.5000610351562 1970
1971 299.5014038085938 1971
1972 299.5027465820312 1972
1973 299.5040283203125 1973
1974 299.50537109375 1974
1975 299.5066528320312 1975
1976 299.5079345703125 1976
1977 299.5092163085938 1977
1978 299.510498046875 1978
1979 299.5117492675781 1979
1980 299.5130310058594 1980
1981 299.5143127441406 1981
1982 299.5155639648438 1982
1983 299.516845703125 1983
1984 299.5181274414062 1984
1985 299.5194702148438 1985
1986 299.520751953125 1986
1987 299.5220947265625 1987
1988 299.5234375 1988
1989 299.5247802734375 1989
1990 299.526123046875 1990
1991 299.5275268554688 1991
1992 299.5289611816406 1992
1993 299.5303955078125 1993
1994 299.5318603515625 1994
1995 299.5333557128906 1995
1996 299.5348815917969 1996
1997 299.5364379882812 1997
1998 299.5379943847656 1998
1999 299.5396118164062 1999
2000 299.541259765625 2000
2001 299.5429382324219 2001
2002 299.544677734375 2002
2003 299.5464172363281 2003
2004 299.5482177734375 2004
2005 299.550048828125 2005
2006 299.5519104003906 2006
2007 299.5538330078125 2007
2008 299.5558166503906 2008
2009 299.5578002929688 2009
2010 299.5598754882812 2010
2011 299.5619506835938 2011
2012 299.5640869140625 2012
2013 299.5662841796875 2013
2014 299.5685119628906 2014
2015 299.57080078125 2015
2016 299.5731201171875 2016
2017 299.5755310058594 2017
2018 299.5779418945312 2018
2019 299.5804443359375 2019
2020 299.5829772949219 2020
2021 299.5855712890625 2021
2022 299.5881958007812 2022
2023 299.5909118652344 2023
2024 299.5936279296875 2024
2025 299.596435546875 2025
2026 299.5993041992188 2026
2027 299.6022033691406 2027
2028 299.6051635742188 2028
2029 299.608154296875 2029
2030 299.6112365722656 2030
2031 299.6143493652344 2031
2032 299.6175231933594 2032
2033 299.6207275390625 2033
2034 299.6240234375 2034
2035 299.6273498535156 2035
2036 299.6307373046875 2036
2037 299.6341857910156 2037
2038 299.6376953125 2038
2039 299.6412048339844 2039
2040 299.6448059082031 2040
2041 299.6484680175781 2041
2042 299.6521606445312 2042
2043 299.6558837890625 2043
2044 299.6596984863281 2044
2045 299.6635437011719 2045
2046 299.6674499511719 2046
2047 299.67138671875 2047
2048 299.6754150390625 2048
2049 299.679443359375 2049
2050 299.6835327148438 2050
2051 299.6876831054688 2051
2052 299.6918640136719 2052
2053 299.6961059570312 2053
2054 299.7004089355469 2054
2055 299.7047424316406 2055
2056 299.7090759277344 2056
2057 299.7135009765625 2057
2058 299.7179565429688 2058
2059 299.7224731445312 2059
2060 299.7270202636719 2060
2061 299.7316284179688 2061
2062 299.7362060546875 2062
2063 299.7409057617188 2063
2064 299.74560546875 2064
2065 299.7503356933594 2065
2066 299.755126953125 2066
2067 299.7599487304688 2067
2068 299.7648010253906 2068
2069 299.7697143554688 2069
2070 299.7745971679688 2070
2071 299.779541015625 2071
2072 299.7845458984375 2072
2073 299.7895812988281 2073
2074 299.7946472167969 2074
2075 299.7997131347656 2075
2076 299.8048095703125 2076
2077 299.8099670410156 2077
2078 299.8151245117188 2078
2079 299.8203125 2079
2080 299.8255310058594 2080
2081 299.8307495117188 2081
2082 299.8360290527344 2082
2083 299.84130859375 2083
2084 299.8466491699219 2084
2085 299.8519897460938 2085
2086 299.8573303222656 2086
2087 299.8627014160156 2087
2088 299.8681030273438 2088
2089 299.8735046386719 2089
2090 299.8789672851562 2090
2091 299.8843688964844 2091
2092 299.8898620605469 2092
2093 299.8953247070312 2093
2094 299.9007873535156 2094
2095 299.9062805175781 2095
2096 299.9118041992188 2096
2097 299.9173278808594 2097
2098 299.9228515625 2098
2099 299.9283752441406 2099
2100 299.9339294433594 2100
2101 299.939453125 2101
2102 299.9450378417969 2102
2103 299.9505920410156 2103
2104 299.9561462402344 2104
2105 299.9617309570312 2105
2106 299.96728515625 2106
2107 299.9728393554688 2107
2108 299.9784240722656 2108
2109 299.9840087890625 2109
2110 299.9895935058594 2110
2111 299.9951171875 2111
2112 300.0007019042969 2112
2113 300.0062561035156 2113
2114 300.0118103027344 2114
2115 300.017333984375 2115
2116 300.0228881835938 2116
2117 300.0284423828125 2117
2118 300.0339660644531 2118
2119 300.0394592285156 2119
2120 300.0449829101562 2120
2121 300.0504760742188 2121
2122 300.0559387207031 2122
2123 300.0614318847656 2123
2124 300.0668640136719 2124
2125 300.0722961425781 2125
2126 300.0777282714844 2126
2127 300.0831298828125 2127
2128 300.0885314941406 2128
2129 300.0939025878906 2129
2130 300.0992431640625 2130
2131 300.1045837402344 2131
2132 300.1098937988281 2132
2133 300.1152038574219 2133
2134 300.1204833984375 2134
2135 300.1257019042969 2135
2136 300.1309204101562 2136
2137 300.1361083984375 2137
2138 300.1413269042969 2138
2139 300.146484375 2139
2140 300.151611328125 2140
2141 300.1566772460938 2141
2142 300.1617431640625 2142
2143 300.1667785644531 2143
2144 300.1717834472656 2144
2145 300.1767578125 2145
2146 300.1817016601562 2146
2147 300.1866149902344 2147
2148 300.1914672851562 2148
2149 300.1963195800781 2149
2150 300.201171875 2150
2151 300.2059326171875 2151
2152 300.2106323242188 2152
2153 300.2153625488281 2153
2154 300.2200317382812 2154
2155 300.2246704101562 2155
2156 300.229248046875 2156
2157 300.2337951660156 2157
2158 300.2383117675781 2158
2159 300.2427978515625 2159
2160 300.2471923828125 2160
2161 300.2516174316406 2161
2162 300.2559509277344 2162
2163 300.26025390625 2163
2164 300.2645263671875 2164
2165 300.2687377929688 2165
2166 300.2729187011719 2166
2167 300.2770080566406 2167
2168 300.2810974121094 2168
2169 300.2851257324219 2169
2170 300.2890930175781 2170
2171 300.2930297851562 2171
2172 300.2969360351562 2172
2173 300.3007507324219 2173
2174 300.3045349121094 2174
2175 300.3082580566406 2175
2176 300.3119506835938 2176
2177 300.3155822753906 2177
2178 300.3191223144531 2178
2179 300.3226928710938 2179
2180 300.3261413574219 2180
2181 300.3295593261719 2181
2182 300.3329162597656 2182
2183 300.3362426757812 2183
2184 300.3394775390625 2184
2185 300.3426818847656 2185
2186 300.3458251953125 2186
2187 300.348876953125 2187
2188 300.3518981933594 2188
2189 300.3548583984375 2189
2190 300.3577575683594 2190
2191 300.3606262207031 2191
2192 300.3634033203125 2192
2193 300.3661499023438 2193
2194 300.3688049316406 2194
2195 300.3713989257812 2195
2196 300.3739318847656 2196
2197 300.3764343261719 2197
2198 300.3788757324219 2198
2199 300.3812255859375 2199
2200 300.383544921875 2200
2201 300.3857727050781 2201
2202 300.387939453125 2202
2203 300.3900451660156 2203
2204 300.39208984375 2204
2205 300.3941040039062 2205
2206 300.3960571289062 2206
2207 300.3979187011719 2207
2208 300.3997192382812 2208
2209 300.4014892578125 2209
2210 300.4031677246094 2210
2211 300.4048461914062 2211
2212 300.4064025878906 2212
2213 300.4078979492188 2213
2214 300.4093933105469 2214
2215 300.4107971191406 2215
2216 300.4121398925781 2216
2217 300.4134521484375 2217
2218 300.4147033691406 2218
2219 300.4158935546875 2219
2220 300.4170227050781 2220
2221 300.4181213378906 2221
2222 300.4191589355469 2222
2223 300.420166015625 2223
2224 300.4211120605469 2224
2225 300.4219970703125 2225
2226 300.4228820800781 2226
2227 300.4236755371094 2227
2228 300.4244689941406 2228
2229 300.4252319335938 2229
2230 300.4259338378906 2230
2231 300.4266052246094 2231
2232 300.42724609375 2232
2233 300.4278259277344 2233
2234 300.4284057617188 2234
2235 300.428955078125 2235
2236 300.4295043945312 2236
2237 300.4299926757812 2237
2238 300.4304809570312 2238
2239 300.430908203125 2239
2240 300.431396484375 2240
2241 300.4318237304688 2241
2242 300.4322204589844 2242
2243 300.4326171875 2243
2244 300.4330139160156 2244
2245 300.4334106445312 2245
2246 300.4337463378906 2246
2247 300.4341430664062 2247
2248 300.4345092773438 2248
2249 300.4349060058594 2249
2250 300.4352722167969 2250
2251 300.4356689453125 2251
2252 300.4360656738281 2252
2253 300.4364624023438 2253
2254 300.4368591308594 2254
2255 300.437255859375 2255
2256 300.4377136230469 2256
2257 300.4381408691406 2257
2258 300.4386291503906 2258
2259 300.4391174316406 2259
2260 300.4396057128906 2260
2261 300.4401550292969 2261
2262 300.440673828125 2262
2263 300.4412536621094 2263
2264 300.44189453125 2264
2265 300.4425354003906 2265
2266 300.4432067871094 2266
2267 300.4439086914062 2267
2268 300.4446105957031 2268
2269 300.4453735351562 2269
2270 300.4461669921875 2270
2271 300.447021484375 2271
2272 300.4479064941406 2272
2273 300.4487915039062 2273
2274 300.4497680664062 2274
2275 300.4507751464844 2275
2276 300.4518127441406 2276
2277 300.4529113769531 2277
2278 300.4540405273438 2278
2279 300.4552307128906 2279
2280 300.4564208984375 2280
2281 300.4577026367188 2281
2282 300.4590148925781 2282
2283 300.4603881835938 2283
2284 300.4617919921875 2284
2285 300.4632568359375 2285
2286 300.4647827148438 2286
2287 300.4663391113281 2287
2288 300.4679565429688 2288
2289 300.4696655273438 2289
2290 300.4713745117188 2290
2291 300.47314453125 2291
2292 300.4749755859375 2292
2293 300.4768371582031 2293
2294 300.4787902832031 2294
2295 300.4807739257812 2295
2296 300.4828186035156 2296
2297 300.4849243164062 2297
2298 300.4870910644531 2298
2299 300.4892883300781 2299
2300 300.4915466308594 2300
2301 300.4938659667969 2301
2302 300.4962158203125 2302
2303 300.4986572265625 2303
2304 300.5011291503906 2304
2305 300.503662109375 2305
2306 300.5062561035156 2306
2307 300.5088806152344 2307
2308 300.5115966796875 2308
2309 300.5143127441406 2309
2310 300.5171203613281 2310
2311 300.5199584960938 2311
2312 300.5228881835938 2312
2313 300.5258178710938 2313
2314 300.52880859375 2314
2315 300.5318908691406 2315
2316 300.5350036621094 2316
2317 300.5381469726562 2317
2318 300.5413513183594 2318
2319 300.5446166992188 2319
2320 300.5479125976562 2320
2321 300.55126953125 2321
2322 300.5546264648438 2322
2323 300.5580749511719 2323
2324 300.5615844726562 2324
2325 300.5651245117188 2325
2326 300.5686950683594 2326
2327 300.5723266601562 2327
2328 300.5759887695312 2328
2329 300.5796813964844 2329
2330 300.5834350585938 2330
2331 300.5872497558594 2331
2332 300.591064453125 2332
2333 300.594970703125 2333
2334 300.598876953125 2334
2335 300.6028137207031 2335
2336 300.6068115234375 2336
2337 300.61083984375 2337
2338 300.6148681640625 2338
2339 300.6189575195312 2339
2340 300.6231079101562 2340
2341 300.6272583007812 2341
2342 300.6314697265625 2342
2343 300.6356811523438 2343
2344 300.6399536132812 2344
2345 300.6442565917969 2345
2346 300.6485595703125 2346
2347 300.6528930664062 2347
2348 300.6572570800781 2348
2349 300.6616821289062 2349
2350 300.6660766601562 2350
2351 300.6705322265625 2351
2352 300.6750183105469 2352
2353 300.6795043945312 2353
2354 300.6840209960938 2354
2355 300.6885375976562 2355
2356 300.693115234375 2356
2357 300.6976928710938 2357
2358 300.7023010253906 2358
2359 300.7069091796875 2359
2360 300.7115478515625 2360
2361 300.7161865234375 2361
2362 300.7208557128906 2362
2363 300.7255554199219 2363
2364 300.730224609375 2364
2365 300.7349243164062 2365
2366 300.7395935058594 2366
2367 300.7443237304688 2367
2368 300.7490539550781 2368
2369 300.7538146972656 2369
2370 300.758544921875 2370
2371 300.7633056640625 2371
2372 300.76806640625 2372
2373 300.7728271484375 2373
2374 300.777587890625 2374
2375 300.7823486328125 2375
2376 300.7871398925781 2376
2377 300.7919311523438 2377
2378 300.7966918945312 2378
2379 300.8014526367188 2379
2380 300.8062133789062 2380
2381 300.8109741210938 2381
2382 300.8157653808594 2382
2383 300.8204956054688 2383
2384 300.8252563476562 2384
2385 300.8300170898438 2385
2386 300.8347473144531 2386
2387 300.8394775390625 2387
2388 300.8442077636719 2388
2389 300.8489074707031 2389
2390 300.8536071777344 2390
2391 300.8583068847656 2391
2392 300.8629760742188 2392
2393 300.86767578125 2393
2394 300.8722839355469 2394
2395 300.876953125 2395
2396 300.8815612792969 2396
2397 300.8861694335938 2397
2398 300.8907775878906 2398
2399 300.8953247070312 2399
2400 300.89990234375 2400
2401 300.9044189453125 2401
2402 300.908935546875 2402
2403 300.9134216308594 2403
2404 300.9179077148438 2404
2405 300.9223022460938 2405
2406 300.9267578125 2406
2407 300.93115234375 2407
2408 300.9355163574219 2408
2409 300.9398498535156 2409
2410 300.9441833496094 2410
2411 300.948486328125 2411
2412 300.9527587890625 2412
2413 300.9569702148438 2413
2414 300.961181640625 2414
2415 300.9653625488281 2415
2416 300.969482421875 2416
2417 300.9736022949219 2417
2418 300.9776611328125 2418
2419 300.9817199707031 2419
2420 300.9857177734375 2420
2421 300.9897155761719 2421
2422 300.99365234375 2422
2423 300.9975280761719 2423
2424 301.0014038085938 2424
2425 301.0052185058594 2425
2426 301.009033203125 2426
2427 301.0127563476562 2427
2428 301.0164794921875 2428
2429 301.0201721191406 2429
2430 301.0238037109375 2430
2431 301.02734375 2431
2432 301.0309143066406 2432
2433 301.0343933105469 2433
2434 301.0378723144531 2434
2435 301.041259765625 2435
2436 301.0446472167969 2436
2437 301.0479431152344 2437
2438 301.0512390136719 2438
2439 301.054443359375 2439
2440 301.0576477050781 2440
2441 301.0607604980469 2441
2442 301.0638732910156 2442
2443 301.06689453125 2443
2444 301.0698547363281 2444
2445 301.0727844238281 2445
2446 301.0756530761719 2446
2447 301.0784912109375 2447
2448 301.081298828125 2448
2449 301.0840148925781 2449
2450 301.086669921875 2450
2451 301.0892944335938 2451
2452 301.0918273925781 2452
2453 301.0943603515625 2453
2454 301.0968017578125 2454
2455 301.0991821289062 2455
2456 301.1015625 2456
2457 301.1037902832031 2457
2458 301.1060485839844 2458
2459 301.1081848144531 2459
2460 301.1102905273438 2460
2461 301.1123657226562 2461
2462 301.1143493652344 2462
2463 301.1162719726562 2463
2464 301.1181335449219 2464
2465 301.1199645996094 2465
2466 301.1217041015625 2466
2467 301.1233825683594 2467
2468 301.1250305175781 2468
2469 301.1265869140625 2469
2470 301.1281127929688 2470
2471 301.1295471191406 2471
2472 301.1309509277344 2472
2473 301.1322631835938 2473
2474 301.133544921875 2474
2475 301.1347351074219 2475
2476 301.1358642578125 2476
2477 301.136962890625 2477
2478 301.1380004882812 2478
2479 301.1389770507812 2479
2480 301.139892578125 2480
2481 301.1407165527344 2481
2482 301.1415405273438 2482
2483 301.1422729492188 2483
2484 301.1429748535156 2484
2485 301.1435852050781 2485
2486 301.1441650390625 2486
2487 301.1446838378906 2487
2488 301.1451721191406 2488
2489 301.1455993652344 2489
2490 301.1459350585938 2490
2491 301.1462707519531 2491
2492 301.1465759277344 2492
2493 301.1467895507812 2493
2494 301.1470031738281 2494
2495 301.1471252441406 2495
2496 301.1472473144531 2496
2497 301.1473083496094 2497
2498 301.1473388671875 2498
2499 301.1473388671875 2499
2500 301.1473083496094 2500
