"point-d-rfile"
"Time Step" "point-d etc.."
("Time Step" "point-d" "flow-time")
0 283 0
1 283 1
2 283 2
3 283 3
4 283 4
5 283 5
6 283 6
7 283 7
8 283 8
9 283 9
10 283 10
11 283 11
12 283 12
13 283 13
14 283 14
15 283 15
16 283 16
17 283 17
18 283 18
19 283 19
20 283 20
21 283 21
22 283 22
23 283 23
24 283 24
25 283 25
26 283 26
27 283 27
28 283 28
29 283 29
30 283.0000305175781 30
31 283.0000610351562 31
32 283.0000610351562 32
33 283.0000610351562 33
34 283.0001220703125 34
35 283.0001220703125 35
36 283.0001831054688 36
37 283.0001831054688 37
38 283.0002746582031 38
39 283.0003051757812 39
40 283.0003662109375 40
41 283.0004577636719 41
42 283.0005493164062 42
43 283.0006713867188 43
44 283.0008239746094 44
45 283.0009765625 45
46 283.0011596679688 46
47 283.0013427734375 47
48 283.0015563964844 48
49 283.0018310546875 49
50 283.0021057128906 50
51 283.00244140625 51
52 283.0028076171875 52
53 283.0032043457031 53
54 283.003662109375 54
55 283.004150390625 55
56 283.0047302246094 56
57 283.0053100585938 57
58 283.0059814453125 58
59 283.0067443847656 59
60 283.0075378417969 60
61 283.0084228515625 61
62 283.0093688964844 62
63 283.0103759765625 63
64 283.0115051269531 64
65 283.0126953125 65
66 283.0140075683594 66
67 283.0154113769531 67
68 283.0168762207031 68
69 283.0184936523438 69
70 283.0202026367188 70
71 283.0220336914062 71
72 283.02392578125 72
73 283.0260009765625 73
74 283.0281982421875 74
75 283.0304870605469 75
76 283.0329284667969 76
77 283.0354919433594 77
78 283.0382080078125 78
79 283.0410766601562 79
80 283.0440673828125 80
81 283.0472106933594 81
82 283.0505065917969 82
83 283.053955078125 83
84 283.0575561523438 84
85 283.0613098144531 85
86 283.0652160644531 86
87 283.0693054199219 87
88 283.0735473632812 88
89 283.0779724121094 89
90 283.0825500488281 90
91 283.0872802734375 91
92 283.0922241210938 92
93 283.0973205566406 93
94 283.1025695800781 94
95 283.1080322265625 95
96 283.1136169433594 96
97 283.1194152832031 97
98 283.1253967285156 98
99 283.1315002441406 99
100 283.1378479003906 100
101 283.1443176269531 101
102 283.1510009765625 102
103 283.1578369140625 103
104 283.1648559570312 104
105 283.1720581054688 105
106 283.1794128417969 106
107 283.1869812011719 107
108 283.1947021484375 108
109 283.2025756835938 109
110 283.2106628417969 110
111 283.2189025878906 111
112 283.227294921875 112
113 283.2358703613281 113
114 283.24462890625 114
115 283.2535400390625 115
116 283.2626037597656 116
117 283.2718505859375 117
118 283.28125 118
119 283.2908325195312 119
120 283.300537109375 120
121 283.3104248046875 121
122 283.3204650878906 122
123 283.3306274414062 123
124 283.3409729003906 124
125 283.3514404296875 125
126 283.3621215820312 126
127 283.3728942871094 127
128 283.3838195800781 128
129 283.3948669433594 129
130 283.4060974121094 130
131 283.4174194335938 131
132 283.4288940429688 132
133 283.4404907226562 133
134 283.4522399902344 134
135 283.464111328125 135
136 283.4761047363281 136
137 283.4882202148438 137
138 283.50048828125 138
139 283.5128479003906 139
140 283.5252990722656 140
141 283.5379028320312 141
142 283.5505981445312 142
143 283.5634155273438 143
144 283.5763244628906 144
145 283.5893249511719 145
146 283.6024475097656 146
147 283.6156616210938 147
148 283.6290283203125 148
149 283.6424255371094 149
150 283.6559143066406 150
151 283.6695251464844 151
152 283.6831970214844 152
153 283.6969604492188 153
154 283.7108154296875 154
155 283.7247314453125 155
156 283.7387390136719 156
157 283.7528686523438 157
158 283.7669677734375 158
159 283.7812194824219 159
160 283.7955322265625 160
161 283.8098754882812 161
162 283.8243103027344 162
163 283.8387756347656 163
164 283.8533325195312 164
165 283.8679504394531 165
166 283.8825988769531 166
167 283.8972778320312 167
168 283.9120483398438 168
169 283.9268493652344 169
170 283.9417114257812 170
171 283.9566040039062 171
172 283.9715576171875 172
173 283.9865112304688 173
174 284.0015258789062 174
175 284.0165710449219 175
176 284.0316772460938 176
177 284.0467529296875 177
178 284.0618896484375 178
179 284.0770568847656 179
180 284.0922546386719 180
181 284.1074523925781 181
182 284.1226806640625 182
183 284.137939453125 183
184 284.1531982421875 184
185 284.1684875488281 185
186 284.1837768554688 186
187 284.1990661621094 187
188 284.2143859863281 188
189 284.2296752929688 189
190 284.2449951171875 190
191 284.2603149414062 191
192 284.2756958007812 192
193 284.2909851074219 193
194 284.3063049316406 194
195 284.3216247558594 195
196 284.3369445800781 196
197 284.3522644042969 197
198 284.3675537109375 198
199 284.3828430175781 199
200 284.3981323242188 200
201 284.4133605957031 201
202 284.4286193847656 202
203 284.44384765625 203
204 284.4590454101562 204
205 284.4742431640625 205
206 284.4893798828125 206
207 284.5045471191406 207
208 284.5196533203125 208
209 284.5347290039062 209
210 284.5498046875 210
211 284.5648193359375 211
212 284.5798645019531 212
213 284.5948181152344 213
214 284.6097412109375 214
215 284.6246643066406 215
216 284.6395263671875 216
217 284.6543579101562 217
218 284.6691284179688 218
219 284.6838684082031 219
220 284.6986083984375 220
221 284.7132568359375 221
222 284.7278747558594 222
223 284.7424621582031 223
224 284.7569885253906 224
225 284.7714538574219 225
226 284.785888671875 226
227 284.80029296875 227
228 284.8146057128906 228
229 284.8288879394531 229
230 284.8431091308594 230
231 284.8572998046875 231
232 284.8713989257812 232
233 284.8854675292969 233
234 284.8994445800781 234
235 284.9133911132812 235
236 284.9272766113281 236
237 284.9411010742188 237
238 284.9548645019531 238
239 284.9685668945312 239
240 284.982177734375 240
241 284.9957580566406 241
242 285.00927734375 242
243 285.022705078125 243
244 285.0360717773438 244
245 285.0493774414062 245
246 285.0625915527344 246
247 285.0757446289062 247
248 285.0888671875 248
249 285.1018676757812 249
250 285.1148071289062 250
251 285.127685546875 251
252 285.1405029296875 252
253 285.1532287597656 253
254 285.1658935546875 254
255 285.1784362792969 255
256 285.19091796875 256
257 285.203369140625 257
258 285.2156982421875 258
259 285.2279357910156 259
260 285.2401123046875 260
261 285.2522277832031 261
262 285.2642211914062 262
263 285.2761535644531 263
264 285.2880249023438 264
265 285.2998046875 265
266 285.3114624023438 266
267 285.3230590820312 267
268 285.3345947265625 268
269 285.3460083007812 269
270 285.3573303222656 270
271 285.3685913085938 271
272 285.3797302246094 272
273 285.3908386230469 273
274 285.4018249511719 274
275 285.4127197265625 275
276 285.4235229492188 276
277 285.4342346191406 277
278 285.4448547363281 278
279 285.4554138183594 279
280 285.4658203125 280
281 285.4761657714844 281
282 285.4864196777344 282
283 285.49658203125 283
284 285.5066528320312 284
285 285.5166320800781 285
286 285.5264892578125 286
287 285.5362854003906 287
288 285.5459594726562 288
289 285.5555419921875 289
290 285.5650634765625 290
291 285.5744018554688 291
292 285.583740234375 292
293 285.5929260253906 293
294 285.6020202636719 294
295 285.6110229492188 295
296 285.6199340820312 296
297 285.6287231445312 297
298 285.637451171875 298
299 285.6460571289062 299
300 285.6545715332031 300
301 285.6629638671875 301
302 285.6713256835938 302
303 285.6795043945312 303
304 285.6876525878906 304
305 285.6956787109375 305
306 285.70361328125 306
307 285.7114562988281 307
308 285.7192077636719 308
309 285.7268371582031 309
310 285.7344055175781 310
311 285.7418823242188 311
312 285.749267578125 312
313 285.756591796875 313
314 285.7637939453125 314
315 285.7709350585938 315
316 285.7780151367188 316
317 285.7850036621094 317
318 285.7919006347656 318
319 285.7987670898438 319
320 285.8055419921875 320
321 285.8122253417969 321
322 285.8189086914062 322
323 285.8255004882812 323
324 285.83203125 324
325 285.8385620117188 325
326 285.8450012207031 326
327 285.8514099121094 327
328 285.8577880859375 328
329 285.8641357421875 329
330 285.8704223632812 330
331 285.8767395019531 331
332 285.8830261230469 332
333 285.8892822265625 333
334 285.8955078125 334
335 285.9017639160156 335
336 285.9080200195312 336
337 285.9142456054688 337
338 285.9205017089844 338
339 285.9267578125 339
340 285.9330444335938 340
341 285.9393615722656 341
342 285.9456787109375 342
343 285.9520568847656 343
344 285.95849609375 344
345 285.9649047851562 345
346 285.9714050292969 346
347 285.9779357910156 347
348 285.9844970703125 348
349 285.9911499023438 349
350 285.9978637695312 350
351 286.0046081542969 351
352 286.0114440917969 352
353 286.0183410644531 353
354 286.0252990722656 354
355 286.0323486328125 355
356 286.0394592285156 356
357 286.0466613769531 357
358 286.053955078125 358
359 286.0613098144531 359
360 286.0687866210938 360
361 286.0763244628906 361
362 286.083984375 362
363 286.0917053222656 363
364 286.0995178222656 364
365 286.1074829101562 365
366 286.115478515625 366
367 286.1235961914062 367
368 286.1318664550781 368
369 286.1401977539062 369
370 286.1486206054688 370
371 286.1571350097656 371
372 286.165771484375 372
373 286.1745300292969 373
374 286.1833801269531 374
375 286.1923522949219 375
376 286.201416015625 376
377 286.2105712890625 377
378 286.2198486328125 378
379 286.229248046875 379
380 286.2387084960938 380
381 286.248291015625 381
382 286.2580261230469 382
383 286.267822265625 383
384 286.2777099609375 384
385 286.2877197265625 385
386 286.2978515625 386
387 286.3080444335938 387
388 286.318359375 388
389 286.3287963867188 389
390 286.3392944335938 390
391 286.3499145507812 391
392 286.3606262207031 392
393 286.3714294433594 393
394 286.38232421875 394
395 286.393310546875 395
396 286.4043884277344 396
397 286.4155578613281 397
398 286.4268188476562 398
399 286.4381713867188 399
400 286.4495849609375 400
401 286.4611206054688 401
402 286.4727172851562 402
403 286.4844055175781 403
404 286.4961547851562 404
405 286.5079956054688 405
406 286.5198974609375 406
407 286.5318908691406 407
408 286.5439758300781 408
409 286.5560913085938 409
410 286.5682983398438 410
411 286.58056640625 411
412 286.5928955078125 412
413 286.6052856445312 413
414 286.6177368164062 414
415 286.6302490234375 415
416 286.642822265625 416
417 286.6554565429688 417
418 286.6681518554688 418
419 286.6808776855469 419
420 286.6936645507812 420
421 286.7065124511719 421
422 286.7193908691406 422
423 286.7322998046875 423
424 286.7453002929688 424
425 286.75830078125 425
426 286.7713317871094 426
427 286.784423828125 427
428 286.7975463867188 428
429 286.8107299804688 429
430 286.8239135742188 430
431 286.8371276855469 431
432 286.8503723144531 432
433 286.8636474609375 433
434 286.876953125 434
435 286.8902587890625 435
436 286.9036254882812 436
437 286.9169616699219 437
438 286.9303588867188 438
439 286.9437255859375 439
440 286.9571533203125 440
441 286.9705505371094 441
442 286.9839477539062 442
443 286.9974060058594 443
444 287.0108642578125 444
445 287.0242919921875 445
446 287.0377807617188 446
447 287.0512390136719 447
448 287.0646667480469 448
449 287.078125 449
450 287.091552734375 450
451 287.1050109863281 451
452 287.1184387207031 452
453 287.1318664550781 453
454 287.1452941894531 454
455 287.15869140625 455
456 287.172119140625 456
457 287.1854858398438 457
458 287.1988525390625 458
459 287.2121887207031 459
460 287.2255249023438 460
461 287.2388305664062 461
462 287.2521362304688 462
463 287.265380859375 463
464 287.2786254882812 464
465 287.2918395996094 465
466 287.3050231933594 466
467 287.3181762695312 467
468 287.331298828125 468
469 287.3443908691406 469
470 287.3574829101562 470
471 287.3705139160156 471
472 287.3835144042969 472
473 287.3964538574219 473
474 287.4093627929688 474
475 287.4222412109375 475
476 287.4350891113281 476
477 287.4478759765625 477
478 287.4606323242188 478
479 287.473388671875 479
480 287.4860229492188 480
481 287.4986572265625 481
482 287.51123046875 482
483 287.5237426757812 483
484 287.5361938476562 484
485 287.5486450195312 485
486 287.5610046386719 486
487 287.5733032226562 487
488 287.5855712890625 488
489 287.5977783203125 489
490 287.6099548339844 490
491 287.6220397949219 491
492 287.6340942382812 492
493 287.6460571289062 493
494 287.657958984375 494
495 287.6698303222656 495
496 287.681640625 496
497 287.693359375 497
498 287.7050170898438 498
499 287.7166137695312 499
500 287.7281494140625 500
501 287.7396240234375 501
502 287.7510375976562 502
503 287.7623596191406 503
504 287.7736206054688 504
505 287.7848205566406 505
506 287.7959594726562 506
507 287.8069763183594 507
508 287.8179931640625 508
509 287.8288879394531 509
510 287.8397216796875 510
511 287.8504638671875 511
512 287.8611450195312 512
513 287.8717651367188 513
514 287.8822937011719 514
515 287.8927612304688 515
516 287.9031066894531 516
517 287.9134216308594 517
518 287.9236450195312 518
519 287.9337768554688 519
520 287.9438171386719 520
521 287.9537963867188 521
522 287.9636840820312 522
523 287.9734802246094 523
524 287.9832153320312 524
525 287.9928588867188 525
526 288.0023803710938 526
527 288.0118408203125 527
528 288.021240234375 528
529 288.0305480957031 529
530 288.0397338867188 530
531 288.0488586425781 531
532 288.0578918457031 532
533 288.0668334960938 533
534 288.0757141113281 534
535 288.08447265625 535
536 288.0931396484375 536
537 288.1017150878906 537
538 288.1101989746094 538
539 288.1186218261719 539
540 288.1269226074219 540
541 288.1351318359375 541
542 288.1432495117188 542
543 288.1513061523438 543
544 288.1592407226562 544
545 288.1670532226562 545
546 288.1748046875 546
547 288.1824645996094 547
548 288.1900024414062 548
549 288.1974487304688 549
550 288.204833984375 550
551 288.2120971679688 551
552 288.2192687988281 552
553 288.226318359375 553
554 288.2332763671875 554
555 288.2401733398438 555
556 288.2469482421875 556
557 288.2536010742188 557
558 288.2601928710938 558
559 288.2666625976562 559
560 288.2730407714844 560
561 288.279296875 561
562 288.2854614257812 562
563 288.2915344238281 563
564 288.2975158691406 564
565 288.3034057617188 565
566 288.3091430664062 566
567 288.3148193359375 567
568 288.3203735351562 568
569 288.3258666992188 569
570 288.3312377929688 570
571 288.3365173339844 571
572 288.3416748046875 572
573 288.3467407226562 573
574 288.3517456054688 574
575 288.3566284179688 575
576 288.3613891601562 576
577 288.3660888671875 577
578 288.3706970214844 578
579 288.3751831054688 579
580 288.3796081542969 580
581 288.3839416503906 581
582 288.38818359375 582
583 288.392333984375 583
584 288.3964233398438 584
585 288.4004211425781 585
586 288.4043273925781 586
587 288.408203125 587
588 288.4119567871094 588
589 288.4157104492188 589
590 288.4193420410156 590
591 288.4229125976562 591
592 288.4264526367188 592
593 288.429931640625 593
594 288.433349609375 594
595 288.436767578125 595
596 288.4400939941406 596
597 288.4433898925781 597
598 288.4466552734375 598
599 288.4499206542969 599
600 288.453125 600
601 288.4563598632812 601
602 288.4595336914062 602
603 288.4627075195312 603
604 288.4658813476562 604
605 288.4690856933594 605
606 288.4722595214844 606
607 288.4754638671875 607
608 288.4786376953125 608
609 288.4818725585938 609
610 288.485107421875 610
611 288.4884033203125 611
612 288.49169921875 612
613 288.4950561523438 613
614 288.4984436035156 614
615 288.5018615722656 615
616 288.5053405761719 616
617 288.5088806152344 617
618 288.512451171875 618
619 288.51611328125 619
620 288.5198364257812 620
621 288.5236206054688 621
622 288.5274353027344 622
623 288.5313720703125 623
624 288.5353698730469 624
625 288.5394592285156 625
626 288.5436401367188 626
627 288.5478515625 627
628 288.5521850585938 628
629 288.556640625 629
630 288.5611572265625 630
631 288.5657653808594 631
632 288.5704650878906 632
633 288.5752868652344 633
634 288.5801696777344 634
635 288.5851745605469 635
636 288.5903015136719 636
637 288.5955200195312 637
638 288.600830078125 638
639 288.6062622070312 639
640 288.6117858886719 640
641 288.6174011230469 641
642 288.6231384277344 642
643 288.6290283203125 643
644 288.6349487304688 644
645 288.6410522460938 645
646 288.647216796875 646
647 288.6535034179688 647
648 288.6598815917969 648
649 288.6663818359375 649
650 288.6730041503906 650
651 288.6797180175781 651
652 288.6865234375 652
653 288.6934814453125 653
654 288.7005004882812 654
655 288.7076416015625 655
656 288.7149047851562 656
657 288.7222595214844 657
658 288.7297058105469 658
659 288.7372436523438 659
660 288.7449340820312 660
661 288.7526550292969 661
662 288.7605285644531 662
663 288.7684936523438 663
664 288.7764892578125 664
665 288.78466796875 665
666 288.7929077148438 666
667 288.8012084960938 667
668 288.8096313476562 668
669 288.8181762695312 669
670 288.8267211914062 670
671 288.8353881835938 671
672 288.8441772460938 672
673 288.85302734375 673
674 288.8619384765625 674
675 288.8709411621094 675
676 288.8800048828125 676
677 288.8891906738281 677
678 288.8984069824219 678
679 288.90771484375 679
680 288.9171142578125 680
681 288.9265441894531 681
682 288.93603515625 682
683 288.9456176757812 683
684 288.9552307128906 684
685 288.9649353027344 685
686 288.9747009277344 686
687 288.9845275878906 687
688 288.994384765625 688
689 289.0042724609375 689
690 289.0142517089844 690
691 289.0242919921875 691
692 289.0343627929688 692
693 289.0444946289062 693
694 289.0546569824219 694
695 289.0648498535156 695
696 289.0751037597656 696
697 289.0853881835938 697
698 289.095703125 698
699 289.1060485839844 699
700 289.116455078125 700
701 289.1268920898438 701
702 289.1373291015625 702
703 289.1478271484375 703
704 289.1583251953125 704
705 289.1688232421875 705
706 289.1793823242188 706
707 289.18994140625 707
708 289.2005615234375 708
709 289.211181640625 709
710 289.2217712402344 710
711 289.232421875 711
712 289.2430725097656 712
713 289.2537231445312 713
714 289.2643737792969 714
715 289.2750549316406 715
716 289.2857055664062 716
717 289.29638671875 717
718 289.3070983886719 718
719 289.3178100585938 719
720 289.3284606933594 720
721 289.3391418457031 721
722 289.3498229980469 722
723 289.3604736328125 723
724 289.3711547851562 724
725 289.3818054199219 725
726 289.3924255371094 726
727 289.4030456542969 727
728 289.4136657714844 728
729 289.4242553710938 729
730 289.4348449707031 730
731 289.4454040527344 731
732 289.4559326171875 732
733 289.4664916992188 733
734 289.4769897460938 734
735 289.4874267578125 735
736 289.4978637695312 736
737 289.50830078125 737
738 289.5187072753906 738
739 289.529052734375 739
740 289.5394287109375 740
741 289.5496826171875 741
742 289.5599670410156 742
743 289.5701904296875 743
744 289.5804138183594 744
745 289.590576171875 745
746 289.6007080078125 746
747 289.6107788085938 747
748 289.6208190917969 748
749 289.6307983398438 749
750 289.6407470703125 750
751 289.6506958007812 751
752 289.6605224609375 752
753 289.6703491210938 753
754 289.6801452636719 754
755 289.6898803710938 755
756 289.6995239257812 756
757 289.7091674804688 757
758 289.71875 758
759 289.728271484375 759
760 289.7377319335938 760
761 289.7471313476562 761
762 289.7564697265625 762
763 289.7657775878906 763
764 289.7750244140625 764
765 289.7842102050781 765
766 289.7933349609375 766
767 289.8023986816406 767
768 289.8114013671875 768
769 289.8203430175781 769
770 289.8292236328125 770
771 289.8380126953125 771
772 289.8467712402344 772
773 289.85546875 773
774 289.8640441894531 774
775 289.8726196289062 775
776 289.881103515625 776
777 289.8894653320312 777
778 289.8978271484375 778
779 289.9060974121094 779
780 289.914306640625 780
781 289.9224243164062 781
782 289.9304809570312 782
783 289.9384460449219 783
784 289.9463500976562 784
785 289.9541625976562 785
786 289.9619445800781 786
787 289.9696044921875 787
788 289.9772033691406 788
789 289.9847412109375 789
790 289.9921875 790
791 289.9995422363281 791
792 290.0068359375 792
793 290.0140380859375 793
794 290.0211486816406 794
795 290.0281982421875 795
796 290.03515625 796
797 290.0420227050781 797
798 290.048828125 798
799 290.0555114746094 799
800 290.0621643066406 800
801 290.0686950683594 801
802 290.0751342773438 802
803 290.0815124511719 803
804 290.0877990722656 804
805 290.093994140625 805
806 290.10009765625 806
807 290.1061096191406 807
808 290.112060546875 808
809 290.1178894042969 809
810 290.1236572265625 810
811 290.1293029785156 811
812 290.1348876953125 812
813 290.1403503417969 813
814 290.145751953125 814
815 290.1510314941406 815
816 290.1562194824219 816
817 290.1613464355469 817
818 290.1663818359375 818
819 290.1713256835938 819
820 290.1761169433594 820
821 290.1808471679688 821
822 290.1855163574219 822
823 290.1900634765625 823
824 290.1945190429688 824
825 290.1988830566406 825
826 290.203125 826
827 290.207275390625 827
828 290.2113647460938 828
829 290.21533203125 829
830 290.2192077636719 830
831 290.2229919433594 831
832 290.2266845703125 832
833 290.2302551269531 833
834 290.2337341308594 834
835 290.2371215820312 835
836 290.2404174804688 836
837 290.2435913085938 837
838 290.2467041015625 838
839 290.2496948242188 839
840 290.2526245117188 840
841 290.2554321289062 841
842 290.2581481933594 842
843 290.2607727050781 843
844 290.2632751464844 844
845 290.2657165527344 845
846 290.26806640625 846
847 290.2703247070312 847
848 290.2724914550781 848
849 290.2745971679688 849
850 290.2765502929688 850
851 290.2785034179688 851
852 290.2803039550781 852
853 290.2820434570312 853
854 290.2837524414062 854
855 290.2853393554688 855
856 290.286865234375 856
857 290.288330078125 857
858 290.2897644042969 858
859 290.2910766601562 859
860 290.2923889160156 860
861 290.2936096191406 861
862 290.2947692871094 862
863 290.2959289550781 863
864 290.2970275878906 864
865 290.298095703125 865
866 290.2991027832031 866
867 290.3001098632812 867
868 290.3010864257812 868
869 290.3020324707031 869
870 290.302978515625 870
871 290.3038940429688 871
872 290.3048095703125 872
873 290.3057250976562 873
874 290.306640625 874
875 290.3075866699219 875
876 290.3085327148438 876
877 290.3094787597656 877
878 290.3104553222656 878
879 290.3114624023438 879
880 290.3125 880
881 290.3135681152344 881
882 290.314697265625 882
883 290.3158569335938 883
884 290.3170776367188 884
885 290.3182983398438 885
886 290.3196411132812 886
887 290.3210144042969 887
888 290.3224487304688 888
889 290.323974609375 889
890 290.3255310058594 890
891 290.3271789550781 891
892 290.3289184570312 892
893 290.3307495117188 893
894 290.3326110839844 894
895 290.3345947265625 895
896 290.336669921875 896
897 290.3388061523438 897
898 290.3410949707031 898
899 290.3434448242188 899
900 290.3458862304688 900
901 290.3484191894531 901
902 290.35107421875 902
903 290.3538208007812 903
904 290.3566589355469 904
905 290.359619140625 905
906 290.3627014160156 906
907 290.3658752441406 907
908 290.369140625 908
909 290.3725280761719 909
910 290.3760681152344 910
911 290.3796691894531 911
912 290.3833923339844 912
913 290.3872375488281 913
914 290.3911743164062 914
915 290.395263671875 915
916 290.3994140625 916
917 290.4037170410156 917
918 290.4080810546875 918
919 290.41259765625 919
920 290.417236328125 920
921 290.4219665527344 921
922 290.4267883300781 922
923 290.4317626953125 923
924 290.4368286132812 924
925 290.4419860839844 925
926 290.447265625 926
927 290.45263671875 927
928 290.4581298828125 928
929 290.4637145996094 929
930 290.4694213867188 930
931 290.4751892089844 931
932 290.4810791015625 932
933 290.4870910644531 933
934 290.4931640625 934
935 290.4993896484375 935
936 290.5056457519531 936
937 290.5120239257812 937
938 290.5184936523438 938
939 290.5250549316406 939
940 290.5317077636719 940
941 290.5384521484375 941
942 290.5452575683594 942
943 290.5521545410156 943
944 290.5591430664062 944
945 290.5662231445312 945
946 290.5733642578125 946
947 290.58056640625 947
948 290.587890625 948
949 290.5952758789062 949
950 290.6027221679688 950
951 290.6102294921875 951
952 290.6177978515625 952
953 290.6254577636719 953
954 290.6331787109375 954
955 290.6409606933594 955
956 290.6487731933594 956
957 290.6566772460938 957
958 290.6646118164062 958
959 290.6726379394531 959
960 290.6806945800781 960
961 290.6888122558594 961
962 290.6969604492188 962
963 290.7052001953125 963
964 290.7134399414062 964
965 290.7217102050781 965
966 290.7300720214844 966
967 290.7384338378906 967
968 290.7468566894531 968
969 290.7553100585938 969
970 290.7637939453125 970
971 290.7722778320312 971
972 290.7808532714844 972
973 290.7894287109375 973
974 290.7980346679688 974
975 290.8066711425781 975
976 290.8153381347656 976
977 290.8240051269531 977
978 290.8327026367188 978
979 290.8414306640625 979
980 290.8501586914062 980
981 290.85888671875 981
982 290.86767578125 982
983 290.8764343261719 983
984 290.8852233886719 984
985 290.8939819335938 985
986 290.9028015136719 986
987 290.9115905761719 987
988 290.9203796386719 988
989 290.9291687011719 989
990 290.93798828125 990
991 290.94677734375 991
992 290.95556640625 992
993 290.9643859863281 993
994 290.97314453125 994
995 290.98193359375 995
996 290.99072265625 996
997 290.9994812011719 997
998 291.0082397460938 998
999 291.0169372558594 999
1000 291.025634765625 1000
1001 291.0343627929688 1001
1002 291.0430297851562 1002
1003 291.0516967773438 1003
1004 291.060302734375 1004
1005 291.0689392089844 1005
1006 291.0775146484375 1006
1007 291.0861206054688 1007
1008 291.0946655273438 1008
1009 291.1031494140625 1009
1010 291.1116333007812 1010
1011 291.1200866699219 1011
1012 291.1284790039062 1012
1013 291.1368713378906 1013
1014 291.1452331542969 1014
1015 291.153564453125 1015
1016 291.1618041992188 1016
1017 291.1700744628906 1017
1018 291.1782836914062 1018
1019 291.1864318847656 1019
1020 291.194580078125 1020
1021 291.20263671875 1021
1022 291.2106628417969 1022
1023 291.2186584472656 1023
1024 291.2265930175781 1024
1025 291.2344970703125 1025
1026 291.2423400878906 1026
1027 291.2501220703125 1027
1028 291.2578735351562 1028
1029 291.2655639648438 1029
1030 291.2732543945312 1030
1031 291.2808227539062 1031
1032 291.2883605957031 1032
1033 291.2958374023438 1033
1034 291.3032531738281 1034
1035 291.3106384277344 1035
1036 291.3179321289062 1036
1037 291.3251953125 1037
1038 291.3323669433594 1038
1039 291.3395080566406 1039
1040 291.3465881347656 1040
1041 291.3535766601562 1041
1042 291.3605346679688 1042
1043 291.367431640625 1043
1044 291.3742065429688 1044
1045 291.3809509277344 1045
1046 291.3876342773438 1046
1047 291.3942565917969 1047
1048 291.4008178710938 1048
1049 291.4072875976562 1049
1050 291.4136962890625 1050
1051 291.4200134277344 1051
1052 291.42626953125 1052
1053 291.4324951171875 1053
1054 291.4386291503906 1054
1055 291.4446716308594 1055
1056 291.4506225585938 1056
1057 291.4565124511719 1057
1058 291.4623718261719 1058
1059 291.4680786132812 1059
1060 291.4737548828125 1060
1061 291.4793701171875 1061
1062 291.4848937988281 1062
1063 291.4903259277344 1063
1064 291.4956970214844 1064
1065 291.5009765625 1065
1066 291.5061645507812 1066
1067 291.5112609863281 1067
1068 291.5162963867188 1068
1069 291.5212707519531 1069
1070 291.526123046875 1070
1071 291.5309143066406 1071
1072 291.5356140136719 1072
1073 291.5402221679688 1073
1074 291.5447387695312 1074
1075 291.5492248535156 1075
1076 291.5535888671875 1076
1077 291.557861328125 1077
1078 291.5620727539062 1078
1079 291.566162109375 1079
1080 291.5701904296875 1080
1081 291.5740966796875 1081
1082 291.5779418945312 1082
1083 291.5816955566406 1083
1084 291.5853271484375 1084
1085 291.5889282226562 1085
1086 291.5924072265625 1086
1087 291.5958251953125 1087
1088 291.5990905761719 1088
1089 291.602294921875 1089
1090 291.6054077148438 1090
1091 291.6084594726562 1091
1092 291.6113586425781 1092
1093 291.6141967773438 1093
1094 291.616943359375 1094
1095 291.6195983886719 1095
1096 291.6221313476562 1096
1097 291.6246032714844 1097
1098 291.6269836425781 1098
1099 291.6292724609375 1099
1100 291.6314392089844 1100
1101 291.6334838867188 1101
1102 291.635498046875 1102
1103 291.6373901367188 1103
1104 291.63916015625 1104
1105 291.6408996582031 1105
1106 291.6424865722656 1106
1107 291.6440124511719 1107
1108 291.6454162597656 1108
1109 291.646728515625 1109
1110 291.6479797363281 1110
1111 291.6491088867188 1111
1112 291.6501770019531 1112
1113 291.651123046875 1113
1114 291.6519775390625 1114
1115 291.6527709960938 1115
1116 291.6534423828125 1116
1117 291.654052734375 1117
1118 291.6545715332031 1118
1119 291.6549987792969 1119
1120 291.6553649902344 1120
1121 291.6556396484375 1121
1122 291.6558227539062 1122
1123 291.6559448242188 1123
1124 291.6560363769531 1124
1125 291.656005859375 1125
1126 291.6559448242188 1126
1127 291.6557922363281 1127
1128 291.6555786132812 1128
1129 291.6553344726562 1129
1130 291.6550598144531 1130
1131 291.6547241210938 1131
1132 291.654296875 1132
1133 291.6538696289062 1133
1134 291.6534118652344 1134
1135 291.6528930664062 1135
1136 291.6523742675781 1136
1137 291.65185546875 1137
1138 291.6512756347656 1138
1139 291.6506958007812 1139
1140 291.6500854492188 1140
1141 291.6495056152344 1141
1142 291.6488952636719 1142
1143 291.6483154296875 1143
1144 291.6477661132812 1144
1145 291.647216796875 1145
1146 291.6466674804688 1146
1147 291.6461486816406 1147
1148 291.6456604003906 1148
1149 291.6452026367188 1149
1150 291.644775390625 1150
1151 291.6444091796875 1151
1152 291.6441040039062 1152
1153 291.6438293457031 1153
1154 291.6435852050781 1154
1155 291.6434326171875 1155
1156 291.643310546875 1156
1157 291.6432800292969 1157
1158 291.643310546875 1158
1159 291.6434326171875 1159
1160 291.6436157226562 1160
1161 291.6438598632812 1161
1162 291.6442260742188 1162
1163 291.6446533203125 1163
1164 291.6452026367188 1164
1165 291.6458129882812 1165
1166 291.646484375 1166
1167 291.6473083496094 1167
1168 291.648193359375 1168
1169 291.6492004394531 1169
1170 291.6502990722656 1170
1171 291.6514892578125 1171
1172 291.6528015136719 1172
1173 291.6542358398438 1173
1174 291.6557312011719 1174
1175 291.6573486328125 1175
1176 291.6591186523438 1176
1177 291.6609802246094 1177
1178 291.6629333496094 1178
1179 291.6650390625 1179
1180 291.667236328125 1180
1181 291.6695251464844 1181
1182 291.6719360351562 1182
1183 291.6744689941406 1183
1184 291.6771240234375 1184
1185 291.6799011230469 1185
1186 291.6828002929688 1186
1187 291.6857604980469 1187
1188 291.6888732910156 1188
1189 291.6920776367188 1189
1190 291.6954345703125 1190
1191 291.6988830566406 1191
1192 291.7024230957031 1192
1193 291.7060852050781 1193
1194 291.7098693847656 1194
1195 291.7137756347656 1195
1196 291.7177429199219 1196
1197 291.7218322753906 1197
1198 291.72607421875 1198
1199 291.7303771972656 1199
1200 291.7348022460938 1200
1201 291.7393188476562 1201
1202 291.7439270019531 1202
1203 291.7486572265625 1203
1204 291.7534484863281 1204
1205 291.7583923339844 1205
1206 291.7633972167969 1206
1207 291.7684936523438 1207
1208 291.773681640625 1208
1209 291.7789916992188 1209
1210 291.7843627929688 1210
1211 291.7898559570312 1211
1212 291.79541015625 1212
1213 291.801025390625 1213
1214 291.8067626953125 1214
1215 291.8125610351562 1215
1216 291.8184204101562 1216
1217 291.8244018554688 1217
1218 291.8304443359375 1218
1219 291.8365173339844 1219
1220 291.8427124023438 1220
1221 291.8489685058594 1221
1222 291.8552856445312 1222
1223 291.8616638183594 1223
1224 291.8681030273438 1224
1225 291.8746337890625 1225
1226 291.8811950683594 1226
1227 291.8878173828125 1227
1228 291.8945007324219 1228
1229 291.9012451171875 1229
1230 291.9080200195312 1230
1231 291.9148864746094 1231
1232 291.9218139648438 1232
1233 291.9287414550781 1233
1234 291.9356994628906 1234
1235 291.9427490234375 1235
1236 291.9498291015625 1236
1237 291.9569396972656 1237
1238 291.9640808105469 1238
1239 291.9712524414062 1239
1240 291.978515625 1240
1241 291.9857482910156 1241
1242 291.9930419921875 1242
1243 292.0003662109375 1243
1244 292.0077209472656 1244
1245 292.0150756835938 1245
1246 292.0224609375 1246
1247 292.0298767089844 1247
1248 292.0373229980469 1248
1249 292.0447692871094 1249
1250 292.05224609375 1250
1251 292.0597229003906 1251
1252 292.0671997070312 1252
1253 292.07470703125 1253
1254 292.0822143554688 1254
1255 292.0897827148438 1255
1256 292.0972900390625 1256
1257 292.1048278808594 1257
1258 292.1123657226562 1258
1259 292.1199035644531 1259
1260 292.1274719238281 1260
1261 292.135009765625 1261
1262 292.1425476074219 1262
1263 292.1500549316406 1263
1264 292.1575927734375 1264
1265 292.1651000976562 1265
1266 292.1726379394531 1266
1267 292.1801147460938 1267
1268 292.1875915527344 1268
1269 292.195068359375 1269
1270 292.2025146484375 1270
1271 292.2099914550781 1271
1272 292.2174072265625 1272
1273 292.2247924804688 1273
1274 292.232177734375 1274
1275 292.2395324707031 1275
1276 292.2468872070312 1276
1277 292.2541809082031 1277
1278 292.261474609375 1278
1279 292.2687377929688 1279
1280 292.2759399414062 1280
1281 292.2831420898438 1281
1282 292.2903137207031 1282
1283 292.2974243164062 1283
1284 292.3045349121094 1284
1285 292.3116149902344 1285
1286 292.3186340332031 1286
1287 292.3256225585938 1287
1288 292.3325500488281 1288
1289 292.3394775390625 1289
1290 292.3463439941406 1290
1291 292.3531799316406 1291
1292 292.3599548339844 1292
1293 292.36669921875 1293
1294 292.3734130859375 1294
1295 292.3800659179688 1295
1296 292.3866577148438 1296
1297 292.3932189941406 1297
1298 292.3996887207031 1298
1299 292.4061889648438 1299
1300 292.4125366210938 1300
1301 292.4188842773438 1301
1302 292.4252014160156 1302
1303 292.4314575195312 1303
1304 292.4376220703125 1304
1305 292.4437255859375 1305
1306 292.4498291015625 1306
1307 292.4558410644531 1307
1308 292.4617614746094 1308
1309 292.4676818847656 1309
1310 292.4735107421875 1310
1311 292.4792785644531 1311
1312 292.4849853515625 1312
1313 292.4906311035156 1313
1314 292.4962158203125 1314
1315 292.501708984375 1315
1316 292.5071716308594 1316
1317 292.5125427246094 1317
1318 292.5178833007812 1318
1319 292.5231018066406 1319
1320 292.5282897949219 1320
1321 292.5334167480469 1321
1322 292.5384521484375 1322
1323 292.5433959960938 1323
1324 292.5483093261719 1324
1325 292.5531311035156 1325
1326 292.557861328125 1326
1327 292.5625610351562 1327
1328 292.567138671875 1328
1329 292.5716857910156 1329
1330 292.5761108398438 1330
1331 292.5805053710938 1331
1332 292.5848083496094 1332
1333 292.5890197753906 1333
1334 292.5931701660156 1334
1335 292.5972290039062 1335
1336 292.6011962890625 1336
1337 292.6051025390625 1337
1338 292.6089172363281 1338
1339 292.6126708984375 1339
1340 292.6163330078125 1340
1341 292.6199035644531 1341
1342 292.6234130859375 1342
1343 292.6268005371094 1343
1344 292.630126953125 1344
1345 292.6333618164062 1345
1346 292.6365356445312 1346
1347 292.6396179199219 1347
1348 292.642578125 1348
1349 292.6455078125 1349
1350 292.6483154296875 1350
1351 292.6510314941406 1351
1352 292.6536560058594 1352
1353 292.6562194824219 1353
1354 292.65869140625 1354
1355 292.6610717773438 1355
1356 292.663330078125 1356
1357 292.6655578613281 1357
1358 292.6676025390625 1358
1359 292.6696472167969 1359
1360 292.6715698242188 1360
1361 292.6734008789062 1361
1362 292.6751403808594 1362
1363 292.6767883300781 1363
1364 292.6783447265625 1364
1365 292.6798095703125 1365
1366 292.6811828613281 1366
1367 292.6824645996094 1367
1368 292.6836547851562 1368
1369 292.6847534179688 1369
1370 292.6857299804688 1370
1371 292.6866455078125 1371
1372 292.6874389648438 1372
1373 292.6881713867188 1373
1374 292.6887817382812 1374
1375 292.6893310546875 1375
1376 292.6897583007812 1376
1377 292.6900939941406 1377
1378 292.6903381347656 1378
1379 292.6904907226562 1379
1380 292.6905517578125 1380
1381 292.6905212402344 1381
1382 292.6904296875 1382
1383 292.6902160644531 1383
1384 292.68994140625 1384
1385 292.6895446777344 1385
1386 292.6891174316406 1386
1387 292.6885681152344 1387
1388 292.6879272460938 1388
1389 292.687255859375 1389
1390 292.6864318847656 1390
1391 292.6856079101562 1391
1392 292.6846923828125 1392
1393 292.6836547851562 1393
1394 292.6826171875 1394
1395 292.6814880371094 1395
1396 292.6802978515625 1396
1397 292.6790466308594 1397
1398 292.677734375 1398
1399 292.6764221191406 1399
1400 292.6750183105469 1400
1401 292.673583984375 1401
1402 292.6720886230469 1402
1403 292.6705932617188 1403
1404 292.6690673828125 1404
1405 292.66748046875 1405
1406 292.6658935546875 1406
1407 292.664306640625 1407
1408 292.6626892089844 1408
1409 292.6610717773438 1409
1410 292.6594543457031 1410
1411 292.6578063964844 1411
1412 292.65625 1412
1413 292.6546325683594 1413
1414 292.6530456542969 1414
1415 292.6514892578125 1415
1416 292.6499328613281 1416
1417 292.6484375 1417
1418 292.6469421386719 1418
1419 292.6455383300781 1419
1420 292.6441650390625 1420
1421 292.6427917480469 1421
1422 292.6415100097656 1422
1423 292.6402587890625 1423
1424 292.6390991210938 1424
1425 292.6380004882812 1425
1426 292.6369323730469 1426
1427 292.635986328125 1427
1428 292.6350708007812 1428
1429 292.63427734375 1429
1430 292.6335144042969 1430
1431 292.6328735351562 1431
1432 292.63232421875 1432
1433 292.6318359375 1433
1434 292.6314392089844 1434
1435 292.6311645507812 1435
1436 292.6309509277344 1436
1437 292.6308898925781 1437
1438 292.6308898925781 1438
1439 292.6309814453125 1439
1440 292.6312255859375 1440
1441 292.6315307617188 1441
1442 292.6319580078125 1442
1443 292.6325073242188 1443
1444 292.6331481933594 1444
1445 292.6339111328125 1445
1446 292.6347961425781 1446
1447 292.6357727050781 1447
1448 292.6368713378906 1448
1449 292.6381225585938 1449
1450 292.6394653320312 1450
1451 292.6408996582031 1451
1452 292.6424560546875 1452
1453 292.6441345214844 1453
1454 292.6459350585938 1454
1455 292.6478271484375 1455
1456 292.6498718261719 1456
1457 292.6520080566406 1457
1458 292.6542663574219 1458
1459 292.6566467285156 1459
1460 292.6591491699219 1460
1461 292.6617126464844 1461
1462 292.6644287109375 1462
1463 292.667236328125 1463
1464 292.6701965332031 1464
1465 292.6732177734375 1465
1466 292.6763916015625 1466
1467 292.6796264648438 1467
1468 292.6830139160156 1468
1469 292.6864624023438 1469
1470 292.6900634765625 1470
1471 292.6937255859375 1471
1472 292.697509765625 1472
1473 292.7013854980469 1473
1474 292.7053833007812 1474
1475 292.7094421386719 1475
1476 292.7135925292969 1476
1477 292.7178649902344 1477
1478 292.7222290039062 1478
1479 292.7266845703125 1479
1480 292.731201171875 1480
1481 292.73583984375 1481
1482 292.7405395507812 1482
1483 292.7453308105469 1483
1484 292.7501831054688 1484
1485 292.7551574707031 1485
1486 292.7601928710938 1486
1487 292.7652893066406 1487
1488 292.7704772949219 1488
1489 292.7757568359375 1489
1490 292.7810668945312 1490
1491 292.7864685058594 1491
1492 292.7919311523438 1492
1493 292.7974853515625 1493
1494 292.8030700683594 1494
1495 292.8087158203125 1495
1496 292.8144226074219 1496
1497 292.8202209472656 1497
1498 292.8260498046875 1498
1499 292.8319396972656 1499
1500 292.837890625 1500
1501 292.8438720703125 1501
1502 292.8499145507812 1502
1503 292.8559875488281 1503
1504 292.8621215820312 1504
1505 292.8682861328125 1505
1506 292.87451171875 1506
1507 292.8807678222656 1507
1508 292.8870544433594 1508
1509 292.8934020996094 1509
1510 292.8997802734375 1510
1511 292.9061279296875 1511
1512 292.91259765625 1512
1513 292.9190063476562 1513
1514 292.9254760742188 1514
1515 292.9320068359375 1515
1516 292.9385375976562 1516
1517 292.945068359375 1517
1518 292.95166015625 1518
1519 292.9582214355469 1519
1520 292.9648132324219 1520
1521 292.971435546875 1521
1522 292.9780883789062 1522
1523 292.9847106933594 1523
1524 292.9913330078125 1524
1525 292.9980163574219 1525
1526 293.0046691894531 1526
1527 293.0113525390625 1527
1528 293.0180053710938 1528
1529 293.024658203125 1529
1530 293.0313720703125 1530
1531 293.0380249023438 1531
1532 293.044677734375 1532
1533 293.0513305664062 1533
1534 293.0579833984375 1534
1535 293.0646362304688 1535
1536 293.0712585449219 1536
1537 293.077880859375 1537
1538 293.0845031738281 1538
1539 293.0910949707031 1539
1540 293.09765625 1540
1541 293.104248046875 1541
1542 293.1107788085938 1542
1543 293.1173095703125 1543
1544 293.1238098144531 1544
1545 293.1302795410156 1545
1546 293.1367492675781 1546
1547 293.1431579589844 1547
1548 293.1495666503906 1548
1549 293.1559448242188 1549
1550 293.1622924804688 1550
1551 293.1686096191406 1551
1552 293.1748962402344 1552
1553 293.18115234375 1553
1554 293.1873779296875 1554
1555 293.1935424804688 1555
1556 293.19970703125 1556
1557 293.205810546875 1557
1558 293.2118835449219 1558
1559 293.2178955078125 1559
1560 293.223876953125 1560
1561 293.2298583984375 1561
1562 293.2357482910156 1562
1563 293.2416076660156 1563
1564 293.2474365234375 1564
1565 293.253173828125 1565
1566 293.2589111328125 1566
1567 293.2645874023438 1567
1568 293.2702026367188 1568
1569 293.2757568359375 1569
1570 293.2813110351562 1570
1571 293.2867431640625 1571
1572 293.2921752929688 1572
1573 293.2975463867188 1573
1574 293.3028259277344 1574
1575 293.30810546875 1575
1576 293.3132934570312 1576
1577 293.3184204101562 1577
1578 293.323486328125 1578
1579 293.3284912109375 1579
1580 293.3334350585938 1580
1581 293.3383178710938 1581
1582 293.3431701660156 1582
1583 293.3479309082031 1583
1584 293.3526306152344 1584
1585 293.3572387695312 1585
1586 293.36181640625 1586
1587 293.3663330078125 1587
1588 293.3707885742188 1588
1589 293.3751525878906 1589
1590 293.3794250488281 1590
1591 293.3836669921875 1591
1592 293.3878173828125 1592
1593 293.3919372558594 1593
1594 293.3959350585938 1594
1595 293.3998718261719 1595
1596 293.4037780761719 1596
1597 293.4075622558594 1597
1598 293.4112854003906 1598
1599 293.4149475097656 1599
1600 293.4185180664062 1600
1601 293.4220275878906 1601
1602 293.4254455566406 1602
1603 293.4287719726562 1603
1604 293.4320373535156 1604
1605 293.4352416992188 1605
1606 293.4383544921875 1606
1607 293.4413757324219 1607
1608 293.4443359375 1608
1609 293.4472045898438 1609
1610 293.4499816894531 1610
1611 293.4526672363281 1611
1612 293.455322265625 1612
1613 293.4578552246094 1613
1614 293.4603271484375 1614
1615 293.4626770019531 1615
1616 293.4649658203125 1616
1617 293.4671630859375 1617
1618 293.4692993164062 1618
1619 293.4713439941406 1619
1620 293.4732666015625 1620
1621 293.4751586914062 1621
1622 293.4768981933594 1622
1623 293.4786071777344 1623
1624 293.4801940917969 1624
1625 293.481689453125 1625
1626 293.4830932617188 1626
1627 293.4844360351562 1627
1628 293.4856872558594 1628
1629 293.4868469238281 1629
1630 293.4879150390625 1630
1631 293.4888610839844 1631
1632 293.48974609375 1632
1633 293.4905395507812 1633
1634 293.4912414550781 1634
1635 293.4918518066406 1635
1636 293.4923706054688 1636
1637 293.4927673339844 1637
1638 293.4931030273438 1638
1639 293.4933471679688 1639
1640 293.4934997558594 1640
1641 293.4935302734375 1641
1642 293.4934997558594 1642
1643 293.4933776855469 1643
1644 293.4931335449219 1644
1645 293.4927978515625 1645
1646 293.4924011230469 1646
1647 293.4918823242188 1647
1648 293.4913024902344 1648
1649 293.4906005859375 1649
1650 293.4898071289062 1650
1651 293.4889526367188 1651
1652 293.4880065917969 1652
1653 293.4869995117188 1653
1654 293.48583984375 1654
1655 293.484619140625 1655
1656 293.4833679199219 1656
1657 293.4819946289062 1657
1658 293.4805297851562 1658
1659 293.47900390625 1659
1660 293.4774169921875 1660
1661 293.4757385253906 1661
1662 293.4739990234375 1662
1663 293.4721984863281 1663
1664 293.4703063964844 1664
1665 293.4684143066406 1665
1666 293.4664001464844 1666
1667 293.4643859863281 1667
1668 293.4622802734375 1668
1669 293.4601440429688 1669
1670 293.4580078125 1670
1671 293.455810546875 1671
1672 293.4535522460938 1672
1673 293.4512939453125 1673
1674 293.448974609375 1674
1675 293.4466552734375 1675
1676 293.4443359375 1676
1677 293.4419860839844 1677
1678 293.4396667480469 1678
1679 293.4373168945312 1679
1680 293.4349670410156 1680
1681 293.4326171875 1681
1682 293.4302978515625 1682
1683 293.4280090332031 1683
1684 293.4257202148438 1684
1685 293.4234619140625 1685
1686 293.4212341308594 1686
1687 293.4190368652344 1687
1688 293.4168701171875 1688
1689 293.4147644042969 1689
1690 293.4127197265625 1690
1691 293.4107360839844 1691
1692 293.4087524414062 1692
1693 293.4068908691406 1693
1694 293.4050598144531 1694
1695 293.4033203125 1695
1696 293.401611328125 1696
1697 293.4000244140625 1697
1698 293.3984985351562 1698
1699 293.3970336914062 1699
1700 293.3956909179688 1700
1701 293.3944091796875 1701
1702 293.3932189941406 1702
1703 293.3921508789062 1703
1704 293.3911437988281 1704
1705 293.3902587890625 1705
1706 293.3894348144531 1706
1707 293.3887634277344 1707
1708 293.38818359375 1708
1709 293.3876953125 1709
1710 293.3873291015625 1710
1711 293.3870544433594 1711
1712 293.3869018554688 1712
1713 293.3868408203125 1713
1714 293.3869323730469 1714
1715 293.3871154785156 1715
1716 293.3873901367188 1716
1717 293.3878173828125 1717
1718 293.3883361816406 1718
1719 293.3889770507812 1719
1720 293.3897399902344 1720
1721 293.390625 1721
1722 293.3916015625 1722
1723 293.3927307128906 1723
1724 293.3939514160156 1724
1725 293.3952941894531 1725
1726 293.396728515625 1726
1727 293.3983154296875 1727
1728 293.4000244140625 1728
1729 293.4018249511719 1729
1730 293.4037475585938 1730
1731 293.40576171875 1731
1732 293.4078979492188 1732
1733 293.41015625 1733
1734 293.4125061035156 1734
1735 293.4149780273438 1735
1736 293.4176025390625 1736
1737 293.4202575683594 1737
1738 293.4230651855469 1738
1739 293.4259643554688 1739
1740 293.4289855957031 1740
1741 293.4320678710938 1741
1742 293.4352722167969 1742
1743 293.4385986328125 1743
1744 293.4420166015625 1744
1745 293.4454956054688 1745
1746 293.4490966796875 1746
1747 293.4527893066406 1747
1748 293.4565734863281 1748
1749 293.46044921875 1749
1750 293.4644165039062 1750
1751 293.4684448242188 1751
1752 293.4725952148438 1752
1753 293.476806640625 1753
1754 293.4810791015625 1754
1755 293.4854736328125 1755
1756 293.4898986816406 1756
1757 293.4944458007812 1757
1758 293.4990234375 1758
1759 293.5036926269531 1759
1760 293.5084533691406 1760
1761 293.5132446289062 1761
1762 293.5181579589844 1762
1763 293.5230712890625 1763
1764 293.528076171875 1764
1765 293.5331420898438 1765
1766 293.5382690429688 1766
1767 293.54345703125 1767
1768 293.5487060546875 1768
1769 293.5539855957031 1769
1770 293.559326171875 1770
1771 293.5647277832031 1771
1772 293.5701599121094 1772
1773 293.5756530761719 1773
1774 293.5811767578125 1774
1775 293.5867309570312 1775
1776 293.5923461914062 1776
1777 293.5980224609375 1777
1778 293.6036987304688 1778
1779 293.6094360351562 1779
1780 293.6151733398438 1780
1781 293.6209716796875 1781
1782 293.6267700195312 1782
1783 293.6325988769531 1783
1784 293.6384887695312 1784
1785 293.6443481445312 1785
1786 293.6502685546875 1786
1787 293.6562194824219 1787
1788 293.6621704101562 1788
1789 293.6681518554688 1789
1790 293.6741333007812 1790
1791 293.6801147460938 1791
1792 293.6861267089844 1792
1793 293.692138671875 1793
1794 293.6981811523438 1794
1795 293.7042236328125 1795
1796 293.7102355957031 1796
1797 293.7162780761719 1797
1798 293.7223510742188 1798
1799 293.7283630371094 1799
1800 293.7344360351562 1800
1801 293.7404479980469 1801
1802 293.7464904785156 1802
1803 293.7525024414062 1803
1804 293.758544921875 1804
1805 293.7645263671875 1805
1806 293.7705383300781 1806
1807 293.7765502929688 1807
1808 293.7825317382812 1808
1809 293.7884826660156 1809
1810 293.79443359375 1810
1811 293.8003540039062 1811
1812 293.8062438964844 1812
1813 293.8121337890625 1813
1814 293.8180236816406 1814
1815 293.8238525390625 1815
1816 293.8296508789062 1816
1817 293.83544921875 1817
1818 293.8412475585938 1818
1819 293.8469543457031 1819
1820 293.8526611328125 1820
1821 293.8583374023438 1821
1822 293.8639831542969 1822
1823 293.8695983886719 1823
1824 293.8751831054688 1824
1825 293.8807373046875 1825
1826 293.88623046875 1826
1827 293.8916931152344 1827
1828 293.8970947265625 1828
1829 293.9024963378906 1829
1830 293.9078369140625 1830
1831 293.9131469726562 1831
1832 293.9183959960938 1832
1833 293.923583984375 1833
1834 293.9287719726562 1834
1835 293.9338989257812 1835
1836 293.93896484375 1836
1837 293.9440002441406 1837
1838 293.948974609375 1838
1839 293.953857421875 1839
1840 293.958740234375 1840
1841 293.9635925292969 1841
1842 293.9683227539062 1842
1843 293.9730224609375 1843
1844 293.9776916503906 1844
1845 293.9822998046875 1845
1846 293.98681640625 1846
1847 293.9913024902344 1847
1848 293.9957275390625 1848
1849 294.0000915527344 1849
1850 294.00439453125 1850
1851 294.0086669921875 1851
1852 294.0128173828125 1852
1853 294.0169067382812 1853
1854 294.0209655761719 1854
1855 294.0249328613281 1855
1856 294.0288696289062 1856
1857 294.03271484375 1857
1858 294.0364990234375 1858
1859 294.0402221679688 1859
1860 294.0438842773438 1860
1861 294.0474243164062 1861
1862 294.0509643554688 1862
1863 294.0543823242188 1863
1864 294.0577392578125 1864
1865 294.06103515625 1865
1866 294.0642700195312 1866
1867 294.0674133300781 1867
1868 294.0704650878906 1868
1869 294.073486328125 1869
1870 294.076416015625 1870
1871 294.0792236328125 1871
1872 294.08203125 1872
1873 294.084716796875 1873
1874 294.0873107910156 1874
1875 294.0898742675781 1875
1876 294.09228515625 1876
1877 294.0946960449219 1877
1878 294.0969848632812 1878
1879 294.0992126464844 1879
1880 294.1013488769531 1880
1881 294.1033935546875 1881
1882 294.1053466796875 1882
1883 294.1072692871094 1883
1884 294.1090393066406 1884
1885 294.1107788085938 1885
1886 294.1124267578125 1886
1887 294.1139831542969 1887
1888 294.1154174804688 1888
1889 294.1167907714844 1889
1890 294.1181030273438 1890
1891 294.1193237304688 1891
1892 294.1204223632812 1892
1893 294.1214599609375 1893
1894 294.1224365234375 1894
1895 294.123291015625 1895
1896 294.1240539550781 1896
1897 294.1247253417969 1897
1898 294.1253356933594 1898
1899 294.1258239746094 1899
1900 294.126220703125 1900
1901 294.1265563964844 1901
1902 294.1268005371094 1902
1903 294.1269226074219 1903
1904 294.1269836425781 1904
1905 294.126953125 1905
1906 294.1268005371094 1906
1907 294.1265869140625 1907
1908 294.1262817382812 1908
1909 294.1258544921875 1909
1910 294.1253662109375 1910
1911 294.124755859375 1911
1912 294.1240844726562 1912
1913 294.123291015625 1913
1914 294.1224060058594 1914
1915 294.1214599609375 1915
1916 294.1203918457031 1916
1917 294.1192626953125 1917
1918 294.1180114746094 1918
1919 294.11669921875 1919
1920 294.1152648925781 1920
1921 294.11376953125 1921
1922 294.1121826171875 1922
1923 294.1105346679688 1923
1924 294.1087646484375 1924
1925 294.10693359375 1925
1926 294.1050109863281 1926
1927 294.10302734375 1927
1928 294.1009521484375 1928
1929 294.0988159179688 1929
1930 294.0966186523438 1930
1931 294.0943298339844 1931
1932 294.0919799804688 1932
1933 294.0895690917969 1933
1934 294.0870971679688 1934
1935 294.0845947265625 1935
1936 294.08203125 1936
1937 294.0794067382812 1937
1938 294.0767211914062 1938
1939 294.0740356445312 1939
1940 294.0712890625 1940
1941 294.0685119628906 1941
1942 294.0657043457031 1942
1943 294.0628662109375 1943
1944 294.06005859375 1944
1945 294.0571899414062 1945
1946 294.0542907714844 1946
1947 294.0514221191406 1947
1948 294.0485534667969 1948
1949 294.045654296875 1949
1950 294.0428161621094 1950
1951 294.0399475097656 1951
1952 294.037109375 1952
1953 294.0343017578125 1953
1954 294.0315246582031 1954
1955 294.0287780761719 1955
1956 294.0260620117188 1956
1957 294.0233764648438 1957
1958 294.020751953125 1958
1959 294.0181579589844 1959
1960 294.015625 1960
1961 294.01318359375 1961
1962 294.0107421875 1962
1963 294.0084228515625 1963
1964 294.006103515625 1964
1965 294.00390625 1965
1966 294.0018005371094 1966
1967 293.999755859375 1967
1968 293.9977722167969 1968
1969 293.9959106445312 1969
1970 293.994140625 1970
1971 293.992431640625 1971
1972 293.9908142089844 1972
1973 293.9893188476562 1973
1974 293.9878845214844 1974
1975 293.986572265625 1975
1976 293.9853820800781 1976
1977 293.9842834472656 1977
1978 293.9832763671875 1978
1979 293.9823913574219 1979
1980 293.9816284179688 1980
1981 293.98095703125 1981
1982 293.9804077148438 1982
1983 293.97998046875 1983
1984 293.9796142578125 1984
1985 293.9794311523438 1985
1986 293.9793090820312 1986
1987 293.9793395996094 1987
1988 293.9794616699219 1988
1989 293.979736328125 1989
1990 293.9801025390625 1990
1991 293.9805908203125 1991
1992 293.981201171875 1992
1993 293.98193359375 1993
1994 293.9827575683594 1994
1995 293.9837036132812 1995
1996 293.9847717285156 1996
1997 293.9859619140625 1997
1998 293.9872741699219 1998
1999 293.9887084960938 1999
2000 293.990234375 2000
2001 293.9918823242188 2001
2002 293.9936218261719 2002
2003 293.9954833984375 2003
2004 293.9974670410156 2004
2005 293.9995422363281 2005
2006 294.0017395019531 2006
2007 294.0040588378906 2007
2008 294.0064697265625 2008
2009 294.0089721679688 2009
2010 294.0115661621094 2010
2011 294.0142822265625 2011
2012 294.01708984375 2012
2013 294.02001953125 2013
2014 294.0230102539062 2014
2015 294.026123046875 2015
2016 294.0293273925781 2016
2017 294.0325927734375 2017
2018 294.0360107421875 2018
2019 294.0394592285156 2019
2020 294.0430297851562 2020
2021 294.0466918945312 2021
2022 294.0503845214844 2022
2023 294.05419921875 2023
2024 294.0580749511719 2024
2025 294.0620422363281 2025
2026 294.0661010742188 2026
2027 294.0701904296875 2027
2028 294.0744018554688 2028
2029 294.0786437988281 2029
2030 294.0829772949219 2030
2031 294.0873718261719 2031
2032 294.0918273925781 2032
2033 294.0963745117188 2033
2034 294.1009521484375 2034
2035 294.1055908203125 2035
2036 294.1103210449219 2036
2037 294.1150512695312 2037
2038 294.119873046875 2038
2039 294.1247253417969 2039
2040 294.129638671875 2040
2041 294.1346130371094 2041
2042 294.1396179199219 2042
2043 294.1446838378906 2043
2044 294.1497802734375 2044
2045 294.1549072265625 2045
2046 294.1600646972656 2046
2047 294.165283203125 2047
2048 294.1705322265625 2048
2049 294.1758117675781 2049
2050 294.1811218261719 2050
2051 294.1864624023438 2051
2052 294.1918334960938 2052
2053 294.1972351074219 2053
2054 294.20263671875 2054
2055 294.2080993652344 2055
2056 294.2135620117188 2056
2057 294.2190246582031 2057
2058 294.2245483398438 2058
2059 294.2300415039062 2059
2060 294.235595703125 2060
2061 294.2411499023438 2061
2062 294.2466735839844 2062
2063 294.2522277832031 2063
2064 294.2578125 2064
2065 294.2633666992188 2065
2066 294.2689514160156 2066
2067 294.2745361328125 2067
2068 294.2800903320312 2068
2069 294.2857055664062 2069
2070 294.291259765625 2070
2071 294.2968444824219 2071
2072 294.3023986816406 2072
2073 294.3079528808594 2073
2074 294.3135070800781 2074
2075 294.3190612792969 2075
2076 294.3245849609375 2076
2077 294.330078125 2077
2078 294.3356018066406 2078
2079 294.341064453125 2079
2080 294.3465576171875 2080
2081 294.3519897460938 2081
2082 294.357421875 2082
2083 294.3628234863281 2083
2084 294.3682250976562 2084
2085 294.3735961914062 2085
2086 294.3789367675781 2086
2087 294.3842163085938 2087
2088 294.3895263671875 2088
2089 294.394775390625 2089
2090 294.3999633789062 2090
2091 294.4052124023438 2091
2092 294.4103698730469 2092
2093 294.4154663085938 2093
2094 294.4205627441406 2094
2095 294.4255981445312 2095
2096 294.4306030273438 2096
2097 294.4356079101562 2097
2098 294.4405517578125 2098
2099 294.4454345703125 2099
2100 294.4502868652344 2100
2101 294.455078125 2101
2102 294.4598388671875 2102
2103 294.4645690917969 2103
2104 294.46923828125 2104
2105 294.473876953125 2105
2106 294.4784545898438 2106
2107 294.4829711914062 2107
2108 294.4874572753906 2108
2109 294.4918518066406 2109
2110 294.4962463378906 2110
2111 294.5005798339844 2111
2112 294.5048217773438 2112
2113 294.509033203125 2113
2114 294.51318359375 2114
2115 294.5172729492188 2115
2116 294.5213317871094 2116
2117 294.5252990722656 2117
2118 294.5292358398438 2118
2119 294.5330810546875 2119
2120 294.536865234375 2120
2121 294.5406188964844 2121
2122 294.5443115234375 2122
2123 294.5479125976562 2123
2124 294.5514526367188 2124
2125 294.554931640625 2125
2126 294.558349609375 2126
2127 294.5617065429688 2127
2128 294.5649719238281 2128
2129 294.5681762695312 2129
2130 294.5713195800781 2130
2131 294.5744018554688 2131
2132 294.577392578125 2132
2133 294.580322265625 2133
2134 294.5831909179688 2134
2135 294.5859680175781 2135
2136 294.5886840820312 2136
2137 294.5913391113281 2137
2138 294.5939025878906 2138
2139 294.5963745117188 2139
2140 294.5988159179688 2140
2141 294.6011352539062 2141
2142 294.6033935546875 2142
2143 294.6055908203125 2143
2144 294.6076965332031 2144
2145 294.6097106933594 2145
2146 294.6116638183594 2146
2147 294.613525390625 2147
2148 294.6152954101562 2148
2149 294.6170349121094 2149
2150 294.61865234375 2150
2151 294.6202087402344 2151
2152 294.6216735839844 2152
2153 294.623046875 2153
2154 294.6243286132812 2154
2155 294.6255493164062 2155
2156 294.6266784667969 2156
2157 294.6277160644531 2157
2158 294.628662109375 2158
2159 294.6295471191406 2159
2160 294.6303405761719 2160
2161 294.6310424804688 2161
2162 294.6316528320312 2162
2163 294.6321716308594 2163
2164 294.6325988769531 2164
2165 294.6329650878906 2165
2166 294.6332397460938 2166
2167 294.6333923339844 2167
2168 294.6334838867188 2168
2169 294.6334533691406 2169
2170 294.6333618164062 2170
2171 294.6331787109375 2171
2172 294.6329040527344 2172
2173 294.6325378417969 2173
2174 294.632080078125 2174
2175 294.6315307617188 2175
2176 294.6308898925781 2176
2177 294.630126953125 2177
2178 294.6293334960938 2178
2179 294.62841796875 2179
2180 294.6274108886719 2180
2181 294.6262817382812 2181
2182 294.6251220703125 2182
2183 294.6238098144531 2183
2184 294.6224365234375 2184
2185 294.6209716796875 2185
2186 294.6194152832031 2186
2187 294.6177978515625 2187
2188 294.6160278320312 2188
2189 294.6141967773438 2189
2190 294.6123046875 2190
2191 294.6103210449219 2191
2192 294.6082153320312 2192
2193 294.6060485839844 2193
2194 294.6038208007812 2194
2195 294.6015014648438 2195
2196 294.59912109375 2196
2197 294.5966186523438 2197
2198 294.5940856933594 2198
2199 294.5914611816406 2199
2200 294.5888061523438 2200
2201 294.5860290527344 2201
2202 294.583251953125 2202
2203 294.580322265625 2203
2204 294.5774230957031 2204
2205 294.5744323730469 2205
2206 294.5714111328125 2206
2207 294.568359375 2207
2208 294.5652465820312 2208
2209 294.5621032714844 2209
2210 294.5588989257812 2210
2211 294.5557250976562 2211
2212 294.552490234375 2212
2213 294.5492248535156 2213
2214 294.5459594726562 2214
2215 294.5426940917969 2215
2216 294.5394287109375 2216
2217 294.5361328125 2217
2218 294.5328674316406 2218
2219 294.5296020507812 2219
2220 294.5263671875 2220
2221 294.5231018066406 2221
2222 294.5198974609375 2222
2223 294.5167236328125 2223
2224 294.5135803222656 2224
2225 294.5104675292969 2225
2226 294.5073852539062 2226
2227 294.5043640136719 2227
2228 294.5014038085938 2228
2229 294.4984741210938 2229
2230 294.49560546875 2230
2231 294.4927978515625 2231
2232 294.4900512695312 2232
2233 294.4873962402344 2233
2234 294.4848022460938 2234
2235 294.4822998046875 2235
2236 294.4798278808594 2236
2237 294.4774780273438 2237
2238 294.4752197265625 2238
2239 294.4730224609375 2239
2240 294.470947265625 2240
2241 294.4689331054688 2241
2242 294.467041015625 2242
2243 294.4652709960938 2243
2244 294.4635620117188 2244
2245 294.4619750976562 2245
2246 294.4604797363281 2246
2247 294.4590759277344 2247
2248 294.4577941894531 2248
2249 294.4566345214844 2249
2250 294.4555969238281 2250
2251 294.4546508789062 2251
2252 294.4538269042969 2252
2253 294.453125 2253
2254 294.4525146484375 2254
2255 294.4520263671875 2255
2256 294.4516906738281 2256
2257 294.4514465332031 2257
2258 294.4512939453125 2258
2259 294.4512939453125 2259
2260 294.451416015625 2260
2261 294.4515991210938 2261
2262 294.4519653320312 2262
2263 294.452392578125 2263
2264 294.4530029296875 2264
2265 294.4536743164062 2265
2266 294.4544677734375 2266
2267 294.4553833007812 2267
2268 294.4564514160156 2268
2269 294.4576110839844 2269
2270 294.4588623046875 2270
2271 294.4602355957031 2271
2272 294.4617309570312 2272
2273 294.4633178710938 2273
2274 294.4650268554688 2274
2275 294.4668579101562 2275
2276 294.46875 2276
2277 294.4707946777344 2277
2278 294.4729614257812 2278
2279 294.4751586914062 2279
2280 294.4775085449219 2280
2281 294.4799499511719 2281
2282 294.4824829101562 2282
2283 294.4851379394531 2283
2284 294.4878540039062 2284
2285 294.4906921386719 2285
2286 294.4935913085938 2286
2287 294.4966125488281 2287
2288 294.4996948242188 2288
2289 294.5028991699219 2289
2290 294.5061645507812 2290
2291 294.509521484375 2291
2292 294.512939453125 2292
2293 294.5164794921875 2293
2294 294.5200805664062 2294
2295 294.5237426757812 2295
2296 294.5274963378906 2296
2297 294.5313110351562 2297
2298 294.5352172851562 2298
2299 294.5391540527344 2299
2300 294.543212890625 2300
2301 294.5472717285156 2301
2302 294.5514526367188 2302
2303 294.5556640625 2303
2304 294.5599365234375 2304
2305 294.5642700195312 2305
2306 294.5686645507812 2306
2307 294.5731201171875 2307
2308 294.5776062011719 2308
2309 294.5821533203125 2309
2310 294.5867614746094 2310
2311 294.5914001464844 2311
2312 294.5960998535156 2312
2313 294.600830078125 2313
2314 294.6055908203125 2314
2315 294.6104125976562 2315
2316 294.6152954101562 2316
2317 294.6201477050781 2317
2318 294.6250915527344 2318
2319 294.6300048828125 2319
2320 294.635009765625 2320
2321 294.6400146484375 2321
2322 294.6450500488281 2322
2323 294.6501159667969 2323
2324 294.6552124023438 2324
2325 294.6603088378906 2325
2326 294.6654052734375 2326
2327 294.6705627441406 2327
2328 294.6757507324219 2328
2329 294.680908203125 2329
2330 294.6860961914062 2330
2331 294.6912841796875 2331
2332 294.6964721679688 2332
2333 294.7016906738281 2333
2334 294.7069091796875 2334
2335 294.7121276855469 2335
2336 294.7173461914062 2336
2337 294.7225952148438 2337
2338 294.7278137207031 2338
2339 294.7330322265625 2339
2340 294.7382507324219 2340
2341 294.7434692382812 2341
2342 294.7486572265625 2342
2343 294.7538757324219 2343
2344 294.759033203125 2344
2345 294.7642211914062 2345
2346 294.7693786621094 2346
2347 294.7745361328125 2347
2348 294.7796936035156 2348
2349 294.7847900390625 2349
2350 294.7898864746094 2350
2351 294.7949829101562 2351
2352 294.8000183105469 2352
2353 294.8050842285156 2353
2354 294.8100891113281 2354
2355 294.8150634765625 2355
2356 294.8200378417969 2356
2357 294.8249816894531 2357
2358 294.8298645019531 2358
2359 294.8347473144531 2359
2360 294.839599609375 2360
2361 294.8444213867188 2361
2362 294.8491821289062 2362
2363 294.8539428710938 2363
2364 294.858642578125 2364
2365 294.8633117675781 2365
2366 294.867919921875 2366
2367 294.8725280761719 2367
2368 294.8770751953125 2368
2369 294.881591796875 2369
2370 294.8860473632812 2370
2371 294.8904724121094 2371
2372 294.8948364257812 2372
2373 294.899169921875 2373
2374 294.9034729003906 2374
2375 294.90771484375 2375
2376 294.911865234375 2376
2377 294.916015625 2377
2378 294.9200744628906 2378
2379 294.9241333007812 2379
2380 294.9281005859375 2380
2381 294.9320373535156 2381
2382 294.9359130859375 2382
2383 294.939697265625 2383
2384 294.9434814453125 2384
2385 294.9471740722656 2385
2386 294.9508361816406 2386
2387 294.9544067382812 2387
2388 294.9579162597656 2388
2389 294.9613952636719 2389
2390 294.9647827148438 2390
2391 294.9681091308594 2391
2392 294.9714050292969 2392
2393 294.974609375 2393
2394 294.9777526855469 2394
2395 294.9808349609375 2395
2396 294.9838562011719 2396
2397 294.9867858886719 2397
2398 294.9896850585938 2398
2399 294.9924926757812 2399
2400 294.9952087402344 2400
2401 294.9978637695312 2401
2402 295.00048828125 2402
2403 295.0029907226562 2403
2404 295.0054626464844 2404
2405 295.0078430175781 2405
2406 295.0101318359375 2406
2407 295.0123901367188 2407
2408 295.0145263671875 2408
2409 295.0166320800781 2409
2410 295.0186157226562 2410
2411 295.0205688476562 2411
2412 295.0223999023438 2412
2413 295.0242004394531 2413
2414 295.02587890625 2414
2415 295.0274963378906 2415
2416 295.029052734375 2416
2417 295.0304870605469 2417
2418 295.0318908691406 2418
2419 295.033203125 2419
2420 295.0343933105469 2420
2421 295.0355224609375 2421
2422 295.0365600585938 2422
2423 295.0375366210938 2423
2424 295.0384216308594 2424
2425 295.0392150878906 2425
2426 295.0399475097656 2426
2427 295.0405883789062 2427
2428 295.0411376953125 2428
2429 295.0415649414062 2429
2430 295.0419921875 2430
2431 295.042236328125 2431
2432 295.0424499511719 2432
2433 295.0425720214844 2433
2434 295.0426025390625 2434
2435 295.0425415039062 2435
2436 295.0423889160156 2436
2437 295.0421447753906 2437
2438 295.0418090820312 2438
2439 295.0414123535156 2439
2440 295.0408935546875 2440
2441 295.040283203125 2441
2442 295.0396118164062 2442
2443 295.038818359375 2443
2444 295.0379638671875 2444
2445 295.0369873046875 2445
2446 295.0359191894531 2446
2447 295.0347900390625 2447
2448 295.0335388183594 2448
2449 295.0322265625 2449
2450 295.0307922363281 2450
2451 295.0292663574219 2451
2452 295.0276794433594 2452
2453 295.0260009765625 2453
2454 295.0242004394531 2454
2455 295.0223388671875 2455
2456 295.0203552246094 2456
2457 295.018310546875 2457
2458 295.0161743164062 2458
2459 295.0139465332031 2459
2460 295.0115966796875 2460
2461 295.0092468261719 2461
2462 295.0067749023438 2462
2463 295.0042114257812 2463
2464 295.0015563964844 2464
2465 294.9988403320312 2465
2466 294.9960327148438 2466
2467 294.9931945800781 2467
2468 294.9902648925781 2468
2469 294.9872436523438 2469
2470 294.9841918945312 2470
2471 294.9810791015625 2471
2472 294.9779052734375 2472
2473 294.9746398925781 2473
2474 294.9713745117188 2474
2475 294.968017578125 2475
2476 294.9646606445312 2476
2477 294.9612121582031 2477
2478 294.957763671875 2478
2479 294.9542846679688 2479
2480 294.9507751464844 2480
2481 294.9472351074219 2481
2482 294.9436645507812 2482
2483 294.9400939941406 2483
2484 294.9365234375 2484
2485 294.9329223632812 2485
2486 294.9293212890625 2486
2487 294.9257507324219 2487
2488 294.9221801757812 2488
2489 294.9186401367188 2489
2490 294.9151000976562 2490
2491 294.9115600585938 2491
2492 294.9080810546875 2492
2493 294.9046020507812 2493
2494 294.9012145996094 2494
2495 294.8978271484375 2495
2496 294.8945007324219 2496
2497 294.8912048339844 2497
2498 294.8879699707031 2498
2499 294.8848266601562 2499
2500 294.8816833496094 2500
