"point-e-rfile"
"Time Step" "point-e etc.."
("Time Step" "point-e" "flow-time")
0 283 0
1 283 1
2 283 2
3 283 3
4 283 4
5 283 5
6 283 6
7 283 7
8 283 8
9 283 9
10 283 10
11 283 11
12 283 12
13 283 13
14 283 14
15 283 15
16 283 16
17 283 17
18 283 18
19 283 19
20 283 20
21 283 21
22 283 22
23 283 23
24 283 24
25 283 25
26 283 26
27 283 27
28 283 28
29 283 29
30 283 30
31 283 31
32 283 32
33 283 33
34 283 34
35 283 35
36 283 36
37 283 37
38 283 38
39 283 39
40 283 40
41 283 41
42 283 42
43 283.0000305175781 43
44 283.0000305175781 44
45 283.0000305175781 45
46 283.0000610351562 46
47 283.0000610351562 47
48 283.0000915527344 48
49 283.0001220703125 49
50 283.0001220703125 50
51 283.0001525878906 51
52 283.0001831054688 52
53 283.0002136230469 53
54 283.000244140625 54
55 283.0003051757812 55
56 283.0003662109375 56
57 283.0003967285156 57
58 283.00048828125 58
59 283.0005493164062 59
60 283.0006408691406 60
61 283.000732421875 61
62 283.0008239746094 62
63 283.0009765625 63
64 283.0010986328125 64
65 283.0012512207031 65
66 283.0013732910156 66
67 283.0015869140625 67
68 283.0017700195312 68
69 283.001953125 69
70 283.002197265625 70
71 283.00244140625 71
72 283.0027465820312 72
73 283.0030517578125 73
74 283.0033569335938 74
75 283.0037231445312 75
76 283.0040893554688 76
77 283.0044860839844 77
78 283.0049438476562 78
79 283.0054321289062 79
80 283.0059509277344 80
81 283.0064697265625 81
82 283.007080078125 82
83 283.0076904296875 83
84 283.0083618164062 84
85 283.0090637207031 85
86 283.0098266601562 86
87 283.0106201171875 87
88 283.011474609375 88
89 283.0123596191406 89
90 283.0133056640625 90
91 283.0143127441406 91
92 283.015380859375 92
93 283.0165100097656 93
94 283.0176696777344 94
95 283.0188903808594 95
96 283.0202331542969 96
97 283.0215759277344 97
98 283.0230102539062 98
99 283.0245056152344 99
100 283.0260620117188 100
101 283.0276794433594 101
102 283.0293579101562 102
103 283.0311584472656 103
104 283.0329895019531 104
105 283.034912109375 105
106 283.0369262695312 106
107 283.0390014648438 107
108 283.0411682128906 108
109 283.0433959960938 109
110 283.0457153320312 110
111 283.0481262207031 111
112 283.0505981445312 112
113 283.0531616210938 113
114 283.0558166503906 114
115 283.0585632324219 115
116 283.0614013671875 116
117 283.0643310546875 117
118 283.0673217773438 118
119 283.0704345703125 119
120 283.0736389160156 120
121 283.0769348144531 121
122 283.0802917480469 122
123 283.083740234375 123
124 283.0873107910156 124
125 283.0909729003906 125
126 283.0947265625 126
127 283.0985717773438 127
128 283.1025390625 128
129 283.1065673828125 129
130 283.1107177734375 130
131 283.1149597167969 131
132 283.1192626953125 132
133 283.1236877441406 133
134 283.1282348632812 134
135 283.1328735351562 135
136 283.1375732421875 136
137 283.1423950195312 137
138 283.1473083496094 138
139 283.1523132324219 139
140 283.1574401855469 140
141 283.1626586914062 141
142 283.1679382324219 142
143 283.17333984375 143
144 283.1788635253906 144
145 283.1844482421875 145
146 283.1901245117188 146
147 283.1959533691406 147
148 283.2018127441406 148
149 283.2077941894531 149
150 283.2138671875 150
151 283.2200317382812 151
152 283.226318359375 152
153 283.232666015625 153
154 283.2391052246094 154
155 283.2456665039062 155
156 283.2522888183594 156
157 283.259033203125 157
158 283.2658386230469 158
159 283.2727355957031 159
160 283.2797241210938 160
161 283.2868041992188 161
162 283.2940063476562 162
163 283.30126953125 163
164 283.3086242675781 164
165 283.3160400390625 165
166 283.3235473632812 166
167 283.3311767578125 167
168 283.3388671875 168
169 283.3466186523438 169
170 283.3544921875 170
171 283.3623962402344 171
172 283.3704223632812 172
173 283.3785095214844 173
174 283.3866577148438 174
175 283.3948974609375 175
176 283.4032592773438 176
177 283.4116516113281 177
178 283.4201354980469 178
179 283.4286804199219 179
180 283.4373168945312 180
181 283.4459838867188 181
182 283.4547424316406 182
183 283.4635925292969 183
184 283.4725036621094 184
185 283.4814453125 185
186 283.4905090332031 186
187 283.4996032714844 187
188 283.5087890625 188
189 283.5180053710938 189
190 283.5272827148438 190
191 283.5366516113281 191
192 283.5460815429688 192
193 283.5555419921875 193
194 283.5650634765625 194
195 283.5746765136719 195
196 283.5843200683594 196
197 283.5940551757812 197
198 283.6038208007812 198
199 283.6136169433594 199
200 283.6234741210938 200
201 283.6333923339844 201
202 283.6433410644531 202
203 283.6533813476562 203
204 283.6634521484375 204
205 283.6735229492188 205
206 283.6837158203125 206
207 283.6939086914062 207
208 283.7041625976562 208
209 283.7144165039062 209
210 283.7247619628906 210
211 283.7351379394531 211
212 283.7455444335938 212
213 283.7559814453125 213
214 283.7664794921875 214
215 283.7770080566406 215
216 283.7875671386719 216
217 283.7981567382812 217
218 283.8087768554688 218
219 283.8194580078125 219
220 283.8301391601562 220
221 283.8408813476562 221
222 283.8516235351562 222
223 283.8623962402344 223
224 283.8731994628906 224
225 283.884033203125 225
226 283.8948669433594 226
227 283.9057922363281 227
228 283.9166564941406 228
229 283.9276123046875 229
230 283.9385375976562 230
231 283.9495544433594 231
232 283.9605102539062 232
233 283.9715270996094 233
234 283.9825439453125 234
235 283.9935913085938 235
236 284.004638671875 236
237 284.0157165527344 237
238 284.0267944335938 238
239 284.0379028320312 239
240 284.0490112304688 240
241 284.0601501464844 241
242 284.0712585449219 242
243 284.0823974609375 243
244 284.0935974121094 244
245 284.1047058105469 245
246 284.1158752441406 246
247 284.1270446777344 247
248 284.1382141113281 248
249 284.1493835449219 249
250 284.1605529785156 250
251 284.1717224121094 251
252 284.1829223632812 252
253 284.194091796875 253
254 284.2052917480469 254
255 284.2164611816406 255
256 284.2276306152344 256
257 284.2388305664062 257
258 284.2499694824219 258
259 284.2611694335938 259
260 284.2723083496094 260
261 284.283447265625 261
262 284.2946166992188 262
263 284.3057250976562 263
264 284.31689453125 264
265 284.3279724121094 265
266 284.339111328125 266
267 284.3502197265625 267
268 284.3612976074219 268
269 284.3723449707031 269
270 284.3833923339844 270
271 284.3944702148438 271
272 284.4054870605469 272
273 284.41650390625 273
274 284.4275207519531 274
275 284.4384765625 275
276 284.4494323730469 276
277 284.4603881835938 277
278 284.4713134765625 278
279 284.4822082519531 279
280 284.4931030273438 280
281 284.5039672851562 281
282 284.5148010253906 282
283 284.525634765625 283
284 284.5364379882812 284
285 284.5471801757812 285
286 284.5579223632812 286
287 284.5686645507812 287
288 284.579345703125 288
289 284.5900268554688 289
290 284.6006469726562 290
291 284.6112365722656 291
292 284.6218566894531 292
293 284.6323852539062 293
294 284.6429138183594 294
295 284.6534423828125 295
296 284.6638793945312 296
297 284.67431640625 297
298 284.6847229003906 298
299 284.695068359375 299
300 284.7054138183594 300
301 284.7157287597656 301
302 284.7259521484375 302
303 284.7361755371094 303
304 284.7463684082031 304
305 284.7565307617188 305
306 284.7666625976562 306
307 284.7767333984375 307
308 284.7868041992188 308
309 284.7967834472656 309
310 284.8067932128906 310
311 284.8167114257812 311
312 284.8265991210938 312
313 284.8364562988281 313
314 284.8462524414062 314
315 284.8560180664062 315
316 284.8657836914062 316
317 284.8754577636719 317
318 284.8851318359375 318
319 284.8947143554688 319
320 284.9043273925781 320
321 284.9138488769531 321
322 284.92333984375 322
323 284.9328002929688 323
324 284.9421997070312 324
325 284.9515686035156 325
326 284.9609069824219 326
327 284.97021484375 327
328 284.9794921875 328
329 284.9886779785156 329
330 284.9978637695312 330
331 285.0070190429688 331
332 285.01611328125 332
333 285.0252075195312 333
334 285.0342407226562 334
335 285.043212890625 335
336 285.0521850585938 336
337 285.0611572265625 337
338 285.0700378417969 338
339 285.0789184570312 339
340 285.0877380371094 340
341 285.0965576171875 341
342 285.1053161621094 342
343 285.1140747070312 343
344 285.1228332519531 344
345 285.1315612792969 345
346 285.1402282714844 346
347 285.1488952636719 347
348 285.1575317382812 348
349 285.1661682128906 349
350 285.1747741699219 350
351 285.183349609375 351
352 285.1919555664062 352
353 285.2005004882812 353
354 285.2091064453125 354
355 285.2176513671875 355
356 285.2261657714844 356
357 285.2347106933594 357
358 285.2432556152344 358
359 285.2517700195312 359
360 285.2602844238281 360
361 285.2688598632812 361
362 285.27734375 362
363 285.285888671875 363
364 285.29443359375 364
365 285.302978515625 365
366 285.3115539550781 366
367 285.3201293945312 367
368 285.3287048339844 368
369 285.3373107910156 369
370 285.3458862304688 370
371 285.3545227050781 371
372 285.3631591796875 372
373 285.371826171875 373
374 285.3805236816406 374
375 285.3892211914062 375
376 285.39794921875 376
377 285.4067077636719 377
378 285.4154968261719 378
379 285.42431640625 379
380 285.4331665039062 380
381 285.4420471191406 381
382 285.450927734375 382
383 285.4598693847656 383
384 285.4688415527344 384
385 285.4778442382812 385
386 285.4869079589844 386
387 285.4959716796875 387
388 285.5050964355469 388
389 285.5142211914062 389
390 285.5234375 390
391 285.5326843261719 391
392 285.5419921875 392
393 285.55126953125 393
394 285.5606384277344 394
395 285.570068359375 395
396 285.5795288085938 396
397 285.5890197753906 397
398 285.5985717773438 398
399 285.6081848144531 399
400 285.6178283691406 400
401 285.6275024414062 401
402 285.63720703125 402
403 285.6470336914062 403
404 285.6568603515625 404
405 285.666748046875 405
406 285.6766967773438 406
407 285.6866455078125 407
408 285.6966857910156 408
409 285.7067565917969 409
410 285.7168884277344 410
411 285.7270812988281 411
412 285.7373046875 412
413 285.7476196289062 413
414 285.7579345703125 414
415 285.768310546875 415
416 285.7787475585938 416
417 285.7892456054688 417
418 285.7997741699219 418
419 285.8103637695312 419
420 285.8210144042969 420
421 285.8317260742188 421
422 285.8424072265625 422
423 285.8532104492188 423
424 285.8640747070312 424
425 285.8749389648438 425
426 285.8858947753906 426
427 285.8968811035156 427
428 285.9078979492188 428
429 285.9189758300781 429
430 285.9301147460938 430
431 285.9412841796875 431
432 285.9525146484375 432
433 285.9637756347656 433
434 285.97509765625 434
435 285.9864501953125 435
436 285.9978637695312 436
437 286.00927734375 437
438 286.0208129882812 438
439 286.0323486328125 439
440 286.0439147949219 440
441 286.0555419921875 441
442 286.0671997070312 442
443 286.0789184570312 443
444 286.0906372070312 444
445 286.1024169921875 445
446 286.1142578125 446
447 286.1260986328125 447
448 286.1380004882812 448
449 286.1499633789062 449
450 286.1619262695312 450
451 286.1739196777344 451
452 286.1859741210938 452
453 286.1980590820312 453
454 286.2101745605469 454
455 286.2222900390625 455
456 286.2344970703125 456
457 286.2466735839844 457
458 286.2589416503906 458
459 286.2712097167969 459
460 286.2835083007812 460
461 286.2958374023438 461
462 286.3081970214844 462
463 286.320556640625 463
464 286.3329772949219 464
465 286.3454284667969 465
466 286.3578796386719 466
467 286.3703308105469 467
468 286.3828430175781 468
469 286.3953552246094 469
470 286.4079284667969 470
471 286.4205322265625 471
472 286.43310546875 472
473 286.4457092285156 473
474 286.4583129882812 474
475 286.4709777832031 475
476 286.483642578125 476
477 286.4963073730469 477
478 286.5090026855469 478
479 286.521728515625 479
480 286.534423828125 480
481 286.5471496582031 481
482 286.5599060058594 482
483 286.5726928710938 483
484 286.58544921875 484
485 286.5982055664062 485
486 286.6109924316406 486
487 286.6238098144531 487
488 286.6366271972656 488
489 286.6494140625 489
490 286.6622314453125 490
491 286.675048828125 491
492 286.6878662109375 492
493 286.7007141113281 493
494 286.7135009765625 494
495 286.7263488769531 495
496 286.7391662597656 496
497 286.7520141601562 497
498 286.7648315429688 498
499 286.7776794433594 499
500 286.7904663085938 500
501 286.8033142089844 501
502 286.8161315917969 502
503 286.8289184570312 503
504 286.8417358398438 504
505 286.8545532226562 505
506 286.8673400878906 506
507 286.880126953125 507
508 286.8929138183594 508
509 286.9056701660156 509
510 286.91845703125 510
511 286.9311828613281 511
512 286.9439392089844 512
513 286.9566345214844 513
514 286.9693603515625 514
515 286.9820556640625 515
516 286.9947509765625 516
517 287.0074157714844 517
518 287.0200805664062 518
519 287.0327453613281 519
520 287.0453491210938 520
521 287.0579833984375 521
522 287.070556640625 522
523 287.0831298828125 523
524 287.0956726074219 524
525 287.1081848144531 525
526 287.1207275390625 526
527 287.1332092285156 527
528 287.1456604003906 528
529 287.1581115722656 529
530 287.1705017089844 530
531 287.1829223632812 531
532 287.1952819824219 532
533 287.2076110839844 533
534 287.2199401855469 534
535 287.2322387695312 535
536 287.2445068359375 536
537 287.2567138671875 537
538 287.2689208984375 538
539 287.2810974121094 539
540 287.2932434082031 540
541 287.3053588867188 541
542 287.3174438476562 542
543 287.3295288085938 543
544 287.3415222167969 544
545 287.353515625 545
546 287.365478515625 546
547 287.3774108886719 547
548 287.3892822265625 548
549 287.4011535644531 549
550 287.4129638671875 550
551 287.4247436523438 551
552 287.4364624023438 552
553 287.4481811523438 553
554 287.4598388671875 554
555 287.4714965820312 555
556 287.4830627441406 556
557 287.49462890625 557
558 287.5061340332031 558
559 287.5176086425781 559
560 287.5290222167969 560
561 287.5404052734375 561
562 287.5517578125 562
563 287.5630493164062 563
564 287.5743408203125 564
565 287.5855407714844 565
566 287.5967102050781 566
567 287.6078491210938 567
568 287.6189270019531 568
569 287.6299438476562 569
570 287.6409606933594 570
571 287.6518859863281 571
572 287.6628112792969 572
573 287.6736755371094 573
574 287.6844787597656 574
575 287.6952209472656 575
576 287.7059020996094 576
577 287.7165832519531 577
578 287.7271728515625 578
579 287.7377319335938 579
580 287.7482604980469 580
581 287.7587280273438 581
582 287.7691345214844 582
583 287.7795104980469 583
584 287.789794921875 584
585 287.8000793457031 585
586 287.810302734375 586
587 287.8204650878906 587
588 287.83056640625 588
589 287.8406372070312 589
590 287.8506469726562 590
591 287.860595703125 591
592 287.8705139160156 592
593 287.88037109375 593
594 287.8901672363281 594
595 287.89990234375 595
596 287.9096374511719 596
597 287.9193115234375 597
598 287.9289245605469 598
599 287.9384765625 599
600 287.947998046875 600
601 287.9574890136719 601
602 287.9669189453125 602
603 287.976318359375 603
604 287.9856262207031 604
605 287.9949340820312 605
606 288.0042114257812 606
607 288.0133972167969 607
608 288.0225830078125 608
609 288.03173828125 609
610 288.0408020019531 610
611 288.0498962402344 611
612 288.0588989257812 612
613 288.0679016113281 613
614 288.0768737792969 614
615 288.0857849121094 615
616 288.0946960449219 616
617 288.1035766601562 617
618 288.1124267578125 618
619 288.1212463378906 619
620 288.1300354003906 620
621 288.1387939453125 621
622 288.1475524902344 622
623 288.1562805175781 623
624 288.1650085449219 624
625 288.1737060546875 625
626 288.182373046875 626
627 288.1910400390625 627
628 288.1997375488281 628
629 288.2083740234375 629
630 288.2170104980469 630
631 288.2256774902344 631
632 288.2343139648438 632
633 288.242919921875 633
634 288.2515563964844 634
635 288.2601928710938 635
636 288.2688293457031 636
637 288.2774658203125 637
638 288.2861022949219 638
639 288.2947692871094 639
640 288.3034057617188 640
641 288.3120727539062 641
642 288.3207397460938 642
643 288.3294677734375 643
644 288.3381652832031 644
645 288.3468933105469 645
646 288.3556518554688 646
647 288.3644104003906 647
648 288.3731994628906 648
649 288.3819580078125 649
650 288.3908081054688 650
651 288.399658203125 651
652 288.4085388183594 652
653 288.4174499511719 653
654 288.4263610839844 654
655 288.4353332519531 655
656 288.4443359375 656
657 288.4533386230469 657
658 288.46240234375 658
659 288.471435546875 659
660 288.4805908203125 660
661 288.48974609375 661
662 288.4989013671875 662
663 288.5081481933594 663
664 288.5173950195312 664
665 288.5267028808594 665
666 288.5360107421875 666
667 288.54541015625 667
668 288.5548095703125 668
669 288.5642700195312 669
670 288.5737609863281 670
671 288.5832824707031 671
672 288.5928649902344 672
673 288.6024780273438 673
674 288.6121520996094 674
675 288.621826171875 675
676 288.631591796875 676
677 288.641357421875 677
678 288.6512145996094 678
679 288.6610717773438 679
680 288.6709594726562 680
681 288.6809387207031 681
682 288.6909484863281 682
683 288.7009887695312 683
684 288.7110595703125 684
685 288.7212219238281 685
686 288.7313842773438 686
687 288.7416381835938 687
688 288.7518920898438 688
689 288.76220703125 689
690 288.7725524902344 690
691 288.782958984375 691
692 288.7934265136719 692
693 288.8038635253906 693
694 288.8144226074219 694
695 288.8249816894531 695
696 288.8356018066406 696
697 288.8462524414062 697
698 288.8569641113281 698
699 288.86767578125 699
700 288.8784790039062 700
701 288.8892822265625 701
702 288.900146484375 702
703 288.9110412597656 703
704 288.9219970703125 704
705 288.9329528808594 705
706 288.9439697265625 706
707 288.9550170898438 707
708 288.9661254882812 708
709 288.9772644042969 709
710 288.9884033203125 710
711 288.9996337890625 711
712 289.0108642578125 712
713 289.0221252441406 713
714 289.033447265625 714
715 289.0447998046875 715
716 289.05615234375 716
717 289.0675659179688 717
718 289.0790405273438 718
719 289.0904541015625 719
720 289.1019592285156 720
721 289.1134948730469 721
722 289.1250610351562 722
723 289.1366577148438 723
724 289.1482543945312 724
725 289.159912109375 725
726 289.1715698242188 726
727 289.1832885742188 727
728 289.1949768066406 728
729 289.2067260742188 729
730 289.218505859375 730
731 289.2302856445312 731
732 289.2420959472656 732
733 289.2539367675781 733
734 289.2658081054688 734
735 289.2776489257812 735
736 289.28955078125 736
737 289.3014831542969 737
738 289.3134155273438 738
739 289.3253784179688 739
740 289.3373107910156 740
741 289.3493041992188 741
742 289.3612976074219 742
743 289.3733215332031 743
744 289.3853454589844 744
745 289.3973388671875 745
746 289.4093933105469 746
747 289.4214782714844 747
748 289.4335327148438 748
749 289.4455871582031 749
750 289.4577026367188 750
751 289.4697875976562 751
752 289.4819030761719 752
753 289.4939880371094 753
754 289.506103515625 754
755 289.5182189941406 755
756 289.5303344726562 756
757 289.54248046875 757
758 289.5545959472656 758
759 289.5667114257812 759
760 289.578857421875 760
761 289.5909729003906 761
762 289.6031188964844 762
763 289.615234375 763
764 289.6273498535156 764
765 289.6394653320312 765
766 289.651611328125 766
767 289.6637268066406 767
768 289.6758117675781 768
769 289.6879272460938 769
770 289.7000427246094 770
771 289.7121276855469 771
772 289.7242126464844 772
773 289.7362670898438 773
774 289.7483215332031 774
775 289.7604064941406 775
776 289.7724304199219 776
777 289.7844848632812 777
778 289.7965087890625 778
779 289.8085021972656 779
780 289.8204956054688 780
781 289.8324279785156 781
782 289.8444213867188 782
783 289.8563537597656 783
784 289.8683166503906 784
785 289.8802185058594 785
786 289.8921203613281 786
787 289.9039916992188 787
788 289.9158630371094 788
789 289.9276733398438 789
790 289.9395141601562 790
791 289.9512939453125 791
792 289.9631042480469 792
793 289.9748229980469 793
794 289.986572265625 794
795 289.998291015625 795
796 290.0099487304688 796
797 290.0216064453125 797
798 290.0332336425781 798
799 290.0448303222656 799
800 290.056396484375 800
801 290.0679626464844 801
802 290.0794982910156 802
803 290.0909729003906 803
804 290.1024169921875 804
805 290.1138610839844 805
806 290.1252746582031 806
807 290.1366577148438 807
808 290.1479797363281 808
809 290.1593017578125 809
810 290.1705627441406 810
811 290.1817932128906 811
812 290.1929931640625 812
813 290.2041931152344 813
814 290.21533203125 814
815 290.2264099121094 815
816 290.2374572753906 816
817 290.2485046386719 817
818 290.2594909667969 818
819 290.2704467773438 819
820 290.2813720703125 820
821 290.292236328125 821
822 290.3030700683594 822
823 290.3138427734375 823
824 290.3246154785156 824
825 290.3353271484375 825
826 290.3460083007812 826
827 290.3566284179688 827
828 290.3672180175781 828
829 290.3777465820312 829
830 290.3882446289062 830
831 290.3987121582031 831
832 290.4091186523438 832
833 290.4194946289062 833
834 290.4298095703125 834
835 290.4400939941406 835
836 290.4502868652344 836
837 290.4604797363281 837
838 290.4705810546875 838
839 290.4806823730469 839
840 290.4907531738281 840
841 290.5007019042969 841
842 290.5106811523438 842
843 290.5205383300781 843
844 290.5303955078125 844
845 290.5401916503906 845
846 290.5498962402344 846
847 290.5596008300781 847
848 290.5692443847656 848
849 290.5788269042969 849
850 290.5883483886719 850
851 290.5978393554688 851
852 290.6072692871094 852
853 290.6166687011719 853
854 290.6259765625 854
855 290.63525390625 855
856 290.6444702148438 856
857 290.6536560058594 857
858 290.6627807617188 858
859 290.6718444824219 859
860 290.6808471679688 860
861 290.6898193359375 861
862 290.69873046875 862
863 290.7075500488281 863
864 290.7163696289062 864
865 290.7251281738281 865
866 290.7338562011719 866
867 290.7424926757812 867
868 290.7510986328125 868
869 290.7596740722656 869
870 290.7681884765625 870
871 290.7766418457031 871
872 290.7850646972656 872
873 290.7934265136719 873
874 290.8017578125 874
875 290.81005859375 875
876 290.8182983398438 876
877 290.8264770507812 877
878 290.8346252441406 878
879 290.8427734375 879
880 290.8508605957031 880
881 290.8589172363281 881
882 290.8668823242188 882
883 290.8749084472656 883
884 290.8828125 884
885 290.8907470703125 885
886 290.8986206054688 886
887 290.9064636230469 887
888 290.914306640625 888
889 290.9220886230469 889
890 290.9298706054688 890
891 290.9375915527344 891
892 290.9453430175781 892
893 290.9530639648438 893
894 290.9607543945312 894
895 290.9684448242188 895
896 290.97607421875 896
897 290.9837341308594 897
898 290.9913940429688 898
899 290.9990234375 899
900 291.0066528320312 900
901 291.0142517089844 901
902 291.0218811035156 902
903 291.0294799804688 903
904 291.0370788574219 904
905 291.044677734375 905
906 291.0523071289062 906
907 291.0599060058594 907
908 291.0675354003906 908
909 291.0751647949219 909
910 291.0827941894531 910
911 291.0904235839844 911
912 291.0980834960938 912
913 291.1057739257812 913
914 291.1134338378906 914
915 291.1211547851562 915
916 291.1288757324219 916
917 291.1365966796875 917
918 291.1443481445312 918
919 291.1521301269531 919
920 291.159912109375 920
921 291.167724609375 921
922 291.1755676269531 922
923 291.1834411621094 923
924 291.1913757324219 924
925 291.1992797851562 925
926 291.2072143554688 926
927 291.2152099609375 927
928 291.2232055664062 928
929 291.2312622070312 929
930 291.2393188476562 930
931 291.2474365234375 931
932 291.2555847167969 932
933 291.2637634277344 933
934 291.27197265625 934
935 291.2802429199219 935
936 291.2885131835938 936
937 291.2968139648438 937
938 291.3052062988281 938
939 291.3136291503906 939
940 291.322021484375 940
941 291.3305053710938 941
942 291.3390197753906 942
943 291.3475952148438 943
944 291.356201171875 944
945 291.3648376464844 945
946 291.3735046386719 946
947 291.3822631835938 947
948 291.3909912109375 948
949 291.3998107910156 949
950 291.4086608886719 950
951 291.4175415039062 951
952 291.4264831542969 952
953 291.4354553222656 953
954 291.4444580078125 954
955 291.4534912109375 955
956 291.4626159667969 956
957 291.4717712402344 957
958 291.48095703125 958
959 291.4901733398438 959
960 291.4994506835938 960
961 291.5087280273438 961
962 291.5180969238281 962
963 291.5274963378906 963
964 291.5369567871094 964
965 291.5464172363281 965
966 291.555908203125 966
967 291.5654907226562 967
968 291.5750427246094 968
969 291.5846862792969 969
970 291.5943603515625 970
971 291.6040954589844 971
972 291.6138305664062 972
973 291.6235961914062 973
974 291.6334533691406 974
975 291.643310546875 975
976 291.6531982421875 976
977 291.6631469726562 977
978 291.673095703125 978
979 291.68310546875 979
980 291.6931762695312 980
981 291.7032470703125 981
982 291.7133483886719 982
983 291.7234802246094 983
984 291.733642578125 984
985 291.7438354492188 985
986 291.7540893554688 986
987 291.7643432617188 987
988 291.774658203125 988
989 291.7849426269531 989
990 291.7953186035156 990
991 291.8056945800781 991
992 291.8161010742188 992
993 291.8265380859375 993
994 291.8370056152344 994
995 291.8474731445312 995
996 291.8580017089844 996
997 291.8685302734375 997
998 291.8790893554688 998
999 291.8896789550781 999
1000 291.9002685546875 1000
1001 291.910888671875 1001
1002 291.9215393066406 1002
1003 291.9321899414062 1003
1004 291.94287109375 1004
1005 291.9535522460938 1005
1006 291.9642944335938 1006
1007 291.9750061035156 1007
1008 291.9857788085938 1008
1009 291.9965209960938 1009
1010 292.00732421875 1010
1011 292.0180969238281 1011
1012 292.0289001464844 1012
1013 292.0397338867188 1013
1014 292.050537109375 1014
1015 292.0614013671875 1015
1016 292.0722351074219 1016
1017 292.0830993652344 1017
1018 292.0939636230469 1018
1019 292.1048278808594 1019
1020 292.11572265625 1020
1021 292.1266174316406 1021
1022 292.1375122070312 1022
1023 292.1483764648438 1023
1024 292.1592712402344 1024
1025 292.1701965332031 1025
1026 292.1810913085938 1026
1027 292.1919860839844 1027
1028 292.2029418945312 1028
1029 292.2138671875 1029
1030 292.2247314453125 1030
1031 292.2356567382812 1031
1032 292.2465515136719 1032
1033 292.2574462890625 1033
1034 292.2683410644531 1034
1035 292.2792358398438 1035
1036 292.2901306152344 1036
1037 292.301025390625 1037
1038 292.3118896484375 1038
1039 292.3227844238281 1039
1040 292.3336181640625 1040
1041 292.344482421875 1041
1042 292.3553161621094 1042
1043 292.3661499023438 1043
1044 292.376953125 1044
1045 292.3877563476562 1045
1046 292.3985595703125 1046
1047 292.4093627929688 1047
1048 292.4201354980469 1048
1049 292.430908203125 1049
1050 292.4416198730469 1050
1051 292.4523620605469 1051
1052 292.4630737304688 1052
1053 292.4737854003906 1053
1054 292.4844360351562 1054
1055 292.4950866699219 1055
1056 292.5057373046875 1056
1057 292.516357421875 1057
1058 292.5269470214844 1058
1059 292.5375366210938 1059
1060 292.548095703125 1060
1061 292.55859375 1061
1062 292.5691223144531 1062
1063 292.57958984375 1063
1064 292.5900573730469 1064
1065 292.6004943847656 1065
1066 292.6109008789062 1066
1067 292.6212768554688 1067
1068 292.6316528320312 1068
1069 292.6419677734375 1069
1070 292.6522827148438 1070
1071 292.6625671386719 1071
1072 292.6727905273438 1072
1073 292.6829833984375 1073
1074 292.6931762695312 1074
1075 292.7033386230469 1075
1076 292.7134704589844 1076
1077 292.7235717773438 1077
1078 292.7336120605469 1078
1079 292.7436218261719 1079
1080 292.7536315917969 1080
1081 292.7635498046875 1081
1082 292.7734985351562 1082
1083 292.7833862304688 1083
1084 292.793212890625 1084
1085 292.8030090332031 1085
1086 292.8128051757812 1086
1087 292.8225708007812 1087
1088 292.8322143554688 1088
1089 292.8418884277344 1089
1090 292.8515014648438 1090
1091 292.861083984375 1091
1092 292.8706359863281 1092
1093 292.880126953125 1093
1094 292.8895874023438 1094
1095 292.8989868164062 1095
1096 292.9083862304688 1096
1097 292.9176940917969 1097
1098 292.9269714355469 1098
1099 292.9362182617188 1099
1100 292.9454040527344 1100
1101 292.9545593261719 1101
1102 292.9636535644531 1102
1103 292.9727172851562 1103
1104 292.9817199707031 1104
1105 292.9906921386719 1105
1106 292.9996337890625 1106
1107 293.0084838867188 1107
1108 293.017333984375 1108
1109 293.0260925292969 1109
1110 293.0348205566406 1110
1111 293.0435180664062 1111
1112 293.0521240234375 1112
1113 293.0606994628906 1113
1114 293.0692443847656 1114
1115 293.0777282714844 1115
1116 293.0861206054688 1116
1117 293.094482421875 1117
1118 293.1028137207031 1118
1119 293.1111145019531 1119
1120 293.1193237304688 1120
1121 293.1274719238281 1121
1122 293.1356201171875 1122
1123 293.1436462402344 1123
1124 293.1516723632812 1124
1125 293.1596069335938 1125
1126 293.1675415039062 1126
1127 293.1753845214844 1127
1128 293.1831970214844 1128
1129 293.1909484863281 1129
1130 293.1986389160156 1130
1131 293.2062683105469 1131
1132 293.2138671875 1132
1133 293.2214050292969 1133
1134 293.2288818359375 1134
1135 293.2363586425781 1135
1136 293.2437133789062 1136
1137 293.2510681152344 1137
1138 293.2583923339844 1138
1139 293.265625 1139
1140 293.2727966308594 1140
1141 293.2799682617188 1141
1142 293.2870483398438 1142
1143 293.2941284179688 1143
1144 293.3011169433594 1144
1145 293.30810546875 1145
1146 293.3150329589844 1146
1147 293.3219299316406 1147
1148 293.3287963867188 1148
1149 293.3356018066406 1149
1150 293.3424072265625 1150
1151 293.3490905761719 1151
1152 293.3558044433594 1152
1153 293.3624877929688 1153
1154 293.369140625 1154
1155 293.375732421875 1155
1156 293.38232421875 1156
1157 293.388916015625 1157
1158 293.3954162597656 1158
1159 293.4019165039062 1159
1160 293.4083862304688 1160
1161 293.4148559570312 1161
1162 293.4213256835938 1162
1163 293.427734375 1163
1164 293.4341125488281 1164
1165 293.4405212402344 1165
1166 293.4468994140625 1166
1167 293.4532470703125 1167
1168 293.4596252441406 1168
1169 293.4659729003906 1169
1170 293.4723205566406 1170
1171 293.4786682128906 1171
1172 293.4849853515625 1172
1173 293.4913330078125 1173
1174 293.4976806640625 1174
1175 293.5039978027344 1175
1176 293.5103759765625 1176
1177 293.5166931152344 1177
1178 293.5230712890625 1178
1179 293.5293884277344 1179
1180 293.5357666015625 1180
1181 293.5421447753906 1181
1182 293.5485534667969 1182
1183 293.554931640625 1183
1184 293.5613708496094 1184
1185 293.5677795410156 1185
1186 293.5742492675781 1186
1187 293.5807189941406 1187
1188 293.5872192382812 1188
1189 293.59375 1189
1190 293.6002807617188 1190
1191 293.6068420410156 1191
1192 293.6134033203125 1192
1193 293.6200561523438 1193
1194 293.6266784667969 1194
1195 293.6333618164062 1195
1196 293.6400451660156 1196
1197 293.6467590332031 1197
1198 293.653564453125 1198
1199 293.6603393554688 1199
1200 293.6671752929688 1200
1201 293.6740112304688 1201
1202 293.680908203125 1202
1203 293.6878356933594 1203
1204 293.6947937011719 1204
1205 293.7018127441406 1205
1206 293.7088623046875 1206
1207 293.7159423828125 1207
1208 293.7230529785156 1208
1209 293.7301940917969 1209
1210 293.7373962402344 1210
1211 293.7445983886719 1211
1212 293.7518920898438 1212
1213 293.7592163085938 1213
1214 293.7665405273438 1214
1215 293.77392578125 1215
1216 293.7813720703125 1216
1217 293.7888488769531 1217
1218 293.79638671875 1218
1219 293.803955078125 1219
1220 293.8115234375 1220
1221 293.8191833496094 1221
1222 293.8268432617188 1222
1223 293.8345642089844 1223
1224 293.8423461914062 1224
1225 293.8501586914062 1225
1226 293.8580017089844 1226
1227 293.8658752441406 1227
1228 293.8738403320312 1228
1229 293.8818054199219 1229
1230 293.8898315429688 1230
1231 293.8978576660156 1231
1232 293.9059753417969 1232
1233 293.9140930175781 1233
1234 293.9223022460938 1234
1235 293.9305114746094 1235
1236 293.9387512207031 1236
1237 293.9470825195312 1237
1238 293.9554138183594 1238
1239 293.9637756347656 1239
1240 293.9721984863281 1240
1241 293.9806518554688 1241
1242 293.9891357421875 1242
1243 293.9976806640625 1243
1244 294.0062255859375 1244
1245 294.0148315429688 1245
1246 294.0234680175781 1246
1247 294.0321350097656 1247
1248 294.0408325195312 1248
1249 294.0495910644531 1249
1250 294.0583801269531 1250
1251 294.0671691894531 1251
1252 294.0760192871094 1252
1253 294.0848693847656 1253
1254 294.0937805175781 1254
1255 294.1027221679688 1255
1256 294.1116638183594 1256
1257 294.1206970214844 1257
1258 294.1297302246094 1258
1259 294.1387634277344 1259
1260 294.1478576660156 1260
1261 294.156982421875 1261
1262 294.1660766601562 1262
1263 294.1752624511719 1263
1264 294.1844482421875 1264
1265 294.1936645507812 1265
1266 294.202880859375 1266
1267 294.2121276855469 1267
1268 294.221435546875 1268
1269 294.2307434082031 1269
1270 294.2400512695312 1270
1271 294.2493896484375 1271
1272 294.2587280273438 1272
1273 294.2681274414062 1273
1274 294.2775268554688 1274
1275 294.2869262695312 1275
1276 294.29638671875 1276
1277 294.3058471679688 1277
1278 294.3152770996094 1278
1279 294.3247680664062 1279
1280 294.3342590332031 1280
1281 294.34375 1281
1282 294.353271484375 1282
1283 294.36279296875 1283
1284 294.372314453125 1284
1285 294.3818969726562 1285
1286 294.3914489746094 1286
1287 294.4010009765625 1287
1288 294.4105834960938 1288
1289 294.420166015625 1289
1290 294.4297485351562 1290
1291 294.4393310546875 1291
1292 294.4489440917969 1292
1293 294.4585571289062 1293
1294 294.4681396484375 1294
1295 294.4777221679688 1295
1296 294.4873352050781 1296
1297 294.4969787597656 1297
1298 294.506591796875 1298
1299 294.5161743164062 1299
1300 294.5257873535156 1300
1301 294.535400390625 1301
1302 294.5449829101562 1302
1303 294.5545959472656 1303
1304 294.5641784667969 1304
1305 294.5737609863281 1305
1306 294.5833435058594 1306
1307 294.5929565429688 1307
1308 294.6025085449219 1308
1309 294.612060546875 1309
1310 294.6216125488281 1310
1311 294.6311645507812 1311
1312 294.6406860351562 1312
1313 294.6502075195312 1313
1314 294.6597595214844 1314
1315 294.6692504882812 1315
1316 294.6787109375 1316
1317 294.6882019042969 1317
1318 294.6976623535156 1318
1319 294.7070922851562 1319
1320 294.716552734375 1320
1321 294.7259521484375 1321
1322 294.7353515625 1322
1323 294.7447204589844 1323
1324 294.7540893554688 1324
1325 294.763427734375 1325
1326 294.7727661132812 1326
1327 294.7820434570312 1327
1328 294.7913208007812 1328
1329 294.8005981445312 1329
1330 294.809814453125 1330
1331 294.8190307617188 1331
1332 294.8282165527344 1332
1333 294.83740234375 1333
1334 294.8465270996094 1334
1335 294.8556518554688 1335
1336 294.86474609375 1336
1337 294.873779296875 1337
1338 294.8828125 1338
1339 294.891845703125 1339
1340 294.9008178710938 1340
1341 294.9097595214844 1341
1342 294.918701171875 1342
1343 294.9275512695312 1343
1344 294.9364624023438 1344
1345 294.9452819824219 1345
1346 294.9541015625 1346
1347 294.9628295898438 1347
1348 294.9715576171875 1348
1349 294.9802551269531 1349
1350 294.9889526367188 1350
1351 294.99755859375 1351
1352 295.0061645507812 1352
1353 295.0147094726562 1353
1354 295.0232238769531 1354
1355 295.0317077636719 1355
1356 295.0401611328125 1356
1357 295.0485534667969 1357
1358 295.0569458007812 1358
1359 295.0652465820312 1359
1360 295.0735473632812 1360
1361 295.0818176269531 1361
1362 295.0900268554688 1362
1363 295.0981750488281 1363
1364 295.1063232421875 1364
1365 295.1144104003906 1365
1366 295.1224365234375 1366
1367 295.1304321289062 1367
1368 295.1383972167969 1368
1369 295.1463012695312 1369
1370 295.1541748046875 1370
1371 295.1619873046875 1371
1372 295.1697692871094 1372
1373 295.177490234375 1373
1374 295.1851806640625 1374
1375 295.1928100585938 1375
1376 295.2004089355469 1376
1377 295.2079467773438 1377
1378 295.2154541015625 1378
1379 295.222900390625 1379
1380 295.2302856445312 1380
1381 295.2376403808594 1381
1382 295.2449340820312 1382
1383 295.252197265625 1383
1384 295.2593688964844 1384
1385 295.2665405273438 1385
1386 295.2736206054688 1386
1387 295.2807006835938 1387
1388 295.2876586914062 1388
1389 295.2946166992188 1389
1390 295.3014831542969 1390
1391 295.308349609375 1391
1392 295.3150939941406 1392
1393 295.3218383789062 1393
1394 295.3285217285156 1394
1395 295.3351440429688 1395
1396 295.3417358398438 1396
1397 295.3482666015625 1397
1398 295.354736328125 1398
1399 295.3611450195312 1399
1400 295.3675231933594 1400
1401 295.3738403320312 1401
1402 295.3800964355469 1402
1403 295.3863525390625 1403
1404 295.3924865722656 1404
1405 295.3985900878906 1405
1406 295.4046936035156 1406
1407 295.4107055664062 1407
1408 295.4166870117188 1408
1409 295.422607421875 1409
1410 295.4284973144531 1410
1411 295.4343566894531 1411
1412 295.4401245117188 1412
1413 295.4458618164062 1413
1414 295.4515686035156 1414
1415 295.457275390625 1415
1416 295.462890625 1416
1417 295.4684448242188 1417
1418 295.4739990234375 1418
1419 295.4795227050781 1419
1420 295.4849853515625 1420
1421 295.4904174804688 1421
1422 295.495849609375 1422
1423 295.501220703125 1423
1424 295.5065612792969 1424
1425 295.5118713378906 1425
1426 295.5171813964844 1426
1427 295.5224304199219 1427
1428 295.5276794433594 1428
1429 295.5328674316406 1429
1430 295.5380859375 1430
1431 295.5432739257812 1431
1432 295.5484313964844 1432
1433 295.5535888671875 1433
1434 295.5587158203125 1434
1435 295.5638427734375 1435
1436 295.5689392089844 1436
1437 295.5740356445312 1437
1438 295.5791320800781 1438
1439 295.5841979980469 1439
1440 295.5892944335938 1440
1441 295.5943603515625 1441
1442 295.5994567871094 1442
1443 295.6045227050781 1443
1444 295.6095886230469 1444
1445 295.6146850585938 1445
1446 295.6197509765625 1446
1447 295.6248779296875 1447
1448 295.6299743652344 1448
1449 295.6350708007812 1449
1450 295.6401672363281 1450
1451 295.6453247070312 1451
1452 295.6504821777344 1452
1453 295.6556396484375 1453
1454 295.6608276367188 1454
1455 295.666015625 1455
1456 295.6712646484375 1456
1457 295.6764831542969 1457
1458 295.6817321777344 1458
1459 295.68701171875 1459
1460 295.6923522949219 1460
1461 295.6976928710938 1461
1462 295.7030334472656 1462
1463 295.7084350585938 1463
1464 295.7138366699219 1464
1465 295.7192993164062 1465
1466 295.7247619628906 1466
1467 295.7302551269531 1467
1468 295.73583984375 1468
1469 295.7413940429688 1469
1470 295.7470092773438 1470
1471 295.7526550292969 1471
1472 295.75830078125 1472
1473 295.7640380859375 1473
1474 295.769775390625 1474
1475 295.7755737304688 1475
1476 295.7814025878906 1476
1477 295.7872619628906 1477
1478 295.7931823730469 1478
1479 295.7991333007812 1479
1480 295.8051147460938 1480
1481 295.8111267089844 1481
1482 295.8171997070312 1482
1483 295.8233032226562 1483
1484 295.8294372558594 1484
1485 295.8356323242188 1485
1486 295.8418579101562 1486
1487 295.8481140136719 1487
1488 295.8544311523438 1488
1489 295.8607788085938 1489
1490 295.8671569824219 1490
1491 295.8735961914062 1491
1492 295.8800964355469 1492
1493 295.8866271972656 1493
1494 295.8931884765625 1494
1495 295.8997802734375 1495
1496 295.9064331054688 1496
1497 295.9131469726562 1497
1498 295.9198303222656 1498
1499 295.9266357421875 1499
1500 295.9334716796875 1500
1501 295.9402770996094 1501
1502 295.9471740722656 1502
1503 295.9541320800781 1503
1504 295.9611206054688 1504
1505 295.9681091308594 1505
1506 295.9751892089844 1506
1507 295.9822998046875 1507
1508 295.9894104003906 1508
1509 295.99658203125 1509
1510 296.0038452148438 1510
1511 296.0110473632812 1511
1512 296.0183715820312 1512
1513 296.0256652832031 1513
1514 296.0330505371094 1514
1515 296.0404357910156 1515
1516 296.0478515625 1516
1517 296.0553283691406 1517
1518 296.0628356933594 1518
1519 296.0703735351562 1519
1520 296.0779418945312 1520
1521 296.0855712890625 1521
1522 296.0932006835938 1522
1523 296.100830078125 1523
1524 296.1085510253906 1524
1525 296.1162719726562 1525
1526 296.1240234375 1526
1527 296.1318359375 1527
1528 296.1396484375 1528
1529 296.1475219726562 1529
1530 296.1553955078125 1530
1531 296.1632995605469 1531
1532 296.1712036132812 1532
1533 296.1791381835938 1533
1534 296.1871337890625 1534
1535 296.1951293945312 1535
1536 296.2031555175781 1536
1537 296.211181640625 1537
1538 296.2192993164062 1538
1539 296.2273559570312 1539
1540 296.2355041503906 1540
1541 296.2436218261719 1541
1542 296.2517395019531 1542
1543 296.2599487304688 1543
1544 296.2681274414062 1544
1545 296.2763366699219 1545
1546 296.2845458984375 1546
1547 296.2927856445312 1547
1548 296.301025390625 1548
1549 296.3092956542969 1549
1550 296.3175659179688 1550
1551 296.3258666992188 1551
1552 296.3341674804688 1552
1553 296.3424682617188 1553
1554 296.3507995605469 1554
1555 296.359130859375 1555
1556 296.3674621582031 1556
1557 296.3758239746094 1557
1558 296.3841857910156 1558
1559 296.3925476074219 1559
1560 296.4009094238281 1560
1561 296.4093017578125 1561
1562 296.4176940917969 1562
1563 296.4260559082031 1563
1564 296.4344482421875 1564
1565 296.4428405761719 1565
1566 296.4512329101562 1566
1567 296.4595947265625 1567
1568 296.468017578125 1568
1569 296.4763793945312 1569
1570 296.4848022460938 1570
1571 296.4931640625 1571
1572 296.5015563964844 1572
1573 296.5099182128906 1573
1574 296.518310546875 1574
1575 296.5266418457031 1575
1576 296.5350341796875 1576
1577 296.5433959960938 1577
1578 296.5517272949219 1578
1579 296.56005859375 1579
1580 296.5683898925781 1580
1581 296.5767211914062 1581
1582 296.5850219726562 1582
1583 296.5933227539062 1583
1584 296.6016235351562 1584
1585 296.6098937988281 1585
1586 296.6181640625 1586
1587 296.6264038085938 1587
1588 296.6346435546875 1588
1589 296.6428527832031 1589
1590 296.6510620117188 1590
1591 296.6592407226562 1591
1592 296.6674194335938 1592
1593 296.6755676269531 1593
1594 296.6837158203125 1594
1595 296.6918029785156 1595
1596 296.6999206542969 1596
1597 296.7079772949219 1597
1598 296.7160339355469 1598
1599 296.7240905761719 1599
1600 296.7320861816406 1600
1601 296.7400512695312 1601
1602 296.748046875 1602
1603 296.7559509277344 1603
1604 296.7638854980469 1604
1605 296.7717895507812 1605
1606 296.7796325683594 1606
1607 296.7874755859375 1607
1608 296.7952880859375 1608
1609 296.8030700683594 1609
1610 296.8108215332031 1610
1611 296.8185424804688 1611
1612 296.8262329101562 1612
1613 296.8338928222656 1613
1614 296.8415222167969 1614
1615 296.84912109375 1615
1616 296.856689453125 1616
1617 296.8642272949219 1617
1618 296.8717346191406 1618
1619 296.8791809082031 1619
1620 296.8866577148438 1620
1621 296.89404296875 1621
1622 296.9013977050781 1622
1623 296.9087524414062 1623
1624 296.916015625 1624
1625 296.9232788085938 1625
1626 296.9305114746094 1626
1627 296.9376831054688 1627
1628 296.94482421875 1628
1629 296.9519348144531 1629
1630 296.958984375 1630
1631 296.9660034179688 1631
1632 296.9729919433594 1632
1633 296.9799194335938 1633
1634 296.98681640625 1634
1635 296.9936828613281 1635
1636 297.0005187988281 1636
1637 297.0072631835938 1637
1638 297.0140075683594 1638
1639 297.0206909179688 1639
1640 297.02734375 1640
1641 297.033935546875 1641
1642 297.0404663085938 1642
1643 297.0469665527344 1643
1644 297.0534057617188 1644
1645 297.0598449707031 1645
1646 297.066162109375 1646
1647 297.072509765625 1647
1648 297.0787658691406 1648
1649 297.0849914550781 1649
1650 297.0911560058594 1650
1651 297.0972900390625 1651
1652 297.1033630371094 1652
1653 297.109375 1653
1654 297.1153259277344 1654
1655 297.1212768554688 1655
1656 297.1271362304688 1656
1657 297.1329650878906 1657
1658 297.1387329101562 1658
1659 297.1444396972656 1659
1660 297.1500854492188 1660
1661 297.1557312011719 1661
1662 297.1612854003906 1662
1663 297.1668090820312 1663
1664 297.1722412109375 1664
1665 297.1776428222656 1665
1666 297.1830139160156 1666
1667 297.1883544921875 1667
1668 297.1935729980469 1668
1669 297.1987915039062 1669
1670 297.2039489746094 1670
1671 297.2090454101562 1671
1672 297.214111328125 1672
1673 297.2190856933594 1673
1674 297.2240600585938 1674
1675 297.2289733886719 1675
1676 297.2338256835938 1676
1677 297.2386474609375 1677
1678 297.243408203125 1678
1679 297.2481384277344 1679
1680 297.2528076171875 1680
1681 297.2574462890625 1681
1682 297.2620239257812 1682
1683 297.2665710449219 1683
1684 297.2710571289062 1684
1685 297.2755432128906 1685
1686 297.2799682617188 1686
1687 297.2843627929688 1687
1688 297.2886962890625 1688
1689 297.2930297851562 1689
1690 297.2973022460938 1690
1691 297.3015747070312 1691
1692 297.3057861328125 1692
1693 297.3099670410156 1693
1694 297.3141479492188 1694
1695 297.3182983398438 1695
1696 297.3223876953125 1696
1697 297.3264770507812 1697
1698 297.3305358886719 1698
1699 297.3345947265625 1699
1700 297.338623046875 1700
1701 297.3426513671875 1701
1702 297.3466491699219 1702
1703 297.3506164550781 1703
1704 297.3546142578125 1704
1705 297.3585510253906 1705
1706 297.3624877929688 1706
1707 297.3664245605469 1707
1708 297.3703918457031 1708
1709 297.3743286132812 1709
1710 297.3782348632812 1710
1711 297.3822021484375 1711
1712 297.3861083984375 1712
1713 297.3900451660156 1713
1714 297.3939819335938 1714
1715 297.39794921875 1715
1716 297.4018859863281 1716
1717 297.4058532714844 1717
1718 297.4098205566406 1718
1719 297.4137878417969 1719
1720 297.4177856445312 1720
1721 297.4217834472656 1721
1722 297.4258117675781 1722
1723 297.4298706054688 1723
1724 297.4339294433594 1724
1725 297.4380187988281 1725
1726 297.442138671875 1726
1727 297.4462280273438 1727
1728 297.4503784179688 1728
1729 297.4545593261719 1729
1730 297.4587707519531 1730
1731 297.4629821777344 1731
1732 297.4672546386719 1732
1733 297.4715576171875 1733
1734 297.4758605957031 1734
1735 297.4801940917969 1735
1736 297.4845581054688 1736
1737 297.4889831542969 1737
1738 297.493408203125 1738
1739 297.4978942871094 1739
1740 297.5024108886719 1740
1741 297.5069580078125 1741
1742 297.5115356445312 1742
1743 297.5161743164062 1743
1744 297.5208129882812 1744
1745 297.5255126953125 1745
1746 297.5302734375 1746
1747 297.5350341796875 1747
1748 297.5398559570312 1748
1749 297.5447082519531 1749
1750 297.5495910644531 1750
1751 297.5545349121094 1751
1752 297.5595397949219 1752
1753 297.5645751953125 1753
1754 297.5696105957031 1754
1755 297.57470703125 1755
1756 297.579833984375 1756
1757 297.5850524902344 1757
1758 297.5902709960938 1758
1759 297.5955505371094 1759
1760 297.6008605957031 1760
1761 297.6062316894531 1761
1762 297.6116333007812 1762
1763 297.6170654296875 1763
1764 297.62255859375 1764
1765 297.6280822753906 1765
1766 297.6336669921875 1766
1767 297.6392517089844 1767
1768 297.6449279785156 1768
1769 297.6506042480469 1769
1770 297.6563720703125 1770
1771 297.6621398925781 1771
1772 297.66796875 1772
1773 297.673828125 1773
1774 297.6797485351562 1774
1775 297.6856994628906 1775
1776 297.6916809082031 1776
1777 297.6976928710938 1777
1778 297.7037658691406 1778
1779 297.7098388671875 1779
1780 297.7159729003906 1780
1781 297.72216796875 1781
1782 297.7283935546875 1782
1783 297.734619140625 1783
1784 297.7409362792969 1784
1785 297.7472534179688 1785
1786 297.7536010742188 1786
1787 297.760009765625 1787
1788 297.7664184570312 1788
1789 297.7729187011719 1789
1790 297.7793884277344 1790
1791 297.7859497070312 1791
1792 297.79248046875 1792
1793 297.799072265625 1793
1794 297.8057250976562 1794
1795 297.8123779296875 1795
1796 297.8190612792969 1796
1797 297.8257751464844 1797
1798 297.83251953125 1798
1799 297.8392639160156 1799
1800 297.8460998535156 1800
1801 297.8529052734375 1801
1802 297.8597717285156 1802
1803 297.8666687011719 1803
1804 297.87353515625 1804
1805 297.8804931640625 1805
1806 297.8874206542969 1806
1807 297.8944091796875 1807
1808 297.9013977050781 1808
1809 297.9083862304688 1809
1810 297.9154663085938 1810
1811 297.9225158691406 1811
1812 297.9295654296875 1812
1813 297.9366760253906 1813
1814 297.9437866210938 1814
1815 297.9508972167969 1815
1816 297.9580688476562 1816
1817 297.9652099609375 1817
1818 297.9723510742188 1818
1819 297.9795532226562 1819
1820 297.9867553710938 1820
1821 297.9939575195312 1821
1822 298.001220703125 1822
1823 298.0084228515625 1823
1824 298.0156860351562 1824
1825 298.02294921875 1825
1826 298.0302124023438 1826
1827 298.0374755859375 1827
1828 298.0447387695312 1828
1829 298.0520324707031 1829
1830 298.059326171875 1830
1831 298.0665893554688 1831
1832 298.0739135742188 1832
1833 298.0812072753906 1833
1834 298.0885009765625 1834
1835 298.0957946777344 1835
1836 298.1031494140625 1836
1837 298.1104125976562 1837
1838 298.1177062988281 1838
1839 298.1250610351562 1839
1840 298.1323547363281 1840
1841 298.1396179199219 1841
1842 298.14697265625 1842
1843 298.1542358398438 1843
1844 298.1615295410156 1844
1845 298.1688232421875 1845
1846 298.1760864257812 1846
1847 298.183349609375 1847
1848 298.1906127929688 1848
1849 298.1978759765625 1849
1850 298.2051391601562 1850
1851 298.2123718261719 1851
1852 298.2196044921875 1852
1853 298.226806640625 1853
1854 298.2340087890625 1854
1855 298.2412109375 1855
1856 298.2483825683594 1856
1857 298.2555541992188 1857
1858 298.2626953125 1858
1859 298.2698364257812 1859
1860 298.2769775390625 1860
1861 298.2840576171875 1861
1862 298.2911376953125 1862
1863 298.2982177734375 1863
1864 298.3052673339844 1864
1865 298.3122863769531 1865
1866 298.3193054199219 1866
1867 298.3262939453125 1867
1868 298.333251953125 1868
1869 298.3402099609375 1869
1870 298.3471374511719 1870
1871 298.3540344238281 1871
1872 298.3609008789062 1872
1873 298.3677368164062 1873
1874 298.3745727539062 1874
1875 298.38134765625 1875
1876 298.3881530761719 1876
1877 298.3949279785156 1877
1878 298.4016418457031 1878
1879 298.4083251953125 1879
1880 298.4149780273438 1880
1881 298.421630859375 1881
1882 298.42822265625 1882
1883 298.434814453125 1883
1884 298.4413452148438 1884
1885 298.4478759765625 1885
1886 298.454345703125 1886
1887 298.4607849121094 1887
1888 298.4672241210938 1888
1889 298.4735717773438 1889
1890 298.4799499511719 1890
1891 298.4862365722656 1891
1892 298.4925537109375 1892
1893 298.498779296875 1893
1894 298.5049743652344 1894
1895 298.5111389160156 1895
1896 298.5172729492188 1896
1897 298.5233764648438 1897
1898 298.5294494628906 1898
1899 298.5354309082031 1899
1900 298.5414428710938 1900
1901 298.54736328125 1901
1902 298.5532531738281 1902
1903 298.5591125488281 1903
1904 298.5649108886719 1904
1905 298.5707092285156 1905
1906 298.5763854980469 1906
1907 298.5820922851562 1907
1908 298.5877380371094 1908
1909 298.5933532714844 1909
1910 298.5989074707031 1910
1911 298.6044006347656 1911
1912 298.6098327636719 1912
1913 298.6152954101562 1913
1914 298.6206665039062 1914
1915 298.6259765625 1915
1916 298.6312561035156 1916
1917 298.6365051269531 1917
1918 298.6416625976562 1918
1919 298.6468200683594 1919
1920 298.6518859863281 1920
1921 298.6569213867188 1921
1922 298.6619262695312 1922
1923 298.6668701171875 1923
1924 298.6717529296875 1924
1925 298.6765747070312 1925
1926 298.681396484375 1926
1927 298.6861267089844 1927
1928 298.6908264160156 1928
1929 298.6954345703125 1929
1930 298.7000122070312 1930
1931 298.7045288085938 1931
1932 298.7090454101562 1932
1933 298.7135009765625 1933
1934 298.7178649902344 1934
1935 298.7221984863281 1935
1936 298.7264709472656 1936
1937 298.730712890625 1937
1938 298.7348937988281 1938
1939 298.739013671875 1939
1940 298.7431030273438 1940
1941 298.7471618652344 1941
1942 298.7510986328125 1942
1943 298.7550354003906 1943
1944 298.7589416503906 1944
1945 298.7627868652344 1945
1946 298.7665405273438 1946
1947 298.7703247070312 1947
1948 298.7740173339844 1948
1949 298.7776794433594 1949
1950 298.7812805175781 1950
1951 298.7848510742188 1951
1952 298.7883605957031 1952
1953 298.7918701171875 1953
1954 298.7953491210938 1954
1955 298.7987670898438 1955
1956 298.8020935058594 1956
1957 298.8054809570312 1957
1958 298.8087768554688 1958
1959 298.8120422363281 1959
1960 298.8152770996094 1960
1961 298.8184814453125 1961
1962 298.8216552734375 1962
1963 298.8248291015625 1963
1964 298.8279724121094 1964
1965 298.8310546875 1965
1966 298.8341369628906 1966
1967 298.8371887207031 1967
1968 298.8402404785156 1968
1969 298.84326171875 1969
1970 298.8462524414062 1970
1971 298.8492736816406 1971
1972 298.8522338867188 1972
1973 298.8551940917969 1973
1974 298.8581848144531 1974
1975 298.861083984375 1975
1976 298.8640747070312 1976
1977 298.8670043945312 1977
1978 298.8699035644531 1978
1979 298.8728637695312 1979
1980 298.8757934570312 1980
1981 298.8786926269531 1981
1982 298.8816528320312 1982
1983 298.8845825195312 1983
1984 298.8875122070312 1984
1985 298.8904724121094 1985
1986 298.8934631347656 1986
1987 298.8964233398438 1987
1988 298.8994140625 1988
1989 298.9024047851562 1989
1990 298.9054260253906 1990
1991 298.908447265625 1991
1992 298.9115295410156 1992
1993 298.9145812988281 1993
1994 298.9176635742188 1994
1995 298.9207763671875 1995
1996 298.9238891601562 1996
1997 298.9270629882812 1997
1998 298.9302673339844 1998
1999 298.9334716796875 1999
2000 298.9367065429688 2000
2001 298.9399719238281 2001
2002 298.9432678222656 2002
2003 298.9465942382812 2003
2004 298.949951171875 2004
2005 298.953369140625 2005
2006 298.956787109375 2006
2007 298.960205078125 2007
2008 298.9637145996094 2008
2009 298.9672241210938 2009
2010 298.9708251953125 2010
2011 298.9744262695312 2011
2012 298.9780578613281 2012
2013 298.9817504882812 2013
2014 298.9854431152344 2014
2015 298.9891967773438 2015
2016 298.9929809570312 2016
2017 298.996826171875 2017
2018 299.0007019042969 2018
2019 299.0046081542969 2019
2020 299.0086059570312 2020
2021 299.0125732421875 2021
2022 299.0166320800781 2022
2023 299.0206909179688 2023
2024 299.0248107910156 2024
2025 299.0289916992188 2025
2026 299.0332336425781 2026
2027 299.0374755859375 2027
2028 299.0417785644531 2028
2029 299.046142578125 2029
2030 299.0505065917969 2030
2031 299.054931640625 2031
2032 299.0594177246094 2032
2033 299.0639343261719 2033
2034 299.0684814453125 2034
2035 299.0730590820312 2035
2036 299.0777587890625 2036
2037 299.0823974609375 2037
2038 299.0871276855469 2038
2039 299.0919189453125 2039
2040 299.0967102050781 2040
2041 299.1015625 2041
2042 299.1064453125 2042
2043 299.1113891601562 2043
2044 299.1163635253906 2044
2045 299.1213989257812 2045
2046 299.12646484375 2046
2047 299.1315612792969 2047
2048 299.1366882324219 2048
2049 299.1418762207031 2049
2050 299.1470947265625 2050
2051 299.15234375 2051
2052 299.1576538085938 2052
2053 299.1629638671875 2053
2054 299.1683349609375 2054
2055 299.1737365722656 2055
2056 299.1791687011719 2056
2057 299.1846313476562 2057
2058 299.1901245117188 2058
2059 299.1956787109375 2059
2060 299.2012329101562 2060
2061 299.2068786621094 2061
2062 299.2124938964844 2062
2063 299.2181701660156 2063
2064 299.223876953125 2064
2065 299.2296142578125 2065
2066 299.2353515625 2066
2067 299.2411499023438 2067
2068 299.2469787597656 2068
2069 299.2528076171875 2069
2070 299.2587280273438 2070
2071 299.2645874023438 2071
2072 299.2705078125 2072
2073 299.2764587402344 2073
2074 299.282470703125 2074
2075 299.2884521484375 2075
2076 299.2944641113281 2076
2077 299.3005065917969 2077
2078 299.3065795898438 2078
2079 299.3126831054688 2079
2080 299.3187866210938 2080
2081 299.3248901367188 2081
2082 299.3310546875 2082
2083 299.3372192382812 2083
2084 299.3433837890625 2084
2085 299.349609375 2085
2086 299.3558044433594 2086
2087 299.362060546875 2087
2088 299.3682861328125 2088
2089 299.3745422363281 2089
2090 299.3808288574219 2090
2091 299.3871154785156 2091
2092 299.3934020996094 2092
2093 299.3996887207031 2093
2094 299.406005859375 2094
2095 299.412353515625 2095
2096 299.4186706542969 2096
2097 299.4250183105469 2097
2098 299.4313354492188 2098
2099 299.4377136230469 2099
2100 299.4440612792969 2100
2101 299.450439453125 2101
2102 299.456787109375 2102
2103 299.4631652832031 2103
2104 299.4695129394531 2104
2105 299.4759216308594 2105
2106 299.4822998046875 2106
2107 299.4886779785156 2107
2108 299.4950256347656 2108
2109 299.5014038085938 2109
2110 299.5077819824219 2110
2111 299.51416015625 2111
2112 299.5205078125 2112
2113 299.5268859863281 2113
2114 299.5332336425781 2114
2115 299.5395812988281 2115
2116 299.5459289550781 2116
2117 299.5522766113281 2117
2118 299.55859375 2118
2119 299.5649108886719 2119
2120 299.5712280273438 2120
2121 299.5775146484375 2121
2122 299.5838317871094 2122
2123 299.590087890625 2123
2124 299.5963439941406 2124
2125 299.6026000976562 2125
2126 299.60888671875 2126
2127 299.6150817871094 2127
2128 299.6213073730469 2128
2129 299.6275329589844 2129
2130 299.6336975097656 2130
2131 299.6398620605469 2131
2132 299.64599609375 2132
2133 299.6521301269531 2133
2134 299.6582641601562 2134
2135 299.6643371582031 2135
2136 299.67041015625 2136
2137 299.6764831542969 2137
2138 299.6824951171875 2138
2139 299.6884765625 2139
2140 299.6944885253906 2140
2141 299.700439453125 2141
2142 299.7063903808594 2142
2143 299.7123107910156 2143
2144 299.7182006835938 2144
2145 299.7240600585938 2145
2146 299.7298889160156 2146
2147 299.7356872558594 2147
2148 299.7414855957031 2148
2149 299.7472534179688 2149
2150 299.7529907226562 2150
2151 299.7586669921875 2151
2152 299.7643432617188 2152
2153 299.7699890136719 2153
2154 299.7755737304688 2154
2155 299.7811584472656 2155
2156 299.7867126464844 2156
2157 299.792236328125 2157
2158 299.7976989746094 2158
2159 299.8031311035156 2159
2160 299.8085327148438 2160
2161 299.8139343261719 2161
2162 299.8192749023438 2162
2163 299.8245849609375 2163
2164 299.829833984375 2164
2165 299.8350830078125 2165
2166 299.8402709960938 2166
2167 299.8454284667969 2167
2168 299.8505249023438 2168
2169 299.8556213378906 2169
2170 299.8606262207031 2170
2171 299.8656616210938 2171
2172 299.87060546875 2172
2173 299.8755493164062 2173
2174 299.8804321289062 2174
2175 299.8852233886719 2175
2176 299.8900451660156 2176
2177 299.894775390625 2177
2178 299.8995056152344 2178
2179 299.9041442871094 2179
2180 299.9087829589844 2180
2181 299.913330078125 2181
2182 299.9178466796875 2182
2183 299.92236328125 2183
2184 299.9267578125 2184
2185 299.9311828613281 2185
2186 299.9355163574219 2186
2187 299.9397888183594 2187
2188 299.9440612792969 2188
2189 299.9482421875 2189
2190 299.952392578125 2190
2191 299.9564819335938 2191
2192 299.9605407714844 2192
2193 299.9645690917969 2193
2194 299.968505859375 2194
2195 299.972412109375 2195
2196 299.9762573242188 2196
2197 299.9801025390625 2197
2198 299.9838256835938 2198
2199 299.9875183105469 2199
2200 299.9912109375 2200
2201 299.9947814941406 2201
2202 299.9983520507812 2202
2203 300.0018615722656 2203
2204 300.0053100585938 2204
2205 300.0086975097656 2205
2206 300.0120544433594 2206
2207 300.0153503417969 2207
2208 300.0186157226562 2208
2209 300.0218200683594 2209
2210 300.0249633789062 2210
2211 300.028076171875 2211
2212 300.0311584472656 2212
2213 300.0341796875 2213
2214 300.037109375 2214
2215 300.0400390625 2215
2216 300.0429077148438 2216
2217 300.0457458496094 2217
2218 300.0485534667969 2218
2219 300.05126953125 2219
2220 300.053955078125 2220
2221 300.056640625 2221
2222 300.0592651367188 2222
2223 300.0618286132812 2223
2224 300.0643920898438 2224
2225 300.06689453125 2225
2226 300.0693969726562 2226
2227 300.0718383789062 2227
2228 300.07421875 2228
2229 300.0765991210938 2229
2230 300.0789489746094 2230
2231 300.0812683105469 2231
2232 300.0835571289062 2232
2233 300.0858154296875 2233
2234 300.0880737304688 2234
2235 300.0902709960938 2235
2236 300.0924682617188 2236
2237 300.0946655273438 2237
2238 300.0968322753906 2238
2239 300.0989379882812 2239
2240 300.1011047363281 2240
2241 300.1032104492188 2241
2242 300.1053161621094 2242
2243 300.107421875 2243
2244 300.1095275878906 2244
2245 300.1116027832031 2245
2246 300.1136474609375 2246
2247 300.1157531738281 2247
2248 300.1178283691406 2248
2249 300.1199035644531 2249
2250 300.1219787597656 2250
2251 300.1240539550781 2251
2252 300.1261596679688 2252
2253 300.1282348632812 2253
2254 300.1303405761719 2254
2255 300.1324462890625 2255
2256 300.1345825195312 2256
2257 300.13671875 2257
2258 300.1388854980469 2258
2259 300.1410522460938 2259
2260 300.1432189941406 2260
2261 300.1454162597656 2261
2262 300.1476135253906 2262
2263 300.1498718261719 2263
2264 300.1521301269531 2264
2265 300.1544189453125 2265
2266 300.1567077636719 2266
2267 300.1590881347656 2267
2268 300.1614379882812 2268
2269 300.1638488769531 2269
2270 300.166259765625 2270
2271 300.1687316894531 2271
2272 300.1712036132812 2272
2273 300.1737365722656 2273
2274 300.1762390136719 2274
2275 300.1788330078125 2275
2276 300.1814575195312 2276
2277 300.1841125488281 2277
2278 300.1868286132812 2278
2279 300.1895446777344 2279
2280 300.1923217773438 2280
2281 300.1950988769531 2281
2282 300.1979370117188 2282
2283 300.2008056640625 2283
2284 300.2037353515625 2284
2285 300.2066650390625 2285
2286 300.2096862792969 2286
2287 300.2127380371094 2287
2288 300.2157897949219 2288
2289 300.2189331054688 2289
2290 300.2221069335938 2290
2291 300.225341796875 2291
2292 300.2285766601562 2292
2293 300.2318725585938 2293
2294 300.2351989746094 2294
2295 300.2385864257812 2295
2296 300.2420043945312 2296
2297 300.2454833984375 2297
2298 300.2489929199219 2298
2299 300.2525329589844 2299
2300 300.2561645507812 2300
2301 300.2597961425781 2301
2302 300.2634887695312 2302
2303 300.2672119140625 2303
2304 300.2709655761719 2304
2305 300.2748107910156 2305
2306 300.2786560058594 2306
2307 300.2825317382812 2307
2308 300.2864990234375 2308
2309 300.2904968261719 2309
2310 300.2945251464844 2310
2311 300.2986145019531 2311
2312 300.3027038574219 2312
2313 300.306884765625 2313
2314 300.3110656738281 2314
2315 300.3153076171875 2315
2316 300.319580078125 2316
2317 300.3239135742188 2317
2318 300.3282470703125 2318
2319 300.3326416015625 2319
2320 300.3370666503906 2320
2321 300.341552734375 2321
2322 300.3460693359375 2322
2323 300.3506164550781 2323
2324 300.3551940917969 2324
2325 300.3598022460938 2325
2326 300.3644714355469 2326
2327 300.3691711425781 2327
2328 300.3738708496094 2328
2329 300.3786315917969 2329
2330 300.3834228515625 2330
2331 300.3882751464844 2331
2332 300.3931274414062 2332
2333 300.3980102539062 2333
2334 300.4029541015625 2334
2335 300.4078979492188 2335
2336 300.4128723144531 2336
2337 300.4178466796875 2337
2338 300.4229125976562 2338
2339 300.427978515625 2339
2340 300.4330444335938 2340
2341 300.4382019042969 2341
2342 300.4433288574219 2342
2343 300.4485168457031 2343
2344 300.4536743164062 2344
2345 300.4589233398438 2345
2346 300.4641418457031 2346
2347 300.4694213867188 2347
2348 300.4747009277344 2348
2349 300.47998046875 2349
2350 300.4853210449219 2350
2351 300.4906616210938 2351
2352 300.4960327148438 2352
2353 300.5014038085938 2353
2354 300.5068054199219 2354
2355 300.5122375488281 2355
2356 300.5176696777344 2356
2357 300.5231018066406 2357
2358 300.528564453125 2358
2359 300.5340576171875 2359
2360 300.5395202636719 2360
2361 300.5450134277344 2361
2362 300.5505065917969 2362
2363 300.5560302734375 2363
2364 300.5615539550781 2364
2365 300.5671081542969 2365
2366 300.5726318359375 2366
2367 300.5781860351562 2367
2368 300.583740234375 2368
2369 300.5892944335938 2369
2370 300.5948791503906 2370
2371 300.6004638671875 2371
2372 300.6060180664062 2372
2373 300.6116027832031 2373
2374 300.6171875 2374
2375 300.6227722167969 2375
2376 300.6283569335938 2376
2377 300.6339721679688 2377
2378 300.6395263671875 2378
2379 300.6451110839844 2379
2380 300.6506958007812 2380
2381 300.65625 2381
2382 300.6618347167969 2382
2383 300.6674194335938 2383
2384 300.6729736328125 2384
2385 300.6785278320312 2385
2386 300.68408203125 2386
2387 300.6896362304688 2387
2388 300.6951599121094 2388
2389 300.7007141113281 2389
2390 300.7062072753906 2390
2391 300.7117309570312 2391
2392 300.7171936035156 2392
2393 300.7227172851562 2393
2394 300.7282104492188 2394
2395 300.733642578125 2395
2396 300.7391052246094 2396
2397 300.7445373535156 2397
2398 300.7499389648438 2398
2399 300.7553405761719 2399
2400 300.7607116699219 2400
2401 300.76611328125 2401
2402 300.7714538574219 2402
2403 300.7767944335938 2403
2404 300.7821350097656 2404
2405 300.7873840332031 2405
2406 300.7926940917969 2406
2407 300.7979431152344 2407
2408 300.8031616210938 2408
2409 300.8083801269531 2409
2410 300.8135681152344 2410
2411 300.8187255859375 2411
2412 300.8238830566406 2412
2413 300.8290100097656 2413
2414 300.8340759277344 2414
2415 300.8391723632812 2415
2416 300.8442077636719 2416
2417 300.8492431640625 2417
2418 300.8542175292969 2418
2419 300.8591613769531 2419
2420 300.8640747070312 2420
2421 300.8689880371094 2421
2422 300.8738708496094 2422
2423 300.8786926269531 2423
2424 300.8835144042969 2424
2425 300.8883056640625 2425
2426 300.8930358886719 2426
2427 300.8977355957031 2427
2428 300.9024353027344 2428
2429 300.9071044921875 2429
2430 300.9117126464844 2430
2431 300.916259765625 2431
2432 300.9208068847656 2432
2433 300.9253234863281 2433
2434 300.9298095703125 2434
2435 300.9342346191406 2435
2436 300.9385986328125 2436
2437 300.9429626464844 2437
2438 300.9472961425781 2438
2439 300.9515686035156 2439
2440 300.955810546875 2440
2441 300.9600219726562 2441
2442 300.9641723632812 2442
2443 300.96826171875 2443
2444 300.9723510742188 2444
2445 300.9763793945312 2445
2446 300.9804077148438 2446
2447 300.9843444824219 2447
2448 300.9882202148438 2448
2449 300.9920959472656 2449
2450 300.9959106445312 2450
2451 300.9996948242188 2451
2452 301.00341796875 2452
2453 301.0071105957031 2453
2454 301.0107421875 2454
2455 301.0143432617188 2455
2456 301.0179138183594 2456
2457 301.0213623046875 2457
2458 301.0248107910156 2458
2459 301.0282287597656 2459
2460 301.0315856933594 2460
2461 301.0348815917969 2461
2462 301.0381469726562 2462
2463 301.0413208007812 2463
2464 301.0444946289062 2464
2465 301.0476379394531 2465
2466 301.0506896972656 2466
2467 301.0536804199219 2467
2468 301.056640625 2468
2469 301.0595703125 2469
2470 301.0624389648438 2470
2471 301.0652160644531 2471
2472 301.0679931640625 2472
2473 301.0707092285156 2473
2474 301.0733642578125 2474
2475 301.0759582519531 2475
2476 301.0785217285156 2476
2477 301.0810546875 2477
2478 301.08349609375 2478
2479 301.0859069824219 2479
2480 301.0882873535156 2480
2481 301.0906372070312 2481
2482 301.0928955078125 2482
2483 301.0950927734375 2483
2484 301.0972900390625 2484
2485 301.0994262695312 2485
2486 301.1015319824219 2486
2487 301.1035766601562 2487
2488 301.1055908203125 2488
2489 301.1075439453125 2489
2490 301.1094970703125 2490
2491 301.1113586425781 2491
2492 301.1132202148438 2492
2493 301.1150207519531 2493
2494 301.1168212890625 2494
2495 301.1185607910156 2495
2496 301.1202697753906 2496
2497 301.1219482421875 2497
2498 301.1235656738281 2498
2499 301.1251831054688 2499
2500 301.1267700195312 2500
