"point-f-rfile"
"Time Step" "point-f etc.."
("Time Step" "point-f" "flow-time")
0 283 0
1 283 1
2 283 2
3 283 3
4 283 4
5 283 5
6 283 6
7 283 7
8 283 8
9 283 9
10 283 10
11 283 11
12 283 12
13 283 13
14 283 14
15 283 15
16 283 16
17 283 17
18 283 18
19 283 19
20 283 20
21 283 21
22 283 22
23 283 23
24 283 24
25 283 25
26 283 26
27 283 27
28 283 28
29 283 29
30 283 30
31 283 31
32 283 32
33 283 33
34 283 34
35 283 35
36 283 36
37 283 37
38 283 38
39 283 39
40 283 40
41 283 41
42 283.0000305175781 42
43 283.0000305175781 43
44 283.0000305175781 44
45 283.0000610351562 45
46 283.0000610351562 46
47 283.0000610351562 47
48 283.0000915527344 48
49 283.0000915527344 49
50 283.0001220703125 50
51 283.0001220703125 51
52 283.0001831054688 52
53 283.0002136230469 53
54 283.000244140625 54
55 283.0003051757812 55
56 283.0003662109375 56
57 283.0003967285156 57
58 283.00048828125 58
59 283.0005493164062 59
60 283.0006408691406 60
61 283.000732421875 61
62 283.0008544921875 62
63 283.0009765625 63
64 283.0010986328125 64
65 283.0012512207031 65
66 283.0014038085938 66
67 283.0015563964844 67
68 283.0017700195312 68
69 283.0019836425781 69
70 283.0022277832031 70
71 283.0024719238281 71
72 283.0027465820312 72
73 283.0030517578125 73
74 283.0033569335938 74
75 283.0037231445312 75
76 283.0040893554688 76
77 283.0045166015625 77
78 283.0049438476562 78
79 283.0054321289062 79
80 283.0059509277344 80
81 283.0065002441406 81
82 283.007080078125 82
83 283.0077209472656 83
84 283.0083618164062 84
85 283.0090637207031 85
86 283.0098266601562 86
87 283.0106506347656 87
88 283.011474609375 88
89 283.0123901367188 89
90 283.0133666992188 90
91 283.0143432617188 91
92 283.0154418945312 92
93 283.0165405273438 93
94 283.0177307128906 94
95 283.0189208984375 95
96 283.020263671875 96
97 283.0216064453125 97
98 283.0230407714844 98
99 283.0245361328125 99
100 283.0260925292969 100
101 283.0277404785156 101
102 283.0294189453125 102
103 283.0312194824219 103
104 283.0330200195312 104
105 283.0349731445312 105
106 283.0369873046875 106
107 283.0390625 107
108 283.0412292480469 108
109 283.04345703125 109
110 283.0457763671875 110
111 283.0481567382812 111
112 283.0506591796875 112
113 283.05322265625 113
114 283.055908203125 114
115 283.0586242675781 115
116 283.0614624023438 116
117 283.0643920898438 117
118 283.0674133300781 118
119 283.0704956054688 119
120 283.0736999511719 120
121 283.0769958496094 121
122 283.0803833007812 122
123 283.0838317871094 123
124 283.08740234375 124
125 283.091064453125 125
126 283.0948181152344 126
127 283.0986938476562 127
128 283.1026000976562 128
129 283.1066589355469 129
130 283.1108093261719 130
131 283.1150207519531 131
132 283.1193542480469 132
133 283.123779296875 133
134 283.1283264160156 134
135 283.1329650878906 135
136 283.1376953125 136
137 283.1424865722656 137
138 283.1473999023438 138
139 283.1524047851562 139
140 283.1575622558594 140
141 283.1627502441406 141
142 283.1680603027344 142
143 283.1734619140625 143
144 283.178955078125 144
145 283.1845397949219 145
146 283.1902465820312 146
147 283.196044921875 147
148 283.2019348144531 148
149 283.2079162597656 149
150 283.2139892578125 150
151 283.2201538085938 151
152 283.2264404296875 152
153 283.2327880859375 153
154 283.2392272949219 154
155 283.2457885742188 155
156 283.2524108886719 156
157 283.2591552734375 157
158 283.2659606933594 158
159 283.2728576660156 159
160 283.2798767089844 160
161 283.2869567871094 161
162 283.2941284179688 162
163 283.3013916015625 163
164 283.3087158203125 164
165 283.3161926269531 165
166 283.3236999511719 166
167 283.331298828125 167
168 283.3390197753906 168
169 283.3467712402344 169
170 283.3546142578125 170
171 283.362548828125 171
172 283.3705444335938 172
173 283.378662109375 173
174 283.3868408203125 174
175 283.3950805664062 175
176 283.4034118652344 176
177 283.4117736816406 177
178 283.4202880859375 178
179 283.4288330078125 179
180 283.4374389648438 180
181 283.4461364746094 181
182 283.4548950195312 182
183 283.4637145996094 183
184 283.47265625 184
185 283.4816284179688 185
186 283.4906311035156 186
187 283.499755859375 187
188 283.5089111328125 188
189 283.5181274414062 189
190 283.5274658203125 190
191 283.5368041992188 191
192 283.5462036132812 192
193 283.5556945800781 193
194 283.5652160644531 194
195 283.5748291015625 195
196 283.58447265625 196
197 283.5941772460938 197
198 283.6039428710938 198
199 283.61376953125 199
200 283.6236267089844 200
201 283.633544921875 201
202 283.6434936523438 202
203 283.6535034179688 203
204 283.66357421875 204
205 283.6737060546875 205
206 283.683837890625 206
207 283.694091796875 207
208 283.7043151855469 208
209 283.714599609375 209
210 283.7249450683594 210
211 283.7352905273438 211
212 283.7456970214844 212
213 283.7561340332031 213
214 283.7666625976562 214
215 283.7771606445312 215
216 283.7877197265625 216
217 283.79833984375 217
218 283.8089599609375 218
219 283.819580078125 219
220 283.830322265625 220
221 283.8410339355469 221
222 283.8517761230469 222
223 283.862548828125 223
224 283.8733520507812 224
225 283.8841857910156 225
226 283.8950500488281 226
227 283.9059448242188 227
228 283.9168395996094 228
229 283.9277648925781 229
230 283.938720703125 230
231 283.9496765136719 231
232 283.960693359375 232
233 283.9716796875 233
234 283.9826965332031 234
235 283.9937438964844 235
236 284.0047912597656 236
237 284.015869140625 237
238 284.0269775390625 238
239 284.0380249023438 239
240 284.0491638183594 240
241 284.0602722167969 241
242 284.0714111328125 242
243 284.0825805664062 243
244 284.0936889648438 244
245 284.1048583984375 245
246 284.1160278320312 246
247 284.127197265625 247
248 284.1383666992188 248
249 284.1495361328125 249
250 284.1607055664062 250
251 284.1719055175781 251
252 284.1830749511719 252
253 284.1942749023438 253
254 284.2054443359375 254
255 284.2166137695312 255
256 284.227783203125 256
257 284.2389526367188 257
258 284.2501525878906 258
259 284.2612915039062 259
260 284.2724609375 260
261 284.2835998535156 261
262 284.2947387695312 262
263 284.3058776855469 263
264 284.3170166015625 264
265 284.328125 265
266 284.3392333984375 266
267 284.350341796875 267
268 284.3614501953125 268
269 284.3724975585938 269
270 284.383544921875 270
271 284.3945922851562 271
272 284.4056701660156 272
273 284.4166564941406 273
274 284.4276428222656 274
275 284.4386291503906 275
276 284.4495849609375 276
277 284.4605407714844 277
278 284.471435546875 278
279 284.4823303222656 279
280 284.4932250976562 280
281 284.5041198730469 281
282 284.5149536132812 282
283 284.5257568359375 283
284 284.5365295410156 284
285 284.5473022460938 285
286 284.5580749511719 286
287 284.5687866210938 287
288 284.5794677734375 288
289 284.5901489257812 289
290 284.6007690429688 290
291 284.6113891601562 291
292 284.6219787597656 292
293 284.6325378417969 293
294 284.6430358886719 294
295 284.6535339355469 295
296 284.6640014648438 296
297 284.6744079589844 297
298 284.6848449707031 298
299 284.6951904296875 299
300 284.7055358886719 300
301 284.7158203125 301
302 284.7261047363281 302
303 284.736328125 303
304 284.7464904785156 304
305 284.7566833496094 305
306 284.7667846679688 306
307 284.77685546875 307
308 284.7868957519531 308
309 284.7969055175781 309
310 284.8069152832031 310
311 284.8168334960938 311
312 284.8267211914062 312
313 284.8365783691406 313
314 284.8464050292969 314
315 284.8561401367188 315
316 284.8658752441406 316
317 284.8755798339844 317
318 284.8852233886719 318
319 284.8948669433594 319
320 284.9044494628906 320
321 284.9139404296875 321
322 284.9234619140625 322
323 284.9329223632812 323
324 284.9423522949219 324
325 284.9517211914062 325
326 284.9610595703125 326
327 284.9703369140625 327
328 284.9795837402344 328
329 284.9888000488281 329
330 284.9979858398438 330
331 285.0071411132812 331
332 285.0162353515625 332
333 285.0252990722656 333
334 285.0343322753906 334
335 285.0433349609375 335
336 285.0523071289062 336
337 285.0612182617188 337
338 285.0701599121094 338
339 285.0790100097656 339
340 285.0878601074219 340
341 285.0966491699219 341
342 285.1054382324219 342
343 285.1142272949219 343
344 285.1229553222656 344
345 285.1316528320312 345
346 285.1403198242188 346
347 285.1489868164062 347
348 285.1576538085938 348
349 285.166259765625 349
350 285.1748962402344 350
351 285.1834716796875 351
352 285.1920776367188 352
353 285.2006225585938 353
354 285.2091979980469 354
355 285.2177124023438 355
356 285.2262878417969 356
357 285.2348022460938 357
358 285.2433471679688 358
359 285.2518920898438 359
360 285.2604370117188 360
361 285.2689514160156 361
362 285.2774658203125 362
363 285.2860107421875 363
364 285.2945556640625 364
365 285.3031005859375 365
366 285.3116760253906 366
367 285.3202514648438 367
368 285.3288269042969 368
369 285.33740234375 369
370 285.3460083007812 370
371 285.3546447753906 371
372 285.3633117675781 372
373 285.3719787597656 373
374 285.3806762695312 374
375 285.3893432617188 375
376 285.3981018066406 376
377 285.4068603515625 377
378 285.4156494140625 378
379 285.4244689941406 379
380 285.4332885742188 380
381 285.442138671875 381
382 285.4510803222656 382
383 285.4600219726562 383
384 285.468994140625 384
385 285.4779968261719 385
386 285.4870300292969 386
387 285.4961242675781 387
388 285.5052185058594 388
389 285.514404296875 389
390 285.5236206054688 390
391 285.5328674316406 391
392 285.5421142578125 392
393 285.5514526367188 393
394 285.5608215332031 394
395 285.5702209472656 395
396 285.5796813964844 396
397 285.5891723632812 397
398 285.5987548828125 398
399 285.6083374023438 399
400 285.6179809570312 400
401 285.627685546875 401
402 285.6373901367188 402
403 285.6471862792969 403
404 285.6570129394531 404
405 285.6669006347656 405
406 285.6768493652344 406
407 285.6868286132812 407
408 285.6968383789062 408
409 285.7069396972656 409
410 285.7170715332031 410
411 285.7272644042969 411
412 285.7374877929688 412
413 285.7477722167969 413
414 285.7580871582031 414
415 285.7684936523438 415
416 285.7789306640625 416
417 285.7894287109375 417
418 285.7999572753906 418
419 285.810546875 419
420 285.8211975097656 420
421 285.8318786621094 421
422 285.8426208496094 422
423 285.8534240722656 423
424 285.8642578125 424
425 285.8751220703125 425
426 285.8861083984375 426
427 285.8970336914062 427
428 285.9080810546875 428
429 285.9191589355469 429
430 285.9302978515625 430
431 285.9414672851562 431
432 285.9526977539062 432
433 285.9639892578125 433
434 285.9753112792969 434
435 285.9866638183594 435
436 285.998046875 436
437 286.0094909667969 437
438 286.02099609375 438
439 286.0325317382812 439
440 286.0440979003906 440
441 286.0557250976562 441
442 286.0674133300781 442
443 286.0791015625 443
444 286.0908508300781 444
445 286.1026306152344 445
446 286.1144409179688 446
447 286.1263122558594 447
448 286.13818359375 448
449 286.150146484375 449
450 286.162109375 450
451 286.1741333007812 451
452 286.1861572265625 452
453 286.1982421875 453
454 286.2103576660156 454
455 286.2225036621094 455
456 286.2346801757812 456
457 286.2469177246094 457
458 286.2591552734375 458
459 286.2713928222656 459
460 286.2837219238281 460
461 286.2960205078125 461
462 286.3084106445312 462
463 286.3207702636719 463
464 286.3331604003906 464
465 286.3456115722656 465
466 286.3580627441406 466
467 286.3705444335938 467
468 286.383056640625 468
469 286.3955688476562 469
470 286.4081420898438 470
471 286.4207153320312 471
472 286.4332885742188 472
473 286.4459228515625 473
474 286.4585266113281 474
475 286.47119140625 475
476 286.4838256835938 476
477 286.4965515136719 477
478 286.5092468261719 478
479 286.5219421386719 479
480 286.5346374511719 480
481 286.54736328125 481
482 286.5601196289062 482
483 286.5728759765625 483
484 286.5856323242188 484
485 286.5984497070312 485
486 286.6112060546875 486
487 286.6239929199219 487
488 286.6368103027344 488
489 286.6495971679688 489
490 286.6624450683594 490
491 286.6752624511719 491
492 286.6880798339844 492
493 286.7008972167969 493
494 286.7137145996094 494
495 286.7265625 495
496 286.7393798828125 496
497 286.752197265625 497
498 286.7650146484375 498
499 286.7778625488281 499
500 286.7906799316406 500
501 286.8034973144531 501
502 286.8163146972656 502
503 286.8291625976562 503
504 286.8419494628906 504
505 286.854736328125 505
506 286.8675537109375 506
507 286.8803100585938 507
508 286.8931274414062 508
509 286.9058837890625 509
510 286.9186401367188 510
511 286.931396484375 511
512 286.9441528320312 512
513 286.9568481445312 513
514 286.9695739746094 514
515 286.9822692871094 515
516 286.9949340820312 516
517 287.0076293945312 517
518 287.0202941894531 518
519 287.0329284667969 519
520 287.0455627441406 520
521 287.0581665039062 521
522 287.0707702636719 522
523 287.0833129882812 523
524 287.0958557128906 524
525 287.1083984375 525
526 287.1209106445312 526
527 287.1333923339844 527
528 287.1458435058594 528
529 287.1582946777344 529
530 287.1707153320312 530
531 287.18310546875 531
532 287.1954956054688 532
533 287.2078247070312 533
534 287.2201538085938 534
535 287.232421875 535
536 287.2446899414062 536
537 287.2569274902344 537
538 287.2691345214844 538
539 287.2813110351562 539
540 287.29345703125 540
541 287.3055419921875 541
542 287.3176574707031 542
543 287.3297119140625 543
544 287.3417358398438 544
545 287.3536987304688 545
546 287.3656616210938 546
547 287.3775634765625 547
548 287.3894958496094 548
549 287.4013366699219 549
550 287.4131164550781 550
551 287.4249267578125 551
552 287.4366760253906 552
553 287.4483642578125 553
554 287.4600219726562 554
555 287.4716796875 555
556 287.4832763671875 556
557 287.4948120117188 557
558 287.5063171386719 558
559 287.5177917480469 559
560 287.5292053222656 560
561 287.5406188964844 561
562 287.5519409179688 562
563 287.563232421875 563
564 287.5745239257812 564
565 287.5857238769531 565
566 287.5968933105469 566
567 287.6080322265625 567
568 287.6191101074219 568
569 287.630126953125 569
570 287.64111328125 570
571 287.652099609375 571
572 287.6629638671875 572
573 287.673828125 573
574 287.6846618652344 574
575 287.6954345703125 575
576 287.7061157226562 576
577 287.7167663574219 577
578 287.7273864746094 578
579 287.7379455566406 579
580 287.7484741210938 580
581 287.7589111328125 581
582 287.7693176269531 582
583 287.7796936035156 583
584 287.7899780273438 584
585 287.8002624511719 585
586 287.8104248046875 586
587 287.8206176757812 587
588 287.8307495117188 588
589 287.8407897949219 589
590 287.850830078125 590
591 287.8607788085938 591
592 287.8706665039062 592
593 287.8805236816406 593
594 287.8903503417969 594
595 287.9000854492188 595
596 287.9098205566406 596
597 287.9194946289062 597
598 287.9291076660156 598
599 287.9386596679688 599
600 287.9481811523438 600
601 287.9576416015625 601
602 287.9671020507812 602
603 287.9764709472656 603
604 287.9858093261719 604
605 287.9951171875 605
606 288.0043640136719 606
607 288.0135803222656 607
608 288.0227661132812 608
609 288.0318908691406 609
610 288.0409851074219 610
611 288.050048828125 611
612 288.05908203125 612
613 288.0680847167969 613
614 288.0770568847656 614
615 288.0859680175781 615
616 288.0948486328125 616
617 288.1037292480469 617
618 288.1125793457031 618
619 288.1213989257812 619
620 288.1301879882812 620
621 288.1389770507812 621
622 288.1477355957031 622
623 288.1564636230469 623
624 288.1651611328125 624
625 288.1738586425781 625
626 288.1825561523438 626
627 288.1912231445312 627
628 288.1998901367188 628
629 288.2085266113281 629
630 288.2171936035156 630
631 288.225830078125 631
632 288.2344665527344 632
633 288.2431030273438 633
634 288.2517395019531 634
635 288.2603759765625 635
636 288.2690124511719 636
637 288.2776489257812 637
638 288.2862548828125 638
639 288.294921875 639
640 288.3036193847656 640
641 288.312255859375 641
642 288.3209533691406 642
643 288.3296508789062 643
644 288.33837890625 644
645 288.3470764160156 645
646 288.3558349609375 646
647 288.3645935058594 647
648 288.3733825683594 648
649 288.3821716308594 649
650 288.3909912109375 650
651 288.3998413085938 651
652 288.4087219238281 652
653 288.4176330566406 653
654 288.4265441894531 654
655 288.4355163574219 655
656 288.4445190429688 656
657 288.4535217285156 657
658 288.4625854492188 658
659 288.4716796875 659
660 288.4807739257812 660
661 288.4899291992188 661
662 288.4991149902344 662
663 288.5083618164062 663
664 288.5176086425781 664
665 288.5269165039062 665
666 288.5362243652344 666
667 288.5455932617188 667
668 288.5550231933594 668
669 288.5644836425781 669
670 288.5739440917969 670
671 288.58349609375 671
672 288.5930786132812 672
673 288.6026611328125 673
674 288.6123657226562 674
675 288.6220397949219 675
676 288.6317749023438 676
677 288.6416015625 677
678 288.6514282226562 678
679 288.6612548828125 679
680 288.6712036132812 680
681 288.68115234375 681
682 288.6911315917969 682
683 288.7012023925781 683
684 288.7113037109375 684
685 288.721435546875 685
686 288.7316284179688 686
687 288.7418518066406 687
688 288.7521057128906 688
689 288.7624206542969 689
690 288.7727661132812 690
691 288.7831726074219 691
692 288.7936096191406 692
693 288.8041076660156 693
694 288.8146362304688 694
695 288.8251953125 695
696 288.8358154296875 696
697 288.8464660644531 697
698 288.857177734375 698
699 288.8678894042969 699
700 288.878662109375 700
701 288.8894958496094 701
702 288.9003601074219 702
703 288.9112548828125 703
704 288.9222106933594 704
705 288.9331665039062 705
706 288.9442138671875 706
707 288.9552612304688 707
708 288.9663696289062 708
709 288.9774780273438 709
710 288.9886474609375 710
711 288.9998474121094 711
712 289.0110778808594 712
713 289.0223388671875 713
714 289.0336608886719 714
715 289.0450134277344 715
716 289.056396484375 716
717 289.0678100585938 717
718 289.0792236328125 718
719 289.0906982421875 719
720 289.1022033691406 720
721 289.1137084960938 721
722 289.1252746582031 722
723 289.1368713378906 723
724 289.1484680175781 724
725 289.1600952148438 725
726 289.1718139648438 726
727 289.1834716796875 727
728 289.1952209472656 728
729 289.2069702148438 729
730 289.2187194824219 730
731 289.2305297851562 731
732 289.2423095703125 732
733 289.254150390625 733
734 289.2659912109375 734
735 289.2778625488281 735
736 289.2897644042969 736
737 289.3016967773438 737
738 289.3136291503906 738
739 289.3255615234375 739
740 289.3375549316406 740
741 289.3495178222656 741
742 289.3615112304688 742
743 289.3735046386719 743
744 289.385498046875 744
745 289.3975830078125 745
746 289.4096069335938 746
747 289.4216918945312 747
748 289.4337463378906 748
749 289.44580078125 749
750 289.4579162597656 750
751 289.469970703125 751
752 289.4821166992188 752
753 289.4942321777344 753
754 289.50634765625 754
755 289.5184326171875 755
756 289.5305480957031 756
757 289.5426940917969 757
758 289.5548095703125 758
759 289.5669250488281 759
760 289.5790405273438 760
761 289.5911865234375 761
762 289.6033325195312 762
763 289.6154479980469 763
764 289.6275634765625 764
765 289.6396789550781 765
766 289.6517944335938 766
767 289.6639404296875 767
768 289.676025390625 768
769 289.6881103515625 769
770 289.7002563476562 770
771 289.7123413085938 771
772 289.7243957519531 772
773 289.7364807128906 773
774 289.74853515625 774
775 289.7605895996094 775
776 289.7726440429688 776
777 289.78466796875 777
778 289.7966918945312 778
779 289.8087158203125 779
780 289.8206787109375 780
781 289.8326721191406 781
782 289.8446350097656 782
783 289.8565673828125 783
784 289.8684997558594 784
785 289.8804016113281 785
786 289.8923034667969 786
787 289.9041748046875 787
788 289.9160461425781 788
789 289.9278564453125 789
790 289.939697265625 790
791 289.9515075683594 791
792 289.9632568359375 792
793 289.9750061035156 793
794 289.9867553710938 794
795 289.9984741210938 795
796 290.0101318359375 796
797 290.0217895507812 797
798 290.0334167480469 798
799 290.0450134277344 799
800 290.0565795898438 800
801 290.0681457519531 801
802 290.0796813964844 802
803 290.0911560058594 803
804 290.1026306152344 804
805 290.1140441894531 805
806 290.1254577636719 806
807 290.1368103027344 807
808 290.1481628417969 808
809 290.1594848632812 809
810 290.1707458496094 810
811 290.1819763183594 811
812 290.1931762695312 812
813 290.204345703125 813
814 290.2155151367188 814
815 290.2265930175781 815
816 290.2376708984375 816
817 290.2486877441406 817
818 290.2597045898438 818
819 290.2706298828125 819
820 290.2815246582031 820
821 290.2923889160156 821
822 290.30322265625 822
823 290.3140258789062 823
824 290.3247985839844 824
825 290.3355102539062 825
826 290.34619140625 826
827 290.3568115234375 827
828 290.3673706054688 828
829 290.3779296875 829
830 290.388427734375 830
831 290.3988647460938 831
832 290.4092712402344 832
833 290.4196166992188 833
834 290.429931640625 834
835 290.4402160644531 835
836 290.4504699707031 836
837 290.4606323242188 837
838 290.4707946777344 838
839 290.4808654785156 839
840 290.4909057617188 840
841 290.5008850097656 841
842 290.5108337402344 842
843 290.5207214355469 843
844 290.5305480957031 844
845 290.5403442382812 845
846 290.5500793457031 846
847 290.5597534179688 847
848 290.5693969726562 848
849 290.5789794921875 849
850 290.5885009765625 850
851 290.5979614257812 851
852 290.607421875 852
853 290.6168212890625 853
854 290.6261291503906 854
855 290.6354064941406 855
856 290.6446228027344 856
857 290.6537780761719 857
858 290.6629028320312 858
859 290.6719970703125 859
860 290.6809997558594 860
861 290.68994140625 861
862 290.6988525390625 862
863 290.7077331542969 863
864 290.7165222167969 864
865 290.7252807617188 865
866 290.7339782714844 866
867 290.7426452636719 867
868 290.7512512207031 868
869 290.7597961425781 869
870 290.768310546875 870
871 290.7767944335938 871
872 290.7851867675781 872
873 290.7935791015625 873
874 290.8018798828125 874
875 290.8101806640625 875
876 290.8184204101562 876
877 290.8266296386719 877
878 290.8347778320312 878
879 290.8428955078125 879
880 290.8509826660156 880
881 290.8590393066406 881
882 290.8670349121094 882
883 290.875 883
884 290.8829650878906 884
885 290.890869140625 885
886 290.8987426757812 886
887 290.9065856933594 887
888 290.9143981933594 888
889 290.9222106933594 889
890 290.9299926757812 890
891 290.937744140625 891
892 290.9454956054688 892
893 290.9531860351562 893
894 290.9609069824219 894
895 290.9685668945312 895
896 290.9762268066406 896
897 290.98388671875 897
898 290.9915161132812 898
899 290.9991455078125 899
900 291.0067749023438 900
901 291.014404296875 901
902 291.0220031738281 902
903 291.0296020507812 903
904 291.0372314453125 904
905 291.0448303222656 905
906 291.0524291992188 906
907 291.06005859375 907
908 291.0676574707031 908
909 291.0752868652344 909
910 291.0829467773438 910
911 291.090576171875 911
912 291.0982666015625 912
913 291.1058959960938 913
914 291.1136169433594 914
915 291.1213073730469 915
916 291.1289978027344 916
917 291.13671875 917
918 291.1445007324219 918
919 291.1522827148438 919
920 291.1600646972656 920
921 291.1679077148438 921
922 291.1757202148438 922
923 291.18359375 923
924 291.1915283203125 924
925 291.1994018554688 925
926 291.2073669433594 926
927 291.2153625488281 927
928 291.223388671875 928
929 291.2314147949219 929
930 291.239501953125 930
931 291.2476196289062 931
932 291.2557373046875 932
933 291.263916015625 933
934 291.2721252441406 934
935 291.2803955078125 935
936 291.2886962890625 936
937 291.2969970703125 937
938 291.3053588867188 938
939 291.3137512207031 939
940 291.3222045898438 940
941 291.3306884765625 941
942 291.3392028808594 942
943 291.3477783203125 943
944 291.3563537597656 944
945 291.3650207519531 945
946 291.3736877441406 946
947 291.3824157714844 947
948 291.3911743164062 948
949 291.3999938964844 949
950 291.4088439941406 950
951 291.417724609375 951
952 291.4266662597656 952
953 291.4356079101562 953
954 291.4446411132812 954
955 291.4537048339844 955
956 291.4627990722656 956
957 291.4719848632812 957
958 291.4811401367188 958
959 291.4903564453125 959
960 291.4996337890625 960
961 291.5089416503906 961
962 291.5182800292969 962
963 291.5276794433594 963
964 291.537109375 964
965 291.5466003417969 965
966 291.5561218261719 966
967 291.5656433105469 967
968 291.5752258300781 968
969 291.5848999023438 969
970 291.5945434570312 970
971 291.6042785644531 971
972 291.614013671875 972
973 291.6238403320312 973
974 291.6336364746094 974
975 291.6434936523438 975
976 291.6533813476562 976
977 291.663330078125 977
978 291.6733093261719 978
979 291.6833190917969 979
980 291.693359375 980
981 291.7033996582031 981
982 291.7135009765625 982
983 291.7236633300781 983
984 291.7338562011719 984
985 291.7440490722656 985
986 291.7542724609375 986
987 291.7645263671875 987
988 291.7748413085938 988
989 291.78515625 989
990 291.7955017089844 990
991 291.8058776855469 991
992 291.8162841796875 992
993 291.8267211914062 993
994 291.8371887207031 994
995 291.84765625 995
996 291.8582153320312 996
997 291.8687133789062 997
998 291.8792724609375 998
999 291.8898620605469 999
1000 291.9004516601562 1000
1001 291.9111022949219 1001
1002 291.9217224121094 1002
1003 291.932373046875 1003
1004 291.9430541992188 1004
1005 291.9537963867188 1005
1006 291.9644775390625 1006
1007 291.9752197265625 1007
1008 291.9859619140625 1008
1009 291.9967346191406 1009
1010 292.0075073242188 1010
1011 292.0182800292969 1011
1012 292.0291137695312 1012
1013 292.0399169921875 1013
1014 292.0507507324219 1014
1015 292.0615844726562 1015
1016 292.0724487304688 1016
1017 292.0833129882812 1017
1018 292.0941772460938 1018
1019 292.1050415039062 1019
1020 292.1159362792969 1020
1021 292.1268005371094 1021
1022 292.1377258300781 1022
1023 292.1485595703125 1023
1024 292.1595153808594 1024
1025 292.1703796386719 1025
1026 292.1812744140625 1026
1027 292.1921997070312 1027
1028 292.203125 1028
1029 292.2140197753906 1029
1030 292.2249450683594 1030
1031 292.23583984375 1031
1032 292.2467346191406 1032
1033 292.2576293945312 1033
1034 292.2685546875 1034
1035 292.2794189453125 1035
1036 292.2903442382812 1036
1037 292.3012084960938 1037
1038 292.3120727539062 1038
1039 292.3229370117188 1039
1040 292.3338012695312 1040
1041 292.3446655273438 1041
1042 292.3554992675781 1042
1043 292.3663330078125 1043
1044 292.3771362304688 1044
1045 292.3879699707031 1045
1046 292.3987426757812 1046
1047 292.4095458984375 1047
1048 292.4203186035156 1048
1049 292.4310607910156 1049
1050 292.4418334960938 1050
1051 292.4525451660156 1051
1052 292.4632263183594 1052
1053 292.4739379882812 1053
1054 292.4845886230469 1054
1055 292.4952697753906 1055
1056 292.5059204101562 1056
1057 292.5165100097656 1057
1058 292.5271301269531 1058
1059 292.5376892089844 1059
1060 292.5482482910156 1060
1061 292.5588073730469 1061
1062 292.5692749023438 1062
1063 292.5797729492188 1063
1064 292.5902099609375 1064
1065 292.6006469726562 1065
1066 292.611083984375 1066
1067 292.6214599609375 1067
1068 292.6318054199219 1068
1069 292.6421203613281 1069
1070 292.6524353027344 1070
1071 292.6627197265625 1071
1072 292.6729431152344 1072
1073 292.6831665039062 1073
1074 292.693359375 1074
1075 292.7034912109375 1075
1076 292.713623046875 1076
1077 292.7236938476562 1077
1078 292.7337646484375 1078
1079 292.7437744140625 1079
1080 292.7537841796875 1080
1081 292.7637329101562 1081
1082 292.7736511230469 1082
1083 292.7835388183594 1083
1084 292.7933654785156 1084
1085 292.8031921386719 1085
1086 292.8129577636719 1086
1087 292.8226623535156 1087
1088 292.8323364257812 1088
1089 292.842041015625 1089
1090 292.8516845703125 1090
1091 292.8612060546875 1091
1092 292.8707885742188 1092
1093 292.8802490234375 1093
1094 292.8897094726562 1094
1095 292.8991394042969 1095
1096 292.9084777832031 1096
1097 292.9178161621094 1097
1098 292.9270935058594 1098
1099 292.9363403320312 1099
1100 292.945556640625 1100
1101 292.9546813964844 1101
1102 292.9637756347656 1102
1103 292.9728393554688 1103
1104 292.9818725585938 1104
1105 292.9908447265625 1105
1106 292.999755859375 1106
1107 293.0086059570312 1107
1108 293.0174255371094 1108
1109 293.0262145996094 1109
1110 293.0349426269531 1110
1111 293.0436096191406 1111
1112 293.05224609375 1112
1113 293.0608215332031 1113
1114 293.0693359375 1114
1115 293.0778503417969 1115
1116 293.0862426757812 1116
1117 293.0946044921875 1117
1118 293.1029357910156 1118
1119 293.1112060546875 1119
1120 293.1194458007812 1120
1121 293.1275939941406 1121
1122 293.1357116699219 1122
1123 293.1437683105469 1123
1124 293.1517944335938 1124
1125 293.1597290039062 1125
1126 293.1676330566406 1126
1127 293.1755065917969 1127
1128 293.1832885742188 1128
1129 293.1910400390625 1129
1130 293.19873046875 1130
1131 293.2063598632812 1131
1132 293.2139587402344 1132
1133 293.2214965820312 1133
1134 293.22900390625 1134
1135 293.2364196777344 1135
1136 293.2438049316406 1136
1137 293.2511596679688 1137
1138 293.2584533691406 1138
1139 293.2657165527344 1139
1140 293.2729187011719 1140
1141 293.280029296875 1141
1142 293.2871398925781 1142
1143 293.2942199707031 1143
1144 293.3012084960938 1144
1145 293.3082275390625 1145
1146 293.3151550292969 1146
1147 293.3220520019531 1147
1148 293.3288879394531 1148
1149 293.335693359375 1149
1150 293.3424682617188 1150
1151 293.3492126464844 1151
1152 293.3559265136719 1152
1153 293.3626098632812 1153
1154 293.3692321777344 1154
1155 293.3758239746094 1155
1156 293.3824157714844 1156
1157 293.3889770507812 1157
1158 293.3955078125 1158
1159 293.4020080566406 1159
1160 293.4084777832031 1160
1161 293.4149780273438 1161
1162 293.42138671875 1162
1163 293.4277954101562 1163
1164 293.4342346191406 1164
1165 293.4406127929688 1165
1166 293.447021484375 1166
1167 293.453369140625 1167
1168 293.459716796875 1168
1169 293.466064453125 1169
1170 293.472412109375 1170
1171 293.478759765625 1171
1172 293.485107421875 1172
1173 293.4914245605469 1173
1174 293.4977416992188 1174
1175 293.5040893554688 1175
1176 293.5104370117188 1176
1177 293.5167846679688 1177
1178 293.5231323242188 1178
1179 293.5295104980469 1179
1180 293.5358581542969 1180
1181 293.5422668457031 1181
1182 293.5486450195312 1182
1183 293.5550537109375 1183
1184 293.5614624023438 1184
1185 293.5679016113281 1185
1186 293.5743408203125 1186
1187 293.5808410644531 1187
1188 293.5873413085938 1188
1189 293.5938415527344 1189
1190 293.6003723144531 1190
1191 293.60693359375 1191
1192 293.613525390625 1192
1193 293.6201477050781 1193
1194 293.6268005371094 1194
1195 293.6334838867188 1195
1196 293.6401672363281 1196
1197 293.6469116210938 1197
1198 293.6536560058594 1198
1199 293.6604309082031 1199
1200 293.6672973632812 1200
1201 293.6741638183594 1201
1202 293.6810302734375 1202
1203 293.6879577636719 1203
1204 293.6949462890625 1204
1205 293.7019653320312 1205
1206 293.708984375 1206
1207 293.7160339355469 1207
1208 293.7231750488281 1208
1209 293.7303161621094 1209
1210 293.7375183105469 1210
1211 293.7447509765625 1211
1212 293.7520446777344 1212
1213 293.7593078613281 1213
1214 293.7666931152344 1214
1215 293.7741088867188 1215
1216 293.781494140625 1216
1217 293.7890014648438 1217
1218 293.7965087890625 1218
1219 293.8040466308594 1219
1220 293.8116760253906 1220
1221 293.8193054199219 1221
1222 293.8269958496094 1222
1223 293.834716796875 1223
1224 293.8424987792969 1224
1225 293.8502807617188 1225
1226 293.858154296875 1226
1227 293.8660278320312 1227
1228 293.8739624023438 1228
1229 293.8819274902344 1229
1230 293.8899536132812 1230
1231 293.8980102539062 1231
1232 293.9060974121094 1232
1233 293.9142456054688 1233
1234 293.9224243164062 1234
1235 293.9306335449219 1235
1236 293.9389038085938 1236
1237 293.9472045898438 1237
1238 293.95556640625 1238
1239 293.9639282226562 1239
1240 293.9723510742188 1240
1241 293.9808044433594 1241
1242 293.9892883300781 1242
1243 293.997802734375 1243
1244 294.0064086914062 1244
1245 294.0149841308594 1245
1246 294.0236206054688 1246
1247 294.0322875976562 1247
1248 294.041015625 1248
1249 294.0497436523438 1249
1250 294.0585327148438 1250
1251 294.0673522949219 1251
1252 294.076171875 1252
1253 294.0850524902344 1253
1254 294.0939331054688 1254
1255 294.1029052734375 1255
1256 294.1118469238281 1256
1257 294.120849609375 1257
1258 294.1298522949219 1258
1259 294.138916015625 1259
1260 294.1480102539062 1260
1261 294.1571350097656 1261
1262 294.166259765625 1262
1263 294.1754150390625 1263
1264 294.1846008300781 1264
1265 294.1938171386719 1265
1266 294.2030639648438 1266
1267 294.2123107910156 1267
1268 294.2215881347656 1268
1269 294.2308654785156 1269
1270 294.2401733398438 1270
1271 294.2495422363281 1271
1272 294.2589111328125 1272
1273 294.2682800292969 1273
1274 294.2776794433594 1274
1275 294.2870788574219 1275
1276 294.2965087890625 1276
1277 294.3059692382812 1277
1278 294.3154296875 1278
1279 294.3249206542969 1279
1280 294.3344116210938 1280
1281 294.3439025878906 1281
1282 294.3534240722656 1282
1283 294.3629455566406 1283
1284 294.3724975585938 1284
1285 294.3820190429688 1285
1286 294.3916015625 1286
1287 294.4011535644531 1287
1288 294.4107360839844 1288
1289 294.4203186035156 1289
1290 294.4299011230469 1290
1291 294.4394836425781 1291
1292 294.4490966796875 1292
1293 294.4586791992188 1293
1294 294.4682922363281 1294
1295 294.4779052734375 1295
1296 294.4874877929688 1296
1297 294.4971008300781 1297
1298 294.5067138671875 1298
1299 294.5163269042969 1299
1300 294.5259399414062 1300
1301 294.5355529785156 1301
1302 294.545166015625 1302
1303 294.5547485351562 1303
1304 294.5643310546875 1304
1305 294.5739135742188 1305
1306 294.58349609375 1306
1307 294.5930786132812 1307
1308 294.6026611328125 1308
1309 294.6122131347656 1309
1310 294.6217651367188 1310
1311 294.6313171386719 1311
1312 294.6408386230469 1312
1313 294.6503601074219 1313
1314 294.6598815917969 1314
1315 294.6693725585938 1315
1316 294.6788635253906 1316
1317 294.6883239746094 1317
1318 294.6977844238281 1318
1319 294.7072448730469 1319
1320 294.7166442871094 1320
1321 294.72607421875 1321
1322 294.7354736328125 1322
1323 294.7448425292969 1323
1324 294.7541809082031 1324
1325 294.7635498046875 1325
1326 294.7728576660156 1326
1327 294.7821655273438 1327
1328 294.7914428710938 1328
1329 294.8007202148438 1329
1330 294.8099365234375 1330
1331 294.8191528320312 1331
1332 294.8283386230469 1332
1333 294.8374938964844 1333
1334 294.8466186523438 1334
1335 294.8557434082031 1335
1336 294.8648376464844 1336
1337 294.8739013671875 1337
1338 294.8829650878906 1338
1339 294.8919372558594 1339
1340 294.9009399414062 1340
1341 294.9098815917969 1341
1342 294.9187927246094 1342
1343 294.9277038574219 1343
1344 294.9365539550781 1344
1345 294.9453735351562 1345
1346 294.9541625976562 1346
1347 294.9629516601562 1347
1348 294.9716796875 1348
1349 294.9803466796875 1349
1350 294.989013671875 1350
1351 294.9976501464844 1351
1352 295.0062561035156 1352
1353 295.0148010253906 1353
1354 295.0233154296875 1354
1355 295.0317993164062 1355
1356 295.0402526855469 1356
1357 295.0486450195312 1357
1358 295.0570068359375 1358
1359 295.0653686523438 1359
1360 295.0736389160156 1360
1361 295.0819091796875 1361
1362 295.090087890625 1362
1363 295.0982666015625 1363
1364 295.1063842773438 1364
1365 295.1144714355469 1365
1366 295.1225280761719 1366
1367 295.1305236816406 1367
1368 295.1384887695312 1368
1369 295.1463928222656 1369
1370 295.1542358398438 1370
1371 295.1620788574219 1371
1372 295.1698608398438 1372
1373 295.1775512695312 1373
1374 295.1852722167969 1374
1375 295.1929016113281 1375
1376 295.2005004882812 1376
1377 295.2080383300781 1377
1378 295.2155151367188 1378
1379 295.2229614257812 1379
1380 295.2303771972656 1380
1381 295.2377014160156 1381
1382 295.2450256347656 1382
1383 295.2522277832031 1383
1384 295.2594299316406 1384
1385 295.2666015625 1385
1386 295.273681640625 1386
1387 295.2807312011719 1387
1388 295.2877197265625 1388
1389 295.2946472167969 1389
1390 295.3015441894531 1390
1391 295.3083801269531 1391
1392 295.3151550292969 1392
1393 295.3218994140625 1393
1394 295.3285827636719 1394
1395 295.335205078125 1395
1396 295.341796875 1396
1397 295.3483276367188 1397
1398 295.3547973632812 1398
1399 295.3612365722656 1399
1400 295.3675842285156 1400
1401 295.3739013671875 1401
1402 295.3801879882812 1402
1403 295.3863830566406 1403
1404 295.3925476074219 1404
1405 295.398681640625 1405
1406 295.4047546386719 1406
1407 295.4107666015625 1407
1408 295.416748046875 1408
1409 295.4226684570312 1409
1410 295.4285278320312 1410
1411 295.4343872070312 1411
1412 295.440185546875 1412
1413 295.4459228515625 1413
1414 295.4516296386719 1414
1415 295.4573059082031 1415
1416 295.4629211425781 1416
1417 295.468505859375 1417
1418 295.4740600585938 1418
1419 295.4795532226562 1419
1420 295.4850463867188 1420
1421 295.490478515625 1421
1422 295.4958801269531 1422
1423 295.5012512207031 1423
1424 295.506591796875 1424
1425 295.5119323730469 1425
1426 295.5172119140625 1426
1427 295.5224914550781 1427
1428 295.5277099609375 1428
1429 295.532958984375 1429
1430 295.5381469726562 1430
1431 295.5433349609375 1431
1432 295.5484924316406 1432
1433 295.5536499023438 1433
1434 295.5587768554688 1434
1435 295.5639038085938 1435
1436 295.5689697265625 1436
1437 295.5740966796875 1437
1438 295.5791625976562 1438
1439 295.5842590332031 1439
1440 295.58935546875 1440
1441 295.5943908691406 1441
1442 295.5994873046875 1442
1443 295.6045532226562 1443
1444 295.609619140625 1444
1445 295.6147155761719 1445
1446 295.6198120117188 1446
1447 295.6249084472656 1447
1448 295.6300354003906 1448
1449 295.6351318359375 1449
1450 295.6402587890625 1450
1451 295.6453857421875 1451
1452 295.6505432128906 1452
1453 295.6557006835938 1453
1454 295.660888671875 1454
1455 295.6660766601562 1455
1456 295.6712951660156 1456
1457 295.6765441894531 1457
1458 295.6818237304688 1458
1459 295.6871032714844 1459
1460 295.6924133300781 1460
1461 295.69775390625 1461
1462 295.7030944824219 1462
1463 295.70849609375 1463
1464 295.7139282226562 1464
1465 295.7193603515625 1465
1466 295.724853515625 1466
1467 295.7303466796875 1467
1468 295.7359008789062 1468
1469 295.7414855957031 1469
1470 295.7471008300781 1470
1471 295.7527465820312 1471
1472 295.7583923339844 1472
1473 295.7641296386719 1473
1474 295.7698974609375 1474
1475 295.7756652832031 1475
1476 295.781494140625 1476
1477 295.7873840332031 1477
1478 295.7932739257812 1478
1479 295.7991943359375 1479
1480 295.80517578125 1480
1481 295.8112182617188 1481
1482 295.8172912597656 1482
1483 295.8233642578125 1483
1484 295.8294982910156 1484
1485 295.835693359375 1485
1486 295.8419799804688 1486
1487 295.8482055664062 1487
1488 295.8545227050781 1488
1489 295.8608703613281 1489
1490 295.8672790527344 1490
1491 295.8737182617188 1491
1492 295.8801879882812 1492
1493 295.88671875 1493
1494 295.8932800292969 1494
1495 295.8998718261719 1495
1496 295.9065551757812 1496
1497 295.9132080078125 1497
1498 295.9199523925781 1498
1499 295.9267272949219 1499
1500 295.9335327148438 1500
1501 295.9403991699219 1501
1502 295.9472961425781 1502
1503 295.9542236328125 1503
1504 295.9612121582031 1504
1505 295.96826171875 1505
1506 295.9753112792969 1506
1507 295.9823913574219 1507
1508 295.9895324707031 1508
1509 295.9967041015625 1509
1510 296.00390625 1510
1511 296.0111694335938 1511
1512 296.0184326171875 1512
1513 296.0257873535156 1513
1514 296.0331420898438 1514
1515 296.04052734375 1515
1516 296.0479736328125 1516
1517 296.0554504394531 1517
1518 296.0629577636719 1518
1519 296.0704956054688 1519
1520 296.0780639648438 1520
1521 296.0856628417969 1521
1522 296.0932922363281 1522
1523 296.1009521484375 1523
1524 296.1086730957031 1524
1525 296.1163940429688 1525
1526 296.1241455078125 1526
1527 296.1319580078125 1527
1528 296.1397705078125 1528
1529 296.1476135253906 1529
1530 296.1554870605469 1530
1531 296.1633911132812 1531
1532 296.1713256835938 1532
1533 296.1792602539062 1533
1534 296.187255859375 1534
1535 296.1952514648438 1535
1536 296.2032775878906 1536
1537 296.2113037109375 1537
1538 296.2193908691406 1538
1539 296.2275085449219 1539
1540 296.235595703125 1540
1541 296.2437438964844 1541
1542 296.2518615722656 1542
1543 296.2600402832031 1543
1544 296.2682495117188 1544
1545 296.2764587402344 1545
1546 296.2846374511719 1546
1547 296.2928771972656 1547
1548 296.3011169433594 1548
1549 296.3093872070312 1549
1550 296.3176879882812 1550
1551 296.3259887695312 1551
1552 296.3342895507812 1552
1553 296.3425903320312 1553
1554 296.3508911132812 1554
1555 296.3592529296875 1555
1556 296.3676147460938 1556
1557 296.3759460449219 1557
1558 296.38427734375 1558
1559 296.3926391601562 1559
1560 296.4010314941406 1560
1561 296.4093933105469 1561
1562 296.4177551269531 1562
1563 296.4261474609375 1563
1564 296.4345397949219 1564
1565 296.4429321289062 1565
1566 296.4513244628906 1566
1567 296.459716796875 1567
1568 296.4680786132812 1568
1569 296.4764709472656 1569
1570 296.48486328125 1570
1571 296.4932556152344 1571
1572 296.5016479492188 1572
1573 296.510009765625 1573
1574 296.5183715820312 1574
1575 296.5267639160156 1575
1576 296.5351257324219 1576
1577 296.54345703125 1577
1578 296.5518188476562 1578
1579 296.5601501464844 1579
1580 296.5684814453125 1580
1581 296.5768127441406 1581
1582 296.5851135253906 1582
1583 296.5934143066406 1583
1584 296.6017150878906 1584
1585 296.6099853515625 1585
1586 296.6182250976562 1586
1587 296.6264953613281 1587
1588 296.6347351074219 1588
1589 296.6429443359375 1589
1590 296.6511535644531 1590
1591 296.6593322753906 1591
1592 296.6675109863281 1592
1593 296.6756591796875 1593
1594 296.6837768554688 1594
1595 296.69189453125 1595
1596 296.7000122070312 1596
1597 296.7080688476562 1597
1598 296.7161254882812 1598
1599 296.7241516113281 1599
1600 296.732177734375 1600
1601 296.7401733398438 1601
1602 296.7481384277344 1602
1603 296.7560424804688 1603
1604 296.7639465332031 1604
1605 296.7718505859375 1605
1606 296.7797241210938 1606
1607 296.7875671386719 1607
1608 296.7953491210938 1608
1609 296.8031311035156 1609
1610 296.8108825683594 1610
1611 296.818603515625 1611
1612 296.8262939453125 1612
1613 296.833984375 1613
1614 296.8415832519531 1614
1615 296.8492126464844 1615
1616 296.8567810058594 1616
1617 296.8643188476562 1617
1618 296.8717651367188 1618
1619 296.8792724609375 1619
1620 296.88671875 1620
1621 296.8941040039062 1621
1622 296.9014587402344 1622
1623 296.9088134765625 1623
1624 296.9160766601562 1624
1625 296.92333984375 1625
1626 296.9305725097656 1626
1627 296.9377136230469 1627
1628 296.9448852539062 1628
1629 296.9519653320312 1629
1630 296.9590454101562 1630
1631 296.966064453125 1631
1632 296.9730529785156 1632
1633 296.97998046875 1633
1634 296.9868774414062 1634
1635 296.9937438964844 1635
1636 297.0005493164062 1636
1637 297.00732421875 1637
1638 297.0140686035156 1638
1639 297.020751953125 1639
1640 297.02734375 1640
1641 297.0339660644531 1641
1642 297.0404968261719 1642
1643 297.0469970703125 1643
1644 297.053466796875 1644
1645 297.0598754882812 1645
1646 297.0662231445312 1646
1647 297.0725402832031 1647
1648 297.0787963867188 1648
1649 297.0850219726562 1649
1650 297.0911865234375 1650
1651 297.0973205566406 1651
1652 297.1033935546875 1652
1653 297.109375 1653
1654 297.1153564453125 1654
1655 297.1213073730469 1655
1656 297.1271667480469 1656
1657 297.1329956054688 1657
1658 297.1387634277344 1658
1659 297.1444702148438 1659
1660 297.150146484375 1660
1661 297.1557312011719 1661
1662 297.1613159179688 1662
1663 297.1668090820312 1663
1664 297.1722717285156 1664
1665 297.1776733398438 1665
1666 297.1830444335938 1666
1667 297.1883544921875 1667
1668 297.193603515625 1668
1669 297.1987915039062 1669
1670 297.2039489746094 1670
1671 297.2090759277344 1671
1672 297.214111328125 1672
1673 297.2191162109375 1673
1674 297.2240905761719 1674
1675 297.2289733886719 1675
1676 297.2338256835938 1676
1677 297.2386474609375 1677
1678 297.243408203125 1678
1679 297.2481689453125 1679
1680 297.2528076171875 1680
1681 297.2574462890625 1681
1682 297.2620544433594 1682
1683 297.2666015625 1683
1684 297.2710876464844 1684
1685 297.2755432128906 1685
1686 297.2799682617188 1686
1687 297.2843627929688 1687
1688 297.2887268066406 1688
1689 297.2930297851562 1689
1690 297.2973327636719 1690
1691 297.3015747070312 1691
1692 297.3057861328125 1692
1693 297.3099670410156 1693
1694 297.3141479492188 1694
1695 297.3182983398438 1695
1696 297.3224182128906 1696
1697 297.3264770507812 1697
1698 297.33056640625 1698
1699 297.3345947265625 1699
1700 297.3386535644531 1700
1701 297.3426513671875 1701
1702 297.3466796875 1702
1703 297.3506164550781 1703
1704 297.3546142578125 1704
1705 297.3585815429688 1705
1706 297.3625183105469 1706
1707 297.366455078125 1707
1708 297.3703918457031 1708
1709 297.3743286132812 1709
1710 297.3782653808594 1710
1711 297.3822021484375 1711
1712 297.3861389160156 1712
1713 297.3900756835938 1713
1714 297.3940124511719 1714
1715 297.39794921875 1715
1716 297.4019165039062 1716
1717 297.4058532714844 1717
1718 297.4098510742188 1718
1719 297.413818359375 1719
1720 297.4177856445312 1720
1721 297.4218139648438 1721
1722 297.4258728027344 1722
1723 297.4299011230469 1723
1724 297.4339599609375 1724
1725 297.4380493164062 1725
1726 297.442138671875 1726
1727 297.4462585449219 1727
1728 297.4504089355469 1728
1729 297.45458984375 1729
1730 297.4588012695312 1730
1731 297.4630432128906 1731
1732 297.46728515625 1732
1733 297.4715576171875 1733
1734 297.4758911132812 1734
1735 297.480224609375 1735
1736 297.4845886230469 1736
1737 297.489013671875 1737
1738 297.4934692382812 1738
1739 297.4979553222656 1739
1740 297.50244140625 1740
1741 297.5070190429688 1741
1742 297.5115966796875 1742
1743 297.5162048339844 1743
1744 297.5208740234375 1744
1745 297.5255737304688 1745
1746 297.5303039550781 1746
1747 297.5350646972656 1747
1748 297.5399169921875 1748
1749 297.5447692871094 1749
1750 297.5496520996094 1750
1751 297.5545959472656 1751
1752 297.5595703125 1752
1753 297.5646057128906 1753
1754 297.5696716308594 1754
1755 297.5747680664062 1755
1756 297.5799255371094 1756
1757 297.5850830078125 1757
1758 297.59033203125 1758
1759 297.5956115722656 1759
1760 297.6009216308594 1760
1761 297.6062927246094 1761
1762 297.6116943359375 1762
1763 297.6171264648438 1763
1764 297.6226196289062 1764
1765 297.6281433105469 1765
1766 297.6337280273438 1766
1767 297.6393432617188 1767
1768 297.6449890136719 1768
1769 297.6506958007812 1769
1770 297.6564331054688 1770
1771 297.6622314453125 1771
1772 297.6680297851562 1772
1773 297.6738891601562 1773
1774 297.6798095703125 1774
1775 297.6857604980469 1775
1776 297.6917419433594 1776
1777 297.69775390625 1777
1778 297.7038269042969 1778
1779 297.7099304199219 1779
1780 297.716064453125 1780
1781 297.7222595214844 1781
1782 297.7284545898438 1782
1783 297.7347106933594 1783
1784 297.7409973144531 1784
1785 297.747314453125 1785
1786 297.753662109375 1786
1787 297.7600708007812 1787
1788 297.7665100097656 1788
1789 297.7729797363281 1789
1790 297.7794799804688 1790
1791 297.7859802246094 1791
1792 297.7925415039062 1792
1793 297.7991638183594 1793
1794 297.8057861328125 1794
1795 297.8124389648438 1795
1796 297.8191528320312 1796
1797 297.8258361816406 1797
1798 297.8326110839844 1798
1799 297.8393859863281 1799
1800 297.84619140625 1800
1801 297.8529968261719 1801
1802 297.85986328125 1802
1803 297.8667297363281 1803
1804 297.8736572265625 1804
1805 297.8805541992188 1805
1806 297.8875122070312 1806
1807 297.8944702148438 1807
1808 297.9014587402344 1808
1809 297.9085083007812 1809
1810 297.91552734375 1810
1811 297.9225769042969 1811
1812 297.9296569824219 1812
1813 297.936767578125 1813
1814 297.94384765625 1814
1815 297.9509582519531 1815
1816 297.9581298828125 1816
1817 297.9652709960938 1817
1818 297.9724731445312 1818
1819 297.9796447753906 1819
1820 297.9868469238281 1820
1821 297.9940490722656 1821
1822 298.0012817382812 1822
1823 298.0085144042969 1823
1824 298.0157470703125 1824
1825 298.0230102539062 1825
1826 298.0302429199219 1826
1827 298.0375366210938 1827
1828 298.0447998046875 1828
1829 298.0520935058594 1829
1830 298.0593566894531 1830
1831 298.0666809082031 1831
1832 298.073974609375 1832
1833 298.0812683105469 1833
1834 298.0885925292969 1834
1835 298.0958862304688 1835
1836 298.1031799316406 1836
1837 298.1105041503906 1837
1838 298.1178283691406 1838
1839 298.1251220703125 1839
1840 298.1324157714844 1840
1841 298.1397094726562 1841
1842 298.1470336914062 1842
1843 298.154296875 1843
1844 298.1615905761719 1844
1845 298.1688842773438 1845
1846 298.1761474609375 1846
1847 298.1834411621094 1847
1848 298.1907043457031 1848
1849 298.1979675292969 1849
1850 298.2052001953125 1850
1851 298.2124328613281 1851
1852 298.2196655273438 1852
1853 298.2268676757812 1853
1854 298.2340698242188 1854
1855 298.2412719726562 1855
1856 298.2484436035156 1856
1857 298.255615234375 1857
1858 298.2627563476562 1858
1859 298.2698974609375 1859
1860 298.2770080566406 1860
1861 298.2841186523438 1861
1862 298.2911987304688 1862
1863 298.2982788085938 1863
1864 298.3052978515625 1864
1865 298.3123474121094 1865
1866 298.3193664550781 1866
1867 298.3263549804688 1867
1868 298.3333129882812 1868
1869 298.3402404785156 1869
1870 298.34716796875 1870
1871 298.3540649414062 1871
1872 298.3609313964844 1872
1873 298.3677978515625 1873
1874 298.3746032714844 1874
1875 298.3814086914062 1875
1876 298.38818359375 1876
1877 298.3949584960938 1877
1878 298.4016723632812 1878
1879 298.4083557128906 1879
1880 298.4150085449219 1880
1881 298.4216613769531 1881
1882 298.4282836914062 1882
1883 298.4348449707031 1883
1884 298.44140625 1884
1885 298.4479064941406 1885
1886 298.4543762207031 1886
1887 298.4608154296875 1887
1888 298.4672241210938 1888
1889 298.4736328125 1889
1890 298.47998046875 1890
1891 298.4862976074219 1891
1892 298.4925537109375 1892
1893 298.498779296875 1893
1894 298.5050048828125 1894
1895 298.5111694335938 1895
1896 298.5173034667969 1896
1897 298.5233764648438 1897
1898 298.5294799804688 1898
1899 298.5354614257812 1899
1900 298.5414428710938 1900
1901 298.5473937988281 1901
1902 298.5532531738281 1902
1903 298.5591430664062 1903
1904 298.56494140625 1904
1905 298.5707092285156 1905
1906 298.5764465332031 1906
1907 298.5821228027344 1907
1908 298.5877685546875 1908
1909 298.5933837890625 1909
1910 298.5989379882812 1910
1911 298.6044311523438 1911
1912 298.6098937988281 1912
1913 298.6152954101562 1913
1914 298.6206665039062 1914
1915 298.6260070800781 1915
1916 298.6312561035156 1916
1917 298.6365051269531 1917
1918 298.6417236328125 1918
1919 298.6467895507812 1919
1920 298.6519165039062 1920
1921 298.6569519042969 1921
1922 298.6619262695312 1922
1923 298.6668701171875 1923
1924 298.6717529296875 1924
1925 298.6765747070312 1925
1926 298.681396484375 1926
1927 298.6860961914062 1927
1928 298.6908264160156 1928
1929 298.6954345703125 1929
1930 298.7000122070312 1930
1931 298.70458984375 1931
1932 298.7090454101562 1932
1933 298.7134704589844 1933
1934 298.7178344726562 1934
1935 298.72216796875 1935
1936 298.7264709472656 1936
1937 298.730712890625 1937
1938 298.7348937988281 1938
1939 298.739013671875 1939
1940 298.7431030273438 1940
1941 298.7471313476562 1941
1942 298.7510986328125 1942
1943 298.7550354003906 1943
1944 298.7589111328125 1944
1945 298.7627563476562 1945
1946 298.7665405273438 1946
1947 298.7702941894531 1947
1948 298.7739868164062 1948
1949 298.7776489257812 1949
1950 298.78125 1950
1951 298.7848510742188 1951
1952 298.7883605957031 1952
1953 298.7919006347656 1953
1954 298.7953186035156 1954
1955 298.7987365722656 1955
1956 298.8020935058594 1956
1957 298.8054504394531 1957
1958 298.8087463378906 1958
1959 298.81201171875 1959
1960 298.8152770996094 1960
1961 298.8184814453125 1961
1962 298.8216552734375 1962
1963 298.8247985839844 1963
1964 298.8279418945312 1964
1965 298.8310546875 1965
1966 298.8341064453125 1966
1967 298.8371887207031 1967
1968 298.8402404785156 1968
1969 298.84326171875 1969
1970 298.8462829589844 1970
1971 298.8492431640625 1971
1972 298.8522338867188 1972
1973 298.8551940917969 1973
1974 298.858154296875 1974
1975 298.8611145019531 1975
1976 298.8640441894531 1976
1977 298.8669738769531 1977
1978 298.8699035644531 1978
1979 298.8728332519531 1979
1980 298.8757934570312 1980
1981 298.8786926269531 1981
1982 298.8816528320312 1982
1983 298.8845825195312 1983
1984 298.8875122070312 1984
1985 298.8904724121094 1985
1986 298.8934631347656 1986
1987 298.8963928222656 1987
1988 298.8994140625 1988
1989 298.9024047851562 1989
1990 298.9054260253906 1990
1991 298.908447265625 1991
1992 298.9115295410156 1992
1993 298.9145812988281 1993
1994 298.9176940917969 1994
1995 298.9208068847656 1995
1996 298.9239196777344 1996
1997 298.9270935058594 1997
1998 298.9302673339844 1998
1999 298.9334716796875 1999
2000 298.9367370605469 2000
2001 298.9400024414062 2001
2002 298.9432678222656 2002
2003 298.9465942382812 2003
2004 298.9499816894531 2004
2005 298.953369140625 2005
2006 298.956787109375 2006
2007 298.9602355957031 2007
2008 298.9637451171875 2008
2009 298.9672546386719 2009
2010 298.9708251953125 2010
2011 298.9744262695312 2011
2012 298.9780883789062 2012
2013 298.9817504882812 2013
2014 298.9854431152344 2014
2015 298.9892272949219 2015
2016 298.9930419921875 2016
2017 298.9968566894531 2017
2018 299.000732421875 2018
2019 299.0046691894531 2019
2020 299.0086059570312 2020
2021 299.0126342773438 2021
2022 299.0166625976562 2022
2023 299.0207214355469 2023
2024 299.0248718261719 2024
2025 299.029052734375 2025
2026 299.0332641601562 2026
2027 299.0375366210938 2027
2028 299.0418395996094 2028
2029 299.0461730957031 2029
2030 299.050537109375 2030
2031 299.0549621582031 2031
2032 299.0594482421875 2032
2033 299.06396484375 2033
2034 299.0685424804688 2034
2035 299.0731201171875 2035
2036 299.0777587890625 2036
2037 299.0824584960938 2037
2038 299.0871887207031 2038
2039 299.0919494628906 2039
2040 299.0967712402344 2040
2041 299.1016235351562 2041
2042 299.1065063476562 2042
2043 299.1114501953125 2043
2044 299.1164245605469 2044
2045 299.1214599609375 2045
2046 299.1265258789062 2046
2047 299.1316223144531 2047
2048 299.13671875 2048
2049 299.1419067382812 2049
2050 299.1471252441406 2050
2051 299.1523742675781 2051
2052 299.1576843261719 2052
2053 299.1629943847656 2053
2054 299.1683959960938 2054
2055 299.1737670898438 2055
2056 299.17919921875 2056
2057 299.1846923828125 2057
2058 299.1902160644531 2058
2059 299.1957397460938 2059
2060 299.2012939453125 2060
2061 299.2069091796875 2061
2062 299.2125549316406 2062
2063 299.2182312011719 2063
2064 299.2239074707031 2064
2065 299.2296752929688 2065
2066 299.2354125976562 2066
2067 299.2412109375 2067
2068 299.2470092773438 2068
2069 299.2528686523438 2069
2070 299.2587585449219 2070
2071 299.2646484375 2071
2072 299.2705688476562 2072
2073 299.2765197753906 2073
2074 299.2825012207031 2074
2075 299.2885131835938 2075
2076 299.2945251464844 2076
2077 299.3005981445312 2077
2078 299.306640625 2078
2079 299.312744140625 2079
2080 299.31884765625 2080
2081 299.324951171875 2081
2082 299.3311157226562 2082
2083 299.3372802734375 2083
2084 299.3434448242188 2084
2085 299.3496704101562 2085
2086 299.3558654785156 2086
2087 299.3620910644531 2087
2088 299.3683471679688 2088
2089 299.3745727539062 2089
2090 299.380859375 2090
2091 299.3871459960938 2091
2092 299.3934631347656 2092
2093 299.3997497558594 2093
2094 299.4060668945312 2094
2095 299.4124145507812 2095
2096 299.418701171875 2096
2097 299.4250793457031 2097
2098 299.431396484375 2098
2099 299.4377746582031 2099
2100 299.4441223144531 2100
2101 299.4505004882812 2101
2102 299.4568481445312 2102
2103 299.4631958007812 2103
2104 299.4696044921875 2104
2105 299.4759521484375 2105
2106 299.4822998046875 2106
2107 299.4887084960938 2107
2108 299.4950866699219 2108
2109 299.50146484375 2109
2110 299.5078125 2110
2111 299.5141906738281 2111
2112 299.5205688476562 2112
2113 299.5269165039062 2113
2114 299.5332641601562 2114
2115 299.5396118164062 2115
2116 299.5459594726562 2116
2117 299.5523071289062 2117
2118 299.5586242675781 2118
2119 299.5649719238281 2119
2120 299.5712585449219 2120
2121 299.5775451660156 2121
2122 299.5838623046875 2122
2123 299.5901184082031 2123
2124 299.5964050292969 2124
2125 299.6026611328125 2125
2126 299.60888671875 2126
2127 299.6151428222656 2127
2128 299.621337890625 2128
2129 299.6275634765625 2129
2130 299.6337280273438 2130
2131 299.639892578125 2131
2132 299.6460266113281 2132
2133 299.6521606445312 2133
2134 299.6582641601562 2134
2135 299.6643676757812 2135
2136 299.67041015625 2136
2137 299.6764831542969 2137
2138 299.6825256347656 2138
2139 299.6885681152344 2139
2140 299.6945190429688 2140
2141 299.7004699707031 2141
2142 299.7064208984375 2142
2143 299.7123413085938 2143
2144 299.7182312011719 2144
2145 299.7240600585938 2145
2146 299.7299194335938 2146
2147 299.7357482910156 2147
2148 299.7415161132812 2148
2149 299.7472534179688 2149
2150 299.7529907226562 2150
2151 299.7586975097656 2151
2152 299.7643737792969 2152
2153 299.77001953125 2153
2154 299.7756042480469 2154
2155 299.7811889648438 2155
2156 299.7867431640625 2156
2157 299.792236328125 2157
2158 299.7977294921875 2158
2159 299.8031921386719 2159
2160 299.8085632324219 2160
2161 299.81396484375 2161
2162 299.8192749023438 2162
2163 299.8245849609375 2163
2164 299.8298645019531 2164
2165 299.8350830078125 2165
2166 299.8402709960938 2166
2167 299.8454284667969 2167
2168 299.8505554199219 2168
2169 299.8556213378906 2169
2170 299.8606567382812 2170
2171 299.8656616210938 2171
2172 299.87060546875 2172
2173 299.8755493164062 2173
2174 299.8804321289062 2174
2175 299.88525390625 2175
2176 299.8900451660156 2176
2177 299.894775390625 2177
2178 299.8995056152344 2178
2179 299.9041442871094 2179
2180 299.9087524414062 2180
2181 299.913330078125 2181
2182 299.9178771972656 2182
2183 299.9223327636719 2183
2184 299.9267578125 2184
2185 299.9311828613281 2185
2186 299.9355163574219 2186
2187 299.9397888183594 2187
2188 299.9440612792969 2188
2189 299.9482421875 2189
2190 299.952392578125 2190
2191 299.9564819335938 2191
2192 299.9605407714844 2192
2193 299.9645385742188 2193
2194 299.968505859375 2194
2195 299.9723815917969 2195
2196 299.9762573242188 2196
2197 299.9800720214844 2197
2198 299.9837951660156 2198
2199 299.9875183105469 2199
2200 299.9911804199219 2200
2201 299.9947814941406 2201
2202 299.9983520507812 2202
2203 300.0018310546875 2203
2204 300.0052795410156 2204
2205 300.0086975097656 2205
2206 300.0120544433594 2206
2207 300.0153503417969 2207
2208 300.0185852050781 2208
2209 300.0217895507812 2209
2210 300.0249633789062 2210
2211 300.028076171875 2211
2212 300.0311279296875 2212
2213 300.0341186523438 2213
2214 300.037109375 2214
2215 300.0400085449219 2215
2216 300.0429077148438 2216
2217 300.0457153320312 2217
2218 300.0485229492188 2218
2219 300.05126953125 2219
2220 300.053955078125 2220
2221 300.0566101074219 2221
2222 300.0592346191406 2222
2223 300.0617980957031 2223
2224 300.0643615722656 2224
2225 300.06689453125 2225
2226 300.0693359375 2226
2227 300.07177734375 2227
2228 300.0741882324219 2228
2229 300.0765686035156 2229
2230 300.0788879394531 2230
2231 300.0812377929688 2231
2232 300.08349609375 2232
2233 300.0857849121094 2233
2234 300.0880126953125 2234
2235 300.0902404785156 2235
2236 300.0924682617188 2236
2237 300.0946350097656 2237
2238 300.0968017578125 2238
2239 300.0989379882812 2239
2240 300.10107421875 2240
2241 300.1031799316406 2241
2242 300.1052856445312 2242
2243 300.1073913574219 2243
2244 300.1094970703125 2244
2245 300.111572265625 2245
2246 300.1136474609375 2246
2247 300.11572265625 2247
2248 300.1177978515625 2248
2249 300.119873046875 2249
2250 300.1219482421875 2250
2251 300.1240234375 2251
2252 300.1261291503906 2252
2253 300.1282043457031 2253
2254 300.1303405761719 2254
2255 300.1324462890625 2255
2256 300.1345825195312 2256
2257 300.13671875 2257
2258 300.1388549804688 2258
2259 300.1410217285156 2259
2260 300.1432189941406 2260
2261 300.1454162597656 2261
2262 300.1476440429688 2262
2263 300.1498718261719 2263
2264 300.1521301269531 2264
2265 300.1544189453125 2265
2266 300.15673828125 2266
2267 300.1590576171875 2267
2268 300.1614379882812 2268
2269 300.163818359375 2269
2270 300.166259765625 2270
2271 300.168701171875 2271
2272 300.1712036132812 2272
2273 300.1737060546875 2273
2274 300.17626953125 2274
2275 300.1788635253906 2275
2276 300.1814880371094 2276
2277 300.1841125488281 2277
2278 300.1867980957031 2278
2279 300.1895446777344 2279
2280 300.1923217773438 2280
2281 300.1950988769531 2281
2282 300.1979370117188 2282
2283 300.2008361816406 2283
2284 300.2037353515625 2284
2285 300.2066955566406 2285
2286 300.209716796875 2286
2287 300.2127380371094 2287
2288 300.2158203125 2288
2289 300.2189331054688 2289
2290 300.2221069335938 2290
2291 300.225341796875 2291
2292 300.2285766601562 2292
2293 300.2318725585938 2293
2294 300.2352294921875 2294
2295 300.2386169433594 2295
2296 300.2420349121094 2296
2297 300.2455139160156 2297
2298 300.2490234375 2298
2299 300.2525634765625 2299
2300 300.2561645507812 2300
2301 300.2598266601562 2301
2302 300.2634887695312 2302
2303 300.2672424316406 2303
2304 300.2710266113281 2304
2305 300.2748413085938 2305
2306 300.2786865234375 2306
2307 300.2825927734375 2307
2308 300.2865295410156 2308
2309 300.2905578613281 2309
2310 300.2945556640625 2310
2311 300.2986450195312 2311
2312 300.302734375 2312
2313 300.306884765625 2313
2314 300.3111267089844 2314
2315 300.3153381347656 2315
2316 300.3196105957031 2316
2317 300.3239135742188 2317
2318 300.3283081054688 2318
2319 300.3326721191406 2319
2320 300.3371276855469 2320
2321 300.3416137695312 2321
2322 300.3461303710938 2322
2323 300.3506469726562 2323
2324 300.355224609375 2324
2325 300.35986328125 2325
2326 300.364501953125 2326
2327 300.3692321777344 2327
2328 300.3739318847656 2328
2329 300.3786926269531 2329
2330 300.3834838867188 2330
2331 300.3883056640625 2331
2332 300.3931884765625 2332
2333 300.3980712890625 2333
2334 300.4029846191406 2334
2335 300.4079284667969 2335
2336 300.4129028320312 2336
2337 300.4179382324219 2337
2338 300.4229431152344 2338
2339 300.4280090332031 2339
2340 300.43310546875 2340
2341 300.438232421875 2341
2342 300.443359375 2342
2343 300.4485473632812 2343
2344 300.4537353515625 2344
2345 300.4589538574219 2345
2346 300.4642028808594 2346
2347 300.4694519042969 2347
2348 300.4747619628906 2348
2349 300.4800415039062 2349
2350 300.4853515625 2350
2351 300.49072265625 2351
2352 300.4960632324219 2352
2353 300.5014343261719 2353
2354 300.5068359375 2354
2355 300.5122680664062 2355
2356 300.5177001953125 2356
2357 300.5231628417969 2357
2358 300.5285949707031 2358
2359 300.5340881347656 2359
2360 300.53955078125 2360
2361 300.5450439453125 2361
2362 300.5505676269531 2362
2363 300.5560913085938 2363
2364 300.5616149902344 2364
2365 300.567138671875 2365
2366 300.5726928710938 2366
2367 300.5782470703125 2367
2368 300.5838012695312 2368
2369 300.58935546875 2369
2370 300.5949096679688 2370
2371 300.6004943847656 2371
2372 300.6060791015625 2372
2373 300.6116333007812 2373
2374 300.6172485351562 2374
2375 300.622802734375 2375
2376 300.6283874511719 2376
2377 300.6340026855469 2377
2378 300.6395874023438 2378
2379 300.6451416015625 2379
2380 300.6507263183594 2380
2381 300.6562805175781 2381
2382 300.661865234375 2382
2383 300.66748046875 2383
2384 300.6730041503906 2384
2385 300.6785583496094 2385
2386 300.6841125488281 2386
2387 300.6896667480469 2387
2388 300.6951904296875 2388
2389 300.7007141113281 2389
2390 300.7062377929688 2390
2391 300.7117309570312 2391
2392 300.7172546386719 2392
2393 300.7227172851562 2393
2394 300.7282104492188 2394
2395 300.7336730957031 2395
2396 300.7391357421875 2396
2397 300.7445373535156 2397
2398 300.75 2398
2399 300.7554016113281 2399
2400 300.7607421875 2400
2401 300.7661437988281 2401
2402 300.771484375 2402
2403 300.7768249511719 2403
2404 300.7821044921875 2404
2405 300.7874145507812 2405
2406 300.792724609375 2406
2407 300.7979431152344 2407
2408 300.8031921386719 2408
2409 300.8084106445312 2409
2410 300.8135986328125 2410
2411 300.8187561035156 2411
2412 300.8239135742188 2412
2413 300.8290100097656 2413
2414 300.8341369628906 2414
2415 300.8391723632812 2415
2416 300.8442077636719 2416
2417 300.8492431640625 2417
2418 300.8542175292969 2418
2419 300.8591613769531 2419
2420 300.8641052246094 2420
2421 300.8690185546875 2421
2422 300.8738708496094 2422
2423 300.8787231445312 2423
2424 300.8835144042969 2424
2425 300.8882751464844 2425
2426 300.89306640625 2426
2427 300.8977355957031 2427
2428 300.9024047851562 2428
2429 300.9070739746094 2429
2430 300.9117126464844 2430
2431 300.916259765625 2431
2432 300.9208068847656 2432
2433 300.9253234863281 2433
2434 300.9298095703125 2434
2435 300.9342041015625 2435
2436 300.9385986328125 2436
2437 300.9429321289062 2437
2438 300.947265625 2438
2439 300.9515686035156 2439
2440 300.955810546875 2440
2441 300.9600219726562 2441
2442 300.9641418457031 2442
2443 300.96826171875 2443
2444 300.9723510742188 2444
2445 300.9763793945312 2445
2446 300.9804077148438 2446
2447 300.9843444824219 2447
2448 300.9882202148438 2448
2449 300.9920959472656 2449
2450 300.9959106445312 2450
2451 300.9996948242188 2451
2452 301.00341796875 2452
2453 301.007080078125 2453
2454 301.0107421875 2454
2455 301.0143127441406 2455
2456 301.0178527832031 2456
2457 301.0213623046875 2457
2458 301.0248107910156 2458
2459 301.0281982421875 2459
2460 301.0315551757812 2460
2461 301.0348510742188 2461
2462 301.0381164550781 2462
2463 301.0413208007812 2463
2464 301.0444946289062 2464
2465 301.047607421875 2465
2466 301.0506591796875 2466
2467 301.0536499023438 2467
2468 301.0566101074219 2468
2469 301.0595397949219 2469
2470 301.0623779296875 2470
2471 301.0652160644531 2471
2472 301.0679626464844 2472
2473 301.0706481933594 2473
2474 301.0733337402344 2474
2475 301.075927734375 2475
2476 301.0784912109375 2476
2477 301.0810241699219 2477
2478 301.0834655761719 2478
2479 301.0858764648438 2479
2480 301.0882568359375 2480
2481 301.090576171875 2481
2482 301.0928344726562 2482
2483 301.0950927734375 2483
2484 301.0972595214844 2484
2485 301.0993957519531 2485
2486 301.1015014648438 2486
2487 301.103515625 2487
2488 301.1055297851562 2488
2489 301.1075134277344 2489
2490 301.1094360351562 2490
2491 301.111328125 2491
2492 301.1131896972656 2492
2493 301.114990234375 2493
2494 301.1167602539062 2494
2495 301.1185302734375 2495
2496 301.1202087402344 2496
2497 301.1218872070312 2497
2498 301.12353515625 2498
2499 301.1251525878906 2499
2500 301.1267395019531 2500
