"point-c-rfile"
"Time Step" "point-c etc.."
("Time Step" "point-c" "flow-time")
0 283 0
1 283 1
2 283 2
3 283 3
4 283 4
5 283 5
6 283 6
7 283 7
8 283 8
9 283 9
10 283 10
11 283 11
12 283 12
13 283 13
14 283 14
15 283 15
16 283 16
17 283 17
18 283 18
19 283 19
20 283 20
21 283 21
22 283 22
23 283 23
24 283 24
25 283 25
26 283 26
27 283 27
28 283 28
29 283 29
30 283.0000305175781 30
31 283.0000610351562 31
32 283.0000610351562 32
33 283.0000610351562 33
34 283.0001220703125 34
35 283.0001220703125 35
36 283.0001525878906 36
37 283.0001831054688 37
38 283.000244140625 38
39 283.0003051757812 39
40 283.0003662109375 40
41 283.0004577636719 41
42 283.0005493164062 42
43 283.0006713867188 43
44 283.0008239746094 44
45 283.0009460449219 45
46 283.0011596679688 46
47 283.0013427734375 47
48 283.0015563964844 48
49 283.0018310546875 49
50 283.0021057128906 50
51 283.00244140625 51
52 283.0027770996094 52
53 283.003173828125 53
54 283.0036315917969 54
55 283.0041198730469 55
56 283.0046691894531 56
57 283.0053100585938 57
58 283.0059814453125 58
59 283.0066833496094 59
60 283.0075073242188 60
61 283.0083618164062 61
62 283.0093078613281 62
63 283.0103454589844 63
64 283.0114440917969 64
65 283.0126342773438 65
66 283.0139465332031 66
67 283.0153198242188 67
68 283.016845703125 68
69 283.0184020996094 69
70 283.0201416015625 70
71 283.0219421386719 71
72 283.0238647460938 72
73 283.02587890625 73
74 283.028076171875 74
75 283.0303955078125 75
76 283.0328063964844 76
77 283.035400390625 77
78 283.0380859375 78
79 283.0409545898438 79
80 283.0439453125 80
81 283.0470581054688 81
82 283.0503540039062 82
83 283.0537719726562 83
84 283.0574035644531 84
85 283.0611572265625 85
86 283.0650634765625 86
87 283.0691528320312 87
88 283.0733947753906 88
89 283.0777893066406 89
90 283.0823974609375 90
91 283.0871276855469 91
92 283.092041015625 92
93 283.0971069335938 93
94 283.1023864746094 94
95 283.1078186035156 95
96 283.1134338378906 96
97 283.1192016601562 97
98 283.1251525878906 98
99 283.1312866210938 99
100 283.1376037597656 100
101 283.1441040039062 101
102 283.1507568359375 102
103 283.1575927734375 103
104 283.1646118164062 104
105 283.1718139648438 105
106 283.17919921875 106
107 283.1867065429688 107
108 283.1944580078125 108
109 283.2023315429688 109
110 283.2103881835938 110
111 283.2186279296875 111
112 283.2270202636719 112
113 283.235595703125 113
114 283.2443237304688 114
115 283.2532653808594 115
116 283.2623291015625 116
117 283.2715454101562 117
118 283.2809753417969 118
119 283.29052734375 119
120 283.3002319335938 120
121 283.3101196289062 121
122 283.3201293945312 122
123 283.330322265625 123
124 283.3406677246094 124
125 283.3511657714844 125
126 283.3617858886719 126
127 283.37255859375 127
128 283.3834838867188 128
129 283.39453125 129
130 283.40576171875 130
131 283.4170837402344 131
132 283.4285583496094 132
133 283.440185546875 133
134 283.451904296875 134
135 283.4637756347656 135
136 283.4757690429688 136
137 283.4879150390625 137
138 283.5001220703125 138
139 283.5124816894531 139
140 283.5249633789062 140
141 283.5375671386719 141
142 283.5502624511719 142
143 283.5630493164062 143
144 283.5759887695312 144
145 283.5889892578125 145
146 283.6021118164062 146
147 283.6153564453125 147
148 283.628662109375 148
149 283.6420593261719 149
150 283.6555786132812 150
151 283.6691589355469 151
152 283.6828308105469 152
153 283.6966247558594 153
154 283.71044921875 154
155 283.7244262695312 155
156 283.7384033203125 156
157 283.7525024414062 157
158 283.7666320800781 158
159 283.7808837890625 159
160 283.795166015625 160
161 283.8095092773438 161
162 283.823974609375 162
163 283.8384399414062 163
164 283.8529663085938 164
165 283.8675842285156 165
166 283.8822326660156 166
167 283.8969421386719 167
168 283.9117126464844 168
169 283.926513671875 169
170 283.9413452148438 170
171 283.9562683105469 171
172 283.97119140625 172
173 283.9861755371094 173
174 284.0011901855469 174
175 284.0162353515625 175
176 284.0313110351562 176
177 284.0464172363281 177
178 284.0615844726562 178
179 284.0767211914062 179
180 284.0918884277344 180
181 284.1071166992188 181
182 284.1223449707031 182
183 284.1376037597656 183
184 284.1528625488281 184
185 284.1681518554688 185
186 284.1834411621094 186
187 284.19873046875 187
188 284.2140502929688 188
189 284.2293701171875 189
190 284.2446899414062 190
191 284.260009765625 191
192 284.2753295898438 192
193 284.2906799316406 193
194 284.3059997558594 194
195 284.3213195800781 195
196 284.3366394042969 196
197 284.3519287109375 197
198 284.3672485351562 198
199 284.3825378417969 199
200 284.3977966308594 200
201 284.4130859375 201
202 284.4283142089844 202
203 284.4435424804688 203
204 284.458740234375 204
205 284.4739379882812 205
206 284.4891052246094 206
207 284.5042724609375 207
208 284.5193786621094 208
209 284.5344543457031 209
210 284.5495300292969 210
211 284.5645751953125 211
212 284.5795593261719 212
213 284.5945434570312 213
214 284.6094665527344 214
215 284.6243896484375 215
216 284.6392517089844 216
217 284.654052734375 217
218 284.6688537597656 218
219 284.68359375 219
220 284.6983337402344 220
221 284.7130126953125 221
222 284.7276000976562 222
223 284.7421875 223
224 284.7567138671875 224
225 284.7712097167969 225
226 284.78564453125 226
227 284.8000183105469 227
228 284.8143615722656 228
229 284.8286437988281 229
230 284.8428955078125 230
231 284.8570251464844 231
232 284.8711547851562 232
233 284.8852233886719 233
234 284.8992309570312 234
235 284.9131774902344 235
236 284.9270629882812 236
237 284.9408569335938 237
238 284.9546508789062 238
239 284.9683532714844 239
240 284.9819946289062 240
241 284.9955444335938 241
242 285.0090637207031 242
243 285.0224914550781 243
244 285.0358581542969 244
245 285.0491638183594 245
246 285.0623779296875 246
247 285.0755615234375 247
248 285.0886535644531 248
249 285.1016845703125 249
250 285.1146240234375 250
251 285.1275024414062 251
252 285.1403198242188 252
253 285.1530151367188 253
254 285.1656799316406 254
255 285.1782531738281 255
256 285.1907653808594 256
257 285.2031860351562 257
258 285.2155151367188 258
259 285.227783203125 259
260 285.2399597167969 260
261 285.2520446777344 261
262 285.2640686035156 262
263 285.2760009765625 263
264 285.2878723144531 264
265 285.2996215820312 265
266 285.3113098144531 266
267 285.3229064941406 267
268 285.3344116210938 268
269 285.3458557128906 269
270 285.357177734375 270
271 285.3684387207031 271
272 285.3796081542969 272
273 285.3906860351562 273
274 285.4017028808594 274
275 285.4125671386719 275
276 285.4234008789062 276
277 285.43408203125 277
278 285.4447326660156 278
279 285.4552612304688 279
280 285.4656982421875 280
281 285.47607421875 281
282 285.4862976074219 282
283 285.4964904785156 283
284 285.5065307617188 284
285 285.5165100097656 285
286 285.5263977050781 286
287 285.5361938476562 287
288 285.5458679199219 288
289 285.5554504394531 289
290 285.56494140625 290
291 285.5743408203125 291
292 285.5836181640625 292
293 285.5928344726562 293
294 285.6019287109375 294
295 285.6109619140625 295
296 285.619873046875 296
297 285.628662109375 297
298 285.6373901367188 298
299 285.64599609375 299
300 285.6544799804688 300
301 285.6629333496094 301
302 285.6712341308594 302
303 285.6794738769531 303
304 285.6875915527344 304
305 285.6956176757812 305
306 285.7035522460938 306
307 285.7113647460938 307
308 285.7191162109375 308
309 285.7267761230469 309
310 285.734375 310
311 285.7418212890625 311
312 285.7492065429688 312
313 285.7565307617188 313
314 285.7637634277344 314
315 285.7708740234375 315
316 285.7779541015625 316
317 285.7849426269531 317
318 285.7918395996094 318
319 285.7987060546875 319
320 285.8054809570312 320
321 285.8121948242188 321
322 285.81884765625 322
323 285.825439453125 323
324 285.8320007324219 324
325 285.8384704589844 325
326 285.844970703125 326
327 285.8513793945312 327
328 285.8577270507812 328
329 285.8640747070312 329
330 285.8703918457031 330
331 285.8766784667969 331
332 285.8829345703125 332
333 285.8892211914062 333
334 285.8954467773438 334
335 285.9017028808594 335
336 285.9079284667969 336
337 285.9141845703125 337
338 285.9204406738281 338
339 285.9266967773438 339
340 285.9329833984375 340
341 285.9392700195312 341
342 285.9456176757812 342
343 285.9519958496094 343
344 285.9583740234375 344
345 285.9648132324219 345
346 285.9713134765625 346
347 285.9778442382812 347
348 285.9844055175781 348
349 285.9910583496094 349
350 285.9977416992188 350
351 286.0045166015625 351
352 286.0113220214844 352
353 286.0182189941406 353
354 286.0251770019531 354
355 286.0322265625 355
356 286.0393371582031 356
357 286.0465087890625 357
358 286.0538024902344 358
359 286.0611877441406 359
360 286.0686340332031 360
361 286.076171875 361
362 286.0838012695312 362
363 286.091552734375 363
364 286.0993957519531 364
365 286.1072998046875 365
366 286.1153259277344 366
367 286.1234436035156 367
368 286.1316833496094 368
369 286.1400146484375 369
370 286.1484375 370
371 286.1569519042969 371
372 286.1656188964844 372
373 286.1743469238281 373
374 286.1831970214844 374
375 286.1921691894531 375
376 286.2012329101562 376
377 286.2103881835938 377
378 286.2196655273438 378
379 286.2290344238281 379
380 286.238525390625 380
381 286.2481079101562 381
382 286.2578125 382
383 286.2676086425781 383
384 286.2775268554688 384
385 286.2875366210938 385
386 286.297607421875 386
387 286.3078308105469 387
388 286.3181457519531 388
389 286.3285522460938 389
390 286.3390808105469 390
391 286.3496704101562 391
392 286.3604125976562 392
393 286.3711853027344 393
394 286.382080078125 394
395 286.39306640625 395
396 286.4041748046875 396
397 286.4153137207031 397
398 286.4265747070312 398
399 286.4379272460938 399
400 286.4493408203125 400
401 286.4608764648438 401
402 286.4724731445312 402
403 286.4841613769531 403
404 286.4959106445312 404
405 286.5077514648438 405
406 286.5196533203125 406
407 286.5316467285156 407
408 286.543701171875 408
409 286.5558471679688 409
410 286.5680541992188 410
411 286.580322265625 411
412 286.5926513671875 412
413 286.6050415039062 413
414 286.6174926757812 414
415 286.6300048828125 415
416 286.642578125 416
417 286.6552124023438 417
418 286.6679077148438 418
419 286.6806640625 419
420 286.6934204101562 420
421 286.7062377929688 421
422 286.7191467285156 422
423 286.7320861816406 423
424 286.7450561523438 424
425 286.758056640625 425
426 286.7711181640625 426
427 286.7842102050781 427
428 286.7973327636719 428
429 286.8104858398438 429
430 286.8236694335938 430
431 286.8368835449219 431
432 286.8501281738281 432
433 286.8634033203125 433
434 286.876708984375 434
435 286.8900146484375 435
436 286.9033813476562 436
437 286.916748046875 437
438 286.9301147460938 438
439 286.9435119628906 439
440 286.9569091796875 440
441 286.9703063964844 441
442 286.9837341308594 442
443 286.9971923828125 443
444 287.0106201171875 444
445 287.0240783691406 445
446 287.0375366210938 446
447 287.0509948730469 447
448 287.064453125 448
449 287.077880859375 449
450 287.0913696289062 450
451 287.1047973632812 451
452 287.1182250976562 452
453 287.1316528320312 453
454 287.1450805664062 454
455 287.1585083007812 455
456 287.171875 456
457 287.1852722167969 457
458 287.1986389160156 458
459 287.2119750976562 459
460 287.225341796875 460
461 287.2386474609375 461
462 287.2519226074219 462
463 287.2651977539062 463
464 287.2784118652344 464
465 287.2916259765625 465
466 287.3048095703125 466
467 287.3179626464844 467
468 287.3311157226562 468
469 287.3442077636719 469
470 287.3572692871094 470
471 287.3703002929688 471
472 287.38330078125 472
473 287.396240234375 473
474 287.4091796875 474
475 287.4220581054688 475
476 287.4349060058594 476
477 287.4476928710938 477
478 287.46044921875 478
479 287.47314453125 479
480 287.48583984375 480
481 287.4984741210938 481
482 287.5110168457031 482
483 287.5235595703125 483
484 287.5360107421875 484
485 287.5484619140625 485
486 287.560791015625 486
487 287.5731201171875 487
488 287.5853881835938 488
489 287.5975952148438 489
490 287.6097717285156 490
491 287.6218872070312 491
492 287.6339111328125 492
493 287.6458740234375 493
494 287.6577758789062 494
495 287.669677734375 495
496 287.6814575195312 496
497 287.6931762695312 497
498 287.7048645019531 498
499 287.7164611816406 499
500 287.7279968261719 500
501 287.7394714355469 501
502 287.7508544921875 502
503 287.76220703125 503
504 287.7734680175781 504
505 287.78466796875 505
506 287.7958068847656 506
507 287.8068237304688 507
508 287.8178405761719 508
509 287.8287353515625 509
510 287.839599609375 510
511 287.850341796875 511
512 287.8610229492188 512
513 287.8716430664062 513
514 287.8821716308594 514
515 287.8926391601562 515
516 287.9029846191406 516
517 287.9132995605469 517
518 287.9235229492188 518
519 287.9336547851562 519
520 287.9436950683594 520
521 287.9536743164062 521
522 287.9635620117188 522
523 287.973388671875 523
524 287.9830932617188 524
525 287.9927368164062 525
526 288.0022888183594 526
527 288.0117492675781 527
528 288.0211181640625 528
529 288.0304260253906 529
530 288.0396728515625 530
531 288.0487670898438 531
532 288.0578002929688 532
533 288.0667419433594 533
534 288.0756225585938 534
535 288.0843811035156 535
536 288.0930480957031 536
537 288.1016235351562 537
538 288.1101379394531 538
539 288.1184997558594 539
540 288.1268310546875 540
541 288.1350402832031 541
542 288.1431579589844 542
543 288.1511840820312 543
544 288.1591491699219 544
545 288.1669921875 545
546 288.1747131347656 546
547 288.182373046875 547
548 288.18994140625 548
549 288.1973876953125 549
550 288.2047424316406 550
551 288.2120056152344 551
552 288.2191772460938 552
553 288.2262573242188 553
554 288.2332153320312 554
555 288.2401123046875 555
556 288.2468566894531 556
557 288.2535400390625 557
558 288.2601318359375 558
559 288.2666015625 559
560 288.27294921875 560
561 288.2792358398438 561
562 288.285400390625 562
563 288.29150390625 563
564 288.2974853515625 564
565 288.3033447265625 565
566 288.3091125488281 566
567 288.3147888183594 567
568 288.3203430175781 568
569 288.3258056640625 569
570 288.3312072753906 570
571 288.3364562988281 571
572 288.3416137695312 572
573 288.3467407226562 573
574 288.3516845703125 574
575 288.3565673828125 575
576 288.3613586425781 576
577 288.3660583496094 577
578 288.3706665039062 578
579 288.3751831054688 579
580 288.3795776367188 580
581 288.3839111328125 581
582 288.3881530761719 582
583 288.3923034667969 583
584 288.3964233398438 584
585 288.400390625 585
586 288.4043273925781 586
587 288.4081726074219 587
588 288.4119262695312 588
589 288.4156494140625 589
590 288.4193115234375 590
591 288.4229125976562 591
592 288.4264221191406 592
593 288.4299011230469 593
594 288.4333190917969 594
595 288.4367370605469 595
596 288.4400634765625 596
597 288.443359375 597
598 288.4466247558594 598
599 288.4498901367188 599
600 288.453125 600
601 288.456298828125 601
602 288.45947265625 602
603 288.4626770019531 603
604 288.4658813476562 604
605 288.4690246582031 605
606 288.4721984863281 606
607 288.4754028320312 607
608 288.4786071777344 608
609 288.4818420410156 609
610 288.4850769042969 610
611 288.4883422851562 611
612 288.4916687011719 612
613 288.4949645996094 613
614 288.4983520507812 614
615 288.5018005371094 615
616 288.5052795410156 616
617 288.5087890625 617
618 288.5123901367188 618
619 288.5160217285156 619
620 288.5197143554688 620
621 288.5234985351562 621
622 288.52734375 622
623 288.5312805175781 623
624 288.5352783203125 624
625 288.5393676757812 625
626 288.5435180664062 626
627 288.5477294921875 627
628 288.5520935058594 628
629 288.5565185546875 629
630 288.56103515625 630
631 288.5656433105469 631
632 288.5703430175781 632
633 288.5751342773438 633
634 288.5800476074219 634
635 288.5850524902344 635
636 288.5901794433594 636
637 288.5953674316406 637
638 288.6006774902344 638
639 288.6061096191406 639
640 288.6116333007812 640
641 288.6172790527344 641
642 288.6230163574219 642
643 288.6288452148438 643
644 288.6348266601562 644
645 288.640869140625 645
646 288.6470336914062 646
647 288.6533203125 647
648 288.6597290039062 648
649 288.6662292480469 649
650 288.6728515625 650
651 288.6795654296875 651
652 288.6863708496094 652
653 288.6933288574219 653
654 288.7003173828125 654
655 288.7074584960938 655
656 288.7147521972656 656
657 288.7220764160156 657
658 288.7295227050781 658
659 288.7370910644531 659
660 288.7447204589844 660
661 288.7525024414062 661
662 288.7603454589844 662
663 288.768310546875 663
664 288.7763366699219 664
665 288.7844848632812 665
666 288.792724609375 666
667 288.801025390625 667
668 288.8094482421875 668
669 288.8179321289062 669
670 288.8265380859375 670
671 288.8352355957031 671
672 288.843994140625 672
673 288.8528442382812 673
674 288.8617553710938 674
675 288.8707580566406 675
676 288.8798522949219 676
677 288.8889770507812 677
678 288.8982238769531 678
679 288.9075317382812 679
680 288.9169006347656 680
681 288.9263305664062 681
682 288.9358520507812 682
683 288.9454345703125 683
684 288.955078125 684
685 288.9647521972656 685
686 288.9744873046875 686
687 288.9843139648438 687
688 288.9942016601562 688
689 289.0041198730469 689
690 289.0140991210938 690
691 289.0241088867188 691
692 289.0341796875 692
693 289.0442810058594 693
694 289.0544738769531 694
695 289.064697265625 695
696 289.0749206542969 696
697 289.085205078125 697
698 289.0955200195312 698
699 289.1058959960938 699
700 289.1162719726562 700
701 289.126708984375 701
702 289.1371459960938 702
703 289.1476440429688 703
704 289.1581420898438 704
705 289.1686706542969 705
706 289.17919921875 706
707 289.1897888183594 707
708 289.2003784179688 708
709 289.2109680175781 709
710 289.2216186523438 710
711 289.2322387695312 711
712 289.2428894042969 712
713 289.2535400390625 713
714 289.2642211914062 714
715 289.27490234375 715
716 289.2855834960938 716
717 289.2962646484375 717
718 289.3069458007812 718
719 289.317626953125 719
720 289.3283081054688 720
721 289.3389892578125 721
722 289.3496704101562 722
723 289.3603210449219 723
724 289.3709716796875 724
725 289.3816528320312 725
726 289.3922729492188 726
727 289.4028930664062 727
728 289.4135131835938 728
729 289.4241333007812 729
730 289.4346923828125 730
731 289.4452819824219 731
732 289.455810546875 732
733 289.46630859375 733
734 289.476806640625 734
735 289.4873046875 735
736 289.4977416992188 736
737 289.5081787109375 737
738 289.5185852050781 738
739 289.5289306640625 739
740 289.5392761230469 740
741 289.549560546875 741
742 289.5598449707031 742
743 289.5700988769531 743
744 289.5802917480469 744
745 289.5904235839844 745
746 289.6005554199219 746
747 289.6106567382812 747
748 289.6206970214844 748
749 289.6307067871094 749
750 289.6406555175781 750
751 289.6505737304688 751
752 289.6604614257812 752
753 289.6702575683594 753
754 289.6800537109375 754
755 289.6897583007812 755
756 289.6994323730469 756
757 289.7090759277344 757
758 289.7186279296875 758
759 289.7281494140625 759
760 289.7376098632812 760
761 289.7470397949219 761
762 289.7564086914062 762
763 289.7656860351562 763
764 289.7749633789062 764
765 289.7841186523438 765
766 289.7932434082031 766
767 289.8023071289062 767
768 289.8113403320312 768
769 289.8202514648438 769
770 289.8291320800781 770
771 289.8379516601562 771
772 289.8466796875 772
773 289.8553771972656 773
774 289.8639831542969 774
775 289.8725280761719 775
776 289.8810119628906 776
777 289.889404296875 777
778 289.8977661132812 778
779 289.9060363769531 779
780 289.9142456054688 780
781 289.92236328125 781
782 289.930419921875 782
783 289.9383850097656 783
784 289.9462890625 784
785 289.9541320800781 785
786 289.9619140625 786
787 289.9695434570312 787
788 289.9771728515625 788
789 289.9846801757812 789
790 289.9921264648438 790
791 289.99951171875 791
792 290.0067749023438 792
793 290.0140075683594 793
794 290.0211181640625 794
795 290.0281372070312 795
796 290.0351257324219 796
797 290.0419921875 797
798 290.0487976074219 798
799 290.0554809570312 799
800 290.0621337890625 800
801 290.0686645507812 801
802 290.0751342773438 802
803 290.0814819335938 803
804 290.0877685546875 804
805 290.0939636230469 805
806 290.10009765625 806
807 290.1061096191406 807
808 290.1120300292969 808
809 290.1178588867188 809
810 290.1236267089844 810
811 290.1293029785156 811
812 290.1348876953125 812
813 290.1403503417969 813
814 290.145751953125 814
815 290.1510620117188 815
816 290.15625 816
817 290.161376953125 817
818 290.1663818359375 818
819 290.1712951660156 819
820 290.1761474609375 820
821 290.180908203125 821
822 290.185546875 822
823 290.1900634765625 823
824 290.1945190429688 824
825 290.1988830566406 825
826 290.2031555175781 826
827 290.2073364257812 827
828 290.2113952636719 828
829 290.2153625488281 829
830 290.21923828125 830
831 290.2230224609375 831
832 290.2267150878906 832
833 290.2302856445312 833
834 290.2337951660156 834
835 290.2371826171875 835
836 290.240478515625 836
837 290.24365234375 837
838 290.2467651367188 838
839 290.249755859375 839
840 290.2526550292969 840
841 290.2554931640625 841
842 290.2581787109375 842
843 290.2608032226562 843
844 290.2633361816406 844
845 290.2658081054688 845
846 290.2681274414062 846
847 290.2703857421875 847
848 290.2725524902344 848
849 290.2746276855469 849
850 290.276611328125 850
851 290.2785339355469 851
852 290.2803649902344 852
853 290.2821044921875 853
854 290.2837829589844 854
855 290.285400390625 855
856 290.2869567871094 856
857 290.2883911132812 857
858 290.289794921875 858
859 290.2911682128906 859
860 290.2924194335938 860
861 290.2936706542969 861
862 290.2948608398438 862
863 290.2959899902344 863
864 290.2970581054688 864
865 290.2981262207031 865
866 290.2991638183594 866
867 290.3001403808594 867
868 290.3011474609375 868
869 290.3020629882812 869
870 290.3030090332031 870
871 290.3039245605469 871
872 290.3048400878906 872
873 290.3057556152344 873
874 290.3067016601562 874
875 290.3076171875 875
876 290.3085327148438 876
877 290.3094787597656 877
878 290.3104858398438 878
879 290.3114624023438 879
880 290.3125 880
881 290.3135986328125 881
882 290.314697265625 882
883 290.3158569335938 883
884 290.3170776367188 884
885 290.3182983398438 885
886 290.3196105957031 886
887 290.3209838867188 887
888 290.3224487304688 888
889 290.3239440917969 889
890 290.3255004882812 890
891 290.3271484375 891
892 290.3288879394531 892
893 290.3306884765625 893
894 290.3325805664062 894
895 290.3345642089844 895
896 290.3366088867188 896
897 290.3387756347656 897
898 290.3410034179688 898
899 290.3433837890625 899
900 290.3457946777344 900
901 290.3483276367188 901
902 290.3510131835938 902
903 290.3537292480469 903
904 290.3565979003906 904
905 290.3595275878906 905
906 290.3626098632812 906
907 290.3657531738281 907
908 290.3690490722656 908
909 290.3724365234375 909
910 290.3759460449219 910
911 290.3795471191406 911
912 290.3832702636719 912
913 290.3870849609375 913
914 290.3910522460938 914
915 290.3951110839844 915
916 290.3992919921875 916
917 290.403564453125 917
918 290.407958984375 918
919 290.4124755859375 919
920 290.4170837402344 920
921 290.4218139648438 921
922 290.4266357421875 922
923 290.4316101074219 923
924 290.4366455078125 924
925 290.4418334960938 925
926 290.4470825195312 926
927 290.4524536132812 927
928 290.4579467773438 928
929 290.4635314941406 929
930 290.46923828125 930
931 290.4750366210938 931
932 290.4809265136719 932
933 290.4869079589844 933
934 290.4929809570312 934
935 290.4991760253906 935
936 290.5054626464844 936
937 290.5118408203125 937
938 290.518310546875 938
939 290.5248718261719 939
940 290.5315246582031 940
941 290.5382385253906 941
942 290.5450744628906 942
943 290.5519714355469 943
944 290.5589599609375 944
945 290.5660095214844 945
946 290.5731811523438 946
947 290.5803833007812 947
948 290.5876770019531 948
949 290.5950622558594 949
950 290.6024780273438 950
951 290.6100158691406 951
952 290.6175842285156 952
953 290.625244140625 953
954 290.6329345703125 954
955 290.6407470703125 955
956 290.6485595703125 956
957 290.6564636230469 957
958 290.6644287109375 958
959 290.6724243164062 959
960 290.6804809570312 960
961 290.6885986328125 961
962 290.6967468261719 962
963 290.7049560546875 963
964 290.7132263183594 964
965 290.7214965820312 965
966 290.7298583984375 966
967 290.7382202148438 967
968 290.7466430664062 968
969 290.7550964355469 969
970 290.7635803222656 970
971 290.7720947265625 971
972 290.7806396484375 972
973 290.7892150878906 973
974 290.7978515625 974
975 290.8064575195312 975
976 290.8151245117188 976
977 290.8237915039062 977
978 290.8324890136719 978
979 290.8412170410156 979
980 290.8499450683594 980
981 290.8586730957031 981
982 290.867431640625 982
983 290.876220703125 983
984 290.885009765625 984
985 290.893798828125 985
986 290.902587890625 986
987 290.911376953125 987
988 290.9201965332031 988
989 290.9289855957031 989
990 290.9378051757812 990
991 290.9465942382812 991
992 290.9553833007812 992
993 290.9641723632812 993
994 290.9729614257812 994
995 290.9817504882812 995
996 290.9905090332031 996
997 290.999267578125 997
998 291.0080261230469 998
999 291.0167541503906 999
1000 291.0254821777344 1000
1001 291.0341796875 1001
1002 291.0428771972656 1002
1003 291.051513671875 1003
1004 291.0601501464844 1004
1005 291.0687561035156 1005
1006 291.0773620605469 1006
1007 291.0859375 1007
1008 291.0944519042969 1008
1009 291.1029663085938 1009
1010 291.1114501953125 1010
1011 291.1199340820312 1011
1012 291.1283569335938 1012
1013 291.13671875 1013
1014 291.1450805664062 1014
1015 291.1533813476562 1015
1016 291.1616821289062 1016
1017 291.169921875 1017
1018 291.1781311035156 1018
1019 291.186279296875 1019
1020 291.1943969726562 1020
1021 291.2024841308594 1021
1022 291.2105102539062 1022
1023 291.218505859375 1023
1024 291.2264404296875 1024
1025 291.2343444824219 1025
1026 291.2421875 1026
1027 291.25 1027
1028 291.2577514648438 1028
1029 291.2654418945312 1029
1030 291.2731018066406 1030
1031 291.2807006835938 1031
1032 291.2882080078125 1032
1033 291.2956848144531 1033
1034 291.3031311035156 1034
1035 291.3105163574219 1035
1036 291.3178100585938 1036
1037 291.3250732421875 1037
1038 291.332275390625 1038
1039 291.3394165039062 1039
1040 291.3464660644531 1040
1041 291.3534851074219 1041
1042 291.3604125976562 1042
1043 291.3673095703125 1043
1044 291.3741455078125 1044
1045 291.380859375 1045
1046 291.3875427246094 1046
1047 291.3941650390625 1047
1048 291.4007263183594 1048
1049 291.4071960449219 1049
1050 291.4136047363281 1050
1051 291.4199523925781 1051
1052 291.4262084960938 1052
1053 291.4324035644531 1053
1054 291.4385375976562 1054
1055 291.4446105957031 1055
1056 291.4505615234375 1056
1057 291.4564514160156 1057
1058 291.4622802734375 1058
1059 291.4680480957031 1059
1060 291.4736938476562 1060
1061 291.4793090820312 1061
1062 291.4848022460938 1062
1063 291.4902648925781 1063
1064 291.4956359863281 1064
1065 291.5009155273438 1065
1066 291.506103515625 1066
1067 291.51123046875 1067
1068 291.5162658691406 1068
1069 291.5212097167969 1069
1070 291.5260925292969 1070
1071 291.5308837890625 1071
1072 291.5355834960938 1072
1073 291.5402221679688 1073
1074 291.5447387695312 1074
1075 291.5491943359375 1075
1076 291.5535583496094 1076
1077 291.5578308105469 1077
1078 291.5620422363281 1078
1079 291.5661315917969 1079
1080 291.5701904296875 1080
1081 291.5740966796875 1081
1082 291.5779418945312 1082
1083 291.5816955566406 1083
1084 291.5853271484375 1084
1085 291.5889282226562 1085
1086 291.5924072265625 1086
1087 291.5957946777344 1087
1088 291.59912109375 1088
1089 291.602294921875 1089
1090 291.6054382324219 1090
1091 291.6084594726562 1091
1092 291.6113891601562 1092
1093 291.6142272949219 1093
1094 291.6169738769531 1094
1095 291.61962890625 1095
1096 291.6221923828125 1096
1097 291.6246337890625 1097
1098 291.6270141601562 1098
1099 291.6292724609375 1099
1100 291.6314697265625 1100
1101 291.633544921875 1101
1102 291.6355285644531 1102
1103 291.637451171875 1103
1104 291.6392517089844 1104
1105 291.6409301757812 1105
1106 291.6425476074219 1106
1107 291.6440734863281 1107
1108 291.6455078125 1108
1109 291.6467895507812 1109
1110 291.6480407714844 1110
1111 291.649169921875 1111
1112 291.6502075195312 1112
1113 291.6511840820312 1113
1114 291.6520385742188 1114
1115 291.65283203125 1115
1116 291.6535034179688 1116
1117 291.6541137695312 1117
1118 291.6546630859375 1118
1119 291.6550903320312 1119
1120 291.6554565429688 1120
1121 291.6557312011719 1121
1122 291.6559143066406 1122
1123 291.6560363769531 1123
1124 291.6560974121094 1124
1125 291.6560974121094 1125
1126 291.656005859375 1126
1127 291.6558837890625 1127
1128 291.6557006835938 1128
1129 291.6554260253906 1129
1130 291.6551208496094 1130
1131 291.65478515625 1131
1132 291.6543579101562 1132
1133 291.6539306640625 1133
1134 291.6535034179688 1134
1135 291.6529541015625 1135
1136 291.6524353027344 1136
1137 291.6518859863281 1137
1138 291.6513061523438 1138
1139 291.6507568359375 1139
1140 291.650146484375 1140
1141 291.6495666503906 1141
1142 291.6489868164062 1142
1143 291.6483764648438 1143
1144 291.6477966308594 1144
1145 291.647216796875 1145
1146 291.6466979980469 1146
1147 291.6461791992188 1147
1148 291.6456909179688 1148
1149 291.6452331542969 1149
1150 291.6448364257812 1150
1151 291.6444396972656 1151
1152 291.6441040039062 1152
1153 291.6438293457031 1153
1154 291.6435852050781 1154
1155 291.6434326171875 1155
1156 291.6433410644531 1156
1157 291.6432800292969 1157
1158 291.643310546875 1158
1159 291.6434326171875 1159
1160 291.6436157226562 1160
1161 291.6438598632812 1161
1162 291.6442260742188 1162
1163 291.6446533203125 1163
1164 291.6451416015625 1164
1165 291.645751953125 1165
1166 291.6464538574219 1166
1167 291.6472473144531 1167
1168 291.6481323242188 1168
1169 291.649169921875 1169
1170 291.6502380371094 1170
1171 291.6514282226562 1171
1172 291.6527709960938 1172
1173 291.6541748046875 1173
1174 291.6557006835938 1174
1175 291.6573181152344 1175
1176 291.6590576171875 1176
1177 291.660888671875 1177
1178 291.6628723144531 1178
1179 291.6649475097656 1179
1180 291.6671447753906 1180
1181 291.66943359375 1181
1182 291.6718444824219 1182
1183 291.6743774414062 1183
1184 291.677001953125 1184
1185 291.6798095703125 1185
1186 291.6826782226562 1186
1187 291.6856689453125 1187
1188 291.6887512207031 1188
1189 291.6919555664062 1189
1190 291.6953125 1190
1191 291.69873046875 1191
1192 291.7022705078125 1192
1193 291.7059631347656 1193
1194 291.709716796875 1194
1195 291.713623046875 1195
1196 291.7175903320312 1196
1197 291.7217102050781 1197
1198 291.7258911132812 1198
1199 291.730224609375 1199
1200 291.7346496582031 1200
1201 291.7391357421875 1201
1202 291.7437744140625 1202
1203 291.7484741210938 1203
1204 291.7532958984375 1204
1205 291.7582092285156 1205
1206 291.7632446289062 1206
1207 291.7683410644531 1207
1208 291.7735290527344 1208
1209 291.77880859375 1209
1210 291.7842102050781 1210
1211 291.7896728515625 1211
1212 291.7952270507812 1212
1213 291.8008728027344 1213
1214 291.8065795898438 1214
1215 291.8123779296875 1215
1216 291.8182373046875 1216
1217 291.82421875 1217
1218 291.8302307128906 1218
1219 291.8363342285156 1219
1220 291.842529296875 1220
1221 291.8487548828125 1221
1222 291.8551025390625 1222
1223 291.8614807128906 1223
1224 291.867919921875 1224
1225 291.8744506835938 1225
1226 291.8809814453125 1226
1227 291.8876342773438 1227
1228 291.8943176269531 1228
1229 291.9010620117188 1229
1230 291.9078369140625 1230
1231 291.9147033691406 1231
1232 291.9216003417969 1232
1233 291.9285278320312 1233
1234 291.9355163574219 1234
1235 291.9425659179688 1235
1236 291.9496154785156 1236
1237 291.9567565917969 1237
1238 291.9638977050781 1238
1239 291.9710998535156 1239
1240 291.9783020019531 1240
1241 291.985595703125 1241
1242 291.9928588867188 1242
1243 292.0001831054688 1243
1244 292.0075073242188 1244
1245 292.014892578125 1245
1246 292.0222778320312 1246
1247 292.0296936035156 1247
1248 292.037109375 1248
1249 292.0445861816406 1249
1250 292.0520629882812 1250
1251 292.0595397949219 1251
1252 292.0670166015625 1252
1253 292.0745544433594 1253
1254 292.0820617675781 1254
1255 292.089599609375 1255
1256 292.0971069335938 1256
1257 292.1046752929688 1257
1258 292.1122131347656 1258
1259 292.1197509765625 1259
1260 292.1272888183594 1260
1261 292.1348266601562 1261
1262 292.1423645019531 1262
1263 292.14990234375 1263
1264 292.1574401855469 1264
1265 292.1649475097656 1265
1266 292.1724853515625 1266
1267 292.1799621582031 1267
1268 292.1874389648438 1268
1269 292.1949157714844 1269
1270 292.202392578125 1270
1271 292.2098083496094 1271
1272 292.2172241210938 1272
1273 292.2246398925781 1273
1274 292.2320251464844 1274
1275 292.2393798828125 1275
1276 292.2467346191406 1276
1277 292.2540283203125 1277
1278 292.2613220214844 1278
1279 292.2685852050781 1279
1280 292.2757873535156 1280
1281 292.2830200195312 1281
1282 292.2901611328125 1282
1283 292.2973022460938 1283
1284 292.3044128417969 1284
1285 292.3114624023438 1285
1286 292.3184814453125 1286
1287 292.3255004882812 1287
1288 292.3324279785156 1288
1289 292.33935546875 1289
1290 292.3462219238281 1290
1291 292.3530883789062 1291
1292 292.35986328125 1292
1293 292.3666076660156 1293
1294 292.373291015625 1294
1295 292.3799438476562 1295
1296 292.3865356445312 1296
1297 292.39306640625 1297
1298 292.3995971679688 1298
1299 292.4060363769531 1299
1300 292.4124755859375 1300
1301 292.4187927246094 1301
1302 292.4251098632812 1302
1303 292.4313354492188 1303
1304 292.4375305175781 1304
1305 292.4436645507812 1305
1306 292.44970703125 1306
1307 292.4557495117188 1307
1308 292.4617004394531 1308
1309 292.4675903320312 1309
1310 292.4734497070312 1310
1311 292.4792175292969 1311
1312 292.4849243164062 1312
1313 292.4905395507812 1313
1314 292.4961242675781 1314
1315 292.5016479492188 1315
1316 292.5071105957031 1316
1317 292.5125122070312 1317
1318 292.517822265625 1318
1319 292.5230712890625 1319
1320 292.5282592773438 1320
1321 292.5333251953125 1321
1322 292.5383911132812 1322
1323 292.5433654785156 1323
1324 292.5482482910156 1324
1325 292.5531005859375 1325
1326 292.5578308105469 1326
1327 292.5625 1327
1328 292.5671081542969 1328
1329 292.5716552734375 1329
1330 292.5761108398438 1330
1331 292.5804748535156 1331
1332 292.5847778320312 1332
1333 292.5889892578125 1333
1334 292.5931396484375 1334
1335 292.59716796875 1335
1336 292.6011962890625 1336
1337 292.6051025390625 1337
1338 292.6089172363281 1338
1339 292.6126403808594 1339
1340 292.6163330078125 1340
1341 292.6199035644531 1341
1342 292.6233825683594 1342
1343 292.6268005371094 1343
1344 292.630126953125 1344
1345 292.6333618164062 1345
1346 292.6365356445312 1346
1347 292.6395874023438 1347
1348 292.6426086425781 1348
1349 292.6455078125 1349
1350 292.6483154296875 1350
1351 292.6510314941406 1351
1352 292.6536865234375 1352
1353 292.65625 1353
1354 292.6587219238281 1354
1355 292.6610717773438 1355
1356 292.6633605957031 1356
1357 292.6655578613281 1357
1358 292.6676635742188 1358
1359 292.669677734375 1359
1360 292.671630859375 1360
1361 292.6734619140625 1361
1362 292.6752014160156 1362
1363 292.6768493652344 1363
1364 292.6784057617188 1364
1365 292.6798706054688 1365
1366 292.6812438964844 1366
1367 292.6825256347656 1367
1368 292.6837158203125 1368
1369 292.684814453125 1369
1370 292.685791015625 1370
1371 292.6867065429688 1371
1372 292.6875 1372
1373 292.688232421875 1373
1374 292.6888427734375 1374
1375 292.6893920898438 1375
1376 292.6898193359375 1376
1377 292.690185546875 1377
1378 292.6904296875 1378
1379 292.6905822753906 1379
1380 292.690673828125 1380
1381 292.6906433105469 1381
1382 292.6905212402344 1382
1383 292.6903076171875 1383
1384 292.6900634765625 1384
1385 292.6896362304688 1385
1386 292.689208984375 1386
1387 292.6886291503906 1387
1388 292.6880187988281 1388
1389 292.6873474121094 1389
1390 292.6865234375 1390
1391 292.6856994628906 1391
1392 292.6847534179688 1392
1393 292.6837768554688 1393
1394 292.6827087402344 1394
1395 292.6815795898438 1395
1396 292.6803894042969 1396
1397 292.6791381835938 1397
1398 292.6778564453125 1398
1399 292.676513671875 1399
1400 292.6751098632812 1400
1401 292.6736450195312 1401
1402 292.6721801757812 1402
1403 292.6706848144531 1403
1404 292.6691284179688 1404
1405 292.6675720214844 1405
1406 292.666015625 1406
1407 292.6643981933594 1407
1408 292.6627807617188 1408
1409 292.6611328125 1409
1410 292.6595458984375 1410
1411 292.6578979492188 1411
1412 292.6563110351562 1412
1413 292.6546936035156 1413
1414 292.6531066894531 1414
1415 292.6515502929688 1415
1416 292.6499938964844 1416
1417 292.6484985351562 1417
1418 292.6470336914062 1418
1419 292.6455993652344 1419
1420 292.6441650390625 1420
1421 292.642822265625 1421
1422 292.6415405273438 1422
1423 292.6403198242188 1423
1424 292.6391296386719 1424
1425 292.6380310058594 1425
1426 292.636962890625 1426
1427 292.6360168457031 1427
1428 292.6351013183594 1428
1429 292.63427734375 1429
1430 292.633544921875 1430
1431 292.6328735351562 1431
1432 292.63232421875 1432
1433 292.6318054199219 1433
1434 292.6314392089844 1434
1435 292.6311645507812 1435
1436 292.6309204101562 1436
1437 292.630859375 1437
1438 292.6308288574219 1438
1439 292.6309814453125 1439
1440 292.6311645507812 1440
1441 292.6315002441406 1441
1442 292.6319274902344 1442
1443 292.6324462890625 1443
1444 292.6331176757812 1444
1445 292.6338806152344 1445
1446 292.6347351074219 1446
1447 292.6357421875 1447
1448 292.6368103027344 1448
1449 292.6380615234375 1449
1450 292.6393432617188 1450
1451 292.6408081054688 1451
1452 292.6423645019531 1452
1453 292.64404296875 1453
1454 292.6458740234375 1454
1455 292.6477661132812 1455
1456 292.6497802734375 1456
1457 292.6519165039062 1457
1458 292.6541748046875 1458
1459 292.6565551757812 1459
1460 292.6589965820312 1460
1461 292.66162109375 1461
1462 292.6643371582031 1462
1463 292.6671447753906 1463
1464 292.6700744628906 1464
1465 292.6731262207031 1465
1466 292.6762390136719 1466
1467 292.6795043945312 1467
1468 292.6828918457031 1468
1469 292.6863403320312 1469
1470 292.6898803710938 1470
1471 292.693603515625 1471
1472 292.6973571777344 1472
1473 292.7012329101562 1473
1474 292.7052001953125 1474
1475 292.7092895507812 1475
1476 292.7134399414062 1476
1477 292.7177124023438 1477
1478 292.7220764160156 1478
1479 292.7265014648438 1479
1480 292.7310485839844 1480
1481 292.7356567382812 1481
1482 292.7403869628906 1482
1483 292.7451782226562 1483
1484 292.7500305175781 1484
1485 292.7549743652344 1485
1486 292.760009765625 1486
1487 292.76513671875 1487
1488 292.7703247070312 1488
1489 292.7755737304688 1489
1490 292.7808837890625 1490
1491 292.7862854003906 1491
1492 292.7917785644531 1492
1493 292.7973022460938 1493
1494 292.8029174804688 1494
1495 292.8085327148438 1495
1496 292.8142700195312 1496
1497 292.820068359375 1497
1498 292.8258666992188 1498
1499 292.8317565917969 1499
1500 292.8377075195312 1500
1501 292.8436889648438 1501
1502 292.8497314453125 1502
1503 292.8558044433594 1503
1504 292.8619384765625 1504
1505 292.8681335449219 1505
1506 292.8743286132812 1506
1507 292.880615234375 1507
1508 292.8869018554688 1508
1509 292.8932189941406 1509
1510 292.8995971679688 1510
1511 292.9059753417969 1511
1512 292.9123840332031 1512
1513 292.9188537597656 1513
1514 292.9253234863281 1514
1515 292.9318237304688 1515
1516 292.9383544921875 1516
1517 292.9448852539062 1517
1518 292.9514770507812 1518
1519 292.9580688476562 1519
1520 292.9646606445312 1520
1521 292.9712829589844 1521
1522 292.9779052734375 1522
1523 292.9845581054688 1523
1524 292.9912109375 1524
1525 292.9978637695312 1525
1526 293.0045166015625 1526
1527 293.0111694335938 1527
1528 293.0178527832031 1528
1529 293.0245056152344 1529
1530 293.0311889648438 1530
1531 293.0378723144531 1531
1532 293.0445251464844 1532
1533 293.0512084960938 1533
1534 293.0578308105469 1534
1535 293.064453125 1535
1536 293.0711059570312 1536
1537 293.0777587890625 1537
1538 293.0843505859375 1538
1539 293.0909423828125 1539
1540 293.0975341796875 1540
1541 293.1040954589844 1541
1542 293.1106262207031 1542
1543 293.1171875 1543
1544 293.1236877441406 1544
1545 293.1301574707031 1545
1546 293.1365966796875 1546
1547 293.1430358886719 1547
1548 293.1494445800781 1548
1549 293.1558227539062 1549
1550 293.1621704101562 1550
1551 293.1684875488281 1551
1552 293.1747741699219 1552
1553 293.1810302734375 1553
1554 293.187255859375 1554
1555 293.1934204101562 1555
1556 293.1995849609375 1556
1557 293.2056884765625 1557
1558 293.2117919921875 1558
1559 293.2178039550781 1559
1560 293.2237854003906 1560
1561 293.229736328125 1561
1562 293.2356567382812 1562
1563 293.2415161132812 1563
1564 293.2473449707031 1564
1565 293.2530822753906 1565
1566 293.2588195800781 1566
1567 293.2644958496094 1567
1568 293.2701110839844 1568
1569 293.2756958007812 1569
1570 293.2811889648438 1570
1571 293.2866821289062 1571
1572 293.2920837402344 1572
1573 293.2974548339844 1573
1574 293.302734375 1574
1575 293.3080139160156 1575
1576 293.3132019042969 1576
1577 293.3183288574219 1577
1578 293.3234252929688 1578
1579 293.3284301757812 1579
1580 293.3333740234375 1580
1581 293.3382873535156 1581
1582 293.3431091308594 1582
1583 293.3478698730469 1583
1584 293.3525695800781 1584
1585 293.3572082519531 1585
1586 293.3617858886719 1586
1587 293.3662719726562 1587
1588 293.3707275390625 1588
1589 293.3751220703125 1589
1590 293.37939453125 1590
1591 293.3836364746094 1591
1592 293.3878173828125 1592
1593 293.3919067382812 1593
1594 293.3959045410156 1594
1595 293.3998718261719 1595
1596 293.4037170410156 1596
1597 293.4075317382812 1597
1598 293.4112548828125 1598
1599 293.4149169921875 1599
1600 293.4185180664062 1600
1601 293.4219970703125 1601
1602 293.4254150390625 1602
1603 293.4287719726562 1603
1604 293.4320373535156 1604
1605 293.4352416992188 1605
1606 293.4383544921875 1606
1607 293.4413757324219 1607
1608 293.4443359375 1608
1609 293.4472045898438 1609
1610 293.4500122070312 1610
1611 293.4526977539062 1611
1612 293.455322265625 1612
1613 293.4578552246094 1613
1614 293.4603271484375 1614
1615 293.4627075195312 1615
1616 293.4649963378906 1616
1617 293.4672241210938 1617
1618 293.4693298339844 1618
1619 293.4713439941406 1619
1620 293.4732971191406 1620
1621 293.4751586914062 1621
1622 293.4769287109375 1622
1623 293.4786376953125 1623
1624 293.480224609375 1624
1625 293.4817504882812 1625
1626 293.483154296875 1626
1627 293.4844970703125 1627
1628 293.4857482910156 1628
1629 293.4868774414062 1629
1630 293.4879455566406 1630
1631 293.4889526367188 1631
1632 293.4898071289062 1632
1633 293.4906005859375 1633
1634 293.4913024902344 1634
1635 293.4919128417969 1635
1636 293.492431640625 1636
1637 293.4928588867188 1637
1638 293.4931945800781 1638
1639 293.4934387207031 1639
1640 293.4935607910156 1640
1641 293.4935913085938 1641
1642 293.4935607910156 1642
1643 293.4934387207031 1643
1644 293.4932250976562 1644
1645 293.492919921875 1645
1646 293.4924621582031 1646
1647 293.4919738769531 1647
1648 293.4913940429688 1648
1649 293.4906921386719 1649
1650 293.4899291992188 1650
1651 293.4890747070312 1651
1652 293.4880981445312 1652
1653 293.4870910644531 1653
1654 293.4859313964844 1654
1655 293.4847412109375 1655
1656 293.4834594726562 1656
1657 293.4821166992188 1657
1658 293.4806213378906 1658
1659 293.4791259765625 1659
1660 293.4775085449219 1660
1661 293.4758605957031 1661
1662 293.47412109375 1662
1663 293.4722900390625 1663
1664 293.470458984375 1664
1665 293.468505859375 1665
1666 293.4665222167969 1666
1667 293.4645080566406 1667
1668 293.46240234375 1668
1669 293.4602661132812 1669
1670 293.4580993652344 1670
1671 293.4559020996094 1671
1672 293.4536437988281 1672
1673 293.451416015625 1673
1674 293.4490966796875 1674
1675 293.44677734375 1675
1676 293.4444580078125 1676
1677 293.4421081542969 1677
1678 293.4397583007812 1678
1679 293.4374084472656 1679
1680 293.43505859375 1680
1681 293.4327392578125 1681
1682 293.430419921875 1682
1683 293.4280700683594 1683
1684 293.42578125 1684
1685 293.4235229492188 1685
1686 293.4212951660156 1686
1687 293.4191284179688 1687
1688 293.4169616699219 1688
1689 293.4148559570312 1689
1690 293.4127807617188 1690
1691 293.4107666015625 1691
1692 293.4088439941406 1692
1693 293.4069213867188 1693
1694 293.4050903320312 1694
1695 293.4033508300781 1695
1696 293.4016723632812 1696
1697 293.4000549316406 1697
1698 293.3984985351562 1698
1699 293.3970947265625 1699
1700 293.3956909179688 1700
1701 293.3944091796875 1701
1702 293.3932495117188 1702
1703 293.3921508789062 1703
1704 293.39111328125 1704
1705 293.3902282714844 1705
1706 293.3894348144531 1706
1707 293.3887634277344 1707
1708 293.3881530761719 1708
1709 293.3876647949219 1709
1710 293.3872985839844 1710
1711 293.3870239257812 1711
1712 293.3868713378906 1712
1713 293.3868103027344 1713
1714 293.3869018554688 1714
1715 293.3870544433594 1715
1716 293.3873291015625 1716
1717 293.3877563476562 1717
1718 293.3882751464844 1718
1719 293.388916015625 1719
1720 293.3897094726562 1720
1721 293.3905639648438 1721
1722 293.3915405273438 1722
1723 293.3926391601562 1723
1724 293.3938598632812 1724
1725 293.3952026367188 1725
1726 293.3966674804688 1726
1727 293.3982543945312 1727
1728 293.39990234375 1728
1729 293.4017333984375 1729
1730 293.4036254882812 1730
1731 293.4056701660156 1731
1732 293.4078063964844 1732
1733 293.4100341796875 1733
1734 293.4124145507812 1734
1735 293.4148864746094 1735
1736 293.4174499511719 1736
1737 293.4201354980469 1737
1738 293.4229125976562 1738
1739 293.4258422851562 1739
1740 293.4288330078125 1740
1741 293.4319458007812 1741
1742 293.4351501464844 1742
1743 293.4384765625 1743
1744 293.4418640136719 1744
1745 293.4453735351562 1745
1746 293.448974609375 1746
1747 293.45263671875 1747
1748 293.4564208984375 1748
1749 293.4602966308594 1749
1750 293.4642333984375 1750
1751 293.4683227539062 1751
1752 293.472412109375 1752
1753 293.4766235351562 1753
1754 293.4809265136719 1754
1755 293.4852905273438 1755
1756 293.48974609375 1756
1757 293.4942626953125 1757
1758 293.4989013671875 1758
1759 293.5035400390625 1759
1760 293.50830078125 1760
1761 293.5130920410156 1761
1762 293.5179748535156 1762
1763 293.5229187011719 1763
1764 293.5279235839844 1764
1765 293.5329895019531 1765
1766 293.5381164550781 1766
1767 293.5433044433594 1767
1768 293.5485534667969 1768
1769 293.5538330078125 1769
1770 293.5592041015625 1770
1771 293.5645751953125 1771
1772 293.5700073242188 1772
1773 293.5755004882812 1773
1774 293.5810241699219 1774
1775 293.5866088867188 1775
1776 293.5922241210938 1776
1777 293.5978698730469 1777
1778 293.6035461425781 1778
1779 293.6092529296875 1779
1780 293.6150207519531 1780
1781 293.6207885742188 1781
1782 293.6266174316406 1782
1783 293.6324768066406 1783
1784 293.6383056640625 1784
1785 293.6442260742188 1785
1786 293.650146484375 1786
1787 293.6560668945312 1787
1788 293.6620178222656 1788
1789 293.6679992675781 1789
1790 293.6739807128906 1790
1791 293.6799926757812 1791
1792 293.6859741210938 1792
1793 293.6919860839844 1793
1794 293.6980285644531 1794
1795 293.7040710449219 1795
1796 293.7101135253906 1796
1797 293.7161560058594 1797
1798 293.72216796875 1798
1799 293.7282409667969 1799
1800 293.7342529296875 1800
1801 293.7403259277344 1801
1802 293.746337890625 1802
1803 293.7523803710938 1803
1804 293.7583923339844 1804
1805 293.764404296875 1805
1806 293.7704162597656 1806
1807 293.7763977050781 1807
1808 293.7823791503906 1808
1809 293.788330078125 1809
1810 293.7943115234375 1810
1811 293.8002319335938 1811
1812 293.8061218261719 1812
1813 293.8120422363281 1813
1814 293.81787109375 1814
1815 293.82373046875 1815
1816 293.8295288085938 1816
1817 293.8353271484375 1817
1818 293.8411254882812 1818
1819 293.8468627929688 1819
1820 293.8525695800781 1820
1821 293.8582458496094 1821
1822 293.8638916015625 1822
1823 293.8695068359375 1823
1824 293.8750915527344 1824
1825 293.880615234375 1825
1826 293.8861083984375 1826
1827 293.8915710449219 1827
1828 293.8970031738281 1828
1829 293.9024047851562 1829
1830 293.9077758789062 1830
1831 293.9130554199219 1831
1832 293.9183044433594 1832
1833 293.9235229492188 1833
1834 293.9286804199219 1834
1835 293.933837890625 1835
1836 293.9389038085938 1836
1837 293.9439392089844 1837
1838 293.9488830566406 1838
1839 293.9538269042969 1839
1840 293.9586791992188 1840
1841 293.9635009765625 1841
1842 293.96826171875 1842
1843 293.9729919433594 1843
1844 293.9776306152344 1844
1845 293.9822387695312 1845
1846 293.9867858886719 1846
1847 293.9912719726562 1847
1848 293.9956665039062 1848
1849 294.0000610351562 1849
1850 294.0043334960938 1850
1851 294.0086059570312 1851
1852 294.0127563476562 1852
1853 294.0168762207031 1853
1854 294.0209350585938 1854
1855 294.02490234375 1855
1856 294.02880859375 1856
1857 294.0326843261719 1857
1858 294.0364990234375 1858
1859 294.0401916503906 1859
1860 294.0438232421875 1860
1861 294.0474243164062 1861
1862 294.0509338378906 1862
1863 294.0543823242188 1863
1864 294.0577392578125 1864
1865 294.06103515625 1865
1866 294.0642700195312 1866
1867 294.0674133300781 1867
1868 294.0704956054688 1868
1869 294.073486328125 1869
1870 294.076416015625 1870
1871 294.0792846679688 1871
1872 294.08203125 1872
1873 294.084716796875 1873
1874 294.0873413085938 1874
1875 294.0898742675781 1875
1876 294.0923461914062 1876
1877 294.0947265625 1877
1878 294.0969848632812 1878
1879 294.0992431640625 1879
1880 294.1013793945312 1880
1881 294.1033935546875 1881
1882 294.1054077148438 1882
1883 294.1072692871094 1883
1884 294.1091003417969 1884
1885 294.1108093261719 1885
1886 294.1124572753906 1886
1887 294.1139831542969 1887
1888 294.115478515625 1888
1889 294.1168518066406 1889
1890 294.1181640625 1890
1891 294.119384765625 1891
1892 294.1204833984375 1892
1893 294.1215209960938 1893
1894 294.1224975585938 1894
1895 294.1233520507812 1895
1896 294.1241149902344 1896
1897 294.1248168945312 1897
1898 294.1253967285156 1898
1899 294.1258850097656 1899
1900 294.1263122558594 1900
1901 294.1266479492188 1901
1902 294.1268615722656 1902
1903 294.1270141601562 1903
1904 294.1270751953125 1904
1905 294.1270141601562 1905
1906 294.1268920898438 1906
1907 294.1266784667969 1907
1908 294.1263427734375 1908
1909 294.1259460449219 1909
1910 294.1254272460938 1910
1911 294.1248474121094 1911
1912 294.1241760253906 1912
1913 294.1234130859375 1913
1914 294.1224975585938 1914
1915 294.1215515136719 1915
1916 294.1204833984375 1916
1917 294.1193542480469 1917
1918 294.1181335449219 1918
1919 294.1167907714844 1919
1920 294.1154174804688 1920
1921 294.1138916015625 1921
1922 294.1123046875 1922
1923 294.1106567382812 1923
1924 294.10888671875 1924
1925 294.1070556640625 1925
1926 294.1051635742188 1926
1927 294.1031494140625 1927
1928 294.10107421875 1928
1929 294.0989379882812 1929
1930 294.0967407226562 1930
1931 294.0944519042969 1931
1932 294.0921020507812 1932
1933 294.0897216796875 1933
1934 294.0872497558594 1934
1935 294.084716796875 1935
1936 294.0821533203125 1936
1937 294.0795288085938 1937
1938 294.0768432617188 1938
1939 294.0741577148438 1939
1940 294.0714111328125 1940
1941 294.0686340332031 1941
1942 294.0658264160156 1942
1943 294.06298828125 1943
1944 294.0601501464844 1944
1945 294.0572814941406 1945
1946 294.0544128417969 1946
1947 294.0515441894531 1947
1948 294.0486450195312 1948
1949 294.0457763671875 1949
1950 294.0429077148438 1950
1951 294.0400390625 1951
1952 294.0372009277344 1952
1953 294.0343933105469 1953
1954 294.0316162109375 1954
1955 294.0288391113281 1955
1956 294.026123046875 1956
1957 294.0234375 1957
1958 294.0208129882812 1958
1959 294.0182495117188 1959
1960 294.0156860351562 1960
1961 294.0132446289062 1961
1962 294.0108032226562 1962
1963 294.0084533691406 1963
1964 294.0061950683594 1964
1965 294.0039672851562 1965
1966 294.0018310546875 1966
1967 293.9998168945312 1967
1968 293.9978332519531 1968
1969 293.9959716796875 1969
1970 293.994140625 1970
1971 293.992431640625 1971
1972 293.9908142089844 1972
1973 293.9893188476562 1973
1974 293.9879150390625 1974
1975 293.9866027832031 1975
1976 293.9853820800781 1976
1977 293.9842834472656 1977
1978 293.9832763671875 1978
1979 293.9823608398438 1979
1980 293.9816284179688 1980
1981 293.9809265136719 1981
1982 293.9803771972656 1982
1983 293.9799194335938 1983
1984 293.9796142578125 1984
1985 293.9793701171875 1985
1986 293.9793090820312 1986
1987 293.9793090820312 1987
1988 293.9794311523438 1988
1989 293.9796752929688 1989
1990 293.9800415039062 1990
1991 293.9805297851562 1991
1992 293.9811401367188 1992
1993 293.9818725585938 1993
1994 293.9826965332031 1994
1995 293.983642578125 1995
1996 293.9847106933594 1996
1997 293.9859008789062 1997
1998 293.9871826171875 1998
1999 293.9885864257812 1999
2000 293.9901123046875 2000
2001 293.9917602539062 2001
2002 293.9935302734375 2002
2003 293.995361328125 2003
2004 293.9973754882812 2004
2005 293.9994506835938 2005
2006 294.0016479492188 2006
2007 294.0039367675781 2007
2008 294.00634765625 2008
2009 294.0088500976562 2009
2010 294.0114440917969 2010
2011 294.0141906738281 2011
2012 294.0169982910156 2012
2013 294.0198974609375 2013
2014 294.0228881835938 2014
2015 294.0260009765625 2015
2016 294.0292053222656 2016
2017 294.032470703125 2017
2018 294.0358581542969 2018
2019 294.0393371582031 2019
2020 294.0428771972656 2020
2021 294.0465087890625 2021
2022 294.0502319335938 2022
2023 294.0540771484375 2023
2024 294.0579528808594 2024
2025 294.0618896484375 2025
2026 294.0659484863281 2026
2027 294.070068359375 2027
2028 294.0742492675781 2028
2029 294.0785217285156 2029
2030 294.0828247070312 2030
2031 294.0872497558594 2031
2032 294.0917053222656 2032
2033 294.0962219238281 2033
2034 294.1007995605469 2034
2035 294.1054382324219 2035
2036 294.1101379394531 2036
2037 294.1149291992188 2037
2038 294.1197204589844 2038
2039 294.1245727539062 2039
2040 294.1294860839844 2040
2041 294.1344604492188 2041
2042 294.1394653320312 2042
2043 294.14453125 2043
2044 294.1495971679688 2044
2045 294.1547241210938 2045
2046 294.1599426269531 2046
2047 294.1651611328125 2047
2048 294.17041015625 2048
2049 294.1756591796875 2049
2050 294.1809692382812 2050
2051 294.1863098144531 2051
2052 294.1916809082031 2052
2053 294.1970825195312 2053
2054 294.2025146484375 2054
2055 294.2079467773438 2055
2056 294.2134399414062 2056
2057 294.2189025878906 2057
2058 294.2243957519531 2058
2059 294.2299194335938 2059
2060 294.2354431152344 2060
2061 294.240966796875 2061
2062 294.2465209960938 2062
2063 294.2521057128906 2063
2064 294.2576599121094 2064
2065 294.2632446289062 2065
2066 294.268798828125 2066
2067 294.2744140625 2067
2068 294.2799987792969 2068
2069 294.2855834960938 2069
2070 294.2911376953125 2070
2071 294.2966918945312 2071
2072 294.3022766113281 2072
2073 294.3078308105469 2073
2074 294.3134155273438 2074
2075 294.3189392089844 2075
2076 294.324462890625 2076
2077 294.3299560546875 2077
2078 294.3354797363281 2078
2079 294.3409729003906 2079
2080 294.346435546875 2080
2081 294.3518981933594 2081
2082 294.3572998046875 2082
2083 294.3627319335938 2083
2084 294.3681030273438 2084
2085 294.3735046386719 2085
2086 294.3788146972656 2086
2087 294.3841247558594 2087
2088 294.389404296875 2088
2089 294.3946533203125 2089
2090 294.39990234375 2090
2091 294.4050903320312 2091
2092 294.4102478027344 2092
2093 294.4153747558594 2093
2094 294.4204711914062 2094
2095 294.4255065917969 2095
2096 294.4305419921875 2096
2097 294.4355163574219 2097
2098 294.4404296875 2098
2099 294.4453430175781 2099
2100 294.4501953125 2100
2101 294.4550170898438 2101
2102 294.4597778320312 2102
2103 294.4644775390625 2103
2104 294.4691772460938 2104
2105 294.4738159179688 2105
2106 294.4783935546875 2106
2107 294.48291015625 2107
2108 294.4873962402344 2108
2109 294.4918212890625 2109
2110 294.4962158203125 2110
2111 294.5005187988281 2111
2112 294.5047607421875 2112
2113 294.5089721679688 2113
2114 294.5131530761719 2114
2115 294.5172424316406 2115
2116 294.5213012695312 2116
2117 294.5252685546875 2117
2118 294.5291748046875 2118
2119 294.5330505371094 2119
2120 294.5368347167969 2120
2121 294.5405883789062 2121
2122 294.5442504882812 2122
2123 294.5478820800781 2123
2124 294.5514221191406 2124
2125 294.5549011230469 2125
2126 294.5583190917969 2126
2127 294.5616760253906 2127
2128 294.56494140625 2128
2129 294.5681762695312 2129
2130 294.5712890625 2130
2131 294.5744018554688 2131
2132 294.577392578125 2132
2133 294.580322265625 2133
2134 294.5831909179688 2134
2135 294.5859985351562 2135
2136 294.5886840820312 2136
2137 294.5913391113281 2137
2138 294.5939025878906 2138
2139 294.5963745117188 2139
2140 294.5988159179688 2140
2141 294.6011352539062 2141
2142 294.6034240722656 2142
2143 294.6055908203125 2143
2144 294.6076965332031 2144
2145 294.6097412109375 2145
2146 294.6116943359375 2146
2147 294.6135559082031 2147
2148 294.6153564453125 2148
2149 294.6170654296875 2149
2150 294.6187133789062 2150
2151 294.6202392578125 2151
2152 294.6217041015625 2152
2153 294.6230773925781 2153
2154 294.6243896484375 2154
2155 294.6256103515625 2155
2156 294.6267395019531 2156
2157 294.6277770996094 2157
2158 294.6287231445312 2158
2159 294.6296081542969 2159
2160 294.63037109375 2160
2161 294.631103515625 2161
2162 294.6317138671875 2162
2163 294.6322326660156 2163
2164 294.6326904296875 2164
2165 294.633056640625 2165
2166 294.63330078125 2166
2167 294.6334838867188 2167
2168 294.633544921875 2168
2169 294.6335754394531 2169
2170 294.6334533691406 2170
2171 294.6332702636719 2171
2172 294.6329956054688 2172
2173 294.6326293945312 2173
2174 294.6321716308594 2174
2175 294.6316223144531 2175
2176 294.6309814453125 2176
2177 294.6302490234375 2177
2178 294.6294250488281 2178
2179 294.6285095214844 2179
2180 294.6275024414062 2180
2181 294.6264038085938 2181
2182 294.6252136230469 2182
2183 294.6239318847656 2183
2184 294.62255859375 2184
2185 294.62109375 2185
2186 294.6195068359375 2186
2187 294.6178894042969 2187
2188 294.6161499023438 2188
2189 294.6143493652344 2189
2190 294.6124267578125 2190
2191 294.6104125976562 2191
2192 294.6083374023438 2192
2193 294.606201171875 2193
2194 294.6039428710938 2194
2195 294.6016540527344 2195
2196 294.5992126464844 2196
2197 294.5967407226562 2197
2198 294.5942077636719 2198
2199 294.5916137695312 2199
2200 294.5889282226562 2200
2201 294.586181640625 2201
2202 294.5833740234375 2202
2203 294.5805053710938 2203
2204 294.5775451660156 2204
2205 294.5745849609375 2205
2206 294.5715637207031 2206
2207 294.5684814453125 2207
2208 294.5653686523438 2208
2209 294.5622253417969 2209
2210 294.5590515136719 2210
2211 294.5558471679688 2211
2212 294.5526123046875 2212
2213 294.5493774414062 2213
2214 294.5461120605469 2214
2215 294.5428161621094 2215
2216 294.5395202636719 2216
2217 294.5362548828125 2217
2218 294.5329895019531 2218
2219 294.5297241210938 2219
2220 294.5264587402344 2220
2221 294.5232238769531 2221
2222 294.52001953125 2222
2223 294.5168151855469 2223
2224 294.513671875 2224
2225 294.5105590820312 2225
2226 294.5075073242188 2226
2227 294.5044555664062 2227
2228 294.50146484375 2228
2229 294.49853515625 2229
2230 294.4956665039062 2230
2231 294.4928588867188 2231
2232 294.4901123046875 2232
2233 294.4874572753906 2233
2234 294.48486328125 2234
2235 294.4823303222656 2235
2236 294.4798889160156 2236
2237 294.4775390625 2237
2238 294.4752502441406 2238
2239 294.4730834960938 2239
2240 294.470947265625 2240
2241 294.4689636230469 2241
2242 294.4670715332031 2242
2243 294.4652709960938 2243
2244 294.4635620117188 2244
2245 294.4619750976562 2245
2246 294.46044921875 2246
2247 294.4590759277344 2247
2248 294.4577941894531 2248
2249 294.4566345214844 2249
2250 294.45556640625 2250
2251 294.4546508789062 2251
2252 294.4537963867188 2252
2253 294.4530944824219 2253
2254 294.4524841308594 2254
2255 294.4519958496094 2255
2256 294.4516296386719 2256
2257 294.4513854980469 2257
2258 294.4512634277344 2258
2259 294.4512329101562 2259
2260 294.4513244628906 2260
2261 294.4515380859375 2261
2262 294.451904296875 2262
2263 294.4523620605469 2263
2264 294.4529113769531 2264
2265 294.45361328125 2265
2266 294.4544067382812 2266
2267 294.4553527832031 2267
2268 294.4563598632812 2268
2269 294.4574890136719 2269
2270 294.4587707519531 2270
2271 294.4601440429688 2271
2272 294.4616088867188 2272
2273 294.4632263183594 2273
2274 294.4649353027344 2274
2275 294.4667358398438 2275
2276 294.4686584472656 2276
2277 294.470703125 2277
2278 294.4728393554688 2278
2279 294.4750671386719 2279
2280 294.4774169921875 2280
2281 294.4798278808594 2281
2282 294.4823913574219 2282
2283 294.4850158691406 2283
2284 294.4877319335938 2284
2285 294.4905395507812 2285
2286 294.4934997558594 2286
2287 294.4964904785156 2287
2288 294.4995727539062 2288
2289 294.5027770996094 2289
2290 294.5060424804688 2290
2291 294.5093994140625 2291
2292 294.5128173828125 2292
2293 294.516357421875 2293
2294 294.5199279785156 2294
2295 294.5235900878906 2295
2296 294.52734375 2296
2297 294.5311889648438 2297
2298 294.5350646972656 2298
2299 294.5390014648438 2299
2300 294.5430297851562 2300
2301 294.5471496582031 2301
2302 294.5513305664062 2302
2303 294.5555114746094 2303
2304 294.559814453125 2304
2305 294.5641479492188 2305
2306 294.5685424804688 2306
2307 294.5729675292969 2307
2308 294.5774841308594 2308
2309 294.58203125 2309
2310 294.5866088867188 2310
2311 294.5912475585938 2311
2312 294.595947265625 2312
2313 294.6007080078125 2313
2314 294.60546875 2314
2315 294.6102905273438 2315
2316 294.6151428222656 2316
2317 294.6200256347656 2317
2318 294.6249389648438 2318
2319 294.6298828125 2319
2320 294.6348876953125 2320
2321 294.639892578125 2321
2322 294.6449279785156 2322
2323 294.6499633789062 2323
2324 294.6550598144531 2324
2325 294.6601867675781 2325
2326 294.665283203125 2326
2327 294.67041015625 2327
2328 294.6755981445312 2328
2329 294.6807861328125 2329
2330 294.6859436035156 2330
2331 294.691162109375 2331
2332 294.6963500976562 2332
2333 294.7015686035156 2333
2334 294.706787109375 2334
2335 294.7120056152344 2335
2336 294.7172241210938 2336
2337 294.7224731445312 2337
2338 294.7276916503906 2338
2339 294.73291015625 2339
2340 294.7381286621094 2340
2341 294.7433471679688 2341
2342 294.74853515625 2342
2343 294.7537536621094 2343
2344 294.7589111328125 2344
2345 294.7641296386719 2345
2346 294.769287109375 2346
2347 294.7744445800781 2347
2348 294.7795715332031 2348
2349 294.7846984863281 2349
2350 294.789794921875 2350
2351 294.7948608398438 2351
2352 294.7999267578125 2352
2353 294.8049926757812 2353
2354 294.8099975585938 2354
2355 294.8149719238281 2355
2356 294.8199462890625 2356
2357 294.8248901367188 2357
2358 294.8297729492188 2358
2359 294.8346862792969 2359
2360 294.8394775390625 2360
2361 294.8443298339844 2361
2362 294.84912109375 2362
2363 294.8538208007812 2363
2364 294.8585510253906 2364
2365 294.8632202148438 2365
2366 294.8678588867188 2366
2367 294.8724670410156 2367
2368 294.8770141601562 2368
2369 294.8815307617188 2369
2370 294.885986328125 2370
2371 294.8904113769531 2371
2372 294.894775390625 2372
2373 294.8991088867188 2373
2374 294.9033813476562 2374
2375 294.9076538085938 2375
2376 294.9118347167969 2376
2377 294.9159545898438 2377
2378 294.9200439453125 2378
2379 294.924072265625 2379
2380 294.9280700683594 2380
2381 294.9319763183594 2381
2382 294.9358520507812 2382
2383 294.939697265625 2383
2384 294.9434509277344 2384
2385 294.9471435546875 2385
2386 294.9508056640625 2386
2387 294.9543762207031 2387
2388 294.9578857421875 2388
2389 294.9613647460938 2389
2390 294.9647521972656 2390
2391 294.9681091308594 2391
2392 294.9713745117188 2392
2393 294.9745788574219 2393
2394 294.9777221679688 2394
2395 294.9808349609375 2395
2396 294.9838256835938 2396
2397 294.9867858886719 2397
2398 294.9896850585938 2398
2399 294.9924621582031 2399
2400 294.9952087402344 2400
2401 294.9978637695312 2401
2402 295.0004577636719 2402
2403 295.0029907226562 2403
2404 295.0054626464844 2404
2405 295.0078430175781 2405
2406 295.0101623535156 2406
2407 295.0123901367188 2407
2408 295.0145568847656 2408
2409 295.0166625976562 2409
2410 295.0186462402344 2410
2411 295.0205688476562 2411
2412 295.0224304199219 2412
2413 295.0242004394531 2413
2414 295.0259094238281 2414
2415 295.0275268554688 2415
2416 295.0290832519531 2416
2417 295.0305480957031 2417
2418 295.0319213867188 2418
2419 295.033203125 2419
2420 295.034423828125 2420
2421 295.0355834960938 2421
2422 295.03662109375 2422
2423 295.03759765625 2423
2424 295.0384826660156 2424
2425 295.039306640625 2425
2426 295.0400085449219 2426
2427 295.0406494140625 2427
2428 295.0411987304688 2428
2429 295.0416564941406 2429
2430 295.0420227050781 2430
2431 295.0423278808594 2431
2432 295.0425415039062 2432
2433 295.0426635742188 2433
2434 295.0426635742188 2434
2435 295.0426330566406 2435
2436 295.04248046875 2436
2437 295.042236328125 2437
2438 295.0419006347656 2438
2439 295.04150390625 2439
2440 295.0409851074219 2440
2441 295.0403747558594 2441
2442 295.0397033691406 2442
2443 295.0389099121094 2443
2444 295.0380554199219 2444
2445 295.0370483398438 2445
2446 295.0360412597656 2446
2447 295.0348815917969 2447
2448 295.0336608886719 2448
2449 295.0323181152344 2449
2450 295.0308837890625 2450
2451 295.0294189453125 2451
2452 295.0278015136719 2452
2453 295.0260925292969 2453
2454 295.0243225097656 2454
2455 295.0224609375 2455
2456 295.0204772949219 2456
2457 295.0184326171875 2457
2458 295.0162963867188 2458
2459 295.0140380859375 2459
2460 295.0117797851562 2460
2461 295.0093688964844 2461
2462 295.0068969726562 2462
2463 295.0043334960938 2463
2464 295.001708984375 2464
2465 294.9989929199219 2465
2466 294.9962158203125 2466
2467 294.9933471679688 2467
2468 294.9904174804688 2468
2469 294.9874267578125 2469
2470 294.9843139648438 2470
2471 294.9812316894531 2471
2472 294.97802734375 2472
2473 294.9747924804688 2473
2474 294.9714965820312 2474
2475 294.9681396484375 2475
2476 294.9647827148438 2476
2477 294.9613647460938 2477
2478 294.9578857421875 2478
2479 294.9544067382812 2479
2480 294.9508972167969 2480
2481 294.9473571777344 2481
2482 294.9437866210938 2482
2483 294.9402160644531 2483
2484 294.9366455078125 2484
2485 294.9330444335938 2485
2486 294.9294738769531 2486
2487 294.9258728027344 2487
2488 294.9223022460938 2488
2489 294.9187622070312 2489
2490 294.9151916503906 2490
2491 294.9116821289062 2491
2492 294.908203125 2492
2493 294.9047241210938 2493
2494 294.9013061523438 2494
2495 294.8979187011719 2495
2496 294.8945922851562 2496
2497 294.8912963867188 2497
2498 294.8880615234375 2498
2499 294.8848876953125 2499
2500 294.8817749023438 2500
