"point-a-rfile"
"Time Step" "point-a etc.."
("Time Step" "point-a" "flow-time")
0 283 0
1 283 1
2 283 2
3 283 3
4 283 4
5 283 5
6 283 6
7 283 7
8 283 8
9 283 9
10 283 10
11 283 11
12 283 12
13 283 13
14 283 14
15 283 15
16 283 16
17 283 17
18 283 18
19 283 19
20 283 20
21 283 21
22 283 22
23 283 23
24 283 24
25 283 25
26 283 26
27 283 27
28 283 28
29 283 29
30 283 30
31 283 31
32 283 32
33 283 33
34 283 34
35 283 35
36 283 36
37 283 37
38 283 38
39 283 39
40 283 40
41 283 41
42 283 42
43 283.0000305175781 43
44 283.0000305175781 44
45 283.0000610351562 45
46 283.0000610351562 46
47 283.0000610351562 47
48 283.0000610351562 48
49 283.0000610351562 49
50 283.0000915527344 50
51 283.0001220703125 51
52 283.0001220703125 52
53 283.0001525878906 53
54 283.0001525878906 54
55 283.0001831054688 55
56 283.0001831054688 56
57 283.0002746582031 57
58 283.0003051757812 58
59 283.0003356933594 59
60 283.0003967285156 60
61 283.0004272460938 61
62 283.0005493164062 62
63 283.0006103515625 63
64 283.0006713867188 64
65 283.0007934570312 65
66 283.0008544921875 66
67 283.0009460449219 67
68 283.0010986328125 68
69 283.0011901855469 69
70 283.0013427734375 70
71 283.0014953613281 71
72 283.0016784667969 72
73 283.0018615722656 73
74 283.0020141601562 74
75 283.0022583007812 75
76 283.0024719238281 76
77 283.0027465820312 77
78 283.0029907226562 78
79 283.0032653808594 79
80 283.0035705566406 80
81 283.0039367675781 81
82 283.0042419433594 82
83 283.004638671875 83
84 283.0050354003906 84
85 283.0054321289062 85
86 283.0059204101562 86
87 283.0063781738281 87
88 283.0068664550781 88
89 283.0074157714844 89
90 283.0079956054688 90
91 283.0085754394531 91
92 283.0092163085938 92
93 283.0098571777344 93
94 283.0105895996094 94
95 283.0112915039062 95
96 283.0120849609375 96
97 283.0128784179688 97
98 283.0137023925781 98
99 283.0146179199219 99
100 283.0155029296875 100
101 283.0164489746094 101
102 283.0174560546875 102
103 283.0184936523438 103
104 283.0196228027344 104
105 283.020751953125 105
106 283.0218811035156 106
107 283.0231018066406 107
108 283.0243835449219 108
109 283.0256958007812 109
110 283.027099609375 110
111 283.0284729003906 111
112 283.0299072265625 112
113 283.0314636230469 113
114 283.0330200195312 114
115 283.0346069335938 115
116 283.0362548828125 116
117 283.0379638671875 117
118 283.0397033691406 118
119 283.0415649414062 119
120 283.0433654785156 120
121 283.0453186035156 121
122 283.0472717285156 122
123 283.04931640625 123
124 283.0513916015625 124
125 283.0534973144531 125
126 283.0556945800781 126
127 283.0579223632812 127
128 283.0602416992188 128
129 283.0625915527344 129
130 283.0649719238281 130
131 283.0674438476562 131
132 283.0699768066406 132
133 283.0725402832031 133
134 283.0751647949219 134
135 283.077880859375 135
136 283.0806274414062 136
137 283.0834045410156 137
138 283.0862731933594 138
139 283.0891418457031 139
140 283.0921325683594 140
141 283.0951538085938 141
142 283.0982055664062 142
143 283.1013488769531 143
144 283.1045532226562 144
145 283.1077880859375 145
146 283.111083984375 146
147 283.1144409179688 147
148 283.1178283691406 148
149 283.1213073730469 149
150 283.1248168945312 150
151 283.1283264160156 151
152 283.1319885253906 152
153 283.1356506347656 153
154 283.139404296875 154
155 283.1431579589844 155
156 283.14697265625 156
157 283.15087890625 157
158 283.1548156738281 158
159 283.1588134765625 159
160 283.162841796875 160
161 283.1669311523438 161
162 283.1710510253906 162
163 283.1752319335938 163
164 283.179443359375 164
165 283.1837463378906 165
166 283.1880798339844 166
167 283.1924438476562 167
168 283.1968688964844 168
169 283.2013244628906 169
170 283.2058410644531 170
171 283.2104187011719 171
172 283.2150268554688 172
173 283.2196655273438 173
174 283.2243347167969 174
175 283.2291259765625 175
176 283.23388671875 176
177 283.2387084960938 177
178 283.2435607910156 178
179 283.2484741210938 179
180 283.25341796875 180
181 283.2583618164062 181
182 283.2633972167969 182
183 283.2684631347656 183
184 283.2735595703125 184
185 283.2786865234375 185
186 283.2838745117188 186
187 283.2890930175781 187
188 283.2943115234375 188
189 283.2995910644531 189
190 283.304931640625 190
191 283.3102416992188 191
192 283.3156433105469 192
193 283.321044921875 193
194 283.3264770507812 194
195 283.3320007324219 195
196 283.3374633789062 196
197 283.343017578125 197
198 283.3485717773438 198
199 283.3541870117188 199
200 283.3598022460938 200
201 283.3654479980469 201
202 283.3711242675781 202
203 283.3768005371094 203
204 283.3825073242188 204
205 283.3882751464844 205
206 283.39404296875 206
207 283.3998718261719 207
208 283.4057006835938 208
209 283.4115295410156 209
210 283.4173583984375 210
211 283.4232788085938 211
212 283.4291381835938 212
213 283.4350891113281 213
214 283.4410400390625 214
215 283.4469604492188 215
216 283.4529418945312 216
217 283.4589538574219 217
218 283.4649658203125 218
219 283.470947265625 219
220 283.4770202636719 220
221 283.4830627441406 221
222 283.4891357421875 222
223 283.4952087402344 223
224 283.5012817382812 224
225 283.5073852539062 225
226 283.5135192871094 226
227 283.5196533203125 227
228 283.5257568359375 228
229 283.5319213867188 229
230 283.5380859375 230
231 283.5442504882812 231
232 283.5503845214844 232
233 283.5565795898438 233
234 283.562744140625 234
235 283.5689392089844 235
236 283.5751342773438 236
237 283.5813293457031 237
238 283.5875244140625 238
239 283.5937194824219 239
240 283.5999145507812 240
241 283.6061401367188 241
242 283.6123352050781 242
243 283.6185607910156 243
244 283.624755859375 244
245 283.6309814453125 245
246 283.6371765136719 246
247 283.6433410644531 247
248 283.6495971679688 248
249 283.65576171875 249
250 283.6619567871094 250
251 283.6681518554688 251
252 283.6743774414062 252
253 283.6805419921875 253
254 283.6866760253906 254
255 283.69287109375 255
256 283.6990356445312 256
257 283.7052001953125 257
258 283.7113342285156 258
259 283.7174987792969 259
260 283.7236328125 260
261 283.729736328125 261
262 283.73583984375 262
263 283.741943359375 263
264 283.748046875 264
265 283.754150390625 265
266 283.7601928710938 266
267 283.7662353515625 267
268 283.7722778320312 268
269 283.7783508300781 269
270 283.7843017578125 270
271 283.7903442382812 271
272 283.7963256835938 272
273 283.8023376464844 273
274 283.8082885742188 274
275 283.814208984375 275
276 283.8201293945312 276
277 283.8260192871094 277
278 283.8319091796875 278
279 283.8377990722656 279
280 283.8436584472656 280
281 283.8495178222656 281
282 283.8552856445312 282
283 283.861083984375 283
284 283.8668823242188 284
285 283.8726196289062 285
286 283.8783569335938 286
287 283.8840942382812 287
288 283.8897705078125 288
289 283.8953857421875 289
290 283.9010925292969 290
291 283.9067077636719 291
292 283.9122924804688 292
293 283.9178466796875 293
294 283.9234008789062 294
295 283.928955078125 295
296 283.9344482421875 296
297 283.9399108886719 297
298 283.9453735351562 298
299 283.9508056640625 299
300 283.9561767578125 300
301 283.9615478515625 301
302 283.9668884277344 302
303 283.9722290039062 303
304 283.9774780273438 304
305 283.9827575683594 305
306 283.9880065917969 306
307 283.9931945800781 307
308 283.9983520507812 308
309 284.0035095214844 309
310 284.0086059570312 310
311 284.013671875 311
312 284.0187377929688 312
313 284.0237426757812 313
314 284.0287475585938 314
315 284.03369140625 315
316 284.0386352539062 316
317 284.0435485839844 317
318 284.0484313964844 318
319 284.0532531738281 319
320 284.0580749511719 320
321 284.0628356933594 321
322 284.0675659179688 322
323 284.072265625 323
324 284.0769653320312 324
325 284.0816040039062 325
326 284.0862426757812 326
327 284.0908203125 327
328 284.0953979492188 328
329 284.0999145507812 329
330 284.1044311523438 330
331 284.10888671875 331
332 284.1133422851562 332
333 284.1177368164062 333
334 284.1221313476562 334
335 284.1264953613281 335
336 284.1308288574219 336
337 284.1351623535156 337
338 284.1394653320312 338
339 284.1436767578125 339
340 284.1478881835938 340
341 284.1521606445312 341
342 284.1563110351562 342
343 284.1604919433594 343
344 284.1646118164062 344
345 284.1687316894531 345
346 284.1728210449219 346
347 284.1768798828125 347
348 284.1809997558594 348
349 284.1849975585938 349
350 284.1890563964844 350
351 284.1930847167969 351
352 284.1970825195312 352
353 284.2010498046875 353
354 284.2050170898438 354
355 284.208984375 355
356 284.2129211425781 356
357 284.2168579101562 357
358 284.2208557128906 358
359 284.2247619628906 359
360 284.2286682128906 360
361 284.2325744628906 361
362 284.2365112304688 362
363 284.2403869628906 363
364 284.2442932128906 364
365 284.2481994628906 365
366 284.2520751953125 366
367 284.2559814453125 367
368 284.2598876953125 368
369 284.2637939453125 369
370 284.2677001953125 370
371 284.2716064453125 371
372 284.2755432128906 372
373 284.2794494628906 373
374 284.2833862304688 374
375 284.2873229980469 375
376 284.291259765625 376
377 284.2951965332031 377
378 284.2991943359375 378
379 284.3031616210938 379
380 284.3071594238281 380
381 284.3111572265625 381
382 284.315185546875 382
383 284.3192138671875 383
384 284.3232116699219 384
385 284.3272705078125 385
386 284.3313293457031 386
387 284.33544921875 387
388 284.3395385742188 388
389 284.3436584472656 389
390 284.3478088378906 390
391 284.3519287109375 391
392 284.3561401367188 392
393 284.3603515625 393
394 284.3645629882812 394
395 284.3688049316406 395
396 284.3730773925781 396
397 284.3773498535156 397
398 284.3816528320312 398
399 284.3859558105469 399
400 284.3903198242188 400
401 284.3947143554688 401
402 284.3990783691406 402
403 284.4035034179688 403
404 284.407958984375 404
405 284.4123840332031 405
406 284.4169006347656 406
407 284.42138671875 407
408 284.4259338378906 408
409 284.4304809570312 409
410 284.4350891113281 410
411 284.439697265625 411
412 284.4443359375 412
413 284.448974609375 413
414 284.4536437988281 414
415 284.4583740234375 415
416 284.4630737304688 416
417 284.4678039550781 417
418 284.4725952148438 418
419 284.4774169921875 419
420 284.4822387695312 420
421 284.487060546875 421
422 284.491943359375 422
423 284.496826171875 423
424 284.5017395019531 424
425 284.5067443847656 425
426 284.5116882324219 426
427 284.5166931152344 427
428 284.5216674804688 428
429 284.5266723632812 429
430 284.5317687988281 430
431 284.5368957519531 431
432 284.5419921875 432
433 284.5470886230469 433
434 284.5522155761719 434
435 284.5574340820312 435
436 284.5625915527344 436
437 284.5677795410156 437
438 284.5730590820312 438
439 284.5782775878906 439
440 284.5835876464844 440
441 284.5888366699219 441
442 284.5941467285156 442
443 284.5994567871094 443
444 284.6048278808594 444
445 284.6101989746094 445
446 284.6155395507812 446
447 284.6209411621094 447
448 284.6263732910156 448
449 284.6318054199219 449
450 284.6372375488281 450
451 284.6427001953125 451
452 284.648193359375 452
453 284.6536865234375 453
454 284.6591491699219 454
455 284.6646423339844 455
456 284.6701965332031 456
457 284.67578125 457
458 284.6812744140625 458
459 284.6868896484375 459
460 284.6924743652344 460
461 284.6980590820312 461
462 284.7036437988281 462
463 284.7092590332031 463
464 284.7148742675781 464
465 284.7205200195312 465
466 284.7261352539062 466
467 284.7318115234375 467
468 284.7374572753906 468
469 284.7431030273438 469
470 284.748779296875 470
471 284.7544555664062 471
472 284.7601013183594 472
473 284.7658386230469 473
474 284.7715148925781 474
475 284.7771911621094 475
476 284.7829284667969 476
477 284.7886047363281 477
478 284.7942810058594 478
479 284.8000183105469 479
480 284.8057250976562 480
481 284.8114318847656 481
482 284.817138671875 482
483 284.8228454589844 483
484 284.8285522460938 484
485 284.8342895507812 485
486 284.8399658203125 486
487 284.8456726074219 487
488 284.8513793945312 488
489 284.8571166992188 489
490 284.86279296875 490
491 284.8684997558594 491
492 284.8741760253906 492
493 284.8798828125 493
494 284.8855590820312 494
495 284.8912353515625 495
496 284.8969116210938 496
497 284.9025573730469 497
498 284.9082336425781 498
499 284.9139099121094 499
500 284.9195251464844 500
501 284.9251403808594 501
502 284.9307861328125 502
503 284.9364318847656 503
504 284.9420166015625 504
505 284.9476318359375 505
506 284.9531860351562 506
507 284.9587707519531 507
508 284.9643249511719 508
509 284.9698791503906 509
510 284.9754333496094 510
511 284.98095703125 511
512 284.9864807128906 512
513 284.991943359375 513
514 284.9974365234375 514
515 285.0029296875 515
516 285.0083923339844 516
517 285.0138244628906 517
518 285.0192565917969 518
519 285.024658203125 519
520 285.0300598144531 520
521 285.0354309082031 521
522 285.040771484375 522
523 285.0460815429688 523
524 285.0514221191406 524
525 285.0567321777344 525
526 285.06201171875 526
527 285.0672912597656 527
528 285.072509765625 528
529 285.0776977539062 529
530 285.0829467773438 530
531 285.0881042480469 531
532 285.09326171875 532
533 285.0984191894531 533
534 285.103515625 534
535 285.1085815429688 535
536 285.1136779785156 536
537 285.1187133789062 537
538 285.1236877441406 538
539 285.1287231445312 539
540 285.1336669921875 540
541 285.1386108398438 541
542 285.1435241699219 542
543 285.1484069824219 543
544 285.1532897949219 544
545 285.1581115722656 545
546 285.1629333496094 546
547 285.167724609375 547
548 285.1724853515625 548
549 285.1771850585938 549
550 285.181884765625 550
551 285.1865539550781 551
552 285.1912231445312 552
553 285.1958312988281 553
554 285.2004089355469 554
555 285.2049560546875 555
556 285.20947265625 556
557 285.2139892578125 557
558 285.2184143066406 558
559 285.2228393554688 559
560 285.2272338867188 560
561 285.2315979003906 561
562 285.2359313964844 562
563 285.240234375 563
564 285.2445068359375 564
565 285.2487487792969 565
566 285.2529296875 566
567 285.2571105957031 567
568 285.2612609863281 568
569 285.2653503417969 569
570 285.2694091796875 570
571 285.2734069824219 571
572 285.2774047851562 572
573 285.2813415527344 573
574 285.2852783203125 574
575 285.2891845703125 575
576 285.2930297851562 576
577 285.2968444824219 577
578 285.3006286621094 578
579 285.3043518066406 579
580 285.30810546875 580
581 285.3117370605469 581
582 285.3153686523438 582
583 285.3189697265625 583
584 285.322509765625 584
585 285.3260498046875 585
586 285.3294982910156 586
587 285.3329772949219 587
588 285.3363342285156 588
589 285.3397521972656 589
590 285.3430786132812 590
591 285.3463439941406 591
592 285.3496398925781 592
593 285.3528747558594 593
594 285.3560485839844 594
595 285.3591918945312 595
596 285.3623046875 596
597 285.3653869628906 597
598 285.368408203125 598
599 285.3713989257812 599
600 285.3744201660156 600
601 285.3773193359375 601
602 285.3802490234375 602
603 285.3831481933594 603
604 285.3859558105469 604
605 285.3887939453125 605
606 285.3915710449219 606
607 285.3943481445312 607
608 285.3970642089844 608
609 285.3997497558594 609
610 285.4024047851562 610
611 285.4049987792969 611
612 285.4076232910156 612
613 285.4102172851562 613
614 285.4128112792969 614
615 285.4153137207031 615
616 285.4178466796875 616
617 285.4203491210938 617
618 285.4227905273438 618
619 285.4252624511719 619
620 285.4276733398438 620
621 285.4301147460938 621
622 285.4324645996094 622
623 285.4348754882812 623
624 285.4372253417969 624
625 285.4396057128906 625
626 285.4419250488281 626
627 285.4442749023438 627
628 285.4465637207031 628
629 285.4488830566406 629
630 285.451171875 630
631 285.4534606933594 631
632 285.4557495117188 632
633 285.4580688476562 633
634 285.4602966308594 634
635 285.4626159667969 635
636 285.46484375 636
637 285.4671325683594 637
638 285.4693603515625 638
639 285.4716796875 639
640 285.4739379882812 640
641 285.4761962890625 641
642 285.4784851074219 642
643 285.4807739257812 643
644 285.4830932617188 644
645 285.4853820800781 645
646 285.4877014160156 646
647 285.489990234375 647
648 285.4923095703125 648
649 285.49462890625 649
650 285.4969787597656 650
651 285.4993591308594 651
652 285.5016784667969 652
653 285.5041198730469 653
654 285.5065002441406 654
655 285.5089111328125 655
656 285.5113220214844 656
657 285.5137329101562 657
658 285.5162353515625 658
659 285.5187072753906 659
660 285.5211791992188 660
661 285.523681640625 661
662 285.5262145996094 662
663 285.5287780761719 663
664 285.5313415527344 664
665 285.533935546875 665
666 285.5365295410156 666
667 285.5391540527344 667
668 285.5418090820312 668
669 285.5444946289062 669
670 285.5471801757812 670
671 285.5498962402344 671
672 285.5526123046875 672
673 285.555419921875 673
674 285.5581665039062 674
675 285.5609741210938 675
676 285.5638427734375 676
677 285.5666809082031 677
678 285.5695495605469 678
679 285.5724792480469 679
680 285.5754089355469 680
681 285.578369140625 681
682 285.5813293457031 682
683 285.5843200683594 683
684 285.5873718261719 684
685 285.5903930664062 685
686 285.593505859375 686
687 285.5965881347656 687
688 285.5997009277344 688
689 285.6028747558594 689
690 285.6060180664062 690
691 285.6092224121094 691
692 285.6124267578125 692
693 285.6156921386719 693
694 285.6189575195312 694
695 285.6222534179688 695
696 285.6255493164062 696
697 285.62890625 697
698 285.6322631835938 698
699 285.6356506347656 699
700 285.6390380859375 700
701 285.6424865722656 701
702 285.6459350585938 702
703 285.6494140625 703
704 285.6529235839844 704
705 285.6564025878906 705
706 285.6599731445312 706
707 285.6635131835938 707
708 285.6670837402344 708
709 285.6707153320312 709
710 285.67431640625 710
711 285.6779479980469 711
712 285.6815795898438 712
713 285.6852722167969 713
714 285.68896484375 714
715 285.6926574707031 715
716 285.6964111328125 716
717 285.7001647949219 717
718 285.7039489746094 718
719 285.7077331542969 719
720 285.7115173339844 720
721 285.71533203125 721
722 285.7191467285156 722
723 285.7229919433594 723
724 285.7268676757812 724
725 285.7307434082031 725
726 285.734619140625 726
727 285.738525390625 727
728 285.742431640625 728
729 285.746337890625 729
730 285.7503051757812 730
731 285.7542724609375 731
732 285.7582092285156 732
733 285.7621765136719 733
734 285.7661743164062 734
735 285.7701721191406 735
736 285.7741394042969 736
737 285.7781372070312 737
738 285.7821960449219 738
739 285.7862243652344 739
740 285.7902221679688 740
741 285.7943115234375 741
742 285.7983093261719 742
743 285.8023986816406 743
744 285.8064270019531 744
745 285.8105163574219 745
746 285.8145751953125 746
747 285.8186340332031 747
748 285.8226928710938 748
749 285.8267822265625 749
750 285.8308410644531 750
751 285.8349609375 751
752 285.8390197753906 752
753 285.8431091308594 753
754 285.8471984863281 754
755 285.8512878417969 755
756 285.8553771972656 756
757 285.8594665527344 757
758 285.863525390625 758
759 285.8676147460938 759
760 285.8717041015625 760
761 285.8757629394531 761
762 285.8798522949219 762
763 285.8839111328125 763
764 285.8879699707031 764
765 285.8920593261719 765
766 285.8960876464844 766
767 285.9001770019531 767
768 285.9042053222656 768
769 285.9082336425781 769
770 285.9122619628906 770
771 285.9162902832031 771
772 285.9203186035156 772
773 285.9242858886719 773
774 285.9283142089844 774
775 285.9323120117188 775
776 285.936279296875 776
777 285.9402465820312 777
778 285.9442138671875 778
779 285.9481201171875 779
780 285.9520874023438 780
781 285.9560241699219 781
782 285.9598999023438 782
783 285.9638366699219 783
784 285.9677124023438 784
785 285.9715881347656 785
786 285.9754638671875 786
787 285.9792785644531 787
788 285.9830932617188 788
789 285.9869384765625 789
790 285.99072265625 790
791 285.9945068359375 791
792 285.998291015625 792
793 286.0020446777344 793
794 286.0057678222656 794
795 286.0094909667969 795
796 286.01318359375 796
797 286.016845703125 797
798 286.0204772949219 798
799 286.0241394042969 799
800 286.0277709960938 800
801 286.0313415527344 801
802 286.034912109375 802
803 286.0384826660156 803
804 286.0420227050781 804
805 286.0455322265625 805
806 286.0489807128906 806
807 286.0524597167969 807
808 286.055908203125 808
809 286.0593566894531 809
810 286.062744140625 810
811 286.0661010742188 811
812 286.0694580078125 812
813 286.0727844238281 813
814 286.0760803222656 814
815 286.079345703125 815
816 286.0826110839844 816
817 286.0858459472656 817
818 286.0890197753906 818
819 286.0921936035156 819
820 286.0953369140625 820
821 286.0984191894531 821
822 286.1015319824219 822
823 286.1045837402344 823
824 286.1076049804688 824
825 286.1106262207031 825
826 286.1135864257812 826
827 286.1165466308594 827
828 286.1194152832031 828
829 286.122314453125 829
830 286.1251831054688 830
831 286.1279907226562 831
832 286.1307678222656 832
833 286.133544921875 833
834 286.1362609863281 834
835 286.1389465332031 835
836 286.1416320800781 836
837 286.1442565917969 837
838 286.1468505859375 838
839 286.1494140625 839
840 286.1519470214844 840
841 286.1544494628906 841
842 286.1569213867188 842
843 286.1593627929688 843
844 286.1617431640625 844
845 286.1640930175781 845
846 286.1664123535156 846
847 286.1687316894531 847
848 286.1709899902344 848
849 286.1732177734375 849
850 286.1754150390625 850
851 286.1775512695312 851
852 286.1796569824219 852
853 286.1817321777344 853
854 286.1838073730469 854
855 286.1858215332031 855
856 286.1878356933594 856
857 286.1897583007812 857
858 286.191650390625 858
859 286.1934814453125 859
860 286.1953430175781 860
861 286.1971435546875 861
862 286.1989135742188 862
863 286.2006530761719 863
864 286.2023620605469 864
865 286.2040100097656 865
866 286.2056274414062 866
867 286.2072143554688 867
868 286.2088012695312 868
869 286.2103271484375 869
870 286.2118225097656 870
871 286.2133178710938 871
872 286.2147521972656 872
873 286.2161560058594 873
874 286.217529296875 874
875 286.2189025878906 875
876 286.22021484375 876
877 286.2214965820312 877
878 286.2227478027344 878
879 286.2239990234375 879
880 286.2252197265625 880
881 286.2264099121094 881
882 286.2275695800781 882
883 286.2287292480469 883
884 286.2298278808594 884
885 286.2309265136719 885
886 286.2319946289062 886
887 286.2330627441406 887
888 286.2341003417969 888
889 286.2351379394531 889
890 286.2361450195312 890
891 286.2371520996094 891
892 286.2381591796875 892
893 286.2391052246094 893
894 286.2400817871094 894
895 286.2409973144531 895
896 286.2419738769531 896
897 286.2428894042969 897
898 286.2438354492188 898
899 286.2447204589844 899
900 286.24560546875 900
901 286.2465209960938 901
902 286.2474060058594 902
903 286.2483520507812 903
904 286.2492065429688 904
905 286.2501220703125 905
906 286.2510375976562 906
907 286.2519226074219 907
908 286.2528381347656 908
909 286.2537841796875 909
910 286.2546691894531 910
911 286.255615234375 911
912 286.2565612792969 912
913 286.2574768066406 913
914 286.2584228515625 914
915 286.2593688964844 915
916 286.2603454589844 916
917 286.2613220214844 917
918 286.2622985839844 918
919 286.2633056640625 919
920 286.2643432617188 920
921 286.2653503417969 921
922 286.2663879394531 922
923 286.2674865722656 923
924 286.2685546875 924
925 286.2696533203125 925
926 286.270751953125 926
927 286.2719116210938 927
928 286.2730712890625 928
929 286.2742614746094 929
930 286.2754516601562 930
931 286.2766723632812 931
932 286.2779235839844 932
933 286.2791748046875 933
934 286.2804260253906 934
935 286.28173828125 935
936 286.2830810546875 936
937 286.284423828125 937
938 286.2858276367188 938
939 286.2872009277344 939
940 286.2886352539062 940
941 286.2900695800781 941
942 286.2915649414062 942
943 286.2930603027344 943
944 286.2945861816406 944
945 286.296142578125 945
946 286.2977294921875 946
947 286.2993469238281 947
948 286.3009643554688 948
949 286.3026428222656 949
950 286.3043212890625 950
951 286.3060302734375 951
952 286.3077392578125 952
953 286.3095397949219 953
954 286.3113403320312 954
955 286.3131408691406 955
956 286.3150024414062 956
957 286.3168640136719 957
958 286.3187561035156 958
959 286.3207092285156 959
960 286.3226318359375 960
961 286.3246459960938 961
962 286.3266296386719 962
963 286.3286743164062 963
964 286.3307189941406 964
965 286.3328247070312 965
966 286.3349304199219 966
967 286.3370361328125 967
968 286.3392333984375 968
969 286.3414001464844 969
970 286.3435974121094 970
971 286.3458251953125 971
972 286.3480834960938 972
973 286.3504028320312 973
974 286.3526916503906 974
975 286.3550109863281 975
976 286.3573913574219 976
977 286.3597412109375 977
978 286.3621520996094 978
979 286.3645629882812 979
980 286.3670043945312 980
981 286.3694763183594 981
982 286.3719482421875 982
983 286.3744506835938 983
984 286.3770141601562 984
985 286.3795166015625 985
986 286.382080078125 986
987 286.3846740722656 987
988 286.3872680664062 988
989 286.389892578125 989
990 286.3925476074219 990
991 286.3952026367188 991
992 286.3978881835938 992
993 286.4005737304688 993
994 286.4032897949219 994
995 286.4060363769531 995
996 286.4087524414062 996
997 286.4114990234375 997
998 286.4142761230469 998
999 286.4170532226562 999
1000 286.4198608398438 1000
1001 286.4226684570312 1001
1002 286.4255065917969 1002
1003 286.4283447265625 1003
1004 286.4311828613281 1004
1005 286.4340515136719 1005
1006 286.4369201660156 1006
1007 286.4397888183594 1007
1008 286.4426879882812 1008
1009 286.4456176757812 1009
1010 286.4485168457031 1010
1011 286.451416015625 1011
1012 286.454345703125 1012
1013 286.457275390625 1013
1014 286.460205078125 1014
1015 286.463134765625 1015
1016 286.4660949707031 1016
1017 286.4690551757812 1017
1018 286.4720458984375 1018
1019 286.4750061035156 1019
1020 286.4779968261719 1020
1021 286.4809875488281 1021
1022 286.4839477539062 1022
1023 286.4869079589844 1023
1024 286.4899291992188 1024
1025 286.4928894042969 1025
1026 286.4959106445312 1026
1027 286.4988708496094 1027
1028 286.5018615722656 1028
1029 286.5048522949219 1029
1030 286.5078430175781 1030
1031 286.5108337402344 1031
1032 286.5137939453125 1032
1033 286.5168151855469 1033
1034 286.5198059082031 1034
1035 286.5227661132812 1035
1036 286.5257263183594 1036
1037 286.5287170410156 1037
1038 286.5316467285156 1038
1039 286.5346374511719 1039
1040 286.5375671386719 1040
1041 286.54052734375 1041
1042 286.54345703125 1042
1043 286.5464172363281 1043
1044 286.5493469238281 1044
1045 286.5522766113281 1045
1046 286.55517578125 1046
1047 286.5580749511719 1047
1048 286.5609436035156 1048
1049 286.5638732910156 1049
1050 286.5667419433594 1050
1051 286.5696105957031 1051
1052 286.5724792480469 1052
1053 286.5753173828125 1053
1054 286.5781555175781 1054
1055 286.5809631347656 1055
1056 286.5837707519531 1056
1057 286.5865478515625 1057
1058 286.58935546875 1058
1059 286.5921020507812 1059
1060 286.5948486328125 1060
1061 286.5975646972656 1061
1062 286.6003112792969 1062
1063 286.60302734375 1063
1064 286.605712890625 1064
1065 286.6083679199219 1065
1066 286.6110534667969 1066
1067 286.6136779785156 1067
1068 286.6163024902344 1068
1069 286.6189270019531 1069
1070 286.6214904785156 1070
1071 286.6240539550781 1071
1072 286.6265869140625 1072
1073 286.6291198730469 1073
1074 286.6316528320312 1074
1075 286.6341552734375 1075
1076 286.6365966796875 1076
1077 286.6390686035156 1077
1078 286.6414794921875 1078
1079 286.6438903808594 1079
1080 286.6462707519531 1080
1081 286.6486206054688 1081
1082 286.6509399414062 1082
1083 286.6532592773438 1083
1084 286.6555786132812 1084
1085 286.6578369140625 1085
1086 286.6600646972656 1086
1087 286.6622619628906 1087
1088 286.6644592285156 1088
1089 286.6666564941406 1089
1090 286.6687927246094 1090
1091 286.6708679199219 1091
1092 286.6729736328125 1092
1093 286.675048828125 1093
1094 286.6770629882812 1094
1095 286.6790771484375 1095
1096 286.6810302734375 1096
1097 286.6830139160156 1097
1098 286.6849365234375 1098
1099 286.6868286132812 1099
1100 286.6886901855469 1100
1101 286.6904907226562 1101
1102 286.6922912597656 1102
1103 286.6941223144531 1103
1104 286.6958312988281 1104
1105 286.6975708007812 1105
1106 286.6992492675781 1106
1107 286.7008972167969 1107
1108 286.7024841308594 1108
1109 286.7040710449219 1109
1110 286.7056579589844 1110
1111 286.7071838378906 1111
1112 286.7087097167969 1112
1113 286.7101440429688 1113
1114 286.7115478515625 1114
1115 286.7129821777344 1115
1116 286.7143249511719 1116
1117 286.7156677246094 1117
1118 286.7169799804688 1118
1119 286.7182312011719 1119
1120 286.7194519042969 1120
1121 286.7206420898438 1121
1122 286.7218017578125 1122
1123 286.7229614257812 1123
1124 286.7240600585938 1124
1125 286.72509765625 1125
1126 286.7261352539062 1126
1127 286.7271423339844 1127
1128 286.7280883789062 1128
1129 286.72900390625 1129
1130 286.7299194335938 1130
1131 286.7307739257812 1131
1132 286.7315979003906 1132
1133 286.732421875 1133
1134 286.733154296875 1134
1135 286.73388671875 1135
1136 286.7345581054688 1136
1137 286.7352600097656 1137
1138 286.7359008789062 1138
1139 286.7365417480469 1139
1140 286.7370910644531 1140
1141 286.7376403808594 1141
1142 286.7381286621094 1142
1143 286.7386474609375 1143
1144 286.7391052246094 1144
1145 286.7395629882812 1145
1146 286.7399597167969 1146
1147 286.7403259277344 1147
1148 286.74072265625 1148
1149 286.7410583496094 1149
1150 286.7413940429688 1150
1151 286.7416381835938 1151
1152 286.741943359375 1152
1153 286.7421875 1153
1154 286.7424011230469 1154
1155 286.7426452636719 1155
1156 286.7428283691406 1156
1157 286.7429809570312 1157
1158 286.7431945800781 1158
1159 286.7433166503906 1159
1160 286.7434387207031 1160
1161 286.7436218261719 1161
1162 286.7436828613281 1162
1163 286.7438049316406 1163
1164 286.743896484375 1164
1165 286.7439880371094 1165
1166 286.7440490722656 1166
1167 286.744140625 1167
1168 286.7441711425781 1168
1169 286.7442932128906 1169
1170 286.7443542480469 1170
1171 286.744384765625 1171
1172 286.7444763183594 1172
1173 286.7445373535156 1173
1174 286.74462890625 1174
1175 286.7446594238281 1175
1176 286.7447509765625 1176
1177 286.7448425292969 1177
1178 286.7449035644531 1178
1179 286.7449951171875 1179
1180 286.7451171875 1180
1181 286.7451782226562 1181
1182 286.7453002929688 1182
1183 286.7454223632812 1183
1184 286.7455749511719 1184
1185 286.7457275390625 1185
1186 286.7458801269531 1186
1187 286.7460632324219 1187
1188 286.7462768554688 1188
1189 286.7464599609375 1189
1190 286.7467041015625 1190
1191 286.7468872070312 1191
1192 286.7471923828125 1192
1193 286.7474365234375 1193
1194 286.7477722167969 1194
1195 286.7480773925781 1195
1196 286.7484130859375 1196
1197 286.748779296875 1197
1198 286.7491455078125 1198
1199 286.7495422363281 1199
1200 286.7499694824219 1200
1201 286.7504272460938 1201
1202 286.7508850097656 1202
1203 286.7513732910156 1203
1204 286.7519226074219 1204
1205 286.7524719238281 1205
1206 286.7530212402344 1206
1207 286.7536315917969 1207
1208 286.7542419433594 1208
1209 286.7549133300781 1209
1210 286.7555847167969 1210
1211 286.7562561035156 1211
1212 286.7569580078125 1212
1213 286.7577819824219 1213
1214 286.758544921875 1214
1215 286.7593688964844 1215
1216 286.7602233886719 1216
1217 286.7610473632812 1217
1218 286.761962890625 1218
1219 286.7628784179688 1219
1220 286.7638549804688 1220
1221 286.7648315429688 1221
1222 286.7658081054688 1222
1223 286.7668762207031 1223
1224 286.7679748535156 1224
1225 286.76904296875 1225
1226 286.7701721191406 1226
1227 286.7713012695312 1227
1228 286.7724914550781 1228
1229 286.7736511230469 1229
1230 286.7749328613281 1230
1231 286.7761840820312 1231
1232 286.7774658203125 1232
1233 286.77880859375 1233
1234 286.7801513671875 1234
1235 286.7815246582031 1235
1236 286.7828979492188 1236
1237 286.7843627929688 1237
1238 286.7858276367188 1238
1239 286.7872924804688 1239
1240 286.7887878417969 1240
1241 286.7903137207031 1241
1242 286.7918701171875 1242
1243 286.79345703125 1243
1244 286.7950439453125 1244
1245 286.7967224121094 1245
1246 286.79833984375 1246
1247 286.8000183105469 1247
1248 286.8017272949219 1248
1249 286.803466796875 1249
1250 286.8052062988281 1250
1251 286.8070068359375 1251
1252 286.8087463378906 1252
1253 286.8105773925781 1253
1254 286.8124084472656 1254
1255 286.8143005371094 1255
1256 286.816162109375 1256
1257 286.8180847167969 1257
1258 286.8199768066406 1258
1259 286.8219299316406 1259
1260 286.8239135742188 1260
1261 286.8258666992188 1261
1262 286.8278503417969 1262
1263 286.8298645019531 1263
1264 286.8319091796875 1264
1265 286.833984375 1265
1266 286.8359985351562 1266
1267 286.838134765625 1267
1268 286.8402099609375 1268
1269 286.8423156738281 1269
1270 286.8444519042969 1270
1271 286.8465881347656 1271
1272 286.8487243652344 1272
1273 286.8508911132812 1273
1274 286.8530883789062 1274
1275 286.8552856445312 1275
1276 286.8574829101562 1276
1277 286.8596801757812 1277
1278 286.8619384765625 1278
1279 286.8641357421875 1279
1280 286.8664245605469 1280
1281 286.8686828613281 1281
1282 286.8709106445312 1282
1283 286.8732299804688 1283
1284 286.87548828125 1284
1285 286.8777770996094 1285
1286 286.8800659179688 1286
1287 286.8823852539062 1287
1288 286.8846740722656 1288
1289 286.8869934082031 1289
1290 286.8893127441406 1290
1291 286.8916320800781 1291
1292 286.8939819335938 1292
1293 286.8963012695312 1293
1294 286.8986511230469 1294
1295 286.9009704589844 1295
1296 286.9033203125 1296
1297 286.9056701660156 1297
1298 286.9079895019531 1298
1299 286.9103393554688 1299
1300 286.9126892089844 1300
1301 286.9150390625 1301
1302 286.9173889160156 1302
1303 286.919677734375 1303
1304 286.9220581054688 1304
1305 286.9243774414062 1305
1306 286.9267272949219 1306
1307 286.9290466308594 1307
1308 286.9313659667969 1308
1309 286.9336853027344 1309
1310 286.9360046386719 1310
1311 286.9383239746094 1311
1312 286.9406433105469 1312
1313 286.9429321289062 1313
1314 286.9452209472656 1314
1315 286.947509765625 1315
1316 286.9497680664062 1316
1317 286.9520874023438 1317
1318 286.954345703125 1318
1319 286.9566040039062 1319
1320 286.9588317871094 1320
1321 286.9610900878906 1321
1322 286.9633178710938 1322
1323 286.9655151367188 1323
1324 286.9677124023438 1324
1325 286.9699096679688 1325
1326 286.9721069335938 1326
1327 286.9742736816406 1327
1328 286.9764404296875 1328
1329 286.9785461425781 1329
1330 286.9806823730469 1330
1331 286.9828186035156 1331
1332 286.9849243164062 1332
1333 286.9870300292969 1333
1334 286.9890441894531 1334
1335 286.9911193847656 1335
1336 286.9931640625 1336
1337 286.9951782226562 1337
1338 286.9971923828125 1338
1339 286.9992065429688 1339
1340 287.0011596679688 1340
1341 287.0031127929688 1341
1342 287.0050659179688 1342
1343 287.0069885253906 1343
1344 287.0088500976562 1344
1345 287.0107116699219 1345
1346 287.0125732421875 1346
1347 287.014404296875 1347
1348 287.0162658691406 1348
1349 287.0180358886719 1349
1350 287.0198059082031 1350
1351 287.0215759277344 1351
1352 287.0232849121094 1352
1353 287.0249938964844 1353
1354 287.0266723632812 1354
1355 287.0283508300781 1355
1356 287.0299987792969 1356
1357 287.0315856933594 1357
1358 287.033203125 1358
1359 287.0347595214844 1359
1360 287.0363159179688 1360
1361 287.0377807617188 1361
1362 287.0392761230469 1362
1363 287.040771484375 1363
1364 287.0421752929688 1364
1365 287.0436096191406 1365
1366 287.0449523925781 1366
1367 287.0463562011719 1367
1368 287.0476684570312 1368
1369 287.0489501953125 1369
1370 287.0502319335938 1370
1371 287.0514526367188 1371
1372 287.0527038574219 1372
1373 287.0538635253906 1373
1374 287.0550231933594 1374
1375 287.0561828613281 1375
1376 287.0572509765625 1376
1377 287.0583190917969 1377
1378 287.0593566894531 1378
1379 287.0603637695312 1379
1380 287.0613403320312 1380
1381 287.0622863769531 1381
1382 287.0632019042969 1382
1383 287.0640563964844 1383
1384 287.0649108886719 1384
1385 287.0657348632812 1385
1386 287.0665588378906 1386
1387 287.0672912597656 1387
1388 287.0679931640625 1388
1389 287.0686645507812 1389
1390 287.0693359375 1390
1391 287.0699462890625 1391
1392 287.0705261230469 1392
1393 287.0711364746094 1393
1394 287.0716552734375 1394
1395 287.0721435546875 1395
1396 287.0725708007812 1396
1397 287.0730285644531 1397
1398 287.0733947753906 1398
1399 287.0737609863281 1399
1400 287.0740966796875 1400
1401 287.0743713378906 1401
1402 287.0746765136719 1402
1403 287.0748901367188 1403
1404 287.0751037597656 1404
1405 287.0752563476562 1405
1406 287.0753784179688 1406
1407 287.0755310058594 1407
1408 287.0756225585938 1408
1409 287.0756530761719 1409
1410 287.07568359375 1410
1411 287.07568359375 1411
1412 287.0756530761719 1412
1413 287.0756225585938 1413
1414 287.0755310058594 1414
1415 287.0754089355469 1415
1416 287.0752868652344 1416
1417 287.0751342773438 1417
1418 287.074951171875 1418
1419 287.0747680664062 1419
1420 287.0745239257812 1420
1421 287.0743103027344 1421
1422 287.0740051269531 1422
1423 287.0737609863281 1423
1424 287.0734558105469 1424
1425 287.0731811523438 1425
1426 287.0728149414062 1426
1427 287.072509765625 1427
1428 287.0721130371094 1428
1429 287.07177734375 1429
1430 287.0713806152344 1430
1431 287.0710144042969 1431
1432 287.0706176757812 1432
1433 287.0702209472656 1433
1434 287.0697937011719 1434
1435 287.0693359375 1435
1436 287.0689392089844 1436
1437 287.0685119628906 1437
1438 287.0680847167969 1438
1439 287.0676879882812 1439
1440 287.0672302246094 1440
1441 287.0667724609375 1441
1442 287.0663452148438 1442
1443 287.0659484863281 1443
1444 287.0655212402344 1444
1445 287.0651245117188 1445
1446 287.064697265625 1446
1447 287.0642700195312 1447
1448 287.0638732910156 1448
1449 287.0635070800781 1449
1450 287.0631103515625 1450
1451 287.062744140625 1451
1452 287.0624084472656 1452
1453 287.0620422363281 1453
1454 287.0617370605469 1454
1455 287.0614318847656 1455
1456 287.0611267089844 1456
1457 287.0608520507812 1457
1458 287.0605773925781 1458
1459 287.0603332519531 1459
1460 287.0600891113281 1460
1461 287.0598754882812 1461
1462 287.0596618652344 1462
1463 287.0594787597656 1463
1464 287.059326171875 1464
1465 287.0592041015625 1465
1466 287.05908203125 1466
1467 287.0589904785156 1467
1468 287.0589599609375 1468
1469 287.0588989257812 1469
1470 287.0588989257812 1470
1471 287.0589294433594 1471
1472 287.0589294433594 1472
1473 287.0590209960938 1473
1474 287.05908203125 1474
1475 287.0591735839844 1475
1476 287.059326171875 1476
1477 287.0594787597656 1477
1478 287.0596923828125 1478
1479 287.0599060058594 1479
1480 287.0601501464844 1480
1481 287.0604248046875 1481
1482 287.0606994628906 1482
1483 287.0610656738281 1483
1484 287.0614013671875 1484
1485 287.0618286132812 1485
1486 287.0622253417969 1486
1487 287.0626831054688 1487
1488 287.0631713867188 1488
1489 287.0636596679688 1489
1490 287.0641784667969 1490
1491 287.0647277832031 1491
1492 287.0653076171875 1492
1493 287.0659790039062 1493
1494 287.0665893554688 1494
1495 287.0672912597656 1495
1496 287.0680236816406 1496
1497 287.0687561035156 1497
1498 287.0695190429688 1498
1499 287.0703125 1499
1500 287.0711364746094 1500
1501 287.0719909667969 1501
1502 287.0728759765625 1502
1503 287.0737915039062 1503
1504 287.0747375488281 1504
1505 287.0757141113281 1505
1506 287.0766906738281 1506
1507 287.0776977539062 1507
1508 287.0787048339844 1508
1509 287.079833984375 1509
1510 287.0809326171875 1510
1511 287.08203125 1511
1512 287.0832214355469 1512
1513 287.0843811035156 1513
1514 287.0856018066406 1514
1515 287.0867919921875 1515
1516 287.0881042480469 1516
1517 287.08935546875 1517
1518 287.0906982421875 1518
1519 287.0919799804688 1519
1520 287.0933532714844 1520
1521 287.0946960449219 1521
1522 287.0961303710938 1522
1523 287.0975341796875 1523
1524 287.0989990234375 1524
1525 287.1004333496094 1525
1526 287.1019287109375 1526
1527 287.1034545898438 1527
1528 287.10498046875 1528
1529 287.1065368652344 1529
1530 287.1080932617188 1530
1531 287.1096801757812 1531
1532 287.1112976074219 1532
1533 287.1128845214844 1533
1534 287.1145629882812 1534
1535 287.1161804199219 1535
1536 287.1178894042969 1536
1537 287.1195678710938 1537
1538 287.1212768554688 1538
1539 287.1229858398438 1539
1540 287.1247253417969 1540
1541 287.1264953613281 1541
1542 287.1282348632812 1542
1543 287.1300354003906 1543
1544 287.1318359375 1544
1545 287.1336059570312 1545
1546 287.1354064941406 1546
1547 287.1372680664062 1547
1548 287.1390991210938 1548
1549 287.1409606933594 1549
1550 287.142822265625 1550
1551 287.1447143554688 1551
1552 287.1465454101562 1552
1553 287.1484680175781 1553
1554 287.1503601074219 1554
1555 287.1522827148438 1555
1556 287.1542053222656 1556
1557 287.1560974121094 1557
1558 287.1579895019531 1558
1559 287.1599426269531 1559
1560 287.161865234375 1560
1561 287.163818359375 1561
1562 287.1657409667969 1562
1563 287.167724609375 1563
1564 287.169677734375 1564
1565 287.1716613769531 1565
1566 287.1735534667969 1566
1567 287.175537109375 1567
1568 287.1775207519531 1568
1569 287.1794738769531 1569
1570 287.1814270019531 1570
1571 287.1833801269531 1571
1572 287.1853637695312 1572
1573 287.1873168945312 1573
1574 287.1892700195312 1574
1575 287.1912536621094 1575
1576 287.1931762695312 1576
1577 287.1951293945312 1577
1578 287.1970520019531 1578
1579 287.1990356445312 1579
1580 287.200927734375 1580
1581 287.2029113769531 1581
1582 287.2048034667969 1582
1583 287.2067565917969 1583
1584 287.2086486816406 1584
1585 287.2105407714844 1585
1586 287.2124633789062 1586
1587 287.21435546875 1587
1588 287.2162780761719 1588
1589 287.2181701660156 1589
1590 287.2200012207031 1590
1591 287.2218627929688 1591
1592 287.2237243652344 1592
1593 287.2255554199219 1593
1594 287.2273864746094 1594
1595 287.2291870117188 1595
1596 287.2310180664062 1596
1597 287.2327880859375 1597
1598 287.2345886230469 1598
1599 287.2363586425781 1599
1600 287.2381286621094 1600
1601 287.2398681640625 1601
1602 287.2415771484375 1602
1603 287.2432861328125 1603
1604 287.2449951171875 1604
1605 287.2466735839844 1605
1606 287.2483520507812 1606
1607 287.25 1607
1608 287.2516479492188 1608
1609 287.2532653808594 1609
1610 287.2548522949219 1610
1611 287.2564392089844 1611
1612 287.2579956054688 1612
1613 287.2595825195312 1613
1614 287.2611083984375 1614
1615 287.2625732421875 1615
1616 287.2640686035156 1616
1617 287.2655639648438 1617
1618 287.2669677734375 1618
1619 287.2684020996094 1619
1620 287.2698059082031 1620
1621 287.2711791992188 1621
1622 287.2725524902344 1622
1623 287.2738952636719 1623
1624 287.2752075195312 1624
1625 287.2764892578125 1625
1626 287.2777709960938 1626
1627 287.2790222167969 1627
1628 287.2802429199219 1628
1629 287.2814331054688 1629
1630 287.2825927734375 1630
1631 287.2837524414062 1631
1632 287.2848815917969 1632
1633 287.2859802246094 1633
1634 287.2870483398438 1634
1635 287.2881164550781 1635
1636 287.2891235351562 1636
1637 287.2901306152344 1637
1638 287.2910766601562 1638
1639 287.2920227050781 1639
1640 287.2929077148438 1640
1641 287.2937927246094 1641
1642 287.294677734375 1642
1643 287.2955017089844 1643
1644 287.2962646484375 1644
1645 287.2970581054688 1645
1646 287.2977905273438 1646
1647 287.2984619140625 1647
1648 287.2991638183594 1648
1649 287.2998046875 1649
1650 287.3004150390625 1650
1651 287.3009948730469 1651
1652 287.3015441894531 1652
1653 287.3020629882812 1653
1654 287.3025817871094 1654
1655 287.3030090332031 1655
1656 287.303466796875 1656
1657 287.3038635253906 1657
1658 287.3042297363281 1658
1659 287.3045349121094 1659
1660 287.3048400878906 1660
1661 287.3050842285156 1661
1662 287.3053588867188 1662
1663 287.3055419921875 1663
1664 287.3057250976562 1664
1665 287.3058776855469 1665
1666 287.3059692382812 1666
1667 287.3060302734375 1667
1668 287.3060913085938 1668
1669 287.3060913085938 1669
1670 287.3060913085938 1670
1671 287.3060607910156 1671
1672 287.3059387207031 1672
1673 287.3058471679688 1673
1674 287.3056945800781 1674
1675 287.3055419921875 1675
1676 287.3053283691406 1676
1677 287.3050842285156 1677
1678 287.3048400878906 1678
1679 287.3045654296875 1679
1680 287.3042602539062 1680
1681 287.3038940429688 1681
1682 287.3034973144531 1682
1683 287.3031616210938 1683
1684 287.3027038574219 1684
1685 287.3023071289062 1685
1686 287.3017883300781 1686
1687 287.3013305664062 1687
1688 287.3008422851562 1688
1689 287.30029296875 1689
1690 287.2997436523438 1690
1691 287.2992248535156 1691
1692 287.298583984375 1692
1693 287.2980041503906 1693
1694 287.2973937988281 1694
1695 287.2967834472656 1695
1696 287.2961120605469 1696
1697 287.2955017089844 1697
1698 287.2947998046875 1698
1699 287.2940979003906 1699
1700 287.2934265136719 1700
1701 287.292724609375 1701
1702 287.2920532226562 1702
1703 287.2913208007812 1703
1704 287.2905883789062 1704
1705 287.2898864746094 1705
1706 287.2891845703125 1706
1707 287.2884521484375 1707
1708 287.2877197265625 1708
1709 287.2869873046875 1709
1710 287.2862548828125 1710
1711 287.2855224609375 1711
1712 287.2847900390625 1712
1713 287.2841186523438 1713
1714 287.2833862304688 1714
1715 287.2826843261719 1715
1716 287.2819519042969 1716
1717 287.2812805175781 1717
1718 287.2806396484375 1718
1719 287.2799377441406 1719
1720 287.279296875 1720
1721 287.2786560058594 1721
1722 287.2780456542969 1722
1723 287.2774047851562 1723
1724 287.2767944335938 1724
1725 287.2762145996094 1725
1726 287.2756042480469 1726
1727 287.2750854492188 1727
1728 287.2745361328125 1728
1729 287.2740173339844 1729
1730 287.2735290527344 1730
1731 287.2730407714844 1731
1732 287.2725830078125 1732
1733 287.2721557617188 1733
1734 287.271728515625 1734
1735 287.2713317871094 1735
1736 287.2709655761719 1736
1737 287.2706298828125 1737
1738 287.2702941894531 1738
1739 287.27001953125 1739
1740 287.2697448730469 1740
1741 287.2694702148438 1741
1742 287.269287109375 1742
1743 287.2691040039062 1743
1744 287.2689208984375 1744
1745 287.268798828125 1745
1746 287.2686767578125 1746
1747 287.2685852050781 1747
1748 287.2685241699219 1748
1749 287.2684936523438 1749
1750 287.2685241699219 1750
1751 287.2685241699219 1751
1752 287.2685546875 1752
1753 287.2686767578125 1753
1754 287.268798828125 1754
1755 287.2689208984375 1755
1756 287.2691040039062 1756
1757 287.2693176269531 1757
1758 287.2695617675781 1758
1759 287.2698364257812 1759
1760 287.2701416015625 1760
1761 287.2704467773438 1761
1762 287.2708129882812 1762
1763 287.2711486816406 1763
1764 287.2716064453125 1764
1765 287.2720336914062 1765
1766 287.2725524902344 1766
1767 287.2730102539062 1767
1768 287.2735595703125 1768
1769 287.2741088867188 1769
1770 287.2746887207031 1770
1771 287.2753295898438 1771
1772 287.2759399414062 1772
1773 287.2766723632812 1773
1774 287.27734375 1774
1775 287.278076171875 1775
1776 287.2788391113281 1776
1777 287.2796325683594 1777
1778 287.2804565429688 1778
1779 287.2812805175781 1779
1780 287.2821655273438 1780
1781 287.2830505371094 1781
1782 287.2839965820312 1782
1783 287.2849426269531 1783
1784 287.2859191894531 1784
1785 287.2869262695312 1785
1786 287.2879028320312 1786
1787 287.2889709472656 1787
1788 287.2900695800781 1788
1789 287.2911682128906 1789
1790 287.2922668457031 1790
1791 287.2934265136719 1791
1792 287.2945861816406 1792
1793 287.2957763671875 1793
1794 287.2969665527344 1794
1795 287.2982482910156 1795
1796 287.2994689941406 1796
1797 287.3007507324219 1797
1798 287.3020629882812 1798
1799 287.3033447265625 1799
1800 287.3047180175781 1800
1801 287.3060302734375 1801
1802 287.3074340820312 1802
1803 287.308837890625 1803
1804 287.3102416992188 1804
1805 287.3116760253906 1805
1806 287.3131103515625 1806
1807 287.3145751953125 1807
1808 287.3160705566406 1808
1809 287.3175354003906 1809
1810 287.3190612792969 1810
1811 287.320556640625 1811
1812 287.3220825195312 1812
1813 287.3236389160156 1813
1814 287.3251953125 1814
1815 287.3267517089844 1815
1816 287.328369140625 1816
1817 287.3299865722656 1817
1818 287.3315734863281 1818
1819 287.3331909179688 1819
1820 287.3348083496094 1820
1821 287.3364562988281 1821
1822 287.3381042480469 1822
1823 287.3397521972656 1823
1824 287.3414306640625 1824
1825 287.3431091308594 1825
1826 287.3447875976562 1826
1827 287.3464660644531 1827
1828 287.3481750488281 1828
1829 287.3498840332031 1829
1830 287.3515625 1830
1831 287.3532409667969 1831
1832 287.35498046875 1832
1833 287.356689453125 1833
1834 287.3584289550781 1834
1835 287.360107421875 1835
1836 287.3618774414062 1836
1837 287.3636169433594 1837
1838 287.3653259277344 1838
1839 287.3670654296875 1839
1840 287.3687744140625 1840
1841 287.3705444335938 1841
1842 287.3722534179688 1842
1843 287.3739624023438 1843
1844 287.3757019042969 1844
1845 287.3774108886719 1845
1846 287.379150390625 1846
1847 287.380859375 1847
1848 287.382568359375 1848
1849 287.38427734375 1849
1850 287.385986328125 1850
1851 287.3876647949219 1851
1852 287.389404296875 1852
1853 287.3910827636719 1853
1854 287.3927612304688 1854
1855 287.3944396972656 1855
1856 287.3961181640625 1856
1857 287.3977661132812 1857
1858 287.3994140625 1858
1859 287.4010925292969 1859
1860 287.4027099609375 1860
1861 287.4043273925781 1861
1862 287.4059448242188 1862
1863 287.4075622558594 1863
1864 287.4091491699219 1864
1865 287.4107055664062 1865
1866 287.4122924804688 1866
1867 287.4138793945312 1867
1868 287.4154357910156 1868
1869 287.4169616699219 1869
1870 287.41845703125 1870
1871 287.4199829101562 1871
1872 287.4214477539062 1872
1873 287.4229736328125 1873
1874 287.4244079589844 1874
1875 287.4258728027344 1875
1876 287.4273071289062 1876
1877 287.4287414550781 1877
1878 287.4301452636719 1878
1879 287.4314880371094 1879
1880 287.432861328125 1880
1881 287.4342041015625 1881
1882 287.435546875 1882
1883 287.4368591308594 1883
1884 287.4381408691406 1884
1885 287.4394226074219 1885
1886 287.440673828125 1886
1887 287.4419250488281 1887
1888 287.443115234375 1888
1889 287.4443359375 1889
1890 287.4454956054688 1890
1891 287.4466247558594 1891
1892 287.44775390625 1892
1893 287.4488525390625 1893
1894 287.449951171875 1894
1895 287.4509887695312 1895
1896 287.4520263671875 1896
1897 287.4530334472656 1897
1898 287.4540405273438 1898
1899 287.4550170898438 1899
1900 287.4559326171875 1900
1901 287.4568481445312 1901
1902 287.4577331542969 1902
1903 287.4585876464844 1903
1904 287.4594116210938 1904
1905 287.4602661132812 1905
1906 287.4610595703125 1906
1907 287.4617919921875 1907
1908 287.4625244140625 1908
1909 287.4632568359375 1909
1910 287.4638671875 1910
1911 287.4645385742188 1911
1912 287.4651794433594 1912
1913 287.4657592773438 1913
1914 287.46630859375 1914
1915 287.4668273925781 1915
1916 287.4673461914062 1916
1917 287.4678039550781 1917
1918 287.46826171875 1918
1919 287.4686584472656 1919
1920 287.4690551757812 1920
1921 287.4693908691406 1921
1922 287.4696960449219 1922
1923 287.4700317382812 1923
1924 287.4702758789062 1924
1925 287.4704895019531 1925
1926 287.4706726074219 1926
1927 287.4708251953125 1927
1928 287.4709777832031 1928
1929 287.4710998535156 1929
1930 287.4711303710938 1930
1931 287.4711608886719 1931
1932 287.47119140625 1932
1933 287.4711303710938 1933
1934 287.4710998535156 1934
1935 287.4710083007812 1935
1936 287.4708862304688 1936
1937 287.4707336425781 1937
1938 287.4705505371094 1938
1939 287.4703369140625 1939
1940 287.4700622558594 1940
1941 287.4698181152344 1941
1942 287.469482421875 1942
1943 287.4691467285156 1943
1944 287.4688110351562 1944
1945 287.4684143066406 1945
1946 287.4679870605469 1946
1947 287.467529296875 1947
1948 287.467041015625 1948
1949 287.4665222167969 1949
1950 287.4660034179688 1950
1951 287.4654235839844 1951
1952 287.46484375 1952
1953 287.4642639160156 1953
1954 287.4636535644531 1954
1955 287.4629821777344 1955
1956 287.4623107910156 1956
1957 287.4615783691406 1957
1958 287.4608764648438 1958
1959 287.4601135253906 1959
1960 287.4593811035156 1960
1961 287.4585876464844 1961
1962 287.4578247070312 1962
1963 287.4570007324219 1963
1964 287.4562377929688 1964
1965 287.4553527832031 1965
1966 287.4545288085938 1966
1967 287.4536743164062 1967
1968 287.4528198242188 1968
1969 287.4519348144531 1969
1970 287.4510498046875 1970
1971 287.4501342773438 1971
1972 287.4492797851562 1972
1973 287.4483337402344 1973
1974 287.4474487304688 1974
1975 287.446533203125 1975
1976 287.4456481933594 1976
1977 287.4447326660156 1977
1978 287.4438171386719 1978
1979 287.4429016113281 1979
1980 287.4419860839844 1980
1981 287.4410705566406 1981
1982 287.4402160644531 1982
1983 287.4393005371094 1983
1984 287.4384155273438 1984
1985 287.4375 1985
1986 287.4366455078125 1986
1987 287.435791015625 1987
1988 287.4349365234375 1988
1989 287.43408203125 1989
1990 287.4332885742188 1990
1991 287.4324340820312 1991
1992 287.4317016601562 1992
1993 287.430908203125 1993
1994 287.4301147460938 1994
1995 287.4293518066406 1995
1996 287.4286499023438 1996
1997 287.4279174804688 1997
1998 287.4272155761719 1998
1999 287.4265441894531 1999
2000 287.4258728027344 2000
2001 287.4252319335938 2001
2002 287.4246215820312 2002
2003 287.4240417480469 2003
2004 287.4234924316406 2004
2005 287.4229431152344 2005
2006 287.4223937988281 2006
2007 287.4219360351562 2007
2008 287.4214477539062 2008
2009 287.4209594726562 2009
2010 287.4205932617188 2010
2011 287.420166015625 2011
2012 287.4197998046875 2012
2013 287.4194641113281 2013
2014 287.4191589355469 2014
2015 287.4188232421875 2015
2016 287.4185791015625 2016
2017 287.4183959960938 2017
2018 287.4181823730469 2018
2019 287.4180297851562 2019
2020 287.4178771972656 2020
2021 287.4177856445312 2021
2022 287.4176635742188 2022
2023 287.4176330566406 2023
2024 287.4176025390625 2024
2025 287.4175720214844 2025
2026 287.4176330566406 2026
2027 287.417724609375 2027
2028 287.4178161621094 2028
2029 287.4179077148438 2029
2030 287.4180908203125 2030
2031 287.4182739257812 2031
2032 287.4184875488281 2032
2033 287.4187316894531 2033
2034 287.4190063476562 2034
2035 287.4193115234375 2035
2036 287.4196472167969 2036
2037 287.4200134277344 2037
2038 287.4203796386719 2038
2039 287.4208068847656 2039
2040 287.4212646484375 2040
2041 287.4217529296875 2041
2042 287.4222717285156 2042
2043 287.4228210449219 2043
2044 287.4233703613281 2044
2045 287.4239501953125 2045
2046 287.4245910644531 2046
2047 287.4252624511719 2047
2048 287.4259338378906 2048
2049 287.4266357421875 2049
2050 287.4273681640625 2050
2051 287.4281311035156 2051
2052 287.4288940429688 2052
2053 287.4297180175781 2053
2054 287.4305725097656 2054
2055 287.4314270019531 2055
2056 287.4323425292969 2056
2057 287.4332275390625 2057
2058 287.4341430664062 2058
2059 287.4350891113281 2059
2060 287.4360961914062 2060
2061 287.4371032714844 2061
2062 287.4381408691406 2062
2063 287.4391784667969 2063
2064 287.4402770996094 2064
2065 287.4413452148438 2065
2066 287.4425048828125 2066
2067 287.443603515625 2067
2068 287.4447631835938 2068
2069 287.4459533691406 2069
2070 287.4471435546875 2070
2071 287.4483642578125 2071
2072 287.4495849609375 2072
2073 287.4508666992188 2073
2074 287.4521484375 2074
2075 287.4533996582031 2075
2076 287.4546813964844 2076
2077 287.4560546875 2077
2078 287.4573669433594 2078
2079 287.4587097167969 2079
2080 287.4601135253906 2080
2081 287.4614868164062 2081
2082 287.4628601074219 2082
2083 287.4642639160156 2083
2084 287.4656677246094 2084
2085 287.4671325683594 2085
2086 287.4685668945312 2086
2087 287.4700317382812 2087
2088 287.471435546875 2088
2089 287.4729309082031 2089
2090 287.4744262695312 2090
2091 287.4759216308594 2091
2092 287.4774169921875 2092
2093 287.4789428710938 2093
2094 287.4804992675781 2094
2095 287.4819946289062 2095
2096 287.4835205078125 2096
2097 287.4850769042969 2097
2098 287.4866333007812 2098
2099 287.4881896972656 2099
2100 287.48974609375 2100
2101 287.4912719726562 2101
2102 287.4928588867188 2102
2103 287.4944152832031 2103
2104 287.4960021972656 2104
2105 287.4975891113281 2105
2106 287.4991455078125 2106
2107 287.500732421875 2107
2108 287.5023193359375 2108
2109 287.5038757324219 2109
2110 287.5054931640625 2110
2111 287.5070495605469 2111
2112 287.5086364746094 2112
2113 287.5101928710938 2113
2114 287.5117797851562 2114
2115 287.5133666992188 2115
2116 287.5149230957031 2116
2117 287.5165100097656 2117
2118 287.51806640625 2118
2119 287.5196228027344 2119
2120 287.5211791992188 2120
2121 287.5227661132812 2121
2122 287.5242614746094 2122
2123 287.5258178710938 2123
2124 287.52734375 2124
2125 287.5288696289062 2125
2126 287.5303649902344 2126
2127 287.5319213867188 2127
2128 287.5334167480469 2128
2129 287.5348510742188 2129
2130 287.536376953125 2130
2131 287.537841796875 2131
2132 287.539306640625 2132
2133 287.5407409667969 2133
2134 287.5421752929688 2134
2135 287.5436401367188 2135
2136 287.5450439453125 2136
2137 287.5464477539062 2137
2138 287.5478515625 2138
2139 287.5492553710938 2139
2140 287.5505981445312 2140
2141 287.5519409179688 2141
2142 287.5532836914062 2142
2143 287.5545959472656 2143
2144 287.555908203125 2144
2145 287.5572509765625 2145
2146 287.5584716796875 2146
2147 287.5597229003906 2147
2148 287.5609741210938 2148
2149 287.5622253417969 2149
2150 287.5634155273438 2150
2151 287.5645751953125 2151
2152 287.5657958984375 2152
2153 287.5669250488281 2153
2154 287.5680541992188 2154
2155 287.5691833496094 2155
2156 287.5702514648438 2156
2157 287.5713195800781 2157
2158 287.5723876953125 2158
2159 287.5734252929688 2159
2160 287.5744323730469 2160
2161 287.575439453125 2161
2162 287.5763854980469 2162
2163 287.5773315429688 2163
2164 287.5782775878906 2164
2165 287.5791625976562 2165
2166 287.5800476074219 2166
2167 287.5809020996094 2167
2168 287.5816955566406 2168
2169 287.58251953125 2169
2170 287.5833129882812 2170
2171 287.5840454101562 2171
2172 287.5847778320312 2172
2173 287.5854797363281 2173
2174 287.586181640625 2174
2175 287.5867919921875 2175
2176 287.5874328613281 2176
2177 287.5880432128906 2177
2178 287.5885925292969 2178
2179 287.5891418457031 2179
2180 287.5896301269531 2180
2181 287.5901489257812 2181
2182 287.5906066894531 2182
2183 287.5910034179688 2183
2184 287.5914001464844 2184
2185 287.5917663574219 2185
2186 287.5921020507812 2186
2187 287.5924072265625 2187
2188 287.5927124023438 2188
2189 287.5929565429688 2189
2190 287.5932006835938 2190
2191 287.5933532714844 2191
2192 287.593505859375 2192
2193 287.5936584472656 2193
2194 287.59375 2194
2195 287.5938110351562 2195
2196 287.5938415527344 2196
2197 287.5938415527344 2197
2198 287.5938110351562 2198
2199 287.59375 2199
2200 287.5936584472656 2200
2201 287.5935363769531 2201
2202 287.5933532714844 2202
2203 287.5931701660156 2203
2204 287.5929565429688 2204
2205 287.5927124023438 2205
2206 287.5924072265625 2206
2207 287.5921020507812 2207
2208 287.5917663574219 2208
2209 287.5913696289062 2209
2210 287.5909729003906 2210
2211 287.5905456542969 2211
2212 287.590087890625 2212
2213 287.5895690917969 2213
2214 287.5890808105469 2214
2215 287.5885009765625 2215
2216 287.5879516601562 2216
2217 287.5873107910156 2217
2218 287.5867004394531 2218
2219 287.5860290527344 2219
2220 287.5853576660156 2220
2221 287.5846557617188 2221
2222 287.5839233398438 2222
2223 287.5831298828125 2223
2224 287.5823974609375 2224
2225 287.5815734863281 2225
2226 287.5807495117188 2226
2227 287.5799255371094 2227
2228 287.5790710449219 2228
2229 287.5781555175781 2229
2230 287.5772705078125 2230
2231 287.5763549804688 2231
2232 287.575439453125 2232
2233 287.5744934082031 2233
2234 287.5735473632812 2234
2235 287.5725708007812 2235
2236 287.5715942382812 2236
2237 287.5705871582031 2237
2238 287.569580078125 2238
2239 287.568603515625 2239
2240 287.5675964355469 2240
2241 287.5665893554688 2241
2242 287.5655212402344 2242
2243 287.5645141601562 2243
2244 287.5634765625 2244
2245 287.5624389648438 2245
2246 287.5614318847656 2246
2247 287.5603942871094 2247
2248 287.559326171875 2248
2249 287.5583190917969 2249
2250 287.5572814941406 2250
2251 287.5562744140625 2251
2252 287.5552673339844 2252
2253 287.5542297363281 2253
2254 287.5532531738281 2254
2255 287.55224609375 2255
2256 287.5513000488281 2256
2257 287.5503234863281 2257
2258 287.5493774414062 2258
2259 287.5484008789062 2259
2260 287.5474548339844 2260
2261 287.5465393066406 2261
2262 287.5456848144531 2262
2263 287.5447692871094 2263
2264 287.5439147949219 2264
2265 287.5430297851562 2265
2266 287.5422058105469 2266
2267 287.5414123535156 2267
2268 287.5405883789062 2268
2269 287.5398559570312 2269
2270 287.5391235351562 2270
2271 287.538330078125 2271
2272 287.5376281738281 2272
2273 287.5369567871094 2273
2274 287.5362854003906 2274
2275 287.5356750488281 2275
2276 287.5350341796875 2276
2277 287.5344543457031 2277
2278 287.5339050292969 2278
2279 287.5333557128906 2279
2280 287.5328674316406 2280
2281 287.5323486328125 2281
2282 287.5319213867188 2282
2283 287.531494140625 2283
2284 287.5310974121094 2284
2285 287.5307006835938 2285
2286 287.5303649902344 2286
2287 287.5300598144531 2287
2288 287.52978515625 2288
2289 287.5295104980469 2289
2290 287.529296875 2290
2291 287.5290832519531 2291
2292 287.5289001464844 2292
2293 287.5287780761719 2293
2294 287.5286560058594 2294
2295 287.5285949707031 2295
2296 287.5285339355469 2296
2297 287.5285339355469 2297
2298 287.5285339355469 2298
2299 287.5285949707031 2299
2300 287.5286865234375 2300
2301 287.5287780761719 2301
2302 287.5289001464844 2302
2303 287.529052734375 2303
2304 287.5292663574219 2304
2305 287.5294799804688 2305
2306 287.5297241210938 2306
2307 287.5299987792969 2307
2308 287.5303344726562 2308
2309 287.5306701660156 2309
2310 287.5310363769531 2310
2311 287.5314331054688 2311
2312 287.5318603515625 2312
2313 287.5323486328125 2313
2314 287.5328369140625 2314
2315 287.5333251953125 2315
2316 287.5338745117188 2316
2317 287.5344543457031 2317
2318 287.5350341796875 2318
2319 287.53564453125 2319
2320 287.5363464355469 2320
2321 287.5369567871094 2321
2322 287.5377197265625 2322
2323 287.5384216308594 2323
2324 287.5391845703125 2324
2325 287.5399475097656 2325
2326 287.540771484375 2326
2327 287.5415954589844 2327
2328 287.5424194335938 2328
2329 287.5433349609375 2329
2330 287.544189453125 2330
2331 287.5451354980469 2331
2332 287.5460815429688 2332
2333 287.5470581054688 2333
2334 287.5480346679688 2334
2335 287.5490417480469 2335
2336 287.5500793457031 2336
2337 287.5511169433594 2337
2338 287.5521850585938 2338
2339 287.5532836914062 2339
2340 287.5544128417969 2340
2341 287.5555114746094 2341
2342 287.5566711425781 2342
2343 287.5578308105469 2343
2344 287.5589904785156 2344
2345 287.5602416992188 2345
2346 287.5614318847656 2346
2347 287.5626831054688 2347
2348 287.5638732910156 2348
2349 287.565185546875 2349
2350 287.5664367675781 2350
2351 287.5677490234375 2351
2352 287.5690307617188 2352
2353 287.5703430175781 2353
2354 287.5716857910156 2354
2355 287.5730285644531 2355
2356 287.5743713378906 2356
2357 287.5757446289062 2357
2358 287.5770874023438 2358
2359 287.5784912109375 2359
2360 287.5798950195312 2360
2361 287.581298828125 2361
2362 287.5827026367188 2362
2363 287.5841064453125 2363
2364 287.5855102539062 2364
2365 287.5869750976562 2365
2366 287.5884094238281 2366
2367 287.5898742675781 2367
2368 287.59130859375 2368
2369 287.5927734375 2369
2370 287.59423828125 2370
2371 287.5956726074219 2371
2372 287.5971374511719 2372
2373 287.5986328125 2373
2374 287.60009765625 2374
2375 287.6015930175781 2375
2376 287.6030578613281 2376
2377 287.6045227050781 2377
2378 287.6059875488281 2378
2379 287.6075134277344 2379
2380 287.6089477539062 2380
2381 287.6104431152344 2381
2382 287.6119384765625 2382
2383 287.6134033203125 2383
2384 287.6148986816406 2384
2385 287.6163635253906 2385
2386 287.6178283691406 2386
2387 287.6192932128906 2387
2388 287.6207275390625 2388
2389 287.6221923828125 2389
2390 287.6236572265625 2390
2391 287.6251220703125 2391
2392 287.6265258789062 2392
2393 287.6279296875 2393
2394 287.6294250488281 2394
2395 287.6308288574219 2395
2396 287.6322326660156 2396
2397 287.6336364746094 2397
2398 287.635009765625 2398
2399 287.6364135742188 2399
2400 287.6378173828125 2400
2401 287.6391906738281 2401
2402 287.6405029296875 2402
2403 287.6418762207031 2403
2404 287.6431579589844 2404
2405 287.6444702148438 2405
2406 287.6458129882812 2406
2407 287.6470947265625 2407
2408 287.6484069824219 2408
2409 287.6496276855469 2409
2410 287.6509399414062 2410
2411 287.6521911621094 2411
2412 287.6533813476562 2412
2413 287.6546020507812 2413
2414 287.6557922363281 2414
2415 287.6570129394531 2415
2416 287.6581420898438 2416
2417 287.6593017578125 2417
2418 287.660400390625 2418
2419 287.6615600585938 2419
2420 287.6626281738281 2420
2421 287.6636962890625 2421
2422 287.664794921875 2422
2423 287.6658020019531 2423
2424 287.6668395996094 2424
2425 287.6678466796875 2425
2426 287.6687927246094 2426
2427 287.6697692871094 2427
2428 287.6706848144531 2428
2429 287.671630859375 2429
2430 287.6725158691406 2430
2431 287.6734008789062 2431
2432 287.6742248535156 2432
2433 287.675048828125 2433
2434 287.6759033203125 2434
2435 287.6766662597656 2435
2436 287.6773986816406 2436
2437 287.6781311035156 2437
2438 287.6788635253906 2438
2439 287.6795349121094 2439
2440 287.6802062988281 2440
2441 287.6808776855469 2441
2442 287.6814575195312 2442
2443 287.6820068359375 2443
2444 287.6825866699219 2444
2445 287.68310546875 2445
2446 287.6836242675781 2446
2447 287.68408203125 2447
2448 287.6845703125 2448
2449 287.6849975585938 2449
2450 287.6853942871094 2450
2451 287.6857299804688 2451
2452 287.6860656738281 2452
2453 287.6863708496094 2453
2454 287.6866760253906 2454
2455 287.6869201660156 2455
2456 287.6871337890625 2456
2457 287.6873168945312 2457
2458 287.6874694824219 2458
2459 287.6875915527344 2459
2460 287.6876831054688 2460
2461 287.6877746582031 2461
2462 287.6878051757812 2462
2463 287.6878051757812 2463
2464 287.6877746582031 2464
2465 287.687744140625 2465
2466 287.6876525878906 2466
2467 287.6875 2467
2468 287.6873779296875 2468
2469 287.6871643066406 2469
2470 287.6869812011719 2470
2471 287.6867370605469 2471
2472 287.6864318847656 2472
2473 287.6861267089844 2473
2474 287.685791015625 2474
2475 287.6854248046875 2475
2476 287.6850280761719 2476
2477 287.6845703125 2477
2478 287.6841430664062 2478
2479 287.6836547851562 2479
2480 287.6831359863281 2480
2481 287.6825256347656 2481
2482 287.6819763183594 2482
2483 287.6813659667969 2483
2484 287.6807250976562 2484
2485 287.6800537109375 2485
2486 287.6793518066406 2486
2487 287.6786193847656 2487
2488 287.6778869628906 2488
2489 287.6771240234375 2489
2490 287.6763305664062 2490
2491 287.6755065917969 2491
2492 287.6746520996094 2492
2493 287.673828125 2493
2494 287.6729125976562 2494
2495 287.6720275878906 2495
2496 287.6710815429688 2496
2497 287.6701354980469 2497
2498 287.669189453125 2498
2499 287.6681823730469 2499
2500 287.6671752929688 2500
