"point-b-rfile"
"Time Step" "point-b etc.."
("Time Step" "point-b" "flow-time")
0 283 0
1 283 1
2 283 2
3 283 3
4 283 4
5 283 5
6 283 6
7 283 7
8 283 8
9 283 9
10 283 10
11 283 11
12 283 12
13 283 13
14 283 14
15 283 15
16 283 16
17 283 17
18 283 18
19 283 19
20 283 20
21 283 21
22 283 22
23 283 23
24 283 24
25 283 25
26 283 26
27 283 27
28 283 28
29 283 29
30 283 30
31 283 31
32 283 32
33 283 33
34 283 34
35 283 35
36 283 36
37 283 37
38 283 38
39 283 39
40 283 40
41 283 41
42 283 42
43 283 43
44 283 44
45 283.0000610351562 45
46 283.0000610351562 46
47 283.0000610351562 47
48 283.0000610351562 48
49 283.0000610351562 49
50 283.0000915527344 50
51 283.0000915527344 51
52 283.0001220703125 52
53 283.0001220703125 53
54 283.0001525878906 54
55 283.0001831054688 55
56 283.0002136230469 56
57 283.000244140625 57
58 283.0003051757812 58
59 283.0003356933594 59
60 283.0003967285156 60
61 283.0004577636719 61
62 283.0005187988281 62
63 283.0006103515625 63
64 283.0006713867188 64
65 283.0007629394531 65
66 283.0008544921875 66
67 283.0009765625 67
68 283.0010986328125 68
69 283.001220703125 69
70 283.0013427734375 70
71 283.0014953613281 71
72 283.0016479492188 72
73 283.0018310546875 73
74 283.0020446777344 74
75 283.0022583007812 75
76 283.0024719238281 76
77 283.0027160644531 77
78 283.0029907226562 78
79 283.0032653808594 79
80 283.0035705566406 80
81 283.00390625 81
82 283.0042724609375 82
83 283.004638671875 83
84 283.0050354003906 84
85 283.0054321289062 85
86 283.0059204101562 86
87 283.0063781738281 87
88 283.0068969726562 88
89 283.0074462890625 89
90 283.0079956054688 90
91 283.0085754394531 91
92 283.0092163085938 92
93 283.0098876953125 93
94 283.0105590820312 94
95 283.0112915039062 95
96 283.0120849609375 96
97 283.0128784179688 97
98 283.0137329101562 98
99 283.0145874023438 99
100 283.0155029296875 100
101 283.0164794921875 101
102 283.0174865722656 102
103 283.0184936523438 103
104 283.0196228027344 104
105 283.020751953125 105
106 283.0219116210938 106
107 283.0231323242188 107
108 283.0244140625 108
109 283.0257263183594 109
110 283.027099609375 110
111 283.0285034179688 111
112 283.0299377441406 112
113 283.0314636230469 113
114 283.0329895019531 114
115 283.0346069335938 115
116 283.0362548828125 116
117 283.0379943847656 117
118 283.0397338867188 118
119 283.0415649414062 119
120 283.0433959960938 120
121 283.0453186035156 121
122 283.0473022460938 122
123 283.04931640625 123
124 283.0514221191406 124
125 283.0535278320312 125
126 283.0557250976562 126
127 283.0579528808594 127
128 283.0602722167969 128
129 283.0626220703125 129
130 283.0650024414062 130
131 283.0675048828125 131
132 283.0700073242188 132
133 283.0725708007812 133
134 283.0751953125 134
135 283.077880859375 135
136 283.0806274414062 136
137 283.0834350585938 137
138 283.0863037109375 138
139 283.0892028808594 139
140 283.0921630859375 140
141 283.0951843261719 141
142 283.0982666015625 142
143 283.1013793945312 143
144 283.1046142578125 144
145 283.1078186035156 145
146 283.1111145019531 146
147 283.1144714355469 147
148 283.1178588867188 148
149 283.121337890625 149
150 283.1248474121094 150
151 283.12841796875 151
152 283.1320190429688 152
153 283.1356811523438 153
154 283.1394348144531 154
155 283.1432189941406 155
156 283.1470336914062 156
157 283.1509399414062 157
158 283.1548461914062 158
159 283.1588745117188 159
160 283.1628723144531 160
161 283.1669616699219 161
162 283.1710815429688 162
163 283.17529296875 163
164 283.1795043945312 164
165 283.1838073730469 165
166 283.1881408691406 166
167 283.1925048828125 167
168 283.1968994140625 168
169 283.2013854980469 169
170 283.2059020996094 170
171 283.21044921875 171
172 283.215087890625 172
173 283.2197265625 173
174 283.2244262695312 174
175 283.2291564941406 175
176 283.2339477539062 176
177 283.23876953125 177
178 283.2436218261719 178
179 283.24853515625 179
180 283.2534790039062 180
181 283.2584228515625 181
182 283.2634582519531 182
183 283.2685241699219 183
184 283.2736206054688 184
185 283.2787475585938 185
186 283.283935546875 186
187 283.2891540527344 187
188 283.2943725585938 188
189 283.2996826171875 189
190 283.3049926757812 190
191 283.310302734375 191
192 283.3157043457031 192
193 283.3211059570312 193
194 283.3265380859375 194
195 283.33203125 195
196 283.3375244140625 196
197 283.3430786132812 197
198 283.3486328125 198
199 283.354248046875 199
200 283.35986328125 200
201 283.3655090332031 201
202 283.3711547851562 202
203 283.3768920898438 203
204 283.3825988769531 204
205 283.3883666992188 205
206 283.3941345214844 206
207 283.3999328613281 207
208 283.40576171875 208
209 283.4115905761719 209
210 283.4174499511719 210
211 283.42333984375 211
212 283.4292297363281 212
213 283.4351501464844 213
214 283.4411010742188 214
215 283.4470520019531 215
216 283.4530334472656 216
217 283.4590454101562 217
218 283.4650268554688 218
219 283.4710693359375 219
220 283.4771118164062 220
221 283.483154296875 221
222 283.4891967773438 222
223 283.4953002929688 223
224 283.5014038085938 224
225 283.5075073242188 225
226 283.5136108398438 226
227 283.5197143554688 227
228 283.52587890625 228
229 283.531982421875 229
230 283.5381469726562 230
231 283.5443115234375 231
232 283.5504760742188 232
233 283.556640625 233
234 283.5628356933594 234
235 283.5690307617188 235
236 283.5752258300781 236
237 283.5814208984375 237
238 283.5875854492188 238
239 283.5938110351562 239
240 283.6000061035156 240
241 283.606201171875 241
242 283.6123962402344 242
243 283.6186218261719 243
244 283.6248168945312 244
245 283.6310424804688 245
246 283.6372375488281 246
247 283.6434326171875 247
248 283.649658203125 248
249 283.6558227539062 249
250 283.6620483398438 250
251 283.668212890625 251
252 283.6744384765625 252
253 283.6806030273438 253
254 283.686767578125 254
255 283.6929321289062 255
256 283.6990966796875 256
257 283.7052612304688 257
258 283.71142578125 258
259 283.7175598144531 259
260 283.7236938476562 260
261 283.7297973632812 261
262 283.7359313964844 262
263 283.7420043945312 263
264 283.7481079101562 264
265 283.7542114257812 265
266 283.76025390625 266
267 283.7663269042969 267
268 283.7723693847656 268
269 283.7784118652344 269
270 283.784423828125 270
271 283.7904052734375 271
272 283.79638671875 272
273 283.8023681640625 273
274 283.808349609375 274
275 283.8142700195312 275
276 283.8201904296875 276
277 283.8261108398438 277
278 283.8320007324219 278
279 283.8378601074219 279
280 283.84375 280
281 283.8495483398438 281
282 283.8553771972656 282
283 283.8611450195312 283
284 283.866943359375 284
285 283.8727111816406 285
286 283.87841796875 286
287 283.8841552734375 287
288 283.8898315429688 288
289 283.8955078125 289
290 283.9011535644531 290
291 283.90673828125 291
292 283.912353515625 292
293 283.9179077148438 293
294 283.9234924316406 294
295 283.9290161132812 295
296 283.9345092773438 296
297 283.9399719238281 297
298 283.9454345703125 298
299 283.9508666992188 299
300 283.9562377929688 300
301 283.9616394042969 301
302 283.9669494628906 302
303 283.9722900390625 303
304 283.9775390625 304
305 283.9828186035156 305
306 283.988037109375 306
307 283.9932250976562 307
308 283.9984130859375 308
309 284.0035400390625 309
310 284.0086669921875 310
311 284.0137329101562 311
312 284.018798828125 312
313 284.0238037109375 313
314 284.02880859375 314
315 284.0337524414062 315
316 284.0386962890625 316
317 284.0435791015625 317
318 284.0484619140625 318
319 284.0532836914062 319
320 284.05810546875 320
321 284.0628662109375 321
322 284.067626953125 322
323 284.0723266601562 323
324 284.0770263671875 324
325 284.0816650390625 325
326 284.0863037109375 326
327 284.0908813476562 327
328 284.095458984375 328
329 284.0999755859375 329
330 284.1044616699219 330
331 284.1089477539062 331
332 284.1133728027344 332
333 284.1177978515625 333
334 284.1221923828125 334
335 284.1265563964844 335
336 284.1309204101562 336
337 284.1351928710938 337
338 284.1394653320312 338
339 284.1437377929688 339
340 284.1479797363281 340
341 284.1521606445312 341
342 284.1563415527344 342
343 284.1605224609375 343
344 284.1646728515625 344
345 284.1687622070312 345
346 284.1728515625 346
347 284.1769714355469 347
348 284.1810302734375 348
349 284.1850891113281 349
350 284.1890869140625 350
351 284.193115234375 351
352 284.1970825195312 352
353 284.2010803222656 353
354 284.205078125 354
355 284.2090454101562 355
356 284.2129821777344 356
357 284.2169189453125 357
358 284.2208557128906 358
359 284.2247619628906 359
360 284.2286987304688 360
361 284.2326049804688 361
362 284.2365112304688 362
363 284.2404174804688 363
364 284.2443237304688 364
365 284.2482299804688 365
366 284.2521362304688 366
367 284.2560424804688 367
368 284.2599487304688 368
369 284.2638244628906 369
370 284.2677307128906 370
371 284.2716674804688 371
372 284.2755737304688 372
373 284.2794799804688 373
374 284.283447265625 374
375 284.287353515625 375
376 284.2913208007812 376
377 284.2952880859375 377
378 284.2992248535156 378
379 284.3031921386719 379
380 284.3071899414062 380
381 284.3111877441406 381
382 284.3152160644531 382
383 284.3192138671875 383
384 284.3232727050781 384
385 284.3273315429688 385
386 284.3313903808594 386
387 284.3355102539062 387
388 284.339599609375 388
389 284.3436889648438 389
390 284.3478393554688 390
391 284.3520202636719 391
392 284.356201171875 392
393 284.3604125976562 393
394 284.3646240234375 394
395 284.3688354492188 395
396 284.3731079101562 396
397 284.3773803710938 397
398 284.3817138671875 398
399 284.3860168457031 399
400 284.3903503417969 400
401 284.3947448730469 401
402 284.3991394042969 402
403 284.403564453125 403
404 284.4079895019531 404
405 284.4124450683594 405
406 284.4169311523438 406
407 284.4214477539062 407
408 284.4259643554688 408
409 284.4305419921875 409
410 284.4351196289062 410
411 284.4397583007812 411
412 284.4443664550781 412
413 284.4490356445312 413
414 284.4536743164062 414
415 284.4584045410156 415
416 284.463134765625 416
417 284.4678955078125 417
418 284.47265625 418
419 284.4774780273438 419
420 284.4822998046875 420
421 284.4871520996094 421
422 284.4920043945312 422
423 284.4968872070312 423
424 284.5018310546875 424
425 284.5067749023438 425
426 284.51171875 426
427 284.5167236328125 427
428 284.5217590332031 428
429 284.5267944335938 429
430 284.5318603515625 430
431 284.5369262695312 431
432 284.5420227050781 432
433 284.5471496582031 433
434 284.5523071289062 434
435 284.5574645996094 435
436 284.5626831054688 436
437 284.56787109375 437
438 284.5730895996094 438
439 284.5783386230469 439
440 284.5836181640625 440
441 284.5888977050781 441
442 284.5942077636719 442
443 284.5995483398438 443
444 284.6048583984375 444
445 284.6102294921875 445
446 284.6156005859375 446
447 284.6210327148438 447
448 284.6264038085938 448
449 284.6318359375 449
450 284.6372985839844 450
451 284.6427612304688 451
452 284.6482543945312 452
453 284.6537170410156 453
454 284.6592102050781 454
455 284.6647338867188 455
456 284.6702880859375 456
457 284.6758117675781 457
458 284.6813659667969 458
459 284.6869201660156 459
460 284.6925048828125 460
461 284.6981201171875 461
462 284.7037048339844 462
463 284.7093200683594 463
464 284.7149658203125 464
465 284.7205810546875 465
466 284.7261962890625 466
467 284.7318725585938 467
468 284.7375183105469 468
469 284.7431640625 469
470 284.7488403320312 470
471 284.7545166015625 471
472 284.7601928710938 472
473 284.765869140625 473
474 284.7715454101562 474
475 284.7772521972656 475
476 284.782958984375 476
477 284.7886657714844 477
478 284.7943420410156 478
479 284.8000793457031 479
480 284.8057861328125 480
481 284.8114929199219 481
482 284.8171997070312 482
483 284.8229064941406 483
484 284.82861328125 484
485 284.8343200683594 485
486 284.8400268554688 486
487 284.8457641601562 487
488 284.8514709472656 488
489 284.857177734375 489
490 284.8628540039062 490
491 284.8685607910156 491
492 284.874267578125 492
493 284.8799438476562 493
494 284.8856201171875 494
495 284.8912963867188 495
496 284.89697265625 496
497 284.9026489257812 497
498 284.9082946777344 498
499 284.9139404296875 499
500 284.9195861816406 500
501 284.9252319335938 501
502 284.9308471679688 502
503 284.9364624023438 503
504 284.9420776367188 504
505 284.9476928710938 505
506 284.9532470703125 506
507 284.9588317871094 507
508 284.9644165039062 508
509 284.969970703125 509
510 284.9754638671875 510
511 284.9810180664062 511
512 284.9865417480469 512
513 284.9920349121094 513
514 284.9975280761719 514
515 285.0029907226562 515
516 285.0084533691406 516
517 285.0138854980469 517
518 285.019287109375 518
519 285.0247192382812 519
520 285.0301208496094 520
521 285.0354919433594 521
522 285.0408325195312 522
523 285.0461730957031 523
524 285.0514831542969 524
525 285.0567932128906 525
526 285.0620727539062 526
527 285.0673522949219 527
528 285.0725708007812 528
529 285.0777893066406 529
530 285.0830078125 530
531 285.0881958007812 531
532 285.0933227539062 532
533 285.0984497070312 533
534 285.1035766601562 534
535 285.108642578125 535
536 285.1137084960938 536
537 285.1187744140625 537
538 285.123779296875 538
539 285.1287841796875 539
540 285.1337280273438 540
541 285.138671875 541
542 285.1435852050781 542
543 285.1484680175781 543
544 285.1533813476562 544
545 285.158203125 545
546 285.1629943847656 546
547 285.1677856445312 547
548 285.1725463867188 548
549 285.17724609375 549
550 285.1819458007812 550
551 285.1866455078125 551
552 285.1912841796875 552
553 285.1958618164062 553
554 285.2004699707031 554
555 285.2050170898438 555
556 285.2095031738281 556
557 285.2139892578125 557
558 285.2184753417969 558
559 285.222900390625 559
560 285.227294921875 560
561 285.2316589355469 561
562 285.2359924316406 562
563 285.2402954101562 563
564 285.2445678710938 564
565 285.248779296875 565
566 285.2529907226562 566
567 285.2571716308594 567
568 285.2612915039062 568
569 285.265380859375 569
570 285.2694702148438 570
571 285.2734375 571
572 285.2774658203125 572
573 285.2814331054688 573
574 285.2853393554688 574
575 285.2892150878906 575
576 285.2930908203125 576
577 285.2969055175781 577
578 285.3006591796875 578
579 285.3044128417969 579
580 285.30810546875 580
581 285.311767578125 581
582 285.3153991699219 582
583 285.3190002441406 583
584 285.3225402832031 584
585 285.3260498046875 585
586 285.3295593261719 586
587 285.3330078125 587
588 285.3363952636719 588
589 285.3397827148438 589
590 285.3431091308594 590
591 285.3464050292969 591
592 285.3496704101562 592
593 285.3528747558594 593
594 285.3560791015625 594
595 285.3592224121094 595
596 285.3623352050781 596
597 285.3654174804688 597
598 285.3684692382812 598
599 285.3714599609375 599
600 285.3744506835938 600
601 285.3773803710938 601
602 285.3802795410156 602
603 285.3831787109375 603
604 285.385986328125 604
605 285.3888244628906 605
606 285.3916015625 606
607 285.3943481445312 607
608 285.3970642089844 608
609 285.3997802734375 609
610 285.4024353027344 610
611 285.4050598144531 611
612 285.4076538085938 612
613 285.4102478027344 613
614 285.412841796875 614
615 285.4153442382812 615
616 285.4178771972656 616
617 285.4203491210938 617
618 285.4228515625 618
619 285.42529296875 619
620 285.4277038574219 620
621 285.4301147460938 621
622 285.4324951171875 622
623 285.4349060058594 623
624 285.437255859375 624
625 285.4396362304688 625
626 285.4419555664062 626
627 285.4442749023438 627
628 285.4465942382812 628
629 285.4489135742188 629
630 285.4512023925781 630
631 285.4534912109375 631
632 285.4557800292969 632
633 285.4580688476562 633
634 285.4603271484375 634
635 285.4626159667969 635
636 285.4648742675781 636
637 285.4671630859375 637
638 285.4694213867188 638
639 285.4716796875 639
640 285.4739685058594 640
641 285.4762573242188 641
642 285.478515625 642
643 285.4808044433594 643
644 285.4830932617188 644
645 285.4854125976562 645
646 285.4877014160156 646
647 285.4900207519531 647
648 285.4923400878906 648
649 285.4946594238281 649
650 285.4970092773438 650
651 285.4993591308594 651
652 285.5017395019531 652
653 285.5041198730469 653
654 285.5065307617188 654
655 285.5089416503906 655
656 285.5113525390625 656
657 285.5137939453125 657
658 285.5162353515625 658
659 285.5187377929688 659
660 285.5212097167969 660
661 285.5237121582031 661
662 285.5262451171875 662
663 285.52880859375 663
664 285.5313720703125 664
665 285.5339660644531 665
666 285.5365600585938 666
667 285.5391845703125 667
668 285.5418395996094 668
669 285.5444946289062 669
670 285.5472106933594 670
671 285.5499267578125 671
672 285.5526733398438 672
673 285.555419921875 673
674 285.5582275390625 674
675 285.56103515625 675
676 285.5638427734375 676
677 285.5667114257812 677
678 285.5696105957031 678
679 285.572509765625 679
680 285.575439453125 680
681 285.5783996582031 681
682 285.5813598632812 682
683 285.5843505859375 683
684 285.58740234375 684
685 285.5904541015625 685
686 285.593505859375 686
687 285.5966186523438 687
688 285.5997314453125 688
689 285.6028747558594 689
690 285.6060791015625 690
691 285.6092529296875 691
692 285.6124877929688 692
693 285.61572265625 693
694 285.6190185546875 694
695 285.6222839355469 695
696 285.6256103515625 696
697 285.6289367675781 697
698 285.6322937011719 698
699 285.6356811523438 699
700 285.6390991210938 700
701 285.6425170898438 701
702 285.6459655761719 702
703 285.6494445800781 703
704 285.6529541015625 704
705 285.6564331054688 705
706 285.6600036621094 706
707 285.6635437011719 707
708 285.6671142578125 708
709 285.6707153320312 709
710 285.6743469238281 710
711 285.677978515625 711
712 285.681640625 712
713 285.685302734375 713
714 285.6890258789062 714
715 285.6927490234375 715
716 285.6964721679688 716
717 285.7001953125 717
718 285.7039794921875 718
719 285.707763671875 719
720 285.7115478515625 720
721 285.7153930664062 721
722 285.7192077636719 722
723 285.7230224609375 723
724 285.7268981933594 724
725 285.7307739257812 725
726 285.7346801757812 726
727 285.7385559082031 727
728 285.7424926757812 728
729 285.7463989257812 729
730 285.7503356933594 730
731 285.7542724609375 731
732 285.7582397460938 732
733 285.76220703125 733
734 285.7662048339844 734
735 285.7702026367188 735
736 285.7742004394531 736
737 285.7781982421875 737
738 285.7822265625 738
739 285.7862243652344 739
740 285.790283203125 740
741 285.7943115234375 741
742 285.79833984375 742
743 285.8024291992188 743
744 285.8064575195312 744
745 285.810546875 745
746 285.8146057128906 746
747 285.8186645507812 747
748 285.82275390625 748
749 285.8268432617188 749
750 285.8309326171875 750
751 285.8349914550781 751
752 285.8390808105469 752
753 285.8431396484375 753
754 285.8472290039062 754
755 285.851318359375 755
756 285.8554077148438 756
757 285.8594970703125 757
758 285.8635864257812 758
759 285.86767578125 759
760 285.8717651367188 760
761 285.8757934570312 761
762 285.8798828125 762
763 285.8839721679688 763
764 285.8880004882812 764
765 285.89208984375 765
766 285.8961486816406 766
767 285.9002075195312 767
768 285.9042358398438 768
769 285.9082641601562 769
770 285.9122924804688 770
771 285.9163208007812 771
772 285.9203491210938 772
773 285.9243469238281 773
774 285.9283447265625 774
775 285.9323425292969 775
776 285.9363403320312 776
777 285.9402770996094 777
778 285.9442138671875 778
779 285.9481811523438 779
780 285.9521179199219 780
781 285.9560546875 781
782 285.9599609375 782
783 285.9638671875 783
784 285.9677429199219 784
785 285.9716186523438 785
786 285.9754638671875 786
787 285.9793090820312 787
788 285.983154296875 788
789 285.9869689941406 789
790 285.9907531738281 790
791 285.9945678710938 791
792 285.998291015625 792
793 286.0020751953125 793
794 286.0057678222656 794
795 286.0094909667969 795
796 286.01318359375 796
797 286.016845703125 797
798 286.0205078125 798
799 286.024169921875 799
800 286.0277709960938 800
801 286.0313720703125 801
802 286.0349731445312 802
803 286.0385131835938 803
804 286.0420227050781 804
805 286.0455322265625 805
806 286.0490417480469 806
807 286.052490234375 807
808 286.0559387207031 808
809 286.0593566894531 809
810 286.062744140625 810
811 286.0661315917969 811
812 286.0694885253906 812
813 286.0728149414062 813
814 286.0761108398438 814
815 286.0793762207031 815
816 286.0826110839844 816
817 286.0858459472656 817
818 286.0890502929688 818
819 286.0922241210938 819
820 286.0953369140625 820
821 286.0984497070312 821
822 286.1015319824219 822
823 286.1046142578125 823
824 286.1076354980469 824
825 286.1106262207031 825
826 286.1136169433594 826
827 286.1165466308594 827
828 286.1194763183594 828
829 286.122314453125 829
830 286.1251831054688 830
831 286.1279907226562 831
832 286.1307983398438 832
833 286.133544921875 833
834 286.1362915039062 834
835 286.1389770507812 835
836 286.1416625976562 836
837 286.144287109375 837
838 286.1468505859375 838
839 286.1494445800781 839
840 286.1519775390625 840
841 286.1544799804688 841
842 286.1569213867188 842
843 286.1593627929688 843
844 286.1617431640625 844
845 286.1641235351562 845
846 286.1664733886719 846
847 286.1687316894531 847
848 286.1709899902344 848
849 286.1732177734375 849
850 286.1754150390625 850
851 286.1775817871094 851
852 286.1796875 852
853 286.1817626953125 853
854 286.1838073730469 854
855 286.1858215332031 855
856 286.1878051757812 856
857 286.1897583007812 857
858 286.191650390625 858
859 286.1935119628906 859
860 286.1953735351562 860
861 286.1971435546875 861
862 286.1989440917969 862
863 286.20068359375 863
864 286.2023620605469 864
865 286.2040100097656 865
866 286.2056274414062 866
867 286.207275390625 867
868 286.2088317871094 868
869 286.2103576660156 869
870 286.2118530273438 870
871 286.2133178710938 871
872 286.2147216796875 872
873 286.2161865234375 873
874 286.217529296875 874
875 286.2188720703125 875
876 286.22021484375 876
877 286.2214965820312 877
878 286.2227783203125 878
879 286.2239990234375 879
880 286.2252197265625 880
881 286.2264099121094 881
882 286.2275695800781 882
883 286.2286987304688 883
884 286.2298278808594 884
885 286.2309265136719 885
886 286.2319946289062 886
887 286.2330932617188 887
888 286.234130859375 888
889 286.2351379394531 889
890 286.2361450195312 890
891 286.2371520996094 891
892 286.2381591796875 892
893 286.2391052246094 893
894 286.2400817871094 894
895 286.2410278320312 895
896 286.241943359375 896
897 286.2428894042969 897
898 286.2438049316406 898
899 286.2447204589844 899
900 286.24560546875 900
901 286.2465209960938 901
902 286.2474365234375 902
903 286.2483520507812 903
904 286.2492370605469 904
905 286.2501220703125 905
906 286.2510375976562 906
907 286.251953125 907
908 286.2528686523438 908
909 286.2537536621094 909
910 286.2546691894531 910
911 286.255615234375 911
912 286.2565307617188 912
913 286.2574768066406 913
914 286.2584228515625 914
915 286.2593688964844 915
916 286.2603454589844 916
917 286.2613220214844 917
918 286.2622985839844 918
919 286.2633056640625 919
920 286.2643432617188 920
921 286.2653503417969 921
922 286.2664184570312 922
923 286.2674865722656 923
924 286.2685546875 924
925 286.2696533203125 925
926 286.270751953125 926
927 286.2719116210938 927
928 286.2730712890625 928
929 286.2742309570312 929
930 286.2754516601562 930
931 286.2766723632812 931
932 286.2778930664062 932
933 286.2791748046875 933
934 286.2804565429688 934
935 286.28173828125 935
936 286.2830810546875 936
937 286.284423828125 937
938 286.2858276367188 938
939 286.2872314453125 939
940 286.2886352539062 940
941 286.2901000976562 941
942 286.2915649414062 942
943 286.2930908203125 943
944 286.2946166992188 944
945 286.2961730957031 945
946 286.2977294921875 946
947 286.2993469238281 947
948 286.3009948730469 948
949 286.3026428222656 949
950 286.3043212890625 950
951 286.3060302734375 951
952 286.3078002929688 952
953 286.3095397949219 953
954 286.3113403320312 954
955 286.3131713867188 955
956 286.3150024414062 956
957 286.31689453125 957
958 286.3187866210938 958
959 286.3207397460938 959
960 286.3226928710938 960
961 286.3246459960938 961
962 286.32666015625 962
963 286.3286743164062 963
964 286.3307495117188 964
965 286.3328247070312 965
966 286.3349609375 966
967 286.3370666503906 967
968 286.3392333984375 968
969 286.3414306640625 969
970 286.3436279296875 970
971 286.3458557128906 971
972 286.34814453125 972
973 286.3504028320312 973
974 286.3527221679688 974
975 286.3550415039062 975
976 286.357421875 976
977 286.3597717285156 977
978 286.3621826171875 978
979 286.3645935058594 979
980 286.3670349121094 980
981 286.3695068359375 981
982 286.3720092773438 982
983 286.3744812011719 983
984 286.3770141601562 984
985 286.3795776367188 985
986 286.3821411132812 986
987 286.3847045898438 987
988 286.3873291015625 988
989 286.3899536132812 989
990 286.392578125 990
991 286.395263671875 991
992 286.3979187011719 992
993 286.400634765625 993
994 286.4033203125 994
995 286.4060363769531 995
996 286.4088134765625 996
997 286.4115600585938 997
998 286.414306640625 998
999 286.4171142578125 999
1000 286.4198913574219 1000
1001 286.4226989746094 1001
1002 286.425537109375 1002
1003 286.4283752441406 1003
1004 286.4312133789062 1004
1005 286.43408203125 1005
1006 286.4369506835938 1006
1007 286.4398193359375 1007
1008 286.4427185058594 1008
1009 286.4456176757812 1009
1010 286.4485473632812 1010
1011 286.4514465332031 1011
1012 286.4543762207031 1012
1013 286.4573059082031 1013
1014 286.4602661132812 1014
1015 286.4631958007812 1015
1016 286.4661254882812 1016
1017 286.4691162109375 1017
1018 286.4720764160156 1018
1019 286.4750366210938 1019
1020 286.47802734375 1020
1021 286.4810180664062 1021
1022 286.4839782714844 1022
1023 286.4869384765625 1023
1024 286.4899291992188 1024
1025 286.492919921875 1025
1026 286.4959106445312 1026
1027 286.4989013671875 1027
1028 286.5018920898438 1028
1029 286.5048828125 1029
1030 286.5078735351562 1030
1031 286.5108642578125 1031
1032 286.5138549804688 1032
1033 286.516845703125 1033
1034 286.5198059082031 1034
1035 286.5227661132812 1035
1036 286.5257568359375 1036
1037 286.5287475585938 1037
1038 286.5317077636719 1038
1039 286.53466796875 1039
1040 286.53759765625 1040
1041 286.5405578613281 1041
1042 286.5435180664062 1042
1043 286.5464477539062 1043
1044 286.5493774414062 1044
1045 286.5523071289062 1045
1046 286.5552062988281 1046
1047 286.55810546875 1047
1048 286.5610046386719 1048
1049 286.5639038085938 1049
1050 286.5667724609375 1050
1051 286.5696411132812 1051
1052 286.572509765625 1052
1053 286.5753173828125 1053
1054 286.5781555175781 1054
1055 286.5809936523438 1055
1056 286.5838012695312 1056
1057 286.5865783691406 1057
1058 286.58935546875 1058
1059 286.5921630859375 1059
1060 286.5948791503906 1060
1061 286.5976257324219 1061
1062 286.600341796875 1062
1063 286.6030578613281 1063
1064 286.6057434082031 1064
1065 286.6084289550781 1065
1066 286.611083984375 1066
1067 286.6137084960938 1067
1068 286.6163330078125 1068
1069 286.6189575195312 1069
1070 286.6215209960938 1070
1071 286.6240844726562 1071
1072 286.6266479492188 1072
1073 286.6291809082031 1073
1074 286.6316833496094 1074
1075 286.6341552734375 1075
1076 286.6366577148438 1076
1077 286.6390686035156 1077
1078 286.6414794921875 1078
1079 286.6438903808594 1079
1080 286.6463012695312 1080
1081 286.6486511230469 1081
1082 286.6509704589844 1082
1083 286.6532897949219 1083
1084 286.6555786132812 1084
1085 286.6578369140625 1085
1086 286.6600952148438 1086
1087 286.6622924804688 1087
1088 286.6644897460938 1088
1089 286.6666564941406 1089
1090 286.6687927246094 1090
1091 286.6708984375 1091
1092 286.6729736328125 1092
1093 286.675048828125 1093
1094 286.6770935058594 1094
1095 286.6790771484375 1095
1096 286.6810913085938 1096
1097 286.6830139160156 1097
1098 286.6849365234375 1098
1099 286.6868286132812 1099
1100 286.688720703125 1100
1101 286.6905212402344 1101
1102 286.6923217773438 1102
1103 286.694091796875 1103
1104 286.6958618164062 1104
1105 286.6975708007812 1105
1106 286.6992492675781 1106
1107 286.7008972167969 1107
1108 286.7025146484375 1108
1109 286.7041015625 1109
1110 286.7056884765625 1110
1111 286.7072143554688 1111
1112 286.7086791992188 1112
1113 286.7101745605469 1113
1114 286.7115783691406 1114
1115 286.7129821777344 1115
1116 286.71435546875 1116
1117 286.7156982421875 1117
1118 286.7169799804688 1118
1119 286.7182312011719 1119
1120 286.719482421875 1120
1121 286.7206726074219 1121
1122 286.7218322753906 1122
1123 286.7229614257812 1123
1124 286.7240600585938 1124
1125 286.72509765625 1125
1126 286.7261352539062 1126
1127 286.7271118164062 1127
1128 286.7280883789062 1128
1129 286.72900390625 1129
1130 286.7299194335938 1130
1131 286.7307739257812 1131
1132 286.7315979003906 1132
1133 286.732421875 1133
1134 286.733154296875 1134
1135 286.73388671875 1135
1136 286.734619140625 1136
1137 286.7352600097656 1137
1138 286.7359008789062 1138
1139 286.7365112304688 1139
1140 286.7371215820312 1140
1141 286.7376403808594 1141
1142 286.7381591796875 1142
1143 286.7386474609375 1143
1144 286.7391357421875 1144
1145 286.7395629882812 1145
1146 286.7399597167969 1146
1147 286.7403564453125 1147
1148 286.74072265625 1148
1149 286.7410278320312 1149
1150 286.7413635253906 1150
1151 286.7416687011719 1151
1152 286.741943359375 1152
1153 286.7421875 1153
1154 286.7424011230469 1154
1155 286.7426147460938 1155
1156 286.7428283691406 1156
1157 286.7429809570312 1157
1158 286.7431640625 1158
1159 286.7433166503906 1159
1160 286.7434692382812 1160
1161 286.7435913085938 1161
1162 286.7437133789062 1162
1163 286.7437744140625 1163
1164 286.743896484375 1164
1165 286.7439575195312 1165
1166 286.7440795898438 1166
1167 286.744140625 1167
1168 286.7442016601562 1168
1169 286.7442626953125 1169
1170 286.7443542480469 1170
1171 286.744384765625 1171
1172 286.7444458007812 1172
1173 286.7445373535156 1173
1174 286.7445983886719 1174
1175 286.7446594238281 1175
1176 286.7447509765625 1176
1177 286.7448120117188 1177
1178 286.744873046875 1178
1179 286.7449951171875 1179
1180 286.7450561523438 1180
1181 286.7451782226562 1181
1182 286.7453002929688 1182
1183 286.7454223632812 1183
1184 286.7455749511719 1184
1185 286.7457275390625 1185
1186 286.745849609375 1186
1187 286.7460632324219 1187
1188 286.7462768554688 1188
1189 286.7464599609375 1189
1190 286.7466735839844 1190
1191 286.7469177246094 1191
1192 286.7471923828125 1192
1193 286.7474365234375 1193
1194 286.7477722167969 1194
1195 286.748046875 1195
1196 286.7484130859375 1196
1197 286.748779296875 1197
1198 286.7491455078125 1198
1199 286.7495422363281 1199
1200 286.7499694824219 1200
1201 286.7504272460938 1201
1202 286.7509155273438 1202
1203 286.7514038085938 1203
1204 286.7519226074219 1204
1205 286.7524719238281 1205
1206 286.7530212402344 1206
1207 286.7536315917969 1207
1208 286.7542419433594 1208
1209 286.7549133300781 1209
1210 286.7555847167969 1210
1211 286.7562561035156 1211
1212 286.7570190429688 1212
1213 286.7577819824219 1213
1214 286.758544921875 1214
1215 286.7593688964844 1215
1216 286.7602233886719 1216
1217 286.7610778808594 1217
1218 286.761962890625 1218
1219 286.7628784179688 1219
1220 286.7638549804688 1220
1221 286.7648315429688 1221
1222 286.765869140625 1222
1223 286.7668762207031 1223
1224 286.7679443359375 1224
1225 286.76904296875 1225
1226 286.7701416015625 1226
1227 286.7713012695312 1227
1228 286.7724914550781 1228
1229 286.7737121582031 1229
1230 286.7749328613281 1230
1231 286.7761840820312 1231
1232 286.7775268554688 1232
1233 286.77880859375 1233
1234 286.7801513671875 1234
1235 286.7815551757812 1235
1236 286.7829284667969 1236
1237 286.7843627929688 1237
1238 286.7858276367188 1238
1239 286.7872924804688 1239
1240 286.788818359375 1240
1241 286.7903137207031 1241
1242 286.7918701171875 1242
1243 286.79345703125 1243
1244 286.7950744628906 1244
1245 286.7967224121094 1245
1246 286.7983703613281 1246
1247 286.800048828125 1247
1248 286.8017578125 1248
1249 286.8034973144531 1249
1250 286.8052368164062 1250
1251 286.8070068359375 1251
1252 286.8087768554688 1252
1253 286.8106079101562 1253
1254 286.8124694824219 1254
1255 286.8143005371094 1255
1256 286.816162109375 1256
1257 286.8180847167969 1257
1258 286.8200073242188 1258
1259 286.8219604492188 1259
1260 286.8239135742188 1260
1261 286.8258972167969 1261
1262 286.827880859375 1262
1263 286.8298950195312 1263
1264 286.8319396972656 1264
1265 286.833984375 1265
1266 286.8360595703125 1266
1267 286.838134765625 1267
1268 286.8402099609375 1268
1269 286.8423461914062 1269
1270 286.844482421875 1270
1271 286.8466186523438 1271
1272 286.8487548828125 1272
1273 286.8509216308594 1273
1274 286.8531188964844 1274
1275 286.8552856445312 1275
1276 286.8574829101562 1276
1277 286.8597412109375 1277
1278 286.8619384765625 1278
1279 286.8641967773438 1279
1280 286.866455078125 1280
1281 286.8686828613281 1281
1282 286.8709716796875 1282
1283 286.8732299804688 1283
1284 286.8755187988281 1284
1285 286.8778076171875 1285
1286 286.8800964355469 1286
1287 286.8824157714844 1287
1288 286.8847045898438 1288
1289 286.8870239257812 1289
1290 286.8893432617188 1290
1291 286.8916625976562 1291
1292 286.8939819335938 1292
1293 286.8963317871094 1293
1294 286.898681640625 1294
1295 286.9010009765625 1295
1296 286.9033508300781 1296
1297 286.9057006835938 1297
1298 286.9080200195312 1298
1299 286.9103698730469 1299
1300 286.9127197265625 1300
1301 286.9150390625 1301
1302 286.9173889160156 1302
1303 286.9197387695312 1303
1304 286.9220581054688 1304
1305 286.9244079589844 1305
1306 286.9267578125 1306
1307 286.9290771484375 1307
1308 286.931396484375 1308
1309 286.9337158203125 1309
1310 286.93603515625 1310
1311 286.9383544921875 1311
1312 286.940673828125 1312
1313 286.9429626464844 1313
1314 286.9452514648438 1314
1315 286.9475402832031 1315
1316 286.9498291015625 1316
1317 286.9520874023438 1317
1318 286.954345703125 1318
1319 286.9566040039062 1319
1320 286.9588623046875 1320
1321 286.9611206054688 1321
1322 286.9633178710938 1322
1323 286.9655456542969 1323
1324 286.9677429199219 1324
1325 286.9699401855469 1325
1326 286.9721069335938 1326
1327 286.9742736816406 1327
1328 286.9764404296875 1328
1329 286.9785766601562 1329
1330 286.980712890625 1330
1331 286.9828491210938 1331
1332 286.9849243164062 1332
1333 286.9869995117188 1333
1334 286.9890747070312 1334
1335 286.9911499023438 1335
1336 286.9931945800781 1336
1337 286.9952087402344 1337
1338 286.9972229003906 1338
1339 286.9992065429688 1339
1340 287.0011901855469 1340
1341 287.0031433105469 1341
1342 287.0050659179688 1342
1343 287.0069580078125 1343
1344 287.0088806152344 1344
1345 287.0107421875 1345
1346 287.0126037597656 1346
1347 287.0144653320312 1347
1348 287.0162658691406 1348
1349 287.01806640625 1349
1350 287.0198364257812 1350
1351 287.0215759277344 1351
1352 287.0233154296875 1352
1353 287.0250244140625 1353
1354 287.0266723632812 1354
1355 287.0283813476562 1355
1356 287.0299987792969 1356
1357 287.0316162109375 1357
1358 287.033203125 1358
1359 287.0347900390625 1359
1360 287.0363159179688 1360
1361 287.0378112792969 1361
1362 287.039306640625 1362
1363 287.040771484375 1363
1364 287.042236328125 1364
1365 287.0436096191406 1365
1366 287.0449829101562 1366
1367 287.0463562011719 1367
1368 287.0476684570312 1368
1369 287.0489807128906 1369
1370 287.0502624511719 1370
1371 287.0514831542969 1371
1372 287.0527038574219 1372
1373 287.0538940429688 1373
1374 287.0550537109375 1374
1375 287.0561828613281 1375
1376 287.0572509765625 1376
1377 287.058349609375 1377
1378 287.0593566894531 1378
1379 287.0603637695312 1379
1380 287.0613403320312 1380
1381 287.0623168945312 1381
1382 287.0632019042969 1382
1383 287.0640869140625 1383
1384 287.06494140625 1384
1385 287.0657348632812 1385
1386 287.0665283203125 1386
1387 287.0672912597656 1387
1388 287.0679931640625 1388
1389 287.0686950683594 1389
1390 287.0693359375 1390
1391 287.0699462890625 1391
1392 287.070556640625 1392
1393 287.0711059570312 1393
1394 287.0716247558594 1394
1395 287.0721435546875 1395
1396 287.0725708007812 1396
1397 287.0730285644531 1397
1398 287.0733947753906 1398
1399 287.0737609863281 1399
1400 287.0740966796875 1400
1401 287.0744018554688 1401
1402 287.0746459960938 1402
1403 287.0748901367188 1403
1404 287.0750732421875 1404
1405 287.0752563476562 1405
1406 287.0754089355469 1406
1407 287.0755004882812 1407
1408 287.0755920410156 1408
1409 287.0756225585938 1409
1410 287.07568359375 1410
1411 287.07568359375 1411
1412 287.0756530761719 1412
1413 287.0755920410156 1413
1414 287.0755004882812 1414
1415 287.0753784179688 1415
1416 287.0752868652344 1416
1417 287.0751342773438 1417
1418 287.074951171875 1418
1419 287.0747680664062 1419
1420 287.0745239257812 1420
1421 287.0742797851562 1421
1422 287.0740356445312 1422
1423 287.07373046875 1423
1424 287.0734252929688 1424
1425 287.0731201171875 1425
1426 287.0728149414062 1426
1427 287.072509765625 1427
1428 287.0721130371094 1428
1429 287.0717468261719 1429
1430 287.0713806152344 1430
1431 287.0709838867188 1431
1432 287.0706176757812 1432
1433 287.0701904296875 1433
1434 287.0697631835938 1434
1435 287.0693359375 1435
1436 287.0689392089844 1436
1437 287.0684814453125 1437
1438 287.0680847167969 1438
1439 287.067626953125 1439
1440 287.0671997070312 1440
1441 287.0667724609375 1441
1442 287.0663452148438 1442
1443 287.06591796875 1443
1444 287.0654907226562 1444
1445 287.0650939941406 1445
1446 287.064697265625 1446
1447 287.0642700195312 1447
1448 287.0639038085938 1448
1449 287.0635070800781 1449
1450 287.0631103515625 1450
1451 287.062744140625 1451
1452 287.0624084472656 1452
1453 287.0620422363281 1453
1454 287.0617065429688 1454
1455 287.0614013671875 1455
1456 287.0610961914062 1456
1457 287.0608215332031 1457
1458 287.060546875 1458
1459 287.060302734375 1459
1460 287.06005859375 1460
1461 287.0598449707031 1461
1462 287.0596618652344 1462
1463 287.0595092773438 1463
1464 287.059326171875 1464
1465 287.0592041015625 1465
1466 287.05908203125 1466
1467 287.0590209960938 1467
1468 287.0589294433594 1468
1469 287.0588989257812 1469
1470 287.0588684082031 1470
1471 287.0588989257812 1471
1472 287.0588989257812 1472
1473 287.0589904785156 1473
1474 287.05908203125 1474
1475 287.0591735839844 1475
1476 287.059326171875 1476
1477 287.0594787597656 1477
1478 287.0596923828125 1478
1479 287.0598754882812 1479
1480 287.0601196289062 1480
1481 287.0604248046875 1481
1482 287.0607299804688 1482
1483 287.06103515625 1483
1484 287.0614013671875 1484
1485 287.0617980957031 1485
1486 287.0622253417969 1486
1487 287.0626831054688 1487
1488 287.0631408691406 1488
1489 287.0636596679688 1489
1490 287.064208984375 1490
1491 287.0647583007812 1491
1492 287.0653381347656 1492
1493 287.0659484863281 1493
1494 287.0666198730469 1494
1495 287.0672912597656 1495
1496 287.0679931640625 1496
1497 287.0687255859375 1497
1498 287.0695190429688 1498
1499 287.0703125 1499
1500 287.0711364746094 1500
1501 287.0719909667969 1501
1502 287.0728759765625 1502
1503 287.0737915039062 1503
1504 287.0747375488281 1504
1505 287.07568359375 1505
1506 287.0767211914062 1506
1507 287.0776977539062 1507
1508 287.0787963867188 1508
1509 287.079833984375 1509
1510 287.0809326171875 1510
1511 287.0820617675781 1511
1512 287.0832214355469 1512
1513 287.0844116210938 1513
1514 287.0856323242188 1514
1515 287.0868530273438 1515
1516 287.0881042480469 1516
1517 287.0893859863281 1517
1518 287.0906982421875 1518
1519 287.092041015625 1519
1520 287.0933532714844 1520
1521 287.0947570800781 1521
1522 287.0961303710938 1522
1523 287.0975952148438 1523
1524 287.0989990234375 1524
1525 287.1004638671875 1525
1526 287.1019897460938 1526
1527 287.1034545898438 1527
1528 287.10498046875 1528
1529 287.1065368652344 1529
1530 287.1081237792969 1530
1531 287.1097106933594 1531
1532 287.1112976074219 1532
1533 287.1129150390625 1533
1534 287.1145629882812 1534
1535 287.1162109375 1535
1536 287.1178894042969 1536
1537 287.1195678710938 1537
1538 287.1213073730469 1538
1539 287.1230163574219 1539
1540 287.124755859375 1540
1541 287.1264953613281 1541
1542 287.1282958984375 1542
1543 287.1300354003906 1543
1544 287.1318359375 1544
1545 287.1336364746094 1545
1546 287.1354675292969 1546
1547 287.1372985839844 1547
1548 287.1391296386719 1548
1549 287.1409912109375 1549
1550 287.142822265625 1550
1551 287.1447143554688 1551
1552 287.1466064453125 1552
1553 287.1484985351562 1553
1554 287.150390625 1554
1555 287.1522827148438 1555
1556 287.1542053222656 1556
1557 287.1561279296875 1557
1558 287.1580505371094 1558
1559 287.1599731445312 1559
1560 287.1618957519531 1560
1561 287.1638793945312 1561
1562 287.1658020019531 1562
1563 287.167724609375 1563
1564 287.169677734375 1564
1565 287.1716613769531 1565
1566 287.173583984375 1566
1567 287.175537109375 1567
1568 287.1775207519531 1568
1569 287.1795043945312 1569
1570 287.1814575195312 1570
1571 287.1834106445312 1571
1572 287.1853637695312 1572
1573 287.1873168945312 1573
1574 287.1892700195312 1574
1575 287.1912536621094 1575
1576 287.1932067871094 1576
1577 287.1951599121094 1577
1578 287.1970825195312 1578
1579 287.1990356445312 1579
1580 287.2009887695312 1580
1581 287.2029113769531 1581
1582 287.204833984375 1582
1583 287.206787109375 1583
1584 287.2086791992188 1584
1585 287.2105712890625 1585
1586 287.2125244140625 1586
1587 287.2144165039062 1587
1588 287.2162780761719 1588
1589 287.2181701660156 1589
1590 287.2200317382812 1590
1591 287.2218933105469 1591
1592 287.2237548828125 1592
1593 287.2255859375 1593
1594 287.2274169921875 1594
1595 287.229248046875 1595
1596 287.2310180664062 1596
1597 287.2328491210938 1597
1598 287.234619140625 1598
1599 287.2363891601562 1599
1600 287.2381591796875 1600
1601 287.2398681640625 1601
1602 287.2416076660156 1602
1603 287.2432861328125 1603
1604 287.2450256347656 1604
1605 287.2467041015625 1605
1606 287.2483825683594 1606
1607 287.2500305175781 1607
1608 287.2516479492188 1608
1609 287.2532653808594 1609
1610 287.2548828125 1610
1611 287.2564392089844 1611
1612 287.2580261230469 1612
1613 287.2595520019531 1613
1614 287.2611083984375 1614
1615 287.2625732421875 1615
1616 287.2640991210938 1616
1617 287.2655334472656 1617
1618 287.2669982910156 1618
1619 287.2684326171875 1619
1620 287.2698059082031 1620
1621 287.2711791992188 1621
1622 287.2725830078125 1622
1623 287.2738952636719 1623
1624 287.2752075195312 1624
1625 287.2765197753906 1625
1626 287.2778015136719 1626
1627 287.279052734375 1627
1628 287.2802734375 1628
1629 287.2814636230469 1629
1630 287.2826232910156 1630
1631 287.2837524414062 1631
1632 287.2848815917969 1632
1633 287.2860107421875 1633
1634 287.2870788574219 1634
1635 287.2881164550781 1635
1636 287.2891235351562 1636
1637 287.2901306152344 1637
1638 287.2910766601562 1638
1639 287.2920227050781 1639
1640 287.2929077148438 1640
1641 287.2937927246094 1641
1642 287.294677734375 1642
1643 287.2955017089844 1643
1644 287.2962646484375 1644
1645 287.2970581054688 1645
1646 287.2977905273438 1646
1647 287.2984924316406 1647
1648 287.2991638183594 1648
1649 287.2998046875 1649
1650 287.3004150390625 1650
1651 287.3009948730469 1651
1652 287.3015441894531 1652
1653 287.3020629882812 1653
1654 287.3025512695312 1654
1655 287.3030395507812 1655
1656 287.303466796875 1656
1657 287.3038635253906 1657
1658 287.3042297363281 1658
1659 287.3045349121094 1659
1660 287.3048400878906 1660
1661 287.3051147460938 1661
1662 287.3053588867188 1662
1663 287.3055419921875 1663
1664 287.3057250976562 1664
1665 287.3058471679688 1665
1666 287.3059692382812 1666
1667 287.3060302734375 1667
1668 287.3060607910156 1668
1669 287.3060913085938 1669
1670 287.3060607910156 1670
1671 287.3060302734375 1671
1672 287.3059387207031 1672
1673 287.3058471679688 1673
1674 287.3056640625 1674
1675 287.3055114746094 1675
1676 287.3052978515625 1676
1677 287.3050537109375 1677
1678 287.3048095703125 1678
1679 287.3045654296875 1679
1680 287.3042297363281 1680
1681 287.3038940429688 1681
1682 287.3035278320312 1682
1683 287.3031005859375 1683
1684 287.3027038574219 1684
1685 287.3022766113281 1685
1686 287.3018188476562 1686
1687 287.3013305664062 1687
1688 287.3008117675781 1688
1689 287.30029296875 1689
1690 287.2997436523438 1690
1691 287.2991638183594 1691
1692 287.298583984375 1692
1693 287.2980041503906 1693
1694 287.29736328125 1694
1695 287.2967529296875 1695
1696 287.2961120605469 1696
1697 287.2954711914062 1697
1698 287.2947998046875 1698
1699 287.2941284179688 1699
1700 287.2933959960938 1700
1701 287.292724609375 1701
1702 287.2920227050781 1702
1703 287.2912902832031 1703
1704 287.2905883789062 1704
1705 287.2898559570312 1705
1706 287.2891540527344 1706
1707 287.2884216308594 1707
1708 287.2877197265625 1708
1709 287.2869873046875 1709
1710 287.2862548828125 1710
1711 287.2855224609375 1711
1712 287.2847900390625 1712
1713 287.2840881347656 1713
1714 287.2833862304688 1714
1715 287.2826843261719 1715
1716 287.281982421875 1716
1717 287.2812805175781 1717
1718 287.2806091308594 1718
1719 287.2799377441406 1719
1720 287.279296875 1720
1721 287.2786254882812 1721
1722 287.2780151367188 1722
1723 287.2774047851562 1723
1724 287.2767944335938 1724
1725 287.2761840820312 1725
1726 287.275634765625 1726
1727 287.2750549316406 1727
1728 287.2745361328125 1728
1729 287.2740173339844 1729
1730 287.2735290527344 1730
1731 287.2730407714844 1731
1732 287.2725830078125 1732
1733 287.2721557617188 1733
1734 287.271728515625 1734
1735 287.2713317871094 1735
1736 287.2709655761719 1736
1737 287.2706298828125 1737
1738 287.2703247070312 1738
1739 287.27001953125 1739
1740 287.2697143554688 1740
1741 287.2695007324219 1741
1742 287.269287109375 1742
1743 287.2690734863281 1743
1744 287.2689208984375 1744
1745 287.268798828125 1745
1746 287.2686767578125 1746
1747 287.2685852050781 1747
1748 287.2685241699219 1748
1749 287.2684936523438 1749
1750 287.2684936523438 1750
1751 287.2685241699219 1751
1752 287.2685852050781 1752
1753 287.2686767578125 1753
1754 287.268798828125 1754
1755 287.2689208984375 1755
1756 287.2691040039062 1756
1757 287.2693176269531 1757
1758 287.2695617675781 1758
1759 287.2698364257812 1759
1760 287.2701110839844 1760
1761 287.2704467773438 1761
1762 287.2707824707031 1762
1763 287.2711791992188 1763
1764 287.2716064453125 1764
1765 287.2720336914062 1765
1766 287.2725219726562 1766
1767 287.2730102539062 1767
1768 287.2735595703125 1768
1769 287.2741088867188 1769
1770 287.2747192382812 1770
1771 287.2753295898438 1771
1772 287.2759704589844 1772
1773 287.2766723632812 1773
1774 287.27734375 1774
1775 287.2781066894531 1775
1776 287.2788696289062 1776
1777 287.2796325683594 1777
1778 287.2804565429688 1778
1779 287.2813110351562 1779
1780 287.2821655273438 1780
1781 287.2830810546875 1781
1782 287.2839965820312 1782
1783 287.2849426269531 1783
1784 287.2859191894531 1784
1785 287.2869262695312 1785
1786 287.2879333496094 1786
1787 287.2890014648438 1787
1788 287.2900695800781 1788
1789 287.2911682128906 1789
1790 287.2922973632812 1790
1791 287.2934265136719 1791
1792 287.2945861816406 1792
1793 287.2957763671875 1793
1794 287.2969970703125 1794
1795 287.2982482910156 1795
1796 287.2994995117188 1796
1797 287.30078125 1797
1798 287.3020629882812 1798
1799 287.3034057617188 1799
1800 287.3047180175781 1800
1801 287.3060607910156 1801
1802 287.3074340820312 1802
1803 287.308837890625 1803
1804 287.3102416992188 1804
1805 287.3116760253906 1805
1806 287.3131103515625 1806
1807 287.3145751953125 1807
1808 287.3160400390625 1808
1809 287.3175659179688 1809
1810 287.3190612792969 1810
1811 287.320556640625 1811
1812 287.3221130371094 1812
1813 287.3236694335938 1813
1814 287.3252258300781 1814
1815 287.3267822265625 1815
1816 287.328369140625 1816
1817 287.3299865722656 1817
1818 287.3316040039062 1818
1819 287.3331909179688 1819
1820 287.3348388671875 1820
1821 287.3364868164062 1821
1822 287.338134765625 1822
1823 287.3397827148438 1823
1824 287.3414611816406 1824
1825 287.3431091308594 1825
1826 287.3447875976562 1826
1827 287.3464965820312 1827
1828 287.3482055664062 1828
1829 287.3498840332031 1829
1830 287.3515930175781 1830
1831 287.353271484375 1831
1832 287.3550109863281 1832
1833 287.3567199707031 1833
1834 287.3584289550781 1834
1835 287.3601684570312 1835
1836 287.3619079589844 1836
1837 287.3636474609375 1837
1838 287.3653564453125 1838
1839 287.3670959472656 1839
1840 287.3688049316406 1840
1841 287.3705444335938 1841
1842 287.3722534179688 1842
1843 287.3739929199219 1843
1844 287.3757019042969 1844
1845 287.37744140625 1845
1846 287.379150390625 1846
1847 287.3808898925781 1847
1848 287.3825988769531 1848
1849 287.38427734375 1849
1850 287.3860473632812 1850
1851 287.3877258300781 1851
1852 287.389404296875 1852
1853 287.39111328125 1853
1854 287.3927612304688 1854
1855 287.3944702148438 1855
1856 287.3961181640625 1856
1857 287.3977966308594 1857
1858 287.3994445800781 1858
1859 287.4010620117188 1859
1860 287.4027099609375 1860
1861 287.4043579101562 1861
1862 287.4059753417969 1862
1863 287.4075927734375 1863
1864 287.4091796875 1864
1865 287.4107360839844 1865
1866 287.4123229980469 1866
1867 287.4138793945312 1867
1868 287.4154052734375 1868
1869 287.4169616699219 1869
1870 287.4185180664062 1870
1871 287.4199829101562 1871
1872 287.4214782714844 1872
1873 287.4229736328125 1873
1874 287.4244384765625 1874
1875 287.4258728027344 1875
1876 287.4273376464844 1876
1877 287.4287109375 1877
1878 287.4301452636719 1878
1879 287.4315185546875 1879
1880 287.432861328125 1880
1881 287.4342041015625 1881
1882 287.435546875 1882
1883 287.4368896484375 1883
1884 287.4381713867188 1884
1885 287.439453125 1885
1886 287.440673828125 1886
1887 287.4419250488281 1887
1888 287.443115234375 1888
1889 287.4443359375 1889
1890 287.4454956054688 1890
1891 287.4466247558594 1891
1892 287.44775390625 1892
1893 287.4488525390625 1893
1894 287.449951171875 1894
1895 287.4509887695312 1895
1896 287.4520263671875 1896
1897 287.4530334472656 1897
1898 287.4540405273438 1898
1899 287.4550170898438 1899
1900 287.4559326171875 1900
1901 287.4568481445312 1901
1902 287.457763671875 1902
1903 287.4586181640625 1903
1904 287.45947265625 1904
1905 287.4602661132812 1905
1906 287.4610595703125 1906
1907 287.4617919921875 1907
1908 287.4625244140625 1908
1909 287.4632568359375 1909
1910 287.4638671875 1910
1911 287.4645385742188 1911
1912 287.4651489257812 1912
1913 287.4657592773438 1913
1914 287.46630859375 1914
1915 287.4668579101562 1915
1916 287.4673461914062 1916
1917 287.4678344726562 1917
1918 287.46826171875 1918
1919 287.4686889648438 1919
1920 287.4690551757812 1920
1921 287.4693908691406 1921
1922 287.4697265625 1922
1923 287.4700317382812 1923
1924 287.4702758789062 1924
1925 287.470458984375 1925
1926 287.4706726074219 1926
1927 287.4708557128906 1927
1928 287.470947265625 1928
1929 287.4710693359375 1929
1930 287.4711303710938 1930
1931 287.47119140625 1931
1932 287.47119140625 1932
1933 287.4711303710938 1933
1934 287.4710998535156 1934
1935 287.4710083007812 1935
1936 287.4708862304688 1936
1937 287.470703125 1937
1938 287.4705200195312 1938
1939 287.4703369140625 1939
1940 287.4700622558594 1940
1941 287.4697875976562 1941
1942 287.469482421875 1942
1943 287.4691162109375 1943
1944 287.4688110351562 1944
1945 287.4683837890625 1945
1946 287.4679565429688 1946
1947 287.4674987792969 1947
1948 287.467041015625 1948
1949 287.4665222167969 1949
1950 287.4660034179688 1950
1951 287.4654235839844 1951
1952 287.46484375 1952
1953 287.4642333984375 1953
1954 287.463623046875 1954
1955 287.4629516601562 1955
1956 287.4622802734375 1956
1957 287.4616088867188 1957
1958 287.4608764648438 1958
1959 287.4601440429688 1959
1960 287.4593811035156 1960
1961 287.4586181640625 1961
1962 287.4578247070312 1962
1963 287.45703125 1963
1964 287.4561767578125 1964
1965 287.4553527832031 1965
1966 287.4545288085938 1966
1967 287.4536743164062 1967
1968 287.4527893066406 1968
1969 287.451904296875 1969
1970 287.4510498046875 1970
1971 287.4501342773438 1971
1972 287.4492492675781 1972
1973 287.4483337402344 1973
1974 287.4474487304688 1974
1975 287.446533203125 1975
1976 287.4456176757812 1976
1977 287.4447021484375 1977
1978 287.4437866210938 1978
1979 287.44287109375 1979
1980 287.4419860839844 1980
1981 287.4410705566406 1981
1982 287.4401550292969 1982
1983 287.4392700195312 1983
1984 287.4383850097656 1984
1985 287.4375 1985
1986 287.4366455078125 1986
1987 287.435791015625 1987
1988 287.4349365234375 1988
1989 287.43408203125 1989
1990 287.4332580566406 1990
1991 287.4324340820312 1991
1992 287.431640625 1992
1993 287.4308776855469 1993
1994 287.4301147460938 1994
1995 287.4293518066406 1995
1996 287.4285888671875 1996
1997 287.4279174804688 1997
1998 287.4272155761719 1998
1999 287.426513671875 1999
2000 287.4258728027344 2000
2001 287.4252319335938 2001
2002 287.4246215820312 2002
2003 287.4240112304688 2003
2004 287.4234619140625 2004
2005 287.4229125976562 2005
2006 287.4223937988281 2006
2007 287.421875 2007
2008 287.4214477539062 2008
2009 287.4209899902344 2009
2010 287.4205627441406 2010
2011 287.420166015625 2011
2012 287.4197998046875 2012
2013 287.41943359375 2013
2014 287.4191284179688 2014
2015 287.4188537597656 2015
2016 287.4185791015625 2016
2017 287.4183959960938 2017
2018 287.4181518554688 2018
2019 287.4180297851562 2019
2020 287.4178771972656 2020
2021 287.417724609375 2021
2022 287.4176635742188 2022
2023 287.4176330566406 2023
2024 287.4176025390625 2024
2025 287.4176025390625 2025
2026 287.4176330566406 2026
2027 287.417724609375 2027
2028 287.4177856445312 2028
2029 287.4179077148438 2029
2030 287.4180908203125 2030
2031 287.4182739257812 2031
2032 287.4184875488281 2032
2033 287.418701171875 2033
2034 287.4190063476562 2034
2035 287.4193115234375 2035
2036 287.4196472167969 2036
2037 287.4200439453125 2037
2038 287.42041015625 2038
2039 287.4208374023438 2039
2040 287.4212646484375 2040
2041 287.4217529296875 2041
2042 287.4222717285156 2042
2043 287.4228210449219 2043
2044 287.4233703613281 2044
2045 287.4239807128906 2045
2046 287.4246215820312 2046
2047 287.4252624511719 2047
2048 287.4259338378906 2048
2049 287.4266357421875 2049
2050 287.4273681640625 2050
2051 287.4281311035156 2051
2052 287.4288940429688 2052
2053 287.4297485351562 2053
2054 287.4305725097656 2054
2055 287.4314575195312 2055
2056 287.4323120117188 2056
2057 287.4332275390625 2057
2058 287.4341735839844 2058
2059 287.4351196289062 2059
2060 287.4361267089844 2060
2061 287.4371337890625 2061
2062 287.4381408691406 2062
2063 287.439208984375 2063
2064 287.4402770996094 2064
2065 287.44140625 2065
2066 287.4425048828125 2066
2067 287.4436340332031 2067
2068 287.4447937011719 2068
2069 287.4459838867188 2069
2070 287.4471435546875 2070
2071 287.4483947753906 2071
2072 287.4496154785156 2072
2073 287.4508666992188 2073
2074 287.4521484375 2074
2075 287.4534301757812 2075
2076 287.4547119140625 2076
2077 287.4560546875 2077
2078 287.4573974609375 2078
2079 287.458740234375 2079
2080 287.4600830078125 2080
2081 287.4614868164062 2081
2082 287.462890625 2082
2083 287.4642944335938 2083
2084 287.4656982421875 2084
2085 287.4671325683594 2085
2086 287.4685668945312 2086
2087 287.4700317382812 2087
2088 287.4714965820312 2088
2089 287.4729614257812 2089
2090 287.4744567871094 2090
2091 287.4759521484375 2091
2092 287.4774169921875 2092
2093 287.4789733886719 2093
2094 287.48046875 2094
2095 287.4820251464844 2095
2096 287.4835205078125 2096
2097 287.485107421875 2097
2098 287.4866333007812 2098
2099 287.4881896972656 2099
2100 287.48974609375 2100
2101 287.4913330078125 2101
2102 287.4928588867188 2102
2103 287.4944458007812 2103
2104 287.4960327148438 2104
2105 287.4975891113281 2105
2106 287.4991760253906 2106
2107 287.5007629394531 2107
2108 287.5023193359375 2108
2109 287.50390625 2109
2110 287.5054931640625 2110
2111 287.507080078125 2111
2112 287.5086669921875 2112
2113 287.5102233886719 2113
2114 287.5118408203125 2114
2115 287.5133666992188 2115
2116 287.5149536132812 2116
2117 287.5165405273438 2117
2118 287.5180969238281 2118
2119 287.5196533203125 2119
2120 287.5211791992188 2120
2121 287.5227661132812 2121
2122 287.5242919921875 2122
2123 287.5258178710938 2123
2124 287.52734375 2124
2125 287.5288696289062 2125
2126 287.5304260253906 2126
2127 287.5319213867188 2127
2128 287.5334167480469 2128
2129 287.534912109375 2129
2130 287.536376953125 2130
2131 287.5378723144531 2131
2132 287.539306640625 2132
2133 287.540771484375 2133
2134 287.542236328125 2134
2135 287.5436401367188 2135
2136 287.5450439453125 2136
2137 287.5464782714844 2137
2138 287.5478515625 2138
2139 287.5492553710938 2139
2140 287.5505981445312 2140
2141 287.5519409179688 2141
2142 287.5532836914062 2142
2143 287.5546264648438 2143
2144 287.555908203125 2144
2145 287.5572204589844 2145
2146 287.5584716796875 2146
2147 287.5597534179688 2147
2148 287.5610046386719 2148
2149 287.5622253417969 2149
2150 287.5634155273438 2150
2151 287.5646057128906 2151
2152 287.5657958984375 2152
2153 287.5669555664062 2153
2154 287.5680541992188 2154
2155 287.5691833496094 2155
2156 287.5702819824219 2156
2157 287.5713500976562 2157
2158 287.5723876953125 2158
2159 287.5734252929688 2159
2160 287.574462890625 2160
2161 287.575439453125 2161
2162 287.576416015625 2162
2163 287.5773620605469 2163
2164 287.5783081054688 2164
2165 287.5791625976562 2165
2166 287.5800476074219 2166
2167 287.5809020996094 2167
2168 287.5817260742188 2168
2169 287.58251953125 2169
2170 287.5833129882812 2170
2171 287.5840454101562 2171
2172 287.5847778320312 2172
2173 287.5854797363281 2173
2174 287.5861511230469 2174
2175 287.5868225097656 2175
2176 287.5874328613281 2176
2177 287.5880126953125 2177
2178 287.5885925292969 2178
2179 287.5891418457031 2179
2180 287.5896606445312 2180
2181 287.5901489257812 2181
2182 287.590576171875 2182
2183 287.5910034179688 2183
2184 287.5914306640625 2184
2185 287.5917663574219 2185
2186 287.5921020507812 2186
2187 287.5924072265625 2187
2188 287.5927124023438 2188
2189 287.5929565429688 2189
2190 287.5931701660156 2190
2191 287.5933837890625 2191
2192 287.593505859375 2192
2193 287.5936584472656 2193
2194 287.59375 2194
2195 287.5938110351562 2195
2196 287.5938415527344 2196
2197 287.5938415527344 2197
2198 287.5938110351562 2198
2199 287.59375 2199
2200 287.5936279296875 2200
2201 287.5935363769531 2201
2202 287.5933532714844 2202
2203 287.5932006835938 2203
2204 287.5929565429688 2204
2205 287.5927124023438 2205
2206 287.5924072265625 2206
2207 287.5921020507812 2207
2208 287.5917358398438 2208
2209 287.5913696289062 2209
2210 287.5909729003906 2210
2211 287.5905456542969 2211
2212 287.590087890625 2212
2213 287.589599609375 2213
2214 287.5890502929688 2214
2215 287.5885009765625 2215
2216 287.5879516601562 2216
2217 287.5873107910156 2217
2218 287.586669921875 2218
2219 287.5860290527344 2219
2220 287.5853271484375 2220
2221 287.5846252441406 2221
2222 287.5838928222656 2222
2223 287.5831298828125 2223
2224 287.5823669433594 2224
2225 287.58154296875 2225
2226 287.5807495117188 2226
2227 287.5798950195312 2227
2228 287.5790405273438 2228
2229 287.5781555175781 2229
2230 287.5772705078125 2230
2231 287.5763549804688 2231
2232 287.575439453125 2232
2233 287.574462890625 2233
2234 287.5735168457031 2234
2235 287.5725708007812 2235
2236 287.5715942382812 2236
2237 287.570556640625 2237
2238 287.569580078125 2238
2239 287.5685729980469 2239
2240 287.5675659179688 2240
2241 287.5665588378906 2241
2242 287.5655212402344 2242
2243 287.5644836425781 2243
2244 287.5634460449219 2244
2245 287.5624389648438 2245
2246 287.5614013671875 2246
2247 287.5603637695312 2247
2248 287.559326171875 2248
2249 287.5582885742188 2249
2250 287.5572814941406 2250
2251 287.5562744140625 2251
2252 287.5552368164062 2252
2253 287.5542297363281 2253
2254 287.55322265625 2254
2255 287.55224609375 2255
2256 287.55126953125 2256
2257 287.55029296875 2257
2258 287.54931640625 2258
2259 287.5484008789062 2259
2260 287.5474548339844 2260
2261 287.5465698242188 2261
2262 287.5456237792969 2262
2263 287.5447692871094 2263
2264 287.5438842773438 2264
2265 287.5430297851562 2265
2266 287.5421752929688 2266
2267 287.5413818359375 2267
2268 287.5405883789062 2268
2269 287.539794921875 2269
2270 287.5390625 2270
2271 287.538330078125 2271
2272 287.5376281738281 2272
2273 287.5369262695312 2273
2274 287.5362854003906 2274
2275 287.53564453125 2275
2276 287.5350341796875 2276
2277 287.534423828125 2277
2278 287.5338745117188 2278
2279 287.5333557128906 2279
2280 287.5328369140625 2280
2281 287.5323486328125 2281
2282 287.5319213867188 2282
2283 287.531494140625 2283
2284 287.5310974121094 2284
2285 287.5307006835938 2285
2286 287.5303344726562 2286
2287 287.530029296875 2287
2288 287.5297546386719 2288
2289 287.5295104980469 2289
2290 287.529296875 2290
2291 287.5290832519531 2291
2292 287.5289306640625 2292
2293 287.5287475585938 2293
2294 287.5286865234375 2294
2295 287.5285949707031 2295
2296 287.528564453125 2296
2297 287.5285339355469 2297
2298 287.528564453125 2298
2299 287.5285949707031 2299
2300 287.5286865234375 2300
2301 287.5287475585938 2301
2302 287.5289001464844 2302
2303 287.529052734375 2303
2304 287.5292663574219 2304
2305 287.5294799804688 2305
2306 287.5297241210938 2306
2307 287.530029296875 2307
2308 287.5303344726562 2308
2309 287.5306701660156 2309
2310 287.5310363769531 2310
2311 287.5314331054688 2311
2312 287.5318603515625 2312
2313 287.5323486328125 2313
2314 287.5328369140625 2314
2315 287.5333251953125 2315
2316 287.5338745117188 2316
2317 287.534423828125 2317
2318 287.5350341796875 2318
2319 287.5357055664062 2319
2320 287.5363159179688 2320
2321 287.5369873046875 2321
2322 287.5377197265625 2322
2323 287.5384521484375 2323
2324 287.5391845703125 2324
2325 287.5399780273438 2325
2326 287.540771484375 2326
2327 287.5415954589844 2327
2328 287.5424499511719 2328
2329 287.5433349609375 2329
2330 287.5442504882812 2330
2331 287.5451354980469 2331
2332 287.5460815429688 2332
2333 287.5470581054688 2333
2334 287.5480346679688 2334
2335 287.549072265625 2335
2336 287.5501098632812 2336
2337 287.5511474609375 2337
2338 287.5522155761719 2338
2339 287.5533142089844 2339
2340 287.5544128417969 2340
2341 287.5555419921875 2341
2342 287.5567016601562 2342
2343 287.557861328125 2343
2344 287.5590515136719 2344
2345 287.5602416992188 2345
2346 287.5614624023438 2346
2347 287.5626831054688 2347
2348 287.5639343261719 2348
2349 287.565185546875 2349
2350 287.5664672851562 2350
2351 287.5677490234375 2351
2352 287.5690307617188 2352
2353 287.5703735351562 2353
2354 287.5717163085938 2354
2355 287.5730590820312 2355
2356 287.5744018554688 2356
2357 287.5757446289062 2357
2358 287.5771179199219 2358
2359 287.5784912109375 2359
2360 287.5798950195312 2360
2361 287.581298828125 2361
2362 287.5827026367188 2362
2363 287.5841674804688 2363
2364 287.5855407714844 2364
2365 287.5869750976562 2365
2366 287.5884399414062 2366
2367 287.5898742675781 2367
2368 287.59130859375 2368
2369 287.5927734375 2369
2370 287.59423828125 2370
2371 287.595703125 2371
2372 287.59716796875 2372
2373 287.5986328125 2373
2374 287.6001281738281 2374
2375 287.6015930175781 2375
2376 287.6030883789062 2376
2377 287.6045532226562 2377
2378 287.6060180664062 2378
2379 287.6075134277344 2379
2380 287.6090087890625 2380
2381 287.6104736328125 2381
2382 287.6119384765625 2382
2383 287.6134338378906 2383
2384 287.6148986816406 2384
2385 287.6163635253906 2385
2386 287.6178588867188 2386
2387 287.6193237304688 2387
2388 287.6207885742188 2388
2389 287.6222229003906 2389
2390 287.6236877441406 2390
2391 287.6251220703125 2391
2392 287.6265869140625 2392
2393 287.6279907226562 2393
2394 287.62939453125 2394
2395 287.6308288574219 2395
2396 287.6322631835938 2396
2397 287.6336669921875 2397
2398 287.6350708007812 2398
2399 287.6364135742188 2399
2400 287.6378173828125 2400
2401 287.63916015625 2401
2402 287.6405029296875 2402
2403 287.6418762207031 2403
2404 287.6431884765625 2404
2405 287.64453125 2405
2406 287.6458129882812 2406
2407 287.6471252441406 2407
2408 287.6484069824219 2408
2409 287.6496887207031 2409
2410 287.6509399414062 2410
2411 287.6521606445312 2411
2412 287.6534118652344 2412
2413 287.6546020507812 2413
2414 287.6558227539062 2414
2415 287.656982421875 2415
2416 287.6581726074219 2416
2417 287.6593017578125 2417
2418 287.6604614257812 2418
2419 287.6615295410156 2419
2420 287.6626586914062 2420
2421 287.6637573242188 2421
2422 287.664794921875 2422
2423 287.6658020019531 2423
2424 287.6668395996094 2424
2425 287.6678466796875 2425
2426 287.6688232421875 2426
2427 287.6697692871094 2427
2428 287.6707153320312 2428
2429 287.671630859375 2429
2430 287.6725463867188 2430
2431 287.6734008789062 2431
2432 287.6742553710938 2432
2433 287.6750793457031 2433
2434 287.6759033203125 2434
2435 287.6766662597656 2435
2436 287.6774291992188 2436
2437 287.6781616210938 2437
2438 287.6788635253906 2438
2439 287.6795349121094 2439
2440 287.6802368164062 2440
2441 287.6808471679688 2441
2442 287.6814575195312 2442
2443 287.6820678710938 2443
2444 287.6825866699219 2444
2445 287.6831359863281 2445
2446 287.6836547851562 2446
2447 287.68408203125 2447
2448 287.6845703125 2448
2449 287.6849975585938 2449
2450 287.6853637695312 2450
2451 287.6857299804688 2451
2452 287.6860656738281 2452
2453 287.6864013671875 2453
2454 287.6866455078125 2454
2455 287.6868896484375 2455
2456 287.6871337890625 2456
2457 287.6873168945312 2457
2458 287.6874694824219 2458
2459 287.6875915527344 2459
2460 287.6876831054688 2460
2461 287.687744140625 2461
2462 287.6878051757812 2462
2463 287.6878051757812 2463
2464 287.6877746582031 2464
2465 287.687744140625 2465
2466 287.6876220703125 2466
2467 287.6875 2467
2468 287.6873779296875 2468
2469 287.6871643066406 2469
2470 287.6869506835938 2470
2471 287.6867065429688 2471
2472 287.6864318847656 2472
2473 287.6861572265625 2473
2474 287.685791015625 2474
2475 287.6854248046875 2475
2476 287.6849975585938 2476
2477 287.6845703125 2477
2478 287.68408203125 2478
2479 287.6836242675781 2479
2480 287.68310546875 2480
2481 287.6825561523438 2481
2482 287.6819458007812 2482
2483 287.6813354492188 2483
2484 287.6807250976562 2484
2485 287.6800231933594 2485
2486 287.6793518066406 2486
2487 287.6786193847656 2487
2488 287.6778869628906 2488
2489 287.6771240234375 2489
2490 287.6763305664062 2490
2491 287.6754760742188 2491
2492 287.6746520996094 2492
2493 287.6737670898438 2493
2494 287.6728820800781 2494
2495 287.6719970703125 2495
2496 287.6710815429688 2496
2497 287.6701049804688 2497
2498 287.6691589355469 2498
2499 287.6681518554688 2499
2500 287.6671752929688 2500
