"point-f-rfile"
"Time Step" "point-f etc.."
("Time Step" "point-f" "flow-time")
0 283 0
1 283 1
2 283 2
3 283 3
4 283 4
5 283 5
6 283 6
7 283 7
8 283 8
9 283 9
10 283 10
11 283 11
12 283 12
13 283 13
14 283 14
15 283 15
16 283 16
17 283 17
18 283 18
19 283 19
20 283 20
21 283 21
22 283 22
23 283 23
24 283 24
25 283 25
26 283 26
27 283 27
28 283 28
29 283 29
30 283 30
31 283 31
32 283 32
33 283 33
34 283 34
35 283 35
36 283 36
37 283 37
38 283 38
39 283 39
40 283 40
41 283 41
42 283 42
43 283.0000305175781 43
44 283.0000305175781 44
45 283.0000305175781 45
46 283.0000305175781 46
47 283.0000305175781 47
48 283.0000305175781 48
49 283.0000305175781 49
50 283.0000610351562 50
51 283.0000610351562 51
52 283.0000915527344 52
53 283.0000915527344 53
54 283.0001220703125 54
55 283.0001525878906 55
56 283.0001831054688 56
57 283.0002136230469 57
58 283.000244140625 58
59 283.0003051757812 59
60 283.0003662109375 60
61 283.0003967285156 61
62 283.0004577636719 62
63 283.0005493164062 63
64 283.0006103515625 64
65 283.0007019042969 65
66 283.0007934570312 66
67 283.0009155273438 67
68 283.0010375976562 68
69 283.0011596679688 69
70 283.0012817382812 70
71 283.00146484375 71
72 283.0016174316406 72
73 283.0018310546875 73
74 283.0020446777344 74
75 283.0022583007812 75
76 283.0025024414062 76
77 283.0027770996094 77
78 283.0031127929688 78
79 283.00341796875 79
80 283.0037231445312 80
81 283.0041198730469 81
82 283.0045166015625 82
83 283.0049438476562 83
84 283.0054321289062 84
85 283.0058898925781 85
86 283.0064086914062 86
87 283.0069885253906 87
88 283.007568359375 88
89 283.0082092285156 89
90 283.0088806152344 90
91 283.0095825195312 91
92 283.0103759765625 92
93 283.0111389160156 93
94 283.0120239257812 94
95 283.0128784179688 95
96 283.0138549804688 96
97 283.0148315429688 97
98 283.015869140625 98
99 283.0169677734375 99
100 283.0181274414062 100
101 283.0193176269531 101
102 283.0205688476562 102
103 283.0219116210938 103
104 283.0232543945312 104
105 283.0246887207031 105
106 283.0261840820312 106
107 283.0277709960938 107
108 283.0293884277344 108
109 283.0310668945312 109
110 283.0328063964844 110
111 283.0346374511719 111
112 283.0365295410156 112
113 283.0384826660156 113
114 283.0404968261719 114
115 283.0426025390625 115
116 283.0447387695312 116
117 283.0469970703125 117
118 283.04931640625 118
119 283.0516967773438 119
120 283.0541381835938 120
121 283.0567016601562 121
122 283.0592651367188 122
123 283.0619812011719 123
124 283.0647583007812 124
125 283.0675659179688 125
126 283.0704956054688 126
127 283.073486328125 127
128 283.0765686035156 128
129 283.0797119140625 129
130 283.0829467773438 130
131 283.0862731933594 131
132 283.0896606445312 132
133 283.0931396484375 133
134 283.0966796875 134
135 283.1003112792969 135
136 283.10400390625 136
137 283.1077880859375 137
138 283.1116638183594 138
139 283.1156311035156 139
140 283.1196594238281 140
141 283.123779296875 141
142 283.1279602050781 142
143 283.1322326660156 143
144 283.1365966796875 144
145 283.1410522460938 145
146 283.1455383300781 146
147 283.1501159667969 147
148 283.15478515625 148
149 283.1595153808594 149
150 283.1643371582031 150
151 283.1692810058594 151
152 283.1742248535156 152
153 283.1792907714844 153
154 283.1844177246094 154
155 283.1896362304688 155
156 283.1949462890625 156
157 283.2002868652344 157
158 283.2057189941406 158
159 283.2112121582031 159
160 283.216796875 160
161 283.2224426269531 161
162 283.2281799316406 162
163 283.2339782714844 163
164 283.2398376464844 164
165 283.2457885742188 165
166 283.2517700195312 166
167 283.2578735351562 167
168 283.2639770507812 168
169 283.2702026367188 169
170 283.2764892578125 170
171 283.2828063964844 171
172 283.2892150878906 172
173 283.2956848144531 173
174 283.3022155761719 174
175 283.3088073730469 175
176 283.3154907226562 176
177 283.3221740722656 177
178 283.3289794921875 178
179 283.3358154296875 179
180 283.3427124023438 180
181 283.3496398925781 181
182 283.3566589355469 182
183 283.3637084960938 183
184 283.370849609375 184
185 283.3779907226562 185
186 283.38525390625 186
187 283.3925170898438 187
188 283.3998413085938 188
189 283.4072265625 189
190 283.4146728515625 190
191 283.422119140625 191
192 283.4296569824219 192
193 283.4372253417969 193
194 283.4448547363281 194
195 283.4525146484375 195
196 283.460205078125 196
197 283.4679565429688 197
198 283.4757385253906 198
199 283.4835815429688 199
200 283.4914245605469 200
201 283.4993286132812 201
202 283.5072937011719 202
203 283.5152587890625 203
204 283.5232849121094 204
205 283.5313415527344 205
206 283.5394287109375 206
207 283.5475463867188 207
208 283.5557250976562 208
209 283.5639038085938 209
210 283.5720825195312 210
211 283.580322265625 211
212 283.588623046875 212
213 283.596923828125 213
214 283.605224609375 214
215 283.6135864257812 215
216 283.6219482421875 216
217 283.63037109375 217
218 283.6387939453125 218
219 283.647216796875 219
220 283.6556701660156 220
221 283.6641845703125 221
222 283.6726684570312 222
223 283.6811828613281 223
224 283.6897583007812 224
225 283.6983032226562 225
226 283.7068786621094 226
227 283.7154541015625 227
228 283.7240600585938 228
229 283.732666015625 229
230 283.7412719726562 230
231 283.7499084472656 231
232 283.758544921875 232
233 283.7672119140625 233
234 283.77587890625 234
235 283.7845458984375 235
236 283.793212890625 236
237 283.8019104003906 237
238 283.8105773925781 238
239 283.8192749023438 239
240 283.8279724121094 240
241 283.836669921875 241
242 283.8453674316406 242
243 283.8540649414062 243
244 283.8627319335938 244
245 283.8714599609375 245
246 283.8801574707031 246
247 283.8888549804688 247
248 283.8975524902344 248
249 283.9062194824219 249
250 283.9148864746094 250
251 283.9235534667969 251
252 283.9322509765625 252
253 283.94091796875 253
254 283.9495544433594 254
255 283.9581909179688 255
256 283.9668579101562 256
257 283.9754638671875 257
258 283.9840698242188 258
259 283.99267578125 259
260 284.0012817382812 260
261 284.0098266601562 261
262 284.0184020996094 262
263 284.0269775390625 263
264 284.0354919433594 264
265 284.0440063476562 265
266 284.052490234375 266
267 284.0609741210938 267
268 284.0694580078125 268
269 284.0779113769531 269
270 284.0863342285156 270
271 284.0947265625 271
272 284.1031494140625 272
273 284.1115112304688 273
274 284.1198425292969 274
275 284.128173828125 275
276 284.136474609375 276
277 284.1447448730469 277
278 284.1530151367188 278
279 284.1612548828125 279
280 284.1694641113281 280
281 284.1776123046875 281
282 284.1858215332031 282
283 284.1939086914062 283
284 284.2020263671875 284
285 284.2101135253906 285
286 284.2181701660156 286
287 284.2261962890625 287
288 284.2341918945312 288
289 284.2421569824219 289
290 284.2500610351562 290
291 284.2579956054688 291
292 284.265869140625 292
293 284.2737121582031 293
294 284.2815246582031 294
295 284.289306640625 295
296 284.2970886230469 296
297 284.3047790527344 297
298 284.3125 298
299 284.3201293945312 299
300 284.3277587890625 300
301 284.3353576660156 301
302 284.3429260253906 302
303 284.3504333496094 303
304 284.35791015625 304
305 284.3653869628906 305
306 284.372802734375 306
307 284.3801879882812 307
308 284.3875427246094 308
309 284.3948669433594 309
310 284.4021606445312 310
311 284.4093933105469 311
312 284.4165954589844 312
313 284.4237670898438 313
314 284.430908203125 314
315 284.4380187988281 315
316 284.445068359375 316
317 284.4520874023438 317
318 284.4591064453125 318
319 284.466064453125 319
320 284.4729614257812 320
321 284.4798583984375 321
322 284.4866943359375 322
323 284.4934997558594 323
324 284.5002746582031 324
325 284.5070190429688 325
326 284.5137329101562 326
327 284.5204162597656 327
328 284.5270385742188 328
329 284.5336303710938 329
330 284.5401916503906 330
331 284.5467529296875 331
332 284.55322265625 332
333 284.5597229003906 333
334 284.566162109375 334
335 284.5725708007812 335
336 284.5789489746094 336
337 284.5852661132812 337
338 284.5916137695312 338
339 284.597900390625 339
340 284.6041564941406 340
341 284.6103820800781 341
342 284.6166076660156 342
343 284.622802734375 343
344 284.6289672851562 344
345 284.6351013183594 345
346 284.6412353515625 346
347 284.6473388671875 347
348 284.6534118652344 348
349 284.6594848632812 349
350 284.66552734375 350
351 284.6715698242188 351
352 284.6776123046875 352
353 284.6836242675781 353
354 284.6896057128906 354
355 284.6956176757812 355
356 284.7015991210938 356
357 284.7075805664062 357
358 284.7135620117188 358
359 284.7195434570312 359
360 284.7255249023438 360
361 284.7314758300781 361
362 284.7374267578125 362
363 284.743408203125 363
364 284.7493896484375 364
365 284.7554016113281 365
366 284.7613830566406 366
367 284.7673950195312 367
368 284.7733764648438 368
369 284.7794189453125 369
370 284.7854614257812 370
371 284.79150390625 371
372 284.7975769042969 372
373 284.8036499023438 373
374 284.8097534179688 374
375 284.8158569335938 375
376 284.822021484375 376
377 284.8281555175781 377
378 284.8343505859375 378
379 284.840576171875 379
380 284.8468017578125 380
381 284.8530883789062 381
382 284.859375 382
383 284.8656616210938 383
384 284.8720397949219 384
385 284.87841796875 385
386 284.8848266601562 386
387 284.8912658691406 387
388 284.8977355957031 388
389 284.9042358398438 389
390 284.9107971191406 390
391 284.9173889160156 391
392 284.9240112304688 392
393 284.9306640625 393
394 284.9373474121094 394
395 284.944091796875 395
396 284.9508972167969 396
397 284.9577026367188 397
398 284.9645385742188 398
399 284.9714660644531 399
400 284.9783935546875 400
401 284.9853820800781 401
402 284.992431640625 402
403 284.99951171875 403
404 285.006591796875 404
405 285.0137329101562 405
406 285.0209350585938 406
407 285.0281982421875 407
408 285.0354614257812 408
409 285.0428161621094 409
410 285.0501708984375 410
411 285.0575866699219 411
412 285.0650634765625 412
413 285.0726013183594 413
414 285.0801391601562 414
415 285.0877380371094 415
416 285.0953979492188 416
417 285.1030578613281 417
418 285.1108093261719 418
419 285.1185913085938 419
420 285.1264038085938 420
421 285.13427734375 421
422 285.1421813964844 422
423 285.150146484375 423
424 285.1581420898438 424
425 285.1661682128906 425
426 285.1742553710938 426
427 285.182373046875 427
428 285.1905517578125 428
429 285.1987609863281 429
430 285.2070007324219 430
431 285.2153015136719 431
432 285.2236328125 432
433 285.2319946289062 433
434 285.2404174804688 434
435 285.2488708496094 435
436 285.2573547363281 436
437 285.2658996582031 437
438 285.2744140625 438
439 285.2830505371094 439
440 285.2916870117188 440
441 285.3003540039062 441
442 285.3090515136719 442
443 285.3178100585938 443
444 285.3265991210938 444
445 285.3354187011719 445
446 285.3442687988281 446
447 285.3531494140625 447
448 285.362060546875 448
449 285.3710021972656 449
450 285.3799743652344 450
451 285.3889770507812 451
452 285.3980102539062 452
453 285.4070434570312 453
454 285.4161376953125 454
455 285.4252624511719 455
456 285.4343872070312 456
457 285.4435424804688 457
458 285.4527587890625 458
459 285.4619750976562 459
460 285.4712219238281 460
461 285.4804992675781 461
462 285.4897766113281 462
463 285.4990539550781 463
464 285.5083923339844 464
465 285.5177612304688 465
466 285.5271301269531 466
467 285.5364990234375 467
468 285.5458984375 468
469 285.5552978515625 469
470 285.5647583007812 470
471 285.57421875 471
472 285.5836791992188 472
473 285.5931396484375 473
474 285.6026306152344 474
475 285.6121520996094 475
476 285.6216430664062 476
477 285.6311950683594 477
478 285.6407165527344 478
479 285.6502685546875 479
480 285.6597900390625 480
481 285.6693725585938 481
482 285.678955078125 482
483 285.6885375976562 483
484 285.6980895996094 484
485 285.7076416015625 485
486 285.7172546386719 486
487 285.7268676757812 487
488 285.7364501953125 488
489 285.7460327148438 489
490 285.755615234375 490
491 285.7652282714844 491
492 285.7748107910156 492
493 285.784423828125 493
494 285.7940063476562 494
495 285.8035888671875 495
496 285.8131713867188 496
497 285.82275390625 497
498 285.8323364257812 498
499 285.8419189453125 499
500 285.8514404296875 500
501 285.8609924316406 501
502 285.8705444335938 502
503 285.8800964355469 503
504 285.8896179199219 504
505 285.8991088867188 505
506 285.9086303710938 506
507 285.9181518554688 507
508 285.9276123046875 508
509 285.9370727539062 509
510 285.946533203125 510
511 285.9559631347656 511
512 285.9653930664062 512
513 285.9748229980469 513
514 285.9841918945312 514
515 285.9935913085938 515
516 286.0029296875 516
517 286.0122680664062 517
518 286.0215759277344 518
519 286.0308837890625 519
520 286.0401611328125 520
521 286.0494384765625 521
522 286.0586547851562 522
523 286.06787109375 523
524 286.0770568847656 524
525 286.0862121582031 525
526 286.0953674316406 526
527 286.1044921875 527
528 286.1135559082031 528
529 286.1226196289062 529
530 286.1316833496094 530
531 286.1406860351562 531
532 286.149658203125 532
533 286.1586303710938 533
534 286.1675415039062 534
535 286.1764831542969 535
536 286.185302734375 536
537 286.1941528320312 537
538 286.2029418945312 538
539 286.2117309570312 539
540 286.220458984375 540
541 286.2291870117188 541
542 286.2378540039062 542
543 286.2465209960938 543
544 286.2550964355469 544
545 286.263671875 545
546 286.2722473144531 546
547 286.2807312011719 547
548 286.2891845703125 548
549 286.297607421875 549
550 286.3060302734375 550
551 286.3143920898438 551
552 286.3226928710938 552
553 286.3309936523438 553
554 286.3392333984375 554
555 286.3474426269531 555
556 286.3555908203125 556
557 286.3637084960938 557
558 286.371826171875 558
559 286.3798522949219 559
560 286.3878784179688 560
561 286.3958435058594 561
562 286.4037780761719 562
563 286.4116821289062 563
564 286.4194946289062 564
565 286.4273071289062 565
566 286.43505859375 566
567 286.4427795410156 567
568 286.450439453125 568
569 286.4580993652344 569
570 286.4656982421875 570
571 286.4732360839844 571
572 286.4807434082031 572
573 286.4881896972656 573
574 286.49560546875 574
575 286.5029907226562 575
576 286.5103149414062 576
577 286.5176086425781 577
578 286.5248413085938 578
579 286.5320434570312 579
580 286.5391845703125 580
581 286.5462951660156 581
582 286.5533752441406 582
583 286.5603637695312 583
584 286.5673522949219 584
585 286.5742492675781 585
586 286.5811462402344 586
587 286.5880126953125 587
588 286.5947875976562 588
589 286.6015319824219 589
590 286.6082458496094 590
591 286.6148986816406 591
592 286.6215209960938 592
593 286.6280822753906 593
594 286.6346130371094 594
595 286.6410827636719 595
596 286.6475219726562 596
597 286.6539306640625 597
598 286.6602783203125 598
599 286.6665954589844 599
600 286.6728820800781 600
601 286.6791076660156 601
602 286.6852722167969 602
603 286.6914367675781 603
604 286.6975708007812 604
605 286.7036437988281 605
606 286.7096862792969 606
607 286.7156982421875 607
608 286.7216491699219 608
609 286.7275695800781 609
610 286.7334899902344 610
611 286.7393493652344 611
612 286.7451782226562 612
613 286.7509765625 613
614 286.7567749023438 614
615 286.7625427246094 615
616 286.7682495117188 616
617 286.77392578125 617
618 286.7796325683594 618
619 286.7852783203125 619
620 286.7908935546875 620
621 286.7965087890625 621
622 286.8021240234375 622
623 286.8076782226562 623
624 286.813232421875 624
625 286.8187866210938 625
626 286.8243103027344 626
627 286.829833984375 627
628 286.8353271484375 628
629 286.8408203125 629
630 286.8463439941406 630
631 286.851806640625 631
632 286.8573303222656 632
633 286.86279296875 633
634 286.8682861328125 634
635 286.873779296875 635
636 286.8792724609375 636
637 286.884765625 637
638 286.8902587890625 638
639 286.895751953125 639
640 286.9012451171875 640
641 286.9067687988281 641
642 286.9122924804688 642
643 286.9178466796875 643
644 286.9234008789062 644
645 286.928955078125 645
646 286.9345397949219 646
647 286.9401550292969 647
648 286.9457702636719 648
649 286.951416015625 649
650 286.9570617675781 650
651 286.9627685546875 651
652 286.9684448242188 652
653 286.9741821289062 653
654 286.9799499511719 654
655 286.9857177734375 655
656 286.9915161132812 656
657 286.9973754882812 657
658 287.0032348632812 658
659 287.0091247558594 659
660 287.0150451660156 660
661 287.02099609375 661
662 287.0269775390625 662
663 287.0330200195312 663
664 287.0390319824219 664
665 287.045166015625 665
666 287.05126953125 666
667 287.0574035644531 667
668 287.0635986328125 668
669 287.0698547363281 669
670 287.0761108398438 670
671 287.0823974609375 671
672 287.0887451171875 672
673 287.0951538085938 673
674 287.1015625 674
675 287.1080017089844 675
676 287.114501953125 676
677 287.1210327148438 677
678 287.1275939941406 678
679 287.1342163085938 679
680 287.140869140625 680
681 287.1475830078125 681
682 287.154296875 682
683 287.1610717773438 683
684 287.1678771972656 684
685 287.1747131347656 685
686 287.181640625 686
687 287.1885375976562 687
688 287.1954956054688 688
689 287.2025146484375 689
690 287.2095336914062 690
691 287.2166442871094 691
692 287.2237548828125 692
693 287.2308959960938 693
694 287.2381591796875 694
695 287.245361328125 695
696 287.2526550292969 696
697 287.2599487304688 697
698 287.267333984375 698
699 287.2747192382812 699
700 287.2821350097656 700
701 287.2896118164062 701
702 287.2970886230469 702
703 287.3046264648438 703
704 287.3121948242188 704
705 287.3197937011719 705
706 287.3274536132812 706
707 287.3351135253906 707
708 287.3428344726562 708
709 287.3505554199219 709
710 287.3583068847656 710
711 287.3661193847656 711
712 287.3739318847656 712
713 287.3818054199219 713
714 287.3896789550781 714
715 287.3976135253906 715
716 287.4055480957031 716
717 287.4135437011719 717
718 287.4215698242188 718
719 287.4295654296875 719
720 287.4376220703125 720
721 287.4456787109375 721
722 287.4537963867188 722
723 287.4619445800781 723
724 287.4700927734375 724
725 287.478271484375 725
726 287.4864807128906 726
727 287.4946899414062 727
728 287.5029296875 728
729 287.5111999511719 729
730 287.5194702148438 730
731 287.5277709960938 731
732 287.5361022949219 732
733 287.54443359375 733
734 287.5527954101562 734
735 287.5611572265625 735
736 287.5695190429688 736
737 287.5779418945312 737
738 287.5863037109375 738
739 287.5947570800781 739
740 287.6032104492188 740
741 287.6116333007812 741
742 287.6201171875 742
743 287.6285705566406 743
744 287.6370239257812 744
745 287.6455383300781 745
746 287.6540222167969 746
747 287.6625061035156 747
748 287.6710205078125 748
749 287.6795349121094 749
750 287.6880493164062 750
751 287.6965942382812 751
752 287.7051086425781 752
753 287.713623046875 753
754 287.7221374511719 754
755 287.7306518554688 755
756 287.7391967773438 756
757 287.7477111816406 757
758 287.7562255859375 758
759 287.7647705078125 759
760 287.7732849121094 760
761 287.7817993164062 761
762 287.7903442382812 762
763 287.798828125 763
764 287.8073425292969 764
765 287.8158264160156 765
766 287.8243408203125 766
767 287.8328247070312 767
768 287.8412780761719 768
769 287.8497314453125 769
770 287.8582153320312 770
771 287.8666687011719 771
772 287.8750915527344 772
773 287.883544921875 773
774 287.8919067382812 774
775 287.9003295898438 775
776 287.9087219238281 776
777 287.9170837402344 777
778 287.9254150390625 778
779 287.9337463378906 779
780 287.9420776367188 780
781 287.9503784179688 781
782 287.9586791992188 782
783 287.9669189453125 783
784 287.9751586914062 784
785 287.9833984375 785
786 287.9916076660156 786
787 287.9997863769531 787
788 288.0079650878906 788
789 288.01611328125 789
790 288.0242309570312 790
791 288.0322875976562 791
792 288.0403747558594 792
793 288.0484313964844 793
794 288.0564575195312 794
795 288.064453125 795
796 288.0724182128906 796
797 288.0803527832031 797
798 288.0882568359375 798
799 288.0961608886719 799
800 288.10400390625 800
801 288.11181640625 801
802 288.1195983886719 802
803 288.1273803710938 803
804 288.1351013183594 804
805 288.142822265625 805
806 288.1504821777344 806
807 288.1581420898438 807
808 288.1657104492188 808
809 288.1733093261719 809
810 288.1808471679688 810
811 288.1883239746094 811
812 288.19580078125 812
813 288.2032470703125 813
814 288.2106018066406 814
815 288.2179870605469 815
816 288.2253112792969 816
817 288.2325744628906 817
818 288.2398376464844 818
819 288.2470397949219 819
820 288.2542114257812 820
821 288.2613525390625 821
822 288.2684326171875 822
823 288.2755126953125 823
824 288.2825012207031 824
825 288.2894897460938 825
826 288.2964172363281 826
827 288.3032836914062 827
828 288.3101501464844 828
829 288.3169555664062 829
830 288.32373046875 830
831 288.3304443359375 831
832 288.337158203125 832
833 288.3438110351562 833
834 288.3504028320312 834
835 288.35693359375 835
836 288.3634338378906 836
837 288.3699340820312 837
838 288.3763427734375 838
839 288.3827209472656 839
840 288.3890380859375 840
841 288.3953552246094 841
842 288.401611328125 842
843 288.4078063964844 843
844 288.4139709472656 844
845 288.4200439453125 845
846 288.4261474609375 846
847 288.4321594238281 847
848 288.4381408691406 848
849 288.4440612792969 849
850 288.449951171875 850
851 288.4557800292969 851
852 288.4615783691406 852
853 288.4673156738281 853
854 288.4730224609375 854
855 288.4786987304688 855
856 288.4843139648438 856
857 288.4898681640625 857
858 288.4953918457031 858
859 288.5008544921875 859
860 288.5062866210938 860
861 288.5116577148438 861
862 288.5170288085938 862
863 288.5222778320312 863
864 288.5275268554688 864
865 288.5327453613281 865
866 288.5379028320312 866
867 288.5430297851562 867
868 288.5481262207031 868
869 288.5531311035156 869
870 288.5581359863281 870
871 288.5630798339844 871
872 288.5679931640625 872
873 288.5728759765625 873
874 288.5776977539062 874
875 288.5824890136719 875
876 288.5872497558594 876
877 288.5919799804688 877
878 288.5966796875 878
879 288.601318359375 879
880 288.60595703125 880
881 288.6105346679688 881
882 288.6150817871094 882
883 288.61962890625 883
884 288.6241455078125 884
885 288.6286010742188 885
886 288.6330261230469 886
887 288.637451171875 887
888 288.641845703125 888
889 288.646240234375 889
890 288.6505737304688 890
891 288.6549072265625 891
892 288.6592407226562 892
893 288.6635437011719 893
894 288.6678161621094 894
895 288.6720581054688 895
896 288.6763305664062 896
897 288.6806030273438 897
898 288.6848449707031 898
899 288.6890563964844 899
900 288.6932983398438 900
901 288.697509765625 901
902 288.7017211914062 902
903 288.7059326171875 903
904 288.7101440429688 904
905 288.71435546875 905
906 288.7185974121094 906
907 288.7228088378906 907
908 288.72705078125 908
909 288.7312927246094 909
910 288.7355346679688 910
911 288.7397766113281 911
912 288.7440490722656 912
913 288.7483215332031 913
914 288.7526245117188 914
915 288.7568969726562 915
916 288.76123046875 916
917 288.7655639648438 917
918 288.7699279785156 918
919 288.7742919921875 919
920 288.7786865234375 920
921 288.7831115722656 921
922 288.7875671386719 922
923 288.7920227050781 923
924 288.7965087890625 924
925 288.801025390625 925
926 288.8055725097656 926
927 288.8101501464844 927
928 288.8147583007812 928
929 288.8193969726562 929
930 288.8240356445312 930
931 288.8287353515625 931
932 288.8334350585938 932
933 288.8381958007812 933
934 288.8429870605469 934
935 288.8478088378906 935
936 288.8526611328125 936
937 288.8575439453125 937
938 288.8624877929688 938
939 288.867431640625 939
940 288.8724365234375 940
941 288.8775024414062 941
942 288.882568359375 942
943 288.8876647949219 943
944 288.892822265625 944
945 288.8979797363281 945
946 288.9031982421875 946
947 288.9084777832031 947
948 288.9137573242188 948
949 288.9191284179688 949
950 288.9244995117188 950
951 288.9299011230469 951
952 288.9353637695312 952
953 288.9408569335938 953
954 288.9463500976562 954
955 288.9519348144531 955
956 288.9575805664062 956
957 288.9631958007812 957
958 288.9688720703125 958
959 288.974609375 959
960 288.9803771972656 960
961 288.9861450195312 961
962 288.9920043945312 962
963 288.9978637695312 963
964 289.0037841796875 964
965 289.009765625 965
966 289.0157470703125 966
967 289.0217590332031 967
968 289.0278015136719 968
969 289.0339050292969 969
970 289.0400390625 970
971 289.0462036132812 971
972 289.0524291992188 972
973 289.0586547851562 973
974 289.0649108886719 974
975 289.0711975097656 975
976 289.0775451660156 976
977 289.0839233398438 977
978 289.09033203125 978
979 289.0967407226562 979
980 289.1032104492188 980
981 289.1097106933594 981
982 289.1162109375 982
983 289.1227722167969 983
984 289.1293640136719 984
985 289.135986328125 985
986 289.1426086425781 986
987 289.1492614746094 987
988 289.1559753417969 988
989 289.1626586914062 989
990 289.1694030761719 990
991 289.1761779785156 991
992 289.1829528808594 992
993 289.1897583007812 993
994 289.1965942382812 994
995 289.2034606933594 995
996 289.2103271484375 996
997 289.2172241210938 997
998 289.22412109375 998
999 289.2310791015625 999
1000 289.238037109375 1000
1001 289.2449951171875 1001
1002 289.2519836425781 1002
1003 289.2589721679688 1003
1004 289.2659912109375 1004
1005 289.2730407714844 1005
1006 289.2800903320312 1006
1007 289.2871398925781 1007
1008 289.2942199707031 1008
1009 289.3013305664062 1009
1010 289.3084106445312 1010
1011 289.3155212402344 1011
1012 289.3226318359375 1012
1013 289.3297729492188 1013
1014 289.3368835449219 1014
1015 289.3440551757812 1015
1016 289.3511962890625 1016
1017 289.3583374023438 1017
1018 289.3655090332031 1018
1019 289.3726806640625 1019
1020 289.3798217773438 1020
1021 289.3869934082031 1021
1022 289.3941955566406 1022
1023 289.4013671875 1023
1024 289.4085388183594 1024
1025 289.4157104492188 1025
1026 289.4228820800781 1026
1027 289.4300537109375 1027
1028 289.437255859375 1028
1029 289.4443969726562 1029
1030 289.4515991210938 1030
1031 289.458740234375 1031
1032 289.4659118652344 1032
1033 289.4730529785156 1033
1034 289.4801940917969 1034
1035 289.4873352050781 1035
1036 289.4944763183594 1036
1037 289.5016174316406 1037
1038 289.5087280273438 1038
1039 289.5158386230469 1039
1040 289.5229187011719 1040
1041 289.530029296875 1041
1042 289.5370788574219 1042
1043 289.5441284179688 1043
1044 289.5512084960938 1044
1045 289.5582275390625 1045
1046 289.5652770996094 1046
1047 289.572265625 1047
1048 289.5792236328125 1048
1049 289.5862426757812 1049
1050 289.5931701660156 1050
1051 289.60009765625 1051
1052 289.6070556640625 1052
1053 289.6139526367188 1053
1054 289.620849609375 1054
1055 289.627685546875 1055
1056 289.634521484375 1056
1057 289.6413269042969 1057
1058 289.6481323242188 1058
1059 289.6549072265625 1059
1060 289.6616516113281 1060
1061 289.6683959960938 1061
1062 289.6750793457031 1062
1063 289.6817626953125 1063
1064 289.6884155273438 1064
1065 289.6950378417969 1065
1066 289.70166015625 1066
1067 289.7082214355469 1067
1068 289.7147827148438 1068
1069 289.7212524414062 1069
1070 289.7277526855469 1070
1071 289.7341918945312 1071
1072 289.7406311035156 1072
1073 289.7470092773438 1073
1074 289.7533874511719 1074
1075 289.7597045898438 1075
1076 289.7660217285156 1076
1077 289.7722778320312 1077
1078 289.7785034179688 1078
1079 289.7846984863281 1079
1080 289.7908935546875 1080
1081 289.7970275878906 1081
1082 289.8031311035156 1082
1083 289.8092041015625 1083
1084 289.8152160644531 1084
1085 289.8211975097656 1085
1086 289.8271484375 1086
1087 289.8330688476562 1087
1088 289.8389282226562 1088
1089 289.8447875976562 1089
1090 289.8505859375 1090
1091 289.8563537597656 1091
1092 289.862060546875 1092
1093 289.8677673339844 1093
1094 289.8734130859375 1094
1095 289.8790283203125 1095
1096 289.8845825195312 1096
1097 289.8901062011719 1097
1098 289.8955993652344 1098
1099 289.9010314941406 1099
1100 289.9064331054688 1100
1101 289.9118041992188 1101
1102 289.9171142578125 1102
1103 289.9223937988281 1103
1104 289.9276428222656 1104
1105 289.9328308105469 1105
1106 289.93798828125 1106
1107 289.9430847167969 1107
1108 289.9481506347656 1108
1109 289.9531860351562 1109
1110 289.9581298828125 1110
1111 289.9630737304688 1111
1112 289.9679565429688 1112
1113 289.9728088378906 1113
1114 289.9776000976562 1114
1115 289.9823608398438 1115
1116 289.987060546875 1116
1117 289.9917297363281 1117
1118 289.996337890625 1118
1119 290.0009155273438 1119
1120 290.0054626464844 1120
1121 290.0099487304688 1121
1122 290.0143737792969 1122
1123 290.0187683105469 1123
1124 290.0231323242188 1124
1125 290.0274353027344 1125
1126 290.0317077636719 1126
1127 290.035888671875 1127
1128 290.0400695800781 1128
1129 290.044189453125 1129
1130 290.0482788085938 1130
1131 290.0523071289062 1131
1132 290.0563049316406 1132
1133 290.0602416992188 1133
1134 290.0641479492188 1134
1135 290.0680236816406 1135
1136 290.0718383789062 1136
1137 290.0756225585938 1137
1138 290.0793762207031 1138
1139 290.0830688476562 1139
1140 290.0867309570312 1140
1141 290.09033203125 1141
1142 290.0939025878906 1142
1143 290.0974731445312 1143
1144 290.1009521484375 1144
1145 290.1044311523438 1145
1146 290.1078491210938 1146
1147 290.1112670898438 1147
1148 290.1146240234375 1148
1149 290.117919921875 1149
1150 290.1212463378906 1150
1151 290.12451171875 1151
1152 290.1277465820312 1152
1153 290.1309814453125 1153
1154 290.1341552734375 1154
1155 290.1372985839844 1155
1156 290.1404418945312 1156
1157 290.1435546875 1157
1158 290.1466674804688 1158
1159 290.1497192382812 1159
1160 290.1527709960938 1160
1161 290.1558227539062 1161
1162 290.1588134765625 1162
1163 290.1618347167969 1163
1164 290.1648254394531 1164
1165 290.1677856445312 1165
1166 290.1707763671875 1166
1167 290.1737060546875 1167
1168 290.1766662597656 1168
1169 290.1796264648438 1169
1170 290.1825561523438 1170
1171 290.1854858398438 1171
1172 290.1884155273438 1172
1173 290.1913757324219 1173
1174 290.1943054199219 1174
1175 290.197265625 1175
1176 290.2001953125 1176
1177 290.2031555175781 1177
1178 290.2061157226562 1178
1179 290.2090759277344 1179
1180 290.2120361328125 1180
1181 290.2150573730469 1181
1182 290.2180480957031 1182
1183 290.2210693359375 1183
1184 290.22412109375 1184
1185 290.2271423339844 1185
1186 290.2301940917969 1186
1187 290.2332763671875 1187
1188 290.2363891601562 1188
1189 290.2395324707031 1189
1190 290.2426452636719 1190
1191 290.2458190917969 1191
1192 290.2490234375 1192
1193 290.2522583007812 1193
1194 290.2554931640625 1194
1195 290.2587585449219 1195
1196 290.2620544433594 1196
1197 290.265380859375 1197
1198 290.2687377929688 1198
1199 290.2721252441406 1199
1200 290.2755737304688 1200
1201 290.2789916992188 1201
1202 290.282470703125 1202
1203 290.2860107421875 1203
1204 290.28955078125 1204
1205 290.2931213378906 1205
1206 290.2967529296875 1206
1207 290.3004150390625 1207
1208 290.3041076660156 1208
1209 290.3078308105469 1209
1210 290.3115844726562 1210
1211 290.3153686523438 1211
1212 290.3192443847656 1212
1213 290.3231201171875 1213
1214 290.3270263671875 1214
1215 290.3309631347656 1215
1216 290.3349609375 1216
1217 290.3389892578125 1217
1218 290.3430786132812 1218
1219 290.34716796875 1219
1220 290.351318359375 1220
1221 290.3554992675781 1221
1222 290.3597412109375 1222
1223 290.3639831542969 1223
1224 290.3682556152344 1224
1225 290.3726196289062 1225
1226 290.3770141601562 1226
1227 290.3814392089844 1227
1228 290.3858947753906 1228
1229 290.390380859375 1229
1230 290.3948974609375 1230
1231 290.3994750976562 1231
1232 290.4041137695312 1232
1233 290.4087524414062 1233
1234 290.4134216308594 1234
1235 290.4181518554688 1235
1236 290.4229125976562 1236
1237 290.4277038574219 1237
1238 290.4325561523438 1238
1239 290.4374084472656 1239
1240 290.4422912597656 1240
1241 290.4472351074219 1241
1242 290.4522094726562 1242
1243 290.4572143554688 1243
1244 290.4622497558594 1244
1245 290.4673461914062 1245
1246 290.4724426269531 1246
1247 290.4775695800781 1247
1248 290.4827270507812 1248
1249 290.4879150390625 1249
1250 290.4931640625 1250
1251 290.4984436035156 1251
1252 290.5037231445312 1252
1253 290.509033203125 1253
1254 290.5143737792969 1254
1255 290.519775390625 1255
1256 290.525146484375 1256
1257 290.5305786132812 1257
1258 290.5360412597656 1258
1259 290.54150390625 1259
1260 290.5470275878906 1260
1261 290.5525512695312 1261
1262 290.55810546875 1262
1263 290.5636901855469 1263
1264 290.5692749023438 1264
1265 290.5748901367188 1265
1266 290.5805358886719 1266
1267 290.5862121582031 1267
1268 290.5918884277344 1268
1269 290.5975646972656 1269
1270 290.6033325195312 1270
1271 290.6090393066406 1271
1272 290.6148071289062 1272
1273 290.6205444335938 1273
1274 290.6263427734375 1274
1275 290.6321411132812 1275
1276 290.637939453125 1276
1277 290.6437377929688 1277
1278 290.6495971679688 1278
1279 290.6554565429688 1279
1280 290.6613159179688 1280
1281 290.6671752929688 1281
1282 290.673095703125 1282
1283 290.678955078125 1283
1284 290.6848449707031 1284
1285 290.6907653808594 1285
1286 290.6966857910156 1286
1287 290.7025756835938 1287
1288 290.7085266113281 1288
1289 290.7144165039062 1289
1290 290.7203674316406 1290
1291 290.726318359375 1291
1292 290.7322387695312 1292
1293 290.7381896972656 1293
1294 290.744140625 1294
1295 290.7500610351562 1295
1296 290.7559814453125 1296
1297 290.7619323730469 1297
1298 290.7678833007812 1298
1299 290.7738037109375 1299
1300 290.7797546386719 1300
1301 290.78564453125 1301
1302 290.7915954589844 1302
1303 290.7975158691406 1303
1304 290.8034057617188 1304
1305 290.809326171875 1305
1306 290.8152160644531 1306
1307 290.8211059570312 1307
1308 290.8269653320312 1308
1309 290.8328552246094 1309
1310 290.8386840820312 1310
1311 290.8445434570312 1311
1312 290.8504028320312 1312
1313 290.856201171875 1313
1314 290.8620300292969 1314
1315 290.8678283691406 1315
1316 290.8735961914062 1316
1317 290.87939453125 1317
1318 290.8851318359375 1318
1319 290.890869140625 1319
1320 290.8966064453125 1320
1321 290.9023132324219 1321
1322 290.9079895019531 1322
1323 290.9136352539062 1323
1324 290.9193115234375 1324
1325 290.9249267578125 1325
1326 290.9305419921875 1326
1327 290.9361267089844 1327
1328 290.9416809082031 1328
1329 290.9472351074219 1329
1330 290.9527587890625 1330
1331 290.958251953125 1331
1332 290.9637145996094 1332
1333 290.9691467285156 1333
1334 290.9745788574219 1334
1335 290.97998046875 1335
1336 290.9853210449219 1336
1337 290.9906616210938 1337
1338 290.9959716796875 1338
1339 291.0012817382812 1339
1340 291.0065307617188 1340
1341 291.0117797851562 1341
1342 291.0169677734375 1342
1343 291.0221252441406 1343
1344 291.0272827148438 1344
1345 291.0323791503906 1345
1346 291.0374450683594 1346
1347 291.04248046875 1347
1348 291.0474853515625 1348
1349 291.052490234375 1349
1350 291.0574035644531 1350
1351 291.0623168945312 1351
1352 291.0671997070312 1352
1353 291.0720520019531 1353
1354 291.0768432617188 1354
1355 291.0816040039062 1355
1356 291.0863647460938 1356
1357 291.091064453125 1357
1358 291.095703125 1358
1359 291.100341796875 1359
1360 291.1049194335938 1360
1361 291.1094665527344 1361
1362 291.1139831542969 1362
1363 291.1184387207031 1363
1364 291.1228637695312 1364
1365 291.1272888183594 1365
1366 291.1316528320312 1366
1367 291.1359252929688 1367
1368 291.1401977539062 1368
1369 291.1444702148438 1369
1370 291.1486511230469 1370
1371 291.1528015136719 1371
1372 291.1569213867188 1372
1373 291.1610107421875 1373
1374 291.1650085449219 1374
1375 291.1690063476562 1375
1376 291.1729431152344 1376
1377 291.1768493652344 1377
1378 291.1807250976562 1378
1379 291.1845092773438 1379
1380 291.1882934570312 1380
1381 291.1920471191406 1381
1382 291.1957397460938 1382
1383 291.1994018554688 1383
1384 291.2030029296875 1384
1385 291.20654296875 1385
1386 291.2100524902344 1386
1387 291.2135314941406 1387
1388 291.2169494628906 1388
1389 291.2203369140625 1389
1390 291.2236938476562 1390
1391 291.2269897460938 1391
1392 291.230224609375 1392
1393 291.2334289550781 1393
1394 291.236572265625 1394
1395 291.2397155761719 1395
1396 291.2427978515625 1396
1397 291.245849609375 1397
1398 291.2488098144531 1398
1399 291.2517700195312 1399
1400 291.254638671875 1400
1401 291.2575073242188 1401
1402 291.2603454589844 1402
1403 291.2631225585938 1403
1404 291.2658386230469 1404
1405 291.2685546875 1405
1406 291.2711791992188 1406
1407 291.2738037109375 1407
1408 291.2763671875 1408
1409 291.2789001464844 1409
1410 291.2814025878906 1410
1411 291.2838439941406 1411
1412 291.2862548828125 1412
1413 291.2886352539062 1413
1414 291.291015625 1414
1415 291.2933349609375 1415
1416 291.2955932617188 1416
1417 291.2978210449219 1417
1418 291.300048828125 1418
1419 291.30224609375 1419
1420 291.3043823242188 1420
1421 291.3065185546875 1421
1422 291.3086242675781 1422
1423 291.3106994628906 1423
1424 291.312744140625 1424
1425 291.3147888183594 1425
1426 291.3167724609375 1426
1427 291.3187866210938 1427
1428 291.3207397460938 1428
1429 291.3226928710938 1429
1430 291.3246154785156 1430
1431 291.3265380859375 1431
1432 291.3284301757812 1432
1433 291.330322265625 1433
1434 291.3321838378906 1434
1435 291.3340759277344 1435
1436 291.3359375 1436
1437 291.3377685546875 1437
1438 291.3396301269531 1438
1439 291.3414611816406 1439
1440 291.3433227539062 1440
1441 291.3451538085938 1441
1442 291.3469848632812 1442
1443 291.3488464355469 1443
1444 291.3506774902344 1444
1445 291.3525390625 1445
1446 291.3544006347656 1446
1447 291.3562622070312 1447
1448 291.358154296875 1448
1449 291.3600463867188 1449
1450 291.3619384765625 1450
1451 291.3638305664062 1451
1452 291.3657531738281 1452
1453 291.3677062988281 1453
1454 291.3696899414062 1454
1455 291.3716430664062 1455
1456 291.3736572265625 1456
1457 291.3756408691406 1457
1458 291.377685546875 1458
1459 291.3797607421875 1459
1460 291.3818359375 1460
1461 291.3839416503906 1461
1462 291.3860778808594 1462
1463 291.3882446289062 1463
1464 291.3904418945312 1464
1465 291.3926391601562 1465
1466 291.3948974609375 1466
1467 291.3971557617188 1467
1468 291.3994445800781 1468
1469 291.4018249511719 1469
1470 291.4042053222656 1470
1471 291.4065856933594 1471
1472 291.4089965820312 1472
1473 291.4114990234375 1473
1474 291.4140014648438 1474
1475 291.4165649414062 1475
1476 291.4191284179688 1476
1477 291.4217529296875 1477
1478 291.4243774414062 1478
1479 291.4270629882812 1479
1480 291.4297790527344 1480
1481 291.4325561523438 1481
1482 291.4353637695312 1482
1483 291.4381713867188 1483
1484 291.4411010742188 1484
1485 291.4439697265625 1485
1486 291.4469604492188 1486
1487 291.449951171875 1487
1488 291.4530029296875 1488
1489 291.4560546875 1489
1490 291.4591674804688 1490
1491 291.4623107910156 1491
1492 291.4655151367188 1492
1493 291.4687194824219 1493
1494 291.4720153808594 1494
1495 291.4753112792969 1495
1496 291.4786682128906 1496
1497 291.4820556640625 1497
1498 291.4854736328125 1498
1499 291.4889221191406 1499
1500 291.492431640625 1500
1501 291.4959716796875 1501
1502 291.4995727539062 1502
1503 291.5032043457031 1503
1504 291.5068359375 1504
1505 291.5105590820312 1505
1506 291.5142822265625 1506
1507 291.5180358886719 1507
1508 291.5218505859375 1508
1509 291.5256958007812 1509
1510 291.529541015625 1510
1511 291.533447265625 1511
1512 291.5374145507812 1512
1513 291.5413818359375 1513
1514 291.5453796386719 1514
1515 291.5494384765625 1515
1516 291.5534973144531 1516
1517 291.5576171875 1517
1518 291.561767578125 1518
1519 291.5659484863281 1519
1520 291.5701293945312 1520
1521 291.5743408203125 1521
1522 291.5786437988281 1522
1523 291.5829162597656 1523
1524 291.5872192382812 1524
1525 291.5915832519531 1525
1526 291.5959777832031 1526
1527 291.6003723144531 1527
1528 291.6047668457031 1528
1529 291.6092529296875 1529
1530 291.6137084960938 1530
1531 291.6182250976562 1531
1532 291.6227722167969 1532
1533 291.6272888183594 1533
1534 291.6318664550781 1534
1535 291.6364440917969 1535
1536 291.6410522460938 1536
1537 291.6456909179688 1537
1538 291.6503295898438 1538
1539 291.655029296875 1539
1540 291.6596984863281 1540
1541 291.6643981933594 1541
1542 291.6691284179688 1542
1543 291.6738891601562 1543
1544 291.6786499023438 1544
1545 291.6834106445312 1545
1546 291.6881713867188 1546
1547 291.6929931640625 1547
1548 291.6977844238281 1548
1549 291.7026062011719 1549
1550 291.7074584960938 1550
1551 291.7122802734375 1551
1552 291.7171325683594 1552
1553 291.7219848632812 1553
1554 291.7268676757812 1554
1555 291.7317504882812 1555
1556 291.7366333007812 1556
1557 291.7415161132812 1557
1558 291.7463989257812 1558
1559 291.7512817382812 1559
1560 291.7562255859375 1560
1561 291.7611083984375 1561
1562 291.7660217285156 1562
1563 291.7709350585938 1563
1564 291.7758483886719 1564
1565 291.78076171875 1565
1566 291.7856750488281 1566
1567 291.7905883789062 1567
1568 291.7954711914062 1568
1569 291.8003845214844 1569
1570 291.8052978515625 1570
1571 291.8102111816406 1571
1572 291.8150939941406 1572
1573 291.8199768066406 1573
1574 291.8248596191406 1574
1575 291.8297729492188 1575
1576 291.8346252441406 1576
1577 291.8394775390625 1577
1578 291.8443298339844 1578
1579 291.8491516113281 1579
1580 291.8540344238281 1580
1581 291.8588256835938 1581
1582 291.8636474609375 1582
1583 291.8684692382812 1583
1584 291.8732299804688 1584
1585 291.8780212402344 1585
1586 291.8827819824219 1586
1587 291.8875122070312 1587
1588 291.8922729492188 1588
1589 291.89697265625 1589
1590 291.9016723632812 1590
1591 291.9063720703125 1591
1592 291.9110107421875 1592
1593 291.9156799316406 1593
1594 291.9202880859375 1594
1595 291.9248962402344 1595
1596 291.9295043945312 1596
1597 291.9340515136719 1597
1598 291.9385986328125 1598
1599 291.943115234375 1599
1600 291.9476013183594 1600
1601 291.9520874023438 1601
1602 291.95654296875 1602
1603 291.9609985351562 1603
1604 291.9653930664062 1604
1605 291.9697570800781 1605
1606 291.97412109375 1606
1607 291.9784240722656 1607
1608 291.9827270507812 1608
1609 291.9869995117188 1609
1610 291.9912414550781 1610
1611 291.9954528808594 1611
1612 291.9996643066406 1612
1613 292.0038146972656 1613
1614 292.0079345703125 1614
1615 292.0120239257812 1615
1616 292.0160827636719 1616
1617 292.0201110839844 1617
1618 292.0241088867188 1618
1619 292.0281066894531 1619
1620 292.0320434570312 1620
1621 292.0359497070312 1621
1622 292.039794921875 1622
1623 292.0436401367188 1623
1624 292.0474548339844 1624
1625 292.0512084960938 1625
1626 292.054931640625 1626
1627 292.0586242675781 1627
1628 292.0622863769531 1628
1629 292.06591796875 1629
1630 292.0694885253906 1630
1631 292.0730590820312 1631
1632 292.0765686035156 1632
1633 292.0800170898438 1633
1634 292.0834350585938 1634
1635 292.0868530273438 1635
1636 292.0902099609375 1636
1637 292.0935668945312 1637
1638 292.0968322753906 1638
1639 292.1000671386719 1639
1640 292.103271484375 1640
1641 292.1064453125 1641
1642 292.1095581054688 1642
1643 292.1126403808594 1643
1644 292.1156616210938 1644
1645 292.1186828613281 1645
1646 292.1216430664062 1646
1647 292.1245727539062 1647
1648 292.12744140625 1648
1649 292.1302490234375 1649
1650 292.133056640625 1650
1651 292.1358032226562 1651
1652 292.1385192871094 1652
1653 292.1411743164062 1653
1654 292.143798828125 1654
1655 292.1463623046875 1655
1656 292.14892578125 1656
1657 292.1514282226562 1657
1658 292.1538696289062 1658
1659 292.15625 1659
1660 292.1586608886719 1660
1661 292.1609802246094 1661
1662 292.1632385253906 1662
1663 292.1654663085938 1663
1664 292.1676940917969 1664
1665 292.1697998046875 1665
1666 292.1719360351562 1666
1667 292.1740112304688 1667
1668 292.176025390625 1668
1669 292.1780090332031 1669
1670 292.1799621582031 1670
1671 292.1818542480469 1671
1672 292.1837158203125 1672
1673 292.185546875 1673
1674 292.1873168945312 1674
1675 292.1890563964844 1675
1676 292.1907653808594 1676
1677 292.1924133300781 1677
1678 292.1940307617188 1678
1679 292.1956176757812 1679
1680 292.1971740722656 1680
1681 292.1986999511719 1681
1682 292.2001647949219 1682
1683 292.2015991210938 1683
1684 292.2030029296875 1684
1685 292.2044067382812 1685
1686 292.2057189941406 1686
1687 292.2070617675781 1687
1688 292.2083435058594 1688
1689 292.2095947265625 1689
1690 292.2108154296875 1690
1691 292.2120361328125 1691
1692 292.2132263183594 1692
1693 292.21435546875 1693
1694 292.2155151367188 1694
1695 292.2166137695312 1695
1696 292.2177124023438 1696
1697 292.21875 1697
1698 292.2198486328125 1698
1699 292.2208862304688 1699
1700 292.221923828125 1700
1701 292.222900390625 1701
1702 292.2239379882812 1702
1703 292.2248840332031 1703
1704 292.2258911132812 1704
1705 292.2268676757812 1705
1706 292.2278137207031 1706
1707 292.2287902832031 1707
1708 292.229736328125 1708
1709 292.230712890625 1709
1710 292.231689453125 1710
1711 292.2326354980469 1711
1712 292.2335815429688 1712
1713 292.2345581054688 1713
1714 292.2355346679688 1714
1715 292.2365112304688 1715
1716 292.2374877929688 1716
1717 292.2384948730469 1717
1718 292.239501953125 1718
1719 292.2405395507812 1719
1720 292.2415771484375 1720
1721 292.2426147460938 1721
1722 292.2436828613281 1722
1723 292.2447814941406 1723
1724 292.2458801269531 1724
1725 292.2470092773438 1725
1726 292.2481384277344 1726
1727 292.2493286132812 1727
1728 292.25048828125 1728
1729 292.2517395019531 1729
1730 292.2529602050781 1730
1731 292.2542419433594 1731
1732 292.2554931640625 1732
1733 292.2568359375 1733
1734 292.2581787109375 1734
1735 292.2595825195312 1735
1736 292.2609558105469 1736
1737 292.2624206542969 1737
1738 292.2638854980469 1738
1739 292.265380859375 1739
1740 292.2669067382812 1740
1741 292.2684936523438 1741
1742 292.2701110839844 1742
1743 292.271728515625 1743
1744 292.2734375 1744
1745 292.275146484375 1745
1746 292.2768859863281 1746
1747 292.2786865234375 1747
1748 292.280517578125 1748
1749 292.2823486328125 1749
1750 292.2842712402344 1750
1751 292.2862243652344 1751
1752 292.2881774902344 1752
1753 292.2901916503906 1753
1754 292.292236328125 1754
1755 292.2943725585938 1755
1756 292.2965087890625 1756
1757 292.2986755371094 1757
1758 292.3009033203125 1758
1759 292.3031311035156 1759
1760 292.305419921875 1760
1761 292.3077697753906 1761
1762 292.3101501464844 1762
1763 292.3125610351562 1763
1764 292.3150024414062 1764
1765 292.3175048828125 1765
1766 292.320068359375 1766
1767 292.3226318359375 1767
1768 292.3252258300781 1768
1769 292.327880859375 1769
1770 292.33056640625 1770
1771 292.3332824707031 1771
1772 292.3360595703125 1772
1773 292.3388671875 1773
1774 292.3417053222656 1774
1775 292.3446044921875 1775
1776 292.3474731445312 1776
1777 292.3504638671875 1777
1778 292.3534545898438 1778
1779 292.3564453125 1779
1780 292.3595275878906 1780
1781 292.3626098632812 1781
1782 292.36572265625 1782
1783 292.368896484375 1783
1784 292.3721313476562 1784
1785 292.3753356933594 1785
1786 292.3786010742188 1786
1787 292.3819274902344 1787
1788 292.38525390625 1788
1789 292.3885803222656 1789
1790 292.3919677734375 1790
1791 292.3953857421875 1791
1792 292.3988342285156 1792
1793 292.40234375 1793
1794 292.4058227539062 1794
1795 292.4093627929688 1795
1796 292.4129028320312 1796
1797 292.41650390625 1797
1798 292.4201049804688 1798
1799 292.4237670898438 1799
1800 292.4274291992188 1800
1801 292.4310913085938 1801
1802 292.434814453125 1802
1803 292.4385375976562 1803
1804 292.4423217773438 1804
1805 292.4461059570312 1805
1806 292.4498901367188 1806
1807 292.4536743164062 1807
1808 292.4575500488281 1808
1809 292.4613952636719 1809
1810 292.4652709960938 1810
1811 292.4691467285156 1811
1812 292.4730529785156 1812
1813 292.4769897460938 1813
1814 292.4809265136719 1814
1815 292.48486328125 1815
1816 292.4888305664062 1816
1817 292.4928283691406 1817
1818 292.496826171875 1818
1819 292.5008239746094 1819
1820 292.5048522949219 1820
1821 292.5088500976562 1821
1822 292.5129089355469 1822
1823 292.5169372558594 1823
1824 292.52099609375 1824
1825 292.5250549316406 1825
1826 292.5291442871094 1826
1827 292.533203125 1827
1828 292.5372924804688 1828
1829 292.5413513183594 1829
1830 292.5454406738281 1830
1831 292.549560546875 1831
1832 292.5536499023438 1832
1833 292.5577392578125 1833
1834 292.5618286132812 1834
1835 292.56591796875 1835
1836 292.5700073242188 1836
1837 292.5740966796875 1837
1838 292.5782165527344 1838
1839 292.5823059082031 1839
1840 292.5863952636719 1840
1841 292.5904541015625 1841
1842 292.5945434570312 1842
1843 292.5986328125 1843
1844 292.6027221679688 1844
1845 292.6067504882812 1845
1846 292.61083984375 1846
1847 292.6148681640625 1847
1848 292.618896484375 1848
1849 292.6229553222656 1849
1850 292.626953125 1850
1851 292.6309814453125 1851
1852 292.6349487304688 1852
1853 292.6389465332031 1853
1854 292.6429443359375 1854
1855 292.6468811035156 1855
1856 292.6508483886719 1856
1857 292.65478515625 1857
1858 292.65869140625 1858
1859 292.66259765625 1859
1860 292.66650390625 1860
1861 292.6703796386719 1861
1862 292.6742248535156 1862
1863 292.6780700683594 1863
1864 292.6818542480469 1864
1865 292.6856689453125 1865
1866 292.6894226074219 1866
1867 292.6932067871094 1867
1868 292.6969299316406 1868
1869 292.7006530761719 1869
1870 292.704345703125 1870
1871 292.7080078125 1871
1872 292.711669921875 1872
1873 292.7152709960938 1873
1874 292.7188720703125 1874
1875 292.7224426269531 1875
1876 292.7260131835938 1876
1877 292.7295227050781 1877
1878 292.7330017089844 1878
1879 292.7364501953125 1879
1880 292.7398986816406 1880
1881 292.7433166503906 1881
1882 292.7467041015625 1882
1883 292.7500610351562 1883
1884 292.7533569335938 1884
1885 292.7566833496094 1885
1886 292.7599487304688 1886
1887 292.7631530761719 1887
1888 292.766357421875 1888
1889 292.76953125 1889
1890 292.7726745605469 1890
1891 292.7757568359375 1891
1892 292.7788696289062 1892
1893 292.7818603515625 1893
1894 292.784912109375 1894
1895 292.787841796875 1895
1896 292.7908020019531 1896
1897 292.7936706542969 1897
1898 292.7965393066406 1898
1899 292.7993774414062 1899
1900 292.8021545410156 1900
1901 292.804931640625 1901
1902 292.8076477050781 1902
1903 292.8103332519531 1903
1904 292.81298828125 1904
1905 292.8155822753906 1905
1906 292.8181457519531 1906
1907 292.8206787109375 1907
1908 292.8231811523438 1908
1909 292.8256530761719 1909
1910 292.8280639648438 1910
1911 292.8303833007812 1911
1912 292.832763671875 1912
1913 292.8350524902344 1913
1914 292.8373107910156 1914
1915 292.8395080566406 1915
1916 292.8417053222656 1916
1917 292.8438415527344 1917
1918 292.845947265625 1918
1919 292.8479919433594 1919
1920 292.8500061035156 1920
1921 292.8519897460938 1921
1922 292.8539123535156 1922
1923 292.8557739257812 1923
1924 292.8576354980469 1924
1925 292.8594360351562 1925
1926 292.8612060546875 1926
1927 292.8629150390625 1927
1928 292.8645935058594 1928
1929 292.8662414550781 1929
1930 292.8678588867188 1930
1931 292.8694152832031 1931
1932 292.8709106445312 1932
1933 292.8723754882812 1933
1934 292.8738098144531 1934
1935 292.8751831054688 1935
1936 292.8765563964844 1936
1937 292.8778381347656 1937
1938 292.8790893554688 1938
1939 292.8803100585938 1939
1940 292.8815307617188 1940
1941 292.8826599121094 1941
1942 292.8837585449219 1942
1943 292.8848266601562 1943
1944 292.8858337402344 1944
1945 292.8868408203125 1945
1946 292.8877868652344 1946
1947 292.8887023925781 1947
1948 292.8895874023438 1948
1949 292.8904113769531 1949
1950 292.8912048339844 1950
1951 292.8919677734375 1951
1952 292.8927307128906 1952
1953 292.8934326171875 1953
1954 292.8941040039062 1954
1955 292.8947448730469 1955
1956 292.8953552246094 1956
1957 292.8959350585938 1957
1958 292.896484375 1958
1959 292.8970031738281 1959
1960 292.8975219726562 1960
1961 292.8980102539062 1961
1962 292.8984680175781 1962
1963 292.8988952636719 1963
1964 292.8992919921875 1964
1965 292.8996887207031 1965
1966 292.9000854492188 1966
1967 292.9004516601562 1967
1968 292.9007873535156 1968
1969 292.901123046875 1969
1970 292.9014587402344 1970
1971 292.9017639160156 1971
1972 292.9020690917969 1972
1973 292.90234375 1973
1974 292.9026489257812 1974
1975 292.9029235839844 1975
1976 292.9031982421875 1976
1977 292.9034423828125 1977
1978 292.9037475585938 1978
1979 292.9039916992188 1979
1980 292.904296875 1980
1981 292.9045715332031 1981
1982 292.9048461914062 1982
1983 292.9051513671875 1983
1984 292.9054260253906 1984
1985 292.9057312011719 1985
1986 292.9060668945312 1986
1987 292.9063720703125 1987
1988 292.90673828125 1988
1989 292.9070739746094 1989
1990 292.9074401855469 1990
1991 292.9078369140625 1991
1992 292.9082336425781 1992
1993 292.90869140625 1993
1994 292.9091186523438 1994
1995 292.9095764160156 1995
1996 292.9100646972656 1996
1997 292.9105834960938 1997
1998 292.9111328125 1998
1999 292.9116821289062 1999
2000 292.9122619628906 2000
2001 292.9128723144531 2001
2002 292.9135131835938 2002
2003 292.9141845703125 2003
2004 292.9149169921875 2004
2005 292.9156188964844 2005
2006 292.9164123535156 2006
2007 292.9172058105469 2007
2008 292.9180297851562 2008
2009 292.9188842773438 2009
2010 292.9197998046875 2010
2011 292.9207153320312 2011
2012 292.9216918945312 2012
2013 292.9227294921875 2013
2014 292.9237670898438 2014
2015 292.9248657226562 2015
2016 292.9259338378906 2016
2017 292.9271240234375 2017
2018 292.9282836914062 2018
2019 292.9295349121094 2019
2020 292.9307861328125 2020
2021 292.93212890625 2021
2022 292.9334716796875 2022
2023 292.9348449707031 2023
2024 292.936279296875 2024
2025 292.937744140625 2025
2026 292.9392700195312 2026
2027 292.9407958984375 2027
2028 292.9423828125 2028
2029 292.9440307617188 2029
2030 292.9456787109375 2030
2031 292.9473876953125 2031
2032 292.9491577148438 2032
2033 292.950927734375 2033
2034 292.9527587890625 2034
2035 292.9546508789062 2035
2036 292.95654296875 2036
2037 292.95849609375 2037
2038 292.9604797363281 2038
2039 292.9625244140625 2039
2040 292.9645690917969 2040
2041 292.9666748046875 2041
2042 292.9688110351562 2042
2043 292.9709777832031 2043
2044 292.9732055664062 2044
2045 292.9754638671875 2045
2046 292.977783203125 2046
2047 292.9801025390625 2047
2048 292.9824523925781 2048
2049 292.98486328125 2049
2050 292.9872741699219 2050
2051 292.9897766113281 2051
2052 292.9922485351562 2052
2053 292.9948120117188 2053
2054 292.9973754882812 2054
2055 292.9999694824219 2055
2056 293.0026245117188 2056
2057 293.0052795410156 2057
2058 293.0079650878906 2058
2059 293.0107116699219 2059
2060 293.0134887695312 2060
2061 293.0162963867188 2061
2062 293.0191040039062 2062
2063 293.02197265625 2063
2064 293.0248413085938 2064
2065 293.0277404785156 2065
2066 293.0306701660156 2066
2067 293.0336303710938 2067
2068 293.03662109375 2068
2069 293.0396423339844 2069
2070 293.0426635742188 2070
2071 293.0457458496094 2071
2072 293.0487976074219 2072
2073 293.0519104003906 2073
2074 293.0550537109375 2074
2075 293.0582275390625 2075
2076 293.0613403320312 2076
2077 293.0645751953125 2077
2078 293.0677795410156 2078
2079 293.0709838867188 2079
2080 293.0742492675781 2080
2081 293.0774841308594 2081
2082 293.0807800292969 2082
2083 293.0840759277344 2083
2084 293.0873718261719 2084
2085 293.0906982421875 2085
2086 293.0940551757812 2086
2087 293.0973815917969 2087
2088 293.1007690429688 2088
2089 293.1041259765625 2089
2090 293.1075134277344 2090
2091 293.1109008789062 2091
2092 293.1143188476562 2092
2093 293.1177368164062 2093
2094 293.1211547851562 2094
2095 293.1245727539062 2095
2096 293.1280212402344 2096
2097 293.1314697265625 2097
2098 293.1348876953125 2098
2099 293.1383666992188 2099
2100 293.1418151855469 2100
2101 293.145263671875 2101
2102 293.1487426757812 2102
2103 293.1521911621094 2103
2104 293.1556701660156 2104
2105 293.1591186523438 2105
2106 293.16259765625 2106
2107 293.1660766601562 2107
2108 293.1695251464844 2108
2109 293.1729736328125 2109
2110 293.1764526367188 2110
2111 293.1799011230469 2111
2112 293.183349609375 2112
2113 293.186767578125 2113
2114 293.1902160644531 2114
2115 293.1936645507812 2115
2116 293.1970825195312 2116
2117 293.2005004882812 2117
2118 293.2039184570312 2118
2119 293.2073059082031 2119
2120 293.210693359375 2120
2121 293.2140502929688 2121
2122 293.2174377441406 2122
2123 293.2207946777344 2123
2124 293.22412109375 2124
2125 293.2274780273438 2125
2126 293.2307739257812 2126
2127 293.2340698242188 2127
2128 293.2373657226562 2128
2129 293.2406311035156 2129
2130 293.243896484375 2130
2131 293.2471313476562 2131
2132 293.2503662109375 2132
2133 293.2535705566406 2133
2134 293.2567443847656 2134
2135 293.2599182128906 2135
2136 293.2630615234375 2136
2137 293.2662048339844 2137
2138 293.269287109375 2138
2139 293.2723999023438 2139
2140 293.2754516601562 2140
2141 293.2784729003906 2141
2142 293.281494140625 2142
2143 293.2844848632812 2143
2144 293.2874755859375 2144
2145 293.2904052734375 2145
2146 293.2933349609375 2146
2147 293.2962036132812 2147
2148 293.2990417480469 2148
2149 293.3019104003906 2149
2150 293.3047485351562 2150
2151 293.3074951171875 2151
2152 293.3102416992188 2152
2153 293.31298828125 2153
2154 293.315673828125 2154
2155 293.318359375 2155
2156 293.3209838867188 2156
2157 293.3235778808594 2157
2158 293.326171875 2158
2159 293.3287353515625 2159
2160 293.3312377929688 2160
2161 293.3337097167969 2161
2162 293.336181640625 2162
2163 293.3385620117188 2163
2164 293.3409423828125 2164
2165 293.3432922363281 2165
2166 293.3456115722656 2166
2167 293.347900390625 2167
2168 293.3501586914062 2168
2169 293.3523559570312 2169
2170 293.3545227050781 2170
2171 293.3566589355469 2171
2172 293.3587646484375 2172
2173 293.36083984375 2173
2174 293.3628540039062 2174
2175 293.3648681640625 2175
2176 293.3668212890625 2176
2177 293.3687133789062 2177
2178 293.37060546875 2178
2179 293.3724365234375 2179
2180 293.3742370605469 2180
2181 293.3760070800781 2181
2182 293.3777160644531 2182
2183 293.37939453125 2183
2184 293.3810424804688 2184
2185 293.3826599121094 2185
2186 293.3842163085938 2186
2187 293.3857421875 2187
2188 293.3872375488281 2188
2189 293.388671875 2189
2190 293.3900756835938 2190
2191 293.3914489746094 2191
2192 293.3927612304688 2192
2193 293.39404296875 2193
2194 293.3953247070312 2194
2195 293.3965148925781 2195
2196 293.3976745605469 2196
2197 293.3988037109375 2197
2198 293.3998413085938 2198
2199 293.4009094238281 2199
2200 293.4019165039062 2200
2201 293.4028625488281 2201
2202 293.4037780761719 2202
2203 293.4046325683594 2203
2204 293.4054565429688 2204
2205 293.40625 2205
2206 293.4070129394531 2206
2207 293.40771484375 2207
2208 293.4084167480469 2208
2209 293.4090576171875 2209
2210 293.4096374511719 2210
2211 293.4101867675781 2211
2212 293.4107055664062 2212
2213 293.4111633300781 2213
2214 293.41162109375 2214
2215 293.4120178222656 2215
2216 293.4123840332031 2216
2217 293.4127197265625 2217
2218 293.4129943847656 2218
2219 293.4132690429688 2219
2220 293.4135131835938 2220
2221 293.4136962890625 2221
2222 293.4138793945312 2222
2223 293.4140014648438 2223
2224 293.4141235351562 2224
2225 293.4141845703125 2225
2226 293.4142150878906 2226
2227 293.4142456054688 2227
2228 293.4142456054688 2228
2229 293.4142150878906 2229
2230 293.4141540527344 2230
2231 293.4140625 2231
2232 293.4139709472656 2232
2233 293.4138488769531 2233
2234 293.4136962890625 2234
2235 293.41357421875 2235
2236 293.4133911132812 2236
2237 293.4132080078125 2237
2238 293.4130249023438 2238
2239 293.4127807617188 2239
2240 293.4125671386719 2240
2241 293.412353515625 2241
2242 293.412109375 2242
2243 293.411865234375 2243
2244 293.41162109375 2244
2245 293.411376953125 2245
2246 293.4111328125 2246
2247 293.4108581542969 2247
2248 293.4106140136719 2248
2249 293.4103698730469 2249
2250 293.4101257324219 2250
2251 293.4098815917969 2251
2252 293.40966796875 2252
2253 293.4094543457031 2253
2254 293.4092102050781 2254
2255 293.4089965820312 2255
2256 293.4088134765625 2256
2257 293.4086303710938 2257
2258 293.4084777832031 2258
2259 293.4083251953125 2259
2260 293.408203125 2260
2261 293.4080810546875 2261
2262 293.4079895019531 2262
2263 293.4078979492188 2263
2264 293.4078674316406 2264
2265 293.4078369140625 2265
2266 293.4078063964844 2266
2267 293.4078369140625 2267
2268 293.4078979492188 2268
2269 293.407958984375 2269
2270 293.4080505371094 2270
2271 293.4081726074219 2271
2272 293.4083557128906 2272
2273 293.4085388183594 2273
2274 293.4087524414062 2274
2275 293.4089965820312 2275
2276 293.4093017578125 2276
2277 293.4096069335938 2277
2278 293.4099426269531 2278
2279 293.4103393554688 2279
2280 293.4107666015625 2280
2281 293.4112243652344 2281
2282 293.4117126464844 2282
2283 293.4122619628906 2283
2284 293.4127807617188 2284
2285 293.4134216308594 2285
2286 293.4140625 2286
2287 293.4147338867188 2287
2288 293.4154663085938 2288
2289 293.4161987304688 2289
2290 293.4170227050781 2290
2291 293.4178466796875 2291
2292 293.4187316894531 2292
2293 293.4196472167969 2293
2294 293.4205932617188 2294
2295 293.4216003417969 2295
2296 293.4226379394531 2296
2297 293.4237060546875 2297
2298 293.4248352050781 2298
2299 293.4259643554688 2299
2300 293.4271850585938 2300
2301 293.4284362792969 2301
2302 293.4297180175781 2302
2303 293.4310302734375 2303
2304 293.4324035644531 2304
2305 293.4338073730469 2305
2306 293.4352416992188 2306
2307 293.4367065429688 2307
2308 293.4382629394531 2308
2309 293.4397888183594 2309
2310 293.4413757324219 2310
2311 293.4430236816406 2311
2312 293.4446716308594 2312
2313 293.4463806152344 2313
2314 293.4481811523438 2314
2315 293.4499206542969 2315
2316 293.4517822265625 2316
2317 293.45361328125 2317
2318 293.4555053710938 2318
2319 293.4574584960938 2319
2320 293.4594116210938 2320
2321 293.46142578125 2321
2322 293.4634704589844 2322
2323 293.4655151367188 2323
2324 293.4676208496094 2324
2325 293.4697570800781 2325
2326 293.471923828125 2326
2327 293.47412109375 2327
2328 293.4763488769531 2328
2329 293.4786071777344 2329
2330 293.4808959960938 2330
2331 293.4832458496094 2331
2332 293.4855651855469 2332
2333 293.4879760742188 2333
2334 293.4903564453125 2334
2335 293.4927978515625 2335
2336 293.4952697753906 2336
2337 293.4977416992188 2337
2338 293.500244140625 2338
2339 293.5028076171875 2339
2340 293.50537109375 2340
2341 293.5079345703125 2341
2342 293.5105590820312 2342
2343 293.51318359375 2343
2344 293.5158386230469 2344
2345 293.5184936523438 2345
2346 293.5211791992188 2346
2347 293.52392578125 2347
2348 293.5266418457031 2348
2349 293.5294189453125 2349
2350 293.5321655273438 2350
2351 293.5349426269531 2351
2352 293.5377807617188 2352
2353 293.5405578613281 2353
2354 293.5433959960938 2354
2355 293.5462341308594 2355
2356 293.5491027832031 2356
2357 293.5519714355469 2357
2358 293.5548706054688 2358
2359 293.5577392578125 2359
2360 293.5606689453125 2360
2361 293.5635986328125 2361
2362 293.5664978027344 2362
2363 293.5694274902344 2363
2364 293.5723571777344 2364
2365 293.5753173828125 2365
2366 293.5782775878906 2366
2367 293.5812377929688 2367
2368 293.5841979980469 2368
2369 293.5871887207031 2369
2370 293.5901794433594 2370
2371 293.5931396484375 2371
2372 293.5961303710938 2372
2373 293.5990905761719 2373
2374 293.6020812988281 2374
2375 293.6050415039062 2375
2376 293.6080322265625 2376
2377 293.6110229492188 2377
2378 293.614013671875 2378
2379 293.616943359375 2379
2380 293.6199340820312 2380
2381 293.6229248046875 2381
2382 293.6258850097656 2382
2383 293.6288452148438 2383
2384 293.6317749023438 2384
2385 293.6347351074219 2385
2386 293.6376647949219 2386
2387 293.640625 2387
2388 293.6435241699219 2388
2389 293.6464538574219 2389
2390 293.6493530273438 2390
2391 293.6522521972656 2391
2392 293.6551208496094 2392
2393 293.6579895019531 2393
2394 293.6608581542969 2394
2395 293.6636962890625 2395
2396 293.6665344238281 2396
2397 293.6693420410156 2397
2398 293.672119140625 2398
2399 293.6749267578125 2399
2400 293.6777038574219 2400
2401 293.6804809570312 2401
2402 293.6831970214844 2402
2403 293.6859130859375 2403
2404 293.6885986328125 2404
2405 293.6913146972656 2405
2406 293.6939392089844 2406
2407 293.6965942382812 2407
2408 293.69921875 2408
2409 293.7018127441406 2409
2410 293.7043762207031 2410
2411 293.7069396972656 2411
2412 293.70947265625 2412
2413 293.7119750976562 2413
2414 293.7144775390625 2414
2415 293.7169189453125 2415
2416 293.7193603515625 2416
2417 293.7217712402344 2417
2418 293.72412109375 2418
2419 293.7265014648438 2419
2420 293.7288208007812 2420
2421 293.7311401367188 2421
2422 293.7333984375 2422
2423 293.7356262207031 2423
2424 293.7378540039062 2424
2425 293.7400512695312 2425
2426 293.7421875 2426
2427 293.7443237304688 2427
2428 293.7463989257812 2428
2429 293.7484741210938 2429
2430 293.75048828125 2430
2431 293.7525024414062 2431
2432 293.7544555664062 2432
2433 293.7564086914062 2433
2434 293.75830078125 2434
2435 293.7601928710938 2435
2436 293.7619934082031 2436
2437 293.7637939453125 2437
2438 293.7655639648438 2438
2439 293.7673034667969 2439
2440 293.7689819335938 2440
2441 293.7706298828125 2441
2442 293.7722778320312 2442
2443 293.7738647460938 2443
2444 293.7754211425781 2444
2445 293.7769165039062 2445
2446 293.7784118652344 2446
2447 293.7798461914062 2447
2448 293.78125 2448
2449 293.7826232910156 2449
2450 293.783935546875 2450
2451 293.7852172851562 2451
2452 293.7864685058594 2452
2453 293.7876586914062 2453
2454 293.7888488769531 2454
2455 293.7899780273438 2455
2456 293.7910766601562 2456
2457 293.7921142578125 2457
2458 293.7931518554688 2458
2459 293.7941284179688 2459
2460 293.7950744628906 2460
2461 293.7959594726562 2461
2462 293.7968139648438 2462
2463 293.797607421875 2463
2464 293.7984313964844 2464
2465 293.7991333007812 2465
2466 293.7998352050781 2466
2467 293.8004760742188 2467
2468 293.8010864257812 2468
2469 293.8016662597656 2469
2470 293.8022155761719 2470
2471 293.8027038574219 2471
2472 293.8031616210938 2472
2473 293.8035888671875 2473
2474 293.803955078125 2474
2475 293.8042907714844 2475
2476 293.8045654296875 2476
2477 293.8048400878906 2477
2478 293.8050537109375 2478
2479 293.8052368164062 2479
2480 293.8053588867188 2480
2481 293.8054504394531 2481
2482 293.8055114746094 2482
2483 293.8055419921875 2483
2484 293.8055419921875 2484
2485 293.8054809570312 2485
2486 293.805419921875 2486
2487 293.8052978515625 2487
2488 293.8051452636719 2488
2489 293.8049621582031 2489
2490 293.8047485351562 2490
2491 293.8045043945312 2491
2492 293.80419921875 2492
2493 293.8039245605469 2493
2494 293.8035888671875 2494
2495 293.80322265625 2495
2496 293.8028564453125 2496
2497 293.8024291992188 2497
2498 293.802001953125 2498
2499 293.801513671875 2499
2500 293.8010559082031 2500
