"point-a-rfile"
"Time Step" "point-a etc.."
("Time Step" "point-a" "flow-time")
0 283 0
1 283 1
2 283 2
3 283 3
4 283 4
5 283 5
6 283 6
7 283 7
8 283 8
9 283 9
10 283 10
11 283 11
12 283 12
13 283 13
14 283 14
15 283 15
16 283 16
17 283 17
18 283 18
19 283 19
20 283 20
21 283 21
22 283 22
23 283 23
24 283 24
25 283 25
26 283 26
27 283 27
28 283 28
29 283 29
30 283 30
31 283 31
32 283 32
33 283 33
34 283 34
35 283 35
36 283 36
37 283 37
38 283 38
39 283 39
40 283 40
41 283 41
42 283 42
43 283 43
44 283 44
45 283 45
46 283 46
47 283 47
48 283 48
49 283.0000305175781 49
50 283.0000305175781 50
51 283.0000305175781 51
52 283.0000305175781 52
53 283.0000305175781 53
54 283.0000305175781 54
55 283.0000610351562 55
56 283.0000610351562 56
57 283.0000610351562 57
58 283.0000915527344 58
59 283.0000915527344 59
60 283.0000915527344 60
61 283.0001220703125 61
62 283.0001831054688 62
63 283.0001831054688 63
64 283.0001831054688 64
65 283.000244140625 65
66 283.0002746582031 66
67 283.0003051757812 67
68 283.0003356933594 68
69 283.0003662109375 69
70 283.0004272460938 70
71 283.00048828125 71
72 283.0005493164062 72
73 283.0006103515625 73
74 283.0006713867188 74
75 283.0007629394531 75
76 283.0008239746094 76
77 283.0009155273438 77
78 283.0010375976562 78
79 283.0011291503906 79
80 283.0012512207031 80
81 283.0013427734375 81
82 283.0014953613281 82
83 283.0016479492188 83
84 283.0017700195312 84
85 283.001953125 85
86 283.0021362304688 86
87 283.0023193359375 87
88 283.0025024414062 88
89 283.0027160644531 89
90 283.0029296875 90
91 283.003173828125 91
92 283.00341796875 92
93 283.0036926269531 93
94 283.0039672851562 94
95 283.0042419433594 95
96 283.0045471191406 96
97 283.0048522949219 97
98 283.0052185058594 98
99 283.0055847167969 99
100 283.0059509277344 100
101 283.00634765625 101
102 283.0067443847656 102
103 283.0071716308594 103
104 283.0076293945312 104
105 283.0080871582031 105
106 283.008544921875 106
107 283.0090942382812 107
108 283.0096130371094 108
109 283.0101623535156 109
110 283.0107421875 110
111 283.0113220214844 111
112 283.0119323730469 112
113 283.0125732421875 113
114 283.0132141113281 114
115 283.0138854980469 115
116 283.0145874023438 116
117 283.0153198242188 117
118 283.0160827636719 118
119 283.016845703125 119
120 283.0176086425781 120
121 283.0184631347656 121
122 283.019287109375 122
123 283.0201416015625 123
124 283.0210571289062 124
125 283.02197265625 125
126 283.0229187011719 126
127 283.0238647460938 127
128 283.0248413085938 128
129 283.02587890625 129
130 283.0269165039062 130
131 283.0279846191406 131
132 283.029052734375 132
133 283.0301818847656 133
134 283.0313415527344 134
135 283.032470703125 135
136 283.03369140625 136
137 283.034912109375 137
138 283.0361328125 138
139 283.0374145507812 139
140 283.0386962890625 140
141 283.0400085449219 141
142 283.0413818359375 142
143 283.042724609375 143
144 283.0441284179688 144
145 283.0455322265625 145
146 283.0469970703125 146
147 283.0484619140625 147
148 283.0499572753906 148
149 283.0514831542969 149
150 283.0530395507812 150
151 283.0545959472656 151
152 283.0561828613281 152
153 283.0577697753906 153
154 283.0594177246094 154
155 283.0610961914062 155
156 283.0627746582031 156
157 283.0644836425781 157
158 283.0661926269531 158
159 283.0679626464844 159
160 283.0697631835938 160
161 283.071533203125 161
162 283.0733642578125 162
163 283.0752258300781 163
164 283.0770874023438 164
165 283.0789794921875 165
166 283.0808715820312 166
167 283.0828247070312 167
168 283.0847778320312 168
169 283.0867614746094 169
170 283.0887451171875 170
171 283.0907592773438 171
172 283.0927734375 172
173 283.0948486328125 173
174 283.096923828125 174
175 283.0989990234375 175
176 283.1011047363281 176
177 283.1032409667969 177
178 283.1053771972656 178
179 283.1075439453125 179
180 283.1097106933594 180
181 283.1119384765625 181
182 283.1141357421875 182
183 283.1163635253906 183
184 283.11865234375 184
185 283.1209106445312 185
186 283.1231689453125 186
187 283.12548828125 187
188 283.1278076171875 188
189 283.130126953125 189
190 283.1324462890625 190
191 283.1348266601562 191
192 283.1371765136719 192
193 283.1395874023438 193
194 283.1419677734375 194
195 283.1444091796875 195
196 283.1468200683594 196
197 283.1492614746094 197
198 283.1517028808594 198
199 283.1541748046875 199
200 283.1566162109375 200
201 283.1591186523438 201
202 283.16162109375 202
203 283.1641235351562 203
204 283.1666259765625 204
205 283.1691589355469 205
206 283.1716918945312 206
207 283.1742248535156 207
208 283.1767883300781 208
209 283.1793212890625 209
210 283.181884765625 210
211 283.1844482421875 211
212 283.1870422363281 212
213 283.1896362304688 213
214 283.1922607421875 214
215 283.1948547363281 215
216 283.1974792480469 216
217 283.2001037597656 217
218 283.2026977539062 218
219 283.205322265625 219
220 283.2079467773438 220
221 283.2105712890625 221
222 283.2132568359375 222
223 283.2159118652344 223
224 283.2185363769531 224
225 283.22119140625 225
226 283.2238159179688 226
227 283.2265014648438 227
228 283.2291564941406 228
229 283.2318115234375 229
230 283.2344970703125 230
231 283.2371520996094 231
232 283.2398071289062 232
233 283.2424926757812 233
234 283.2451782226562 234
235 283.2478332519531 235
236 283.2505187988281 236
237 283.253173828125 237
238 283.255859375 238
239 283.2584838867188 239
240 283.2611999511719 240
241 283.2638549804688 241
242 283.2664794921875 242
243 283.2691650390625 243
244 283.2718200683594 244
245 283.2744750976562 245
246 283.2771606445312 246
247 283.27978515625 247
248 283.2824401855469 248
249 283.2850952148438 249
250 283.2877197265625 250
251 283.2903747558594 251
252 283.2930297851562 252
253 283.295654296875 253
254 283.2982788085938 254
255 283.3008728027344 255
256 283.303466796875 256
257 283.3060913085938 257
258 283.3086853027344 258
259 283.311279296875 259
260 283.3138732910156 260
261 283.3164672851562 261
262 283.3190307617188 262
263 283.3215942382812 263
264 283.3241577148438 264
265 283.3267211914062 265
266 283.3292846679688 266
267 283.331787109375 267
268 283.3343200683594 268
269 283.3368530273438 269
270 283.33935546875 270
271 283.3418579101562 271
272 283.3443603515625 272
273 283.3468322753906 273
274 283.3493347167969 274
275 283.3517761230469 275
276 283.354248046875 276
277 283.356689453125 277
278 283.359130859375 278
279 283.3615417480469 279
280 283.3639221191406 280
281 283.3663330078125 281
282 283.3687438964844 282
283 283.3711242675781 283
284 283.3735046386719 284
285 283.3758544921875 285
286 283.3782043457031 286
287 283.3805236816406 287
288 283.3828430175781 288
289 283.3851623535156 289
290 283.387451171875 290
291 283.3897705078125 291
292 283.3919982910156 292
293 283.394287109375 293
294 283.3965454101562 294
295 283.3987731933594 295
296 283.4009704589844 296
297 283.4031982421875 297
298 283.4053955078125 298
299 283.4075927734375 299
300 283.4097290039062 300
301 283.4118957519531 301
302 283.4140319824219 302
303 283.4161682128906 303
304 283.4182739257812 304
305 283.4203796386719 305
306 283.4224548339844 306
307 283.4245300292969 307
308 283.4265747070312 308
309 283.4286499023438 309
310 283.4306640625 310
311 283.4326782226562 311
312 283.4346618652344 312
313 283.4366455078125 313
314 283.4386596679688 314
315 283.4406127929688 315
316 283.4425048828125 316
317 283.4444580078125 317
318 283.4463806152344 318
319 283.4482727050781 319
320 283.4501342773438 320
321 283.4520263671875 321
322 283.453857421875 322
323 283.4556884765625 323
324 283.45751953125 324
325 283.4593505859375 325
326 283.4611206054688 326
327 283.4629211425781 327
328 283.4646911621094 328
329 283.4664306640625 329
330 283.4681701660156 330
331 283.4699096679688 331
332 283.4716186523438 332
333 283.4732971191406 333
334 283.4750061035156 334
335 283.4766845703125 335
336 283.4783325195312 336
337 283.47998046875 337
338 283.4816284179688 338
339 283.4832458496094 339
340 283.48486328125 340
341 283.4864501953125 341
342 283.488037109375 342
343 283.4896240234375 343
344 283.4911804199219 344
345 283.4927368164062 345
346 283.4943237304688 346
347 283.495849609375 347
348 283.4973754882812 348
349 283.4989013671875 349
350 283.5004272460938 350
351 283.501953125 351
352 283.5034484863281 352
353 283.5049438476562 353
354 283.5064392089844 354
355 283.5079345703125 355
356 283.5094299316406 356
357 283.5108947753906 357
358 283.5123596191406 358
359 283.5138244628906 359
360 283.5152893066406 360
361 283.5167541503906 361
362 283.5182189941406 362
363 283.5196838378906 363
364 283.5211181640625 364
365 283.5225830078125 365
366 283.5240478515625 366
367 283.5255126953125 367
368 283.5269775390625 368
369 283.5284423828125 369
370 283.5299072265625 370
371 283.5313720703125 371
372 283.5328369140625 372
373 283.5343017578125 373
374 283.5357971191406 374
375 283.5372619628906 375
376 283.5387573242188 376
377 283.5402221679688 377
378 283.541748046875 378
379 283.5432434082031 379
380 283.5447387695312 380
381 283.5462341308594 381
382 283.5477905273438 382
383 283.5492858886719 383
384 283.5508422851562 384
385 283.5523681640625 385
386 283.553955078125 386
387 283.5554504394531 387
388 283.5570373535156 388
389 283.5586242675781 389
390 283.5602111816406 390
391 283.5617980957031 391
392 283.5634155273438 392
393 283.5650329589844 393
394 283.5666198730469 394
395 283.5682983398438 395
396 283.5699157714844 396
397 283.5715942382812 397
398 283.5732421875 398
399 283.5749206542969 399
400 283.5765991210938 400
401 283.5782775878906 401
402 283.5800170898438 402
403 283.5817565917969 403
404 283.5834655761719 404
405 283.585205078125 405
406 283.5869750976562 406
407 283.5887451171875 407
408 283.5905456542969 408
409 283.5923461914062 409
410 283.5941467285156 410
411 283.595947265625 411
412 283.5977783203125 412
413 283.5996398925781 413
414 283.6015014648438 414
415 283.6033630371094 415
416 283.605224609375 416
417 283.6071166992188 417
418 283.6090393066406 418
419 283.6109619140625 419
420 283.6128845214844 420
421 283.6148376464844 421
422 283.6167907714844 422
423 283.6187438964844 423
424 283.6207275390625 424
425 283.6227111816406 425
426 283.6247253417969 426
427 283.6267395019531 427
428 283.6287231445312 428
429 283.6307678222656 429
430 283.6328430175781 430
431 283.6348876953125 431
432 283.636962890625 432
433 283.6390380859375 433
434 283.6411437988281 434
435 283.6432495117188 435
436 283.6453552246094 436
437 283.6474609375 437
438 283.6495971679688 438
439 283.6517333984375 439
440 283.6538696289062 440
441 283.6560668945312 441
442 283.6582336425781 442
443 283.660400390625 443
444 283.66259765625 444
445 283.6647644042969 445
446 283.6669921875 446
447 283.669189453125 447
448 283.6714172363281 448
449 283.6736450195312 449
450 283.6758728027344 450
451 283.6781311035156 451
452 283.6803894042969 452
453 283.6826171875 453
454 283.6849060058594 454
455 283.6871948242188 455
456 283.689453125 456
457 283.6917114257812 457
458 283.6940307617188 458
459 283.6963195800781 459
460 283.6986083984375 460
461 283.700927734375 461
462 283.7032470703125 462
463 283.70556640625 463
464 283.7078857421875 464
465 283.710205078125 465
466 283.7125244140625 466
467 283.71484375 467
468 283.7171936035156 468
469 283.7195434570312 469
470 283.7218933105469 470
471 283.7242431640625 471
472 283.7265625 472
473 283.7289428710938 473
474 283.7312622070312 474
475 283.7336120605469 475
476 283.7359619140625 476
477 283.7383422851562 477
478 283.7406921386719 478
479 283.7430725097656 479
480 283.7453918457031 480
481 283.7477722167969 481
482 283.7501220703125 482
483 283.7525024414062 483
484 283.7548828125 484
485 283.7572021484375 485
486 283.7595520019531 486
487 283.7619018554688 487
488 283.7642822265625 488
489 283.7666320800781 489
490 283.7689819335938 490
491 283.7713012695312 491
492 283.773681640625 492
493 283.7760009765625 493
494 283.7783508300781 494
495 283.7807006835938 495
496 283.7830200195312 496
497 283.7853393554688 497
498 283.7876892089844 498
499 283.7900085449219 499
500 283.7922973632812 500
501 283.7946166992188 501
502 283.7969360351562 502
503 283.7992248535156 503
504 283.801513671875 504
505 283.8038330078125 505
506 283.8060913085938 506
507 283.8083801269531 507
508 283.8106689453125 508
509 283.8129272460938 509
510 283.815185546875 510
511 283.8174438476562 511
512 283.8197021484375 512
513 283.8218994140625 513
514 283.8241577148438 514
515 283.8263854980469 515
516 283.8285827636719 516
517 283.8307800292969 517
518 283.8329772949219 518
519 283.8351745605469 519
520 283.8373413085938 520
521 283.8395385742188 521
522 283.8416748046875 522
523 283.8438110351562 523
524 283.8459777832031 524
525 283.8481140136719 525
526 283.8502197265625 526
527 283.8523254394531 527
528 283.8544311523438 528
529 283.8565368652344 529
530 283.8586120605469 530
531 283.8606567382812 531
532 283.8627319335938 532
533 283.8647766113281 533
534 283.8668212890625 534
535 283.8688354492188 535
536 283.870849609375 536
537 283.872802734375 537
538 283.8748168945312 538
539 283.8768005371094 539
540 283.8787536621094 540
541 283.8806762695312 541
542 283.8826293945312 542
543 283.8845520019531 543
544 283.886474609375 544
545 283.8883361816406 545
546 283.8901977539062 546
547 283.89208984375 547
548 283.8939208984375 548
549 283.8957824707031 549
550 283.8975830078125 550
551 283.8993835449219 551
552 283.9011840820312 552
553 283.9029541015625 553
554 283.9047546386719 554
555 283.906494140625 555
556 283.9082336425781 556
557 283.9099426269531 557
558 283.9116516113281 558
559 283.913330078125 559
560 283.9150085449219 560
561 283.9166564941406 561
562 283.9183349609375 562
563 283.919921875 563
564 283.9215698242188 564
565 283.9231567382812 565
566 283.9247436523438 566
567 283.92626953125 567
568 283.9278564453125 568
569 283.9293823242188 569
570 283.930908203125 570
571 283.932373046875 571
572 283.9338684082031 572
573 283.9353332519531 573
574 283.9367980957031 574
575 283.938232421875 575
576 283.9396362304688 576
577 283.9410400390625 577
578 283.9424133300781 578
579 283.9437866210938 579
580 283.9451293945312 580
581 283.9464721679688 581
582 283.9478149414062 582
583 283.9490966796875 583
584 283.9504089355469 584
585 283.9516296386719 585
586 283.952880859375 586
587 283.9541320800781 587
588 283.9553527832031 588
589 283.95654296875 589
590 283.9577331542969 590
591 283.9588928222656 591
592 283.9600524902344 592
593 283.961181640625 593
594 283.9623107910156 594
595 283.9634094238281 595
596 283.9645080566406 596
597 283.965576171875 597
598 283.9666137695312 598
599 283.9676818847656 599
600 283.9686889648438 600
601 283.9696960449219 601
602 283.970703125 602
603 283.9716796875 603
604 283.97265625 604
605 283.9736022949219 605
606 283.9745483398438 606
607 283.9754638671875 607
608 283.9763793945312 608
609 283.977294921875 609
610 283.9781799316406 610
611 283.9790344238281 611
612 283.9798889160156 612
613 283.9807739257812 613
614 283.9815979003906 614
615 283.982421875 615
616 283.9832763671875 616
617 283.9840698242188 617
618 283.98486328125 618
619 283.9856567382812 619
620 283.9864196777344 620
621 283.9872131347656 621
622 283.9880065917969 622
623 283.98876953125 623
624 283.9895324707031 624
625 283.9902648925781 625
626 283.9909973144531 626
627 283.9917602539062 627
628 283.9924926757812 628
629 283.9932250976562 629
630 283.9939575195312 630
631 283.9946899414062 631
632 283.9954223632812 632
633 283.9961547851562 633
634 283.9968872070312 634
635 283.9975891113281 635
636 283.9983215332031 636
637 283.9990539550781 637
638 283.999755859375 638
639 284.00048828125 639
640 284.001220703125 640
641 284.001953125 641
642 284.002685546875 642
643 284.00341796875 643
644 284.004150390625 644
645 284.0048828125 645
646 284.0056457519531 646
647 284.0064086914062 647
648 284.0071411132812 648
649 284.0079345703125 649
650 284.0086669921875 650
651 284.0094604492188 651
652 284.01025390625 652
653 284.0110473632812 653
654 284.0118408203125 654
655 284.0126342773438 655
656 284.0134582519531 656
657 284.0142822265625 657
658 284.01513671875 658
659 284.0159912109375 659
660 284.0168151855469 660
661 284.0176696777344 661
662 284.0185546875 662
663 284.0194396972656 663
664 284.0203247070312 664
665 284.021240234375 665
666 284.0221557617188 666
667 284.0230712890625 667
668 284.0240173339844 668
669 284.0249633789062 669
670 284.0259094238281 670
671 284.0268859863281 671
672 284.0278625488281 672
673 284.0288696289062 673
674 284.0298767089844 674
675 284.0308837890625 675
676 284.0319213867188 676
677 284.032958984375 677
678 284.0339965820312 678
679 284.0350952148438 679
680 284.0361938476562 680
681 284.0372924804688 681
682 284.0383605957031 682
683 284.0394897460938 683
684 284.0406494140625 684
685 284.0417785644531 685
686 284.0429382324219 686
687 284.0440979003906 687
688 284.0452880859375 688
689 284.0464782714844 689
690 284.0476989746094 690
691 284.0488891601562 691
692 284.0501403808594 692
693 284.0513610839844 693
694 284.0526428222656 694
695 284.0538940429688 695
696 284.05517578125 696
697 284.0564880371094 697
698 284.0578002929688 698
699 284.0591125488281 699
700 284.0604248046875 700
701 284.061767578125 701
702 284.0631103515625 702
703 284.0644836425781 703
704 284.0658569335938 704
705 284.0672607421875 705
706 284.0686340332031 706
707 284.070068359375 707
708 284.0714721679688 708
709 284.0728759765625 709
710 284.0743408203125 710
711 284.0757751464844 711
712 284.0772399902344 712
713 284.0786743164062 713
714 284.0801391601562 714
715 284.0816345214844 715
716 284.0831298828125 716
717 284.0846252441406 717
718 284.0861511230469 718
719 284.0876770019531 719
720 284.0891723632812 720
721 284.0907287597656 721
722 284.09228515625 722
723 284.0938110351562 723
724 284.0953979492188 724
725 284.096923828125 725
726 284.0985107421875 726
727 284.10009765625 727
728 284.1016845703125 728
729 284.103271484375 729
730 284.1048583984375 730
731 284.1064758300781 731
732 284.1080932617188 732
733 284.1096801757812 733
734 284.111328125 734
735 284.1129150390625 735
736 284.1145629882812 736
737 284.1161804199219 737
738 284.1177978515625 738
739 284.1194458007812 739
740 284.12109375 740
741 284.1227416992188 741
742 284.1243896484375 742
743 284.1260375976562 743
744 284.127685546875 744
745 284.1293640136719 745
746 284.1310119628906 746
747 284.1326904296875 747
748 284.1343383789062 748
749 284.135986328125 749
750 284.1376342773438 750
751 284.1393432617188 751
752 284.1409912109375 752
753 284.1426391601562 753
754 284.1443176269531 754
755 284.14599609375 755
756 284.1476440429688 756
757 284.1492919921875 757
758 284.1510009765625 758
759 284.1526489257812 759
760 284.154296875 760
761 284.1559448242188 761
762 284.1576232910156 762
763 284.1592712402344 763
764 284.1609191894531 764
765 284.1625671386719 765
766 284.1642150878906 766
767 284.1658630371094 767
768 284.1675415039062 768
769 284.1691284179688 769
770 284.1707763671875 770
771 284.1723937988281 771
772 284.1740112304688 772
773 284.1756591796875 773
774 284.17724609375 774
775 284.1788635253906 775
776 284.1804809570312 776
777 284.1820678710938 777
778 284.1836853027344 778
779 284.1852722167969 779
780 284.1868286132812 780
781 284.1884155273438 781
782 284.1900024414062 782
783 284.1915588378906 783
784 284.1930847167969 784
785 284.1946411132812 785
786 284.1961669921875 786
787 284.1976928710938 787
788 284.1992492675781 788
789 284.2007446289062 789
790 284.2022705078125 790
791 284.2037658691406 791
792 284.2052612304688 792
793 284.2067260742188 793
794 284.2082214355469 794
795 284.2096862792969 795
796 284.2111206054688 796
797 284.2125854492188 797
798 284.2139892578125 798
799 284.2154235839844 799
800 284.2168273925781 800
801 284.2182312011719 801
802 284.2196350097656 802
803 284.2210388183594 803
804 284.222412109375 804
805 284.2237548828125 805
806 284.22509765625 806
807 284.2264404296875 807
808 284.227783203125 808
809 284.2290649414062 809
810 284.2303771972656 810
811 284.2316589355469 811
812 284.2329406738281 812
813 284.2341918945312 813
814 284.2354431152344 814
815 284.2366943359375 815
816 284.2379150390625 816
817 284.2391357421875 817
818 284.2403259277344 818
819 284.2415161132812 819
820 284.24267578125 820
821 284.2438354492188 821
822 284.2449951171875 822
823 284.24609375 823
824 284.2472229003906 824
825 284.2483520507812 825
826 284.2494201660156 826
827 284.25048828125 827
828 284.2515869140625 828
829 284.2525939941406 829
830 284.2536315917969 830
831 284.254638671875 831
832 284.2556762695312 832
833 284.2566528320312 833
834 284.2576293945312 834
835 284.258544921875 835
836 284.259521484375 836
837 284.2604370117188 837
838 284.2613525390625 838
839 284.2622375488281 839
840 284.2631225585938 840
841 284.2639770507812 841
842 284.2648620605469 842
843 284.2656860351562 843
844 284.2664794921875 844
845 284.2673034667969 845
846 284.2680969238281 846
847 284.2688598632812 847
848 284.2696228027344 848
849 284.2703552246094 849
850 284.2710876464844 850
851 284.2717895507812 851
852 284.2724609375 852
853 284.2731628417969 853
854 284.2738037109375 854
855 284.2744750976562 855
856 284.2750854492188 856
857 284.2757263183594 857
858 284.2763061523438 858
859 284.2768859863281 859
860 284.2774658203125 860
861 284.2780151367188 861
862 284.2785339355469 862
863 284.2790832519531 863
864 284.2795715332031 864
865 284.2800598144531 865
866 284.2805480957031 866
867 284.281005859375 867
868 284.2814636230469 868
869 284.2818603515625 869
870 284.2822875976562 870
871 284.28271484375 871
872 284.2831115722656 872
873 284.2834777832031 873
874 284.2838439941406 874
875 284.2841796875 875
876 284.2845458984375 876
877 284.2848510742188 877
878 284.2851867675781 878
879 284.2854919433594 879
880 284.2857666015625 880
881 284.2860412597656 881
882 284.2863159179688 882
883 284.28662109375 883
884 284.2868347167969 884
885 284.287109375 885
886 284.2873229980469 886
887 284.2875366210938 887
888 284.2877807617188 888
889 284.2879638671875 889
890 284.2882080078125 890
891 284.2883911132812 891
892 284.28857421875 892
893 284.2887573242188 893
894 284.2889404296875 894
895 284.2891235351562 895
896 284.289306640625 896
897 284.2894897460938 897
898 284.2896728515625 898
899 284.2898254394531 899
900 284.2899780273438 900
901 284.2901611328125 901
902 284.2903137207031 902
903 284.2904663085938 903
904 284.2906494140625 904
905 284.2908020019531 905
906 284.2909851074219 906
907 284.2911682128906 907
908 284.2913208007812 908
909 284.29150390625 909
910 284.2916870117188 910
911 284.2918701171875 911
912 284.2920532226562 912
913 284.292236328125 913
914 284.2924499511719 914
915 284.2926635742188 915
916 284.2928466796875 916
917 284.2930603027344 917
918 284.2932739257812 918
919 284.2935180664062 919
920 284.2937622070312 920
921 284.2940063476562 921
922 284.2942504882812 922
923 284.2944946289062 923
924 284.2947998046875 924
925 284.2950744628906 925
926 284.2953491210938 926
927 284.295654296875 927
928 284.2959594726562 928
929 284.2962951660156 929
930 284.296630859375 930
931 284.2969665527344 931
932 284.2973327636719 932
933 284.2976684570312 933
934 284.2980651855469 934
935 284.2984619140625 935
936 284.2988586425781 936
937 284.2992553710938 937
938 284.2997131347656 938
939 284.3001403808594 939
940 284.3005981445312 940
941 284.3010864257812 941
942 284.3015441894531 942
943 284.3020629882812 943
944 284.3025512695312 944
945 284.3030700683594 945
946 284.3036193847656 946
947 284.3041687011719 947
948 284.3047180175781 948
949 284.3052978515625 949
950 284.305908203125 950
951 284.3064880371094 951
952 284.3070983886719 952
953 284.3077392578125 953
954 284.3083801269531 954
955 284.3090209960938 955
956 284.3097229003906 956
957 284.3104248046875 957
958 284.3110961914062 958
959 284.3117980957031 959
960 284.3125305175781 960
961 284.3132629394531 961
962 284.3140258789062 962
963 284.3148193359375 963
964 284.3155822753906 964
965 284.3163757324219 965
966 284.3171691894531 966
967 284.3179931640625 967
968 284.31884765625 968
969 284.3196716308594 969
970 284.3205261230469 970
971 284.3213806152344 971
972 284.3222961425781 972
973 284.3231811523438 973
974 284.3240661621094 974
975 284.3250122070312 975
976 284.325927734375 976
977 284.3268737792969 977
978 284.3278198242188 978
979 284.3287963867188 979
980 284.3297729492188 980
981 284.3307495117188 981
982 284.3317260742188 982
983 284.332763671875 983
984 284.3337707519531 984
985 284.3348083496094 985
986 284.3358459472656 986
987 284.3368835449219 987
988 284.3379516601562 988
989 284.3389892578125 989
990 284.340087890625 990
991 284.3411560058594 991
992 284.3422546386719 992
993 284.3433532714844 993
994 284.3444519042969 994
995 284.3455810546875 995
996 284.3467102050781 996
997 284.3478393554688 997
998 284.3489685058594 998
999 284.3501281738281 999
1000 284.3512573242188 1000
1001 284.3524169921875 1001
1002 284.3535766601562 1002
1003 284.3547668457031 1003
1004 284.3559265136719 1004
1005 284.3571166992188 1005
1006 284.3582763671875 1006
1007 284.3594970703125 1007
1008 284.3606567382812 1008
1009 284.3618774414062 1009
1010 284.3630981445312 1010
1011 284.3642883300781 1011
1012 284.3655090332031 1012
1013 284.3667297363281 1013
1014 284.367919921875 1014
1015 284.3691711425781 1015
1016 284.3703918457031 1016
1017 284.3716430664062 1017
1018 284.3728637695312 1018
1019 284.3740844726562 1019
1020 284.3753356933594 1020
1021 284.3765563964844 1021
1022 284.3777770996094 1022
1023 284.3790283203125 1023
1024 284.3802795410156 1024
1025 284.3815002441406 1025
1026 284.3827514648438 1026
1027 284.3839721679688 1027
1028 284.3852233886719 1028
1029 284.3864440917969 1029
1030 284.3876953125 1030
1031 284.388916015625 1031
1032 284.3901672363281 1032
1033 284.3913879394531 1033
1034 284.3926086425781 1034
1035 284.3938598632812 1035
1036 284.3950805664062 1036
1037 284.3963012695312 1037
1038 284.3975219726562 1038
1039 284.3987426757812 1039
1040 284.3999633789062 1040
1041 284.4011535644531 1041
1042 284.4023742675781 1042
1043 284.4035949707031 1043
1044 284.40478515625 1044
1045 284.406005859375 1045
1046 284.4071655273438 1046
1047 284.4083557128906 1047
1048 284.4095458984375 1048
1049 284.4107055664062 1049
1050 284.4118957519531 1050
1051 284.4130554199219 1051
1052 284.4141845703125 1052
1053 284.4153442382812 1053
1054 284.41650390625 1054
1055 284.4176635742188 1055
1056 284.4187622070312 1056
1057 284.4198913574219 1057
1058 284.4210205078125 1058
1059 284.422119140625 1059
1060 284.4232177734375 1060
1061 284.4243469238281 1061
1062 284.4254150390625 1062
1063 284.4264831542969 1063
1064 284.4275512695312 1064
1065 284.4286193847656 1065
1066 284.4296875 1066
1067 284.4306945800781 1067
1068 284.4317321777344 1068
1069 284.4327697753906 1069
1070 284.4337768554688 1070
1071 284.4347839355469 1071
1072 284.4357604980469 1072
1073 284.436767578125 1073
1074 284.4377136230469 1074
1075 284.4386901855469 1075
1076 284.4396362304688 1076
1077 284.4405822753906 1077
1078 284.4414978027344 1078
1079 284.4424133300781 1079
1080 284.443359375 1080
1081 284.4442443847656 1081
1082 284.4450988769531 1082
1083 284.4459838867188 1083
1084 284.4468383789062 1084
1085 284.4476928710938 1085
1086 284.4485168457031 1086
1087 284.4493408203125 1087
1088 284.4501647949219 1088
1089 284.4509582519531 1089
1090 284.4517211914062 1090
1091 284.4524841308594 1091
1092 284.4532470703125 1092
1093 284.4540100097656 1093
1094 284.4547424316406 1094
1095 284.4554443359375 1095
1096 284.4561767578125 1096
1097 284.4568481445312 1097
1098 284.45751953125 1098
1099 284.4581909179688 1099
1100 284.4588012695312 1100
1101 284.45947265625 1101
1102 284.4600830078125 1102
1103 284.4606628417969 1103
1104 284.4612426757812 1104
1105 284.4618530273438 1105
1106 284.46240234375 1106
1107 284.4629516601562 1107
1108 284.4635009765625 1108
1109 284.4640197753906 1109
1110 284.4645080566406 1110
1111 284.4649963378906 1111
1112 284.4654541015625 1112
1113 284.4659423828125 1113
1114 284.4663696289062 1114
1115 284.466796875 1115
1116 284.4672241210938 1116
1117 284.4676208496094 1117
1118 284.4679870605469 1118
1119 284.4683532714844 1119
1120 284.4687194824219 1120
1121 284.4690551757812 1121
1122 284.4693603515625 1122
1123 284.4696655273438 1123
1124 284.469970703125 1124
1125 284.4702453613281 1125
1126 284.4705200195312 1126
1127 284.4707641601562 1127
1128 284.4710083007812 1128
1129 284.4712219238281 1129
1130 284.4714050292969 1130
1131 284.4716186523438 1131
1132 284.4717712402344 1132
1133 284.471923828125 1133
1134 284.4720458984375 1134
1135 284.4721984863281 1135
1136 284.4723205566406 1136
1137 284.472412109375 1137
1138 284.4725341796875 1138
1139 284.4725952148438 1139
1140 284.47265625 1140
1141 284.4727172851562 1141
1142 284.4727172851562 1142
1143 284.4727478027344 1143
1144 284.4727783203125 1144
1145 284.4727478027344 1145
1146 284.4727478027344 1146
1147 284.4727172851562 1147
1148 284.4726867675781 1148
1149 284.47265625 1149
1150 284.4725952148438 1150
1151 284.4725341796875 1151
1152 284.4724426269531 1152
1153 284.4723815917969 1153
1154 284.4722900390625 1154
1155 284.47216796875 1155
1156 284.4720458984375 1156
1157 284.4719543457031 1157
1158 284.4718627929688 1158
1159 284.4717102050781 1159
1160 284.4715881347656 1160
1161 284.471435546875 1161
1162 284.4713134765625 1162
1163 284.4711608886719 1163
1164 284.4710388183594 1164
1165 284.4708557128906 1165
1166 284.470703125 1166
1167 284.4705505371094 1167
1168 284.4703979492188 1168
1169 284.4702453613281 1169
1170 284.4700622558594 1170
1171 284.4699096679688 1171
1172 284.4697570800781 1172
1173 284.4696350097656 1173
1174 284.4694519042969 1174
1175 284.4692993164062 1175
1176 284.4691467285156 1176
1177 284.468994140625 1177
1178 284.4688720703125 1178
1179 284.4686889648438 1179
1180 284.4685668945312 1180
1181 284.4684448242188 1181
1182 284.4683227539062 1182
1183 284.4682312011719 1183
1184 284.4681091308594 1184
1185 284.468017578125 1185
1186 284.4678955078125 1186
1187 284.4678039550781 1187
1188 284.4677429199219 1188
1189 284.4676513671875 1189
1190 284.4676208496094 1190
1191 284.467529296875 1191
1192 284.4674682617188 1192
1193 284.4674682617188 1193
1194 284.4674072265625 1194
1195 284.4674072265625 1195
1196 284.4674072265625 1196
1197 284.4674072265625 1197
1198 284.4674377441406 1198
1199 284.4674682617188 1199
1200 284.467529296875 1200
1201 284.4675903320312 1201
1202 284.4676513671875 1202
1203 284.4677124023438 1203
1204 284.4678039550781 1204
1205 284.4679260253906 1205
1206 284.4680480957031 1206
1207 284.4681701660156 1207
1208 284.4683227539062 1208
1209 284.4684753417969 1209
1210 284.4686584472656 1210
1211 284.4688415527344 1211
1212 284.4690551757812 1212
1213 284.46923828125 1213
1214 284.469482421875 1214
1215 284.4697265625 1215
1216 284.469970703125 1216
1217 284.4702453613281 1217
1218 284.4705200195312 1218
1219 284.4708557128906 1219
1220 284.4711608886719 1220
1221 284.4714965820312 1221
1222 284.4718322753906 1222
1223 284.4721984863281 1223
1224 284.4725952148438 1224
1225 284.4729614257812 1225
1226 284.473388671875 1226
1227 284.4737854003906 1227
1228 284.4742431640625 1228
1229 284.4746704101562 1229
1230 284.4751586914062 1230
1231 284.4755859375 1231
1232 284.47607421875 1232
1233 284.4765930175781 1233
1234 284.4771118164062 1234
1235 284.4776306152344 1235
1236 284.4781799316406 1236
1237 284.478759765625 1237
1238 284.4793395996094 1238
1239 284.4799194335938 1239
1240 284.4804992675781 1240
1241 284.4811096191406 1241
1242 284.4817504882812 1242
1243 284.4823913574219 1243
1244 284.4830322265625 1244
1245 284.4837036132812 1245
1246 284.484375 1246
1247 284.4850463867188 1247
1248 284.4857482910156 1248
1249 284.4864501953125 1249
1250 284.4871520996094 1250
1251 284.4879150390625 1251
1252 284.4886474609375 1252
1253 284.4894104003906 1253
1254 284.4901733398438 1254
1255 284.4909362792969 1255
1256 284.4917297363281 1256
1257 284.4925231933594 1257
1258 284.4933471679688 1258
1259 284.4941711425781 1259
1260 284.4949951171875 1260
1261 284.4957885742188 1261
1262 284.4966735839844 1262
1263 284.4974975585938 1263
1264 284.4983520507812 1264
1265 284.4992370605469 1265
1266 284.5001220703125 1266
1267 284.5010070800781 1267
1268 284.5018920898438 1268
1269 284.5028076171875 1269
1270 284.5037231445312 1270
1271 284.5046081542969 1271
1272 284.5055541992188 1272
1273 284.5064697265625 1273
1274 284.5073852539062 1274
1275 284.5083312988281 1275
1276 284.50927734375 1276
1277 284.5102233886719 1277
1278 284.5111694335938 1278
1279 284.5121154785156 1279
1280 284.5131225585938 1280
1281 284.5140686035156 1281
1282 284.5150451660156 1282
1283 284.5159912109375 1283
1284 284.5169677734375 1284
1285 284.5180053710938 1285
1286 284.5189819335938 1286
1287 284.5199584960938 1287
1288 284.5209350585938 1288
1289 284.5219421386719 1289
1290 284.52294921875 1290
1291 284.52392578125 1291
1292 284.52490234375 1292
1293 284.5259399414062 1293
1294 284.5269165039062 1294
1295 284.5279235839844 1295
1296 284.5289306640625 1296
1297 284.5299377441406 1297
1298 284.5309448242188 1298
1299 284.5319213867188 1299
1300 284.5329284667969 1300
1301 284.533935546875 1301
1302 284.534912109375 1302
1303 284.5359497070312 1303
1304 284.5369262695312 1304
1305 284.5379028320312 1305
1306 284.5389099121094 1306
1307 284.5399169921875 1307
1308 284.5408630371094 1308
1309 284.5418701171875 1309
1310 284.5428466796875 1310
1311 284.5438232421875 1311
1312 284.5447998046875 1312
1313 284.5457763671875 1313
1314 284.5467529296875 1314
1315 284.5477294921875 1315
1316 284.5487060546875 1316
1317 284.5496215820312 1317
1318 284.5505981445312 1318
1319 284.551513671875 1319
1320 284.5524597167969 1320
1321 284.5534057617188 1321
1322 284.5543212890625 1322
1323 284.5552368164062 1323
1324 284.55615234375 1324
1325 284.5570678710938 1325
1326 284.5579833984375 1326
1327 284.5588684082031 1327
1328 284.5597534179688 1328
1329 284.5606384277344 1329
1330 284.5615234375 1330
1331 284.5623779296875 1331
1332 284.563232421875 1332
1333 284.5640869140625 1333
1334 284.56494140625 1334
1335 284.5657653808594 1335
1336 284.5665893554688 1336
1337 284.5673828125 1337
1338 284.5682067871094 1338
1339 284.5689697265625 1339
1340 284.5697631835938 1340
1341 284.570556640625 1341
1342 284.5713195800781 1342
1343 284.5720825195312 1343
1344 284.5728149414062 1344
1345 284.5735473632812 1345
1346 284.5742797851562 1346
1347 284.5750122070312 1347
1348 284.57568359375 1348
1349 284.5763854980469 1349
1350 284.5770568847656 1350
1351 284.5777587890625 1351
1352 284.5783996582031 1352
1353 284.5790405273438 1353
1354 284.5796508789062 1354
1355 284.580322265625 1355
1356 284.5809020996094 1356
1357 284.5815124511719 1357
1358 284.5820922851562 1358
1359 284.5826721191406 1359
1360 284.5832214355469 1360
1361 284.583740234375 1361
1362 284.5842895507812 1362
1363 284.5848388671875 1363
1364 284.5853271484375 1364
1365 284.5858154296875 1365
1366 284.5863037109375 1366
1367 284.5867614746094 1367
1368 284.5872192382812 1368
1369 284.5876770019531 1369
1370 284.5881042480469 1370
1371 284.5885009765625 1371
1372 284.5888977050781 1372
1373 284.5892944335938 1373
1374 284.5896606445312 1374
1375 284.5900268554688 1375
1376 284.5903625488281 1376
1377 284.5906982421875 1377
1378 284.5910034179688 1378
1379 284.59130859375 1379
1380 284.5915832519531 1380
1381 284.5918579101562 1381
1382 284.5921020507812 1382
1383 284.5923767089844 1383
1384 284.5925903320312 1384
1385 284.5927734375 1385
1386 284.5929870605469 1386
1387 284.5931396484375 1387
1388 284.5933532714844 1388
1389 284.5934753417969 1389
1390 284.5936279296875 1390
1391 284.59375 1391
1392 284.5938720703125 1392
1393 284.5939331054688 1393
1394 284.593994140625 1394
1395 284.5940856933594 1395
1396 284.5941162109375 1396
1397 284.5941772460938 1397
1398 284.5941772460938 1398
1399 284.5942077636719 1399
1400 284.5941772460938 1400
1401 284.5941467285156 1401
1402 284.5941162109375 1402
1403 284.5940551757812 1403
1404 284.5939636230469 1404
1405 284.5939331054688 1405
1406 284.5938110351562 1406
1407 284.5936889648438 1407
1408 284.5935668945312 1408
1409 284.5934448242188 1409
1410 284.5933227539062 1410
1411 284.5931396484375 1411
1412 284.5929565429688 1412
1413 284.5928039550781 1413
1414 284.5925903320312 1414
1415 284.5924072265625 1415
1416 284.5921630859375 1416
1417 284.5919494628906 1417
1418 284.5917053222656 1418
1419 284.5914611816406 1419
1420 284.5912170410156 1420
1421 284.5909423828125 1421
1422 284.5906677246094 1422
1423 284.5903930664062 1423
1424 284.590087890625 1424
1425 284.5897827148438 1425
1426 284.5894775390625 1426
1427 284.5891723632812 1427
1428 284.5888671875 1428
1429 284.5885314941406 1429
1430 284.5882263183594 1430
1431 284.587890625 1431
1432 284.5875549316406 1432
1433 284.5872192382812 1433
1434 284.5868835449219 1434
1435 284.5865478515625 1435
1436 284.586181640625 1436
1437 284.5858764648438 1437
1438 284.5855102539062 1438
1439 284.5851745605469 1439
1440 284.5848083496094 1440
1441 284.58447265625 1441
1442 284.5841369628906 1442
1443 284.5838012695312 1443
1444 284.5834655761719 1444
1445 284.5831298828125 1445
1446 284.5827941894531 1446
1447 284.5824890136719 1447
1448 284.5821533203125 1448
1449 284.5818481445312 1449
1450 284.58154296875 1450
1451 284.5812377929688 1451
1452 284.5809326171875 1452
1453 284.5806579589844 1453
1454 284.5803833007812 1454
1455 284.580078125 1455
1456 284.579833984375 1456
1457 284.5795593261719 1457
1458 284.5792846679688 1458
1459 284.5790710449219 1459
1460 284.5788269042969 1460
1461 284.57861328125 1461
1462 284.5784301757812 1462
1463 284.5782165527344 1463
1464 284.5780029296875 1464
1465 284.5778198242188 1465
1466 284.5776672363281 1466
1467 284.5775146484375 1467
1468 284.577392578125 1468
1469 284.5772399902344 1469
1470 284.5771179199219 1470
1471 284.5770263671875 1471
1472 284.5769348144531 1472
1473 284.5768432617188 1473
1474 284.5767822265625 1474
1475 284.5767517089844 1475
1476 284.5766906738281 1476
1477 284.5766906738281 1477
1478 284.57666015625 1478
1479 284.57666015625 1479
1480 284.5767211914062 1480
1481 284.5767211914062 1481
1482 284.5767822265625 1482
1483 284.5768432617188 1483
1484 284.5769348144531 1484
1485 284.5770263671875 1485
1486 284.5771484375 1486
1487 284.5772399902344 1487
1488 284.577392578125 1488
1489 284.5775451660156 1489
1490 284.5776977539062 1490
1491 284.577880859375 1491
1492 284.5780639648438 1492
1493 284.5783081054688 1493
1494 284.5785522460938 1494
1495 284.5787963867188 1495
1496 284.5790405273438 1496
1497 284.5793151855469 1497
1498 284.57958984375 1498
1499 284.5798950195312 1499
1500 284.5802307128906 1500
1501 284.58056640625 1501
1502 284.5809020996094 1502
1503 284.5812683105469 1503
1504 284.5816345214844 1504
1505 284.58203125 1505
1506 284.5824279785156 1506
1507 284.5828552246094 1507
1508 284.583251953125 1508
1509 284.583740234375 1509
1510 284.5841674804688 1510
1511 284.5846557617188 1511
1512 284.5851440429688 1512
1513 284.5856323242188 1513
1514 284.5861206054688 1514
1515 284.586669921875 1515
1516 284.5872192382812 1516
1517 284.5877380371094 1517
1518 284.5883178710938 1518
1519 284.5888671875 1519
1520 284.5894470214844 1520
1521 284.5900573730469 1521
1522 284.5906677246094 1522
1523 284.5912780761719 1523
1524 284.5919189453125 1524
1525 284.5925598144531 1525
1526 284.5932006835938 1526
1527 284.5938720703125 1527
1528 284.5945434570312 1528
1529 284.59521484375 1529
1530 284.5958862304688 1530
1531 284.5965881347656 1531
1532 284.5972900390625 1532
1533 284.5980224609375 1533
1534 284.5987548828125 1534
1535 284.5994873046875 1535
1536 284.6002197265625 1536
1537 284.6009521484375 1537
1538 284.6017150878906 1538
1539 284.6024780273438 1539
1540 284.603271484375 1540
1541 284.6040649414062 1541
1542 284.6048278808594 1542
1543 284.6056518554688 1543
1544 284.6064147949219 1544
1545 284.6072387695312 1545
1546 284.6080322265625 1546
1547 284.6088562011719 1547
1548 284.6096801757812 1548
1549 284.6104736328125 1549
1550 284.611328125 1550
1551 284.6121520996094 1551
1552 284.6129760742188 1552
1553 284.6138305664062 1553
1554 284.6146850585938 1554
1555 284.6155395507812 1555
1556 284.6163940429688 1556
1557 284.6172180175781 1557
1558 284.6181030273438 1558
1559 284.6189575195312 1559
1560 284.6198120117188 1560
1561 284.6206665039062 1561
1562 284.6215209960938 1562
1563 284.6224060058594 1563
1564 284.623291015625 1564
1565 284.6241455078125 1565
1566 284.625 1566
1567 284.6258850097656 1567
1568 284.6267395019531 1568
1569 284.6276245117188 1569
1570 284.6285095214844 1570
1571 284.6293334960938 1571
1572 284.6302185058594 1572
1573 284.631103515625 1573
1574 284.6319580078125 1574
1575 284.6328125 1575
1576 284.6336669921875 1576
1577 284.634521484375 1577
1578 284.6353759765625 1578
1579 284.6362609863281 1579
1580 284.6370849609375 1580
1581 284.637939453125 1581
1582 284.6387939453125 1582
1583 284.6396179199219 1583
1584 284.6404418945312 1584
1585 284.6412658691406 1585
1586 284.6421203613281 1586
1587 284.6429138183594 1587
1588 284.6437377929688 1588
1589 284.6445617675781 1589
1590 284.6453552246094 1590
1591 284.6461791992188 1591
1592 284.64697265625 1592
1593 284.6477355957031 1593
1594 284.6485290527344 1594
1595 284.6492919921875 1595
1596 284.6500854492188 1596
1597 284.6508178710938 1597
1598 284.6515808105469 1598
1599 284.6523132324219 1599
1600 284.653076171875 1600
1601 284.65380859375 1601
1602 284.654541015625 1602
1603 284.6552429199219 1603
1604 284.6559448242188 1604
1605 284.6566467285156 1605
1606 284.6573486328125 1606
1607 284.6580200195312 1607
1608 284.65869140625 1608
1609 284.6593627929688 1609
1610 284.6600036621094 1610
1611 284.66064453125 1611
1612 284.6612548828125 1612
1613 284.6619262695312 1613
1614 284.6625366210938 1614
1615 284.6631164550781 1615
1616 284.6636962890625 1616
1617 284.6642761230469 1617
1618 284.6648559570312 1618
1619 284.6654052734375 1619
1620 284.6659851074219 1620
1621 284.66650390625 1621
1622 284.6670227050781 1622
1623 284.6675109863281 1623
1624 284.6680297851562 1624
1625 284.6685180664062 1625
1626 284.6690063476562 1626
1627 284.6694946289062 1627
1628 284.669921875 1628
1629 284.6703491210938 1629
1630 284.6707763671875 1630
1631 284.6711730957031 1631
1632 284.6716003417969 1632
1633 284.6719970703125 1633
1634 284.67236328125 1634
1635 284.6726989746094 1635
1636 284.6730651855469 1636
1637 284.6734008789062 1637
1638 284.6737060546875 1638
1639 284.6740112304688 1639
1640 284.67431640625 1640
1641 284.6746215820312 1641
1642 284.6748657226562 1642
1643 284.6751098632812 1643
1644 284.6753540039062 1644
1645 284.6755676269531 1645
1646 284.67578125 1646
1647 284.6759643554688 1647
1648 284.6761474609375 1648
1649 284.6763305664062 1649
1650 284.6764831542969 1650
1651 284.6766357421875 1651
1652 284.6767272949219 1652
1653 284.6768493652344 1653
1654 284.6769409179688 1654
1655 284.677001953125 1655
1656 284.6770935058594 1656
1657 284.6771240234375 1657
1658 284.6771545410156 1658
1659 284.6771850585938 1659
1660 284.6771850585938 1660
1661 284.6771545410156 1661
1662 284.6771545410156 1662
1663 284.6771240234375 1663
1664 284.6770629882812 1664
1665 284.6769714355469 1665
1666 284.6769104003906 1666
1667 284.6768188476562 1667
1668 284.6766967773438 1668
1669 284.6765441894531 1669
1670 284.6764221191406 1670
1671 284.6762390136719 1671
1672 284.6760864257812 1672
1673 284.6759033203125 1673
1674 284.6757202148438 1674
1675 284.6755065917969 1675
1676 284.6752624511719 1676
1677 284.675048828125 1677
1678 284.6748046875 1678
1679 284.6745300292969 1679
1680 284.6742553710938 1680
1681 284.6739501953125 1681
1682 284.6736450195312 1682
1683 284.67333984375 1683
1684 284.6730346679688 1684
1685 284.6726989746094 1685
1686 284.67236328125 1686
1687 284.6720275878906 1687
1688 284.6716613769531 1688
1689 284.6712646484375 1689
1690 284.6708984375 1690
1691 284.6705322265625 1691
1692 284.6701049804688 1692
1693 284.6697082519531 1693
1694 284.6692810058594 1694
1695 284.6688842773438 1695
1696 284.66845703125 1696
1697 284.6680297851562 1697
1698 284.6676025390625 1698
1699 284.6671752929688 1699
1700 284.6667175292969 1700
1701 284.666259765625 1701
1702 284.6658325195312 1702
1703 284.6653747558594 1703
1704 284.6649169921875 1704
1705 284.6644897460938 1705
1706 284.6640014648438 1706
1707 284.66357421875 1707
1708 284.6631164550781 1708
1709 284.6626586914062 1709
1710 284.6622009277344 1710
1711 284.6617431640625 1711
1712 284.6613159179688 1712
1713 284.6608581542969 1713
1714 284.660400390625 1714
1715 284.6599731445312 1715
1716 284.6595458984375 1716
1717 284.6591186523438 1717
1718 284.65869140625 1718
1719 284.6582641601562 1719
1720 284.6578674316406 1720
1721 284.6574401855469 1721
1722 284.6570739746094 1722
1723 284.6566772460938 1723
1724 284.6562805175781 1724
1725 284.6558837890625 1725
1726 284.6555480957031 1726
1727 284.6551818847656 1727
1728 284.6548156738281 1728
1729 284.6545104980469 1729
1730 284.6541748046875 1730
1731 284.6538696289062 1731
1732 284.653564453125 1732
1733 284.6532592773438 1733
1734 284.6529846191406 1734
1735 284.6527099609375 1735
1736 284.6524658203125 1736
1737 284.6522216796875 1737
1738 284.6519775390625 1738
1739 284.6517333984375 1739
1740 284.6515502929688 1740
1741 284.6513671875 1741
1742 284.6511840820312 1742
1743 284.6510009765625 1743
1744 284.6508483886719 1744
1745 284.6506958007812 1745
1746 284.6506042480469 1746
1747 284.6505126953125 1747
1748 284.650390625 1748
1749 284.6502990722656 1749
1750 284.6502380371094 1750
1751 284.6501770019531 1751
1752 284.6501770019531 1752
1753 284.650146484375 1753
1754 284.650146484375 1754
1755 284.650146484375 1755
1756 284.6501770019531 1756
1757 284.6502075195312 1757
1758 284.6502685546875 1758
1759 284.6503295898438 1759
1760 284.6504211425781 1760
1761 284.6505126953125 1761
1762 284.650634765625 1762
1763 284.6507873535156 1763
1764 284.6509399414062 1764
1765 284.6510620117188 1765
1766 284.6512756347656 1766
1767 284.6514892578125 1767
1768 284.6516723632812 1768
1769 284.6519165039062 1769
1770 284.6521606445312 1770
1771 284.6524047851562 1771
1772 284.6526489257812 1772
1773 284.6529541015625 1773
1774 284.6532592773438 1774
1775 284.653564453125 1775
1776 284.6538696289062 1776
1777 284.6542358398438 1777
1778 284.6545715332031 1778
1779 284.6549377441406 1779
1780 284.6553344726562 1780
1781 284.6557006835938 1781
1782 284.6561279296875 1782
1783 284.6565551757812 1783
1784 284.656982421875 1784
1785 284.6574401855469 1785
1786 284.6578979492188 1786
1787 284.6583862304688 1787
1788 284.6588134765625 1788
1789 284.6593322753906 1789
1790 284.6598510742188 1790
1791 284.6603698730469 1791
1792 284.660888671875 1792
1793 284.6614379882812 1793
1794 284.6619873046875 1794
1795 284.6625366210938 1795
1796 284.6631164550781 1796
1797 284.6636962890625 1797
1798 284.664306640625 1798
1799 284.6649169921875 1799
1800 284.6654968261719 1800
1801 284.6661376953125 1801
1802 284.6667785644531 1802
1803 284.6674194335938 1803
1804 284.6680603027344 1804
1805 284.668701171875 1805
1806 284.6693725585938 1806
1807 284.6700439453125 1807
1808 284.6707153320312 1808
1809 284.6714172363281 1809
1810 284.672119140625 1810
1811 284.6728515625 1811
1812 284.6735229492188 1812
1813 284.6742553710938 1813
1814 284.6749877929688 1814
1815 284.6756896972656 1815
1816 284.6764221191406 1816
1817 284.6771545410156 1817
1818 284.6779174804688 1818
1819 284.6786499023438 1819
1820 284.6794128417969 1820
1821 284.68017578125 1821
1822 284.6809387207031 1822
1823 284.6816711425781 1823
1824 284.6824645996094 1824
1825 284.6832275390625 1825
1826 284.6840209960938 1826
1827 284.6847839355469 1827
1828 284.6855773925781 1828
1829 284.6863403320312 1829
1830 284.6871337890625 1830
1831 284.6879272460938 1831
1832 284.688720703125 1832
1833 284.6894836425781 1833
1834 284.6903076171875 1834
1835 284.6910705566406 1835
1836 284.6918640136719 1836
1837 284.6926574707031 1837
1838 284.6934509277344 1838
1839 284.6942138671875 1839
1840 284.6950073242188 1840
1841 284.69580078125 1841
1842 284.6965942382812 1842
1843 284.6973876953125 1843
1844 284.6981506347656 1844
1845 284.6989440917969 1845
1846 284.6997375488281 1846
1847 284.7005004882812 1847
1848 284.7012939453125 1848
1849 284.7020568847656 1849
1850 284.7028198242188 1850
1851 284.7035827636719 1851
1852 284.704345703125 1852
1853 284.7051391601562 1853
1854 284.7058715820312 1854
1855 284.7066040039062 1855
1856 284.7073364257812 1856
1857 284.7080993652344 1857
1858 284.7088317871094 1858
1859 284.7095642089844 1859
1860 284.7102966308594 1860
1861 284.7109985351562 1861
1862 284.7117309570312 1862
1863 284.7124328613281 1863
1864 284.713134765625 1864
1865 284.7138366699219 1865
1866 284.7145080566406 1866
1867 284.7152099609375 1867
1868 284.7158813476562 1868
1869 284.7165222167969 1869
1870 284.7171630859375 1870
1871 284.7178344726562 1871
1872 284.718505859375 1872
1873 284.7191162109375 1873
1874 284.7197265625 1874
1875 284.7203369140625 1875
1876 284.720947265625 1876
1877 284.7215576171875 1877
1878 284.72216796875 1878
1879 284.7227478027344 1879
1880 284.7232971191406 1880
1881 284.7238464355469 1881
1882 284.7243957519531 1882
1883 284.7249145507812 1883
1884 284.7254638671875 1884
1885 284.7259826660156 1885
1886 284.7265014648438 1886
1887 284.7269897460938 1887
1888 284.7274780273438 1888
1889 284.7279357910156 1889
1890 284.7283935546875 1890
1891 284.7288513183594 1891
1892 284.7293090820312 1892
1893 284.729736328125 1893
1894 284.7301330566406 1894
1895 284.7305297851562 1895
1896 284.7309265136719 1896
1897 284.7313232421875 1897
1898 284.7316589355469 1898
1899 284.7320251464844 1899
1900 284.7323608398438 1900
1901 284.732666015625 1901
1902 284.7330322265625 1902
1903 284.7333068847656 1903
1904 284.7336120605469 1904
1905 284.73388671875 1905
1906 284.734130859375 1906
1907 284.734375 1907
1908 284.734619140625 1908
1909 284.7348327636719 1909
1910 284.7350463867188 1910
1911 284.7352294921875 1911
1912 284.7354125976562 1912
1913 284.7355651855469 1913
1914 284.7357177734375 1914
1915 284.73583984375 1915
1916 284.7359619140625 1916
1917 284.736083984375 1917
1918 284.7361755371094 1918
1919 284.7362670898438 1919
1920 284.736328125 1920
1921 284.7363891601562 1921
1922 284.7364196777344 1922
1923 284.7364196777344 1923
1924 284.7364501953125 1924
1925 284.7364196777344 1925
1926 284.7363891601562 1926
1927 284.7363586425781 1927
1928 284.7362976074219 1928
1929 284.7362365722656 1929
1930 284.7361450195312 1930
1931 284.736083984375 1931
1932 284.7359313964844 1932
1933 284.7358093261719 1933
1934 284.7356567382812 1934
1935 284.7355346679688 1935
1936 284.7353515625 1936
1937 284.7351684570312 1937
1938 284.7349548339844 1938
1939 284.7347412109375 1939
1940 284.7345275878906 1940
1941 284.7342834472656 1941
1942 284.7340393066406 1942
1943 284.7337646484375 1943
1944 284.7334594726562 1944
1945 284.733154296875 1945
1946 284.7328491210938 1946
1947 284.7325439453125 1947
1948 284.7322387695312 1948
1949 284.7318420410156 1949
1950 284.7315063476562 1950
1951 284.7311401367188 1951
1952 284.7307434082031 1952
1953 284.7303466796875 1953
1954 284.7299499511719 1954
1955 284.7295227050781 1955
1956 284.7290954589844 1956
1957 284.7286682128906 1957
1958 284.7282409667969 1958
1959 284.727783203125 1959
1960 284.7273254394531 1960
1961 284.7268676757812 1961
1962 284.7263793945312 1962
1963 284.7258911132812 1963
1964 284.7254333496094 1964
1965 284.7249145507812 1965
1966 284.7244262695312 1966
1967 284.7239074707031 1967
1968 284.7234191894531 1968
1969 284.722900390625 1969
1970 284.7223510742188 1970
1971 284.7218322753906 1971
1972 284.7213439941406 1972
1973 284.7208251953125 1973
1974 284.7202758789062 1974
1975 284.7197570800781 1975
1976 284.71923828125 1976
1977 284.7187194824219 1977
1978 284.7181701660156 1978
1979 284.7176513671875 1979
1980 284.7171325683594 1980
1981 284.7166137695312 1981
1982 284.7160949707031 1982
1983 284.715576171875 1983
1984 284.715087890625 1984
1985 284.714599609375 1985
1986 284.7140808105469 1986
1987 284.7135925292969 1987
1988 284.7131042480469 1988
1989 284.712646484375 1989
1990 284.7121276855469 1990
1991 284.711669921875 1991
1992 284.7112121582031 1992
1993 284.7107543945312 1993
1994 284.7103271484375 1994
1995 284.7098999023438 1995
1996 284.70947265625 1996
1997 284.7090454101562 1997
1998 284.7086791992188 1998
1999 284.708251953125 1999
2000 284.7078857421875 2000
2001 284.70751953125 2001
2002 284.7071533203125 2002
2003 284.706787109375 2003
2004 284.7064514160156 2004
2005 284.7061157226562 2005
2006 284.705810546875 2006
2007 284.7055358886719 2007
2008 284.7052307128906 2008
2009 284.7049560546875 2009
2010 284.7047119140625 2010
2011 284.7044677734375 2011
2012 284.7042236328125 2012
2013 284.7040405273438 2013
2014 284.7038269042969 2014
2015 284.7036437988281 2015
2016 284.7034606933594 2016
2017 284.7033081054688 2017
2018 284.7031555175781 2018
2019 284.7030334472656 2019
2020 284.7029113769531 2020
2021 284.7028198242188 2021
2022 284.7027587890625 2022
2023 284.7026672363281 2023
2024 284.70263671875 2024
2025 284.7025756835938 2025
2026 284.7025756835938 2026
2027 284.7025756835938 2027
2028 284.7025756835938 2028
2029 284.7026062011719 2029
2030 284.7026672363281 2030
2031 284.7026977539062 2031
2032 284.7027893066406 2032
2033 284.7028503417969 2033
2034 284.7029724121094 2034
2035 284.7030944824219 2035
2036 284.7032470703125 2036
2037 284.703369140625 2037
2038 284.7035522460938 2038
2039 284.7037048339844 2039
2040 284.7039184570312 2040
2041 284.7041015625 2041
2042 284.704345703125 2042
2043 284.70458984375 2043
2044 284.704833984375 2044
2045 284.7051086425781 2045
2046 284.7053833007812 2046
2047 284.7056884765625 2047
2048 284.7059936523438 2048
2049 284.706298828125 2049
2050 284.7066650390625 2050
2051 284.70703125 2051
2052 284.7073974609375 2052
2053 284.707763671875 2053
2054 284.7081298828125 2054
2055 284.7085571289062 2055
2056 284.708984375 2056
2057 284.7093811035156 2057
2058 284.7098388671875 2058
2059 284.7102966308594 2059
2060 284.7107543945312 2060
2061 284.7112426757812 2061
2062 284.7117309570312 2062
2063 284.7122192382812 2063
2064 284.7127075195312 2064
2065 284.7132568359375 2065
2066 284.7137756347656 2066
2067 284.7143249511719 2067
2068 284.7148742675781 2068
2069 284.7154235839844 2069
2070 284.7160034179688 2070
2071 284.7165832519531 2071
2072 284.7171325683594 2072
2073 284.7177429199219 2073
2074 284.7183532714844 2074
2075 284.718994140625 2075
2076 284.7196044921875 2076
2077 284.72021484375 2077
2078 284.7208557128906 2078
2079 284.7214965820312 2079
2080 284.72216796875 2080
2081 284.7228088378906 2081
2082 284.7234802246094 2082
2083 284.7241516113281 2083
2084 284.7248229980469 2084
2085 284.7255249023438 2085
2086 284.7261962890625 2086
2087 284.7268981933594 2087
2088 284.7276000976562 2088
2089 284.728271484375 2089
2090 284.72900390625 2090
2091 284.7297058105469 2091
2092 284.7304382324219 2092
2093 284.7311401367188 2093
2094 284.7318725585938 2094
2095 284.7326049804688 2095
2096 284.7333068847656 2096
2097 284.7340698242188 2097
2098 284.7347717285156 2098
2099 284.7355041503906 2099
2100 284.7362365722656 2100
2101 284.7369995117188 2101
2102 284.7377319335938 2102
2103 284.7384643554688 2103
2104 284.7391967773438 2104
2105 284.7399597167969 2105
2106 284.7406921386719 2106
2107 284.7414245605469 2107
2108 284.7421569824219 2108
2109 284.742919921875 2109
2110 284.74365234375 2110
2111 284.744384765625 2111
2112 284.7451171875 2112
2113 284.745849609375 2113
2114 284.74658203125 2114
2115 284.7473449707031 2115
2116 284.7480773925781 2116
2117 284.748779296875 2117
2118 284.74951171875 2118
2119 284.7502746582031 2119
2120 284.7509460449219 2120
2121 284.7516784667969 2121
2122 284.7523803710938 2122
2123 284.7530822753906 2123
2124 284.7537841796875 2124
2125 284.7545166015625 2125
2126 284.7551879882812 2126
2127 284.755859375 2127
2128 284.7565307617188 2128
2129 284.7572021484375 2129
2130 284.7579040527344 2130
2131 284.758544921875 2131
2132 284.7592163085938 2132
2133 284.7598876953125 2133
2134 284.7605285644531 2134
2135 284.7611694335938 2135
2136 284.7617797851562 2136
2137 284.7624206542969 2137
2138 284.7630310058594 2138
2139 284.7636413574219 2139
2140 284.7642517089844 2140
2141 284.7648315429688 2141
2142 284.7654418945312 2142
2143 284.7659912109375 2143
2144 284.7665710449219 2144
2145 284.7671508789062 2145
2146 284.7676696777344 2146
2147 284.7682189941406 2147
2148 284.7687683105469 2148
2149 284.769287109375 2149
2150 284.769775390625 2150
2151 284.7702941894531 2151
2152 284.7707824707031 2152
2153 284.771240234375 2153
2154 284.771728515625 2154
2155 284.7721862792969 2155
2156 284.7726440429688 2156
2157 284.7730712890625 2157
2158 284.7735290527344 2158
2159 284.77392578125 2159
2160 284.7743225097656 2160
2161 284.7747192382812 2161
2162 284.7750854492188 2162
2163 284.7754516601562 2163
2164 284.7758178710938 2164
2165 284.7761535644531 2165
2166 284.7764892578125 2166
2167 284.7767944335938 2167
2168 284.777099609375 2168
2169 284.7774047851562 2169
2170 284.7777099609375 2170
2171 284.7779541015625 2171
2172 284.7781982421875 2172
2173 284.7784423828125 2173
2174 284.7786865234375 2174
2175 284.7789001464844 2175
2176 284.7791137695312 2176
2177 284.7792663574219 2177
2178 284.7794799804688 2178
2179 284.7796020507812 2179
2180 284.7797546386719 2180
2181 284.7798767089844 2181
2182 284.7799987792969 2182
2183 284.7800903320312 2183
2184 284.7802124023438 2184
2185 284.7802734375 2185
2186 284.7803344726562 2186
2187 284.7803955078125 2187
2188 284.7804260253906 2188
2189 284.7804565429688 2189
2190 284.7803955078125 2190
2191 284.7803955078125 2191
2192 284.7803955078125 2192
2193 284.7803344726562 2193
2194 284.7803039550781 2194
2195 284.7802124023438 2195
2196 284.7801208496094 2196
2197 284.780029296875 2197
2198 284.7799072265625 2198
2199 284.77978515625 2199
2200 284.7796630859375 2200
2201 284.7794799804688 2201
2202 284.779296875 2202
2203 284.7791137695312 2203
2204 284.7789306640625 2204
2205 284.7786865234375 2205
2206 284.7784423828125 2206
2207 284.7781982421875 2207
2208 284.7779235839844 2208
2209 284.7776794433594 2209
2210 284.7773742675781 2210
2211 284.777099609375 2211
2212 284.7767639160156 2212
2213 284.7764282226562 2213
2214 284.7760620117188 2214
2215 284.7757263183594 2215
2216 284.7753295898438 2216
2217 284.7749633789062 2217
2218 284.7745971679688 2218
2219 284.774169921875 2219
2220 284.7737426757812 2220
2221 284.7733154296875 2221
2222 284.7728881835938 2222
2223 284.7723999023438 2223
2224 284.77197265625 2224
2225 284.771484375 2225
2226 284.77099609375 2226
2227 284.7705078125 2227
2228 284.77001953125 2228
2229 284.7695007324219 2229
2230 284.7689819335938 2230
2231 284.7684631347656 2231
2232 284.7679443359375 2232
2233 284.7673950195312 2233
2234 284.766845703125 2234
2235 284.7662963867188 2235
2236 284.7657470703125 2236
2237 284.7651977539062 2237
2238 284.7646484375 2238
2239 284.7640686035156 2239
2240 284.7634887695312 2240
2241 284.762939453125 2241
2242 284.7623596191406 2242
2243 284.7617797851562 2243
2244 284.76123046875 2244
2245 284.7606506347656 2245
2246 284.7600708007812 2246
2247 284.759521484375 2247
2248 284.7589111328125 2248
2249 284.7583618164062 2249
2250 284.7577819824219 2250
2251 284.7572326660156 2251
2252 284.7566833496094 2252
2253 284.7561340332031 2253
2254 284.7555541992188 2254
2255 284.7550048828125 2255
2256 284.7544860839844 2256
2257 284.7539672851562 2257
2258 284.75341796875 2258
2259 284.7528686523438 2259
2260 284.7523803710938 2260
2261 284.7518920898438 2261
2262 284.7514038085938 2262
2263 284.7508850097656 2263
2264 284.7504272460938 2264
2265 284.7499389648438 2265
2266 284.7494812011719 2266
2267 284.7490234375 2267
2268 284.7485961914062 2268
2269 284.7481689453125 2269
2270 284.7477416992188 2270
2271 284.7473449707031 2271
2272 284.7469787597656 2272
2273 284.74658203125 2273
2274 284.7462158203125 2274
2275 284.745849609375 2275
2276 284.7455444335938 2276
2277 284.7451782226562 2277
2278 284.744873046875 2278
2279 284.7445678710938 2279
2280 284.7442932128906 2280
2281 284.7439880371094 2281
2282 284.7437438964844 2282
2283 284.7434997558594 2283
2284 284.7432861328125 2284
2285 284.7430419921875 2285
2286 284.7428588867188 2286
2287 284.74267578125 2287
2288 284.7424926757812 2288
2289 284.7423400878906 2289
2290 284.7422180175781 2290
2291 284.7420654296875 2291
2292 284.7419738769531 2292
2293 284.7418823242188 2293
2294 284.7418212890625 2294
2295 284.7417602539062 2295
2296 284.74169921875 2296
2297 284.74169921875 2297
2298 284.7416687011719 2298
2299 284.7416687011719 2299
2300 284.7416687011719 2300
2301 284.7417297363281 2301
2302 284.7417602539062 2302
2303 284.7418212890625 2303
2304 284.7419128417969 2304
2305 284.7420043945312 2305
2306 284.7421264648438 2306
2307 284.7422485351562 2307
2308 284.7423706054688 2308
2309 284.7425231933594 2309
2310 284.7427062988281 2310
2311 284.7428894042969 2311
2312 284.7431030273438 2312
2313 284.7433166503906 2313
2314 284.7435302734375 2314
2315 284.7437744140625 2315
2316 284.7440490722656 2316
2317 284.7443237304688 2317
2318 284.7445983886719 2318
2319 284.7449035644531 2319
2320 284.7452392578125 2320
2321 284.7455444335938 2321
2322 284.7458801269531 2322
2323 284.7462463378906 2323
2324 284.74658203125 2324
2325 284.7469787597656 2325
2326 284.7473754882812 2326
2327 284.7477722167969 2327
2328 284.7481994628906 2328
2329 284.7486267089844 2329
2330 284.7490844726562 2330
2331 284.74951171875 2331
2332 284.7499694824219 2332
2333 284.7504272460938 2333
2334 284.7509155273438 2334
2335 284.7514343261719 2335
2336 284.751953125 2336
2337 284.75244140625 2337
2338 284.7529907226562 2338
2339 284.7535095214844 2339
2340 284.7540588378906 2340
2341 284.7546081542969 2341
2342 284.7551879882812 2342
2343 284.7557373046875 2343
2344 284.7563171386719 2344
2345 284.7568969726562 2345
2346 284.7575073242188 2346
2347 284.7580871582031 2347
2348 284.7587280273438 2348
2349 284.7593383789062 2349
2350 284.7599487304688 2350
2351 284.7605895996094 2351
2352 284.76123046875 2352
2353 284.7618713378906 2353
2354 284.7625122070312 2354
2355 284.76318359375 2355
2356 284.7638244628906 2356
2357 284.7644958496094 2357
2358 284.7651672363281 2358
2359 284.7658386230469 2359
2360 284.7665100097656 2360
2361 284.7672119140625 2361
2362 284.7678833007812 2362
2363 284.7685852050781 2363
2364 284.7692565917969 2364
2365 284.7699584960938 2365
2366 284.7706604003906 2366
2367 284.7713623046875 2367
2368 284.7720642089844 2368
2369 284.7727661132812 2369
2370 284.7734680175781 2370
2371 284.774169921875 2371
2372 284.7748718261719 2372
2373 284.7755737304688 2373
2374 284.7763061523438 2374
2375 284.7770080566406 2375
2376 284.7777404785156 2376
2377 284.7784423828125 2377
2378 284.7791442871094 2378
2379 284.7798461914062 2379
2380 284.7805786132812 2380
2381 284.78125 2381
2382 284.781982421875 2382
2383 284.7826843261719 2383
2384 284.7833862304688 2384
2385 284.7840576171875 2385
2386 284.7847900390625 2386
2387 284.7854614257812 2387
2388 284.7861328125 2388
2389 284.7868347167969 2389
2390 284.7875061035156 2390
2391 284.7882080078125 2391
2392 284.7888793945312 2392
2393 284.78955078125 2393
2394 284.7902221679688 2394
2395 284.7908630371094 2395
2396 284.7915344238281 2396
2397 284.7921752929688 2397
2398 284.7928161621094 2398
2399 284.79345703125 2399
2400 284.7940979003906 2400
2401 284.7947082519531 2401
2402 284.7953491210938 2402
2403 284.7959594726562 2403
2404 284.7965698242188 2404
2405 284.7971801757812 2405
2406 284.7977905273438 2406
2407 284.7983703613281 2407
2408 284.7989196777344 2408
2409 284.7994995117188 2409
2410 284.8000793457031 2410
2411 284.8005981445312 2411
2412 284.8011779785156 2412
2413 284.8016967773438 2413
2414 284.80224609375 2414
2415 284.8027648925781 2415
2416 284.8032531738281 2416
2417 284.8037719726562 2417
2418 284.8042602539062 2418
2419 284.8047485351562 2419
2420 284.8052062988281 2420
2421 284.8056640625 2421
2422 284.8061218261719 2422
2423 284.8065490722656 2423
2424 284.8070068359375 2424
2425 284.8074035644531 2425
2426 284.8078002929688 2426
2427 284.8081970214844 2427
2428 284.80859375 2428
2429 284.8089599609375 2429
2430 284.809326171875 2430
2431 284.8096618652344 2431
2432 284.8099975585938 2432
2433 284.810302734375 2433
2434 284.8106384277344 2434
2435 284.8109130859375 2435
2436 284.8112182617188 2436
2437 284.8114929199219 2437
2438 284.811767578125 2438
2439 284.81201171875 2439
2440 284.8122253417969 2440
2441 284.8124694824219 2441
2442 284.8126525878906 2442
2443 284.8128662109375 2443
2444 284.8130493164062 2444
2445 284.8132019042969 2445
2446 284.8133544921875 2446
2447 284.8135375976562 2447
2448 284.8136291503906 2448
2449 284.8137512207031 2449
2450 284.8138427734375 2450
2451 284.8139038085938 2451
2452 284.8140258789062 2452
2453 284.8140869140625 2453
2454 284.8140869140625 2454
2455 284.8141479492188 2455
2456 284.8141479492188 2456
2457 284.8141479492188 2457
2458 284.8141479492188 2458
2459 284.8140869140625 2459
2460 284.8140563964844 2460
2461 284.81396484375 2461
2462 284.8139343261719 2462
2463 284.8138122558594 2463
2464 284.813720703125 2464
2465 284.8135986328125 2465
2466 284.8134460449219 2466
2467 284.8132934570312 2467
2468 284.8131713867188 2468
2469 284.8129577636719 2469
2470 284.8127746582031 2470
2471 284.8125610351562 2471
2472 284.8123474121094 2472
2473 284.8121032714844 2473
2474 284.8118591308594 2474
2475 284.8115844726562 2475
2476 284.8113098144531 2476
2477 284.81103515625 2477
2478 284.8106994628906 2478
2479 284.8103637695312 2479
2480 284.81005859375 2480
2481 284.8096618652344 2481
2482 284.8092956542969 2482
2483 284.8089599609375 2483
2484 284.8085327148438 2484
2485 284.8081359863281 2485
2486 284.8077392578125 2486
2487 284.8073120117188 2487
2488 284.8068542480469 2488
2489 284.806396484375 2489
2490 284.8059387207031 2490
2491 284.8054504394531 2491
2492 284.8049926757812 2492
2493 284.8044738769531 2493
2494 284.803955078125 2494
2495 284.803466796875 2495
2496 284.8029174804688 2496
2497 284.8023986816406 2497
2498 284.8018493652344 2498
2499 284.8013000488281 2499
2500 284.8007202148438 2500
