"point-e-rfile"
"Time Step" "point-e etc.."
("Time Step" "point-e" "flow-time")
0 283 0
1 283 1
2 283 2
3 283 3
4 283 4
5 283 5
6 283 6
7 283 7
8 283 8
9 283 9
10 283 10
11 283 11
12 283 12
13 283 13
14 283 14
15 283 15
16 283 16
17 283 17
18 283 18
19 283 19
20 283 20
21 283 21
22 283 22
23 283 23
24 283 24
25 283 25
26 283 26
27 283 27
28 283 28
29 283 29
30 283 30
31 283 31
32 283 32
33 283 33
34 283 34
35 283 35
36 283 36
37 283 37
38 283 38
39 283 39
40 283 40
41 283 41
42 283 42
43 283 43
44 283.0000305175781 44
45 283.0000305175781 45
46 283.0000305175781 46
47 283.0000305175781 47
48 283.0000305175781 48
49 283.0000305175781 49
50 283.0000610351562 50
51 283.0000610351562 51
52 283.0000915527344 52
53 283.0000915527344 53
54 283.0001220703125 54
55 283.0001525878906 55
56 283.0001831054688 56
57 283.0002136230469 57
58 283.000244140625 58
59 283.0002746582031 59
60 283.0003356933594 60
61 283.0003967285156 61
62 283.0004577636719 62
63 283.0005493164062 63
64 283.0005798339844 64
65 283.0006713867188 65
66 283.0007934570312 66
67 283.0009155273438 67
68 283.0010070800781 68
69 283.0011596679688 69
70 283.0013122558594 70
71 283.00146484375 71
72 283.0016174316406 72
73 283.0018310546875 73
74 283.0020446777344 74
75 283.0022583007812 75
76 283.0025024414062 76
77 283.0028076171875 77
78 283.0030822753906 78
79 283.0033874511719 79
80 283.0037231445312 80
81 283.0041198730469 81
82 283.0045166015625 82
83 283.0049438476562 83
84 283.0054016113281 84
85 283.0058898925781 85
86 283.0064086914062 86
87 283.0069580078125 87
88 283.007568359375 88
89 283.0081787109375 89
90 283.0088500976562 90
91 283.0095825195312 91
92 283.0103454589844 92
93 283.0111389160156 93
94 283.011962890625 94
95 283.0128784179688 95
96 283.0138244628906 96
97 283.0148010253906 97
98 283.015869140625 98
99 283.0169372558594 99
100 283.01806640625 100
101 283.019287109375 101
102 283.0205383300781 102
103 283.0218811035156 103
104 283.0232238769531 104
105 283.0246887207031 105
106 283.0261535644531 106
107 283.0277099609375 107
108 283.0293273925781 108
109 283.0310363769531 109
110 283.0327758789062 110
111 283.0345764160156 111
112 283.0364685058594 112
113 283.0384216308594 113
114 283.0404663085938 114
115 283.0425415039062 115
116 283.0447082519531 116
117 283.0469360351562 117
118 283.0492553710938 118
119 283.0516357421875 119
120 283.0541076660156 120
121 283.056640625 121
122 283.0592346191406 122
123 283.0619506835938 123
124 283.064697265625 124
125 283.0675048828125 125
126 283.0704345703125 126
127 283.0734252929688 127
128 283.0765380859375 128
129 283.0796508789062 129
130 283.0828857421875 130
131 283.086181640625 131
132 283.089599609375 132
133 283.0930480957031 133
134 283.0966186523438 134
135 283.1002197265625 135
136 283.1039428710938 136
137 283.1077270507812 137
138 283.1116027832031 138
139 283.1155700683594 139
140 283.1195983886719 140
141 283.1236877441406 141
142 283.1278991699219 142
143 283.1321411132812 143
144 283.1365051269531 144
145 283.1409301757812 145
146 283.1454467773438 146
147 283.1500244140625 147
148 283.1546936035156 148
149 283.1594543457031 149
150 283.1642761230469 150
151 283.1691589355469 151
152 283.1741638183594 152
153 283.17919921875 153
154 283.184326171875 154
155 283.1895751953125 155
156 283.1948547363281 156
157 283.2001953125 157
158 283.2056274414062 158
159 283.2111511230469 159
160 283.2167053222656 160
161 283.2223510742188 161
162 283.2280883789062 162
163 283.23388671875 163
164 283.23974609375 164
165 283.2456665039062 165
166 283.2516784667969 166
167 283.2577514648438 167
168 283.2638854980469 168
169 283.2701110839844 169
170 283.2763977050781 170
171 283.28271484375 171
172 283.2891235351562 172
173 283.2955932617188 173
174 283.3021240234375 174
175 283.3087158203125 175
176 283.3153686523438 176
177 283.3220825195312 177
178 283.328857421875 178
179 283.335693359375 179
180 283.3425903320312 180
181 283.3495788574219 181
182 283.3565673828125 182
183 283.3636474609375 183
184 283.3707580566406 184
185 283.3779296875 185
186 283.3851318359375 186
187 283.3924255371094 187
188 283.3997497558594 188
189 283.4071350097656 189
190 283.41455078125 190
191 283.4220581054688 191
192 283.4295654296875 192
193 283.4371032714844 193
194 283.4447326660156 194
195 283.452392578125 195
196 283.4601135253906 196
197 283.4678344726562 197
198 283.4756469726562 198
199 283.4834594726562 199
200 283.4913635253906 200
201 283.4992370605469 201
202 283.5071716308594 202
203 283.5151672363281 203
204 283.523193359375 204
205 283.53125 205
206 283.5393371582031 206
207 283.5474548339844 207
208 283.5556030273438 208
209 283.5637817382812 209
210 283.5719909667969 210
211 283.5802307128906 211
212 283.5885009765625 212
213 283.5968322753906 213
214 283.6051330566406 214
215 283.6134948730469 215
216 283.6218872070312 216
217 283.6302490234375 217
218 283.6387023925781 218
219 283.6471252441406 219
220 283.6555786132812 220
221 283.6640625 221
222 283.672607421875 222
223 283.6811218261719 223
224 283.6896362304688 224
225 283.6982116699219 225
226 283.706787109375 226
227 283.7153625488281 227
228 283.7239379882812 228
229 283.7325744628906 229
230 283.7411804199219 230
231 283.7498474121094 231
232 283.7584838867188 232
233 283.7671203613281 233
234 283.7757873535156 234
235 283.7844543457031 235
236 283.7931213378906 236
237 283.8018188476562 237
238 283.8104858398438 238
239 283.8192138671875 239
240 283.827880859375 240
241 283.8365783691406 241
242 283.8452758789062 242
243 283.8539733886719 243
244 283.8626708984375 244
245 283.8713684082031 245
246 283.8800659179688 246
247 283.8887329101562 247
248 283.8974609375 248
249 283.9061279296875 249
250 283.9148254394531 250
251 283.9234924316406 251
252 283.9321594238281 252
253 283.9408264160156 253
254 283.9494934082031 254
255 283.9581298828125 255
256 283.9667663574219 256
257 283.9754028320312 257
258 283.9840087890625 258
259 283.9926147460938 259
260 284.0011901855469 260
261 284.009765625 261
262 284.0183410644531 262
263 284.0268859863281 263
264 284.0354309082031 264
265 284.0439453125 265
266 284.0524291992188 266
267 284.0609130859375 267
268 284.0693969726562 268
269 284.0778503417969 269
270 284.0863037109375 270
271 284.0946655273438 271
272 284.1030883789062 272
273 284.1114501953125 273
274 284.1198120117188 274
275 284.1281433105469 275
276 284.1364440917969 276
277 284.1447143554688 277
278 284.1529541015625 278
279 284.1611938476562 279
280 284.1694030761719 280
281 284.1775817871094 281
282 284.1857299804688 282
283 284.1938781738281 283
284 284.2019653320312 284
285 284.2100524902344 285
286 284.2181091308594 286
287 284.2261657714844 287
288 284.234130859375 288
289 284.2421264648438 289
290 284.2500305175781 290
291 284.2579345703125 291
292 284.2658386230469 292
293 284.273681640625 293
294 284.281494140625 294
295 284.2892761230469 295
296 284.2970275878906 296
297 284.3047485351562 297
298 284.3124389648438 298
299 284.3201293945312 299
300 284.3276977539062 300
301 284.3353271484375 301
302 284.3428955078125 302
303 284.3504028320312 303
304 284.35791015625 304
305 284.3653259277344 305
306 284.3727416992188 306
307 284.3801879882812 307
308 284.3875122070312 308
309 284.3948364257812 309
310 284.402099609375 310
311 284.4093627929688 311
312 284.4165649414062 312
313 284.4237670898438 313
314 284.4308776855469 314
315 284.4379577636719 315
316 284.4450378417969 316
317 284.4520568847656 317
318 284.4590759277344 318
319 284.4660339355469 319
320 284.4729309082031 320
321 284.4798278808594 321
322 284.4866943359375 322
323 284.4934692382812 323
324 284.5002746582031 324
325 284.5070190429688 325
326 284.5137023925781 326
327 284.5203857421875 327
328 284.5270080566406 328
329 284.5336303710938 329
330 284.5401916503906 330
331 284.5467529296875 331
332 284.55322265625 332
333 284.5596923828125 333
334 284.566162109375 334
335 284.5725402832031 335
336 284.5789184570312 336
337 284.5852966308594 337
338 284.5915832519531 338
339 284.5978698730469 339
340 284.6041259765625 340
341 284.6103515625 341
342 284.6166076660156 342
343 284.6227722167969 343
344 284.6289367675781 344
345 284.6350708007812 345
346 284.6412048339844 346
347 284.6473083496094 347
348 284.6534118652344 348
349 284.6594848632812 349
350 284.66552734375 350
351 284.6715698242188 351
352 284.6775817871094 352
353 284.68359375 353
354 284.6896362304688 354
355 284.6955871582031 355
356 284.7015686035156 356
357 284.7075805664062 357
358 284.7135620117188 358
359 284.7195129394531 359
360 284.7254943847656 360
361 284.7314453125 361
362 284.7374267578125 362
363 284.743408203125 363
364 284.7493896484375 364
365 284.75537109375 365
366 284.7613525390625 366
367 284.7673645019531 367
368 284.7733764648438 368
369 284.7793884277344 369
370 284.7854614257812 370
371 284.79150390625 371
372 284.7975463867188 372
373 284.8036193847656 373
374 284.8097534179688 374
375 284.8158569335938 375
376 284.8219909667969 376
377 284.8281555175781 377
378 284.8343505859375 378
379 284.8405456542969 379
380 284.8468017578125 380
381 284.85302734375 381
382 284.8593444824219 382
383 284.8656616210938 383
384 284.8720092773438 384
385 284.8783874511719 385
386 284.8847961425781 386
387 284.8912353515625 387
388 284.897705078125 388
389 284.9042358398438 389
390 284.9107971191406 390
391 284.9173583984375 391
392 284.9240112304688 392
393 284.9306640625 393
394 284.9373474121094 394
395 284.9440612792969 395
396 284.9508666992188 396
397 284.9576721191406 397
398 284.9645385742188 398
399 284.971435546875 399
400 284.9783630371094 400
401 284.9853515625 401
402 284.9923706054688 402
403 284.9994506835938 403
404 285.0065612792969 404
405 285.0137023925781 405
406 285.0209045410156 406
407 285.0281372070312 407
408 285.0354309082031 408
409 285.0427856445312 409
410 285.0501708984375 410
411 285.0575561523438 411
412 285.0650634765625 412
413 285.0725402832031 413
414 285.080078125 414
415 285.0876770019531 415
416 285.0953369140625 416
417 285.10302734375 417
418 285.1107482910156 418
419 285.1185302734375 419
420 285.1263427734375 420
421 285.1342163085938 421
422 285.1421508789062 422
423 285.1500854492188 423
424 285.1580810546875 424
425 285.1661071777344 425
426 285.1741638183594 426
427 285.1823120117188 427
428 285.1904907226562 428
429 285.1986999511719 429
430 285.2069396972656 430
431 285.2152404785156 431
432 285.2235717773438 432
433 285.23193359375 433
434 285.2403564453125 434
435 285.2488098144531 435
436 285.2572937011719 436
437 285.2658386230469 437
438 285.2743835449219 438
439 285.2829895019531 439
440 285.2916259765625 440
441 285.3003234863281 441
442 285.3090209960938 442
443 285.3177490234375 443
444 285.3265380859375 444
445 285.3353576660156 445
446 285.34423828125 446
447 285.3530883789062 447
448 285.3619995117188 448
449 285.3709106445312 449
450 285.3799133300781 450
451 285.388916015625 451
452 285.3979187011719 452
453 285.406982421875 453
454 285.4160766601562 454
455 285.4252014160156 455
456 285.434326171875 456
457 285.4435424804688 457
458 285.4526977539062 458
459 285.4619140625 459
460 285.4711303710938 460
461 285.4804077148438 461
462 285.4897155761719 462
463 285.4989929199219 463
464 285.5083312988281 464
465 285.5177001953125 465
466 285.5270690917969 466
467 285.5364379882812 467
468 285.5458374023438 468
469 285.5552673339844 469
470 285.564697265625 470
471 285.5741577148438 471
472 285.5835876464844 472
473 285.5930786132812 473
474 285.6025695800781 474
475 285.6120910644531 475
476 285.6216125488281 476
477 285.6311340332031 477
478 285.6406555175781 478
479 285.6502075195312 479
480 285.6597595214844 480
481 285.6693115234375 481
482 285.6788635253906 482
483 285.6884765625 483
484 285.6980590820312 484
485 285.7076110839844 485
486 285.7171936035156 486
487 285.726806640625 487
488 285.7363891601562 488
489 285.7459716796875 489
490 285.7555847167969 490
491 285.7651672363281 491
492 285.7747802734375 492
493 285.7843322753906 493
494 285.7939453125 494
495 285.8035278320312 495
496 285.8131103515625 496
497 285.8226928710938 497
498 285.832275390625 498
499 285.8418273925781 499
500 285.8513793945312 500
501 285.8609313964844 501
502 285.8705139160156 502
503 285.8800354003906 503
504 285.8895568847656 504
505 285.8990783691406 505
506 285.9085998535156 506
507 285.9180908203125 507
508 285.9275512695312 508
509 285.93701171875 509
510 285.9465026855469 510
511 285.9559326171875 511
512 285.96533203125 512
513 285.9747619628906 513
514 285.984130859375 514
515 285.9934997558594 515
516 286.0028991699219 516
517 286.0122375488281 517
518 286.0215454101562 518
519 286.0308227539062 519
520 286.0401306152344 520
521 286.0493774414062 521
522 286.0586242675781 522
523 286.0678405761719 523
524 286.0770263671875 524
525 286.086181640625 525
526 286.0953063964844 526
527 286.1044311523438 527
528 286.113525390625 528
529 286.1226196289062 529
530 286.1316528320312 530
531 286.1406555175781 531
532 286.149658203125 532
533 286.1585998535156 533
534 286.1675109863281 534
535 286.1764221191406 535
536 286.185302734375 536
537 286.1941223144531 537
538 286.2029418945312 538
539 286.211669921875 539
540 286.2204284667969 540
541 286.2291259765625 541
542 286.2378234863281 542
543 286.2464599609375 543
544 286.2550964355469 544
545 286.263671875 545
546 286.272216796875 546
547 286.2807006835938 547
548 286.2891845703125 548
549 286.297607421875 549
550 286.3059692382812 550
551 286.3143615722656 551
552 286.3226318359375 552
553 286.3309326171875 553
554 286.3391723632812 554
555 286.347412109375 555
556 286.3555908203125 556
557 286.3636779785156 557
558 286.3717956542969 558
559 286.3798217773438 559
560 286.3878479003906 560
561 286.3958129882812 561
562 286.4037170410156 562
563 286.4116516113281 563
564 286.4194946289062 564
565 286.42724609375 565
566 286.43505859375 566
567 286.4427795410156 567
568 286.450439453125 568
569 286.4580993652344 569
570 286.4656677246094 570
571 286.4732055664062 571
572 286.4807434082031 572
573 286.4881896972656 573
574 286.49560546875 574
575 286.5029602050781 575
576 286.5103149414062 576
577 286.517578125 577
578 286.5248413085938 578
579 286.5320434570312 579
580 286.5391540527344 580
581 286.5462951660156 581
582 286.5533447265625 582
583 286.5603637695312 583
584 286.5673522949219 584
585 286.5742797851562 585
586 286.5811462402344 586
587 286.5879516601562 587
588 286.5947875976562 588
589 286.6015319824219 589
590 286.6082458496094 590
591 286.6148986816406 591
592 286.6214904785156 592
593 286.6280822753906 593
594 286.6346130371094 594
595 286.6410827636719 595
596 286.6475219726562 596
597 286.6539306640625 597
598 286.6602783203125 598
599 286.6665954589844 599
600 286.6728820800781 600
601 286.6791076660156 601
602 286.685302734375 602
603 286.6914672851562 603
604 286.6975708007812 604
605 286.7036437988281 605
606 286.7096557617188 606
607 286.7156677246094 607
608 286.7216491699219 608
609 286.7276000976562 609
610 286.7334899902344 610
611 286.7393493652344 611
612 286.7451782226562 612
613 286.7509765625 613
614 286.7567749023438 614
615 286.7625122070312 615
616 286.7682495117188 616
617 286.7739562988281 617
618 286.7796325683594 618
619 286.7852783203125 619
620 286.7908935546875 620
621 286.7965087890625 621
622 286.8021240234375 622
623 286.8076782226562 623
624 286.813232421875 624
625 286.8187866210938 625
626 286.8243103027344 626
627 286.829833984375 627
628 286.8353576660156 628
629 286.8408508300781 629
630 286.8463134765625 630
631 286.8518676757812 631
632 286.8573303222656 632
633 286.86279296875 633
634 286.8682861328125 634
635 286.8737487792969 635
636 286.8792724609375 636
637 286.8847351074219 637
638 286.8902587890625 638
639 286.8957214355469 639
640 286.9012451171875 640
641 286.90673828125 641
642 286.9123229980469 642
643 286.9178161621094 643
644 286.9233703613281 644
645 286.928955078125 645
646 286.9345397949219 646
647 286.9401245117188 647
648 286.9457702636719 648
649 286.9513854980469 649
650 286.95703125 650
651 286.9627380371094 651
652 286.9684448242188 652
653 286.9741821289062 653
654 286.9799194335938 654
655 286.9857177734375 655
656 286.9914855957031 656
657 286.9973449707031 657
658 287.0032043457031 658
659 287.0091247558594 659
660 287.0150451660156 660
661 287.0209655761719 661
662 287.0269775390625 662
663 287.032958984375 663
664 287.0390319824219 664
665 287.0451049804688 665
666 287.0512390136719 666
667 287.0574035644531 667
668 287.0635986328125 668
669 287.06982421875 669
670 287.0760803222656 670
671 287.0823669433594 671
672 287.0887145996094 672
673 287.0950927734375 673
674 287.1015319824219 674
675 287.1079711914062 675
676 287.1144409179688 676
677 287.1210021972656 677
678 287.1275634765625 678
679 287.1341857910156 679
680 287.1408386230469 680
681 287.1474914550781 681
682 287.1542358398438 682
683 287.1610107421875 683
684 287.1678161621094 684
685 287.1746520996094 685
686 287.1815490722656 686
687 287.1884765625 687
688 287.1954650878906 688
689 287.2024536132812 689
690 287.2095031738281 690
691 287.2166137695312 691
692 287.2237243652344 692
693 287.2308959960938 693
694 287.2380676269531 694
695 287.2453002929688 695
696 287.2526245117188 696
697 287.2598876953125 697
698 287.2672729492188 698
699 287.274658203125 699
700 287.2820739746094 700
701 287.28955078125 701
702 287.2970275878906 702
703 287.3045654296875 703
704 287.3121337890625 704
705 287.3197631835938 705
706 287.3273620605469 706
707 287.3350524902344 707
708 287.3427429199219 708
709 287.3504943847656 709
710 287.3582458496094 710
711 287.3660583496094 711
712 287.3738708496094 712
713 287.3817443847656 713
714 287.3896484375 714
715 287.3975219726562 715
716 287.4054870605469 716
717 287.4134826660156 717
718 287.4214782714844 718
719 287.4295043945312 719
720 287.4375610351562 720
721 287.4456481933594 721
722 287.4537353515625 722
723 287.4618530273438 723
724 287.4700317382812 724
725 287.4782104492188 725
726 287.4864196777344 726
727 287.49462890625 727
728 287.5028686523438 728
729 287.5111389160156 729
730 287.5194091796875 730
731 287.5277099609375 731
732 287.5360412597656 732
733 287.5443725585938 733
734 287.5527038574219 734
735 287.5610961914062 735
736 287.5694580078125 736
737 287.5778503417969 737
738 287.5862426757812 738
739 287.5946655273438 739
740 287.6031494140625 740
741 287.611572265625 741
742 287.6200256347656 742
743 287.6284790039062 743
744 287.636962890625 744
745 287.6454467773438 745
746 287.6539306640625 746
747 287.6624450683594 747
748 287.6709594726562 748
749 287.6794738769531 749
750 287.68798828125 750
751 287.6965026855469 751
752 287.7050476074219 752
753 287.7135620117188 753
754 287.7220458984375 754
755 287.7305908203125 755
756 287.7391357421875 756
757 287.7476501464844 757
758 287.7561645507812 758
759 287.7647094726562 759
760 287.7732238769531 760
761 287.78173828125 761
762 287.7902526855469 762
763 287.7987670898438 763
764 287.8072509765625 764
765 287.8157653808594 765
766 287.8242492675781 766
767 287.8327331542969 767
768 287.8412170410156 768
769 287.8496704101562 769
770 287.858154296875 770
771 287.8665771484375 771
772 287.875 772
773 287.8834533691406 773
774 287.891845703125 774
775 287.9002685546875 775
776 287.9086303710938 776
777 287.9169921875 777
778 287.9253540039062 778
779 287.9336547851562 779
780 287.9420166015625 780
781 287.9503173828125 781
782 287.9585876464844 782
783 287.9668579101562 783
784 287.9751281738281 784
785 287.9833374023438 785
786 287.9915466308594 786
787 287.9997253417969 787
788 288.0079040527344 788
789 288.0160522460938 789
790 288.024169921875 790
791 288.0322570800781 791
792 288.0403137207031 792
793 288.0483703613281 793
794 288.056396484375 794
795 288.0643920898438 795
796 288.0723571777344 796
797 288.0802917480469 797
798 288.0881958007812 798
799 288.0960998535156 799
800 288.1039428710938 800
801 288.1117858886719 801
802 288.1195678710938 802
803 288.1273498535156 803
804 288.1350402832031 804
805 288.1427612304688 805
806 288.1504211425781 806
807 288.1580810546875 807
808 288.1656799316406 808
809 288.1732482910156 809
810 288.1807556152344 810
811 288.1882934570312 811
812 288.1957397460938 812
813 288.2031860351562 813
814 288.2105712890625 814
815 288.2179260253906 815
816 288.2252502441406 816
817 288.2325439453125 817
818 288.2397766113281 818
819 288.2470092773438 819
820 288.254150390625 820
821 288.2612915039062 821
822 288.2684020996094 822
823 288.2754516601562 823
824 288.282470703125 824
825 288.2894287109375 825
826 288.2963562011719 826
827 288.3032836914062 827
828 288.3101196289062 828
829 288.3169250488281 829
830 288.3236694335938 830
831 288.3304138183594 831
832 288.3370971679688 832
833 288.34375 833
834 288.350341796875 834
835 288.3568725585938 835
836 288.3634033203125 836
837 288.369873046875 837
838 288.3762817382812 838
839 288.3826904296875 839
840 288.3890075683594 840
841 288.3952941894531 841
842 288.4015502929688 842
843 288.4077758789062 843
844 288.4139099121094 844
845 288.4200439453125 845
846 288.4261169433594 846
847 288.43212890625 847
848 288.4381103515625 848
849 288.4440307617188 849
850 288.4499206542969 850
851 288.4557495117188 851
852 288.4615478515625 852
853 288.4673156738281 853
854 288.4729919433594 854
855 288.4786682128906 855
856 288.4842529296875 856
857 288.4898376464844 857
858 288.495361328125 858
859 288.5008239746094 859
860 288.5062561035156 860
861 288.5116271972656 861
862 288.5169677734375 862
863 288.5222778320312 863
864 288.5275268554688 864
865 288.53271484375 865
866 288.5379028320312 866
867 288.5430297851562 867
868 288.5480651855469 868
869 288.5531005859375 869
870 288.55810546875 870
871 288.5630493164062 871
872 288.5679931640625 872
873 288.5728454589844 873
874 288.5776672363281 874
875 288.5824890136719 875
876 288.5872497558594 876
877 288.5919494628906 877
878 288.5966491699219 878
879 288.601318359375 879
880 288.6059265136719 880
881 288.6105346679688 881
882 288.6150817871094 882
883 288.6195983886719 883
884 288.6241149902344 884
885 288.6285705566406 885
886 288.6330261230469 886
887 288.637451171875 887
888 288.641845703125 888
889 288.6462097167969 889
890 288.6505737304688 890
891 288.6549072265625 891
892 288.6592102050781 892
893 288.6635131835938 893
894 288.6677856445312 894
895 288.6720581054688 895
896 288.6763305664062 896
897 288.6805725097656 897
898 288.684814453125 898
899 288.6890258789062 899
900 288.6932678222656 900
901 288.6974792480469 901
902 288.7016906738281 902
903 288.7059020996094 903
904 288.7101440429688 904
905 288.71435546875 905
906 288.7185668945312 906
907 288.7228088378906 907
908 288.7270202636719 908
909 288.7312622070312 909
910 288.7355041503906 910
911 288.73974609375 911
912 288.7440185546875 912
913 288.748291015625 913
914 288.7525634765625 914
915 288.7568969726562 915
916 288.7611999511719 916
917 288.7655334472656 917
918 288.7698974609375 918
919 288.7742614746094 919
920 288.7786865234375 920
921 288.7830810546875 921
922 288.7875061035156 922
923 288.7919921875 923
924 288.7964782714844 924
925 288.8009948730469 925
926 288.8055419921875 926
927 288.8101196289062 927
928 288.814697265625 928
929 288.8193054199219 929
930 288.823974609375 930
931 288.8286743164062 931
932 288.8334045410156 932
933 288.838134765625 933
934 288.8429565429688 934
935 288.8477783203125 935
936 288.8526306152344 936
937 288.8574829101562 937
938 288.8624267578125 938
939 288.8673706054688 939
940 288.8723754882812 940
941 288.8774108886719 941
942 288.8825073242188 942
943 288.8876037597656 943
944 288.8927612304688 944
945 288.8979187011719 945
946 288.9031372070312 946
947 288.9083862304688 947
948 288.9136962890625 948
949 288.9190368652344 949
950 288.9244384765625 950
951 288.9298400878906 951
952 288.935302734375 952
953 288.9407653808594 953
954 288.9463195800781 954
955 288.9518737792969 955
956 288.9574584960938 956
957 288.963134765625 957
958 288.9688110351562 958
959 288.9745178222656 959
960 288.9803161621094 960
961 288.9861145019531 961
962 288.991943359375 962
963 288.997802734375 963
964 289.0037231445312 964
965 289.0096740722656 965
966 289.0156555175781 966
967 289.0216674804688 967
968 289.0277404785156 968
969 289.0338439941406 969
970 289.0399780273438 970
971 289.046142578125 971
972 289.0523376464844 972
973 289.0585632324219 973
974 289.0648193359375 974
975 289.0711364746094 975
976 289.0774841308594 976
977 289.0838623046875 977
978 289.0902404785156 978
979 289.0966796875 979
980 289.1031188964844 980
981 289.109619140625 981
982 289.1161499023438 982
983 289.1227111816406 983
984 289.1292724609375 984
985 289.1358947753906 985
986 289.1425170898438 986
987 289.149169921875 987
988 289.1558532714844 988
989 289.1625671386719 989
990 289.1693115234375 990
991 289.1760864257812 991
992 289.182861328125 992
993 289.189697265625 993
994 289.1965026855469 994
995 289.203369140625 995
996 289.2102355957031 996
997 289.2171325683594 997
998 289.2240295410156 998
999 289.2309875488281 999
1000 289.2379455566406 1000
1001 289.2449035644531 1001
1002 289.2518920898438 1002
1003 289.2589111328125 1003
1004 289.2658996582031 1004
1005 289.27294921875 1005
1006 289.2799987792969 1006
1007 289.2870483398438 1007
1008 289.2941284179688 1008
1009 289.3012084960938 1009
1010 289.3083190917969 1010
1011 289.3154296875 1011
1012 289.3225402832031 1012
1013 289.3296508789062 1013
1014 289.3367919921875 1014
1015 289.3439331054688 1015
1016 289.35107421875 1016
1017 289.3582458496094 1017
1018 289.3654174804688 1018
1019 289.37255859375 1019
1020 289.3797607421875 1020
1021 289.3869018554688 1021
1022 289.3940734863281 1022
1023 289.4012756347656 1023
1024 289.408447265625 1024
1025 289.4156188964844 1025
1026 289.4227905273438 1026
1027 289.4299621582031 1027
1028 289.4371337890625 1028
1029 289.4443054199219 1029
1030 289.4514770507812 1030
1031 289.4586181640625 1031
1032 289.4657897949219 1032
1033 289.4729614257812 1033
1034 289.4801025390625 1034
1035 289.4872741699219 1035
1036 289.494384765625 1036
1037 289.5015258789062 1037
1038 289.5086364746094 1038
1039 289.5157165527344 1039
1040 289.5228271484375 1040
1041 289.5299072265625 1041
1042 289.5370178222656 1042
1043 289.5440368652344 1043
1044 289.5511169433594 1044
1045 289.5581359863281 1045
1046 289.5651550292969 1046
1047 289.5721740722656 1047
1048 289.5791625976562 1048
1049 289.5861206054688 1049
1050 289.5930786132812 1050
1051 289.6000366210938 1051
1052 289.6069641113281 1052
1053 289.6138305664062 1053
1054 289.6207275390625 1054
1055 289.6275634765625 1055
1056 289.6344604492188 1056
1057 289.6412353515625 1057
1058 289.6480407714844 1058
1059 289.6548156738281 1059
1060 289.6615600585938 1060
1061 289.6683044433594 1061
1062 289.6750183105469 1062
1063 289.6816711425781 1063
1064 289.6883544921875 1064
1065 289.6949462890625 1065
1066 289.7015686035156 1066
1067 289.7081298828125 1067
1068 289.7146606445312 1068
1069 289.72119140625 1069
1070 289.7276611328125 1070
1071 289.734130859375 1071
1072 289.7405395507812 1072
1073 289.7469482421875 1073
1074 289.7533264160156 1074
1075 289.7596435546875 1075
1076 289.7659606933594 1076
1077 289.772216796875 1077
1078 289.7784423828125 1078
1079 289.7846374511719 1079
1080 289.7908020019531 1080
1081 289.7969665527344 1081
1082 289.8030395507812 1082
1083 289.8091125488281 1083
1084 289.8151245117188 1084
1085 289.8211059570312 1085
1086 289.8270568847656 1086
1087 289.8329772949219 1087
1088 289.8388671875 1088
1089 289.8447265625 1089
1090 289.8505249023438 1090
1091 289.8562622070312 1091
1092 289.8619995117188 1092
1093 289.86767578125 1093
1094 289.8733520507812 1094
1095 289.8789367675781 1095
1096 289.884521484375 1096
1097 289.8900451660156 1097
1098 289.8955383300781 1098
1099 289.9009399414062 1099
1100 289.9063720703125 1100
1101 289.9117431640625 1101
1102 289.9170532226562 1102
1103 289.9223327636719 1103
1104 289.9275512695312 1104
1105 289.9327697753906 1105
1106 289.9379272460938 1106
1107 289.9429931640625 1107
1108 289.9480895996094 1108
1109 289.9530944824219 1109
1110 289.9580688476562 1110
1111 289.9630126953125 1111
1112 289.9678955078125 1112
1113 289.9727478027344 1113
1114 289.9775390625 1114
1115 289.9822998046875 1115
1116 289.9870300292969 1116
1117 289.9916687011719 1117
1118 289.9962768554688 1118
1119 290.0008850097656 1119
1120 290.0054016113281 1120
1121 290.0098876953125 1121
1122 290.0143127441406 1122
1123 290.0187072753906 1123
1124 290.0230712890625 1124
1125 290.0273742675781 1125
1126 290.0316467285156 1126
1127 290.0358276367188 1127
1128 290.0400085449219 1128
1129 290.0441589355469 1129
1130 290.0482177734375 1130
1131 290.05224609375 1131
1132 290.0562438964844 1132
1133 290.0602111816406 1133
1134 290.0640869140625 1134
1135 290.0679626464844 1135
1136 290.07177734375 1136
1137 290.0755615234375 1137
1138 290.0793151855469 1138
1139 290.0829772949219 1139
1140 290.086669921875 1140
1141 290.0902709960938 1141
1142 290.0938720703125 1142
1143 290.0973815917969 1143
1144 290.1008911132812 1144
1145 290.1043701171875 1145
1146 290.1078186035156 1146
1147 290.1112060546875 1147
1148 290.1145629882812 1148
1149 290.1178894042969 1149
1150 290.1211853027344 1150
1151 290.1244506835938 1151
1152 290.127685546875 1152
1153 290.1309204101562 1153
1154 290.1340942382812 1154
1155 290.1372680664062 1155
1156 290.140380859375 1156
1157 290.1434936523438 1157
1158 290.1466064453125 1158
1159 290.149658203125 1159
1160 290.1527099609375 1160
1161 290.1557312011719 1161
1162 290.1587524414062 1162
1163 290.1617736816406 1163
1164 290.1647644042969 1164
1165 290.167724609375 1165
1166 290.1707153320312 1166
1167 290.1736755371094 1167
1168 290.1766357421875 1168
1169 290.1795654296875 1169
1170 290.1824951171875 1170
1171 290.1854553222656 1171
1172 290.1883850097656 1172
1173 290.1913146972656 1173
1174 290.1942749023438 1174
1175 290.1972045898438 1175
1176 290.2001647949219 1176
1177 290.203125 1177
1178 290.2060546875 1178
1179 290.2090148925781 1179
1180 290.2120056152344 1180
1181 290.2149963378906 1181
1182 290.2179870605469 1182
1183 290.2210083007812 1183
1184 290.2240295410156 1184
1185 290.2271118164062 1185
1186 290.2301635742188 1186
1187 290.2332153320312 1187
1188 290.236328125 1188
1189 290.2394409179688 1189
1190 290.2426147460938 1190
1191 290.2457885742188 1191
1192 290.2489624023438 1192
1193 290.2521667480469 1193
1194 290.2554321289062 1194
1195 290.2586669921875 1195
1196 290.2619934082031 1196
1197 290.2652893066406 1197
1198 290.2686767578125 1198
1199 290.2720336914062 1199
1200 290.2754821777344 1200
1201 290.2789306640625 1201
1202 290.2824096679688 1202
1203 290.2859191894531 1203
1204 290.2894897460938 1204
1205 290.2930603027344 1205
1206 290.2966918945312 1206
1207 290.3003234863281 1207
1208 290.3040161132812 1208
1209 290.3077392578125 1209
1210 290.3115234375 1210
1211 290.3153076171875 1211
1212 290.3191528320312 1212
1213 290.3230285644531 1213
1214 290.3269348144531 1214
1215 290.3308715820312 1215
1216 290.3348693847656 1216
1217 290.3388977050781 1217
1218 290.3429565429688 1218
1219 290.3470764160156 1219
1220 290.3512268066406 1220
1221 290.3554077148438 1221
1222 290.359619140625 1222
1223 290.3638916015625 1223
1224 290.3681945800781 1224
1225 290.3725280761719 1225
1226 290.3768920898438 1226
1227 290.3813171386719 1227
1228 290.3857727050781 1228
1229 290.3902893066406 1229
1230 290.3948059082031 1230
1231 290.3993835449219 1231
1232 290.4039916992188 1232
1233 290.4086303710938 1233
1234 290.413330078125 1234
1235 290.4180297851562 1235
1236 290.4227905273438 1236
1237 290.4275817871094 1237
1238 290.4324340820312 1238
1239 290.4372863769531 1239
1240 290.4421997070312 1240
1241 290.4471435546875 1241
1242 290.4520874023438 1242
1243 290.4570922851562 1243
1244 290.4621276855469 1244
1245 290.4672241210938 1245
1246 290.4722900390625 1246
1247 290.4774475097656 1247
1248 290.4826354980469 1248
1249 290.48779296875 1249
1250 290.4930725097656 1250
1251 290.4983215332031 1251
1252 290.5036010742188 1252
1253 290.5089111328125 1253
1254 290.5142517089844 1254
1255 290.5196228027344 1255
1256 290.5250244140625 1256
1257 290.5304870605469 1257
1258 290.5359191894531 1258
1259 290.5413818359375 1259
1260 290.5469055175781 1260
1261 290.5524597167969 1261
1262 290.5580139160156 1262
1263 290.5635375976562 1263
1264 290.5691833496094 1264
1265 290.5747985839844 1265
1266 290.5804443359375 1266
1267 290.5860900878906 1267
1268 290.591796875 1268
1269 290.5974426269531 1269
1270 290.6031799316406 1270
1271 290.60888671875 1271
1272 290.6146545410156 1272
1273 290.6204223632812 1273
1274 290.626220703125 1274
1275 290.6320190429688 1275
1276 290.6378479003906 1276
1277 290.6436462402344 1277
1278 290.6494750976562 1278
1279 290.6553344726562 1279
1280 290.6611938476562 1280
1281 290.6670532226562 1281
1282 290.6729736328125 1282
1283 290.6788330078125 1283
1284 290.6847229003906 1284
1285 290.6906433105469 1285
1286 290.696533203125 1286
1287 290.7024536132812 1287
1288 290.7083740234375 1288
1289 290.7143249511719 1289
1290 290.7202453613281 1290
1291 290.7261962890625 1291
1292 290.7321166992188 1292
1293 290.7380676269531 1293
1294 290.7439880371094 1294
1295 290.7499389648438 1295
1296 290.7558898925781 1296
1297 290.7618103027344 1297
1298 290.7677612304688 1298
1299 290.773681640625 1299
1300 290.7796325683594 1300
1301 290.7855529785156 1301
1302 290.7914428710938 1302
1303 290.7973937988281 1303
1304 290.8032836914062 1304
1305 290.8092041015625 1305
1306 290.8150939941406 1306
1307 290.8209838867188 1307
1308 290.8268432617188 1308
1309 290.8327331542969 1309
1310 290.8385620117188 1310
1311 290.8444519042969 1311
1312 290.8502807617188 1312
1313 290.8561096191406 1313
1314 290.8619079589844 1314
1315 290.8677368164062 1315
1316 290.8735046386719 1316
1317 290.8792724609375 1317
1318 290.885009765625 1318
1319 290.8907775878906 1319
1320 290.896484375 1320
1321 290.9021911621094 1321
1322 290.9078674316406 1322
1323 290.9135131835938 1323
1324 290.9191589355469 1324
1325 290.9248046875 1325
1326 290.930419921875 1326
1327 290.9359741210938 1327
1328 290.9415588378906 1328
1329 290.9471130371094 1329
1330 290.95263671875 1330
1331 290.9581298828125 1331
1332 290.9635925292969 1332
1333 290.9690551757812 1333
1334 290.9744567871094 1334
1335 290.9798583984375 1335
1336 290.9852294921875 1336
1337 290.9905700683594 1337
1338 290.9958801269531 1338
1339 291.0011596679688 1339
1340 291.0064086914062 1340
1341 291.0116577148438 1341
1342 291.016845703125 1342
1343 291.0220031738281 1343
1344 291.0271606445312 1344
1345 291.0322570800781 1345
1346 291.0373229980469 1346
1347 291.0423889160156 1347
1348 291.0473937988281 1348
1349 291.0523681640625 1349
1350 291.0573120117188 1350
1351 291.0622253417969 1351
1352 291.0671081542969 1352
1353 291.0719299316406 1353
1354 291.0767211914062 1354
1355 291.0815124511719 1355
1356 291.0862426757812 1356
1357 291.0909423828125 1357
1358 291.0956115722656 1358
1359 291.1002502441406 1359
1360 291.1048278808594 1360
1361 291.109375 1361
1362 291.1138610839844 1362
1363 291.1183471679688 1363
1364 291.1227722167969 1364
1365 291.127197265625 1365
1366 291.1315307617188 1366
1367 291.1358337402344 1367
1368 291.14013671875 1368
1369 291.1443786621094 1369
1370 291.1485595703125 1370
1371 291.1527099609375 1371
1372 291.1568298339844 1372
1373 291.160888671875 1373
1374 291.1649169921875 1374
1375 291.1688842773438 1375
1376 291.1728515625 1376
1377 291.1767578125 1377
1378 291.1806030273438 1378
1379 291.1844482421875 1379
1380 291.188232421875 1380
1381 291.1919250488281 1381
1382 291.1956481933594 1382
1383 291.1992797851562 1383
1384 291.202880859375 1384
1385 291.2064514160156 1385
1386 291.2099609375 1386
1387 291.2134094238281 1387
1388 291.2168579101562 1388
1389 291.2202453613281 1389
1390 291.2236022949219 1390
1391 291.2268981933594 1391
1392 291.2301330566406 1392
1393 291.2333374023438 1393
1394 291.2365112304688 1394
1395 291.2396240234375 1395
1396 291.2427062988281 1396
1397 291.2457275390625 1397
1398 291.2487487792969 1398
1399 291.2516784667969 1399
1400 291.2545776367188 1400
1401 291.2574157714844 1401
1402 291.26025390625 1402
1403 291.2630310058594 1403
1404 291.2657470703125 1404
1405 291.2684631347656 1405
1406 291.2711181640625 1406
1407 291.2737426757812 1407
1408 291.2763061523438 1408
1409 291.27880859375 1409
1410 291.2813110351562 1410
1411 291.2837829589844 1411
1412 291.2861938476562 1412
1413 291.28857421875 1413
1414 291.2909240722656 1414
1415 291.2932434082031 1415
1416 291.2955322265625 1416
1417 291.2977905273438 1417
1418 291.3000183105469 1418
1419 291.3021545410156 1419
1420 291.3043212890625 1420
1421 291.3064575195312 1421
1422 291.3085632324219 1422
1423 291.3106079101562 1423
1424 291.3126831054688 1424
1425 291.3147277832031 1425
1426 291.3167114257812 1426
1427 291.3186950683594 1427
1428 291.3206481933594 1428
1429 291.3226013183594 1429
1430 291.3245239257812 1430
1431 291.3264465332031 1431
1432 291.3283386230469 1432
1433 291.3302307128906 1433
1434 291.3321228027344 1434
1435 291.333984375 1435
1436 291.3358459472656 1436
1437 291.3377075195312 1437
1438 291.3395385742188 1438
1439 291.3413696289062 1439
1440 291.3432312011719 1440
1441 291.3450622558594 1441
1442 291.346923828125 1442
1443 291.3487548828125 1443
1444 291.3506164550781 1444
1445 291.3524475097656 1445
1446 291.3543090820312 1446
1447 291.3561706542969 1447
1448 291.3580627441406 1448
1449 291.3599548339844 1449
1450 291.3618469238281 1450
1451 291.3637390136719 1451
1452 291.3656616210938 1452
1453 291.3676147460938 1453
1454 291.3695678710938 1454
1455 291.3715515136719 1455
1456 291.3735656738281 1456
1457 291.3755493164062 1457
1458 291.3775939941406 1458
1459 291.379638671875 1459
1460 291.3817443847656 1460
1461 291.3838500976562 1461
1462 291.3860168457031 1462
1463 291.3881225585938 1463
1464 291.3903198242188 1464
1465 291.3925476074219 1465
1466 291.3948059082031 1466
1467 291.3970947265625 1467
1468 291.3993835449219 1468
1469 291.4017028808594 1469
1470 291.4041137695312 1470
1471 291.406494140625 1471
1472 291.408935546875 1472
1473 291.411376953125 1473
1474 291.4138793945312 1474
1475 291.4164428710938 1475
1476 291.4190063476562 1476
1477 291.421630859375 1477
1478 291.4242553710938 1478
1479 291.4269714355469 1479
1480 291.4296875 1480
1481 291.4324645996094 1481
1482 291.4352416992188 1482
1483 291.4380798339844 1483
1484 291.4409484863281 1484
1485 291.4438781738281 1485
1486 291.4468383789062 1486
1487 291.4498291015625 1487
1488 291.452880859375 1488
1489 291.4559326171875 1489
1490 291.4590454101562 1490
1491 291.4622192382812 1491
1492 291.4653930664062 1492
1493 291.4686279296875 1493
1494 291.4718933105469 1494
1495 291.4751892089844 1495
1496 291.4785461425781 1496
1497 291.48193359375 1497
1498 291.4853515625 1498
1499 291.4888305664062 1499
1500 291.4923095703125 1500
1501 291.4958801269531 1501
1502 291.4994506835938 1502
1503 291.5030517578125 1503
1504 291.5067138671875 1504
1505 291.5104064941406 1505
1506 291.5141296386719 1506
1507 291.5179138183594 1507
1508 291.521728515625 1508
1509 291.5255432128906 1509
1510 291.5294189453125 1510
1511 291.5333251953125 1511
1512 291.5372619628906 1512
1513 291.541259765625 1513
1514 291.5452575683594 1514
1515 291.54931640625 1515
1516 291.5533752441406 1516
1517 291.5574951171875 1517
1518 291.5616149902344 1518
1519 291.5657958984375 1519
1520 291.5700073242188 1520
1521 291.5742492675781 1521
1522 291.5784606933594 1522
1523 291.5827941894531 1523
1524 291.5870971679688 1524
1525 291.5914306640625 1525
1526 291.5958251953125 1526
1527 291.6002197265625 1527
1528 291.6046447753906 1528
1529 291.6091003417969 1529
1530 291.6135864257812 1530
1531 291.6181030273438 1531
1532 291.6226196289062 1532
1533 291.6271362304688 1533
1534 291.6317138671875 1534
1535 291.6363220214844 1535
1536 291.6409301757812 1536
1537 291.6455688476562 1537
1538 291.6502075195312 1538
1539 291.6549072265625 1539
1540 291.6595764160156 1540
1541 291.664306640625 1541
1542 291.6690063476562 1542
1543 291.6737365722656 1543
1544 291.6784973144531 1544
1545 291.6832580566406 1545
1546 291.6880493164062 1546
1547 291.6928405761719 1547
1548 291.6976318359375 1548
1549 291.7024536132812 1549
1550 291.7073059082031 1550
1551 291.712158203125 1551
1552 291.7170104980469 1552
1553 291.7218627929688 1553
1554 291.7267456054688 1554
1555 291.7315979003906 1555
1556 291.7364807128906 1556
1557 291.7413940429688 1557
1558 291.7462463378906 1558
1559 291.7511901855469 1559
1560 291.7560424804688 1560
1561 291.760986328125 1561
1562 291.765869140625 1562
1563 291.7707824707031 1563
1564 291.7756958007812 1564
1565 291.7806091308594 1565
1566 291.7855224609375 1566
1567 291.7904357910156 1567
1568 291.7953491210938 1568
1569 291.8002624511719 1569
1570 291.8051452636719 1570
1571 291.81005859375 1571
1572 291.8149719238281 1572
1573 291.81982421875 1573
1574 291.8247375488281 1574
1575 291.82958984375 1575
1576 291.83447265625 1576
1577 291.83935546875 1577
1578 291.8441772460938 1578
1579 291.8490295410156 1579
1580 291.8538818359375 1580
1581 291.8587036132812 1581
1582 291.863525390625 1582
1583 291.8683166503906 1583
1584 291.8731079101562 1584
1585 291.8778686523438 1585
1586 291.8826293945312 1586
1587 291.8873901367188 1587
1588 291.8921203613281 1588
1589 291.8968505859375 1589
1590 291.9015197753906 1590
1591 291.9062194824219 1591
1592 291.910888671875 1592
1593 291.91552734375 1593
1594 291.920166015625 1594
1595 291.9247741699219 1595
1596 291.9293518066406 1596
1597 291.9338989257812 1597
1598 291.9384765625 1598
1599 291.9429931640625 1599
1600 291.947509765625 1600
1601 291.9519653320312 1601
1602 291.9564208984375 1602
1603 291.9608459472656 1603
1604 291.9652404785156 1604
1605 291.9696350097656 1605
1606 291.9739990234375 1606
1607 291.9783020019531 1607
1608 291.9826049804688 1608
1609 291.9868774414062 1609
1610 291.9911193847656 1610
1611 291.9953308105469 1611
1612 291.9995422363281 1612
1613 292.0036926269531 1613
1614 292.0078125 1614
1615 292.0119018554688 1615
1616 292.0159606933594 1616
1617 292.0199890136719 1617
1618 292.0240173339844 1618
1619 292.0279846191406 1619
1620 292.0319213867188 1620
1621 292.0358276367188 1621
1622 292.0397033691406 1622
1623 292.0435180664062 1623
1624 292.0473327636719 1624
1625 292.0510559082031 1625
1626 292.0548095703125 1626
1627 292.0585327148438 1627
1628 292.0621643066406 1628
1629 292.0657958984375 1629
1630 292.0693664550781 1630
1631 292.0729064941406 1631
1632 292.0764770507812 1632
1633 292.0799255371094 1633
1634 292.0833435058594 1634
1635 292.0867614746094 1635
1636 292.0901184082031 1636
1637 292.0934448242188 1637
1638 292.0967102050781 1638
1639 292.0999450683594 1639
1640 292.1031799316406 1640
1641 292.1063232421875 1641
1642 292.1094665527344 1642
1643 292.1125183105469 1643
1644 292.1155395507812 1644
1645 292.1185607910156 1645
1646 292.1215209960938 1646
1647 292.1244506835938 1647
1648 292.1273193359375 1648
1649 292.1301574707031 1649
1650 292.1329650878906 1650
1651 292.1356811523438 1651
1652 292.138427734375 1652
1653 292.1410827636719 1653
1654 292.1437072753906 1654
1655 292.1462707519531 1655
1656 292.1488342285156 1656
1657 292.1513061523438 1657
1658 292.1537780761719 1658
1659 292.1561889648438 1659
1660 292.1585693359375 1660
1661 292.1608581542969 1661
1662 292.1631469726562 1662
1663 292.1653747558594 1663
1664 292.1675720214844 1664
1665 292.1697387695312 1665
1666 292.1718139648438 1666
1667 292.1739196777344 1667
1668 292.1759338378906 1668
1669 292.1779174804688 1669
1670 292.1798706054688 1670
1671 292.1817626953125 1671
1672 292.1836242675781 1672
1673 292.1854248046875 1673
1674 292.1872253417969 1674
1675 292.18896484375 1675
1676 292.190673828125 1676
1677 292.1923217773438 1677
1678 292.1939392089844 1678
1679 292.1955261230469 1679
1680 292.1970825195312 1680
1681 292.1986083984375 1681
1682 292.2000732421875 1682
1683 292.2015380859375 1683
1684 292.2029418945312 1684
1685 292.2042846679688 1685
1686 292.2056579589844 1686
1687 292.2069702148438 1687
1688 292.208251953125 1688
1689 292.2095031738281 1689
1690 292.2107238769531 1690
1691 292.2119445800781 1691
1692 292.213134765625 1692
1693 292.2142639160156 1693
1694 292.2153930664062 1694
1695 292.2165222167969 1695
1696 292.2176208496094 1696
1697 292.2186889648438 1697
1698 292.2197265625 1698
1699 292.2207946777344 1699
1700 292.2218017578125 1700
1701 292.2228088378906 1701
1702 292.2238159179688 1702
1703 292.2248229980469 1703
1704 292.2257690429688 1704
1705 292.2267761230469 1705
1706 292.2277221679688 1706
1707 292.2286987304688 1707
1708 292.2296447753906 1708
1709 292.2305908203125 1709
1710 292.2315979003906 1710
1711 292.2325134277344 1711
1712 292.2334899902344 1712
1713 292.2344665527344 1713
1714 292.2354431152344 1714
1715 292.2364196777344 1715
1716 292.2374267578125 1716
1717 292.2384033203125 1717
1718 292.2394409179688 1718
1719 292.2404479980469 1719
1720 292.241455078125 1720
1721 292.2425231933594 1721
1722 292.2435913085938 1722
1723 292.2446899414062 1723
1724 292.2457885742188 1724
1725 292.2469177246094 1725
1726 292.248046875 1726
1727 292.2492065429688 1727
1728 292.2503967285156 1728
1729 292.2516174316406 1729
1730 292.2528686523438 1730
1731 292.2541198730469 1731
1732 292.2554016113281 1732
1733 292.2567443847656 1733
1734 292.2580871582031 1734
1735 292.2594604492188 1735
1736 292.2608642578125 1736
1737 292.2622985839844 1737
1738 292.2637634277344 1738
1739 292.2652893066406 1739
1740 292.2668151855469 1740
1741 292.2683715820312 1741
1742 292.2699890136719 1742
1743 292.2716369628906 1743
1744 292.2733154296875 1744
1745 292.2750244140625 1745
1746 292.2767944335938 1746
1747 292.278564453125 1747
1748 292.2803955078125 1748
1749 292.2822570800781 1749
1750 292.2841491699219 1750
1751 292.2861022949219 1751
1752 292.2880554199219 1752
1753 292.2900695800781 1753
1754 292.2921752929688 1754
1755 292.2942504882812 1755
1756 292.2963562011719 1756
1757 292.2985534667969 1757
1758 292.3007507324219 1758
1759 292.3030090332031 1759
1760 292.3052978515625 1760
1761 292.3076171875 1761
1762 292.3099975585938 1762
1763 292.3124389648438 1763
1764 292.3148803710938 1764
1765 292.3173828125 1765
1766 292.3199157714844 1766
1767 292.3224792480469 1767
1768 292.3250732421875 1768
1769 292.3277282714844 1769
1770 292.3304443359375 1770
1771 292.3331604003906 1771
1772 292.3359069824219 1772
1773 292.3387145996094 1773
1774 292.341552734375 1774
1775 292.3444519042969 1775
1776 292.3473510742188 1776
1777 292.350341796875 1777
1778 292.3533020019531 1778
1779 292.3563232421875 1779
1780 292.359375 1780
1781 292.3624877929688 1781
1782 292.3656005859375 1782
1783 292.3687744140625 1783
1784 292.3719787597656 1784
1785 292.3752136230469 1785
1786 292.3784484863281 1786
1787 292.3817443847656 1787
1788 292.3850708007812 1788
1789 292.3884582519531 1789
1790 292.3918151855469 1790
1791 292.3952331542969 1791
1792 292.398681640625 1792
1793 292.4021606445312 1793
1794 292.4056701660156 1794
1795 292.4092102050781 1795
1796 292.4127807617188 1796
1797 292.4163513183594 1797
1798 292.4199523925781 1798
1799 292.4236145019531 1799
1800 292.42724609375 1800
1801 292.4309692382812 1801
1802 292.4346618652344 1802
1803 292.4384155273438 1803
1804 292.4421691894531 1804
1805 292.4459228515625 1805
1806 292.4497375488281 1806
1807 292.4535522460938 1807
1808 292.4573669433594 1808
1809 292.4612426757812 1809
1810 292.4651184082031 1810
1811 292.4690246582031 1811
1812 292.472900390625 1812
1813 292.4768371582031 1813
1814 292.4807739257812 1814
1815 292.4847106933594 1815
1816 292.4887084960938 1816
1817 292.49267578125 1817
1818 292.4966430664062 1818
1819 292.5006713867188 1819
1820 292.5046997070312 1820
1821 292.5087280273438 1821
1822 292.5127258300781 1822
1823 292.5167846679688 1823
1824 292.5208740234375 1824
1825 292.52490234375 1825
1826 292.5289611816406 1826
1827 292.5330505371094 1827
1828 292.5371398925781 1828
1829 292.5411987304688 1829
1830 292.5453186035156 1830
1831 292.5493774414062 1831
1832 292.5534973144531 1832
1833 292.5575866699219 1833
1834 292.5616760253906 1834
1835 292.5657653808594 1835
1836 292.5698547363281 1836
1837 292.573974609375 1837
1838 292.5780639648438 1838
1839 292.5821533203125 1839
1840 292.5862426757812 1840
1841 292.59033203125 1841
1842 292.5944213867188 1842
1843 292.5985107421875 1843
1844 292.6025695800781 1844
1845 292.6066284179688 1845
1846 292.6106567382812 1846
1847 292.61474609375 1847
1848 292.6187744140625 1848
1849 292.622802734375 1849
1850 292.6268310546875 1850
1851 292.6307983398438 1851
1852 292.6348266601562 1852
1853 292.6388244628906 1853
1854 292.6427917480469 1854
1855 292.6467590332031 1855
1856 292.6506958007812 1856
1857 292.6546325683594 1857
1858 292.6585693359375 1858
1859 292.6624450683594 1859
1860 292.6663513183594 1860
1861 292.6702270507812 1861
1862 292.674072265625 1862
1863 292.6779174804688 1863
1864 292.6817321777344 1864
1865 292.6855163574219 1865
1866 292.6892700195312 1866
1867 292.6930541992188 1867
1868 292.69677734375 1868
1869 292.7005004882812 1869
1870 292.7041931152344 1870
1871 292.7078552246094 1871
1872 292.7115173339844 1872
1873 292.7151184082031 1873
1874 292.7187194824219 1874
1875 292.7222900390625 1875
1876 292.7258605957031 1876
1877 292.7293701171875 1877
1878 292.7328796386719 1878
1879 292.7363586425781 1879
1880 292.7397766113281 1880
1881 292.7431945800781 1881
1882 292.7465515136719 1882
1883 292.7499084472656 1883
1884 292.7532653808594 1884
1885 292.7565307617188 1885
1886 292.7598266601562 1886
1887 292.7630310058594 1887
1888 292.7662353515625 1888
1889 292.7694091796875 1889
1890 292.7725219726562 1890
1891 292.775634765625 1891
1892 292.7787170410156 1892
1893 292.78173828125 1893
1894 292.7847595214844 1894
1895 292.7877197265625 1895
1896 292.7906494140625 1896
1897 292.7935791015625 1897
1898 292.7964172363281 1898
1899 292.7992553710938 1899
1900 292.8020629882812 1900
1901 292.8048095703125 1901
1902 292.8074951171875 1902
1903 292.8102111816406 1903
1904 292.8128356933594 1904
1905 292.8154602050781 1905
1906 292.8180236816406 1906
1907 292.820556640625 1907
1908 292.8230590820312 1908
1909 292.8255004882812 1909
1910 292.827880859375 1910
1911 292.8302917480469 1911
1912 292.8326416015625 1912
1913 292.8349304199219 1913
1914 292.8371887207031 1914
1915 292.8394165039062 1915
1916 292.8415832519531 1916
1917 292.84375 1917
1918 292.8457946777344 1918
1919 292.8478698730469 1919
1920 292.8498840332031 1920
1921 292.8518371582031 1921
1922 292.8537902832031 1922
1923 292.8556823730469 1923
1924 292.8574829101562 1924
1925 292.8593139648438 1925
1926 292.861083984375 1926
1927 292.86279296875 1927
1928 292.864501953125 1928
1929 292.8661499023438 1929
1930 292.8677368164062 1930
1931 292.8692932128906 1931
1932 292.8707885742188 1932
1933 292.8722534179688 1933
1934 292.8737182617188 1934
1935 292.8750915527344 1935
1936 292.8764343261719 1936
1937 292.8777465820312 1937
1938 292.8789978027344 1938
1939 292.8802490234375 1939
1940 292.8813781738281 1940
1941 292.8825378417969 1941
1942 292.8836669921875 1942
1943 292.8847045898438 1943
1944 292.8857421875 1944
1945 292.88671875 1945
1946 292.8876953125 1946
1947 292.8885803222656 1947
1948 292.8894653320312 1948
1949 292.8903198242188 1949
1950 292.89111328125 1950
1951 292.8919067382812 1951
1952 292.8926086425781 1952
1953 292.893310546875 1953
1954 292.8940124511719 1954
1955 292.8946228027344 1955
1956 292.8952331542969 1956
1957 292.8958129882812 1957
1958 292.8963928222656 1958
1959 292.8969116210938 1959
1960 292.8973999023438 1960
1961 292.8979187011719 1961
1962 292.8983459472656 1962
1963 292.8988037109375 1963
1964 292.8992004394531 1964
1965 292.8996276855469 1965
1966 292.8999938964844 1966
1967 292.9003295898438 1967
1968 292.9006958007812 1968
1969 292.9010314941406 1969
1970 292.9013366699219 1970
1971 292.9016418457031 1971
1972 292.9019470214844 1972
1973 292.9022521972656 1973
1974 292.9025268554688 1974
1975 292.9028015136719 1975
1976 292.9031066894531 1976
1977 292.9033508300781 1977
1978 292.9036254882812 1978
1979 292.9039306640625 1979
1980 292.9041748046875 1980
1981 292.9044494628906 1981
1982 292.9047546386719 1982
1983 292.905029296875 1983
1984 292.9053344726562 1984
1985 292.9056396484375 1985
1986 292.9059448242188 1986
1987 292.9062805175781 1987
1988 292.9066162109375 1988
1989 292.906982421875 1989
1990 292.9073486328125 1990
1991 292.9077453613281 1991
1992 292.9081420898438 1992
1993 292.9085693359375 1993
1994 292.9089965820312 1994
1995 292.9094848632812 1995
1996 292.9099731445312 1996
1997 292.9104614257812 1997
1998 292.9110107421875 1998
1999 292.9115600585938 1999
2000 292.9121704101562 2000
2001 292.9127502441406 2001
2002 292.9134216308594 2002
2003 292.9140930175781 2003
2004 292.914794921875 2004
2005 292.91552734375 2005
2006 292.9163208007812 2006
2007 292.9170837402344 2007
2008 292.9179077148438 2008
2009 292.9187927246094 2009
2010 292.919677734375 2010
2011 292.9205932617188 2011
2012 292.9215698242188 2012
2013 292.9225769042969 2013
2014 292.9236145019531 2014
2015 292.9247131347656 2015
2016 292.9258117675781 2016
2017 292.9269714355469 2017
2018 292.9281616210938 2018
2019 292.9294128417969 2019
2020 292.9306640625 2020
2021 292.9320068359375 2021
2022 292.9333190917969 2022
2023 292.9347229003906 2023
2024 292.9361572265625 2024
2025 292.9376220703125 2025
2026 292.9391479492188 2026
2027 292.940673828125 2027
2028 292.9422607421875 2028
2029 292.9438781738281 2029
2030 292.945556640625 2030
2031 292.947265625 2031
2032 292.9490051269531 2032
2033 292.9508056640625 2033
2034 292.95263671875 2034
2035 292.9544982910156 2035
2036 292.9563903808594 2036
2037 292.9583435058594 2037
2038 292.9603271484375 2038
2039 292.9623718261719 2039
2040 292.9644165039062 2040
2041 292.9665222167969 2041
2042 292.9686584472656 2042
2043 292.9708251953125 2043
2044 292.9730529785156 2044
2045 292.9753112792969 2045
2046 292.9776000976562 2046
2047 292.9799194335938 2047
2048 292.9822998046875 2048
2049 292.9847106933594 2049
2050 292.9871520996094 2050
2051 292.9895935058594 2051
2052 292.9921264648438 2052
2053 292.9946594238281 2053
2054 292.9972229003906 2054
2055 292.9998168945312 2055
2056 293.0024719238281 2056
2057 293.005126953125 2057
2058 293.0078430175781 2058
2059 293.0105590820312 2059
2060 293.0133361816406 2060
2061 293.01611328125 2061
2062 293.0189208984375 2062
2063 293.0217895507812 2063
2064 293.024658203125 2064
2065 293.027587890625 2065
2066 293.030517578125 2066
2067 293.0335083007812 2067
2068 293.0364685058594 2068
2069 293.0394897460938 2069
2070 293.0425109863281 2070
2071 293.0455627441406 2071
2072 293.0486755371094 2072
2073 293.0517578125 2073
2074 293.0549011230469 2074
2075 293.0580444335938 2075
2076 293.0612182617188 2076
2077 293.0643920898438 2077
2078 293.0675964355469 2078
2079 293.0708312988281 2079
2080 293.0740661621094 2080
2081 293.0773315429688 2081
2082 293.0806274414062 2082
2083 293.0839233398438 2083
2084 293.0872192382812 2084
2085 293.0905456542969 2085
2086 293.0938720703125 2086
2087 293.0972290039062 2087
2088 293.1005859375 2088
2089 293.1039733886719 2089
2090 293.1073608398438 2090
2091 293.1107482910156 2091
2092 293.1141357421875 2092
2093 293.1175537109375 2093
2094 293.1210021972656 2094
2095 293.1244201660156 2095
2096 293.1278381347656 2096
2097 293.1312866210938 2097
2098 293.134765625 2098
2099 293.1382141113281 2099
2100 293.1416625976562 2100
2101 293.1451416015625 2101
2102 293.1485900878906 2102
2103 293.1520385742188 2103
2104 293.155517578125 2104
2105 293.1589660644531 2105
2106 293.1624145507812 2106
2107 293.1658935546875 2107
2108 293.1693725585938 2108
2109 293.1728515625 2109
2110 293.1763000488281 2110
2111 293.1797485351562 2111
2112 293.1831970214844 2112
2113 293.1866149902344 2113
2114 293.1900634765625 2114
2115 293.1934814453125 2115
2116 293.1969299316406 2116
2117 293.2003173828125 2117
2118 293.2037353515625 2118
2119 293.2071228027344 2119
2120 293.2105407714844 2120
2121 293.2139282226562 2121
2122 293.2172546386719 2122
2123 293.2206420898438 2123
2124 293.2239685058594 2124
2125 293.2273254394531 2125
2126 293.2306213378906 2126
2127 293.2339172363281 2127
2128 293.2372131347656 2128
2129 293.240478515625 2129
2130 293.2437438964844 2130
2131 293.2470092773438 2131
2132 293.2502136230469 2132
2133 293.25341796875 2133
2134 293.256591796875 2134
2135 293.259765625 2135
2136 293.262939453125 2136
2137 293.2660522460938 2137
2138 293.2691345214844 2138
2139 293.272216796875 2139
2140 293.2752990722656 2140
2141 293.2783508300781 2141
2142 293.2813720703125 2142
2143 293.2843322753906 2143
2144 293.2873229980469 2144
2145 293.2902526855469 2145
2146 293.2931823730469 2146
2147 293.2960510253906 2147
2148 293.2989196777344 2148
2149 293.3017578125 2149
2150 293.3045959472656 2150
2151 293.307373046875 2151
2152 293.3101501464844 2152
2153 293.3128662109375 2153
2154 293.3155517578125 2154
2155 293.3182067871094 2155
2156 293.3208618164062 2156
2157 293.3234558105469 2157
2158 293.3260498046875 2158
2159 293.3285827636719 2159
2160 293.3310852050781 2160
2161 293.3335571289062 2161
2162 293.3360290527344 2162
2163 293.3384399414062 2163
2164 293.3408203125 2164
2165 293.3432006835938 2165
2166 293.3454895019531 2166
2167 293.3477783203125 2167
2168 293.3500061035156 2168
2169 293.3522338867188 2169
2170 293.3543701171875 2170
2171 293.3565063476562 2171
2172 293.358642578125 2172
2173 293.3607177734375 2173
2174 293.3627319335938 2174
2175 293.3647155761719 2175
2176 293.3666687011719 2176
2177 293.3685913085938 2177
2178 293.3704833984375 2178
2179 293.372314453125 2179
2180 293.3741149902344 2180
2181 293.3758850097656 2181
2182 293.3776245117188 2182
2183 293.3792724609375 2183
2184 293.3809204101562 2184
2185 293.3825378417969 2185
2186 293.3840942382812 2186
2187 293.3856201171875 2187
2188 293.3870849609375 2188
2189 293.3885498046875 2189
2190 293.3899536132812 2190
2191 293.391357421875 2191
2192 293.3926391601562 2192
2193 293.3939514160156 2193
2194 293.3951721191406 2194
2195 293.3963928222656 2195
2196 293.3975219726562 2196
2197 293.398681640625 2197
2198 293.3997497558594 2198
2199 293.4007873535156 2199
2200 293.4017944335938 2200
2201 293.4027404785156 2201
2202 293.4036560058594 2202
2203 293.404541015625 2203
2204 293.4053649902344 2204
2205 293.4061584472656 2205
2206 293.4068908691406 2206
2207 293.4075927734375 2207
2208 293.4082641601562 2208
2209 293.4089050292969 2209
2210 293.4095153808594 2210
2211 293.4100646972656 2211
2212 293.4105834960938 2212
2213 293.4110717773438 2213
2214 293.4114990234375 2214
2215 293.4118957519531 2215
2216 293.4122619628906 2216
2217 293.4126281738281 2217
2218 293.4129333496094 2218
2219 293.4131469726562 2219
2220 293.4133911132812 2220
2221 293.41357421875 2221
2222 293.4137573242188 2222
2223 293.4138793945312 2223
2224 293.4140014648438 2224
2225 293.4140930175781 2225
2226 293.4140930175781 2226
2227 293.4141235351562 2227
2228 293.4141235351562 2228
2229 293.4140930175781 2229
2230 293.4140319824219 2230
2231 293.4139709472656 2231
2232 293.4138793945312 2232
2233 293.4137573242188 2233
2234 293.4136047363281 2234
2235 293.4134521484375 2235
2236 293.4132995605469 2236
2237 293.4130859375 2237
2238 293.4129028320312 2238
2239 293.4126892089844 2239
2240 293.4124755859375 2240
2241 293.4122314453125 2241
2242 293.4120178222656 2242
2243 293.4117736816406 2243
2244 293.4115295410156 2244
2245 293.4112548828125 2245
2246 293.4110107421875 2246
2247 293.4107666015625 2247
2248 293.4105224609375 2248
2249 293.4102783203125 2249
2250 293.4100036621094 2250
2251 293.4097900390625 2251
2252 293.4095458984375 2252
2253 293.4093017578125 2253
2254 293.4091186523438 2254
2255 293.4089050292969 2255
2256 293.40869140625 2256
2257 293.4085083007812 2257
2258 293.4083557128906 2258
2259 293.408203125 2259
2260 293.4080810546875 2260
2261 293.407958984375 2261
2262 293.4078674316406 2262
2263 293.4077758789062 2263
2264 293.4077453613281 2264
2265 293.40771484375 2265
2266 293.40771484375 2266
2267 293.40771484375 2267
2268 293.4077453613281 2268
2269 293.4078369140625 2269
2270 293.4079284667969 2270
2271 293.4080505371094 2271
2272 293.408203125 2272
2273 293.4084167480469 2273
2274 293.4086303710938 2274
2275 293.4088745117188 2275
2276 293.4091796875 2276
2277 293.4094848632812 2277
2278 293.4098205566406 2278
2279 293.4102172851562 2279
2280 293.41064453125 2280
2281 293.4110717773438 2281
2282 293.4115905761719 2282
2283 293.412109375 2283
2284 293.4126892089844 2284
2285 293.4132690429688 2285
2286 293.4139099121094 2286
2287 293.4146118164062 2287
2288 293.4153137207031 2288
2289 293.4160766601562 2289
2290 293.4169006347656 2290
2291 293.417724609375 2291
2292 293.4185791015625 2292
2293 293.4195251464844 2293
2294 293.4204711914062 2294
2295 293.4214477539062 2295
2296 293.4225158691406 2296
2297 293.423583984375 2297
2298 293.4246826171875 2298
2299 293.4258422851562 2299
2300 293.4270324707031 2300
2301 293.4282836914062 2301
2302 293.4295959472656 2302
2303 293.4308776855469 2303
2304 293.4322509765625 2304
2305 293.4336547851562 2305
2306 293.4350891113281 2306
2307 293.4365539550781 2307
2308 293.4380798339844 2308
2309 293.4396362304688 2309
2310 293.4412231445312 2310
2311 293.44287109375 2311
2312 293.4445495605469 2312
2313 293.4462585449219 2313
2314 293.447998046875 2314
2315 293.4497985839844 2315
2316 293.4516296386719 2316
2317 293.4534912109375 2317
2318 293.4553527832031 2318
2319 293.4573059082031 2319
2320 293.4592590332031 2320
2321 293.4612731933594 2321
2322 293.4632873535156 2322
2323 293.4653625488281 2323
2324 293.4674682617188 2324
2325 293.4696044921875 2325
2326 293.4717712402344 2326
2327 293.4739685058594 2327
2328 293.4761962890625 2328
2329 293.4784545898438 2329
2330 293.4807434082031 2330
2331 293.4830932617188 2331
2332 293.4854125976562 2332
2333 293.48779296875 2333
2334 293.490234375 2334
2335 293.49267578125 2335
2336 293.4951171875 2336
2337 293.4975891113281 2337
2338 293.5001220703125 2338
2339 293.5026550292969 2339
2340 293.5051879882812 2340
2341 293.5078125 2341
2342 293.5104064941406 2342
2343 293.5130310058594 2343
2344 293.5156860351562 2344
2345 293.5183715820312 2345
2346 293.5210571289062 2346
2347 293.5237731933594 2347
2348 293.5265197753906 2348
2349 293.5292358398438 2349
2350 293.5320129394531 2350
2351 293.5347900390625 2351
2352 293.53759765625 2352
2353 293.5404052734375 2353
2354 293.5432434082031 2354
2355 293.5460815429688 2355
2356 293.5489501953125 2356
2357 293.5518188476562 2357
2358 293.5547180175781 2358
2359 293.5575866699219 2359
2360 293.5604858398438 2360
2361 293.5634155273438 2361
2362 293.5663452148438 2362
2363 293.5692749023438 2363
2364 293.5722045898438 2364
2365 293.5751647949219 2365
2366 293.578125 2366
2367 293.5810852050781 2367
2368 293.5840454101562 2368
2369 293.5870056152344 2369
2370 293.5899963378906 2370
2371 293.5929870605469 2371
2372 293.595947265625 2372
2373 293.5989074707031 2373
2374 293.6019287109375 2374
2375 293.6048583984375 2375
2376 293.6078796386719 2376
2377 293.61083984375 2377
2378 293.6138305664062 2378
2379 293.6167907714844 2379
2380 293.6197814941406 2380
2381 293.6227416992188 2381
2382 293.625732421875 2382
2383 293.6286926269531 2383
2384 293.6316223144531 2384
2385 293.6345825195312 2385
2386 293.6375122070312 2386
2387 293.6404418945312 2387
2388 293.6433715820312 2388
2389 293.6463012695312 2389
2390 293.649169921875 2390
2391 293.652099609375 2391
2392 293.6549682617188 2392
2393 293.6578369140625 2393
2394 293.6607055664062 2394
2395 293.6635131835938 2395
2396 293.6663513183594 2396
2397 293.669189453125 2397
2398 293.6719665527344 2398
2399 293.6747741699219 2399
2400 293.6775512695312 2400
2401 293.6802978515625 2401
2402 293.6830139160156 2402
2403 293.6857604980469 2403
2404 293.6884460449219 2404
2405 293.6911315917969 2405
2406 293.6937866210938 2406
2407 293.6964416503906 2407
2408 293.6990966796875 2408
2409 293.70166015625 2409
2410 293.7042541503906 2410
2411 293.706787109375 2411
2412 293.7093200683594 2412
2413 293.7118225097656 2413
2414 293.7143249511719 2414
2415 293.7167663574219 2415
2416 293.7192077636719 2416
2417 293.7216186523438 2417
2418 293.7239990234375 2418
2419 293.7263488769531 2419
2420 293.7286682128906 2420
2421 293.7309875488281 2421
2422 293.7332458496094 2422
2423 293.7355041503906 2423
2424 293.7377319335938 2424
2425 293.7398986816406 2425
2426 293.7420349121094 2426
2427 293.7441711425781 2427
2428 293.7462463378906 2428
2429 293.7483215332031 2429
2430 293.7503356933594 2430
2431 293.7523803710938 2431
2432 293.7543334960938 2432
2433 293.7562866210938 2433
2434 293.7581787109375 2434
2435 293.7600402832031 2435
2436 293.7618408203125 2436
2437 293.7636413574219 2437
2438 293.7654418945312 2438
2439 293.7671508789062 2439
2440 293.7688598632812 2440
2441 293.7705078125 2441
2442 293.7721252441406 2442
2443 293.7737121582031 2443
2444 293.7752685546875 2444
2445 293.7767639160156 2445
2446 293.7782592773438 2446
2447 293.7796936035156 2447
2448 293.7811279296875 2448
2449 293.782470703125 2449
2450 293.7838134765625 2450
2451 293.7850952148438 2451
2452 293.7863464355469 2452
2453 293.7875366210938 2453
2454 293.7887268066406 2454
2455 293.7898559570312 2455
2456 293.7909545898438 2456
2457 293.7919921875 2457
2458 293.7930297851562 2458
2459 293.7940063476562 2459
2460 293.794921875 2460
2461 293.7958374023438 2461
2462 293.7966918945312 2462
2463 293.7974853515625 2463
2464 293.7982788085938 2464
2465 293.7990112304688 2465
2466 293.7997131347656 2466
2467 293.8003540039062 2467
2468 293.8009643554688 2468
2469 293.8015441894531 2469
2470 293.8020935058594 2470
2471 293.8026123046875 2471
2472 293.8030395507812 2472
2473 293.8034362792969 2473
2474 293.8038024902344 2474
2475 293.8041687011719 2475
2476 293.8044738769531 2476
2477 293.8046875 2477
2478 293.804931640625 2478
2479 293.8051147460938 2479
2480 293.8052368164062 2480
2481 293.8053283691406 2481
2482 293.8053894042969 2482
2483 293.805419921875 2483
2484 293.805419921875 2484
2485 293.8053588867188 2485
2486 293.8052978515625 2486
2487 293.80517578125 2487
2488 293.8050537109375 2488
2489 293.8048400878906 2489
2490 293.8046264648438 2490
2491 293.8043823242188 2491
2492 293.8041076660156 2492
2493 293.8038330078125 2493
2494 293.8034973144531 2494
2495 293.8031311035156 2495
2496 293.802734375 2496
2497 293.8023071289062 2497
2498 293.8018798828125 2498
2499 293.8013916015625 2499
2500 293.8009643554688 2500
