"point-d-rfile"
"Time Step" "point-d etc.."
("Time Step" "point-d" "flow-time")
0 283 0
1 283 1
2 283 2
3 283 3
4 283 4
5 283 5
6 283 6
7 283 7
8 283 8
9 283 9
10 283 10
11 283 11
12 283 12
13 283 13
14 283 14
15 283 15
16 283 16
17 283 17
18 283 18
19 283 19
20 283 20
21 283 21
22 283 22
23 283 23
24 283 24
25 283 25
26 283 26
27 283 27
28 283 28
29 283 29
30 283 30
31 283 31
32 283.0000305175781 32
33 283.0000305175781 33
34 283.0000305175781 34
35 283.0000305175781 35
36 283.0000610351562 36
37 283.0000610351562 37
38 283.0000915527344 38
39 283.0001220703125 39
40 283.0001525878906 40
41 283.0001525878906 41
42 283.000244140625 42
43 283.0002746582031 43
44 283.0003356933594 44
45 283.0003967285156 45
46 283.0004577636719 46
47 283.0005493164062 47
48 283.0006713867188 48
49 283.0007934570312 49
50 283.0009155273438 50
51 283.0010375976562 51
52 283.0012512207031 52
53 283.00146484375 53
54 283.0016479492188 54
55 283.0018920898438 55
56 283.0021667480469 56
57 283.0024719238281 57
58 283.0028076171875 58
59 283.003173828125 59
60 283.0036010742188 60
61 283.0040283203125 61
62 283.0045166015625 62
63 283.0050659179688 63
64 283.0056457519531 64
65 283.0062561035156 65
66 283.0069580078125 66
67 283.0076904296875 67
68 283.0084838867188 68
69 283.0093383789062 69
70 283.01025390625 70
71 283.01123046875 71
72 283.0122680664062 72
73 283.0133972167969 73
74 283.0146179199219 74
75 283.015869140625 75
76 283.0172119140625 76
77 283.0186462402344 77
78 283.0201721191406 78
79 283.0217590332031 79
80 283.0234375 80
81 283.0252075195312 81
82 283.0270385742188 82
83 283.0290222167969 83
84 283.0310668945312 84
85 283.033203125 85
86 283.0354614257812 86
87 283.0377807617188 87
88 283.0402221679688 88
89 283.0427551269531 89
90 283.0453796386719 90
91 283.0481262207031 91
92 283.0509948730469 92
93 283.0539245605469 93
94 283.0570068359375 94
95 283.0601806640625 95
96 283.0634460449219 96
97 283.0668334960938 97
98 283.0703125 98
99 283.0739135742188 99
100 283.07763671875 100
101 283.0814514160156 101
102 283.0853881835938 102
103 283.0894165039062 103
104 283.0935668945312 104
105 283.0978088378906 105
106 283.1021728515625 106
107 283.1066589355469 107
108 283.1112365722656 108
109 283.1159057617188 109
110 283.1207275390625 110
111 283.1256103515625 111
112 283.1306457519531 112
113 283.1357421875 113
114 283.1409606933594 114
115 283.1462707519531 115
116 283.1517028808594 116
117 283.1572265625 117
118 283.162841796875 118
119 283.1685791015625 119
120 283.1744079589844 120
121 283.1803283691406 121
122 283.1863708496094 122
123 283.1924743652344 123
124 283.1986694335938 124
125 283.2049560546875 125
126 283.2113647460938 126
127 283.2178344726562 127
128 283.2243957519531 128
129 283.2310791015625 129
130 283.23779296875 130
131 283.2445983886719 131
132 283.2515258789062 132
133 283.2585144042969 133
134 283.2655639648438 134
135 283.272705078125 135
136 283.2799377441406 136
137 283.2872314453125 137
138 283.2946166992188 138
139 283.3020629882812 139
140 283.3095703125 140
141 283.3171691894531 141
142 283.3247985839844 142
143 283.33251953125 143
144 283.3403015136719 144
145 283.34814453125 145
146 283.3560180664062 146
147 283.364013671875 147
148 283.3720092773438 148
149 283.380126953125 149
150 283.3882446289062 150
151 283.3964233398438 151
152 283.4046325683594 152
153 283.4129028320312 153
154 283.4212646484375 154
155 283.4296569824219 155
156 283.4380798339844 156
157 283.446533203125 157
158 283.4550476074219 158
159 283.4635925292969 159
160 283.47216796875 160
161 283.4808044433594 161
162 283.4894409179688 162
163 283.4981689453125 163
164 283.5068664550781 164
165 283.515625 165
166 283.5244140625 166
167 283.5332336425781 167
168 283.5420532226562 168
169 283.5509338378906 169
170 283.559814453125 170
171 283.5687255859375 171
172 283.57763671875 172
173 283.5866088867188 173
174 283.5955810546875 174
175 283.6045532226562 175
176 283.613525390625 176
177 283.62255859375 177
178 283.631591796875 178
179 283.640625 179
180 283.649658203125 180
181 283.65869140625 181
182 283.6677551269531 182
183 283.6768188476562 183
184 283.6859130859375 184
185 283.6949768066406 185
186 283.7040405273438 186
187 283.7131042480469 187
188 283.72216796875 188
189 283.7312316894531 189
190 283.7402954101562 190
191 283.7493896484375 191
192 283.7584228515625 192
193 283.7674560546875 193
194 283.7765197753906 194
195 283.7855224609375 195
196 283.7945556640625 196
197 283.8035583496094 197
198 283.8125305175781 198
199 283.821533203125 199
200 283.8305053710938 200
201 283.8394470214844 201
202 283.848388671875 202
203 283.8572998046875 203
204 283.8662109375 204
205 283.8750610351562 205
206 283.8839111328125 206
207 283.8927612304688 207
208 283.9015502929688 208
209 283.9103393554688 209
210 283.9190979003906 210
211 283.9278259277344 211
212 283.9365539550781 212
213 283.9451904296875 213
214 283.953857421875 214
215 283.9624938964844 215
216 283.9710693359375 216
217 283.9796447753906 217
218 283.9881591796875 218
219 283.9966430664062 219
220 284.005126953125 220
221 284.0135498046875 221
222 284.0219116210938 222
223 284.0302429199219 223
224 284.0386047363281 224
225 284.046875 225
226 284.0550842285156 226
227 284.0632934570312 227
228 284.0714416503906 228
229 284.0795593261719 229
230 284.087646484375 230
231 284.0956420898438 231
232 284.1036682128906 232
233 284.1116027832031 233
234 284.1195068359375 234
235 284.1273803710938 235
236 284.1351928710938 236
237 284.1429443359375 237
238 284.1506652832031 238
239 284.1583251953125 239
240 284.1659545898438 240
241 284.1735229492188 241
242 284.1810607910156 242
243 284.1885375976562 243
244 284.1959533691406 244
245 284.2033386230469 245
246 284.2106323242188 246
247 284.2178955078125 247
248 284.2251281738281 248
249 284.2322998046875 249
250 284.2394104003906 250
251 284.2464599609375 251
252 284.2534484863281 252
253 284.2603759765625 253
254 284.2672729492188 254
255 284.2741394042969 255
256 284.2809143066406 256
257 284.2876281738281 257
258 284.2943115234375 258
259 284.3009033203125 259
260 284.3074645996094 260
261 284.3139953613281 261
262 284.3204040527344 262
263 284.3267822265625 263
264 284.3331298828125 264
265 284.3393859863281 265
266 284.3455810546875 266
267 284.3517456054688 267
268 284.3578491210938 268
269 284.3638610839844 269
270 284.3698425292969 270
271 284.375732421875 271
272 284.3816223144531 272
273 284.3874206542969 273
274 284.3931579589844 274
275 284.3988037109375 275
276 284.4044189453125 276
277 284.4100036621094 277
278 284.4154968261719 278
279 284.4209594726562 279
280 284.4263305664062 280
281 284.431640625 281
282 284.4369201660156 282
283 284.4421081542969 283
284 284.447265625 284
285 284.4523315429688 285
286 284.4573974609375 286
287 284.4623718261719 287
288 284.4672546386719 288
289 284.4721069335938 289
290 284.4769287109375 290
291 284.4816589355469 291
292 284.4863586425781 292
293 284.490966796875 293
294 284.4955139160156 294
295 284.5 295
296 284.5044555664062 296
297 284.5088500976562 297
298 284.51318359375 298
299 284.5174560546875 299
300 284.5216674804688 300
301 284.5258178710938 301
302 284.5299072265625 302
303 284.5339660644531 303
304 284.5379638671875 304
305 284.5419006347656 305
306 284.5457763671875 306
307 284.5495910644531 307
308 284.5533752441406 308
309 284.5570983886719 309
310 284.5607604980469 310
311 284.5643920898438 311
312 284.5679626464844 312
313 284.5714721679688 313
314 284.574951171875 314
315 284.5783996582031 315
316 284.581787109375 316
317 284.5851135253906 317
318 284.5884399414062 318
319 284.5916748046875 319
320 284.5948791503906 320
321 284.5980834960938 321
322 284.6012268066406 322
323 284.6043395996094 323
324 284.6074523925781 324
325 284.6104736328125 325
326 284.6135559082031 326
327 284.6165466308594 327
328 284.6195373535156 328
329 284.6225280761719 329
330 284.62548828125 330
331 284.6284484863281 331
332 284.6313781738281 332
333 284.6343078613281 333
334 284.6372375488281 334
335 284.6401977539062 335
336 284.6430969238281 336
337 284.6460571289062 337
338 284.6490173339844 338
339 284.6519775390625 339
340 284.6549377441406 340
341 284.6579284667969 341
342 284.6609497070312 342
343 284.6640014648438 343
344 284.6670532226562 344
345 284.6701354980469 345
346 284.6732482910156 346
347 284.6763916015625 347
348 284.6795959472656 348
349 284.6828002929688 349
350 284.6860961914062 350
351 284.6893615722656 351
352 284.6927490234375 352
353 284.6961364746094 353
354 284.6996154785156 354
355 284.7030944824219 355
356 284.7066650390625 356
357 284.7102661132812 357
358 284.7139282226562 358
359 284.7176818847656 359
360 284.721435546875 360
361 284.7252807617188 361
362 284.7291870117188 362
363 284.7331848144531 363
364 284.7372131347656 364
365 284.7413330078125 365
366 284.7454833984375 366
367 284.7497253417969 367
368 284.7540283203125 368
369 284.7584228515625 369
370 284.7628784179688 370
371 284.7673950195312 371
372 284.7720031738281 372
373 284.7766723632812 373
374 284.7813720703125 374
375 284.7861938476562 375
376 284.7910766601562 376
377 284.7959899902344 377
378 284.801025390625 378
379 284.8060913085938 379
380 284.811279296875 380
381 284.8164672851562 381
382 284.82177734375 382
383 284.8271789550781 383
384 284.8326110839844 384
385 284.838134765625 385
386 284.8437194824219 386
387 284.849365234375 387
388 284.8550720214844 388
389 284.86083984375 389
390 284.86669921875 390
391 284.8726196289062 391
392 284.8786010742188 392
393 284.8846435546875 393
394 284.8907470703125 394
395 284.8969116210938 395
396 284.9031372070312 396
397 284.909423828125 397
398 284.915771484375 398
399 284.9221801757812 399
400 284.9286499023438 400
401 284.9351501464844 401
402 284.9417419433594 402
403 284.9483642578125 403
404 284.9550476074219 404
405 284.9617919921875 405
406 284.9685363769531 406
407 284.9753723144531 407
408 284.9822387695312 408
409 284.9891967773438 409
410 284.9961547851562 410
411 285.0031433105469 411
412 285.0101928710938 412
413 285.0173034667969 413
414 285.0244445800781 414
415 285.0316162109375 415
416 285.038818359375 416
417 285.0460815429688 417
418 285.0533447265625 418
419 285.0606689453125 419
420 285.0679931640625 420
421 285.0753784179688 421
422 285.0827941894531 422
423 285.0902099609375 423
424 285.0976867675781 424
425 285.1051635742188 425
426 285.1126708984375 426
427 285.1202392578125 427
428 285.1277770996094 428
429 285.1353454589844 429
430 285.1429443359375 430
431 285.1505432128906 431
432 285.158203125 432
433 285.1658325195312 433
434 285.1734619140625 434
435 285.18115234375 435
436 285.1888427734375 436
437 285.196533203125 437
438 285.2042236328125 438
439 285.2119750976562 439
440 285.2196960449219 440
441 285.2274169921875 441
442 285.235107421875 442
443 285.2428588867188 443
444 285.2505798339844 444
445 285.25830078125 445
446 285.2660522460938 446
447 285.2737731933594 447
448 285.281494140625 448
449 285.2892150878906 449
450 285.2969360351562 450
451 285.3046569824219 451
452 285.3123474121094 452
453 285.320068359375 453
454 285.3277587890625 454
455 285.3354187011719 455
456 285.3430786132812 456
457 285.3507385253906 457
458 285.3583679199219 458
459 285.365966796875 459
460 285.3735961914062 460
461 285.3811950683594 461
462 285.3887634277344 462
463 285.3963012695312 463
464 285.4038391113281 464
465 285.4113464355469 465
466 285.4188537597656 466
467 285.4263305664062 467
468 285.4337768554688 468
469 285.441162109375 469
470 285.4485778808594 470
471 285.4559326171875 471
472 285.4632873535156 472
473 285.4706115722656 473
474 285.4778747558594 474
475 285.4851379394531 475
476 285.4924011230469 476
477 285.4995727539062 477
478 285.5067443847656 478
479 285.5138549804688 479
480 285.5209350585938 480
481 285.5280151367188 481
482 285.5350341796875 482
483 285.5420227050781 483
484 285.5489807128906 484
485 285.555908203125 485
486 285.5627746582031 486
487 285.5696105957031 487
488 285.576416015625 488
489 285.5831604003906 489
490 285.5898742675781 490
491 285.5965576171875 491
492 285.6031799316406 492
493 285.6097412109375 493
494 285.6163024902344 494
495 285.622802734375 495
496 285.6292724609375 496
497 285.6356506347656 497
498 285.6420288085938 498
499 285.6483459472656 499
500 285.6546020507812 500
501 285.6608581542969 501
502 285.6669921875 502
503 285.6731262207031 503
504 285.67919921875 504
505 285.6852111816406 505
506 285.6911926269531 506
507 285.6970825195312 507
508 285.7029724121094 508
509 285.7088012695312 509
510 285.7145385742188 510
511 285.7202453613281 511
512 285.7258911132812 512
513 285.7315063476562 513
514 285.737060546875 514
515 285.7425537109375 515
516 285.7479858398438 516
517 285.7533569335938 517
518 285.7586669921875 518
519 285.763916015625 519
520 285.7691345214844 520
521 285.7742919921875 521
522 285.7793579101562 522
523 285.784423828125 523
524 285.7893981933594 524
525 285.7943115234375 525
526 285.7991638183594 526
527 285.803955078125 527
528 285.8087158203125 528
529 285.8133544921875 529
530 285.8179931640625 530
531 285.8225402832031 531
532 285.8270568847656 532
533 285.8315124511719 533
534 285.8358764648438 534
535 285.8402099609375 535
536 285.8444519042969 536
537 285.8486633300781 537
538 285.852783203125 538
539 285.8568725585938 539
540 285.8608703613281 540
541 285.8648376464844 541
542 285.8687438964844 542
543 285.87255859375 543
544 285.8763427734375 544
545 285.8800354003906 545
546 285.8836669921875 546
547 285.8872680664062 547
548 285.8908081054688 548
549 285.894287109375 549
550 285.8976745605469 550
551 285.9010620117188 551
552 285.9043579101562 552
553 285.9075622558594 553
554 285.9107360839844 554
555 285.9138488769531 555
556 285.9169311523438 556
557 285.9198913574219 557
558 285.9228210449219 558
559 285.9256896972656 559
560 285.9284973144531 560
561 285.9312438964844 561
562 285.9339599609375 562
563 285.9365844726562 563
564 285.9391784667969 564
565 285.9416809082031 565
566 285.9441223144531 566
567 285.946533203125 567
568 285.9489135742188 568
569 285.951171875 569
570 285.9534301757812 570
571 285.9555969238281 571
572 285.9577026367188 572
573 285.9597778320312 573
574 285.9617919921875 574
575 285.9637451171875 575
576 285.9656372070312 576
577 285.9674987792969 577
578 285.9692687988281 578
579 285.9710083007812 579
580 285.9727172851562 580
581 285.974365234375 581
582 285.9759521484375 582
583 285.9775085449219 583
584 285.97900390625 584
585 285.98046875 585
586 285.9818725585938 586
587 285.9832458496094 587
588 285.984619140625 588
589 285.9859008789062 589
590 285.9871520996094 590
591 285.9883728027344 591
592 285.9895629882812 592
593 285.9907531738281 593
594 285.9918823242188 594
595 285.9930114746094 595
596 285.9941101074219 596
597 285.9951782226562 597
598 285.9962463378906 598
599 285.9972839355469 599
600 285.9983215332031 600
601 285.9993591308594 601
602 286.0003967285156 602
603 286.0014038085938 603
604 286.0024108886719 604
605 286.0034484863281 605
606 286.0044555664062 606
607 286.0055236816406 607
608 286.0065612792969 608
609 286.0076293945312 609
610 286.0087280273438 610
611 286.0098266601562 611
612 286.0109558105469 612
613 286.0121154785156 613
614 286.0133056640625 614
615 286.0144958496094 615
616 286.0157775878906 616
617 286.0170593261719 617
618 286.0184020996094 618
619 286.019775390625 619
620 286.0211791992188 620
621 286.0226440429688 621
622 286.024169921875 622
623 286.0256958007812 623
624 286.02734375 624
625 286.0289916992188 625
626 286.0307312011719 626
627 286.0325012207031 627
628 286.0343627929688 628
629 286.0362548828125 629
630 286.0382385253906 630
631 286.040283203125 631
632 286.0423889160156 632
633 286.0445556640625 633
634 286.0467529296875 634
635 286.049072265625 635
636 286.0514526367188 636
637 286.0538940429688 637
638 286.056396484375 638
639 286.0589904785156 639
640 286.0616455078125 640
641 286.0643920898438 641
642 286.0671997070312 642
643 286.070068359375 643
644 286.0730285644531 644
645 286.0760498046875 645
646 286.0791320800781 646
647 286.0823059082031 647
648 286.0855407714844 648
649 286.0888671875 649
650 286.0922546386719 650
651 286.0957336425781 651
652 286.0992431640625 652
653 286.1028442382812 653
654 286.1065368652344 654
655 286.1102905273438 655
656 286.1141052246094 656
657 286.1180114746094 657
658 286.1219482421875 658
659 286.1259765625 659
660 286.1300659179688 660
661 286.1342163085938 661
662 286.1384887695312 662
663 286.1427307128906 663
664 286.1471252441406 664
665 286.1515197753906 665
666 286.156005859375 666
667 286.1605529785156 667
668 286.1651306152344 668
669 286.1697998046875 669
670 286.1745300292969 670
671 286.1792602539062 671
672 286.1841125488281 672
673 286.1889953613281 673
674 286.1939392089844 674
675 286.1989440917969 675
676 286.2039794921875 676
677 286.2090454101562 677
678 286.2142028808594 678
679 286.2193603515625 679
680 286.224609375 680
681 286.2298889160156 681
682 286.2351989746094 682
683 286.2405700683594 683
684 286.2460021972656 684
685 286.2514038085938 685
686 286.2568969726562 686
687 286.2624206542969 687
688 286.2679748535156 688
689 286.2735595703125 689
690 286.2792053222656 690
691 286.2848205566406 691
692 286.2904968261719 692
693 286.2962036132812 693
694 286.3019409179688 694
695 286.3077392578125 695
696 286.3135375976562 696
697 286.3193359375 697
698 286.3251647949219 698
699 286.3310241699219 699
700 286.3369140625 700
701 286.3428039550781 701
702 286.3487243652344 702
703 286.3546752929688 703
704 286.3606262207031 704
705 286.3665771484375 705
706 286.37255859375 706
707 286.3785400390625 707
708 286.384521484375 708
709 286.3905334472656 709
710 286.3965454101562 710
711 286.4025573730469 711
712 286.4085693359375 712
713 286.4146118164062 713
714 286.420654296875 714
715 286.4266662597656 715
716 286.4327392578125 716
717 286.438720703125 717
718 286.4447937011719 718
719 286.4508056640625 719
720 286.4568481445312 720
721 286.4628601074219 721
722 286.4688720703125 722
723 286.4748840332031 723
724 286.4808654785156 724
725 286.4868774414062 725
726 286.4928588867188 726
727 286.498779296875 727
728 286.5047607421875 728
729 286.5107116699219 729
730 286.5166015625 730
731 286.5225219726562 731
732 286.5284423828125 732
733 286.5343017578125 733
734 286.5401611328125 734
735 286.5460205078125 735
736 286.5518188476562 736
737 286.5576477050781 737
738 286.5633850097656 738
739 286.5691528320312 739
740 286.5748901367188 740
741 286.5805969238281 741
742 286.5862731933594 742
743 286.5919189453125 743
744 286.5975341796875 744
745 286.6031494140625 745
746 286.6087036132812 746
747 286.6142578125 747
748 286.6197509765625 748
749 286.625244140625 749
750 286.6306762695312 750
751 286.6361083984375 751
752 286.6414794921875 752
753 286.6468200683594 753
754 286.652099609375 754
755 286.6573791503906 755
756 286.6626281738281 756
757 286.6678161621094 757
758 286.6730041503906 758
759 286.6781005859375 759
760 286.6831970214844 760
761 286.688232421875 761
762 286.6932373046875 762
763 286.6981811523438 763
764 286.703125 764
765 286.7079772949219 765
766 286.7128295898438 766
767 286.7175903320312 767
768 286.7223205566406 768
769 286.72705078125 769
770 286.731689453125 770
771 286.7362976074219 771
772 286.7408447265625 772
773 286.745361328125 773
774 286.7498168945312 774
775 286.7542419433594 775
776 286.7586059570312 776
777 286.762939453125 777
778 286.7671813964844 778
779 286.7713928222656 779
780 286.7755737304688 780
781 286.7796630859375 781
782 286.78369140625 782
783 286.7877197265625 783
784 286.7916870117188 784
785 286.7955932617188 785
786 286.7994384765625 786
787 286.80322265625 787
788 286.8069458007812 788
789 286.8106384277344 789
790 286.8142700195312 790
791 286.8178100585938 791
792 286.8213195800781 792
793 286.8248291015625 793
794 286.8282165527344 794
795 286.8315734863281 795
796 286.8348388671875 796
797 286.8380737304688 797
798 286.8412475585938 798
799 286.8443908691406 799
800 286.8474426269531 800
801 286.8504638671875 801
802 286.8533935546875 802
803 286.8562622070312 803
804 286.8591003417969 804
805 286.8618774414062 805
806 286.8645629882812 806
807 286.8672485351562 807
808 286.8698425292969 808
809 286.8723754882812 809
810 286.8748474121094 810
811 286.8772888183594 811
812 286.879638671875 812
813 286.8819274902344 813
814 286.8841857910156 814
815 286.8863525390625 815
816 286.8884887695312 816
817 286.8905639648438 817
818 286.892578125 818
819 286.8945617675781 819
820 286.8964233398438 820
821 286.8982543945312 821
822 286.9000549316406 822
823 286.9017944335938 823
824 286.9034423828125 824
825 286.9050598144531 825
826 286.9066162109375 826
827 286.9080810546875 827
828 286.9095153808594 828
829 286.9109191894531 829
830 286.9122314453125 830
831 286.9135131835938 831
832 286.9147033691406 832
833 286.9158630371094 833
834 286.9169616699219 834
835 286.9179992675781 835
836 286.9190063476562 836
837 286.919921875 837
838 286.9207763671875 838
839 286.921630859375 839
840 286.9223937988281 840
841 286.923095703125 841
842 286.9237670898438 842
843 286.9243774414062 843
844 286.9249267578125 844
845 286.9254150390625 845
846 286.9258728027344 846
847 286.92626953125 847
848 286.9266357421875 848
849 286.9269409179688 849
850 286.9271850585938 850
851 286.9274291992188 851
852 286.9275817871094 852
853 286.9277038574219 853
854 286.9277954101562 854
855 286.9277954101562 855
856 286.9278259277344 856
857 286.9277954101562 857
858 286.9277038574219 858
859 286.9275817871094 859
860 286.9274597167969 860
861 286.9273071289062 861
862 286.9271240234375 862
863 286.9269104003906 863
864 286.9266662597656 864
865 286.9264221191406 865
866 286.9261474609375 866
867 286.9258422851562 867
868 286.925537109375 868
869 286.9252319335938 869
870 286.9249267578125 870
871 286.9245910644531 871
872 286.9242553710938 872
873 286.9239807128906 873
874 286.9236450195312 874
875 286.92333984375 875
876 286.9230651855469 876
877 286.9227905273438 877
878 286.9225463867188 878
879 286.9223022460938 879
880 286.9220886230469 880
881 286.921875 881
882 286.9217224121094 882
883 286.9216003417969 883
884 286.9215087890625 884
885 286.9214477539062 885
886 286.9214172363281 886
887 286.9214477539062 887
888 286.9215087890625 888
889 286.921630859375 889
890 286.9218139648438 890
891 286.9219970703125 891
892 286.9223022460938 892
893 286.922607421875 893
894 286.9229736328125 894
895 286.9234313964844 895
896 286.9239501953125 896
897 286.9244995117188 897
898 286.9251403808594 898
899 286.9258117675781 899
900 286.9265747070312 900
901 286.9273986816406 901
902 286.9282836914062 902
903 286.9292602539062 903
904 286.9302978515625 904
905 286.931396484375 905
906 286.9325561523438 906
907 286.933837890625 907
908 286.9351501464844 908
909 286.9365234375 909
910 286.93798828125 910
911 286.9395751953125 911
912 286.9411926269531 912
913 286.9429016113281 913
914 286.9446411132812 914
915 286.9465026855469 915
916 286.9484558105469 916
917 286.950439453125 917
918 286.9525146484375 918
919 286.9546813964844 919
920 286.9568786621094 920
921 286.959228515625 921
922 286.9615783691406 922
923 286.9640502929688 923
924 286.966552734375 924
925 286.9691467285156 925
926 286.9718017578125 926
927 286.9745483398438 927
928 286.9773559570312 928
929 286.9802551269531 929
930 286.9831848144531 930
931 286.9861755371094 931
932 286.9892883300781 932
933 286.9924011230469 933
934 286.9956359863281 934
935 286.9989013671875 935
936 287.0022583007812 936
937 287.0056457519531 937
938 287.0091247558594 938
939 287.0126342773438 939
940 287.0162048339844 940
941 287.0198364257812 941
942 287.0235595703125 942
943 287.0273132324219 943
944 287.0311279296875 944
945 287.0349426269531 945
946 287.0388793945312 946
947 287.0428466796875 947
948 287.0468444824219 948
949 287.0509033203125 949
950 287.0549926757812 950
951 287.0591430664062 951
952 287.0633544921875 952
953 287.0675659179688 953
954 287.0718383789062 954
955 287.076171875 955
956 287.0805053710938 956
957 287.0849304199219 957
958 287.08935546875 958
959 287.0938110351562 959
960 287.0983276367188 960
961 287.1028442382812 961
962 287.107421875 962
963 287.1119995117188 963
964 287.1166076660156 964
965 287.1212768554688 965
966 287.1259460449219 966
967 287.1306457519531 967
968 287.1353759765625 968
969 287.14013671875 969
970 287.1448669433594 970
971 287.149658203125 971
972 287.1544799804688 972
973 287.1592712402344 973
974 287.1641235351562 974
975 287.1689453125 975
976 287.173828125 976
977 287.1787109375 977
978 287.18359375 978
979 287.1884765625 979
980 287.1933898925781 980
981 287.1983032226562 981
982 287.2032470703125 982
983 287.2081298828125 983
984 287.2130737304688 984
985 287.218017578125 985
986 287.222900390625 986
987 287.2278442382812 987
988 287.2327880859375 988
989 287.2377014160156 989
990 287.2426147460938 990
991 287.24755859375 991
992 287.2524719238281 992
993 287.2573852539062 993
994 287.2622680664062 994
995 287.2671508789062 995
996 287.2720642089844 996
997 287.2769165039062 997
998 287.2817687988281 998
999 287.28662109375 999
1000 287.2914428710938 1000
1001 287.2962646484375 1001
1002 287.3010864257812 1002
1003 287.3058471679688 1003
1004 287.3106384277344 1004
1005 287.3153686523438 1005
1006 287.3201293945312 1006
1007 287.3248291015625 1007
1008 287.3295288085938 1008
1009 287.3341674804688 1009
1010 287.3388366699219 1010
1011 287.3434448242188 1011
1012 287.3480529785156 1012
1013 287.3526000976562 1013
1014 287.357177734375 1014
1015 287.3616943359375 1015
1016 287.3661499023438 1016
1017 287.3706359863281 1017
1018 287.3750610351562 1018
1019 287.3794555664062 1019
1020 287.3838500976562 1020
1021 287.3881530761719 1021
1022 287.3924560546875 1022
1023 287.396728515625 1023
1024 287.4009704589844 1024
1025 287.4051513671875 1025
1026 287.4093322753906 1026
1027 287.4134521484375 1027
1028 287.4175415039062 1028
1029 287.421630859375 1029
1030 287.4256286621094 1030
1031 287.4295959472656 1031
1032 287.4335327148438 1032
1033 287.4374389648438 1033
1034 287.4412841796875 1034
1035 287.4450988769531 1035
1036 287.4488830566406 1036
1037 287.4525756835938 1037
1038 287.4562683105469 1038
1039 287.4598999023438 1039
1040 287.4635009765625 1040
1041 287.467041015625 1041
1042 287.4705505371094 1042
1043 287.4739990234375 1043
1044 287.4774169921875 1044
1045 287.4807739257812 1045
1046 287.4841003417969 1046
1047 287.4873657226562 1047
1048 287.4905700683594 1048
1049 287.4937438964844 1049
1050 287.4968566894531 1050
1051 287.4999389648438 1051
1052 287.5029296875 1052
1053 287.5059204101562 1053
1054 287.5088195800781 1054
1055 287.5116577148438 1055
1056 287.5144653320312 1056
1057 287.5172424316406 1057
1058 287.5199279785156 1058
1059 287.5225830078125 1059
1060 287.5251770019531 1060
1061 287.5277099609375 1061
1062 287.5301818847656 1062
1063 287.5326538085938 1063
1064 287.5350036621094 1064
1065 287.5373229980469 1065
1066 287.5396118164062 1066
1067 287.5418090820312 1067
1068 287.5439453125 1068
1069 287.5460510253906 1069
1070 287.5480651855469 1070
1071 287.5500793457031 1071
1072 287.552001953125 1072
1073 287.5538940429688 1073
1074 287.5556945800781 1074
1075 287.5574340820312 1075
1076 287.5591430664062 1076
1077 287.560791015625 1077
1078 287.5623779296875 1078
1079 287.5638732910156 1079
1080 287.5653686523438 1080
1081 287.5667724609375 1081
1082 287.568115234375 1082
1083 287.5694580078125 1083
1084 287.5706787109375 1084
1085 287.5718688964844 1085
1086 287.572998046875 1086
1087 287.5740966796875 1087
1088 287.5751037597656 1088
1089 287.5760498046875 1089
1090 287.5769653320312 1090
1091 287.5777893066406 1091
1092 287.57861328125 1092
1093 287.5793151855469 1093
1094 287.5800170898438 1094
1095 287.5806274414062 1095
1096 287.5812377929688 1096
1097 287.5817565917969 1097
1098 287.5821838378906 1098
1099 287.5825805664062 1099
1100 287.5829467773438 1100
1101 287.5832214355469 1101
1102 287.5834655761719 1102
1103 287.5836791992188 1103
1104 287.5838012695312 1104
1105 287.5838623046875 1105
1106 287.5838928222656 1106
1107 287.5838623046875 1107
1108 287.583740234375 1108
1109 287.5836181640625 1109
1110 287.5834350585938 1110
1111 287.5831909179688 1111
1112 287.5828857421875 1112
1113 287.5825500488281 1113
1114 287.5821228027344 1114
1115 287.5816955566406 1115
1116 287.5811767578125 1116
1117 287.5806579589844 1117
1118 287.580078125 1118
1119 287.5794067382812 1119
1120 287.5787353515625 1120
1121 287.5780334472656 1121
1122 287.5772399902344 1122
1123 287.5764465332031 1123
1124 287.5755920410156 1124
1125 287.5747375488281 1125
1126 287.5738220214844 1126
1127 287.5728454589844 1127
1128 287.5718688964844 1128
1129 287.5708618164062 1129
1130 287.5697937011719 1130
1131 287.5687255859375 1131
1132 287.5676574707031 1132
1133 287.5665283203125 1133
1134 287.5654296875 1134
1135 287.5642700195312 1135
1136 287.5631103515625 1136
1137 287.5619201660156 1137
1138 287.560791015625 1138
1139 287.5596008300781 1139
1140 287.5583801269531 1140
1141 287.5572204589844 1141
1142 287.5560302734375 1142
1143 287.5548706054688 1143
1144 287.5537109375 1144
1145 287.5525512695312 1145
1146 287.5514526367188 1146
1147 287.5503234863281 1147
1148 287.5492248535156 1148
1149 287.5481567382812 1149
1150 287.547119140625 1150
1151 287.5461120605469 1151
1152 287.5451354980469 1152
1153 287.5442199707031 1153
1154 287.5433044433594 1154
1155 287.5424499511719 1155
1156 287.5416259765625 1156
1157 287.5408630371094 1157
1158 287.5401000976562 1158
1159 287.5394592285156 1159
1160 287.5388488769531 1160
1161 287.5382690429688 1161
1162 287.5377502441406 1162
1163 287.5372924804688 1163
1164 287.5368957519531 1164
1165 287.5365600585938 1165
1166 287.5363159179688 1166
1167 287.5361022949219 1167
1168 287.5359497070312 1168
1169 287.535888671875 1169
1170 287.535888671875 1170
1171 287.5359802246094 1171
1172 287.5361328125 1172
1173 287.5363464355469 1173
1174 287.53662109375 1174
1175 287.5369873046875 1175
1176 287.5374145507812 1176
1177 287.5379638671875 1177
1178 287.5385131835938 1178
1179 287.5391845703125 1179
1180 287.5399169921875 1180
1181 287.540771484375 1181
1182 287.5416564941406 1182
1183 287.5426330566406 1183
1184 287.5436706542969 1184
1185 287.5447998046875 1185
1186 287.5460205078125 1186
1187 287.5472717285156 1187
1188 287.5486145019531 1188
1189 287.550048828125 1189
1190 287.5515747070312 1190
1191 287.5531616210938 1191
1192 287.5548095703125 1192
1193 287.5565490722656 1193
1194 287.558349609375 1194
1195 287.5602111816406 1195
1196 287.5621643066406 1196
1197 287.5641784667969 1197
1198 287.5662536621094 1198
1199 287.5684509277344 1199
1200 287.5706787109375 1200
1201 287.572998046875 1201
1202 287.5753173828125 1202
1203 287.5777587890625 1203
1204 287.5802612304688 1204
1205 287.5828552246094 1205
1206 287.58544921875 1206
1207 287.5881652832031 1207
1208 287.5909118652344 1208
1209 287.5936889648438 1209
1210 287.5965881347656 1210
1211 287.5994873046875 1211
1212 287.6024780273438 1212
1213 287.6055297851562 1213
1214 287.608642578125 1214
1215 287.6117858886719 1215
1216 287.6149597167969 1216
1217 287.6182250976562 1217
1218 287.6215209960938 1218
1219 287.6248779296875 1219
1220 287.6282653808594 1220
1221 287.6317138671875 1221
1222 287.6351928710938 1222
1223 287.6387329101562 1223
1224 287.6422729492188 1224
1225 287.6458740234375 1225
1226 287.6495056152344 1226
1227 287.6532287597656 1227
1228 287.6569213867188 1228
1229 287.6606750488281 1229
1230 287.6644897460938 1230
1231 287.6683044433594 1231
1232 287.6721496582031 1232
1233 287.676025390625 1233
1234 287.679931640625 1234
1235 287.6838684082031 1235
1236 287.6878356933594 1236
1237 287.6918029785156 1237
1238 287.6958312988281 1238
1239 287.6998901367188 1239
1240 287.7039489746094 1240
1241 287.7080078125 1241
1242 287.7120666503906 1242
1243 287.7161865234375 1243
1244 287.7203369140625 1244
1245 287.7244567871094 1245
1246 287.7286071777344 1246
1247 287.7327575683594 1247
1248 287.7369384765625 1248
1249 287.7411499023438 1249
1250 287.7453308105469 1250
1251 287.74951171875 1251
1252 287.7537231445312 1252
1253 287.7579345703125 1253
1254 287.7621459960938 1254
1255 287.766357421875 1255
1256 287.7705993652344 1256
1257 287.7747802734375 1257
1258 287.7789916992188 1258
1259 287.783203125 1259
1260 287.7874450683594 1260
1261 287.7916259765625 1261
1262 287.7958374023438 1262
1263 287.800048828125 1263
1264 287.80419921875 1264
1265 287.8084106445312 1265
1266 287.8125915527344 1266
1267 287.8167419433594 1267
1268 287.8208923339844 1268
1269 287.8250122070312 1269
1270 287.8291625976562 1270
1271 287.833251953125 1271
1272 287.8373413085938 1272
1273 287.8414306640625 1273
1274 287.845458984375 1274
1275 287.8495178222656 1275
1276 287.853515625 1276
1277 287.8575134277344 1277
1278 287.8615112304688 1278
1279 287.865478515625 1279
1280 287.869384765625 1280
1281 287.8733215332031 1281
1282 287.877197265625 1282
1283 287.8810424804688 1283
1284 287.8848876953125 1284
1285 287.8887023925781 1285
1286 287.8924865722656 1286
1287 287.896240234375 1287
1288 287.8999328613281 1288
1289 287.9036254882812 1289
1290 287.9073181152344 1290
1291 287.9109497070312 1291
1292 287.9145202636719 1292
1293 287.9180908203125 1293
1294 287.921630859375 1294
1295 287.9251098632812 1295
1296 287.9285888671875 1296
1297 287.9319763183594 1297
1298 287.9353637695312 1298
1299 287.938720703125 1299
1300 287.9420471191406 1300
1301 287.9453125 1301
1302 287.9485473632812 1302
1303 287.9517211914062 1303
1304 287.9548645019531 1304
1305 287.9580078125 1305
1306 287.9610595703125 1306
1307 287.9640808105469 1307
1308 287.967041015625 1308
1309 287.9700012207031 1309
1310 287.972900390625 1310
1311 287.9757080078125 1311
1312 287.978515625 1312
1313 287.9812927246094 1313
1314 287.9840087890625 1314
1315 287.9866638183594 1315
1316 287.9892578125 1316
1317 287.9918518066406 1317
1318 287.9943542480469 1318
1319 287.996826171875 1319
1320 287.999267578125 1320
1321 288.0015869140625 1321
1322 288.0039367675781 1322
1323 288.0061950683594 1323
1324 288.0084228515625 1324
1325 288.0105895996094 1325
1326 288.0126953125 1326
1327 288.0147705078125 1327
1328 288.0167541503906 1328
1329 288.0187072753906 1329
1330 288.0206298828125 1330
1331 288.0224609375 1331
1332 288.0242614746094 1332
1333 288.0260009765625 1333
1334 288.0277099609375 1334
1335 288.029296875 1335
1336 288.0308837890625 1336
1337 288.0324096679688 1337
1338 288.0338745117188 1338
1339 288.0352783203125 1339
1340 288.0366516113281 1340
1341 288.0379638671875 1341
1342 288.0391845703125 1342
1343 288.0404052734375 1343
1344 288.04150390625 1344
1345 288.0426025390625 1345
1346 288.0436096191406 1346
1347 288.0445556640625 1347
1348 288.0454711914062 1348
1349 288.0463256835938 1349
1350 288.047119140625 1350
1351 288.0478820800781 1351
1352 288.0485534667969 1352
1353 288.0491943359375 1353
1354 288.0497436523438 1354
1355 288.05029296875 1355
1356 288.0507202148438 1356
1357 288.0511474609375 1357
1358 288.0514831542969 1358
1359 288.0517883300781 1359
1360 288.052001953125 1360
1361 288.0521850585938 1361
1362 288.0523376464844 1362
1363 288.0523986816406 1363
1364 288.0524291992188 1364
1365 288.0523681640625 1365
1366 288.0523071289062 1366
1367 288.0521240234375 1367
1368 288.0519409179688 1368
1369 288.0516967773438 1369
1370 288.0513610839844 1370
1371 288.051025390625 1371
1372 288.0505981445312 1372
1373 288.0501098632812 1373
1374 288.0495910644531 1374
1375 288.0490417480469 1375
1376 288.0484008789062 1376
1377 288.0476989746094 1377
1378 288.0469665527344 1378
1379 288.0461730957031 1379
1380 288.0453491210938 1380
1381 288.04443359375 1381
1382 288.0435180664062 1382
1383 288.0425415039062 1383
1384 288.04150390625 1384
1385 288.0404052734375 1385
1386 288.039306640625 1386
1387 288.0380859375 1387
1388 288.036865234375 1388
1389 288.0356140136719 1389
1390 288.0343017578125 1390
1391 288.032958984375 1391
1392 288.0315551757812 1392
1393 288.0301208496094 1393
1394 288.0286560058594 1394
1395 288.0271606445312 1395
1396 288.025634765625 1396
1397 288.0240478515625 1397
1398 288.0224609375 1398
1399 288.0208435058594 1399
1400 288.0192260742188 1400
1401 288.0175170898438 1401
1402 288.0158386230469 1402
1403 288.01416015625 1403
1404 288.0124206542969 1404
1405 288.0106811523438 1405
1406 288.0089416503906 1406
1407 288.0072021484375 1407
1408 288.0054321289062 1408
1409 288.0036926269531 1409
1410 288.001953125 1410
1411 288.0002136230469 1411
1412 287.9984741210938 1412
1413 287.9967651367188 1413
1414 287.9950256347656 1414
1415 287.9933166503906 1415
1416 287.9916687011719 1416
1417 287.989990234375 1417
1418 287.9883728027344 1418
1419 287.9867858886719 1419
1420 287.9851989746094 1420
1421 287.9836730957031 1421
1422 287.982177734375 1422
1423 287.980712890625 1423
1424 287.9792785644531 1424
1425 287.9779052734375 1425
1426 287.9765930175781 1426
1427 287.9753112792969 1427
1428 287.9740905761719 1428
1429 287.972900390625 1429
1430 287.9717712402344 1430
1431 287.9707336425781 1431
1432 287.9697265625 1432
1433 287.96875 1433
1434 287.9678955078125 1434
1435 287.9670715332031 1435
1436 287.96630859375 1436
1437 287.9656677246094 1437
1438 287.9650268554688 1438
1439 287.9645080566406 1439
1440 287.9640197753906 1440
1441 287.963623046875 1441
1442 287.9633178710938 1442
1443 287.9630432128906 1443
1444 287.9628601074219 1444
1445 287.9627685546875 1445
1446 287.9627380371094 1446
1447 287.9627685546875 1447
1448 287.9629211425781 1448
1449 287.963134765625 1449
1450 287.9634094238281 1450
1451 287.9637451171875 1451
1452 287.9642028808594 1452
1453 287.9647216796875 1453
1454 287.9653015136719 1454
1455 287.9660034179688 1455
1456 287.9667358398438 1456
1457 287.9675598144531 1457
1458 287.9684753417969 1458
1459 287.9694519042969 1459
1460 287.9705200195312 1460
1461 287.9716186523438 1461
1462 287.9728393554688 1462
1463 287.97412109375 1463
1464 287.9754943847656 1464
1465 287.9768981933594 1465
1466 287.9783935546875 1466
1467 287.97998046875 1467
1468 287.9816284179688 1468
1469 287.9833374023438 1469
1470 287.985107421875 1470
1471 287.9869689941406 1471
1472 287.9888916015625 1472
1473 287.9908752441406 1473
1474 287.992919921875 1474
1475 287.9950561523438 1475
1476 287.9972229003906 1476
1477 287.9994506835938 1477
1478 288.0017395019531 1478
1479 288.0040893554688 1479
1480 288.0065307617188 1480
1481 288.0090026855469 1481
1482 288.0115356445312 1482
1483 288.0141296386719 1483
1484 288.0167846679688 1484
1485 288.0194702148438 1485
1486 288.022216796875 1486
1487 288.0250244140625 1487
1488 288.02783203125 1488
1489 288.03076171875 1489
1490 288.03369140625 1490
1491 288.0366821289062 1491
1492 288.0396728515625 1492
1493 288.0427551269531 1493
1494 288.0458984375 1494
1495 288.0490112304688 1495
1496 288.0521850585938 1496
1497 288.055419921875 1497
1498 288.0586853027344 1498
1499 288.0619812011719 1499
1500 288.0653076171875 1500
1501 288.0686645507812 1501
1502 288.0720520019531 1502
1503 288.0755004882812 1503
1504 288.0789184570312 1504
1505 288.0823974609375 1505
1506 288.0859069824219 1506
1507 288.0894165039062 1507
1508 288.0929565429688 1508
1509 288.0965576171875 1509
1510 288.1001281738281 1510
1511 288.1037292480469 1511
1512 288.1073608398438 1512
1513 288.1109924316406 1513
1514 288.1146545410156 1514
1515 288.1183166503906 1515
1516 288.1220092773438 1516
1517 288.1257019042969 1517
1518 288.12939453125 1518
1519 288.1331176757812 1519
1520 288.1368408203125 1520
1521 288.1405639648438 1521
1522 288.144287109375 1522
1523 288.1480407714844 1523
1524 288.1517944335938 1524
1525 288.155517578125 1525
1526 288.1592712402344 1526
1527 288.1630249023438 1527
1528 288.166748046875 1528
1529 288.1705017089844 1529
1530 288.1741943359375 1530
1531 288.177978515625 1531
1532 288.1816711425781 1532
1533 288.1854248046875 1533
1534 288.1891174316406 1534
1535 288.1928100585938 1535
1536 288.1965026855469 1536
1537 288.2001647949219 1537
1538 288.203857421875 1538
1539 288.20751953125 1539
1540 288.211181640625 1540
1541 288.2147827148438 1541
1542 288.2183837890625 1542
1543 288.2220153808594 1543
1544 288.2255859375 1544
1545 288.2291564941406 1545
1546 288.232666015625 1546
1547 288.2362060546875 1547
1548 288.2396850585938 1548
1549 288.2431640625 1549
1550 288.2466430664062 1550
1551 288.2500610351562 1551
1552 288.2534790039062 1552
1553 288.2568359375 1553
1554 288.2601928710938 1554
1555 288.2635192871094 1555
1556 288.2668151855469 1556
1557 288.2701110839844 1557
1558 288.2733154296875 1558
1559 288.2765502929688 1559
1560 288.2797241210938 1560
1561 288.2828369140625 1561
1562 288.2859497070312 1562
1563 288.2890625 1563
1564 288.2920837402344 1564
1565 288.2951049804688 1565
1566 288.298095703125 1566
1567 288.301025390625 1567
1568 288.3039245605469 1568
1569 288.3067626953125 1569
1570 288.3096008300781 1570
1571 288.3123779296875 1571
1572 288.3151550292969 1572
1573 288.31787109375 1573
1574 288.3204956054688 1574
1575 288.3231201171875 1575
1576 288.3257141113281 1576
1577 288.3282470703125 1577
1578 288.3307495117188 1578
1579 288.3332214355469 1579
1580 288.3356323242188 1580
1581 288.3379821777344 1581
1582 288.3403015136719 1582
1583 288.3425903320312 1583
1584 288.3448181152344 1584
1585 288.3469848632812 1585
1586 288.34912109375 1586
1587 288.3511962890625 1587
1588 288.3532409667969 1588
1589 288.355224609375 1589
1590 288.357177734375 1590
1591 288.3590087890625 1591
1592 288.3608703613281 1592
1593 288.3626708984375 1593
1594 288.3643798828125 1594
1595 288.3660888671875 1595
1596 288.3677368164062 1596
1597 288.3692932128906 1597
1598 288.3707885742188 1598
1599 288.3722839355469 1599
1600 288.3737182617188 1600
1601 288.3750610351562 1601
1602 288.3763732910156 1602
1603 288.3776550292969 1603
1604 288.3788757324219 1604
1605 288.3800048828125 1605
1606 288.381103515625 1606
1607 288.3821411132812 1607
1608 288.3831176757812 1608
1609 288.3840637207031 1609
1610 288.3849487304688 1610
1611 288.3857727050781 1611
1612 288.3865356445312 1612
1613 288.3872680664062 1613
1614 288.3879089355469 1614
1615 288.3884887695312 1615
1616 288.3890380859375 1616
1617 288.3895263671875 1617
1618 288.3899841308594 1618
1619 288.3903503417969 1619
1620 288.3906860351562 1620
1621 288.3909606933594 1621
1622 288.3911437988281 1622
1623 288.3912963867188 1623
1624 288.3914184570312 1624
1625 288.3914489746094 1625
1626 288.3914489746094 1626
1627 288.3913879394531 1627
1628 288.3912353515625 1628
1629 288.39111328125 1629
1630 288.390869140625 1630
1631 288.3905639648438 1631
1632 288.3902587890625 1632
1633 288.3898315429688 1633
1634 288.389404296875 1634
1635 288.388916015625 1635
1636 288.3883361816406 1636
1637 288.3877563476562 1637
1638 288.3870544433594 1638
1639 288.3863525390625 1639
1640 288.3855895996094 1640
1641 288.384765625 1641
1642 288.3838806152344 1642
1643 288.3829650878906 1643
1644 288.3819580078125 1644
1645 288.3809509277344 1645
1646 288.3798217773438 1646
1647 288.3787231445312 1647
1648 288.3775329589844 1648
1649 288.3762817382812 1649
1650 288.375 1650
1651 288.3736572265625 1651
1652 288.3722534179688 1652
1653 288.3708190917969 1653
1654 288.3693237304688 1654
1655 288.3677978515625 1655
1656 288.3662109375 1656
1657 288.3646240234375 1657
1658 288.3629455566406 1658
1659 288.3612365722656 1659
1660 288.3594665527344 1660
1661 288.3576965332031 1661
1662 288.3558654785156 1662
1663 288.35400390625 1663
1664 288.3521118164062 1664
1665 288.3501892089844 1665
1666 288.3482055664062 1666
1667 288.3462524414062 1667
1668 288.34423828125 1668
1669 288.3421936035156 1669
1670 288.3401184082031 1670
1671 288.3380737304688 1671
1672 288.3359375 1672
1673 288.3338317871094 1673
1674 288.3317260742188 1674
1675 288.32958984375 1675
1676 288.3274536132812 1676
1677 288.3253173828125 1677
1678 288.3231811523438 1678
1679 288.321044921875 1679
1680 288.3189086914062 1680
1681 288.3167724609375 1681
1682 288.3146667480469 1682
1683 288.3125610351562 1683
1684 288.3104858398438 1684
1685 288.3084411621094 1685
1686 288.306396484375 1686
1687 288.3043823242188 1687
1688 288.3023986816406 1688
1689 288.3004455566406 1689
1690 288.2985229492188 1690
1691 288.2966613769531 1691
1692 288.2947998046875 1692
1693 288.2929992675781 1693
1694 288.291259765625 1694
1695 288.28955078125 1695
1696 288.2878723144531 1696
1697 288.2862854003906 1697
1698 288.2847290039062 1698
1699 288.2832336425781 1699
1700 288.2817993164062 1700
1701 288.2804260253906 1701
1702 288.2791137695312 1702
1703 288.2778625488281 1703
1704 288.2766723632812 1704
1705 288.2755432128906 1705
1706 288.2744750976562 1706
1707 288.2735290527344 1707
1708 288.2725830078125 1708
1709 288.2717590332031 1709
1710 288.2709655761719 1710
1711 288.2702941894531 1711
1712 288.2696838378906 1712
1713 288.2691345214844 1713
1714 288.2686462402344 1714
1715 288.2682495117188 1715
1716 288.2679443359375 1716
1717 288.2677001953125 1717
1718 288.2675476074219 1718
1719 288.2674560546875 1719
1720 288.2674560546875 1720
1721 288.2675170898438 1721
1722 288.2677001953125 1722
1723 288.2679443359375 1723
1724 288.2682189941406 1724
1725 288.2686157226562 1725
1726 288.2691040039062 1726
1727 288.2696228027344 1727
1728 288.270263671875 1728
1729 288.2709350585938 1729
1730 288.271728515625 1730
1731 288.2725524902344 1731
1732 288.2734985351562 1732
1733 288.2745056152344 1733
1734 288.2755737304688 1734
1735 288.2767028808594 1735
1736 288.2779235839844 1736
1737 288.2792358398438 1737
1738 288.2805480957031 1738
1739 288.2820129394531 1739
1740 288.2835083007812 1740
1741 288.2850646972656 1741
1742 288.2867126464844 1742
1743 288.2883911132812 1743
1744 288.2901611328125 1744
1745 288.2919921875 1745
1746 288.2938842773438 1746
1747 288.2958374023438 1747
1748 288.2978515625 1748
1749 288.2998962402344 1749
1750 288.3020629882812 1750
1751 288.3042297363281 1751
1752 288.3064880371094 1752
1753 288.3087768554688 1753
1754 288.3111267089844 1754
1755 288.3135375976562 1755
1756 288.3159790039062 1756
1757 288.3184814453125 1757
1758 288.321044921875 1758
1759 288.3236083984375 1759
1760 288.3262634277344 1760
1761 288.3289489746094 1761
1762 288.3316955566406 1762
1763 288.33447265625 1763
1764 288.3372802734375 1764
1765 288.340087890625 1765
1766 288.343017578125 1766
1767 288.3459167480469 1767
1768 288.348876953125 1768
1769 288.3518676757812 1769
1770 288.3549194335938 1770
1771 288.3579406738281 1771
1772 288.3610229492188 1772
1773 288.3641662597656 1773
1774 288.3672790527344 1774
1775 288.3704528808594 1775
1776 288.3736572265625 1776
1777 288.3768615722656 1777
1778 288.3800964355469 1778
1779 288.3833618164062 1779
1780 288.3866271972656 1780
1781 288.3899230957031 1781
1782 288.3932189941406 1782
1783 288.3965454101562 1783
1784 288.39990234375 1784
1785 288.4032592773438 1785
1786 288.4066162109375 1786
1787 288.4100036621094 1787
1788 288.4133911132812 1788
1789 288.4167785644531 1789
1790 288.4201965332031 1790
1791 288.4236145019531 1791
1792 288.427001953125 1792
1793 288.430419921875 1793
1794 288.433837890625 1794
1795 288.437255859375 1795
1796 288.440673828125 1796
1797 288.444091796875 1797
1798 288.447509765625 1798
1799 288.450927734375 1799
1800 288.454345703125 1800
1801 288.4577331542969 1801
1802 288.4611206054688 1802
1803 288.4645385742188 1803
1804 288.4679260253906 1804
1805 288.4712829589844 1805
1806 288.4746704101562 1806
1807 288.4779968261719 1807
1808 288.4813232421875 1808
1809 288.4846801757812 1809
1810 288.4879760742188 1810
1811 288.4912719726562 1811
1812 288.4945373535156 1812
1813 288.497802734375 1813
1814 288.5010681152344 1814
1815 288.5043029785156 1815
1816 288.5075073242188 1816
1817 288.5106811523438 1817
1818 288.5138549804688 1818
1819 288.5169677734375 1819
1820 288.5201110839844 1820
1821 288.523193359375 1821
1822 288.5262451171875 1822
1823 288.529296875 1823
1824 288.5322875976562 1824
1825 288.5352783203125 1825
1826 288.5382690429688 1826
1827 288.5411987304688 1827
1828 288.5440673828125 1828
1829 288.5469665527344 1829
1830 288.5497741699219 1830
1831 288.5526123046875 1831
1832 288.5553588867188 1832
1833 288.55810546875 1833
1834 288.5608215332031 1834
1835 288.5634765625 1835
1836 288.5661010742188 1836
1837 288.5686950683594 1837
1838 288.5712890625 1838
1839 288.5737915039062 1839
1840 288.5762634277344 1840
1841 288.5787048339844 1841
1842 288.5811157226562 1842
1843 288.58349609375 1843
1844 288.5858154296875 1844
1845 288.5880737304688 1845
1846 288.5903015136719 1846
1847 288.592529296875 1847
1848 288.5946655273438 1848
1849 288.5967407226562 1849
1850 288.5988159179688 1850
1851 288.6008605957031 1851
1852 288.6028442382812 1852
1853 288.604736328125 1853
1854 288.6066284179688 1854
1855 288.6084594726562 1855
1856 288.6102294921875 1856
1857 288.6119384765625 1857
1858 288.6136474609375 1858
1859 288.6152954101562 1859
1860 288.6168823242188 1860
1861 288.6184387207031 1861
1862 288.6199035644531 1862
1863 288.621337890625 1863
1864 288.6227416992188 1864
1865 288.6240539550781 1865
1866 288.6253356933594 1866
1867 288.6265869140625 1867
1868 288.6277465820312 1868
1869 288.6288757324219 1869
1870 288.6299743652344 1870
1871 288.6309814453125 1871
1872 288.6319580078125 1872
1873 288.6328430175781 1873
1874 288.6337280273438 1874
1875 288.6344909667969 1875
1876 288.63525390625 1876
1877 288.6359558105469 1877
1878 288.6365966796875 1878
1879 288.6371765136719 1879
1880 288.6376953125 1880
1881 288.63818359375 1881
1882 288.6386108398438 1882
1883 288.6389770507812 1883
1884 288.6392822265625 1884
1885 288.6395568847656 1885
1886 288.6397399902344 1886
1887 288.639892578125 1887
1888 288.6399841308594 1888
1889 288.6400146484375 1889
1890 288.6400146484375 1890
1891 288.6399230957031 1891
1892 288.6398010253906 1892
1893 288.6395874023438 1893
1894 288.6393432617188 1894
1895 288.6390686035156 1895
1896 288.6387023925781 1896
1897 288.6383056640625 1897
1898 288.6378784179688 1898
1899 288.6373291015625 1899
1900 288.6367492675781 1900
1901 288.6361389160156 1901
1902 288.6354675292969 1902
1903 288.6347351074219 1903
1904 288.6339721679688 1904
1905 288.6331176757812 1905
1906 288.6322021484375 1906
1907 288.6312561035156 1907
1908 288.6302490234375 1908
1909 288.6292114257812 1909
1910 288.6281127929688 1910
1911 288.626953125 1911
1912 288.625732421875 1912
1913 288.6244812011719 1913
1914 288.6231689453125 1914
1915 288.6217956542969 1915
1916 288.620361328125 1916
1917 288.618896484375 1917
1918 288.6173706054688 1918
1919 288.6158142089844 1919
1920 288.6141967773438 1920
1921 288.6125183105469 1921
1922 288.6108093261719 1922
1923 288.6090698242188 1923
1924 288.6072387695312 1924
1925 288.6053771972656 1925
1926 288.6034851074219 1926
1927 288.6015319824219 1927
1928 288.5995483398438 1928
1929 288.5975341796875 1929
1930 288.595458984375 1930
1931 288.5933837890625 1931
1932 288.5912170410156 1932
1933 288.5890502929688 1933
1934 288.5868530273438 1934
1935 288.5845947265625 1935
1936 288.5823364257812 1936
1937 288.5800476074219 1937
1938 288.5777587890625 1938
1939 288.5754089355469 1939
1940 288.5730590820312 1940
1941 288.5706787109375 1941
1942 288.5683288574219 1942
1943 288.56591796875 1943
1944 288.5635375976562 1944
1945 288.5610961914062 1945
1946 288.5587158203125 1946
1947 288.5562744140625 1947
1948 288.5538940429688 1948
1949 288.5514526367188 1949
1950 288.549072265625 1950
1951 288.5466918945312 1951
1952 288.5443420410156 1952
1953 288.5419921875 1953
1954 288.5396728515625 1954
1955 288.537353515625 1955
1956 288.5350646972656 1956
1957 288.5328369140625 1957
1958 288.5305786132812 1958
1959 288.5284423828125 1959
1960 288.5262451171875 1960
1961 288.5241394042969 1961
1962 288.5220947265625 1962
1963 288.5200805664062 1963
1964 288.5180969238281 1964
1965 288.5161743164062 1965
1966 288.5143127441406 1966
1967 288.5125122070312 1967
1968 288.5107421875 1968
1969 288.509033203125 1969
1970 288.5073852539062 1970
1971 288.5058288574219 1971
1972 288.5043029785156 1972
1973 288.5028686523438 1973
1974 288.50146484375 1974
1975 288.5001525878906 1975
1976 288.4989318847656 1976
1977 288.4977416992188 1977
1978 288.4966430664062 1978
1979 288.49560546875 1979
1980 288.4946594238281 1980
1981 288.4937744140625 1981
1982 288.4929809570312 1982
1983 288.4922485351562 1983
1984 288.4915771484375 1984
1985 288.4910278320312 1985
1986 288.4905395507812 1986
1987 288.4901123046875 1987
1988 288.4897766113281 1988
1989 288.4895324707031 1989
1990 288.4893493652344 1990
1991 288.4892578125 1991
1992 288.4892272949219 1992
1993 288.4892883300781 1993
1994 288.4894104003906 1994
1995 288.4896240234375 1995
1996 288.4899291992188 1996
1997 288.4902954101562 1997
1998 288.49072265625 1998
1999 288.4912719726562 1999
2000 288.4918518066406 2000
2001 288.4925231933594 2001
2002 288.4932861328125 2002
2003 288.4940795898438 2003
2004 288.4949951171875 2004
2005 288.4959716796875 2005
2006 288.4970092773438 2006
2007 288.4981384277344 2007
2008 288.4992980957031 2008
2009 288.5005493164062 2009
2010 288.5018920898438 2010
2011 288.5032653808594 2011
2012 288.5046997070312 2012
2013 288.5062255859375 2013
2014 288.5078125 2014
2015 288.5094604492188 2015
2016 288.5111999511719 2016
2017 288.512939453125 2017
2018 288.5147705078125 2018
2019 288.5166625976562 2019
2020 288.5186157226562 2020
2021 288.5205993652344 2021
2022 288.5226745605469 2022
2023 288.5247802734375 2023
2024 288.5269470214844 2024
2025 288.5291442871094 2025
2026 288.5314331054688 2026
2027 288.5337219238281 2027
2028 288.5360717773438 2028
2029 288.5384826660156 2029
2030 288.5409545898438 2030
2031 288.5434265136719 2031
2032 288.5459594726562 2032
2033 288.5485229492188 2033
2034 288.5511474609375 2034
2035 288.5538024902344 2035
2036 288.5564880371094 2036
2037 288.5592041015625 2037
2038 288.5619506835938 2038
2039 288.5647583007812 2039
2040 288.5675659179688 2040
2041 288.5704040527344 2041
2042 288.5733032226562 2042
2043 288.5762023925781 2043
2044 288.5791320800781 2044
2045 288.5820922851562 2045
2046 288.5850830078125 2046
2047 288.5880737304688 2047
2048 288.5910949707031 2048
2049 288.5941772460938 2049
2050 288.5972290039062 2050
2051 288.6003112792969 2051
2052 288.6033935546875 2052
2053 288.6065063476562 2053
2054 288.609619140625 2054
2055 288.6127624511719 2055
2056 288.6159057617188 2056
2057 288.6190795898438 2057
2058 288.6222229003906 2058
2059 288.6254272460938 2059
2060 288.6286010742188 2060
2061 288.6317749023438 2061
2062 288.6349792480469 2062
2063 288.63818359375 2063
2064 288.641357421875 2064
2065 288.64453125 2065
2066 288.6477355957031 2066
2067 288.6509399414062 2067
2068 288.6541137695312 2068
2069 288.6573181152344 2069
2070 288.6604919433594 2070
2071 288.6636657714844 2071
2072 288.6668090820312 2072
2073 288.6699829101562 2073
2074 288.6731567382812 2074
2075 288.67626953125 2075
2076 288.6794128417969 2076
2077 288.6824951171875 2077
2078 288.6856079101562 2078
2079 288.688720703125 2079
2080 288.6918029785156 2080
2081 288.6948547363281 2081
2082 288.6978759765625 2082
2083 288.700927734375 2083
2084 288.7039184570312 2084
2085 288.7069091796875 2085
2086 288.7098693847656 2086
2087 288.7128295898438 2087
2088 288.7157592773438 2088
2089 288.7186584472656 2089
2090 288.7214965820312 2090
2091 288.724365234375 2091
2092 288.7271728515625 2092
2093 288.72998046875 2093
2094 288.7327270507812 2094
2095 288.7354736328125 2095
2096 288.7381896972656 2096
2097 288.7408752441406 2097
2098 288.7435302734375 2098
2099 288.7461547851562 2099
2100 288.7487182617188 2100
2101 288.7512817382812 2101
2102 288.7538146972656 2102
2103 288.7562866210938 2103
2104 288.7587585449219 2104
2105 288.7611694335938 2105
2106 288.7635498046875 2106
2107 288.765869140625 2107
2108 288.7682189941406 2108
2109 288.7704467773438 2109
2110 288.772705078125 2110
2111 288.77490234375 2111
2112 288.7770080566406 2112
2113 288.7791748046875 2113
2114 288.7811889648438 2114
2115 288.7832336425781 2115
2116 288.7852172851562 2116
2117 288.7871704101562 2117
2118 288.7890319824219 2118
2119 288.7908935546875 2119
2120 288.792724609375 2120
2121 288.7944641113281 2121
2122 288.7961730957031 2122
2123 288.7978515625 2123
2124 288.7994384765625 2124
2125 288.8010559082031 2125
2126 288.8025512695312 2126
2127 288.8040161132812 2127
2128 288.8054809570312 2128
2129 288.8068542480469 2129
2130 288.8081665039062 2130
2131 288.8094482421875 2131
2132 288.8106689453125 2132
2133 288.8118286132812 2133
2134 288.81298828125 2134
2135 288.8140563964844 2135
2136 288.8150939941406 2136
2137 288.8160400390625 2137
2138 288.8169555664062 2138
2139 288.8178405761719 2139
2140 288.8186340332031 2140
2141 288.8193969726562 2141
2142 288.8201293945312 2142
2143 288.8207397460938 2143
2144 288.8213500976562 2144
2145 288.8218994140625 2145
2146 288.8223876953125 2146
2147 288.8228149414062 2147
2148 288.8232116699219 2148
2149 288.8235473632812 2149
2150 288.8237915039062 2150
2151 288.8240356445312 2151
2152 288.8241882324219 2152
2153 288.8242797851562 2153
2154 288.8243408203125 2154
2155 288.8243103027344 2155
2156 288.8242492675781 2156
2157 288.8241577148438 2157
2158 288.823974609375 2158
2159 288.8237609863281 2159
2160 288.823486328125 2160
2161 288.8231201171875 2161
2162 288.82275390625 2162
2163 288.8222961425781 2163
2164 288.8218078613281 2164
2165 288.8212280273438 2165
2166 288.8206481933594 2166
2167 288.8199768066406 2167
2168 288.8192443847656 2168
2169 288.8184814453125 2169
2170 288.8176574707031 2170
2171 288.8167724609375 2171
2172 288.8158569335938 2172
2173 288.8148498535156 2173
2174 288.8138122558594 2174
2175 288.812744140625 2175
2176 288.8115844726562 2176
2177 288.8103637695312 2177
2178 288.8091125488281 2178
2179 288.8078308105469 2179
2180 288.8064575195312 2180
2181 288.8050537109375 2181
2182 288.8035888671875 2182
2183 288.8020629882812 2183
2184 288.8005065917969 2184
2185 288.7988586425781 2185
2186 288.7972106933594 2186
2187 288.7954711914062 2187
2188 288.7937316894531 2188
2189 288.7919006347656 2189
2190 288.7900390625 2190
2191 288.7881469726562 2191
2192 288.7861633300781 2192
2193 288.7841491699219 2193
2194 288.7821044921875 2194
2195 288.7799987792969 2195
2196 288.7778625488281 2196
2197 288.7756652832031 2197
2198 288.7734375 2198
2199 288.7711791992188 2199
2200 288.7688903808594 2200
2201 288.7665710449219 2201
2202 288.76416015625 2202
2203 288.7617797851562 2203
2204 288.7593383789062 2204
2205 288.7568969726562 2205
2206 288.7544250488281 2206
2207 288.7518920898438 2207
2208 288.7493896484375 2208
2209 288.746826171875 2209
2210 288.7442626953125 2210
2211 288.74169921875 2211
2212 288.7391052246094 2212
2213 288.7365112304688 2213
2214 288.7339172363281 2214
2215 288.7313232421875 2215
2216 288.7286682128906 2216
2217 288.72607421875 2217
2218 288.7235107421875 2218
2219 288.7208862304688 2219
2220 288.7183227539062 2220
2221 288.7157592773438 2221
2222 288.7132263183594 2222
2223 288.710693359375 2223
2224 288.7082214355469 2224
2225 288.7057495117188 2225
2226 288.7033081054688 2226
2227 288.7008666992188 2227
2228 288.6985168457031 2228
2229 288.6961669921875 2229
2230 288.6938781738281 2230
2231 288.6916198730469 2231
2232 288.6893920898438 2232
2233 288.687255859375 2233
2234 288.6851501464844 2234
2235 288.68310546875 2235
2236 288.6810913085938 2236
2237 288.6791381835938 2237
2238 288.67724609375 2238
2239 288.6754150390625 2239
2240 288.6736450195312 2240
2241 288.6719360351562 2241
2242 288.6702880859375 2242
2243 288.6687622070312 2243
2244 288.667236328125 2244
2245 288.6658325195312 2245
2246 288.6644287109375 2246
2247 288.6631469726562 2247
2248 288.6619262695312 2248
2249 288.6607971191406 2249
2250 288.6597290039062 2250
2251 288.6587524414062 2251
2252 288.6578369140625 2252
2253 288.6570129394531 2253
2254 288.65625 2254
2255 288.6555786132812 2255
2256 288.6549682617188 2256
2257 288.6544799804688 2257
2258 288.6540222167969 2258
2259 288.6536865234375 2259
2260 288.6533813476562 2260
2261 288.6531982421875 2261
2262 288.6530456542969 2262
2263 288.6530151367188 2263
2264 288.6530456542969 2264
2265 288.6531677246094 2265
2266 288.6533508300781 2266
2267 288.6536254882812 2267
2268 288.6539306640625 2268
2269 288.6543884277344 2269
2270 288.6548767089844 2270
2271 288.6554565429688 2271
2272 288.6560974121094 2272
2273 288.6567993164062 2273
2274 288.6575927734375 2274
2275 288.6584777832031 2275
2276 288.659423828125 2276
2277 288.660400390625 2277
2278 288.6614990234375 2278
2279 288.6626586914062 2279
2280 288.6638488769531 2280
2281 288.6651306152344 2281
2282 288.6664428710938 2282
2283 288.6678771972656 2283
2284 288.6693725585938 2284
2285 288.6708984375 2285
2286 288.6724853515625 2286
2287 288.6741638183594 2287
2288 288.6758422851562 2288
2289 288.6776123046875 2289
2290 288.6794738769531 2290
2291 288.6813354492188 2291
2292 288.6832885742188 2292
2293 288.685302734375 2293
2294 288.6873168945312 2294
2295 288.6893920898438 2295
2296 288.6915588378906 2296
2297 288.6937255859375 2297
2298 288.6959838867188 2298
2299 288.6982421875 2299
2300 288.7005615234375 2300
2301 288.7029418945312 2301
2302 288.7053527832031 2302
2303 288.707763671875 2303
2304 288.7102661132812 2304
2305 288.7127685546875 2305
2306 288.7153625488281 2306
2307 288.7179260253906 2307
2308 288.7205810546875 2308
2309 288.7232055664062 2309
2310 288.7258911132812 2310
2311 288.7286071777344 2311
2312 288.7313537597656 2312
2313 288.7341003417969 2313
2314 288.7369079589844 2314
2315 288.73974609375 2315
2316 288.7425537109375 2316
2317 288.7454223632812 2317
2318 288.748291015625 2318
2319 288.751220703125 2319
2320 288.7540893554688 2320
2321 288.7570495605469 2321
2322 288.760009765625 2322
2323 288.7629699707031 2323
2324 288.7659301757812 2324
2325 288.7689208984375 2325
2326 288.7719116210938 2326
2327 288.7749328613281 2327
2328 288.7779235839844 2328
2329 288.7809448242188 2329
2330 288.7839660644531 2330
2331 288.7869873046875 2331
2332 288.7900390625 2332
2333 288.7930603027344 2333
2334 288.7961120605469 2334
2335 288.7991027832031 2335
2336 288.8021545410156 2336
2337 288.8052062988281 2337
2338 288.8082275390625 2338
2339 288.8112182617188 2339
2340 288.8142395019531 2340
2341 288.8172607421875 2341
2342 288.8202514648438 2342
2343 288.8232421875 2343
2344 288.8262329101562 2344
2345 288.8291931152344 2345
2346 288.8321533203125 2346
2347 288.8350830078125 2347
2348 288.8380126953125 2348
2349 288.8409423828125 2349
2350 288.8438415527344 2350
2351 288.8467407226562 2351
2352 288.849609375 2352
2353 288.8524475097656 2353
2354 288.8552551269531 2354
2355 288.8580932617188 2355
2356 288.8609008789062 2356
2357 288.8636474609375 2357
2358 288.8663940429688 2358
2359 288.8690795898438 2359
2360 288.8717651367188 2360
2361 288.8744506835938 2361
2362 288.8771057128906 2362
2363 288.8797302246094 2363
2364 288.8822937011719 2364
2365 288.8848266601562 2365
2366 288.8873901367188 2366
2367 288.8898620605469 2367
2368 288.892333984375 2368
2369 288.894775390625 2369
2370 288.8971557617188 2370
2371 288.8995361328125 2371
2372 288.9018859863281 2372
2373 288.9041748046875 2373
2374 288.9064331054688 2374
2375 288.90869140625 2375
2376 288.9108581542969 2376
2377 288.9129943847656 2377
2378 288.9151000976562 2378
2379 288.9171752929688 2379
2380 288.9192504882812 2380
2381 288.9212341308594 2381
2382 288.9231567382812 2382
2383 288.9251098632812 2383
2384 288.9269714355469 2384
2385 288.9288024902344 2385
2386 288.9305725097656 2386
2387 288.9323120117188 2387
2388 288.9340209960938 2388
2389 288.9356689453125 2389
2390 288.9372863769531 2390
2391 288.9388427734375 2391
2392 288.9403686523438 2392
2393 288.9418334960938 2393
2394 288.9432678222656 2394
2395 288.9446411132812 2395
2396 288.9459533691406 2396
2397 288.9472351074219 2397
2398 288.9484558105469 2398
2399 288.9496459960938 2399
2400 288.9507751464844 2400
2401 288.9518432617188 2401
2402 288.9528503417969 2402
2403 288.9538269042969 2403
2404 288.9547729492188 2404
2405 288.9556274414062 2405
2406 288.9564514160156 2406
2407 288.9572448730469 2407
2408 288.9579467773438 2408
2409 288.9585876464844 2409
2410 288.9591979980469 2410
2411 288.9597778320312 2411
2412 288.9602966308594 2412
2413 288.9607238769531 2413
2414 288.9611206054688 2414
2415 288.9614868164062 2415
2416 288.9617309570312 2416
2417 288.9619750976562 2417
2418 288.962158203125 2418
2419 288.9622802734375 2419
2420 288.9623413085938 2420
2421 288.9623413085938 2421
2422 288.9623107910156 2422
2423 288.9622192382812 2423
2424 288.9620361328125 2424
2425 288.9618530273438 2425
2426 288.9616088867188 2426
2427 288.9612731933594 2427
2428 288.9609069824219 2428
2429 288.9605102539062 2429
2430 288.9599914550781 2430
2431 288.9594421386719 2431
2432 288.9588623046875 2432
2433 288.9581909179688 2433
2434 288.95751953125 2434
2435 288.956787109375 2435
2436 288.9559631347656 2436
2437 288.955078125 2437
2438 288.9541625976562 2438
2439 288.9531860351562 2439
2440 288.9521789550781 2440
2441 288.9511108398438 2441
2442 288.949951171875 2442
2443 288.9487915039062 2443
2444 288.9475402832031 2444
2445 288.9462280273438 2445
2446 288.9448852539062 2446
2447 288.9434814453125 2447
2448 288.9420166015625 2448
2449 288.9405517578125 2449
2450 288.93896484375 2450
2451 288.9373779296875 2451
2452 288.9357299804688 2452
2453 288.9339904785156 2453
2454 288.9322204589844 2454
2455 288.930419921875 2455
2456 288.9285888671875 2456
2457 288.9266357421875 2457
2458 288.9246826171875 2458
2459 288.9226684570312 2459
2460 288.9205932617188 2460
2461 288.9185180664062 2461
2462 288.9163513183594 2462
2463 288.9141540527344 2463
2464 288.9118957519531 2464
2465 288.9096374511719 2465
2466 288.9072875976562 2466
2467 288.9049377441406 2467
2468 288.9025268554688 2468
2469 288.9000854492188 2469
2470 288.8975830078125 2470
2471 288.8950805664062 2471
2472 288.892578125 2472
2473 288.8899841308594 2473
2474 288.8873901367188 2474
2475 288.884765625 2475
2476 288.8821105957031 2476
2477 288.8794555664062 2477
2478 288.8767395019531 2478
2479 288.8740539550781 2479
2480 288.871337890625 2480
2481 288.8685913085938 2481
2482 288.8658447265625 2482
2483 288.8630981445312 2483
2484 288.8603515625 2484
2485 288.8576049804688 2485
2486 288.8548583984375 2486
2487 288.8521118164062 2487
2488 288.8494262695312 2488
2489 288.8467102050781 2489
2490 288.843994140625 2490
2491 288.84130859375 2491
2492 288.8386535644531 2492
2493 288.8360290527344 2493
2494 288.8334045410156 2494
2495 288.830810546875 2495
2496 288.8282775878906 2496
2497 288.8257446289062 2497
2498 288.8233032226562 2498
2499 288.8208618164062 2499
2500 288.8184204101562 2500
