"point-c-rfile"
"Time Step" "point-c etc.."
("Time Step" "point-c" "flow-time")
0 283 0
1 283 1
2 283 2
3 283 3
4 283 4
5 283 5
6 283 6
7 283 7
8 283 8
9 283 9
10 283 10
11 283 11
12 283 12
13 283 13
14 283 14
15 283 15
16 283 16
17 283 17
18 283 18
19 283 19
20 283 20
21 283 21
22 283 22
23 283 23
24 283 24
25 283 25
26 283 26
27 283 27
28 283 28
29 283 29
30 283 30
31 283 31
32 283.0000305175781 32
33 283.0000305175781 33
34 283.0000305175781 34
35 283.0000305175781 35
36 283.0000610351562 36
37 283.0000610351562 37
38 283.0000915527344 38
39 283.0001220703125 39
40 283.0001220703125 40
41 283.0001831054688 41
42 283.0001831054688 42
43 283.000244140625 43
44 283.0003051757812 44
45 283.0003662109375 45
46 283.0004577636719 46
47 283.0005187988281 47
48 283.0006408691406 48
49 283.000732421875 49
50 283.0008850097656 50
51 283.0010375976562 51
52 283.0011901855469 52
53 283.0014038085938 53
54 283.0016174316406 54
55 283.0018615722656 55
56 283.0021362304688 56
57 283.0024108886719 57
58 283.0027465820312 58
59 283.0031127929688 59
60 283.0035095214844 60
61 283.0039672851562 61
62 283.0044250488281 62
63 283.0049743652344 63
64 283.0055541992188 64
65 283.0061645507812 65
66 283.0068359375 66
67 283.007568359375 67
68 283.0083618164062 68
69 283.0092163085938 69
70 283.0101318359375 70
71 283.0111389160156 71
72 283.0121459960938 72
73 283.0132751464844 73
74 283.0144653320312 74
75 283.0157165527344 75
76 283.0170593261719 76
77 283.0184936523438 77
78 283.02001953125 78
79 283.0215759277344 79
80 283.0232543945312 80
81 283.0250244140625 81
82 283.0268859863281 82
83 283.02880859375 83
84 283.0308837890625 84
85 283.0329895019531 85
86 283.0352172851562 86
87 283.0375671386719 87
88 283.0400085449219 88
89 283.0425109863281 89
90 283.045166015625 90
91 283.0479125976562 91
92 283.05078125 92
93 283.0537109375 93
94 283.0567626953125 94
95 283.0599365234375 95
96 283.0632019042969 96
97 283.0665893554688 97
98 283.070068359375 98
99 283.0736694335938 99
100 283.077392578125 100
101 283.0812072753906 101
102 283.0851135253906 102
103 283.0891418457031 103
104 283.0932922363281 104
105 283.0975646972656 105
106 283.1018981933594 106
107 283.1063842773438 107
108 283.1109619140625 108
109 283.1156616210938 109
110 283.1204528808594 110
111 283.1253356933594 111
112 283.13037109375 112
113 283.1354675292969 113
114 283.1406860351562 114
115 283.14599609375 115
116 283.1514282226562 116
117 283.156982421875 117
118 283.16259765625 118
119 283.1683044433594 119
120 283.1741333007812 120
121 283.1800537109375 121
122 283.1860656738281 122
123 283.1921691894531 123
124 283.1983947753906 124
125 283.2047119140625 125
126 283.2110900878906 126
127 283.2175598144531 127
128 283.22412109375 128
129 283.2308044433594 129
130 283.2375183105469 130
131 283.2443542480469 131
132 283.2512512207031 132
133 283.2582702636719 133
134 283.2653198242188 134
135 283.2724914550781 135
136 283.2796936035156 136
137 283.2869873046875 137
138 283.2943725585938 138
139 283.3018188476562 139
140 283.309326171875 140
141 283.31689453125 141
142 283.3245849609375 142
143 283.3323059082031 143
144 283.340087890625 144
145 283.3479309082031 145
146 283.3558044433594 146
147 283.3638000488281 147
148 283.371826171875 148
149 283.3798828125 149
150 283.3880615234375 150
151 283.396240234375 151
152 283.4044494628906 152
153 283.4127502441406 153
154 283.4210815429688 154
155 283.429443359375 155
156 283.4378662109375 156
157 283.4463500976562 157
158 283.4548950195312 158
159 283.4634399414062 159
160 283.4720153808594 160
161 283.4806518554688 161
162 283.4893188476562 162
163 283.4980163574219 163
164 283.5067138671875 164
165 283.5155029296875 165
166 283.5242919921875 166
167 283.5331115722656 167
168 283.5419311523438 168
169 283.5508422851562 169
170 283.5596923828125 170
171 283.5686340332031 171
172 283.5775451660156 172
173 283.5865173339844 173
174 283.5954895019531 174
175 283.6044616699219 175
176 283.6134643554688 176
177 283.6224975585938 177
178 283.6315307617188 178
179 283.6405639648438 179
180 283.6495971679688 180
181 283.6586303710938 181
182 283.667724609375 182
183 283.6767578125 183
184 283.6858520507812 184
185 283.6949157714844 185
186 283.7040100097656 186
187 283.7130737304688 187
188 283.7221374511719 188
189 283.7312316894531 189
190 283.7402954101562 190
191 283.7493591308594 191
192 283.7583923339844 192
193 283.7674560546875 193
194 283.7765197753906 194
195 283.7855224609375 195
196 283.7945556640625 196
197 283.8035888671875 197
198 283.8125610351562 198
199 283.821533203125 199
200 283.8305053710938 200
201 283.8394775390625 201
202 283.8484191894531 202
203 283.8573303222656 203
204 283.8662109375 204
205 283.8750915527344 205
206 283.8839416503906 206
207 283.8927917480469 207
208 283.901611328125 208
209 283.910400390625 209
210 283.9191589355469 210
211 283.9278869628906 211
212 283.9366149902344 212
213 283.9452819824219 213
214 283.9539489746094 214
215 283.9625854492188 215
216 283.9711608886719 216
217 283.9797058105469 217
218 283.9882507324219 218
219 283.9967346191406 219
220 284.0052185058594 220
221 284.0136108398438 221
222 284.0220336914062 222
223 284.0303955078125 223
224 284.0386962890625 224
225 284.0469665527344 225
226 284.0552062988281 226
227 284.0634155273438 227
228 284.0715637207031 228
229 284.0796813964844 229
230 284.0877685546875 230
231 284.0957946777344 231
232 284.1037902832031 232
233 284.1117553710938 233
234 284.1196594238281 234
235 284.1275024414062 235
236 284.1353149414062 236
237 284.1430969238281 237
238 284.1508178710938 238
239 284.1585083007812 239
240 284.1661376953125 240
241 284.1736755371094 241
242 284.1812133789062 242
243 284.1886596679688 243
244 284.1961364746094 244
245 284.2034912109375 245
246 284.2108154296875 246
247 284.2180786132812 247
248 284.2253112792969 248
249 284.2324523925781 249
250 284.2395629882812 250
251 284.2466430664062 251
252 284.253662109375 252
253 284.2605895996094 253
254 284.2674865722656 254
255 284.2743225097656 255
256 284.2811279296875 256
257 284.287841796875 257
258 284.2944946289062 258
259 284.3011474609375 259
260 284.3076782226562 260
261 284.3141784667969 261
262 284.3206176757812 262
263 284.3269958496094 263
264 284.3333435058594 264
265 284.339599609375 265
266 284.3457946777344 266
267 284.3519592285156 267
268 284.3580627441406 268
269 284.3640747070312 269
270 284.3700561523438 270
271 284.3759765625 271
272 284.3818359375 272
273 284.3876342773438 273
274 284.3933410644531 274
275 284.3990478515625 275
276 284.4046630859375 276
277 284.4102172851562 277
278 284.4157409667969 278
279 284.4211730957031 279
280 284.4265747070312 280
281 284.431884765625 281
282 284.4371643066406 282
283 284.4423522949219 283
284 284.447509765625 284
285 284.4525756835938 285
286 284.4576110839844 286
287 284.4625854492188 287
288 284.4674987792969 288
289 284.4723510742188 289
290 284.4771118164062 290
291 284.4818725585938 291
292 284.486572265625 292
293 284.4911804199219 293
294 284.4957580566406 294
295 284.500244140625 295
296 284.5046997070312 296
297 284.5090942382812 297
298 284.513427734375 298
299 284.5176696777344 299
300 284.5219116210938 300
301 284.5260620117188 301
302 284.5301513671875 302
303 284.5342102050781 303
304 284.5381774902344 304
305 284.5421142578125 305
306 284.5460205078125 306
307 284.5498352050781 307
308 284.5536193847656 308
309 284.5573425292969 309
310 284.5610046386719 310
311 284.5646362304688 311
312 284.5682067871094 312
313 284.5717163085938 313
314 284.5751953125 314
315 284.57861328125 315
316 284.5819702148438 316
317 284.5853271484375 317
318 284.588623046875 318
319 284.5918884277344 319
320 284.5950927734375 320
321 284.5982971191406 321
322 284.6014404296875 322
323 284.6045532226562 323
324 284.6076354980469 324
325 284.6106872558594 325
326 284.6137390136719 326
327 284.6167297363281 327
328 284.6197204589844 328
329 284.6227111816406 329
330 284.6256713867188 330
331 284.6286010742188 331
332 284.6315307617188 332
333 284.6344604492188 333
334 284.6374206542969 334
335 284.6403198242188 335
336 284.6432495117188 336
337 284.6461791992188 337
338 284.6491394042969 338
339 284.652099609375 339
340 284.6550598144531 340
341 284.6580505371094 341
342 284.6610412597656 342
343 284.6640930175781 343
344 284.6671142578125 344
345 284.6701965332031 345
346 284.67333984375 346
347 284.6764526367188 347
348 284.6796264648438 348
349 284.682861328125 349
350 284.6861267089844 350
351 284.6893920898438 351
352 284.6927490234375 352
353 284.6961669921875 353
354 284.6996154785156 354
355 284.703125 355
356 284.7066650390625 356
357 284.7102661132812 357
358 284.7139282226562 358
359 284.7176513671875 359
360 284.721435546875 360
361 284.7252502441406 361
362 284.7291870117188 362
363 284.733154296875 363
364 284.7371826171875 364
365 284.7412719726562 365
366 284.7454223632812 366
367 284.7496643066406 367
368 284.7539672851562 368
369 284.7583618164062 369
370 284.7628173828125 370
371 284.767333984375 371
372 284.7719116210938 372
373 284.7765502929688 373
374 284.7812805175781 374
375 284.7861022949219 375
376 284.7909545898438 376
377 284.7958984375 377
378 284.8009338378906 378
379 284.8059997558594 379
380 284.8111572265625 380
381 284.8163757324219 381
382 284.8216857910156 382
383 284.8270568847656 383
384 284.8324890136719 384
385 284.8380126953125 385
386 284.8435974121094 386
387 284.8492431640625 387
388 284.8549499511719 388
389 284.8607177734375 389
390 284.8665771484375 390
391 284.8724975585938 391
392 284.8784790039062 392
393 284.884521484375 393
394 284.890625 394
395 284.8967895507812 395
396 284.9030151367188 396
397 284.9093017578125 397
398 284.9156494140625 398
399 284.9220581054688 399
400 284.9285278320312 400
401 284.9350280761719 401
402 284.9416198730469 402
403 284.9482421875 403
404 284.9549255371094 404
405 284.961669921875 405
406 284.9684448242188 406
407 284.9752502441406 407
408 284.9821472167969 408
409 284.9890747070312 409
410 284.9960327148438 410
411 285.0030517578125 411
412 285.0101013183594 412
413 285.0172119140625 413
414 285.0243225097656 414
415 285.031494140625 415
416 285.0387268066406 416
417 285.0459594726562 417
418 285.0532531738281 418
419 285.0605773925781 419
420 285.0679016113281 420
421 285.0753173828125 421
422 285.0827026367188 422
423 285.0901184082031 423
424 285.0975952148438 424
425 285.1051025390625 425
426 285.1126098632812 426
427 285.1201477050781 427
428 285.127685546875 428
429 285.13525390625 429
430 285.1428833007812 430
431 285.1505126953125 431
432 285.1581420898438 432
433 285.165771484375 433
434 285.1734313964844 434
435 285.1811218261719 435
436 285.1888122558594 436
437 285.1965026855469 437
438 285.2041931152344 438
439 285.2119140625 439
440 285.2196350097656 440
441 285.2273559570312 441
442 285.2350769042969 442
443 285.2428283691406 443
444 285.2505493164062 444
445 285.25830078125 445
446 285.2660522460938 446
447 285.2737426757812 447
448 285.281494140625 448
449 285.2892150878906 449
450 285.2969360351562 450
451 285.3046264648438 451
452 285.3123474121094 452
453 285.320068359375 453
454 285.3277587890625 454
455 285.3354187011719 455
456 285.3431091308594 456
457 285.3507385253906 457
458 285.3583984375 458
459 285.3660278320312 459
460 285.3736267089844 460
461 285.3812255859375 461
462 285.3887939453125 462
463 285.3963317871094 463
464 285.4038696289062 464
465 285.4114074707031 465
466 285.4188842773438 466
467 285.4263610839844 467
468 285.4338073730469 468
469 285.4412231445312 469
470 285.4486389160156 470
471 285.4559936523438 471
472 285.4633483886719 472
473 285.4706726074219 473
474 285.4779357910156 474
475 285.4852294921875 475
476 285.492431640625 476
477 285.4996337890625 477
478 285.5068054199219 478
479 285.5139465332031 479
480 285.5210266113281 480
481 285.528076171875 481
482 285.5351257324219 482
483 285.5421142578125 483
484 285.549072265625 484
485 285.5559997558594 485
486 285.5628662109375 486
487 285.5697021484375 487
488 285.5765075683594 488
489 285.5832824707031 489
490 285.5899963378906 490
491 285.5966796875 491
492 285.603271484375 492
493 285.60986328125 493
494 285.6164245605469 494
495 285.6229248046875 495
496 285.62939453125 496
497 285.6358032226562 497
498 285.6421813964844 498
499 285.6484680175781 499
500 285.6547546386719 500
501 285.6609497070312 501
502 285.6671142578125 502
503 285.6732482910156 503
504 285.6793212890625 504
505 285.6853637695312 505
506 285.6913452148438 506
507 285.6972351074219 507
508 285.703125 508
509 285.7089233398438 509
510 285.7146911621094 510
511 285.7204284667969 511
512 285.72607421875 512
513 285.731689453125 513
514 285.7372131347656 514
515 285.74267578125 515
516 285.7481384277344 516
517 285.7535095214844 517
518 285.7588500976562 518
519 285.7640991210938 519
520 285.7693176269531 520
521 285.7744750976562 521
522 285.779541015625 522
523 285.7845764160156 523
524 285.78955078125 524
525 285.7944946289062 525
526 285.79931640625 526
527 285.8041381835938 527
528 285.8088684082031 528
529 285.8135375976562 529
530 285.8181762695312 530
531 285.82275390625 531
532 285.8272399902344 532
533 285.8316650390625 533
534 285.8360595703125 534
535 285.8403930664062 535
536 285.8446350097656 536
537 285.8488159179688 537
538 285.8529663085938 538
539 285.8570556640625 539
540 285.8610534667969 540
541 285.8650512695312 541
542 285.8689270019531 542
543 285.8727416992188 543
544 285.8765258789062 544
545 285.8802185058594 545
546 285.8838806152344 546
547 285.8874816894531 547
548 285.8910217285156 548
549 285.8944702148438 549
550 285.8978881835938 550
551 285.9012451171875 551
552 285.904541015625 552
553 285.9077758789062 553
554 285.9109191894531 554
555 285.9140625 555
556 285.9170837402344 556
557 285.9200744628906 557
558 285.9230346679688 558
559 285.9259033203125 559
560 285.9287109375 560
561 285.9314575195312 561
562 285.9341430664062 562
563 285.936767578125 563
564 285.9393615722656 564
565 285.94189453125 565
566 285.9443359375 566
567 285.94677734375 567
568 285.9490966796875 568
569 285.9513549804688 569
570 285.95361328125 570
571 285.9557800292969 571
572 285.9579162597656 572
573 285.9599609375 573
574 285.9619750976562 574
575 285.9639282226562 575
576 285.9658203125 576
577 285.9677124023438 577
578 285.9694519042969 578
579 285.9712219238281 579
580 285.972900390625 580
581 285.9745483398438 581
582 285.9761352539062 582
583 285.9776916503906 583
584 285.9791870117188 584
585 285.9806518554688 585
586 285.9820556640625 586
587 285.9834289550781 587
588 285.9847412109375 588
589 285.9860534667969 589
590 285.9873046875 590
591 285.988525390625 591
592 285.98974609375 592
593 285.9908752441406 593
594 285.9920349121094 594
595 285.9931640625 595
596 285.9942321777344 596
597 285.9953308105469 597
598 285.9963684082031 598
599 285.9974060058594 599
600 285.9984130859375 600
601 285.9994506835938 601
602 286.00048828125 602
603 286.0014953613281 603
604 286.0025024414062 604
605 286.0035400390625 605
606 286.0045471191406 606
607 286.0055847167969 607
608 286.0066223144531 608
609 286.0076904296875 609
610 286.0087890625 610
611 286.0098571777344 611
612 286.010986328125 612
613 286.0121459960938 613
614 286.0133056640625 614
615 286.0145263671875 615
616 286.0157775878906 616
617 286.0170593261719 617
618 286.0183715820312 618
619 286.0197448730469 619
620 286.0211791992188 620
621 286.0226135253906 621
622 286.0241394042969 622
623 286.0256958007812 623
624 286.0272827148438 624
625 286.0289306640625 625
626 286.0306396484375 626
627 286.032470703125 627
628 286.0343017578125 628
629 286.0361938476562 629
630 286.0381469726562 630
631 286.0401916503906 631
632 286.0422973632812 632
633 286.0444641113281 633
634 286.0466918945312 634
635 286.0489807128906 635
636 286.0513305664062 636
637 286.0537719726562 637
638 286.0563049316406 638
639 286.0588684082031 639
640 286.0615234375 640
641 286.0642700195312 641
642 286.0670471191406 642
643 286.0699462890625 643
644 286.0728759765625 644
645 286.0758972167969 645
646 286.0789794921875 646
647 286.0821533203125 647
648 286.0853881835938 648
649 286.0887145996094 649
650 286.0921020507812 650
651 286.0955505371094 651
652 286.0990905761719 652
653 286.1026916503906 653
654 286.1063842773438 654
655 286.110107421875 655
656 286.1139526367188 656
657 286.1178283691406 657
658 286.1217651367188 658
659 286.1257934570312 659
660 286.1298828125 660
661 286.134033203125 661
662 286.1382751464844 662
663 286.142578125 663
664 286.1469421386719 664
665 286.1513671875 665
666 286.1558227539062 666
667 286.1603698730469 667
668 286.1649780273438 668
669 286.1696166992188 669
670 286.1743469238281 670
671 286.1791076660156 671
672 286.1839294433594 672
673 286.1888122558594 673
674 286.1937866210938 674
675 286.1987609863281 675
676 286.2037963867188 676
677 286.2088623046875 677
678 286.2140197753906 678
679 286.2192077636719 679
680 286.2244567871094 680
681 286.229736328125 681
682 286.2350463867188 682
683 286.2404174804688 683
684 286.2457885742188 684
685 286.2512817382812 685
686 286.2567443847656 686
687 286.2622680664062 687
688 286.267822265625 688
689 286.2734375 689
690 286.279052734375 690
691 286.2846984863281 691
692 286.2903747558594 692
693 286.2960815429688 693
694 286.3018493652344 694
695 286.3075866699219 695
696 286.3133850097656 696
697 286.3192138671875 697
698 286.3250427246094 698
699 286.3309020996094 699
700 286.3367919921875 700
701 286.3427124023438 701
702 286.3486328125 702
703 286.3545532226562 703
704 286.3605041503906 704
705 286.366455078125 705
706 286.3724365234375 706
707 286.37841796875 707
708 286.3844604492188 708
709 286.3904418945312 709
710 286.3964538574219 710
711 286.4024963378906 711
712 286.4085083007812 712
713 286.41455078125 713
714 286.4205627441406 714
715 286.4266052246094 715
716 286.4326477050781 716
717 286.4386901855469 717
718 286.4447021484375 718
719 286.4507446289062 719
720 286.456787109375 720
721 286.4627685546875 721
722 286.4688110351562 722
723 286.4748229980469 723
724 286.4808044433594 724
725 286.48681640625 725
726 286.4927978515625 726
727 286.498779296875 727
728 286.5046997070312 728
729 286.5106506347656 729
730 286.5166015625 730
731 286.5225219726562 731
732 286.5284423828125 732
733 286.5343017578125 733
734 286.5401611328125 734
735 286.5459899902344 735
736 286.5518188476562 736
737 286.5576171875 737
738 286.5634155273438 738
739 286.5691528320312 739
740 286.5748901367188 740
741 286.5805969238281 741
742 286.5862731933594 742
743 286.5919494628906 743
744 286.5975646972656 744
745 286.6031494140625 745
746 286.6087646484375 746
747 286.6142578125 747
748 286.6197814941406 748
749 286.6252746582031 749
750 286.6307067871094 750
751 286.6361389160156 751
752 286.6415100097656 752
753 286.6468505859375 753
754 286.6521606445312 754
755 286.6574401855469 755
756 286.6626892089844 756
757 286.6678771972656 757
758 286.6730346679688 758
759 286.6781616210938 759
760 286.6832580566406 760
761 286.6882934570312 761
762 286.6932983398438 762
763 286.6982421875 763
764 286.7031860351562 764
765 286.7080688476562 765
766 286.712890625 766
767 286.7176513671875 767
768 286.722412109375 768
769 286.7271118164062 769
770 286.7317810058594 770
771 286.7363891601562 771
772 286.7409362792969 772
773 286.7454528808594 773
774 286.7499084472656 774
775 286.7543334960938 775
776 286.7586975097656 776
777 286.7630004882812 777
778 286.7672729492188 778
779 286.771484375 779
780 286.775634765625 780
781 286.7797546386719 781
782 286.7838439941406 782
783 286.787841796875 783
784 286.7917785644531 784
785 286.7956848144531 785
786 286.7995300292969 786
787 286.8033447265625 787
788 286.8070678710938 788
789 286.8107604980469 789
790 286.8143920898438 790
791 286.8179321289062 791
792 286.8214721679688 792
793 286.8249206542969 793
794 286.8283386230469 794
795 286.8316955566406 795
796 286.8349914550781 796
797 286.8382263183594 797
798 286.8414001464844 798
799 286.8445129394531 799
800 286.8475952148438 800
801 286.8505859375 801
802 286.8535461425781 802
803 286.8564147949219 803
804 286.8592529296875 804
805 286.8620300292969 805
806 286.86474609375 806
807 286.8673706054688 807
808 286.8699951171875 808
809 286.8725280761719 809
810 286.875 810
811 286.87744140625 811
812 286.8797912597656 812
813 286.882080078125 813
814 286.8843383789062 814
815 286.8865051269531 815
816 286.888671875 816
817 286.8907165527344 817
818 286.8927612304688 818
819 286.8947143554688 819
820 286.8965759277344 820
821 286.8984069824219 821
822 286.9002075195312 822
823 286.9019165039062 823
824 286.9035949707031 824
825 286.9052124023438 825
826 286.9067687988281 826
827 286.9082641601562 827
828 286.90966796875 828
829 286.9110717773438 829
830 286.9123840332031 830
831 286.9136657714844 831
832 286.9148864746094 832
833 286.916015625 833
834 286.9171142578125 834
835 286.9181518554688 835
836 286.9191589355469 836
837 286.9200744628906 837
838 286.9209594726562 838
839 286.9217834472656 839
840 286.9225769042969 840
841 286.9232788085938 841
842 286.9239196777344 842
843 286.9245300292969 843
844 286.9250793457031 844
845 286.9255981445312 845
846 286.926025390625 846
847 286.9264526367188 847
848 286.9267883300781 848
849 286.9270629882812 849
850 286.9273376464844 850
851 286.9275512695312 851
852 286.9277038574219 852
853 286.9278564453125 853
854 286.9279174804688 854
855 286.9279479980469 855
856 286.9279479980469 856
857 286.9279174804688 857
858 286.9278259277344 858
859 286.927734375 859
860 286.9276123046875 860
861 286.9274291992188 861
862 286.92724609375 862
863 286.927001953125 863
864 286.9267578125 864
865 286.926513671875 865
866 286.9262390136719 866
867 286.9259338378906 867
868 286.9256286621094 868
869 286.92529296875 869
870 286.9249877929688 870
871 286.9246826171875 871
872 286.9243469238281 872
873 286.9240112304688 873
874 286.9237060546875 874
875 286.9234008789062 875
876 286.923095703125 876
877 286.9227905273438 877
878 286.9225463867188 878
879 286.9223022460938 879
880 286.9220886230469 880
881 286.9219055175781 881
882 286.9217224121094 882
883 286.9216003417969 883
884 286.9214782714844 884
885 286.9214477539062 885
886 286.9214172363281 886
887 286.9214172363281 887
888 286.9214782714844 888
889 286.9216003417969 889
890 286.9217224121094 890
891 286.9219665527344 891
892 286.9222106933594 892
893 286.9225463867188 893
894 286.9229125976562 894
895 286.92333984375 895
896 286.923828125 896
897 286.9243774414062 897
898 286.9250183105469 898
899 286.9256896972656 899
900 286.9264526367188 900
901 286.92724609375 901
902 286.9281616210938 902
903 286.9291076660156 903
904 286.9301452636719 904
905 286.9312438964844 905
906 286.9324340820312 906
907 286.9336547851562 907
908 286.9349670410156 908
909 286.9363708496094 909
910 286.9378356933594 910
911 286.9393920898438 911
912 286.9410095214844 912
913 286.9426879882812 913
914 286.9444885253906 914
915 286.9463500976562 915
916 286.9482421875 916
917 286.9502563476562 917
918 286.9523315429688 918
919 286.9544677734375 919
920 286.9566955566406 920
921 286.9590148925781 921
922 286.9613952636719 922
923 286.9638366699219 923
924 286.9663391113281 924
925 286.9689331054688 925
926 286.9716186523438 926
927 286.9743347167969 927
928 286.9771423339844 928
929 286.9800415039062 929
930 286.9829711914062 930
931 286.9859924316406 931
932 286.9890747070312 932
933 286.9922180175781 933
934 286.9954223632812 934
935 286.9986877441406 935
936 287.0020141601562 936
937 287.0054321289062 937
938 287.0088806152344 938
939 287.0124206542969 939
940 287.0160217285156 940
941 287.0196533203125 941
942 287.0233459472656 942
943 287.027099609375 943
944 287.0308837890625 944
945 287.0347595214844 945
946 287.0386657714844 946
947 287.0426330566406 947
948 287.046630859375 948
949 287.0506896972656 949
950 287.0548095703125 950
951 287.0589599609375 951
952 287.0631713867188 952
953 287.0673828125 953
954 287.0716857910156 954
955 287.0759887695312 955
956 287.0803527832031 956
957 287.084716796875 957
958 287.0891723632812 958
959 287.0936279296875 959
960 287.09814453125 960
961 287.1026916503906 961
962 287.1072387695312 962
963 287.1118469238281 963
964 287.116455078125 964
965 287.1211242675781 965
966 287.1257934570312 966
967 287.1304931640625 967
968 287.1352233886719 968
969 287.1399841308594 969
970 287.1447143554688 970
971 287.1495361328125 971
972 287.1543273925781 972
973 287.1591796875 973
974 287.1640014648438 974
975 287.1688537597656 975
976 287.1737060546875 976
977 287.1785888671875 977
978 287.1834716796875 978
979 287.1883850097656 979
980 287.1932678222656 980
981 287.1981811523438 981
982 287.2030944824219 982
983 287.2080688476562 983
984 287.2129516601562 984
985 287.2179260253906 985
986 287.2228393554688 986
987 287.227783203125 987
988 287.2327270507812 988
989 287.2376403808594 989
990 287.2425537109375 990
991 287.2474670410156 991
992 287.2523803710938 992
993 287.25732421875 993
994 287.26220703125 994
995 287.26708984375 995
996 287.2720031738281 996
997 287.27685546875 997
998 287.28173828125 998
999 287.2865905761719 999
1000 287.2914123535156 1000
1001 287.2962341308594 1001
1002 287.301025390625 1002
1003 287.3058471679688 1003
1004 287.3106079101562 1004
1005 287.3153686523438 1005
1006 287.320068359375 1006
1007 287.3247985839844 1007
1008 287.3294982910156 1008
1009 287.3341674804688 1009
1010 287.3388061523438 1010
1011 287.3434448242188 1011
1012 287.3480529785156 1012
1013 287.3526000976562 1013
1014 287.3571472167969 1014
1015 287.3616943359375 1015
1016 287.3661499023438 1016
1017 287.3706359863281 1017
1018 287.3750610351562 1018
1019 287.3794555664062 1019
1020 287.3838195800781 1020
1021 287.38818359375 1021
1022 287.3924865722656 1022
1023 287.3967590332031 1023
1024 287.4010009765625 1024
1025 287.4052124023438 1025
1026 287.4093627929688 1026
1027 287.4135131835938 1027
1028 287.4176025390625 1028
1029 287.421630859375 1029
1030 287.4256591796875 1030
1031 287.4296264648438 1031
1032 287.4335632324219 1032
1033 287.4375 1033
1034 287.4413452148438 1034
1035 287.4451293945312 1035
1036 287.4489440917969 1036
1037 287.45263671875 1037
1038 287.4563598632812 1038
1039 287.4599609375 1039
1040 287.4635620117188 1040
1041 287.4671020507812 1041
1042 287.4706420898438 1042
1043 287.4740905761719 1043
1044 287.4774780273438 1044
1045 287.4808349609375 1045
1046 287.4841613769531 1046
1047 287.4874267578125 1047
1048 287.4906616210938 1048
1049 287.4938354492188 1049
1050 287.4969482421875 1050
1051 287.5000305175781 1051
1052 287.5030212402344 1052
1053 287.5059814453125 1053
1054 287.5089111328125 1054
1055 287.5117797851562 1055
1056 287.5145874023438 1056
1057 287.517333984375 1057
1058 287.5200500488281 1058
1059 287.5226745605469 1059
1060 287.5252685546875 1060
1061 287.52783203125 1061
1062 287.5303039550781 1062
1063 287.5327453613281 1063
1064 287.5351257324219 1064
1065 287.5374450683594 1065
1066 287.5397033691406 1066
1067 287.5419311523438 1067
1068 287.5440673828125 1068
1069 287.546142578125 1069
1070 287.5481872558594 1070
1071 287.5502014160156 1071
1072 287.5521240234375 1072
1073 287.5539855957031 1073
1074 287.5557861328125 1074
1075 287.5575561523438 1075
1076 287.5592651367188 1076
1077 287.5608825683594 1077
1078 287.5625 1078
1079 287.5640258789062 1079
1080 287.5654907226562 1080
1081 287.56689453125 1081
1082 287.5682678222656 1082
1083 287.569580078125 1083
1084 287.5708312988281 1084
1085 287.5719909667969 1085
1086 287.5731201171875 1086
1087 287.57421875 1087
1088 287.5752258300781 1088
1089 287.5762023925781 1089
1090 287.5770874023438 1090
1091 287.5779418945312 1091
1092 287.5787353515625 1092
1093 287.5794677734375 1093
1094 287.5801391601562 1094
1095 287.5807800292969 1095
1096 287.5813598632812 1096
1097 287.5818481445312 1097
1098 287.5823059082031 1098
1099 287.5827331542969 1099
1100 287.5830688476562 1100
1101 287.5833740234375 1101
1102 287.5836181640625 1102
1103 287.5838012695312 1103
1104 287.5839233398438 1104
1105 287.583984375 1105
1106 287.5840148925781 1106
1107 287.583984375 1107
1108 287.5839233398438 1108
1109 287.583740234375 1109
1110 287.5835571289062 1110
1111 287.5833129882812 1111
1112 287.5830078125 1112
1113 287.5826721191406 1113
1114 287.582275390625 1114
1115 287.5818176269531 1115
1116 287.581298828125 1116
1117 287.580810546875 1117
1118 287.5802001953125 1118
1119 287.5795288085938 1119
1120 287.5788879394531 1120
1121 287.5781555175781 1121
1122 287.577392578125 1122
1123 287.5765686035156 1123
1124 287.5757141113281 1124
1125 287.5748291015625 1125
1126 287.5739135742188 1126
1127 287.5729370117188 1127
1128 287.5719604492188 1128
1129 287.5709533691406 1129
1130 287.5698852539062 1130
1131 287.56884765625 1131
1132 287.5677490234375 1132
1133 287.5665893554688 1133
1134 287.5654907226562 1134
1135 287.5643310546875 1135
1136 287.5631713867188 1136
1137 287.56201171875 1137
1138 287.5608215332031 1138
1139 287.5596313476562 1139
1140 287.5584716796875 1140
1141 287.5572509765625 1141
1142 287.5560607910156 1142
1143 287.5549011230469 1143
1144 287.5537414550781 1144
1145 287.5525817871094 1145
1146 287.5514526367188 1146
1147 287.5503234863281 1147
1148 287.5492248535156 1148
1149 287.5481567382812 1149
1150 287.547119140625 1150
1151 287.5461120605469 1151
1152 287.5451049804688 1152
1153 287.5441589355469 1153
1154 287.5432434082031 1154
1155 287.5423889160156 1155
1156 287.5415649414062 1156
1157 287.540771484375 1157
1158 287.5400390625 1158
1159 287.5393676757812 1159
1160 287.5387573242188 1160
1161 287.5381469726562 1161
1162 287.5376586914062 1162
1163 287.5372009277344 1163
1164 287.5368041992188 1164
1165 287.5364685058594 1165
1166 287.5361938476562 1166
1167 287.5359802246094 1167
1168 287.5358276367188 1168
1169 287.5357666015625 1169
1170 287.5357666015625 1170
1171 287.5358276367188 1171
1172 287.5359802246094 1172
1173 287.5361938476562 1173
1174 287.5364685058594 1174
1175 287.5368041992188 1175
1176 287.5372619628906 1176
1177 287.5377807617188 1177
1178 287.5383605957031 1178
1179 287.5390014648438 1179
1180 287.5397338867188 1180
1181 287.5405578613281 1181
1182 287.5414428710938 1182
1183 287.5424194335938 1183
1184 287.54345703125 1184
1185 287.5445861816406 1185
1186 287.5457763671875 1186
1187 287.5470581054688 1187
1188 287.5484008789062 1188
1189 287.5498657226562 1189
1190 287.5513305664062 1190
1191 287.5529174804688 1191
1192 287.5545654296875 1192
1193 287.5563049316406 1193
1194 287.55810546875 1194
1195 287.5599975585938 1195
1196 287.5619201660156 1196
1197 287.56396484375 1197
1198 287.5660400390625 1198
1199 287.5682067871094 1199
1200 287.5704345703125 1200
1201 287.57275390625 1201
1202 287.5751037597656 1202
1203 287.5775451660156 1203
1204 287.5800170898438 1204
1205 287.5826110839844 1205
1206 287.5852355957031 1206
1207 287.5879211425781 1207
1208 287.5906982421875 1208
1209 287.5934753417969 1209
1210 287.5963745117188 1210
1211 287.5992736816406 1211
1212 287.602294921875 1212
1213 287.6053161621094 1213
1214 287.6084289550781 1214
1215 287.6115417480469 1215
1216 287.6147766113281 1216
1217 287.6180114746094 1217
1218 287.6213073730469 1218
1219 287.6246643066406 1219
1220 287.6280517578125 1220
1221 287.6315002441406 1221
1222 287.6349792480469 1222
1223 287.6385192871094 1223
1224 287.6420593261719 1224
1225 287.6456909179688 1225
1226 287.6493530273438 1226
1227 287.6530151367188 1227
1228 287.65673828125 1228
1229 287.6604919433594 1229
1230 287.664306640625 1230
1231 287.6681213378906 1231
1232 287.6719970703125 1232
1233 287.6758422851562 1233
1234 287.6797485351562 1234
1235 287.6837158203125 1235
1236 287.6876525878906 1236
1237 287.691650390625 1237
1238 287.6956787109375 1238
1239 287.69970703125 1239
1240 287.7037353515625 1240
1241 287.7078552246094 1241
1242 287.7119140625 1242
1243 287.7160339355469 1243
1244 287.7201538085938 1244
1245 287.7243041992188 1245
1246 287.7284545898438 1246
1247 287.7326354980469 1247
1248 287.73681640625 1248
1249 287.7409973144531 1249
1250 287.7451782226562 1250
1251 287.7493896484375 1251
1252 287.7536010742188 1252
1253 287.7578125 1253
1254 287.7620239257812 1254
1255 287.7662353515625 1255
1256 287.7704467773438 1256
1257 287.7746887207031 1257
1258 287.7789001464844 1258
1259 287.7831420898438 1259
1260 287.787353515625 1260
1261 287.7915344238281 1261
1262 287.7957458496094 1262
1263 287.7999572753906 1263
1264 287.8041381835938 1264
1265 287.8083190917969 1265
1266 287.8125 1266
1267 287.816650390625 1267
1268 287.8208312988281 1268
1269 287.824951171875 1269
1270 287.8290710449219 1270
1271 287.8331909179688 1271
1272 287.8372802734375 1272
1273 287.8413696289062 1273
1274 287.8454284667969 1274
1275 287.8494567871094 1275
1276 287.8534851074219 1276
1277 287.8574829101562 1277
1278 287.8614501953125 1278
1279 287.8654174804688 1279
1280 287.8693542480469 1280
1281 287.8732604980469 1281
1282 287.8771667480469 1282
1283 287.8810424804688 1283
1284 287.8848571777344 1284
1285 287.8887023925781 1285
1286 287.8924865722656 1286
1287 287.896240234375 1287
1288 287.8999328613281 1288
1289 287.9036560058594 1289
1290 287.9072875976562 1290
1291 287.9109191894531 1291
1292 287.91455078125 1292
1293 287.9180908203125 1293
1294 287.921630859375 1294
1295 287.9251403808594 1295
1296 287.9285888671875 1296
1297 287.9320068359375 1297
1298 287.9353942871094 1298
1299 287.9387512207031 1299
1300 287.9420471191406 1300
1301 287.9453125 1301
1302 287.9485778808594 1302
1303 287.9517517089844 1303
1304 287.9548950195312 1304
1305 287.9580078125 1305
1306 287.9610595703125 1306
1307 287.964111328125 1307
1308 287.9671020507812 1308
1309 287.9700317382812 1309
1310 287.9729309082031 1310
1311 287.9757690429688 1311
1312 287.9785766601562 1312
1313 287.9813232421875 1313
1314 287.9840698242188 1314
1315 287.9866943359375 1315
1316 287.9893493652344 1316
1317 287.9918823242188 1317
1318 287.9944152832031 1318
1319 287.9968872070312 1319
1320 287.9993286132812 1320
1321 288.0016784667969 1321
1322 288.0039978027344 1322
1323 288.0062866210938 1323
1324 288.0084838867188 1324
1325 288.0106811523438 1325
1326 288.0127563476562 1326
1327 288.0148315429688 1327
1328 288.016845703125 1328
1329 288.0188293457031 1329
1330 288.0206909179688 1330
1331 288.0225830078125 1331
1332 288.0243530273438 1332
1333 288.0260925292969 1333
1334 288.0277709960938 1334
1335 288.0294189453125 1335
1336 288.031005859375 1336
1337 288.0325317382812 1337
1338 288.0339660644531 1338
1339 288.035400390625 1339
1340 288.0367431640625 1340
1341 288.0380554199219 1341
1342 288.039306640625 1342
1343 288.0404663085938 1343
1344 288.0416259765625 1344
1345 288.0426940917969 1345
1346 288.0437316894531 1346
1347 288.044677734375 1347
1348 288.0455932617188 1348
1349 288.0464477539062 1349
1350 288.0472412109375 1350
1351 288.0480041503906 1351
1352 288.0486755371094 1352
1353 288.0492858886719 1353
1354 288.0498657226562 1354
1355 288.0503845214844 1355
1356 288.0508422851562 1356
1357 288.05126953125 1357
1358 288.0516052246094 1358
1359 288.0519104003906 1359
1360 288.0521240234375 1360
1361 288.0523071289062 1361
1362 288.0524291992188 1362
1363 288.0525207519531 1363
1364 288.0525512695312 1364
1365 288.0525207519531 1365
1366 288.0523986816406 1366
1367 288.05224609375 1367
1368 288.0520629882812 1368
1369 288.0518188476562 1369
1370 288.051513671875 1370
1371 288.0511474609375 1371
1372 288.0507202148438 1372
1373 288.0502319335938 1373
1374 288.0497131347656 1374
1375 288.0491333007812 1375
1376 288.0484924316406 1376
1377 288.0478210449219 1377
1378 288.047119140625 1378
1379 288.0462951660156 1379
1380 288.0454711914062 1380
1381 288.0445556640625 1381
1382 288.0436401367188 1382
1383 288.0426635742188 1383
1384 288.0415954589844 1384
1385 288.04052734375 1385
1386 288.0393981933594 1386
1387 288.0382080078125 1387
1388 288.0369873046875 1388
1389 288.0357360839844 1389
1390 288.0343933105469 1390
1391 288.0330505371094 1391
1392 288.0316772460938 1392
1393 288.0302124023438 1393
1394 288.0287475585938 1394
1395 288.0272521972656 1395
1396 288.0257263183594 1396
1397 288.0241394042969 1397
1398 288.0225524902344 1398
1399 288.0209350585938 1399
1400 288.019287109375 1400
1401 288.0176086425781 1401
1402 288.0159301757812 1402
1403 288.0142211914062 1403
1404 288.0125122070312 1404
1405 288.0107421875 1405
1406 288.009033203125 1406
1407 288.0072631835938 1407
1408 288.0054931640625 1408
1409 288.0037231445312 1409
1410 288.0019836425781 1410
1411 288.000244140625 1411
1412 287.9984741210938 1412
1413 287.9967346191406 1413
1414 287.9950256347656 1414
1415 287.9933471679688 1415
1416 287.9916381835938 1416
1417 287.989990234375 1417
1418 287.9883422851562 1418
1419 287.9867553710938 1419
1420 287.9851684570312 1420
1421 287.9836120605469 1421
1422 287.9821166992188 1422
1423 287.9806518554688 1423
1424 287.9792175292969 1424
1425 287.9778442382812 1425
1426 287.9765014648438 1426
1427 287.9752197265625 1427
1428 287.9739990234375 1428
1429 287.9727783203125 1429
1430 287.9716796875 1430
1431 287.9706115722656 1431
1432 287.9696044921875 1432
1433 287.9686584472656 1433
1434 287.9677734375 1434
1435 287.9669494628906 1435
1436 287.9661865234375 1436
1437 287.9655151367188 1437
1438 287.9649047851562 1438
1439 287.96435546875 1439
1440 287.9638671875 1440
1441 287.9634704589844 1441
1442 287.963134765625 1442
1443 287.962890625 1443
1444 287.9627075195312 1444
1445 287.9625854492188 1445
1446 287.9625549316406 1446
1447 287.9625854492188 1447
1448 287.9627380371094 1448
1449 287.9629211425781 1449
1450 287.9631958007812 1450
1451 287.9635620117188 1451
1452 287.9639892578125 1452
1453 287.9645080566406 1453
1454 287.965087890625 1454
1455 287.9657592773438 1455
1456 287.9665222167969 1456
1457 287.9673461914062 1457
1458 287.9682312011719 1458
1459 287.9692077636719 1459
1460 287.9702758789062 1460
1461 287.9714050292969 1461
1462 287.9725952148438 1462
1463 287.973876953125 1463
1464 287.9752502441406 1464
1465 287.9766540527344 1465
1466 287.9781494140625 1466
1467 287.9797668457031 1467
1468 287.9813842773438 1468
1469 287.9830932617188 1469
1470 287.98486328125 1470
1471 287.9867553710938 1471
1472 287.9886474609375 1472
1473 287.9906311035156 1473
1474 287.99267578125 1474
1475 287.9948120117188 1475
1476 287.9970092773438 1476
1477 287.9992065429688 1477
1478 288.0015258789062 1478
1479 288.0038757324219 1479
1480 288.0062866210938 1480
1481 288.0087890625 1481
1482 288.0112915039062 1482
1483 288.013916015625 1483
1484 288.0165405273438 1484
1485 288.0192260742188 1485
1486 288.02197265625 1486
1487 288.0247802734375 1487
1488 288.0276184082031 1488
1489 288.030517578125 1489
1490 288.033447265625 1490
1491 288.0364379882812 1491
1492 288.0394897460938 1492
1493 288.0425415039062 1493
1494 288.045654296875 1494
1495 288.0487976074219 1495
1496 288.052001953125 1496
1497 288.0552368164062 1497
1498 288.0584716796875 1498
1499 288.0617980957031 1499
1500 288.0651245117188 1500
1501 288.0684814453125 1501
1502 288.0718688964844 1502
1503 288.0752868652344 1503
1504 288.0787353515625 1504
1505 288.0822143554688 1505
1506 288.085693359375 1506
1507 288.0892333984375 1507
1508 288.0928039550781 1508
1509 288.0963745117188 1509
1510 288.0999755859375 1510
1511 288.1035766601562 1511
1512 288.107177734375 1512
1513 288.11083984375 1513
1514 288.114501953125 1514
1515 288.1181640625 1515
1516 288.1218566894531 1516
1517 288.1255493164062 1517
1518 288.1292724609375 1518
1519 288.1329650878906 1519
1520 288.1366882324219 1520
1521 288.1404418945312 1521
1522 288.1441650390625 1522
1523 288.1479187011719 1523
1524 288.1516418457031 1524
1525 288.1553955078125 1525
1526 288.1591491699219 1526
1527 288.1629028320312 1527
1528 288.1666564941406 1528
1529 288.1703796386719 1529
1530 288.1741333007812 1530
1531 288.1778564453125 1531
1532 288.1815795898438 1532
1533 288.185302734375 1533
1534 288.1890258789062 1534
1535 288.1927490234375 1535
1536 288.1964416503906 1536
1537 288.2001037597656 1537
1538 288.2037963867188 1538
1539 288.2074584960938 1539
1540 288.2110900878906 1540
1541 288.2147216796875 1541
1542 288.2183227539062 1542
1543 288.221923828125 1543
1544 288.2255249023438 1544
1545 288.2290954589844 1545
1546 288.2326049804688 1546
1547 288.2361450195312 1547
1548 288.2396545410156 1548
1549 288.2431335449219 1549
1550 288.24658203125 1550
1551 288.25 1551
1552 288.25341796875 1552
1553 288.2568054199219 1553
1554 288.2601623535156 1554
1555 288.2634887695312 1555
1556 288.2667846679688 1556
1557 288.2700805664062 1557
1558 288.2733154296875 1558
1559 288.2765197753906 1559
1560 288.2796936035156 1560
1561 288.2828369140625 1561
1562 288.2859497070312 1562
1563 288.2890319824219 1563
1564 288.2920837402344 1564
1565 288.2951049804688 1565
1566 288.2980651855469 1566
1567 288.301025390625 1567
1568 288.303955078125 1568
1569 288.3067932128906 1569
1570 288.3096313476562 1570
1571 288.3124084472656 1571
1572 288.3151550292969 1572
1573 288.31787109375 1573
1574 288.320556640625 1574
1575 288.3231811523438 1575
1576 288.3257751464844 1576
1577 288.3283081054688 1577
1578 288.3307800292969 1578
1579 288.333251953125 1579
1580 288.3356628417969 1580
1581 288.3380126953125 1581
1582 288.34033203125 1582
1583 288.3426208496094 1583
1584 288.3448486328125 1584
1585 288.3470458984375 1585
1586 288.3491821289062 1586
1587 288.3512573242188 1587
1588 288.353271484375 1588
1589 288.3552856445312 1589
1590 288.357177734375 1590
1591 288.3591003417969 1591
1592 288.3609619140625 1592
1593 288.3627319335938 1593
1594 288.3644714355469 1594
1595 288.3661499023438 1595
1596 288.3677978515625 1596
1597 288.3693542480469 1597
1598 288.3708801269531 1598
1599 288.3723754882812 1599
1600 288.373779296875 1600
1601 288.3751525878906 1601
1602 288.37646484375 1602
1603 288.3777465820312 1603
1604 288.3789367675781 1604
1605 288.3800964355469 1605
1606 288.3811950683594 1606
1607 288.3822326660156 1607
1608 288.3832397460938 1608
1609 288.3841552734375 1609
1610 288.3850402832031 1610
1611 288.3858642578125 1611
1612 288.3866271972656 1612
1613 288.3873291015625 1613
1614 288.3880004882812 1614
1615 288.3886108398438 1615
1616 288.38916015625 1616
1617 288.3896179199219 1617
1618 288.3900451660156 1618
1619 288.3904418945312 1619
1620 288.3907775878906 1620
1621 288.3910522460938 1621
1622 288.3912353515625 1622
1623 288.3914184570312 1623
1624 288.3915100097656 1624
1625 288.3915710449219 1625
1626 288.3915710449219 1626
1627 288.3914794921875 1627
1628 288.391357421875 1628
1629 288.3912048339844 1629
1630 288.3909606933594 1630
1631 288.3906860351562 1631
1632 288.3903503417969 1632
1633 288.3899536132812 1633
1634 288.3895263671875 1634
1635 288.3890380859375 1635
1636 288.388427734375 1636
1637 288.3878479003906 1637
1638 288.3871765136719 1638
1639 288.386474609375 1639
1640 288.3856811523438 1640
1641 288.3848571777344 1641
1642 288.3840026855469 1642
1643 288.383056640625 1643
1644 288.382080078125 1644
1645 288.3810424804688 1645
1646 288.3799438476562 1646
1647 288.3788146972656 1647
1648 288.3776245117188 1648
1649 288.3763732910156 1649
1650 288.3750915527344 1650
1651 288.3737487792969 1651
1652 288.3723754882812 1652
1653 288.3709106445312 1653
1654 288.3694458007812 1654
1655 288.3678894042969 1655
1656 288.3663330078125 1656
1657 288.3646850585938 1657
1658 288.363037109375 1658
1659 288.361328125 1659
1660 288.3595886230469 1660
1661 288.3577880859375 1661
1662 288.35595703125 1662
1663 288.3541259765625 1663
1664 288.3522033691406 1664
1665 288.3502807617188 1665
1666 288.3482971191406 1666
1667 288.3463134765625 1667
1668 288.3442993164062 1668
1669 288.3422546386719 1669
1670 288.3402099609375 1670
1671 288.338134765625 1671
1672 288.3359985351562 1672
1673 288.3338928222656 1673
1674 288.3317565917969 1674
1675 288.3296508789062 1675
1676 288.3274841308594 1676
1677 288.3253479003906 1677
1678 288.3232116699219 1678
1679 288.321044921875 1679
1680 288.3189086914062 1680
1681 288.3167724609375 1681
1682 288.3146362304688 1682
1683 288.3125610351562 1683
1684 288.3104858398438 1684
1685 288.3084106445312 1685
1686 288.3063659667969 1686
1687 288.3043823242188 1687
1688 288.3023681640625 1688
1689 288.3004150390625 1689
1690 288.2984619140625 1690
1691 288.2966003417969 1691
1692 288.2947387695312 1692
1693 288.2929382324219 1693
1694 288.2911987304688 1694
1695 288.2894592285156 1695
1696 288.2877807617188 1696
1697 288.2861938476562 1697
1698 288.2846069335938 1698
1699 288.2831115722656 1699
1700 288.2816772460938 1700
1701 288.2803039550781 1701
1702 288.2789916992188 1702
1703 288.2777099609375 1703
1704 288.2765197753906 1704
1705 288.275390625 1705
1706 288.2743530273438 1706
1707 288.2733459472656 1707
1708 288.2724304199219 1708
1709 288.2715759277344 1709
1710 288.2708129882812 1710
1711 288.2701110839844 1711
1712 288.2694702148438 1712
1713 288.2689208984375 1713
1714 288.2684631347656 1714
1715 288.26806640625 1715
1716 288.2677307128906 1716
1717 288.2674865722656 1717
1718 288.267333984375 1718
1719 288.2672424316406 1719
1720 288.2672424316406 1720
1721 288.267333984375 1721
1722 288.2674560546875 1722
1723 288.2676696777344 1723
1724 288.2680053710938 1724
1725 288.2684020996094 1725
1726 288.2688598632812 1726
1727 288.2693786621094 1727
1728 288.2699890136719 1728
1729 288.2706909179688 1729
1730 288.271484375 1730
1731 288.2723388671875 1731
1732 288.2732543945312 1732
1733 288.2742614746094 1733
1734 288.2753295898438 1734
1735 288.2764587402344 1735
1736 288.2776794433594 1736
1737 288.2789916992188 1737
1738 288.2803344726562 1738
1739 288.2817687988281 1739
1740 288.2832641601562 1740
1741 288.2848510742188 1741
1742 288.2864379882812 1742
1743 288.2881469726562 1743
1744 288.2899169921875 1744
1745 288.291748046875 1745
1746 288.2936401367188 1746
1747 288.2955932617188 1747
1748 288.297607421875 1748
1749 288.2996826171875 1749
1750 288.3018188476562 1750
1751 288.3039855957031 1751
1752 288.3062438964844 1752
1753 288.3085327148438 1753
1754 288.3108825683594 1754
1755 288.3132934570312 1755
1756 288.3157348632812 1756
1757 288.3182373046875 1757
1758 288.32080078125 1758
1759 288.3234252929688 1759
1760 288.3260498046875 1760
1761 288.3287353515625 1761
1762 288.3314514160156 1762
1763 288.334228515625 1763
1764 288.3370361328125 1764
1765 288.3399047851562 1765
1766 288.3428039550781 1766
1767 288.345703125 1767
1768 288.3486938476562 1768
1769 288.3516540527344 1769
1770 288.3546752929688 1770
1771 288.3577575683594 1771
1772 288.36083984375 1772
1773 288.3639526367188 1773
1774 288.3670959472656 1774
1775 288.3702697753906 1775
1776 288.3734741210938 1776
1777 288.3766784667969 1777
1778 288.3799133300781 1778
1779 288.3831787109375 1779
1780 288.3864440917969 1780
1781 288.3897705078125 1781
1782 288.39306640625 1782
1783 288.3963928222656 1783
1784 288.3997192382812 1784
1785 288.403076171875 1785
1786 288.4064636230469 1786
1787 288.4098510742188 1787
1788 288.4132385253906 1788
1789 288.4166259765625 1789
1790 288.4200134277344 1790
1791 288.4234619140625 1791
1792 288.4268493652344 1792
1793 288.4302978515625 1793
1794 288.4337158203125 1794
1795 288.4371337890625 1795
1796 288.4405517578125 1796
1797 288.4439697265625 1797
1798 288.4473876953125 1798
1799 288.4508056640625 1799
1800 288.4542236328125 1800
1801 288.4576416015625 1801
1802 288.4610595703125 1802
1803 288.4644470214844 1803
1804 288.4678344726562 1804
1805 288.47119140625 1805
1806 288.4745483398438 1806
1807 288.4779052734375 1807
1808 288.4812622070312 1808
1809 288.4845886230469 1809
1810 288.4879150390625 1810
1811 288.4912109375 1811
1812 288.4944763183594 1812
1813 288.4977416992188 1813
1814 288.5010070800781 1814
1815 288.5042114257812 1815
1816 288.5074462890625 1816
1817 288.5106201171875 1817
1818 288.5137939453125 1818
1819 288.5169372558594 1819
1820 288.5200500488281 1820
1821 288.5231628417969 1821
1822 288.5261840820312 1822
1823 288.5292358398438 1823
1824 288.5322875976562 1824
1825 288.5352783203125 1825
1826 288.5382385253906 1826
1827 288.5411682128906 1827
1828 288.5440368652344 1828
1829 288.5469360351562 1829
1830 288.5497741699219 1830
1831 288.5525817871094 1831
1832 288.5553588867188 1832
1833 288.55810546875 1833
1834 288.560791015625 1834
1835 288.5634765625 1835
1836 288.5661010742188 1836
1837 288.5687255859375 1837
1838 288.5712585449219 1838
1839 288.5737915039062 1839
1840 288.5762634277344 1840
1841 288.5787048339844 1841
1842 288.5811157226562 1842
1843 288.58349609375 1843
1844 288.5858154296875 1844
1845 288.5880737304688 1845
1846 288.59033203125 1846
1847 288.592529296875 1847
1848 288.5946655273438 1848
1849 288.5968017578125 1849
1850 288.598876953125 1850
1851 288.6008605957031 1851
1852 288.6028442382812 1852
1853 288.6047668457031 1853
1854 288.6066589355469 1854
1855 288.6084899902344 1855
1856 288.6102905273438 1856
1857 288.6120300292969 1857
1858 288.6137084960938 1858
1859 288.6153564453125 1859
1860 288.616943359375 1860
1861 288.6184692382812 1861
1862 288.6199645996094 1862
1863 288.6213989257812 1863
1864 288.6227722167969 1864
1865 288.6241455078125 1865
1866 288.6254272460938 1866
1867 288.6266479492188 1867
1868 288.6278076171875 1868
1869 288.6289672851562 1869
1870 288.6300354003906 1870
1871 288.6310424804688 1871
1872 288.6320190429688 1872
1873 288.6329345703125 1873
1874 288.6337890625 1874
1875 288.6346130371094 1875
1876 288.6353149414062 1876
1877 288.6360473632812 1877
1878 288.6366882324219 1878
1879 288.6372680664062 1879
1880 288.6378173828125 1880
1881 288.6382751464844 1881
1882 288.6387023925781 1882
1883 288.6390686035156 1883
1884 288.639404296875 1884
1885 288.6396484375 1885
1886 288.6398315429688 1886
1887 288.6399536132812 1887
1888 288.6400756835938 1888
1889 288.6401062011719 1889
1890 288.6400756835938 1890
1891 288.6400146484375 1891
1892 288.639892578125 1892
1893 288.6397094726562 1893
1894 288.6394653320312 1894
1895 288.63916015625 1895
1896 288.6387939453125 1896
1897 288.638427734375 1897
1898 288.6379699707031 1898
1899 288.637451171875 1899
1900 288.6368713378906 1900
1901 288.6362609863281 1901
1902 288.6355590820312 1902
1903 288.6348266601562 1903
1904 288.634033203125 1904
1905 288.6332092285156 1905
1906 288.63232421875 1906
1907 288.63134765625 1907
1908 288.63037109375 1908
1909 288.6293334960938 1909
1910 288.6282043457031 1910
1911 288.6270751953125 1911
1912 288.6258544921875 1912
1913 288.6245727539062 1913
1914 288.6232604980469 1914
1915 288.6218872070312 1915
1916 288.6204528808594 1916
1917 288.6190185546875 1917
1918 288.6174926757812 1918
1919 288.6159057617188 1919
1920 288.6142578125 1920
1921 288.6126098632812 1921
1922 288.6109008789062 1922
1923 288.609130859375 1923
1924 288.6073303222656 1924
1925 288.60546875 1925
1926 288.6035766601562 1926
1927 288.6016235351562 1927
1928 288.5996398925781 1928
1929 288.5976257324219 1929
1930 288.5955200195312 1930
1931 288.5934448242188 1931
1932 288.59130859375 1932
1933 288.5891418457031 1933
1934 288.5869140625 1934
1935 288.5846862792969 1935
1936 288.5824279785156 1936
1937 288.5801391601562 1937
1938 288.5778198242188 1938
1939 288.5754699707031 1939
1940 288.5731201171875 1940
1941 288.5707397460938 1941
1942 288.568359375 1942
1943 288.5659790039062 1943
1944 288.5635375976562 1944
1945 288.5611572265625 1945
1946 288.5587158203125 1946
1947 288.5563354492188 1947
1948 288.5538940429688 1948
1949 288.5514831542969 1949
1950 288.549072265625 1950
1951 288.5466918945312 1951
1952 288.5443115234375 1952
1953 288.5419616699219 1953
1954 288.5396118164062 1954
1955 288.5373229980469 1955
1956 288.5350341796875 1956
1957 288.5327453613281 1957
1958 288.5305480957031 1958
1959 288.5283508300781 1959
1960 288.5261840820312 1960
1961 288.5240783691406 1961
1962 288.5220031738281 1962
1963 288.5199584960938 1963
1964 288.5180053710938 1964
1965 288.5160827636719 1965
1966 288.5142211914062 1966
1967 288.5123901367188 1967
1968 288.5106201171875 1968
1969 288.5089111328125 1969
1970 288.5072631835938 1970
1971 288.5056762695312 1971
1972 288.504150390625 1972
1973 288.5027160644531 1973
1974 288.5013122558594 1974
1975 288.5 1975
1976 288.4987182617188 1976
1977 288.49755859375 1977
1978 288.4964599609375 1978
1979 288.4954223632812 1979
1980 288.4944763183594 1980
1981 288.4935913085938 1981
1982 288.4927978515625 1982
1983 288.4920654296875 1983
1984 288.4913940429688 1984
1985 288.4908142089844 1985
1986 288.4903259277344 1986
1987 288.4898986816406 1987
1988 288.4895324707031 1988
1989 288.4892883300781 1989
1990 288.4891052246094 1990
1991 288.489013671875 1991
1992 288.4889831542969 1992
1993 288.4890441894531 1993
1994 288.4891662597656 1994
1995 288.4893798828125 1995
1996 288.4896850585938 1996
1997 288.4900512695312 1997
1998 288.490478515625 1998
1999 288.4910278320312 1999
2000 288.4916076660156 2000
2001 288.4923095703125 2001
2002 288.4930419921875 2002
2003 288.4938354492188 2003
2004 288.4947509765625 2004
2005 288.4957275390625 2005
2006 288.4967651367188 2006
2007 288.4978637695312 2007
2008 288.4990539550781 2008
2009 288.5003051757812 2009
2010 288.5016174316406 2010
2011 288.5030212402344 2011
2012 288.5044860839844 2012
2013 288.5059814453125 2013
2014 288.507568359375 2014
2015 288.5092163085938 2015
2016 288.5109252929688 2016
2017 288.5126953125 2017
2018 288.5145263671875 2018
2019 288.5164184570312 2019
2020 288.5183715820312 2020
2021 288.5203552246094 2021
2022 288.5224304199219 2022
2023 288.5245361328125 2023
2024 288.5266723632812 2024
2025 288.5289001464844 2025
2026 288.5311889648438 2026
2027 288.5334777832031 2027
2028 288.5358276367188 2028
2029 288.5382385253906 2029
2030 288.5407104492188 2030
2031 288.5431823730469 2031
2032 288.5457153320312 2032
2033 288.5483093261719 2033
2034 288.5509033203125 2034
2035 288.5535888671875 2035
2036 288.5562744140625 2036
2037 288.5589904785156 2037
2038 288.5617370605469 2038
2039 288.5645446777344 2039
2040 288.5673828125 2040
2041 288.5702209472656 2041
2042 288.5731201171875 2042
2043 288.5760192871094 2043
2044 288.5789489746094 2044
2045 288.5819091796875 2045
2046 288.5848999023438 2046
2047 288.587890625 2047
2048 288.5909118652344 2048
2049 288.5939636230469 2049
2050 288.5970458984375 2050
2051 288.60009765625 2051
2052 288.6032104492188 2052
2053 288.6063537597656 2053
2054 288.6094665527344 2054
2055 288.6126098632812 2055
2056 288.6157531738281 2056
2057 288.6189270019531 2057
2058 288.6221008300781 2058
2059 288.6252746582031 2059
2060 288.6284484863281 2060
2061 288.6316528320312 2061
2062 288.6348266601562 2062
2063 288.6380004882812 2063
2064 288.6412353515625 2064
2065 288.6444091796875 2065
2066 288.6476135253906 2066
2067 288.6508178710938 2067
2068 288.6539916992188 2068
2069 288.6571655273438 2069
2070 288.6603698730469 2070
2071 288.66357421875 2071
2072 288.6667175292969 2072
2073 288.6698913574219 2073
2074 288.6730346679688 2074
2075 288.6761779785156 2075
2076 288.6793212890625 2076
2077 288.6824340820312 2077
2078 288.685546875 2078
2079 288.6886291503906 2079
2080 288.6917114257812 2080
2081 288.6947631835938 2081
2082 288.6978149414062 2082
2083 288.7008361816406 2083
2084 288.703857421875 2084
2085 288.7068481445312 2085
2086 288.7098083496094 2086
2087 288.7127685546875 2087
2088 288.7156677246094 2088
2089 288.7185668945312 2089
2090 288.7214660644531 2090
2091 288.7243041992188 2091
2092 288.7271423339844 2092
2093 288.7299194335938 2093
2094 288.7326965332031 2094
2095 288.7354736328125 2095
2096 288.7381591796875 2096
2097 288.7408447265625 2097
2098 288.7434997558594 2098
2099 288.74609375 2099
2100 288.7487182617188 2100
2101 288.7512512207031 2101
2102 288.7538146972656 2102
2103 288.7562866210938 2103
2104 288.7587280273438 2104
2105 288.7611694335938 2105
2106 288.7635498046875 2106
2107 288.7658996582031 2107
2108 288.7682189941406 2108
2109 288.7704772949219 2109
2110 288.772705078125 2110
2111 288.77490234375 2111
2112 288.7770385742188 2112
2113 288.7791442871094 2113
2114 288.7812194824219 2114
2115 288.7832336425781 2115
2116 288.7852172851562 2116
2117 288.7871704101562 2117
2118 288.7890625 2118
2119 288.7909240722656 2119
2120 288.792724609375 2120
2121 288.7944946289062 2121
2122 288.7962036132812 2122
2123 288.7978820800781 2123
2124 288.7994995117188 2124
2125 288.8010864257812 2125
2126 288.8025817871094 2126
2127 288.8040771484375 2127
2128 288.8055114746094 2128
2129 288.806884765625 2129
2130 288.8082275390625 2130
2131 288.8095092773438 2131
2132 288.8107299804688 2132
2133 288.8118896484375 2133
2134 288.8130493164062 2134
2135 288.8141174316406 2135
2136 288.8151245117188 2136
2137 288.8161010742188 2137
2138 288.8170166015625 2138
2139 288.81787109375 2139
2140 288.8186950683594 2140
2141 288.8194580078125 2141
2142 288.8201904296875 2142
2143 288.8208312988281 2143
2144 288.8214111328125 2144
2145 288.8219604492188 2145
2146 288.8224487304688 2146
2147 288.8229064941406 2147
2148 288.8233032226562 2148
2149 288.8236083984375 2149
2150 288.8238525390625 2150
2151 288.8240966796875 2151
2152 288.8242492675781 2152
2153 288.8243408203125 2153
2154 288.8244018554688 2154
2155 288.8244018554688 2155
2156 288.8243408203125 2156
2157 288.8242492675781 2157
2158 288.8240661621094 2158
2159 288.8238220214844 2159
2160 288.8235473632812 2160
2161 288.8232116699219 2161
2162 288.8228149414062 2162
2163 288.8223876953125 2163
2164 288.8218994140625 2164
2165 288.8213500976562 2165
2166 288.8207397460938 2166
2167 288.820068359375 2167
2168 288.8193359375 2168
2169 288.8185729980469 2169
2170 288.8177490234375 2170
2171 288.8168640136719 2171
2172 288.8159484863281 2172
2173 288.8149719238281 2173
2174 288.8139038085938 2174
2175 288.8128051757812 2175
2176 288.8116760253906 2176
2177 288.8104858398438 2177
2178 288.8092041015625 2178
2179 288.8079223632812 2179
2180 288.8065490722656 2180
2181 288.8051147460938 2181
2182 288.8036804199219 2182
2183 288.8021545410156 2183
2184 288.8005981445312 2184
2185 288.7989807128906 2185
2186 288.7973022460938 2186
2187 288.7955932617188 2187
2188 288.7938232421875 2188
2189 288.7919921875 2189
2190 288.7901000976562 2190
2191 288.7882080078125 2191
2192 288.7862243652344 2192
2193 288.7842407226562 2193
2194 288.7821655273438 2194
2195 288.7800903320312 2195
2196 288.7779541015625 2196
2197 288.7757568359375 2197
2198 288.7735290527344 2198
2199 288.771240234375 2199
2200 288.7689514160156 2200
2201 288.7666320800781 2201
2202 288.7642822265625 2202
2203 288.7618408203125 2203
2204 288.7594299316406 2204
2205 288.7569580078125 2205
2206 288.7544555664062 2206
2207 288.751953125 2207
2208 288.7494506835938 2208
2209 288.7468872070312 2209
2210 288.7443237304688 2210
2211 288.7417297363281 2211
2212 288.7391357421875 2212
2213 288.7365112304688 2213
2214 288.7339172363281 2214
2215 288.7312927246094 2215
2216 288.7286987304688 2216
2217 288.72607421875 2217
2218 288.7234802246094 2218
2219 288.7209167480469 2219
2220 288.7183227539062 2220
2221 288.7157592773438 2221
2222 288.7132263183594 2222
2223 288.7106628417969 2223
2224 288.7081604003906 2224
2225 288.7056884765625 2225
2226 288.7032470703125 2226
2227 288.7008361816406 2227
2228 288.6984558105469 2228
2229 288.6961059570312 2229
2230 288.6937866210938 2230
2231 288.6915283203125 2231
2232 288.6893005371094 2232
2233 288.6871337890625 2233
2234 288.6850280761719 2234
2235 288.6829833984375 2235
2236 288.6809692382812 2236
2237 288.6790161132812 2237
2238 288.6771240234375 2238
2239 288.6752624511719 2239
2240 288.6734924316406 2240
2241 288.6717834472656 2241
2242 288.6701354980469 2242
2243 288.6685791015625 2243
2244 288.6670532226562 2244
2245 288.6656188964844 2245
2246 288.6642761230469 2246
2247 288.6629638671875 2247
2248 288.6617736816406 2248
2249 288.6606140136719 2249
2250 288.6595458984375 2250
2251 288.6585388183594 2251
2252 288.6576538085938 2252
2253 288.6567993164062 2253
2254 288.6560363769531 2254
2255 288.6553955078125 2255
2256 288.65478515625 2256
2257 288.6542358398438 2257
2258 288.65380859375 2258
2259 288.6534423828125 2259
2260 288.6531372070312 2260
2261 288.6529541015625 2261
2262 288.6528015136719 2262
2263 288.6527709960938 2263
2264 288.6528015136719 2264
2265 288.6528930664062 2265
2266 288.653076171875 2266
2267 288.6533813476562 2267
2268 288.6537170410156 2268
2269 288.6541137695312 2269
2270 288.6546020507812 2270
2271 288.6551818847656 2271
2272 288.6558227539062 2272
2273 288.6565551757812 2273
2274 288.6573486328125 2274
2275 288.658203125 2275
2276 288.6591491699219 2276
2277 288.66015625 2277
2278 288.6612548828125 2278
2279 288.6623840332031 2279
2280 288.66357421875 2280
2281 288.6648559570312 2281
2282 288.6662292480469 2282
2283 288.6676330566406 2283
2284 288.6690979003906 2284
2285 288.670654296875 2285
2286 288.6722106933594 2286
2287 288.6738891601562 2287
2288 288.6755981445312 2288
2289 288.6773986816406 2289
2290 288.67919921875 2290
2291 288.6810913085938 2291
2292 288.6830444335938 2292
2293 288.6850280761719 2293
2294 288.6870727539062 2294
2295 288.6891479492188 2295
2296 288.6913146972656 2296
2297 288.6934814453125 2297
2298 288.6957397460938 2298
2299 288.697998046875 2299
2300 288.7003479003906 2300
2301 288.7026977539062 2301
2302 288.705078125 2302
2303 288.7075500488281 2303
2304 288.7100219726562 2304
2305 288.7125549316406 2305
2306 288.7151184082031 2306
2307 288.7177124023438 2307
2308 288.7203369140625 2308
2309 288.7229919433594 2309
2310 288.7256774902344 2310
2311 288.7283935546875 2311
2312 288.7311401367188 2312
2313 288.7339172363281 2313
2314 288.7366943359375 2314
2315 288.7395629882812 2315
2316 288.7423706054688 2316
2317 288.7452392578125 2317
2318 288.7481079101562 2318
2319 288.7510070800781 2319
2320 288.7539367675781 2320
2321 288.7568664550781 2321
2322 288.7598266601562 2322
2323 288.7627868652344 2323
2324 288.7657470703125 2324
2325 288.7687377929688 2325
2326 288.771728515625 2326
2327 288.7747802734375 2327
2328 288.7777709960938 2328
2329 288.7807922363281 2329
2330 288.7838134765625 2330
2331 288.786865234375 2331
2332 288.7898864746094 2332
2333 288.7929382324219 2333
2334 288.7959594726562 2334
2335 288.7989807128906 2335
2336 288.8020324707031 2336
2337 288.8050537109375 2337
2338 288.80810546875 2338
2339 288.8110961914062 2339
2340 288.8141174316406 2340
2341 288.817138671875 2341
2342 288.8201599121094 2342
2343 288.8231201171875 2343
2344 288.8261413574219 2344
2345 288.8291015625 2345
2346 288.83203125 2346
2347 288.8350219726562 2347
2348 288.8379516601562 2348
2349 288.8408508300781 2349
2350 288.84375 2350
2351 288.8466491699219 2351
2352 288.8495178222656 2352
2353 288.8523559570312 2353
2354 288.855224609375 2354
2355 288.8580322265625 2355
2356 288.8607788085938 2356
2357 288.8635559082031 2357
2358 288.8663024902344 2358
2359 288.8690490722656 2359
2360 288.8717346191406 2360
2361 288.8743896484375 2361
2362 288.8770446777344 2362
2363 288.8796691894531 2363
2364 288.8822631835938 2364
2365 288.8847961425781 2365
2366 288.8873291015625 2366
2367 288.8898315429688 2367
2368 288.8923034667969 2368
2369 288.8947448730469 2369
2370 288.8971557617188 2370
2371 288.8995361328125 2371
2372 288.90185546875 2372
2373 288.9041442871094 2373
2374 288.9064331054688 2374
2375 288.9086608886719 2375
2376 288.9108276367188 2376
2377 288.9129943847656 2377
2378 288.9151306152344 2378
2379 288.9171752929688 2379
2380 288.9192504882812 2380
2381 288.9212341308594 2381
2382 288.9231567382812 2382
2383 288.9251098632812 2383
2384 288.9269714355469 2384
2385 288.9288024902344 2385
2386 288.9306030273438 2386
2387 288.9323425292969 2387
2388 288.9340515136719 2388
2389 288.9356994628906 2389
2390 288.9373168945312 2390
2391 288.9388427734375 2391
2392 288.9403991699219 2392
2393 288.9418640136719 2393
2394 288.9432983398438 2394
2395 288.9446716308594 2395
2396 288.9460144042969 2396
2397 288.947265625 2397
2398 288.9485168457031 2398
2399 288.9496765136719 2399
2400 288.9508056640625 2400
2401 288.9518737792969 2401
2402 288.9529113769531 2402
2403 288.9538879394531 2403
2404 288.9548034667969 2404
2405 288.9556884765625 2405
2406 288.95654296875 2406
2407 288.957275390625 2407
2408 288.9580078125 2408
2409 288.9586791992188 2409
2410 288.9592895507812 2410
2411 288.9598388671875 2411
2412 288.9603576660156 2412
2413 288.9607849121094 2413
2414 288.961181640625 2414
2415 288.9615478515625 2415
2416 288.9617919921875 2416
2417 288.9620666503906 2417
2418 288.9622192382812 2418
2419 288.9623413085938 2419
2420 288.96240234375 2420
2421 288.9624328613281 2421
2422 288.96240234375 2422
2423 288.9622802734375 2423
2424 288.962158203125 2424
2425 288.9619140625 2425
2426 288.961669921875 2426
2427 288.9613647460938 2427
2428 288.9609985351562 2428
2429 288.9605712890625 2429
2430 288.9600830078125 2430
2431 288.9595336914062 2431
2432 288.9589538574219 2432
2433 288.9583129882812 2433
2434 288.9575805664062 2434
2435 288.9568481445312 2435
2436 288.9560546875 2436
2437 288.9551696777344 2437
2438 288.9542846679688 2438
2439 288.9532775878906 2439
2440 288.9522705078125 2440
2441 288.951171875 2441
2442 288.9500427246094 2442
2443 288.9488525390625 2443
2444 288.9476318359375 2444
2445 288.9463195800781 2445
2446 288.9449768066406 2446
2447 288.9435729980469 2447
2448 288.942138671875 2448
2449 288.9406433105469 2449
2450 288.9390869140625 2450
2451 288.9374694824219 2451
2452 288.9358215332031 2452
2453 288.93408203125 2453
2454 288.9323120117188 2454
2455 288.9305114746094 2455
2456 288.9286499023438 2456
2457 288.9267272949219 2457
2458 288.9247741699219 2458
2459 288.9227600097656 2459
2460 288.9207153320312 2460
2461 288.9185791015625 2461
2462 288.9164428710938 2462
2463 288.9142456054688 2463
2464 288.9120178222656 2464
2465 288.9096984863281 2465
2466 288.9074096679688 2466
2467 288.905029296875 2467
2468 288.9026184082031 2468
2469 288.900146484375 2469
2470 288.8976745605469 2470
2471 288.8951721191406 2471
2472 288.8926391601562 2472
2473 288.8900451660156 2473
2474 288.887451171875 2474
2475 288.8848266601562 2475
2476 288.8821411132812 2476
2477 288.8794860839844 2477
2478 288.8767700195312 2478
2479 288.8740844726562 2479
2480 288.871337890625 2480
2481 288.8686218261719 2481
2482 288.8658752441406 2482
2483 288.8631286621094 2483
2484 288.8603820800781 2484
2485 288.8576354980469 2485
2486 288.8548889160156 2486
2487 288.8521423339844 2487
2488 288.8493957519531 2488
2489 288.8466796875 2489
2490 288.8439636230469 2490
2491 288.84130859375 2491
2492 288.838623046875 2492
2493 288.8359985351562 2493
2494 288.8333435058594 2494
2495 288.8307495117188 2495
2496 288.8281860351562 2496
2497 288.82568359375 2497
2498 288.8231811523438 2498
2499 288.8207397460938 2499
2500 288.818359375 2500
