"point-c-rfile"
"Time Step" "point-c etc.."
("Time Step" "point-c" "flow-time")
0 283 0
1 283 1
2 283 2
3 283 3
4 283 4
5 283 5
6 283 6
7 283 7
8 283 8
9 283 9
10 283 10
11 283 11
12 283 12
13 283 13
14 283 14
15 283 15
16 283 16
17 283 17
18 283 18
19 283 19
20 283 20
21 283 21
22 283 22
23 283 23
24 283 24
25 283 25
26 283 26
27 283 27
28 283 28
29 283 29
30 283.0000305175781 30
31 283.0000610351562 31
32 283.0000610351562 32
33 283.0000610351562 33
34 283.0001220703125 34
35 283.0001220703125 35
36 283.0001525878906 36
37 283.0001831054688 37
38 283.000244140625 38
39 283.0003051757812 39
40 283.0003662109375 40
41 283.0004577636719 41
42 283.0005493164062 42
43 283.0006713867188 43
44 283.0008239746094 44
45 283.0009765625 45
46 283.0011596679688 46
47 283.0013427734375 47
48 283.0015563964844 48
49 283.0018005371094 49
50 283.0021057128906 50
51 283.0024108886719 51
52 283.0027770996094 52
53 283.003173828125 53
54 283.0036315917969 54
55 283.0041198730469 55
56 283.0046691894531 56
57 283.0052795410156 57
58 283.0059509277344 58
59 283.0066528320312 59
60 283.0074462890625 60
61 283.00830078125 61
62 283.00927734375 62
63 283.0102844238281 63
64 283.0113830566406 64
65 283.0125732421875 65
66 283.0138549804688 66
67 283.0151977539062 67
68 283.0167236328125 68
69 283.018310546875 69
70 283.0199584960938 70
71 283.0217590332031 71
72 283.023681640625 72
73 283.0256958007812 73
74 283.0278625488281 74
75 283.0301513671875 75
76 283.0325317382812 76
77 283.0350952148438 77
78 283.0377807617188 78
79 283.0405883789062 79
80 283.0435791015625 80
81 283.0466613769531 81
82 283.0499267578125 82
83 283.0533142089844 83
84 283.056884765625 84
85 283.0605773925781 85
86 283.064453125 86
87 283.0684814453125 87
88 283.0726928710938 88
89 283.0770263671875 89
90 283.08154296875 90
91 283.0862426757812 91
92 283.091064453125 92
93 283.0961303710938 93
94 283.101318359375 94
95 283.1066589355469 95
96 283.1121826171875 96
97 283.1178894042969 97
98 283.123779296875 98
99 283.1298217773438 99
100 283.1360473632812 100
101 283.1424255371094 101
102 283.1490173339844 102
103 283.1557312011719 103
104 283.1626586914062 104
105 283.1697387695312 105
106 283.177001953125 106
107 283.1844177246094 107
108 283.1920166015625 108
109 283.1997680664062 109
110 283.2077026367188 110
111 283.2158203125 111
112 283.2240905761719 112
113 283.2325439453125 113
114 283.2411193847656 114
115 283.2498779296875 115
116 283.2587890625 116
117 283.2678833007812 117
118 283.277099609375 118
119 283.2864990234375 119
120 283.2960510253906 120
121 283.3057250976562 121
122 283.3156127929688 122
123 283.3255920410156 123
124 283.3357543945312 124
125 283.3460693359375 125
126 283.3564758300781 126
127 283.3670654296875 127
128 283.3777770996094 128
129 283.3886108398438 129
130 283.3996276855469 130
131 283.4107360839844 131
132 283.4219665527344 132
133 283.433349609375 133
134 283.4448547363281 134
135 283.4565124511719 135
136 283.4682312011719 136
137 283.4801025390625 137
138 283.4920959472656 138
139 283.5041809082031 139
140 283.5163879394531 140
141 283.5287170410156 141
142 283.5411376953125 142
143 283.5536804199219 143
144 283.5663146972656 144
145 283.5790405273438 145
146 283.5918579101562 146
147 283.6047973632812 147
148 283.6177978515625 148
149 283.6309204101562 149
150 283.6441040039062 150
151 283.6573791503906 151
152 283.6707458496094 152
153 283.6842041015625 153
154 283.6976928710938 154
155 283.7113037109375 155
156 283.7249755859375 156
157 283.7387084960938 157
158 283.7525024414062 158
159 283.7664184570312 159
160 283.7803344726562 160
161 283.7943420410156 161
162 283.8084106445312 162
163 283.822509765625 163
164 283.8367004394531 164
165 283.8509216308594 165
166 283.8652038574219 166
167 283.8795166015625 167
168 283.8938903808594 168
169 283.9083251953125 169
170 283.9227600097656 170
171 283.937255859375 171
172 283.9517822265625 172
173 283.9663391113281 173
174 283.98095703125 174
175 283.9955444335938 175
176 284.0102233886719 176
177 284.02490234375 177
178 284.0396118164062 178
179 284.0543212890625 179
180 284.069091796875 180
181 284.0838623046875 181
182 284.0986633300781 182
183 284.1134338378906 183
184 284.1282348632812 184
185 284.14306640625 185
186 284.1578979492188 186
187 284.1727600097656 187
188 284.1875610351562 188
189 284.2024230957031 189
190 284.21728515625 190
191 284.2321472167969 191
192 284.2469482421875 192
193 284.2618103027344 193
194 284.2766418457031 194
195 284.29150390625 195
196 284.3063049316406 196
197 284.3211059570312 197
198 284.3359069824219 198
199 284.3507080078125 199
200 284.365478515625 200
201 284.3802185058594 201
202 284.3949279785156 202
203 284.40966796875 203
204 284.4243469238281 204
205 284.4390258789062 205
206 284.4536437988281 206
207 284.46826171875 207
208 284.4828491210938 208
209 284.4974060058594 209
210 284.511962890625 210
211 284.5264282226562 211
212 284.5408935546875 212
213 284.5553588867188 213
214 284.5697326660156 214
215 284.5840759277344 215
216 284.598388671875 216
217 284.6126708984375 217
218 284.6268920898438 218
219 284.6410827636719 219
220 284.6552429199219 220
221 284.6693420410156 221
222 284.6834106445312 222
223 284.6974182128906 223
224 284.7113647460938 224
225 284.7252807617188 225
226 284.7391662597656 226
227 284.7529602050781 227
228 284.7667236328125 228
229 284.7803955078125 229
230 284.7940673828125 230
231 284.8076477050781 231
232 284.8211975097656 232
233 284.8346557617188 233
234 284.8480529785156 234
235 284.8614196777344 235
236 284.8746948242188 236
237 284.887939453125 237
238 284.901123046875 238
239 284.9142150878906 239
240 284.92724609375 240
241 284.9402160644531 241
242 284.953125 242
243 284.9659423828125 243
244 284.9787292480469 244
245 284.9914245605469 245
246 285.0040588378906 246
247 285.0166015625 247
248 285.0291137695312 248
249 285.04150390625 249
250 285.0538330078125 250
251 285.0661315917969 251
252 285.0783081054688 252
253 285.0903930664062 253
254 285.1024475097656 254
255 285.1144104003906 255
256 285.1262817382812 256
257 285.1380920410156 257
258 285.1497802734375 258
259 285.1614379882812 259
260 285.1730041503906 260
261 285.1844787597656 261
262 285.1958923339844 262
263 285.2071838378906 263
264 285.2184143066406 264
265 285.2295532226562 265
266 285.2406005859375 266
267 285.2515869140625 267
268 285.2625122070312 268
269 285.2732849121094 269
270 285.2839965820312 270
271 285.2946166992188 271
272 285.30517578125 272
273 285.3156127929688 273
274 285.3259887695312 274
275 285.3362426757812 275
276 285.346435546875 276
277 285.3565063476562 277
278 285.3665161132812 278
279 285.3764343261719 279
280 285.38623046875 280
281 285.3959655761719 281
282 285.4055786132812 282
283 285.4151000976562 283
284 285.424560546875 284
285 285.4338989257812 285
286 285.4431762695312 286
287 285.4523315429688 287
288 285.4613647460938 288
289 285.4703369140625 289
290 285.4791870117188 290
291 285.4879760742188 291
292 285.4966430664062 292
293 285.5052185058594 293
294 285.513671875 294
295 285.5220642089844 295
296 285.5303649902344 296
297 285.5385437011719 297
298 285.546630859375 298
299 285.5546264648438 299
300 285.5625 300
301 285.5703125 301
302 285.5780029296875 302
303 285.5856018066406 303
304 285.5931091308594 304
305 285.6005249023438 305
306 285.6078186035156 306
307 285.6150512695312 307
308 285.6221618652344 308
309 285.6292114257812 309
310 285.6361694335938 310
311 285.6430358886719 311
312 285.6498107910156 312
313 285.656494140625 313
314 285.6631164550781 314
315 285.6696472167969 315
316 285.6761169433594 316
317 285.6824645996094 317
318 285.6887817382812 318
319 285.6950073242188 319
320 285.7012023925781 320
321 285.7073059082031 321
322 285.7133483886719 322
323 285.7193603515625 323
324 285.7252807617188 324
325 285.731201171875 325
326 285.737060546875 326
327 285.7428588867188 327
328 285.7486572265625 328
329 285.7543640136719 329
330 285.7601013183594 330
331 285.7658081054688 331
332 285.771484375 332
333 285.7771301269531 333
334 285.7827758789062 334
335 285.7884216308594 335
336 285.7940979003906 336
337 285.7997131347656 337
338 285.805419921875 338
339 285.8110656738281 339
340 285.8167724609375 340
341 285.8224792480469 341
342 285.8282165527344 342
343 285.833984375 343
344 285.83984375 344
345 285.8456726074219 345
346 285.8515625 346
347 285.8575134277344 347
348 285.8634948730469 348
349 285.8695678710938 349
350 285.8756713867188 350
351 285.8818359375 351
352 285.8880615234375 352
353 285.8943786621094 353
354 285.9007568359375 354
355 285.9072265625 355
356 285.9137573242188 356
357 285.9203491210938 357
358 285.9270629882812 358
359 285.933837890625 359
360 285.9407348632812 360
361 285.9476623535156 361
362 285.9547424316406 362
363 285.9618530273438 363
364 285.9691162109375 364
365 285.9764404296875 365
366 285.98388671875 366
367 285.9914245605469 367
368 285.9990234375 368
369 286.0068054199219 369
370 286.0146179199219 370
371 286.0225830078125 371
372 286.0305786132812 372
373 286.0387573242188 373
374 286.0469970703125 374
375 286.0553588867188 375
376 286.0638427734375 376
377 286.0723876953125 377
378 286.0810546875 378
379 286.08984375 379
380 286.0987243652344 380
381 286.1076965332031 381
382 286.1168212890625 382
383 286.1260070800781 383
384 286.1352844238281 384
385 286.1446838378906 385
386 286.1541748046875 386
387 286.1637878417969 387
388 286.1734619140625 388
389 286.1832885742188 389
390 286.1931762695312 390
391 286.203125 391
392 286.2132263183594 392
393 286.2234191894531 393
394 286.2336730957031 394
395 286.2440490722656 395
396 286.2545166015625 396
397 286.2650451660156 397
398 286.2756652832031 398
399 286.286376953125 399
400 286.2971801757812 400
401 286.3080444335938 401
402 286.3190002441406 402
403 286.3300476074219 403
404 286.3411560058594 404
405 286.3523559570312 405
406 286.3635864257812 406
407 286.3749389648438 407
408 286.3863525390625 408
409 286.3978271484375 409
410 286.4093627929688 410
411 286.4209899902344 411
412 286.4326477050781 412
413 286.4443969726562 413
414 286.4561767578125 414
415 286.468017578125 415
416 286.4799194335938 416
417 286.4918823242188 417
418 286.50390625 418
419 286.5159606933594 419
420 286.528076171875 420
421 286.5402221679688 421
422 286.5524291992188 422
423 286.5646667480469 423
424 286.5769348144531 424
425 286.5892639160156 425
426 286.6016235351562 426
427 286.614013671875 427
428 286.62646484375 428
429 286.638916015625 429
430 286.6514282226562 430
431 286.6639404296875 431
432 286.6764526367188 432
433 286.6890258789062 433
434 286.7016296386719 434
435 286.7142333984375 435
436 286.7268676757812 436
437 286.739501953125 437
438 286.752197265625 438
439 286.7648620605469 439
440 286.7775573730469 440
441 286.7902526855469 441
442 286.8029479980469 442
443 286.815673828125 443
444 286.828369140625 444
445 286.8410949707031 445
446 286.8538208007812 446
447 286.8665466308594 447
448 286.8792724609375 448
449 286.8919677734375 449
450 286.9046936035156 450
451 286.9173889160156 451
452 286.9300842285156 452
453 286.9427490234375 453
454 286.9554748535156 454
455 286.9681091308594 455
456 286.9807434082031 456
457 286.993408203125 457
458 287.0060119628906 458
459 287.0186157226562 459
460 287.0311889648438 460
461 287.0437316894531 461
462 287.0562438964844 462
463 287.0687561035156 463
464 287.0812377929688 464
465 287.0936889648438 465
466 287.1061096191406 466
467 287.1184997558594 467
468 287.130859375 468
469 287.1431884765625 469
470 287.1554870605469 470
471 287.167724609375 471
472 287.1799926757812 472
473 287.192138671875 473
474 287.2042846679688 474
475 287.2164001464844 475
476 287.2284545898438 476
477 287.240478515625 477
478 287.25244140625 478
479 287.2643737792969 479
480 287.2762451171875 480
481 287.2880859375 481
482 287.2998657226562 482
483 287.3116149902344 483
484 287.3233032226562 484
485 287.3348999023438 485
486 287.3464965820312 486
487 287.3580322265625 487
488 287.3694763183594 488
489 287.3809204101562 489
490 287.3922729492188 490
491 287.403564453125 491
492 287.4148254394531 492
493 287.4259643554688 493
494 287.4371337890625 494
495 287.4481811523438 495
496 287.4591674804688 496
497 287.4700927734375 497
498 287.48095703125 498
499 287.4917602539062 499
500 287.5025024414062 500
501 287.5131530761719 501
502 287.5237426757812 502
503 287.5343017578125 503
504 287.5447387695312 504
505 287.5551452636719 505
506 287.5654602050781 506
507 287.5757141113281 507
508 287.5858764648438 508
509 287.5959777832031 509
510 287.6060180664062 510
511 287.615966796875 511
512 287.6258544921875 512
513 287.6356201171875 513
514 287.6453247070312 514
515 287.6549682617188 515
516 287.66455078125 516
517 287.6740417480469 517
518 287.6834411621094 518
519 287.6927490234375 519
520 287.7019958496094 520
521 287.711181640625 521
522 287.72021484375 522
523 287.729248046875 523
524 287.7381591796875 524
525 287.7469787597656 525
526 287.7557067871094 526
527 287.7643432617188 527
528 287.77294921875 528
529 287.7814331054688 529
530 287.789794921875 530
531 287.7981262207031 531
532 287.8063354492188 532
533 287.8144836425781 533
534 287.822509765625 534
535 287.8304748535156 535
536 287.8383483886719 536
537 287.8460998535156 537
538 287.8537902832031 538
539 287.8613891601562 539
540 287.868896484375 540
541 287.8762817382812 541
542 287.8835754394531 542
543 287.8908081054688 543
544 287.89794921875 544
545 287.9049682617188 545
546 287.9118957519531 546
547 287.9187316894531 547
548 287.9254760742188 548
549 287.93212890625 549
550 287.9386901855469 550
551 287.9451599121094 551
552 287.9515075683594 552
553 287.957763671875 553
554 287.9639282226562 554
555 287.9700012207031 555
556 287.9759521484375 556
557 287.9818115234375 557
558 287.9876098632812 558
559 287.9932861328125 559
560 287.9988708496094 560
561 288.0043334960938 561
562 288.0097045898438 562
563 288.0149841308594 563
564 288.0201721191406 564
565 288.0252380371094 565
566 288.0302124023438 566
567 288.0350952148438 567
568 288.0398559570312 568
569 288.0445556640625 569
570 288.0491333007812 570
571 288.0535888671875 571
572 288.0580139160156 572
573 288.0622863769531 573
574 288.0664672851562 574
575 288.070556640625 575
576 288.0745544433594 576
577 288.0784606933594 577
578 288.082275390625 578
579 288.0859985351562 579
580 288.0896606445312 580
581 288.0932006835938 581
582 288.0966796875 582
583 288.1000366210938 583
584 288.1033325195312 584
585 288.1065673828125 585
586 288.1097412109375 586
587 288.11279296875 587
588 288.1157836914062 588
589 288.1187438964844 589
590 288.1216430664062 590
591 288.1244506835938 591
592 288.1272277832031 592
593 288.1299438476562 593
594 288.1325988769531 594
595 288.1351928710938 595
596 288.1378173828125 596
597 288.1403503417969 597
598 288.1428527832031 598
599 288.1453247070312 599
600 288.1478271484375 600
601 288.1502685546875 601
602 288.1527099609375 602
603 288.1551513671875 603
604 288.1575622558594 604
605 288.1600036621094 605
606 288.1624450683594 606
607 288.1648559570312 607
608 288.1673583984375 608
609 288.1697998046875 609
610 288.1723022460938 610
611 288.1748657226562 611
612 288.1774291992188 612
613 288.1800537109375 613
614 288.1826782226562 614
615 288.1853637695312 615
616 288.1881103515625 616
617 288.19091796875 617
618 288.1937561035156 618
619 288.1966552734375 619
620 288.1996459960938 620
621 288.2026977539062 621
622 288.205810546875 622
623 288.208984375 623
624 288.2122802734375 624
625 288.2156372070312 625
626 288.2190551757812 626
627 288.2225646972656 627
628 288.2261962890625 628
629 288.2298889160156 629
630 288.2337036132812 630
631 288.2375793457031 631
632 288.2415771484375 632
633 288.2456359863281 633
634 288.2498474121094 634
635 288.2540893554688 635
636 288.2585144042969 636
637 288.2629699707031 637
638 288.267578125 638
639 288.2722778320312 639
640 288.277099609375 640
641 288.2820129394531 641
642 288.2870178222656 642
643 288.2921752929688 643
644 288.2974243164062 644
645 288.3027648925781 645
646 288.3081970214844 646
647 288.3137817382812 647
648 288.3194274902344 648
649 288.3251953125 649
650 288.3311157226562 650
651 288.3370971679688 651
652 288.3432006835938 652
653 288.3493957519531 653
654 288.355712890625 654
655 288.3621215820312 655
656 288.36865234375 656
657 288.3752746582031 657
658 288.3820190429688 658
659 288.3888549804688 659
660 288.395751953125 660
661 288.4027709960938 661
662 288.409912109375 662
663 288.4171447753906 663
664 288.4244384765625 664
665 288.4318542480469 665
666 288.4393615722656 666
667 288.4469604492188 667
668 288.4546203613281 668
669 288.46240234375 669
670 288.4702453613281 670
671 288.4782104492188 671
672 288.4862060546875 672
673 288.4943237304688 673
674 288.5025024414062 674
675 288.5107421875 675
676 288.5191040039062 676
677 288.5275268554688 677
678 288.5360107421875 678
679 288.5445556640625 679
680 288.5531616210938 680
681 288.5618591308594 681
682 288.5706176757812 682
683 288.5794677734375 683
684 288.5883178710938 684
685 288.5972595214844 685
686 288.6062622070312 686
687 288.6153259277344 687
688 288.6244506835938 688
689 288.6336059570312 689
690 288.642822265625 690
691 288.652099609375 691
692 288.6614074707031 692
693 288.6707458496094 693
694 288.6801147460938 694
695 288.6895751953125 695
696 288.6990356445312 696
697 288.7085571289062 697
698 288.7181091308594 698
699 288.7276611328125 699
700 288.7373046875 700
701 288.7469482421875 701
702 288.756591796875 702
703 288.7663269042969 703
704 288.7760314941406 704
705 288.7857666015625 705
706 288.7955627441406 706
707 288.8053588867188 707
708 288.8151550292969 708
709 288.824951171875 709
710 288.8347778320312 710
711 288.8446044921875 711
712 288.8544921875 712
713 288.8643493652344 713
714 288.8742065429688 714
715 288.8840942382812 715
716 288.8939514160156 716
717 288.9038696289062 717
718 288.9137268066406 718
719 288.923583984375 719
720 288.9334716796875 720
721 288.943359375 721
722 288.9532165527344 722
723 288.9630737304688 723
724 288.9729309082031 724
725 288.9827575683594 725
726 288.9925842285156 726
727 289.0023803710938 727
728 289.01220703125 728
729 289.02197265625 729
730 289.0317077636719 730
731 289.0414733886719 731
732 289.0512084960938 732
733 289.0608825683594 733
734 289.070556640625 734
735 289.0802001953125 735
736 289.08984375 736
737 289.0994262695312 737
738 289.1090087890625 738
739 289.1185302734375 739
740 289.1280212402344 740
741 289.1374816894531 741
742 289.1469116210938 742
743 289.1563110351562 743
744 289.1657104492188 744
745 289.1749877929688 745
746 289.1842956542969 746
747 289.1935424804688 747
748 289.2027587890625 748
749 289.2119140625 749
750 289.2210083007812 750
751 289.2300720214844 751
752 289.2391052246094 752
753 289.2480773925781 753
754 289.2570190429688 754
755 289.265869140625 755
756 289.2747192382812 756
757 289.2834777832031 757
758 289.2922058105469 758
759 289.3008728027344 759
760 289.3094787597656 760
761 289.3180541992188 761
762 289.3265686035156 762
763 289.3349914550781 763
764 289.3433837890625 764
765 289.3517150878906 765
766 289.3599853515625 766
767 289.3681640625 767
768 289.3763427734375 768
769 289.3843994140625 769
770 289.3924255371094 770
771 289.4003601074219 771
772 289.4082641601562 772
773 289.4160766601562 773
774 289.423828125 774
775 289.4315185546875 775
776 289.4391174316406 776
777 289.4466552734375 777
778 289.4541625976562 778
779 289.4615478515625 779
780 289.4688720703125 780
781 289.4761352539062 781
782 289.4833068847656 782
783 289.4904174804688 783
784 289.4974670410156 784
785 289.5044250488281 785
786 289.5112915039062 786
787 289.5181274414062 787
788 289.5248413085938 788
789 289.531494140625 789
790 289.5380859375 790
791 289.5445556640625 791
792 289.5509643554688 792
793 289.5573120117188 793
794 289.5635681152344 794
795 289.5697326660156 795
796 289.5758056640625 796
797 289.5818481445312 797
798 289.5877685546875 798
799 289.5936279296875 799
800 289.599365234375 800
801 289.6050109863281 801
802 289.6106262207031 802
803 289.6161193847656 803
804 289.6215209960938 804
805 289.6268615722656 805
806 289.632080078125 806
807 289.6372375488281 807
808 289.6422729492188 808
809 289.6472778320312 809
810 289.6521301269531 810
811 289.6569519042969 811
812 289.6616516113281 812
813 289.666259765625 813
814 289.6707763671875 814
815 289.6752319335938 815
816 289.6795349121094 816
817 289.6837768554688 817
818 289.6879577636719 818
819 289.6919860839844 819
820 289.6959838867188 820
821 289.6998291015625 821
822 289.70361328125 822
823 289.7073059082031 823
824 289.7109069824219 824
825 289.7143859863281 825
826 289.7178039550781 826
827 289.7210998535156 827
828 289.7243041992188 828
829 289.7274169921875 829
830 289.7304077148438 830
831 289.7333374023438 831
832 289.7361450195312 832
833 289.7388916015625 833
834 289.7415161132812 834
835 289.7440185546875 835
836 289.7464904785156 836
837 289.7488098144531 837
838 289.7510375976562 838
839 289.7532348632812 839
840 289.7552490234375 840
841 289.7572326660156 841
842 289.7590942382812 842
843 289.7608337402344 843
844 289.7625122070312 844
845 289.7640991210938 845
846 289.7655944824219 846
847 289.7670288085938 847
848 289.768310546875 848
849 289.7695617675781 849
850 289.7707214355469 850
851 289.7717895507812 851
852 289.7727661132812 852
853 289.773681640625 853
854 289.7745361328125 854
855 289.7752685546875 855
856 289.7759704589844 856
857 289.776611328125 857
858 289.7771911621094 858
859 289.7776794433594 859
860 289.7781372070312 860
861 289.778564453125 861
862 289.7788696289062 862
863 289.7792053222656 863
864 289.7794799804688 864
865 289.7796936035156 865
866 289.7799072265625 866
867 289.7800598144531 867
868 289.7802124023438 868
869 289.7803649902344 869
870 289.7804565429688 870
871 289.7805786132812 871
872 289.7807006835938 872
873 289.78076171875 873
874 289.7808837890625 874
875 289.781005859375 875
876 289.7811279296875 876
877 289.7812805175781 877
878 289.7814331054688 878
879 289.7816467285156 879
880 289.7818603515625 880
881 289.7821655273438 881
882 289.782470703125 882
883 289.7828369140625 883
884 289.7832336425781 884
885 289.78369140625 885
886 289.7842102050781 886
887 289.7847900390625 887
888 289.7854614257812 888
889 289.7861633300781 889
890 289.7869262695312 890
891 289.7878112792969 891
892 289.7887573242188 892
893 289.7897644042969 893
894 289.7908630371094 894
895 289.7920532226562 895
896 289.7933654785156 896
897 289.7947387695312 897
898 289.7962036132812 898
899 289.7977600097656 899
900 289.7994384765625 900
901 289.8012084960938 901
902 289.8030395507812 902
903 289.8050231933594 903
904 289.8070983886719 904
905 289.8092956542969 905
906 289.8115844726562 906
907 289.8139953613281 907
908 289.8164672851562 908
909 289.8191223144531 909
910 289.8218383789062 910
911 289.8246765136719 911
912 289.82763671875 912
913 289.8306884765625 913
914 289.8338928222656 914
915 289.837158203125 915
916 289.840576171875 916
917 289.8440856933594 917
918 289.8477172851562 918
919 289.8515014648438 919
920 289.8553161621094 920
921 289.8592834472656 921
922 289.8633422851562 922
923 289.8675231933594 923
924 289.871826171875 924
925 289.876220703125 925
926 289.8807373046875 926
927 289.8853454589844 927
928 289.8900756835938 928
929 289.8948669433594 929
930 289.8998107910156 930
931 289.9048156738281 931
932 289.9099731445312 932
933 289.9151611328125 933
934 289.9205017089844 934
935 289.9259338378906 935
936 289.9314270019531 936
937 289.93701171875 937
938 289.9427185058594 938
939 289.9485168457031 939
940 289.9543762207031 940
941 289.9603576660156 941
942 289.9664001464844 942
943 289.9725036621094 943
944 289.9787292480469 944
945 289.9850158691406 945
946 289.9913940429688 946
947 289.997802734375 947
948 290.0043334960938 948
949 290.0109558105469 949
950 290.0176086425781 950
951 290.0243530273438 951
952 290.0311279296875 952
953 290.0379943847656 953
954 290.044921875 954
955 290.0519104003906 955
956 290.0589599609375 956
957 290.0660705566406 957
958 290.0732421875 958
959 290.0804443359375 959
960 290.0877075195312 960
961 290.0950317382812 961
962 290.1023864746094 962
963 290.1098022460938 963
964 290.1172485351562 964
965 290.124755859375 965
966 290.1322937011719 966
967 290.1398620605469 967
968 290.1474914550781 968
969 290.1551513671875 969
970 290.162841796875 970
971 290.1705322265625 971
972 290.1782836914062 972
973 290.1860656738281 973
974 290.19384765625 974
975 290.20166015625 975
976 290.2095336914062 976
977 290.2173461914062 977
978 290.2252502441406 978
979 290.233154296875 979
980 290.2410888671875 980
981 290.2490234375 981
982 290.2569274902344 982
983 290.264892578125 983
984 290.2728576660156 984
985 290.2808227539062 985
986 290.2887878417969 986
987 290.2967529296875 987
988 290.3047485351562 988
989 290.3127136230469 989
990 290.3206787109375 990
991 290.3286743164062 991
992 290.3366088867188 992
993 290.3445739746094 993
994 290.3525390625 994
995 290.3604736328125 995
996 290.368408203125 996
997 290.3763122558594 997
998 290.3842163085938 998
999 290.3921203613281 999
1000 290.3999938964844 1000
1001 290.4078369140625 1001
1002 290.4156799316406 1002
1003 290.4234924316406 1003
1004 290.4312744140625 1004
1005 290.4390563964844 1005
1006 290.4468078613281 1006
1007 290.4545288085938 1007
1008 290.4621887207031 1008
1009 290.4698791503906 1009
1010 290.4774780273438 1010
1011 290.4850769042969 1011
1012 290.4926452636719 1012
1013 290.5001831054688 1013
1014 290.5076599121094 1014
1015 290.51513671875 1015
1016 290.5225219726562 1016
1017 290.5299072265625 1017
1018 290.5372619628906 1018
1019 290.5445556640625 1019
1020 290.5518188476562 1020
1021 290.5590515136719 1021
1022 290.5661926269531 1022
1023 290.5733032226562 1023
1024 290.5803833007812 1024
1025 290.58740234375 1025
1026 290.5944213867188 1026
1027 290.601318359375 1027
1028 290.6082153320312 1028
1029 290.6150207519531 1029
1030 290.621826171875 1030
1031 290.6285400390625 1031
1032 290.6351928710938 1032
1033 290.6417846679688 1033
1034 290.6483459472656 1034
1035 290.6548461914062 1035
1036 290.6612548828125 1036
1037 290.6676330566406 1037
1038 290.6739501953125 1038
1039 290.6802062988281 1039
1040 290.6864013671875 1040
1041 290.6925354003906 1041
1042 290.6985778808594 1042
1043 290.70458984375 1043
1044 290.7105102539062 1044
1045 290.7163696289062 1045
1046 290.72216796875 1046
1047 290.7279052734375 1047
1048 290.7335510253906 1048
1049 290.7391662597656 1049
1050 290.7446899414062 1050
1051 290.7501220703125 1051
1052 290.7555236816406 1052
1053 290.7608032226562 1053
1054 290.7660522460938 1054
1055 290.7712097167969 1055
1056 290.7763061523438 1056
1057 290.7813110351562 1057
1058 290.7862548828125 1058
1059 290.7911071777344 1059
1060 290.7958984375 1060
1061 290.8005981445312 1061
1062 290.8052368164062 1062
1063 290.8097534179688 1063
1064 290.814208984375 1064
1065 290.8186340332031 1065
1066 290.8229370117188 1066
1067 290.8271789550781 1067
1068 290.831298828125 1068
1069 290.8353881835938 1069
1070 290.83935546875 1070
1071 290.84326171875 1071
1072 290.8470764160156 1072
1073 290.8507995605469 1073
1074 290.8544311523438 1074
1075 290.8579711914062 1075
1076 290.8614501953125 1076
1077 290.8648681640625 1077
1078 290.8681640625 1078
1079 290.8713684082031 1079
1080 290.87451171875 1080
1081 290.8775329589844 1081
1082 290.8804931640625 1082
1083 290.8833618164062 1083
1084 290.8861083984375 1084
1085 290.8887939453125 1085
1086 290.8913879394531 1086
1087 290.8938903808594 1087
1088 290.8963012695312 1088
1089 290.8986206054688 1089
1090 290.9008483886719 1090
1091 290.9029846191406 1091
1092 290.905029296875 1092
1093 290.906982421875 1093
1094 290.9088439941406 1094
1095 290.9106140136719 1095
1096 290.9122924804688 1096
1097 290.9138488769531 1097
1098 290.9153442382812 1098
1099 290.9167175292969 1099
1100 290.9180297851562 1100
1101 290.9192504882812 1101
1102 290.9203491210938 1102
1103 290.9213562011719 1103
1104 290.9222717285156 1104
1105 290.923095703125 1105
1106 290.923828125 1106
1107 290.9244384765625 1107
1108 290.9249877929688 1108
1109 290.9254455566406 1109
1110 290.92578125 1110
1111 290.9260559082031 1111
1112 290.9262084960938 1112
1113 290.9263000488281 1113
1114 290.9263305664062 1114
1115 290.9262084960938 1115
1116 290.926025390625 1116
1117 290.9257507324219 1117
1118 290.9254150390625 1118
1119 290.9249877929688 1119
1120 290.9244689941406 1120
1121 290.9238891601562 1121
1122 290.9232177734375 1122
1123 290.9224853515625 1123
1124 290.9216613769531 1124
1125 290.9208068847656 1125
1126 290.9198608398438 1126
1127 290.9188537597656 1127
1128 290.9178161621094 1128
1129 290.9167175292969 1129
1130 290.91552734375 1130
1131 290.9143371582031 1131
1132 290.9130859375 1132
1133 290.9118041992188 1133
1134 290.9104919433594 1134
1135 290.9091186523438 1135
1136 290.9077758789062 1136
1137 290.9063720703125 1137
1138 290.9049682617188 1138
1139 290.9035339355469 1139
1140 290.902099609375 1140
1141 290.9006652832031 1141
1142 290.8992309570312 1142
1143 290.8978271484375 1143
1144 290.8964233398438 1144
1145 290.89501953125 1145
1146 290.8936462402344 1146
1147 290.8922729492188 1147
1148 290.8909912109375 1148
1149 290.8897094726562 1149
1150 290.8884582519531 1150
1151 290.8872680664062 1151
1152 290.8861083984375 1152
1153 290.885009765625 1153
1154 290.8839721679688 1154
1155 290.8829650878906 1155
1156 290.882080078125 1156
1157 290.8811950683594 1157
1158 290.8804321289062 1158
1159 290.8796997070312 1159
1160 290.8790893554688 1160
1161 290.8785400390625 1161
1162 290.8781127929688 1162
1163 290.8777160644531 1163
1164 290.8774108886719 1164
1165 290.8772277832031 1165
1166 290.8771362304688 1166
1167 290.8771057128906 1167
1168 290.8772277832031 1168
1169 290.8774108886719 1169
1170 290.8777160644531 1170
1171 290.8781127929688 1171
1172 290.8786315917969 1172
1173 290.8792724609375 1173
1174 290.8800048828125 1174
1175 290.8808288574219 1175
1176 290.8817749023438 1176
1177 290.8828430175781 1177
1178 290.884033203125 1178
1179 290.8853149414062 1179
1180 290.88671875 1180
1181 290.8882141113281 1181
1182 290.8898315429688 1182
1183 290.8916015625 1183
1184 290.8934936523438 1184
1185 290.8954467773438 1185
1186 290.8975524902344 1186
1187 290.8997497558594 1187
1188 290.9020690917969 1188
1189 290.9045104980469 1189
1190 290.9070434570312 1190
1191 290.9096984863281 1191
1192 290.9125061035156 1192
1193 290.9153747558594 1193
1194 290.9183959960938 1194
1195 290.9214782714844 1195
1196 290.9246826171875 1196
1197 290.927978515625 1197
1198 290.9314270019531 1198
1199 290.9349670410156 1199
1200 290.9385986328125 1200
1201 290.9423217773438 1201
1202 290.9461669921875 1202
1203 290.9501342773438 1203
1204 290.9541625976562 1204
1205 290.9582824707031 1205
1206 290.9625244140625 1206
1207 290.9668579101562 1207
1208 290.9712524414062 1208
1209 290.9757690429688 1209
1210 290.9803466796875 1210
1211 290.9850463867188 1211
1212 290.9898071289062 1212
1213 290.9946594238281 1213
1214 290.9996032714844 1214
1215 291.004638671875 1215
1216 291.0097351074219 1216
1217 291.014892578125 1217
1218 291.0201416015625 1218
1219 291.0254516601562 1219
1220 291.0308532714844 1220
1221 291.0363159179688 1221
1222 291.0418395996094 1222
1223 291.0474243164062 1223
1224 291.0531005859375 1224
1225 291.0588073730469 1225
1226 291.0645751953125 1226
1227 291.0704040527344 1227
1228 291.0762939453125 1228
1229 291.082275390625 1229
1230 291.0882568359375 1230
1231 291.0942993164062 1231
1232 291.1004028320312 1232
1233 291.1065368652344 1233
1234 291.1127319335938 1234
1235 291.1189575195312 1235
1236 291.125244140625 1236
1237 291.1315612792969 1237
1238 291.1379089355469 1238
1239 291.144287109375 1239
1240 291.1506958007812 1240
1241 291.1571655273438 1241
1242 291.1636352539062 1242
1243 291.1701354980469 1243
1244 291.1766662597656 1244
1245 291.1832275390625 1245
1246 291.1898193359375 1246
1247 291.1964111328125 1247
1248 291.2030029296875 1248
1249 291.2096862792969 1249
1250 291.21630859375 1250
1251 291.2229614257812 1251
1252 291.2296752929688 1252
1253 291.2363586425781 1253
1254 291.2430419921875 1254
1255 291.249755859375 1255
1256 291.2564697265625 1256
1257 291.26318359375 1257
1258 291.2698669433594 1258
1259 291.276611328125 1259
1260 291.2833251953125 1260
1261 291.2900390625 1261
1262 291.2967224121094 1262
1263 291.3034057617188 1263
1264 291.3101196289062 1264
1265 291.3168334960938 1265
1266 291.323486328125 1266
1267 291.3301391601562 1267
1268 291.3368225097656 1268
1269 291.3434448242188 1269
1270 291.3500366210938 1270
1271 291.3566284179688 1271
1272 291.3632202148438 1272
1273 291.3697814941406 1273
1274 291.3763122558594 1274
1275 291.3828430175781 1275
1276 291.3893432617188 1276
1277 291.3958129882812 1277
1278 291.4022216796875 1278
1279 291.4086303710938 1279
1280 291.4150085449219 1280
1281 291.4213562011719 1281
1282 291.4276733398438 1282
1283 291.4339599609375 1283
1284 291.440185546875 1284
1285 291.4464111328125 1285
1286 291.4525756835938 1286
1287 291.4587097167969 1287
1288 291.4647827148438 1288
1289 291.4708557128906 1289
1290 291.4768676757812 1290
1291 291.4828186035156 1291
1292 291.48876953125 1292
1293 291.49462890625 1293
1294 291.5004577636719 1294
1295 291.5062561035156 1295
1296 291.5119934082031 1296
1297 291.5177001953125 1297
1298 291.5233154296875 1298
1299 291.5289001464844 1299
1300 291.534423828125 1300
1301 291.5399169921875 1301
1302 291.5453491210938 1302
1303 291.5507202148438 1303
1304 291.5560302734375 1304
1305 291.561279296875 1305
1306 291.5664978027344 1306
1307 291.5716247558594 1307
1308 291.5766906738281 1308
1309 291.5817260742188 1309
1310 291.586669921875 1310
1311 291.591552734375 1311
1312 291.5964050292969 1312
1313 291.6011657714844 1313
1314 291.6058959960938 1314
1315 291.6105346679688 1315
1316 291.6150817871094 1316
1317 291.6195983886719 1317
1318 291.6240234375 1318
1319 291.6283874511719 1319
1320 291.6326904296875 1320
1321 291.6369018554688 1321
1322 291.6410827636719 1322
1323 291.6451721191406 1323
1324 291.649169921875 1324
1325 291.6531372070312 1325
1326 291.656982421875 1326
1327 291.6607971191406 1327
1328 291.6644897460938 1328
1329 291.6681518554688 1329
1330 291.6716918945312 1330
1331 291.6752319335938 1331
1332 291.6786193847656 1332
1333 291.6819763183594 1333
1334 291.6852111816406 1334
1335 291.6884155273438 1335
1336 291.6914978027344 1336
1337 291.6945190429688 1337
1338 291.6974487304688 1338
1339 291.7003173828125 1339
1340 291.7030639648438 1340
1341 291.7057495117188 1341
1342 291.7083740234375 1342
1343 291.7109069824219 1343
1344 291.7133483886719 1344
1345 291.7157287597656 1345
1346 291.718017578125 1346
1347 291.7201843261719 1347
1348 291.7222900390625 1348
1349 291.7243041992188 1349
1350 291.7262268066406 1350
1351 291.7280883789062 1351
1352 291.7298278808594 1352
1353 291.7315063476562 1353
1354 291.7330932617188 1354
1355 291.7345581054688 1355
1356 291.7359619140625 1356
1357 291.7373046875 1357
1358 291.738525390625 1358
1359 291.7396545410156 1359
1360 291.7406921386719 1360
1361 291.7416381835938 1361
1362 291.7424926757812 1362
1363 291.7432861328125 1363
1364 291.7439575195312 1364
1365 291.7445678710938 1365
1366 291.7450561523438 1366
1367 291.7454223632812 1367
1368 291.7457885742188 1368
1369 291.7459716796875 1369
1370 291.74609375 1370
1371 291.7461242675781 1371
1372 291.7460632324219 1372
1373 291.7459106445312 1373
1374 291.7456665039062 1374
1375 291.7453002929688 1375
1376 291.744873046875 1376
1377 291.7443237304688 1377
1378 291.7437438964844 1378
1379 291.7430114746094 1379
1380 291.7422180175781 1380
1381 291.7413330078125 1381
1382 291.7403564453125 1382
1383 291.7392883300781 1383
1384 291.7381286621094 1384
1385 291.7369079589844 1385
1386 291.735595703125 1386
1387 291.7341613769531 1387
1388 291.7326965332031 1388
1389 291.7311401367188 1389
1390 291.7294921875 1390
1391 291.727783203125 1391
1392 291.7259826660156 1392
1393 291.72412109375 1393
1394 291.7222290039062 1394
1395 291.7202453613281 1395
1396 291.7182006835938 1396
1397 291.7160949707031 1397
1398 291.7139587402344 1398
1399 291.7117614746094 1399
1400 291.7095336914062 1400
1401 291.7072448730469 1401
1402 291.7049255371094 1402
1403 291.7025756835938 1403
1404 291.7001953125 1404
1405 291.6977844238281 1405
1406 291.6953735351562 1406
1407 291.6929321289062 1407
1408 291.6904907226562 1408
1409 291.6880493164062 1409
1410 291.6856079101562 1410
1411 291.6831359863281 1411
1412 291.6806945800781 1412
1413 291.6782836914062 1413
1414 291.6758728027344 1414
1415 291.6734924316406 1415
1416 291.671142578125 1416
1417 291.6687927246094 1417
1418 291.66650390625 1418
1419 291.6642456054688 1419
1420 291.6620788574219 1420
1421 291.659912109375 1421
1422 291.6577758789062 1422
1423 291.65576171875 1423
1424 291.6537780761719 1424
1425 291.65185546875 1425
1426 291.6500244140625 1426
1427 291.6482238769531 1427
1428 291.6465454101562 1428
1429 291.6449279785156 1429
1430 291.6433715820312 1430
1431 291.6419372558594 1431
1432 291.6405944824219 1432
1433 291.6393127441406 1433
1434 291.6381225585938 1434
1435 291.6370849609375 1435
1436 291.6360778808594 1436
1437 291.6352233886719 1437
1438 291.6344299316406 1438
1439 291.6337585449219 1439
1440 291.6331787109375 1440
1441 291.6327209472656 1441
1442 291.6323852539062 1442
1443 291.6321411132812 1443
1444 291.6320190429688 1444
1445 291.6320190429688 1445
1446 291.6321105957031 1446
1447 291.63232421875 1447
1448 291.6326599121094 1448
1449 291.6331176757812 1449
1450 291.6336669921875 1450
1451 291.6343383789062 1451
1452 291.6351318359375 1452
1453 291.6360473632812 1453
1454 291.6371154785156 1454
1455 291.6382446289062 1455
1456 291.6395263671875 1456
1457 291.640869140625 1457
1458 291.6423645019531 1458
1459 291.6439819335938 1459
1460 291.6456909179688 1460
1461 291.6475524902344 1461
1462 291.6495056152344 1462
1463 291.6515502929688 1463
1464 291.6537475585938 1464
1465 291.656005859375 1465
1466 291.6584167480469 1466
1467 291.660888671875 1467
1468 291.6635131835938 1468
1469 291.6662292480469 1469
1470 291.6690368652344 1470
1471 291.6719360351562 1471
1472 291.6749572753906 1472
1473 291.6780700683594 1473
1474 291.6813049316406 1474
1475 291.6846313476562 1475
1476 291.6880493164062 1476
1477 291.6915283203125 1477
1478 291.6951293945312 1478
1479 291.6988220214844 1479
1480 291.7026062011719 1480
1481 291.7064514160156 1481
1482 291.7104187011719 1482
1483 291.7144470214844 1483
1484 291.7185668945312 1484
1485 291.7227478027344 1485
1486 291.7270202636719 1486
1487 291.7313842773438 1487
1488 291.7357788085938 1488
1489 291.7402954101562 1489
1490 291.744873046875 1490
1491 291.74951171875 1491
1492 291.7541809082031 1492
1493 291.7589416503906 1493
1494 291.7637939453125 1494
1495 291.7686767578125 1495
1496 291.7736511230469 1496
1497 291.7786560058594 1497
1498 291.78369140625 1498
1499 291.788818359375 1499
1500 291.7940063476562 1500
1501 291.7992248535156 1501
1502 291.8045043945312 1502
1503 291.8097839355469 1503
1504 291.8151550292969 1504
1505 291.820556640625 1505
1506 291.8259887695312 1506
1507 291.8314819335938 1507
1508 291.8369750976562 1508
1509 291.8425598144531 1509
1510 291.84814453125 1510
1511 291.8537292480469 1511
1512 291.8594055175781 1512
1513 291.8650512695312 1513
1514 291.8707580566406 1514
1515 291.87646484375 1515
1516 291.8822021484375 1516
1517 291.8879699707031 1517
1518 291.8937377929688 1518
1519 291.8995361328125 1519
1520 291.9053649902344 1520
1521 291.9111938476562 1521
1522 291.9170227050781 1522
1523 291.9228820800781 1523
1524 291.9287414550781 1524
1525 291.9346008300781 1525
1526 291.9404602050781 1526
1527 291.9463195800781 1527
1528 291.9522094726562 1528
1529 291.9580993652344 1529
1530 291.9639587402344 1530
1531 291.9698181152344 1531
1532 291.9756774902344 1532
1533 291.9815063476562 1533
1534 291.9873657226562 1534
1535 291.9932250976562 1535
1536 291.9990539550781 1536
1537 292.0048522949219 1537
1538 292.0106811523438 1538
1539 292.0164489746094 1539
1540 292.022216796875 1540
1541 292.0279846191406 1541
1542 292.03369140625 1542
1543 292.0393981933594 1543
1544 292.0451049804688 1544
1545 292.05078125 1545
1546 292.056396484375 1546
1547 292.06201171875 1547
1548 292.0675964355469 1548
1549 292.0731506347656 1549
1550 292.0787048339844 1550
1551 292.0841979980469 1551
1552 292.0896606445312 1552
1553 292.0950927734375 1553
1554 292.1004943847656 1554
1555 292.1058654785156 1555
1556 292.1111755371094 1556
1557 292.116455078125 1557
1558 292.1217041015625 1558
1559 292.1268920898438 1559
1560 292.132080078125 1560
1561 292.1371765136719 1561
1562 292.1422424316406 1562
1563 292.1472778320312 1563
1564 292.1522521972656 1564
1565 292.1571960449219 1565
1566 292.1620788574219 1566
1567 292.1669006347656 1567
1568 292.1716918945312 1568
1569 292.1764526367188 1569
1570 292.18115234375 1570
1571 292.1857604980469 1571
1572 292.1903381347656 1572
1573 292.1948852539062 1573
1574 292.1993408203125 1574
1575 292.2037353515625 1575
1576 292.2080688476562 1576
1577 292.2123718261719 1577
1578 292.2166137695312 1578
1579 292.2207946777344 1579
1580 292.2248840332031 1580
1581 292.2289428710938 1581
1582 292.23291015625 1582
1583 292.23681640625 1583
1584 292.2406921386719 1584
1585 292.2444763183594 1585
1586 292.2482299804688 1586
1587 292.2518615722656 1587
1588 292.2554626464844 1588
1589 292.2589721679688 1589
1590 292.262451171875 1590
1591 292.2658386230469 1591
1592 292.2691345214844 1592
1593 292.2723999023438 1593
1594 292.2755432128906 1594
1595 292.2786560058594 1595
1596 292.2816772460938 1596
1597 292.2846069335938 1597
1598 292.2875061035156 1598
1599 292.290283203125 1599
1600 292.2930297851562 1600
1601 292.2956848144531 1601
1602 292.2982482910156 1602
1603 292.3007202148438 1603
1604 292.3031616210938 1604
1605 292.3054809570312 1605
1606 292.3077697753906 1606
1607 292.3099365234375 1607
1608 292.31201171875 1608
1609 292.3140563964844 1609
1610 292.3159790039062 1610
1611 292.3178405761719 1611
1612 292.3196411132812 1612
1613 292.3213195800781 1613
1614 292.3229370117188 1614
1615 292.3244323730469 1615
1616 292.3258972167969 1616
1617 292.3272399902344 1617
1618 292.3285217285156 1618
1619 292.3296813964844 1619
1620 292.3307800292969 1620
1621 292.331787109375 1621
1622 292.3327331542969 1622
1623 292.3335876464844 1623
1624 292.3343200683594 1624
1625 292.3349609375 1625
1626 292.3355712890625 1626
1627 292.3360595703125 1627
1628 292.33642578125 1628
1629 292.3367614746094 1629
1630 292.3369750976562 1630
1631 292.3370666503906 1631
1632 292.3371276855469 1632
1633 292.3370666503906 1633
1634 292.3369140625 1634
1635 292.336669921875 1635
1636 292.3363647460938 1636
1637 292.3359375 1637
1638 292.3354187011719 1638
1639 292.3348083496094 1639
1640 292.3341064453125 1640
1641 292.3333129882812 1641
1642 292.3324584960938 1642
1643 292.3314819335938 1643
1644 292.3304138183594 1644
1645 292.3292236328125 1645
1646 292.3280029296875 1646
1647 292.32666015625 1647
1648 292.3251953125 1648
1649 292.3236999511719 1649
1650 292.3220825195312 1650
1651 292.3203735351562 1651
1652 292.318603515625 1652
1653 292.3167419433594 1653
1654 292.3147888183594 1654
1655 292.3127746582031 1655
1656 292.3106384277344 1656
1657 292.3084411621094 1657
1658 292.30615234375 1658
1659 292.3038330078125 1659
1660 292.3013916015625 1660
1661 292.2989196777344 1661
1662 292.2963256835938 1662
1663 292.2937316894531 1663
1664 292.2910461425781 1664
1665 292.2882995605469 1665
1666 292.2855224609375 1666
1667 292.2826538085938 1667
1668 292.2797546386719 1668
1669 292.2767944335938 1669
1670 292.2738647460938 1670
1671 292.2708129882812 1671
1672 292.2677612304688 1672
1673 292.2647094726562 1673
1674 292.2615966796875 1674
1675 292.2585144042969 1675
1676 292.25537109375 1676
1677 292.252197265625 1677
1678 292.2490539550781 1678
1679 292.2459106445312 1679
1680 292.2427978515625 1680
1681 292.2396545410156 1681
1682 292.2365417480469 1682
1683 292.2334594726562 1683
1684 292.2303771972656 1684
1685 292.2273254394531 1685
1686 292.2243347167969 1686
1687 292.2213745117188 1687
1688 292.2184448242188 1688
1689 292.2155456542969 1689
1690 292.2127075195312 1690
1691 292.2099304199219 1691
1692 292.2072143554688 1692
1693 292.2045288085938 1693
1694 292.2019653320312 1694
1695 292.1994323730469 1695
1696 292.1969604492188 1696
1697 292.1946105957031 1697
1698 292.1923217773438 1698
1699 292.1901245117188 1699
1700 292.18798828125 1700
1701 292.1859741210938 1701
1702 292.1840209960938 1702
1703 292.1821899414062 1703
1704 292.180419921875 1704
1705 292.1788024902344 1705
1706 292.17724609375 1706
1707 292.1758117675781 1707
1708 292.1744995117188 1708
1709 292.1732788085938 1709
1710 292.1721496582031 1710
1711 292.171142578125 1711
1712 292.1702575683594 1712
1713 292.1694641113281 1713
1714 292.1687927246094 1714
1715 292.1682434082031 1715
1716 292.1678161621094 1716
1717 292.16748046875 1717
1718 292.1672668457031 1718
1719 292.1672058105469 1719
1720 292.1672058105469 1720
1721 292.1673583984375 1721
1722 292.1676330566406 1722
1723 292.1680297851562 1723
1724 292.1685180664062 1724
1725 292.1691284179688 1725
1726 292.1698608398438 1726
1727 292.1707458496094 1727
1728 292.1716918945312 1728
1729 292.1727600097656 1729
1730 292.1739807128906 1730
1731 292.1752624511719 1731
1732 292.1766967773438 1732
1733 292.17822265625 1733
1734 292.1798706054688 1734
1735 292.181640625 1735
1736 292.1835327148438 1736
1737 292.1854858398438 1737
1738 292.1875610351562 1738
1739 292.1897583007812 1739
1740 292.1920166015625 1740
1741 292.1944274902344 1741
1742 292.1968994140625 1742
1743 292.1995239257812 1743
1744 292.2022094726562 1744
1745 292.2049865722656 1745
1746 292.2078552246094 1746
1747 292.2108459472656 1747
1748 292.2139282226562 1748
1749 292.217041015625 1749
1750 292.2202758789062 1750
1751 292.2236328125 1751
1752 292.22705078125 1752
1753 292.2305603027344 1753
1754 292.234130859375 1754
1755 292.2377624511719 1755
1756 292.2415161132812 1756
1757 292.2453002929688 1757
1758 292.2492065429688 1758
1759 292.2531433105469 1759
1760 292.2572021484375 1760
1761 292.2612609863281 1761
1762 292.2654113769531 1762
1763 292.2696533203125 1763
1764 292.27392578125 1764
1765 292.2782897949219 1765
1766 292.2826843261719 1766
1767 292.2871398925781 1767
1768 292.2916564941406 1768
1769 292.2962341308594 1769
1770 292.3008422851562 1770
1771 292.3055114746094 1771
1772 292.3102416992188 1772
1773 292.3149719238281 1773
1774 292.3197631835938 1774
1775 292.3246154785156 1775
1776 292.3294982910156 1776
1777 292.3344116210938 1777
1778 292.3393859863281 1778
1779 292.3443603515625 1779
1780 292.3493957519531 1780
1781 292.3544311523438 1781
1782 292.3595275878906 1782
1783 292.3646240234375 1783
1784 292.3697509765625 1784
1785 292.3749084472656 1785
1786 292.3800964355469 1786
1787 292.3852844238281 1787
1788 292.3904724121094 1788
1789 292.3957214355469 1789
1790 292.4009399414062 1790
1791 292.4061889648438 1791
1792 292.4114685058594 1792
1793 292.416748046875 1793
1794 292.4220275878906 1794
1795 292.4273071289062 1795
1796 292.4325866699219 1796
1797 292.4378662109375 1797
1798 292.4431762695312 1798
1799 292.448486328125 1799
1800 292.4537658691406 1800
1801 292.4590454101562 1801
1802 292.4643249511719 1802
1803 292.4696044921875 1803
1804 292.474853515625 1804
1805 292.4801330566406 1805
1806 292.4853515625 1806
1807 292.4906005859375 1807
1808 292.4957885742188 1808
1809 292.5010070800781 1809
1810 292.5061645507812 1810
1811 292.5113525390625 1811
1812 292.5164794921875 1812
1813 292.5216064453125 1813
1814 292.5267333984375 1814
1815 292.5317687988281 1815
1816 292.536865234375 1816
1817 292.5418701171875 1817
1818 292.546875 1818
1819 292.5518188476562 1819
1820 292.5567626953125 1820
1821 292.5616455078125 1821
1822 292.5665283203125 1822
1823 292.5713806152344 1823
1824 292.576171875 1824
1825 292.5809326171875 1825
1826 292.5856628417969 1826
1827 292.59033203125 1827
1828 292.5950012207031 1828
1829 292.599609375 1829
1830 292.6041870117188 1830
1831 292.6086730957031 1831
1832 292.6131591796875 1832
1833 292.6175842285156 1833
1834 292.6219787597656 1834
1835 292.6263122558594 1835
1836 292.630615234375 1836
1837 292.6348266601562 1837
1838 292.6390380859375 1838
1839 292.6431579589844 1839
1840 292.6472473144531 1840
1841 292.6512451171875 1841
1842 292.6552429199219 1842
1843 292.6591491699219 1843
1844 292.6630249023438 1844
1845 292.6668090820312 1845
1846 292.6705627441406 1846
1847 292.6742553710938 1847
1848 292.6779174804688 1848
1849 292.6814575195312 1849
1850 292.6849670410156 1850
1851 292.6884155273438 1851
1852 292.6918029785156 1852
1853 292.6950988769531 1853
1854 292.6983642578125 1854
1855 292.7015380859375 1855
1856 292.7046508789062 1856
1857 292.7077331542969 1857
1858 292.7107238769531 1858
1859 292.713623046875 1859
1860 292.7164916992188 1860
1861 292.7192687988281 1861
1862 292.7219848632812 1862
1863 292.724609375 1863
1864 292.7271728515625 1864
1865 292.7296447753906 1865
1866 292.7320861816406 1866
1867 292.7344360351562 1867
1868 292.7366943359375 1868
1869 292.7389221191406 1869
1870 292.7410278320312 1870
1871 292.7430725097656 1871
1872 292.7450561523438 1872
1873 292.7469482421875 1873
1874 292.7487487792969 1874
1875 292.75048828125 1875
1876 292.7521362304688 1876
1877 292.7537231445312 1877
1878 292.7552185058594 1878
1879 292.7566528320312 1879
1880 292.7579650878906 1880
1881 292.7592163085938 1881
1882 292.7603759765625 1882
1883 292.761474609375 1883
1884 292.7624816894531 1884
1885 292.763427734375 1885
1886 292.7642517089844 1886
1887 292.7650146484375 1887
1888 292.7656860351562 1888
1889 292.7662353515625 1889
1890 292.7667541503906 1890
1891 292.7671508789062 1891
1892 292.7674865722656 1892
1893 292.7677307128906 1893
1894 292.7678833007812 1894
1895 292.7679443359375 1895
1896 292.7678833007812 1896
1897 292.767822265625 1897
1898 292.767578125 1898
1899 292.7672729492188 1899
1900 292.7669067382812 1900
1901 292.7664489746094 1901
1902 292.7658996582031 1902
1903 292.7652282714844 1903
1904 292.7644958496094 1904
1905 292.763671875 1905
1906 292.7627258300781 1906
1907 292.76171875 1907
1908 292.7605895996094 1908
1909 292.7593994140625 1909
1910 292.7581176757812 1910
1911 292.7567443847656 1911
1912 292.7552490234375 1912
1913 292.7536926269531 1913
1914 292.7520446777344 1914
1915 292.7502746582031 1915
1916 292.7484436035156 1916
1917 292.7465209960938 1917
1918 292.7445068359375 1918
1919 292.7424011230469 1919
1920 292.7402038574219 1920
1921 292.7379455566406 1921
1922 292.7355651855469 1922
1923 292.7331237792969 1923
1924 292.7305908203125 1924
1925 292.7279663085938 1925
1926 292.7252807617188 1926
1927 292.7225341796875 1927
1928 292.7196960449219 1928
1929 292.7167663574219 1929
1930 292.7137756347656 1930
1931 292.7107238769531 1931
1932 292.7076416015625 1932
1933 292.7044677734375 1933
1934 292.7012329101562 1934
1935 292.6979370117188 1935
1936 292.6946105957031 1936
1937 292.6912231445312 1937
1938 292.6878051757812 1938
1939 292.684326171875 1939
1940 292.6808471679688 1940
1941 292.6773071289062 1941
1942 292.6737670898438 1942
1943 292.670166015625 1943
1944 292.6665649414062 1944
1945 292.6629638671875 1945
1946 292.6593627929688 1946
1947 292.6557006835938 1947
1948 292.652099609375 1948
1949 292.6484680175781 1949
1950 292.6448669433594 1950
1951 292.6412963867188 1951
1952 292.6376953125 1952
1953 292.6341552734375 1953
1954 292.6306762695312 1954
1955 292.6271667480469 1955
1956 292.6237182617188 1956
1957 292.6203308105469 1957
1958 292.616943359375 1958
1959 292.6136474609375 1959
1960 292.6104125976562 1960
1961 292.6072082519531 1961
1962 292.6040649414062 1962
1963 292.6010131835938 1963
1964 292.5980529785156 1964
1965 292.5951232910156 1965
1966 292.59228515625 1966
1967 292.5895385742188 1967
1968 292.5868530273438 1968
1969 292.5842590332031 1969
1970 292.581787109375 1970
1971 292.5793762207031 1971
1972 292.5770874023438 1972
1973 292.5748901367188 1973
1974 292.57275390625 1974
1975 292.5707397460938 1975
1976 292.5688781738281 1976
1977 292.5670776367188 1977
1978 292.5653686523438 1978
1979 292.5637817382812 1979
1980 292.5623474121094 1980
1981 292.5610046386719 1981
1982 292.5597534179688 1982
1983 292.5586242675781 1983
1984 292.5576171875 1984
1985 292.5567321777344 1985
1986 292.5559692382812 1986
1987 292.5552978515625 1987
1988 292.5547485351562 1988
1989 292.5543212890625 1989
1990 292.5540161132812 1990
1991 292.5538330078125 1991
1992 292.5537719726562 1992
1993 292.5538330078125 1993
1994 292.5540161132812 1994
1995 292.5542907714844 1995
1996 292.5546875 1996
1997 292.5552062988281 1997
1998 292.5558471679688 1998
1999 292.5565795898438 1999
2000 292.5574645996094 2000
2001 292.5584411621094 2001
2002 292.5595397949219 2002
2003 292.5607299804688 2003
2004 292.5620422363281 2004
2005 292.5634765625 2005
2006 292.5650024414062 2006
2007 292.566650390625 2007
2008 292.5683898925781 2008
2009 292.5702514648438 2009
2010 292.5722045898438 2010
2011 292.5742492675781 2011
2012 292.576416015625 2012
2013 292.5786437988281 2013
2014 292.5809936523438 2014
2015 292.5834350585938 2015
2016 292.5859985351562 2016
2017 292.588623046875 2017
2018 292.5913391113281 2018
2019 292.5941467285156 2019
2020 292.5970458984375 2020
2021 292.6000366210938 2021
2022 292.6031188964844 2022
2023 292.6062622070312 2023
2024 292.6094665527344 2024
2025 292.61279296875 2025
2026 292.6161804199219 2026
2027 292.6195983886719 2027
2028 292.6231384277344 2028
2029 292.6267395019531 2029
2030 292.6304016113281 2030
2031 292.6341247558594 2031
2032 292.637939453125 2032
2033 292.6418151855469 2033
2034 292.6457214355469 2034
2035 292.6496887207031 2035
2036 292.6537170410156 2036
2037 292.6578369140625 2037
2038 292.6619873046875 2038
2039 292.6661682128906 2039
2040 292.67041015625 2040
2041 292.6747131347656 2041
2042 292.6790466308594 2042
2043 292.6834411621094 2043
2044 292.6878662109375 2044
2045 292.6923217773438 2045
2046 292.6968383789062 2046
2047 292.7013549804688 2047
2048 292.7059326171875 2048
2049 292.7105407714844 2049
2050 292.7151794433594 2050
2051 292.7198181152344 2051
2052 292.7245483398438 2052
2053 292.729248046875 2053
2054 292.7339782714844 2054
2055 292.7387390136719 2055
2056 292.7435302734375 2056
2057 292.7483215332031 2057
2058 292.7531433105469 2058
2059 292.7579650878906 2059
2060 292.7628173828125 2060
2061 292.7676696777344 2061
2062 292.7725219726562 2062
2063 292.7774047851562 2063
2064 292.7822875976562 2064
2065 292.7871704101562 2065
2066 292.7920532226562 2066
2067 292.7969360351562 2067
2068 292.8018188476562 2068
2069 292.8067016601562 2069
2070 292.8115844726562 2070
2071 292.8164672851562 2071
2072 292.8213500976562 2072
2073 292.8262023925781 2073
2074 292.8310546875 2074
2075 292.8358764648438 2075
2076 292.8407287597656 2076
2077 292.8455200195312 2077
2078 292.850341796875 2078
2079 292.8551330566406 2079
2080 292.85986328125 2080
2081 292.8646240234375 2081
2082 292.8693237304688 2082
2083 292.8740539550781 2083
2084 292.8787231445312 2084
2085 292.8833618164062 2085
2086 292.8880004882812 2086
2087 292.8926086425781 2087
2088 292.8971862792969 2088
2089 292.9017333984375 2089
2090 292.90625 2090
2091 292.9107055664062 2091
2092 292.9151306152344 2092
2093 292.9195556640625 2093
2094 292.9239196777344 2094
2095 292.9282836914062 2095
2096 292.9325561523438 2096
2097 292.9368286132812 2097
2098 292.9410400390625 2098
2099 292.9452209472656 2099
2100 292.9493408203125 2100
2101 292.9534301757812 2101
2102 292.9574584960938 2102
2103 292.9614562988281 2103
2104 292.9653930664062 2104
2105 292.9692993164062 2105
2106 292.97314453125 2106
2107 292.9769287109375 2107
2108 292.980712890625 2108
2109 292.9844055175781 2109
2110 292.988037109375 2110
2111 292.9916381835938 2111
2112 292.9951782226562 2112
2113 292.9986572265625 2113
2114 293.0020751953125 2114
2115 293.0054321289062 2115
2116 293.0087585449219 2116
2117 293.0119934082031 2117
2118 293.0151672363281 2118
2119 293.018310546875 2119
2120 293.0213623046875 2120
2121 293.0243835449219 2121
2122 293.0273132324219 2122
2123 293.0301818847656 2123
2124 293.0329895019531 2124
2125 293.0357360839844 2125
2126 293.0384521484375 2126
2127 293.041015625 2127
2128 293.0435791015625 2128
2129 293.0460510253906 2129
2130 293.0484619140625 2130
2131 293.05078125 2131
2132 293.0530700683594 2132
2133 293.0552673339844 2133
2134 293.057373046875 2134
2135 293.0593872070312 2135
2136 293.0614013671875 2136
2137 293.0632934570312 2137
2138 293.0651245117188 2138
2139 293.0668640136719 2139
2140 293.0685424804688 2140
2141 293.0701293945312 2141
2142 293.0716552734375 2142
2143 293.0731201171875 2143
2144 293.074462890625 2144
2145 293.0757751464844 2145
2146 293.0769653320312 2146
2147 293.0780944824219 2147
2148 293.0791625976562 2148
2149 293.0801391601562 2149
2150 293.0809936523438 2150
2151 293.0818176269531 2151
2152 293.0825500488281 2152
2153 293.0831909179688 2153
2154 293.083740234375 2154
2155 293.0841979980469 2155
2156 293.0845947265625 2156
2157 293.0848999023438 2157
2158 293.0851135253906 2158
2159 293.0852661132812 2159
2160 293.0852966308594 2160
2161 293.0852661132812 2161
2162 293.0851440429688 2162
2163 293.0849304199219 2163
2164 293.0846252441406 2164
2165 293.0842590332031 2165
2166 293.0837707519531 2166
2167 293.0832214355469 2167
2168 293.0825805664062 2168
2169 293.0818481445312 2169
2170 293.0809936523438 2170
2171 293.080078125 2171
2172 293.0790710449219 2172
2173 293.0779418945312 2173
2174 293.0767822265625 2174
2175 293.0755004882812 2175
2176 293.0740966796875 2176
2177 293.0726623535156 2177
2178 293.0711059570312 2178
2179 293.0694580078125 2179
2180 293.0677185058594 2180
2181 293.0658874511719 2181
2182 293.06396484375 2182
2183 293.0619506835938 2183
2184 293.0598754882812 2184
2185 293.0576782226562 2185
2186 293.0553894042969 2186
2187 293.0530395507812 2187
2188 293.050537109375 2188
2189 293.0480346679688 2189
2190 293.04541015625 2190
2191 293.0426635742188 2191
2192 293.0399169921875 2192
2193 293.0370178222656 2193
2194 293.0340576171875 2194
2195 293.0310363769531 2195
2196 293.0279235839844 2196
2197 293.0247192382812 2197
2198 293.021484375 2198
2199 293.0181274414062 2199
2200 293.0147399902344 2200
2201 293.0112915039062 2201
2202 293.0077819824219 2202
2203 293.0042114257812 2203
2204 293.0005493164062 2204
2205 292.9969177246094 2205
2206 292.9931640625 2206
2207 292.9894104003906 2207
2208 292.985595703125 2208
2209 292.9817504882812 2209
2210 292.9778747558594 2210
2211 292.9739685058594 2211
2212 292.9700622558594 2212
2213 292.9661254882812 2213
2214 292.962158203125 2214
2215 292.9582214355469 2215
2216 292.9542846679688 2216
2217 292.9503173828125 2217
2218 292.9463500976562 2218
2219 292.9423828125 2219
2220 292.9384765625 2220
2221 292.9345703125 2221
2222 292.9306640625 2222
2223 292.9268188476562 2223
2224 292.9230041503906 2224
2225 292.9192199707031 2225
2226 292.9154968261719 2226
2227 292.9118041992188 2227
2228 292.9081726074219 2228
2229 292.9046020507812 2229
2230 292.9010620117188 2230
2231 292.8975830078125 2231
2232 292.8941955566406 2232
2233 292.890869140625 2233
2234 292.8876342773438 2234
2235 292.8844604492188 2235
2236 292.8814086914062 2236
2237 292.87841796875 2237
2238 292.87548828125 2238
2239 292.8726501464844 2239
2240 292.8699340820312 2240
2241 292.8673095703125 2241
2242 292.86474609375 2242
2243 292.8623046875 2243
2244 292.8599853515625 2244
2245 292.8577575683594 2245
2246 292.8556518554688 2246
2247 292.8536376953125 2247
2248 292.8517150878906 2248
2249 292.8499450683594 2249
2250 292.8482666015625 2250
2251 292.8467102050781 2251
2252 292.8452453613281 2252
2253 292.8439331054688 2253
2254 292.8427124023438 2254
2255 292.8416137695312 2255
2256 292.8406372070312 2256
2257 292.8397827148438 2257
2258 292.8390502929688 2258
2259 292.8384094238281 2259
2260 292.8379211425781 2260
2261 292.8375244140625 2261
2262 292.8372497558594 2262
2263 292.8370971679688 2263
2264 292.8370971679688 2264
2265 292.8371887207031 2265
2266 292.8373718261719 2266
2267 292.8377075195312 2267
2268 292.838134765625 2268
2269 292.8386840820312 2269
2270 292.8393249511719 2270
2271 292.8401184082031 2271
2272 292.8410034179688 2272
2273 292.8420104980469 2273
2274 292.8431396484375 2274
2275 292.8443603515625 2275
2276 292.8456726074219 2276
2277 292.8471069335938 2277
2278 292.8486328125 2278
2279 292.8502807617188 2279
2280 292.8520202636719 2280
2281 292.8538513183594 2281
2282 292.8558044433594 2282
2283 292.8578491210938 2283
2284 292.8599853515625 2284
2285 292.8622131347656 2285
2286 292.8645324707031 2286
2287 292.866943359375 2287
2288 292.8694458007812 2288
2289 292.8720397949219 2289
2290 292.8746948242188 2290
2291 292.87744140625 2291
2292 292.8803100585938 2292
2293 292.8832397460938 2293
2294 292.88623046875 2294
2295 292.8892822265625 2295
2296 292.8924560546875 2296
2297 292.8956604003906 2297
2298 292.8989562988281 2298
2299 292.90234375 2299
2300 292.90576171875 2300
2301 292.9092407226562 2301
2302 292.9128112792969 2302
2303 292.9164428710938 2303
2304 292.9201049804688 2304
2305 292.923828125 2305
2306 292.9276123046875 2306
2307 292.9314880371094 2307
2308 292.9353637695312 2308
2309 292.9393310546875 2309
2310 292.9433288574219 2310
2311 292.9473571777344 2311
2312 292.951416015625 2312
2313 292.95556640625 2313
2314 292.959716796875 2314
2315 292.9639282226562 2315
2316 292.9681701660156 2316
2317 292.9724731445312 2317
2318 292.9767761230469 2318
2319 292.9811096191406 2319
2320 292.9854736328125 2320
2321 292.9898681640625 2321
2322 292.9942932128906 2322
2323 292.9987487792969 2323
2324 293.0032043457031 2324
2325 293.0076904296875 2325
2326 293.01220703125 2326
2327 293.0167236328125 2327
2328 293.0212707519531 2328
2329 293.0258178710938 2329
2330 293.0303649902344 2330
2331 293.0349731445312 2331
2332 293.0395202636719 2332
2333 293.0441284179688 2333
2334 293.0487060546875 2334
2335 293.0532836914062 2335
2336 293.0578918457031 2336
2337 293.0625 2337
2338 293.0670776367188 2338
2339 293.0716552734375 2339
2340 293.0762634277344 2340
2341 293.0808410644531 2341
2342 293.0854187011719 2342
2343 293.0899658203125 2343
2344 293.0945434570312 2344
2345 293.0990600585938 2345
2346 293.1036071777344 2346
2347 293.1081237792969 2347
2348 293.1126098632812 2348
2349 293.1171264648438 2349
2350 293.12158203125 2350
2351 293.1260070800781 2351
2352 293.1304321289062 2352
2353 293.1347961425781 2353
2354 293.13916015625 2354
2355 293.1435241699219 2355
2356 293.1478271484375 2356
2357 293.152099609375 2357
2358 293.1563720703125 2358
2359 293.1606140136719 2359
2360 293.164794921875 2360
2361 293.1689453125 2361
2362 293.173095703125 2362
2363 293.1771850585938 2363
2364 293.1812438964844 2364
2365 293.1852416992188 2365
2366 293.189208984375 2366
2367 293.1931457519531 2367
2368 293.1970520019531 2368
2369 293.2008972167969 2369
2370 293.2047119140625 2370
2371 293.20849609375 2371
2372 293.2122192382812 2372
2373 293.2158813476562 2373
2374 293.219482421875 2374
2375 293.2230834960938 2375
2376 293.2265930175781 2376
2377 293.2300720214844 2377
2378 293.2334899902344 2378
2379 293.2368469238281 2379
2380 293.2401733398438 2380
2381 293.2434387207031 2381
2382 293.2466430664062 2382
2383 293.2497863769531 2383
2384 293.2528686523438 2384
2385 293.2558898925781 2385
2386 293.2588806152344 2386
2387 293.2618103027344 2387
2388 293.2646484375 2388
2389 293.2674560546875 2389
2390 293.2701721191406 2390
2391 293.2728271484375 2391
2392 293.2754516601562 2392
2393 293.2779846191406 2393
2394 293.2804565429688 2394
2395 293.2828674316406 2395
2396 293.2852172851562 2396
2397 293.2874755859375 2397
2398 293.2896728515625 2398
2399 293.2918090820312 2399
2400 293.2938842773438 2400
2401 293.2958984375 2401
2402 293.2978210449219 2402
2403 293.2996826171875 2403
2404 293.3014526367188 2404
2405 293.3031616210938 2405
2406 293.3048095703125 2406
2407 293.3063659667969 2407
2408 293.307861328125 2408
2409 293.3092651367188 2409
2410 293.3105773925781 2410
2411 293.3118286132812 2411
2412 293.3130187988281 2412
2413 293.3141174316406 2413
2414 293.3151550292969 2414
2415 293.3161010742188 2415
2416 293.3169555664062 2416
2417 293.3177185058594 2417
2418 293.3184204101562 2418
2419 293.3190307617188 2419
2420 293.3196105957031 2420
2421 293.320068359375 2421
2422 293.3204345703125 2422
2423 293.3207397460938 2423
2424 293.3209228515625 2424
2425 293.3211059570312 2425
2426 293.3211059570312 2426
2427 293.3210754394531 2427
2428 293.3209533691406 2428
2429 293.3207397460938 2429
2430 293.3204650878906 2430
2431 293.320068359375 2431
2432 293.3196105957031 2432
2433 293.3190307617188 2433
2434 293.3183898925781 2434
2435 293.3176574707031 2435
2436 293.3168334960938 2436
2437 293.3159484863281 2437
2438 293.31494140625 2438
2439 293.3138427734375 2439
2440 293.3126831054688 2440
2441 293.3114013671875 2441
2442 293.31005859375 2442
2443 293.30859375 2443
2444 293.3070678710938 2444
2445 293.3054504394531 2445
2446 293.3037109375 2446
2447 293.3019409179688 2447
2448 293.3000183105469 2448
2449 293.2980346679688 2449
2450 293.2959594726562 2450
2451 293.2937622070312 2451
2452 293.29150390625 2452
2453 293.2891540527344 2453
2454 293.2867431640625 2454
2455 293.2841796875 2455
2456 293.2815551757812 2456
2457 293.2788696289062 2457
2458 293.2760620117188 2458
2459 293.273193359375 2459
2460 293.2702026367188 2460
2461 293.2671813964844 2461
2462 293.2640380859375 2462
2463 293.2608337402344 2463
2464 293.257568359375 2464
2465 293.2542114257812 2465
2466 293.2507629394531 2466
2467 293.2472534179688 2467
2468 293.2436828613281 2468
2469 293.2400207519531 2469
2470 293.236328125 2470
2471 293.2325439453125 2471
2472 293.228759765625 2472
2473 293.2248840332031 2473
2474 293.220947265625 2474
2475 293.2169799804688 2475
2476 293.2129821777344 2476
2477 293.2089233398438 2477
2478 293.204833984375 2478
2479 293.2007141113281 2479
2480 293.1965637207031 2480
2481 293.1923828125 2481
2482 293.188232421875 2482
2483 293.1840209960938 2483
2484 293.1798095703125 2484
2485 293.1756286621094 2485
2486 293.1714172363281 2486
2487 293.167236328125 2487
2488 293.1630249023438 2488
2489 293.1588745117188 2489
2490 293.1546936035156 2490
2491 293.1505737304688 2491
2492 293.146484375 2492
2493 293.1424255371094 2493
2494 293.138427734375 2494
2495 293.1344299316406 2495
2496 293.1304931640625 2496
2497 293.1266174316406 2497
2498 293.1227722167969 2498
2499 293.1190185546875 2499
2500 293.1153259277344 2500
