"point-e-rfile"
"Time Step" "point-e etc.."
("Time Step" "point-e" "flow-time")
0 283 0
1 283 1
2 283 2
3 283 3
4 283 4
5 283 5
6 283 6
7 283 7
8 283 8
9 283 9
10 283 10
11 283 11
12 283 12
13 283 13
14 283 14
15 283 15
16 283 16
17 283 17
18 283 18
19 283 19
20 283 20
21 283 21
22 283 22
23 283 23
24 283 24
25 283 25
26 283 26
27 283 27
28 283 28
29 283 29
30 283 30
31 283 31
32 283 32
33 283 33
34 283 34
35 283 35
36 283 36
37 283 37
38 283 38
39 283 39
40 283 40
41 283.0000305175781 41
42 283.0000305175781 42
43 283.0000305175781 43
44 283.0000305175781 44
45 283.0000610351562 45
46 283.0000915527344 46
47 283.0001220703125 47
48 283.0001220703125 48
49 283.0001525878906 49
50 283.0001525878906 50
51 283.0001831054688 51
52 283.000244140625 52
53 283.0003051757812 53
54 283.0003356933594 54
55 283.0003967285156 55
56 283.0004577636719 56
57 283.0005187988281 57
58 283.0006408691406 58
59 283.000732421875 59
60 283.0008239746094 60
61 283.0009460449219 61
62 283.0010986328125 62
63 283.001220703125 63
64 283.0014038085938 64
65 283.0015869140625 65
66 283.0018005371094 66
67 283.0020141601562 67
68 283.0022583007812 68
69 283.0025329589844 69
70 283.0028381347656 70
71 283.003173828125 71
72 283.0035095214844 72
73 283.0038757324219 73
74 283.0043029785156 74
75 283.0047607421875 75
76 283.0052490234375 76
77 283.0057678222656 77
78 283.00634765625 78
79 283.0069580078125 79
80 283.0075988769531 80
81 283.00830078125 81
82 283.0090637207031 82
83 283.0098571777344 83
84 283.0107116699219 84
85 283.0116271972656 85
86 283.0125732421875 86
87 283.0136108398438 87
88 283.0147094726562 88
89 283.0158996582031 89
90 283.01708984375 90
91 283.0183715820312 91
92 283.0197448730469 92
93 283.0211791992188 93
94 283.0226745605469 94
95 283.0242919921875 95
96 283.0259399414062 96
97 283.0276794433594 97
98 283.029541015625 98
99 283.0314636230469 99
100 283.033447265625 100
101 283.0355529785156 101
102 283.0377197265625 102
103 283.0400390625 103
104 283.0424194335938 104
105 283.0448913574219 105
106 283.0474548339844 106
107 283.0501403808594 107
108 283.0529174804688 108
109 283.0557861328125 109
110 283.0587768554688 110
111 283.0618591308594 111
112 283.0650634765625 112
113 283.068359375 113
114 283.0718078613281 114
115 283.0753173828125 115
116 283.0789794921875 116
117 283.0827331542969 117
118 283.0866088867188 118
119 283.0906066894531 119
120 283.0946960449219 120
121 283.0989685058594 121
122 283.1033020019531 122
123 283.1077575683594 123
124 283.1123657226562 124
125 283.1170654296875 125
126 283.1219177246094 126
127 283.1268310546875 127
128 283.1319580078125 128
129 283.1371459960938 129
130 283.1424560546875 130
131 283.1479187011719 131
132 283.1535339355469 132
133 283.1592407226562 133
134 283.1650390625 134
135 283.1710205078125 135
136 283.1770629882812 136
137 283.1832580566406 137
138 283.1896057128906 138
139 283.1960754394531 139
140 283.20263671875 140
141 283.2093505859375 141
142 283.2161865234375 142
143 283.22314453125 143
144 283.230224609375 144
145 283.2373962402344 145
146 283.2447204589844 146
147 283.252197265625 147
148 283.259765625 148
149 283.2674560546875 149
150 283.2752685546875 150
151 283.283203125 151
152 283.291259765625 152
153 283.2994079589844 153
154 283.3077392578125 154
155 283.316162109375 155
156 283.3246459960938 156
157 283.3333129882812 157
158 283.342041015625 158
159 283.3509521484375 159
160 283.3599548339844 160
161 283.3690490722656 161
162 283.3782653808594 162
163 283.3875732421875 163
164 283.3970336914062 164
165 283.4065856933594 165
166 283.4161987304688 166
167 283.4259948730469 167
168 283.4358520507812 168
169 283.44580078125 169
170 283.4559020996094 170
171 283.4660949707031 171
172 283.4763793945312 172
173 283.4867553710938 173
174 283.4971923828125 174
175 283.5078125 175
176 283.5184631347656 176
177 283.5292358398438 177
178 283.5401000976562 178
179 283.5510559082031 179
180 283.5621032714844 180
181 283.5732421875 181
182 283.58447265625 182
183 283.5957946777344 183
184 283.6072082519531 184
185 283.6186828613281 185
186 283.6302490234375 186
187 283.6419067382812 187
188 283.6536254882812 188
189 283.6654357910156 189
190 283.6773376464844 190
191 283.6893310546875 191
192 283.7013549804688 192
193 283.7134704589844 193
194 283.7256774902344 194
195 283.7379455566406 195
196 283.7502746582031 196
197 283.7626647949219 197
198 283.775146484375 198
199 283.7876892089844 199
200 283.8002624511719 200
201 283.8129577636719 201
202 283.8256530761719 202
203 283.8384399414062 203
204 283.851318359375 204
205 283.8641967773438 205
206 283.8771362304688 206
207 283.8901672363281 207
208 283.9032287597656 208
209 283.9163513183594 209
210 283.9295043945312 210
211 283.9427185058594 211
212 283.9559936523438 212
213 283.9692993164062 213
214 283.982666015625 214
215 283.9960632324219 215
216 284.009521484375 216
217 284.0229797363281 217
218 284.0365295410156 218
219 284.0500793457031 219
220 284.0636901855469 220
221 284.0773315429688 221
222 284.0910034179688 222
223 284.1046752929688 223
224 284.1184387207031 224
225 284.1322021484375 225
226 284.14599609375 226
227 284.1597900390625 227
228 284.1736450195312 228
229 284.1875305175781 229
230 284.201416015625 230
231 284.2153625488281 231
232 284.2293090820312 232
233 284.2432556152344 233
234 284.2572021484375 234
235 284.271240234375 235
236 284.2852172851562 236
237 284.2992553710938 237
238 284.3133239746094 238
239 284.3273620605469 239
240 284.3414306640625 240
241 284.3555297851562 241
242 284.3695983886719 242
243 284.3836669921875 243
244 284.3977966308594 244
245 284.4118957519531 245
246 284.4259948730469 246
247 284.4401245117188 247
248 284.4542236328125 248
249 284.4683532714844 249
250 284.4824829101562 250
251 284.49658203125 251
252 284.5106811523438 252
253 284.5248107910156 253
254 284.5389099121094 254
255 284.5530395507812 255
256 284.5671081542969 256
257 284.5812072753906 257
258 284.5952453613281 258
259 284.6093139648438 259
260 284.6233825683594 260
261 284.6374206542969 261
262 284.6514587402344 262
263 284.6654968261719 263
264 284.679443359375 264
265 284.6934509277344 265
266 284.7073974609375 266
267 284.7213745117188 267
268 284.7352905273438 268
269 284.7491760253906 269
270 284.7630615234375 270
271 284.7769470214844 271
272 284.790771484375 272
273 284.8045959472656 273
274 284.8183898925781 274
275 284.8321533203125 275
276 284.8458862304688 276
277 284.8595886230469 277
278 284.8733215332031 278
279 284.886962890625 279
280 284.9005737304688 280
281 284.9141540527344 281
282 284.927734375 282
283 284.9412231445312 283
284 284.9547424316406 284
285 284.9682006835938 285
286 284.9815979003906 286
287 284.9949951171875 287
288 285.0083312988281 288
289 285.0216369628906 289
290 285.034912109375 290
291 285.0481567382812 291
292 285.0613403320312 292
293 285.074462890625 293
294 285.0875549316406 294
295 285.1006469726562 295
296 285.1136474609375 296
297 285.1266479492188 297
298 285.1395568847656 298
299 285.1524658203125 299
300 285.165283203125 300
301 285.1780700683594 301
302 285.1908264160156 302
303 285.2034912109375 303
304 285.2161865234375 304
305 285.228759765625 305
306 285.2413024902344 306
307 285.2537841796875 307
308 285.2662353515625 308
309 285.2786254882812 309
310 285.2909545898438 310
311 285.30322265625 311
312 285.3154907226562 312
313 285.32763671875 313
314 285.3397521972656 314
315 285.3518371582031 315
316 285.3638305664062 316
317 285.3757934570312 317
318 285.3876953125 318
319 285.3995361328125 319
320 285.4113464355469 320
321 285.423095703125 321
322 285.4347534179688 322
323 285.4463806152344 323
324 285.4579467773438 324
325 285.469482421875 325
326 285.4809265136719 326
327 285.4923706054688 327
328 285.5036926269531 328
329 285.5149841308594 329
330 285.5262451171875 330
331 285.5374450683594 331
332 285.548583984375 332
333 285.5596923828125 333
334 285.5707397460938 334
335 285.5816955566406 335
336 285.5926818847656 336
337 285.6035766601562 337
338 285.6144409179688 338
339 285.6252746582031 339
340 285.6360473632812 340
341 285.6467590332031 341
342 285.657470703125 342
343 285.6681213378906 343
344 285.6787414550781 344
345 285.6893310546875 345
346 285.6998901367188 346
347 285.7103881835938 347
348 285.7209167480469 348
349 285.7313537597656 349
350 285.7417907714844 350
351 285.752197265625 351
352 285.7626037597656 352
353 285.7729797363281 353
354 285.7833251953125 354
355 285.7936706542969 355
356 285.8039855957031 356
357 285.8143005371094 357
358 285.8245849609375 358
359 285.8348999023438 359
360 285.8451843261719 360
361 285.8554992675781 361
362 285.8657836914062 362
363 285.8760681152344 363
364 285.8863525390625 364
365 285.8966674804688 365
366 285.9069519042969 366
367 285.917236328125 367
368 285.9275817871094 368
369 285.9379272460938 369
370 285.9482421875 370
371 285.9586181640625 371
372 285.968994140625 372
373 285.9794311523438 373
374 285.9898376464844 374
375 286.0003051757812 375
376 286.0107727050781 376
377 286.0212707519531 377
378 286.0318298339844 378
379 286.0423889160156 379
380 286.052978515625 380
381 286.0636291503906 381
382 286.0742797851562 382
383 286.0849914550781 383
384 286.0957641601562 384
385 286.1065673828125 385
386 286.1173706054688 386
387 286.1282653808594 387
388 286.13916015625 388
389 286.150146484375 389
390 286.1611633300781 390
391 286.1722106933594 391
392 286.1833190917969 392
393 286.1944580078125 393
394 286.2056884765625 394
395 286.2169494628906 395
396 286.228271484375 396
397 286.2396240234375 397
398 286.2510681152344 398
399 286.2625122070312 399
400 286.2740783691406 400
401 286.28564453125 401
402 286.2973022460938 402
403 286.3090209960938 403
404 286.3207702636719 404
405 286.3326110839844 405
406 286.344482421875 406
407 286.3564147949219 407
408 286.368408203125 408
409 286.3804931640625 409
410 286.392578125 410
411 286.40478515625 411
412 286.4169921875 412
413 286.4293212890625 413
414 286.441650390625 414
415 286.4540710449219 415
416 286.466552734375 416
417 286.4790954589844 417
418 286.49169921875 418
419 286.5043640136719 419
420 286.51708984375 420
421 286.5298461914062 421
422 286.5426940917969 422
423 286.5556030273438 423
424 286.5685424804688 424
425 286.5816040039062 425
426 286.5946044921875 426
427 286.6077575683594 427
428 286.6209411621094 428
429 286.6342163085938 429
430 286.6474914550781 430
431 286.6608581542969 431
432 286.6742553710938 432
433 286.687744140625 433
434 286.7012329101562 434
435 286.71484375 435
436 286.7284545898438 436
437 286.7421264648438 437
438 286.755859375 438
439 286.7696533203125 439
440 286.7835083007812 440
441 286.79736328125 441
442 286.811279296875 442
443 286.8253173828125 443
444 286.8392944335938 444
445 286.8533630371094 445
446 286.8675231933594 446
447 286.8816528320312 447
448 286.8958740234375 448
449 286.9101257324219 449
450 286.9244079589844 450
451 286.9387512207031 451
452 286.953125 452
453 286.9675598144531 453
454 286.9819946289062 454
455 286.9964904785156 455
456 287.0110168457031 456
457 287.0255737304688 457
458 287.0401916503906 458
459 287.0548095703125 459
460 287.0694885253906 460
461 287.0841979980469 461
462 287.0989379882812 462
463 287.1136779785156 463
464 287.1284484863281 464
465 287.1432800292969 465
466 287.1581420898438 466
467 287.1730041503906 467
468 287.1879272460938 468
469 287.2028198242188 469
470 287.2177734375 470
471 287.2327575683594 471
472 287.2477416992188 472
473 287.2627563476562 473
474 287.2777709960938 474
475 287.2928161621094 475
476 287.3078918457031 476
477 287.322998046875 477
478 287.3380737304688 478
479 287.3531799316406 479
480 287.3683166503906 480
481 287.3834228515625 481
482 287.3985900878906 482
483 287.4137573242188 483
484 287.4288940429688 484
485 287.444091796875 485
486 287.4592895507812 486
487 287.4744567871094 487
488 287.4896545410156 488
489 287.5048522949219 489
490 287.5200500488281 490
491 287.5352783203125 491
492 287.5504760742188 492
493 287.565673828125 493
494 287.5808715820312 494
495 287.5960693359375 495
496 287.6112976074219 496
497 287.6264953613281 497
498 287.6416625976562 498
499 287.6568298339844 499
500 287.6720581054688 500
501 287.6871948242188 501
502 287.7023620605469 502
503 287.717529296875 503
504 287.732666015625 504
505 287.747802734375 505
506 287.762939453125 506
507 287.7780151367188 507
508 287.7931213378906 508
509 287.8081970214844 509
510 287.8232421875 510
511 287.8382873535156 511
512 287.8533325195312 512
513 287.8683471679688 513
514 287.88330078125 514
515 287.8982543945312 515
516 287.9132385253906 516
517 287.9281616210938 517
518 287.9430541992188 518
519 287.9579162597656 519
520 287.9727783203125 520
521 287.9876098632812 521
522 288.0023803710938 522
523 288.0171508789062 523
524 288.0319213867188 524
525 288.046630859375 525
526 288.061279296875 526
527 288.075927734375 527
528 288.090576171875 528
529 288.1051635742188 529
530 288.1196899414062 530
531 288.1342468261719 531
532 288.1487121582031 532
533 288.1631469726562 533
534 288.1775817871094 534
535 288.1919250488281 535
536 288.206298828125 536
537 288.2205810546875 537
538 288.2348327636719 538
539 288.2490539550781 539
540 288.2632446289062 540
541 288.27734375 541
542 288.2914733886719 542
543 288.3054809570312 543
544 288.3194885253906 544
545 288.3334655761719 545
546 288.3473815917969 546
547 288.3612365722656 547
548 288.3750610351562 548
549 288.3888244628906 549
550 288.4025573730469 550
551 288.4162292480469 551
552 288.4298400878906 552
553 288.4434204101562 553
554 288.4569396972656 554
555 288.4703979492188 555
556 288.4838562011719 556
557 288.4971923828125 557
558 288.510498046875 558
559 288.5237731933594 559
560 288.5369873046875 560
561 288.5501098632812 561
562 288.5632019042969 562
563 288.5762329101562 563
564 288.5892028808594 564
565 288.6021423339844 565
566 288.614990234375 566
567 288.6277770996094 567
568 288.6405334472656 568
569 288.6532287597656 569
570 288.6658325195312 570
571 288.6784057617188 571
572 288.6908874511719 572
573 288.7033081054688 573
574 288.7156982421875 574
575 288.7279968261719 575
576 288.740234375 576
577 288.7524108886719 577
578 288.7644958496094 578
579 288.7765502929688 579
580 288.78857421875 580
581 288.8004760742188 581
582 288.8123168945312 582
583 288.8240966796875 583
584 288.8358154296875 584
585 288.8474731445312 585
586 288.8590393066406 586
587 288.8705749511719 587
588 288.8820190429688 588
589 288.8934020996094 589
590 288.9047241210938 590
591 288.9159545898438 591
592 288.9271545410156 592
593 288.9382934570312 593
594 288.9493408203125 594
595 288.9602966308594 595
596 288.9712219238281 596
597 288.9821166992188 597
598 288.9928894042969 598
599 289.0036315917969 599
600 289.0143127441406 600
601 289.0249328613281 601
602 289.0354614257812 602
603 289.0459594726562 603
604 289.0563659667969 604
605 289.0667724609375 605
606 289.0770874023438 606
607 289.0873413085938 607
608 289.0975341796875 608
609 289.1076965332031 609
610 289.1177978515625 610
611 289.1278686523438 611
612 289.1378784179688 612
613 289.1478271484375 613
614 289.1577453613281 614
615 289.1676635742188 615
616 289.1774597167969 616
617 289.187255859375 617
618 289.197021484375 618
619 289.2067260742188 619
620 289.2164306640625 620
621 289.22607421875 621
622 289.2356872558594 622
623 289.2453002929688 623
624 289.2548828125 624
625 289.2644348144531 625
626 289.2739562988281 626
627 289.2834777832031 627
628 289.2929382324219 628
629 289.3024291992188 629
630 289.3118896484375 630
631 289.3213500976562 631
632 289.3307800292969 632
633 289.3402099609375 633
634 289.3496398925781 634
635 289.3590698242188 635
636 289.3684997558594 636
637 289.3779296875 637
638 289.3873291015625 638
639 289.3967895507812 639
640 289.40625 640
641 289.4157104492188 641
642 289.4251403808594 642
643 289.4346313476562 643
644 289.444091796875 644
645 289.45361328125 645
646 289.4631652832031 646
647 289.4727172851562 647
648 289.4822692871094 648
649 289.4918518066406 649
650 289.50146484375 650
651 289.5111083984375 651
652 289.5207824707031 652
653 289.5304870605469 653
654 289.5402221679688 654
655 289.5499877929688 655
656 289.5597534179688 656
657 289.569580078125 657
658 289.5794677734375 658
659 289.5893859863281 659
660 289.5993041992188 660
661 289.6092834472656 661
662 289.6192932128906 662
663 289.62939453125 663
664 289.6394653320312 664
665 289.6496276855469 665
666 289.6598205566406 666
667 289.6700744628906 667
668 289.6803588867188 668
669 289.690673828125 669
670 289.7010498046875 670
671 289.7114868164062 671
672 289.7219848632812 672
673 289.7324829101562 673
674 289.7430725097656 674
675 289.753662109375 675
676 289.7643432617188 676
677 289.7750854492188 677
678 289.7858581542969 678
679 289.7966613769531 679
680 289.8075561523438 680
681 289.8184814453125 681
682 289.8294677734375 682
683 289.8405151367188 683
684 289.8515625 684
685 289.8627014160156 685
686 289.8739013671875 686
687 289.8851623535156 687
688 289.8964538574219 688
689 289.9077758789062 689
690 289.919189453125 690
691 289.9306030273438 691
692 289.9421081542969 692
693 289.9536437988281 693
694 289.9652709960938 694
695 289.9769287109375 695
696 289.9885864257812 696
697 290.0003356933594 697
698 290.0121765136719 698
699 290.0239868164062 699
700 290.035888671875 700
701 290.0478515625 701
702 290.059814453125 702
703 290.0718688964844 703
704 290.0839233398438 704
705 290.0960693359375 705
706 290.1082763671875 706
707 290.1204833984375 707
708 290.1327209472656 708
709 290.1450500488281 709
710 290.1574096679688 710
711 290.1697998046875 711
712 290.1822204589844 712
713 290.1947021484375 713
714 290.2072143554688 714
715 290.2197875976562 715
716 290.2323608398438 716
717 290.2449951171875 717
718 290.2576904296875 718
719 290.2703857421875 719
720 290.2831115722656 720
721 290.2958679199219 721
722 290.3086853027344 722
723 290.321533203125 723
724 290.3344116210938 724
725 290.3473205566406 725
726 290.3602600097656 726
727 290.3732299804688 727
728 290.3861999511719 728
729 290.3992309570312 729
730 290.4122924804688 730
731 290.4253540039062 731
732 290.4384765625 732
733 290.4515686035156 733
734 290.4647216796875 734
735 290.4779052734375 735
736 290.4910888671875 736
737 290.5043029785156 737
738 290.5175170898438 738
739 290.5307922363281 739
740 290.5440368652344 740
741 290.5573425292969 741
742 290.5706481933594 742
743 290.5839538574219 743
744 290.5972595214844 744
745 290.6106262207031 745
746 290.6239929199219 746
747 290.6373291015625 747
748 290.6506958007812 748
749 290.6641235351562 749
750 290.677490234375 750
751 290.6908874511719 751
752 290.7042846679688 752
753 290.7177429199219 753
754 290.7311401367188 754
755 290.7445678710938 755
756 290.7579956054688 756
757 290.7714233398438 757
758 290.7848510742188 758
759 290.7982482910156 759
760 290.8117065429688 760
761 290.8251037597656 761
762 290.8385314941406 762
763 290.8519287109375 763
764 290.8653564453125 764
765 290.8787231445312 765
766 290.8921508789062 766
767 290.9055480957031 767
768 290.9189147949219 768
769 290.9323120117188 769
770 290.9456481933594 770
771 290.958984375 771
772 290.9723510742188 772
773 290.9856567382812 773
774 290.9989624023438 774
775 291.0122680664062 775
776 291.0255432128906 776
777 291.0387878417969 777
778 291.0520324707031 778
779 291.0652465820312 779
780 291.0784606933594 780
781 291.0916442871094 781
782 291.1047973632812 782
783 291.1179809570312 783
784 291.1310729980469 784
785 291.1441650390625 785
786 291.1572265625 786
787 291.1702880859375 787
788 291.1833190917969 788
789 291.1962890625 789
790 291.2092895507812 790
791 291.2221984863281 791
792 291.235107421875 792
793 291.2479858398438 793
794 291.2608337402344 794
795 291.2736206054688 795
796 291.2864074707031 796
797 291.2991638183594 797
798 291.3118896484375 798
799 291.3245544433594 799
800 291.3371887207031 800
801 291.3498229980469 801
802 291.3623657226562 802
803 291.3748779296875 803
804 291.3873901367188 804
805 291.3998413085938 805
806 291.4122314453125 806
807 291.4246215820312 807
808 291.4369506835938 808
809 291.44921875 809
810 291.4614868164062 810
811 291.4736633300781 811
812 291.4857788085938 812
813 291.4979248046875 813
814 291.5099792480469 814
815 291.5220031738281 815
816 291.533935546875 816
817 291.5458679199219 817
818 291.5577697753906 818
819 291.5695495605469 819
820 291.5813598632812 820
821 291.5930480957031 821
822 291.604736328125 822
823 291.6163635253906 823
824 291.6278991699219 824
825 291.6394348144531 825
826 291.65087890625 826
827 291.6622924804688 827
828 291.6736450195312 828
829 291.6849365234375 829
830 291.6961669921875 830
831 291.7073364257812 831
832 291.7184448242188 832
833 291.7295227050781 833
834 291.7405395507812 834
835 291.75146484375 835
836 291.7623596191406 836
837 291.7731628417969 837
838 291.783935546875 838
839 291.7946472167969 839
840 291.8052673339844 840
841 291.8158569335938 841
842 291.8263244628906 842
843 291.8368225097656 843
844 291.8471984863281 844
845 291.8575134277344 845
846 291.8677673339844 846
847 291.8779602050781 847
848 291.8880920410156 848
849 291.8981628417969 849
850 291.9081420898438 850
851 291.9180908203125 851
852 291.9279174804688 852
853 291.9377136230469 853
854 291.9474487304688 854
855 291.9570922851562 855
856 291.9667053222656 856
857 291.9762573242188 857
858 291.9857177734375 858
859 291.9951171875 859
860 292.0044250488281 860
861 292.013671875 861
862 292.0228881835938 862
863 292.031982421875 863
864 292.0410461425781 864
865 292.050048828125 865
866 292.0589904785156 866
867 292.06787109375 867
868 292.07666015625 868
869 292.0854187011719 869
870 292.0940856933594 870
871 292.1027221679688 871
872 292.1112670898438 872
873 292.1197814941406 873
874 292.1282043457031 874
875 292.1365966796875 875
876 292.1449279785156 876
877 292.1531982421875 877
878 292.1614379882812 878
879 292.1696166992188 879
880 292.177734375 880
881 292.1858520507812 881
882 292.19384765625 882
883 292.2018432617188 883
884 292.2097778320312 884
885 292.2176818847656 885
886 292.2255249023438 886
887 292.2333374023438 887
888 292.2411193847656 888
889 292.2488708496094 889
890 292.2566223144531 890
891 292.2642822265625 891
892 292.2719421386719 892
893 292.2796020507812 893
894 292.2872009277344 894
895 292.2947692871094 895
896 292.3023376464844 896
897 292.3099060058594 897
898 292.3174133300781 898
899 292.3249206542969 899
900 292.3324584960938 900
901 292.3399047851562 901
902 292.347412109375 902
903 292.3548889160156 903
904 292.3623657226562 904
905 292.369873046875 905
906 292.3773193359375 906
907 292.3847961425781 907
908 292.3923034667969 908
909 292.3997802734375 909
910 292.4072875976562 910
911 292.4147338867188 911
912 292.4222717285156 912
913 292.4298095703125 913
914 292.4373474121094 914
915 292.4449157714844 915
916 292.4524841308594 916
917 292.4600830078125 917
918 292.4677124023438 918
919 292.475341796875 919
920 292.4830322265625 920
921 292.49072265625 921
922 292.4984436035156 922
923 292.5061950683594 923
924 292.5139770507812 924
925 292.5217895507812 925
926 292.5296630859375 926
927 292.5375061035156 927
928 292.5454406738281 928
929 292.5534057617188 929
930 292.5614013671875 930
931 292.5694274902344 931
932 292.5775146484375 932
933 292.5856018066406 933
934 292.59375 934
935 292.6019592285156 935
936 292.6101989746094 936
937 292.6184997558594 937
938 292.6268310546875 938
939 292.6351928710938 939
940 292.6436157226562 940
941 292.652099609375 941
942 292.6605834960938 942
943 292.6691589355469 943
944 292.6777954101562 944
945 292.6864624023438 945
946 292.6951599121094 946
947 292.7039184570312 947
948 292.7127075195312 948
949 292.7215881347656 949
950 292.7304992675781 950
951 292.7394409179688 951
952 292.7484436035156 952
953 292.7575378417969 953
954 292.7666320800781 954
955 292.7757873535156 955
956 292.7850036621094 956
957 292.7942810058594 957
958 292.8035583496094 958
959 292.8129272460938 959
960 292.8223571777344 960
961 292.8318176269531 961
962 292.8413391113281 962
963 292.8508911132812 963
964 292.8605346679688 964
965 292.8701477050781 965
966 292.8798828125 966
967 292.8896179199219 967
968 292.8994445800781 968
969 292.9093017578125 969
970 292.919189453125 970
971 292.9291076660156 971
972 292.9391174316406 972
973 292.9491271972656 973
974 292.959228515625 974
975 292.9693603515625 975
976 292.9795227050781 976
977 292.98974609375 977
978 293 978
979 293.0102844238281 979
980 293.0206298828125 980
981 293.031005859375 981
982 293.0414123535156 982
983 293.0518798828125 983
984 293.0623474121094 984
985 293.0729064941406 985
986 293.0834655761719 986
987 293.0940551757812 987
988 293.1047058105469 988
989 293.1153869628906 989
990 293.1260986328125 990
991 293.1368408203125 991
992 293.1476440429688 992
993 293.1584167480469 993
994 293.1692504882812 994
995 293.1801147460938 995
996 293.1910400390625 996
997 293.2019653320312 997
998 293.2129211425781 998
999 293.2239074707031 999
1000 293.2348937988281 1000
1001 293.2459106445312 1001
1002 293.2569885253906 1002
1003 293.2680358886719 1003
1004 293.2791442871094 1004
1005 293.290283203125 1005
1006 293.3014221191406 1006
1007 293.3125915527344 1007
1008 293.3237609863281 1008
1009 293.3349304199219 1009
1010 293.3461608886719 1010
1011 293.3573913574219 1011
1012 293.3686218261719 1012
1013 293.3798828125 1013
1014 293.39111328125 1014
1015 293.4024353027344 1015
1016 293.4137268066406 1016
1017 293.4250183105469 1017
1018 293.4363403320312 1018
1019 293.4476318359375 1019
1020 293.458984375 1020
1021 293.4703063964844 1021
1022 293.4816284179688 1022
1023 293.4929809570312 1023
1024 293.5043640136719 1024
1025 293.5156860351562 1025
1026 293.5270385742188 1026
1027 293.5383911132812 1027
1028 293.5497436523438 1028
1029 293.5610961914062 1029
1030 293.5724182128906 1030
1031 293.5837707519531 1031
1032 293.5951232910156 1032
1033 293.6064453125 1033
1034 293.6177978515625 1034
1035 293.6290893554688 1035
1036 293.6404418945312 1036
1037 293.6517333984375 1037
1038 293.6630249023438 1038
1039 293.67431640625 1039
1040 293.6856079101562 1040
1041 293.6968688964844 1041
1042 293.7080993652344 1042
1043 293.7193603515625 1043
1044 293.7305908203125 1044
1045 293.7417907714844 1045
1046 293.7529907226562 1046
1047 293.76416015625 1047
1048 293.7753295898438 1048
1049 293.7864379882812 1049
1050 293.7975769042969 1050
1051 293.8086853027344 1051
1052 293.8197326660156 1052
1053 293.830810546875 1053
1054 293.8418273925781 1054
1055 293.8528442382812 1055
1056 293.8638305664062 1056
1057 293.8747863769531 1057
1058 293.8857421875 1058
1059 293.8966064453125 1059
1060 293.907470703125 1060
1061 293.9183349609375 1061
1062 293.9291687011719 1062
1063 293.93994140625 1063
1064 293.95068359375 1064
1065 293.96142578125 1065
1066 293.9721069335938 1066
1067 293.9827575683594 1067
1068 293.9933776855469 1068
1069 294.0039672851562 1069
1070 294.0145263671875 1070
1071 294.0250244140625 1071
1072 294.0355224609375 1072
1073 294.0459594726562 1073
1074 294.0563659667969 1074
1075 294.0667114257812 1075
1076 294.0770263671875 1076
1077 294.0873107910156 1077
1078 294.0975646972656 1078
1079 294.1077270507812 1079
1080 294.117919921875 1080
1081 294.1280212402344 1081
1082 294.1380920410156 1082
1083 294.1481018066406 1083
1084 294.1580810546875 1084
1085 294.1679992675781 1085
1086 294.1778869628906 1086
1087 294.1877136230469 1087
1088 294.1974792480469 1088
1089 294.2072143554688 1089
1090 294.2169189453125 1090
1091 294.2265625 1091
1092 294.2361450195312 1092
1093 294.2456665039062 1093
1094 294.2551574707031 1094
1095 294.2645568847656 1095
1096 294.27392578125 1096
1097 294.2832946777344 1097
1098 294.2925415039062 1098
1099 294.3017272949219 1099
1100 294.3109130859375 1100
1101 294.3199768066406 1101
1102 294.3290405273438 1102
1103 294.3380126953125 1103
1104 294.346923828125 1104
1105 294.3558044433594 1105
1106 294.3645935058594 1106
1107 294.3733520507812 1107
1108 294.3820190429688 1108
1109 294.3906555175781 1109
1110 294.3992309570312 1110
1111 294.40771484375 1111
1112 294.4161682128906 1112
1113 294.4245300292969 1113
1114 294.432861328125 1114
1115 294.4411010742188 1115
1116 294.4492797851562 1116
1117 294.4574279785156 1117
1118 294.4654541015625 1118
1119 294.4734802246094 1119
1120 294.4813842773438 1120
1121 294.4892578125 1121
1122 294.4970092773438 1122
1123 294.5047607421875 1123
1124 294.5124206542969 1124
1125 294.52001953125 1125
1126 294.5275573730469 1126
1127 294.5350341796875 1127
1128 294.5424194335938 1128
1129 294.5497436523438 1129
1130 294.5570373535156 1130
1131 294.5642395019531 1131
1132 294.5713806152344 1132
1133 294.5784301757812 1133
1134 294.58544921875 1134
1135 294.5924072265625 1135
1136 294.5993041992188 1136
1137 294.6061096191406 1137
1138 294.6128540039062 1138
1139 294.6195678710938 1139
1140 294.626220703125 1140
1141 294.6328125 1141
1142 294.6393432617188 1142
1143 294.6458129882812 1143
1144 294.6522216796875 1144
1145 294.6585693359375 1145
1146 294.6648559570312 1146
1147 294.6711120605469 1147
1148 294.6773071289062 1148
1149 294.6834716796875 1149
1150 294.6895751953125 1150
1151 294.6956481933594 1151
1152 294.7016906738281 1152
1153 294.7076416015625 1153
1154 294.7135620117188 1154
1155 294.719482421875 1155
1156 294.725341796875 1156
1157 294.7311401367188 1157
1158 294.7369384765625 1158
1159 294.7427062988281 1159
1160 294.7484130859375 1160
1161 294.7541198730469 1161
1162 294.7597961425781 1162
1163 294.7654724121094 1163
1164 294.7710876464844 1164
1165 294.7767028808594 1165
1166 294.7822875976562 1166
1167 294.787841796875 1167
1168 294.7934265136719 1168
1169 294.7989807128906 1169
1170 294.8045349121094 1170
1171 294.81005859375 1171
1172 294.8155822753906 1172
1173 294.8211059570312 1173
1174 294.8266296386719 1174
1175 294.8321533203125 1175
1176 294.8376770019531 1176
1177 294.8432006835938 1177
1178 294.8487243652344 1178
1179 294.8543090820312 1179
1180 294.85986328125 1180
1181 294.8654174804688 1181
1182 294.8710021972656 1182
1183 294.8765869140625 1183
1184 294.8822021484375 1184
1185 294.8878479003906 1185
1186 294.8935241699219 1186
1187 294.899169921875 1187
1188 294.9048767089844 1188
1189 294.9106140136719 1189
1190 294.9163818359375 1190
1191 294.9221496582031 1191
1192 294.9279479980469 1192
1193 294.9337768554688 1193
1194 294.9396667480469 1194
1195 294.945556640625 1195
1196 294.9515075683594 1196
1197 294.9574584960938 1197
1198 294.9635009765625 1198
1199 294.9695434570312 1199
1200 294.9756469726562 1200
1201 294.9817810058594 1201
1202 294.9879760742188 1202
1203 294.9941711425781 1203
1204 295.0004272460938 1204
1205 295.0067749023438 1205
1206 295.0130615234375 1206
1207 295.0194702148438 1207
1208 295.0259094238281 1208
1209 295.0323791503906 1209
1210 295.0389404296875 1210
1211 295.0455322265625 1211
1212 295.0521240234375 1212
1213 295.0588073730469 1213
1214 295.0655212402344 1214
1215 295.0722961425781 1215
1216 295.0791320800781 1216
1217 295.0860290527344 1217
1218 295.0929260253906 1218
1219 295.0999145507812 1219
1220 295.10693359375 1220
1221 295.114013671875 1221
1222 295.1211242675781 1222
1223 295.1282958984375 1223
1224 295.1355285644531 1224
1225 295.142822265625 1225
1226 295.150146484375 1226
1227 295.1575317382812 1227
1228 295.1649475097656 1228
1229 295.1724548339844 1229
1230 295.1799621582031 1230
1231 295.1875610351562 1231
1232 295.1951904296875 1232
1233 295.2028503417969 1233
1234 295.2106018066406 1234
1235 295.2183837890625 1235
1236 295.2261962890625 1236
1237 295.2340698242188 1237
1238 295.2420043945312 1238
1239 295.2499694824219 1239
1240 295.2579650878906 1240
1241 295.2660522460938 1241
1242 295.274169921875 1242
1243 295.2823181152344 1243
1244 295.2904968261719 1244
1245 295.2987670898438 1245
1246 295.3070373535156 1246
1247 295.3153686523438 1247
1248 295.32373046875 1248
1249 295.3321533203125 1249
1250 295.3406372070312 1250
1251 295.3490905761719 1251
1252 295.357666015625 1252
1253 295.3662414550781 1253
1254 295.3748474121094 1254
1255 295.3834838867188 1255
1256 295.3921508789062 1256
1257 295.40087890625 1257
1258 295.40966796875 1258
1259 295.41845703125 1259
1260 295.4272766113281 1260
1261 295.4361267089844 1261
1262 295.4450073242188 1262
1263 295.4539489746094 1263
1264 295.462890625 1264
1265 295.4718933105469 1265
1266 295.4808959960938 1266
1267 295.4899291992188 1267
1268 295.4989929199219 1268
1269 295.5081176757812 1269
1270 295.5172119140625 1270
1271 295.5263671875 1271
1272 295.5355224609375 1272
1273 295.5447387695312 1273
1274 295.553955078125 1274
1275 295.5631713867188 1275
1276 295.5724487304688 1276
1277 295.5816955566406 1277
1278 295.5910034179688 1278
1279 295.6003112792969 1279
1280 295.609619140625 1280
1281 295.6189575195312 1281
1282 295.6283264160156 1282
1283 295.6376953125 1283
1284 295.6470947265625 1284
1285 295.656494140625 1285
1286 295.6658630371094 1286
1287 295.67529296875 1287
1288 295.6847229003906 1288
1289 295.6941528320312 1289
1290 295.70361328125 1290
1291 295.7130432128906 1291
1292 295.7225036621094 1292
1293 295.73193359375 1293
1294 295.7413940429688 1294
1295 295.7508544921875 1295
1296 295.7603149414062 1296
1297 295.7698059082031 1297
1298 295.7792358398438 1298
1299 295.7887268066406 1299
1300 295.7981872558594 1300
1301 295.8076477050781 1301
1302 295.8171081542969 1302
1303 295.8265380859375 1303
1304 295.8359680175781 1304
1305 295.8454284667969 1305
1306 295.8548583984375 1306
1307 295.8642578125 1307
1308 295.8736877441406 1308
1309 295.8831176757812 1309
1310 295.8924865722656 1310
1311 295.90185546875 1311
1312 295.9112548828125 1312
1313 295.9205932617188 1313
1314 295.929931640625 1314
1315 295.9392700195312 1315
1316 295.9486083984375 1316
1317 295.9578857421875 1317
1318 295.9671325683594 1318
1319 295.9764099121094 1319
1320 295.9856262207031 1320
1321 295.994873046875 1321
1322 296.0040283203125 1322
1323 296.0132141113281 1323
1324 296.0223388671875 1324
1325 296.031494140625 1325
1326 296.0405883789062 1326
1327 296.0496826171875 1327
1328 296.0587158203125 1328
1329 296.0677185058594 1329
1330 296.0767211914062 1330
1331 296.085693359375 1331
1332 296.0946350097656 1332
1333 296.1035461425781 1333
1334 296.1124267578125 1334
1335 296.1212768554688 1335
1336 296.1300964355469 1336
1337 296.1388854980469 1337
1338 296.1476135253906 1338
1339 296.1563415527344 1339
1340 296.1650085449219 1340
1341 296.1736450195312 1341
1342 296.1822509765625 1342
1343 296.1908264160156 1343
1344 296.1993408203125 1344
1345 296.2078552246094 1345
1346 296.21630859375 1346
1347 296.2246704101562 1347
1348 296.2330627441406 1348
1349 296.2413940429688 1349
1350 296.2496948242188 1350
1351 296.2579040527344 1351
1352 296.26611328125 1352
1353 296.2742614746094 1353
1354 296.2823486328125 1354
1355 296.2904357910156 1355
1356 296.2984313964844 1356
1357 296.3064270019531 1357
1358 296.3143310546875 1358
1359 296.3222045898438 1359
1360 296.3300476074219 1360
1361 296.3377990722656 1361
1362 296.3455200195312 1362
1363 296.3532104492188 1363
1364 296.36083984375 1364
1365 296.3683776855469 1365
1366 296.3759155273438 1366
1367 296.3833618164062 1367
1368 296.3907470703125 1368
1369 296.3981323242188 1369
1370 296.4054260253906 1370
1371 296.4126586914062 1371
1372 296.4198303222656 1372
1373 296.4269714355469 1373
1374 296.4340515136719 1374
1375 296.4410705566406 1375
1376 296.447998046875 1376
1377 296.4548950195312 1377
1378 296.4617614746094 1378
1379 296.4685363769531 1379
1380 296.4752502441406 1380
1381 296.4819030761719 1381
1382 296.4884643554688 1382
1383 296.4950256347656 1383
1384 296.5014953613281 1384
1385 296.5078735351562 1385
1386 296.5142517089844 1386
1387 296.5205078125 1387
1388 296.5267333984375 1388
1389 296.5328979492188 1389
1390 296.5389709472656 1390
1391 296.5449829101562 1391
1392 296.5509643554688 1392
1393 296.5568542480469 1393
1394 296.5626831054688 1394
1395 296.5684814453125 1395
1396 296.5741577148438 1396
1397 296.5798034667969 1397
1398 296.5853576660156 1398
1399 296.5908813476562 1399
1400 296.5963134765625 1400
1401 296.6016845703125 1401
1402 296.6070251464844 1402
1403 296.6122741699219 1403
1404 296.6174926757812 1404
1405 296.6226196289062 1405
1406 296.6276550292969 1406
1407 296.6326904296875 1407
1408 296.6376647949219 1408
1409 296.6425476074219 1409
1410 296.6473693847656 1410
1411 296.6521606445312 1411
1412 296.6568908691406 1412
1413 296.6615600585938 1413
1414 296.6661987304688 1414
1415 296.6707458496094 1415
1416 296.67529296875 1416
1417 296.6797180175781 1417
1418 296.6841430664062 1418
1419 296.6885375976562 1419
1420 296.69287109375 1420
1421 296.6971435546875 1421
1422 296.701416015625 1422
1423 296.7056274414062 1423
1424 296.7097778320312 1424
1425 296.7138977050781 1425
1426 296.718017578125 1426
1427 296.7220764160156 1427
1428 296.7261047363281 1428
1429 296.7301025390625 1429
1430 296.7341003417969 1430
1431 296.7380676269531 1431
1432 296.7419738769531 1432
1433 296.7458801269531 1433
1434 296.7497863769531 1434
1435 296.753662109375 1435
1436 296.7575073242188 1436
1437 296.7613830566406 1437
1438 296.7652282714844 1438
1439 296.7690734863281 1439
1440 296.7728881835938 1440
1441 296.7767028808594 1441
1442 296.780517578125 1442
1443 296.7843627929688 1443
1444 296.7881469726562 1444
1445 296.7919921875 1445
1446 296.7958068847656 1446
1447 296.7996520996094 1447
1448 296.803466796875 1448
1449 296.8073425292969 1449
1450 296.8112487792969 1450
1451 296.8150939941406 1451
1452 296.8190307617188 1452
1453 296.8229064941406 1453
1454 296.8268737792969 1454
1455 296.830810546875 1455
1456 296.8348388671875 1456
1457 296.8388366699219 1457
1458 296.8428649902344 1458
1459 296.8468933105469 1459
1460 296.8510131835938 1460
1461 296.8551330566406 1461
1462 296.8592834472656 1462
1463 296.8634338378906 1463
1464 296.8677062988281 1464
1465 296.8719482421875 1465
1466 296.876220703125 1466
1467 296.8805541992188 1467
1468 296.8849487304688 1468
1469 296.8893737792969 1469
1470 296.8938293457031 1470
1471 296.8983154296875 1471
1472 296.90283203125 1472
1473 296.9074096679688 1473
1474 296.9120178222656 1474
1475 296.9167175292969 1475
1476 296.9214477539062 1476
1477 296.9262084960938 1477
1478 296.9310302734375 1478
1479 296.9358825683594 1479
1480 296.9407958984375 1480
1481 296.9457397460938 1481
1482 296.9507446289062 1482
1483 296.955810546875 1483
1484 296.9609069824219 1484
1485 296.966064453125 1485
1486 296.9712829589844 1486
1487 296.9765625 1487
1488 296.9818725585938 1488
1489 296.9872131347656 1489
1490 296.9926452636719 1490
1491 296.9980773925781 1491
1492 297.0036010742188 1492
1493 297.0091857910156 1493
1494 297.0148010253906 1494
1495 297.0204467773438 1495
1496 297.0261840820312 1496
1497 297.0319519042969 1497
1498 297.0377807617188 1498
1499 297.043701171875 1499
1500 297.0495910644531 1500
1501 297.0555725097656 1501
1502 297.0616149902344 1502
1503 297.0676574707031 1503
1504 297.0737915039062 1504
1505 297.0799865722656 1505
1506 297.0862121582031 1506
1507 297.0924987792969 1507
1508 297.0988159179688 1508
1509 297.1051635742188 1509
1510 297.1116027832031 1510
1511 297.1180725097656 1511
1512 297.1245727539062 1512
1513 297.1311340332031 1513
1514 297.1377563476562 1514
1515 297.1443786621094 1515
1516 297.1510925292969 1516
1517 297.1578369140625 1517
1518 297.1645812988281 1518
1519 297.17138671875 1519
1520 297.1782836914062 1520
1521 297.1851806640625 1521
1522 297.1921081542969 1522
1523 297.1990966796875 1523
1524 297.2061157226562 1524
1525 297.2131652832031 1525
1526 297.2202758789062 1526
1527 297.2273864746094 1527
1528 297.2345581054688 1528
1529 297.2417602539062 1529
1530 297.2489929199219 1530
1531 297.2562866210938 1531
1532 297.2635803222656 1532
1533 297.2708740234375 1533
1534 297.2782592773438 1534
1535 297.28564453125 1535
1536 297.2930603027344 1536
1537 297.3005065917969 1537
1538 297.3080139160156 1538
1539 297.3154907226562 1539
1540 297.3230285644531 1540
1541 297.3305969238281 1541
1542 297.3381652832031 1542
1543 297.3457641601562 1543
1544 297.3533935546875 1544
1545 297.3610534667969 1545
1546 297.3686828613281 1546
1547 297.3764038085938 1547
1548 297.3840942382812 1548
1549 297.3918151855469 1549
1550 297.3995361328125 1550
1551 297.4072875976562 1551
1552 297.4150390625 1552
1553 297.4228515625 1553
1554 297.4306335449219 1554
1555 297.4384460449219 1555
1556 297.4462890625 1556
1557 297.4540710449219 1557
1558 297.4619140625 1558
1559 297.4697570800781 1559
1560 297.4776306152344 1560
1561 297.4854736328125 1561
1562 297.4933471679688 1562
1563 297.501220703125 1563
1564 297.5090637207031 1564
1565 297.5169372558594 1565
1566 297.5248413085938 1566
1567 297.53271484375 1567
1568 297.5406188964844 1568
1569 297.5484619140625 1569
1570 297.5563354492188 1570
1571 297.564208984375 1571
1572 297.5720825195312 1572
1573 297.5799560546875 1573
1574 297.5878295898438 1574
1575 297.5956420898438 1575
1576 297.603515625 1576
1577 297.6113586425781 1577
1578 297.6192016601562 1578
1579 297.6270141601562 1579
1580 297.6348266601562 1580
1581 297.6426086425781 1581
1582 297.650390625 1582
1583 297.6581420898438 1583
1584 297.6659240722656 1584
1585 297.6736755371094 1585
1586 297.681396484375 1586
1587 297.6891174316406 1587
1588 297.6968383789062 1588
1589 297.7044982910156 1589
1590 297.712158203125 1590
1591 297.7197875976562 1591
1592 297.7274169921875 1592
1593 297.7350158691406 1593
1594 297.7425537109375 1594
1595 297.7501220703125 1595
1596 297.7576293945312 1596
1597 297.76513671875 1597
1598 297.7726135253906 1598
1599 297.7800598144531 1599
1600 297.7874755859375 1600
1601 297.7948913574219 1601
1602 297.80224609375 1602
1603 297.8095703125 1603
1604 297.8168640136719 1604
1605 297.8241271972656 1605
1606 297.8313598632812 1606
1607 297.8385925292969 1607
1608 297.8457641601562 1608
1609 297.8529052734375 1609
1610 297.8600463867188 1610
1611 297.8670654296875 1611
1612 297.8741149902344 1612
1613 297.8811340332031 1613
1614 297.8880920410156 1614
1615 297.89501953125 1615
1616 297.9018859863281 1616
1617 297.9087219238281 1617
1618 297.91552734375 1618
1619 297.9223022460938 1619
1620 297.9289855957031 1620
1621 297.9356994628906 1621
1622 297.9423217773438 1622
1623 297.9489135742188 1623
1624 297.9554443359375 1624
1625 297.9619445800781 1625
1626 297.9683837890625 1626
1627 297.9747924804688 1627
1628 297.9811401367188 1628
1629 297.9874877929688 1629
1630 297.9937438964844 1630
1631 297.9999389648438 1631
1632 298.0061340332031 1632
1633 298.0122375488281 1633
1634 298.018310546875 1634
1635 298.0243225097656 1635
1636 298.0302734375 1636
1637 298.0361633300781 1637
1638 298.0419921875 1638
1639 298.0478210449219 1639
1640 298.0535583496094 1640
1641 298.0592651367188 1641
1642 298.0648803710938 1642
1643 298.0704650878906 1643
1644 298.0759887695312 1644
1645 298.0814819335938 1645
1646 298.0868530273438 1646
1647 298.0921936035156 1647
1648 298.0975036621094 1648
1649 298.1027221679688 1649
1650 298.1078796386719 1650
1651 298.1129760742188 1651
1652 298.1180419921875 1652
1653 298.123046875 1653
1654 298.1279602050781 1654
1655 298.1328125 1655
1656 298.1376342773438 1656
1657 298.1423645019531 1657
1658 298.1470336914062 1658
1659 298.1516723632812 1659
1660 298.1562194824219 1660
1661 298.1607055664062 1661
1662 298.1651306152344 1662
1663 298.1694641113281 1663
1664 298.1737976074219 1664
1665 298.1780090332031 1665
1666 298.1821899414062 1666
1667 298.1863098144531 1667
1668 298.1903381347656 1668
1669 298.1943359375 1669
1670 298.1982727050781 1670
1671 298.2021179199219 1671
1672 298.2059020996094 1672
1673 298.2096557617188 1673
1674 298.2133483886719 1674
1675 298.2169494628906 1675
1676 298.2205200195312 1676
1677 298.2240295410156 1677
1678 298.2274780273438 1678
1679 298.2308654785156 1679
1680 298.2341918945312 1680
1681 298.2374877929688 1681
1682 298.2406921386719 1682
1683 298.2438659667969 1683
1684 298.2470092773438 1684
1685 298.2500915527344 1685
1686 298.2531127929688 1686
1687 298.256103515625 1687
1688 298.259033203125 1688
1689 298.2619018554688 1689
1690 298.2647705078125 1690
1691 298.267578125 1691
1692 298.2703552246094 1692
1693 298.2730712890625 1693
1694 298.2757873535156 1694
1695 298.2784423828125 1695
1696 298.2810974121094 1696
1697 298.2837219238281 1697
1698 298.2862854003906 1698
1699 298.288818359375 1699
1700 298.2913818359375 1700
1701 298.2938842773438 1701
1702 298.29638671875 1702
1703 298.2988586425781 1703
1704 298.3013000488281 1704
1705 298.3037719726562 1705
1706 298.3061828613281 1706
1707 298.30859375 1707
1708 298.3110046386719 1708
1709 298.3134460449219 1709
1710 298.3158264160156 1710
1711 298.3182373046875 1711
1712 298.3206481933594 1712
1713 298.3230590820312 1713
1714 298.3255004882812 1714
1715 298.327880859375 1715
1716 298.330322265625 1716
1717 298.3327331542969 1717
1718 298.335205078125 1718
1719 298.3377075195312 1719
1720 298.3401489257812 1720
1721 298.3426513671875 1721
1722 298.3451843261719 1722
1723 298.3477172851562 1723
1724 298.3502807617188 1724
1725 298.3528442382812 1725
1726 298.35546875 1726
1727 298.3581237792969 1727
1728 298.3607788085938 1728
1729 298.3634643554688 1729
1730 298.3662109375 1730
1731 298.3689575195312 1731
1732 298.3717956542969 1732
1733 298.3746032714844 1733
1734 298.3774719238281 1734
1735 298.38037109375 1735
1736 298.3833312988281 1736
1737 298.3863220214844 1737
1738 298.3893432617188 1738
1739 298.3923950195312 1739
1740 298.3955078125 1740
1741 298.398681640625 1741
1742 298.4018859863281 1742
1743 298.4051208496094 1743
1744 298.4084167480469 1744
1745 298.4117431640625 1745
1746 298.4151611328125 1746
1747 298.4185485839844 1747
1748 298.4220275878906 1748
1749 298.4255981445312 1749
1750 298.4291687011719 1750
1751 298.4328308105469 1751
1752 298.4364929199219 1752
1753 298.4402465820312 1753
1754 298.4440307617188 1754
1755 298.4478454589844 1755
1756 298.4517517089844 1756
1757 298.4557189941406 1757
1758 298.4596862792969 1758
1759 298.4637451171875 1759
1760 298.4678344726562 1760
1761 298.4719848632812 1761
1762 298.4761657714844 1762
1763 298.48046875 1763
1764 298.4847717285156 1764
1765 298.4891357421875 1765
1766 298.4935302734375 1766
1767 298.498046875 1767
1768 298.5025329589844 1768
1769 298.5071105957031 1769
1770 298.51171875 1770
1771 298.5164184570312 1771
1772 298.5211486816406 1772
1773 298.5259399414062 1773
1774 298.53076171875 1774
1775 298.53564453125 1775
1776 298.5405578613281 1776
1777 298.5455322265625 1777
1778 298.5505676269531 1778
1779 298.5556335449219 1779
1780 298.5607604980469 1780
1781 298.56591796875 1781
1782 298.5711669921875 1782
1783 298.5763854980469 1783
1784 298.5816955566406 1784
1785 298.5870666503906 1785
1786 298.5924377441406 1786
1787 298.597900390625 1787
1788 298.6033630371094 1788
1789 298.6089172363281 1789
1790 298.6144714355469 1790
1791 298.6200866699219 1791
1792 298.625732421875 1792
1793 298.6314086914062 1793
1794 298.6371459960938 1794
1795 298.6428833007812 1795
1796 298.648681640625 1796
1797 298.6545715332031 1797
1798 298.660400390625 1798
1799 298.6663208007812 1799
1800 298.6722717285156 1800
1801 298.6782531738281 1801
1802 298.6842651367188 1802
1803 298.6903076171875 1803
1804 298.6963806152344 1804
1805 298.7024841308594 1805
1806 298.7086181640625 1806
1807 298.7147827148438 1807
1808 298.7209777832031 1808
1809 298.7271728515625 1809
1810 298.7333984375 1810
1811 298.7396545410156 1811
1812 298.7459716796875 1812
1813 298.7522583007812 1813
1814 298.7586059570312 1814
1815 298.7649536132812 1815
1816 298.7713317871094 1816
1817 298.7777404785156 1817
1818 298.7841491699219 1818
1819 298.79052734375 1819
1820 298.7970275878906 1820
1821 298.8034973144531 1821
1822 298.8099365234375 1822
1823 298.8164672851562 1823
1824 298.8229675292969 1824
1825 298.8294677734375 1825
1826 298.8359985351562 1826
1827 298.842529296875 1827
1828 298.8490905761719 1828
1829 298.8556518554688 1829
1830 298.8622131347656 1830
1831 298.8688049316406 1831
1832 298.8753662109375 1832
1833 298.8819274902344 1833
1834 298.8885192871094 1834
1835 298.8951110839844 1835
1836 298.9017028808594 1836
1837 298.9083251953125 1837
1838 298.9148864746094 1838
1839 298.9214782714844 1839
1840 298.9280700683594 1840
1841 298.9346618652344 1841
1842 298.9412536621094 1842
1843 298.9478454589844 1843
1844 298.9543762207031 1844
1845 298.9609680175781 1845
1846 298.967529296875 1846
1847 298.9740905761719 1847
1848 298.9806213378906 1848
1849 298.9871826171875 1849
1850 298.9936828613281 1850
1851 299.000244140625 1851
1852 299.0067138671875 1852
1853 299.0132141113281 1853
1854 299.0196838378906 1854
1855 299.026123046875 1855
1856 299.0325927734375 1856
1857 299.0390014648438 1857
1858 299.04541015625 1858
1859 299.0518188476562 1859
1860 299.0581970214844 1860
1861 299.0645446777344 1861
1862 299.0708923339844 1862
1863 299.0772094726562 1863
1864 299.0834655761719 1864
1865 299.0897521972656 1865
1866 299.0959777832031 1866
1867 299.1022338867188 1867
1868 299.1083984375 1868
1869 299.1145629882812 1869
1870 299.1207275390625 1870
1871 299.1268310546875 1871
1872 299.1329040527344 1872
1873 299.1389770507812 1873
1874 299.1449890136719 1874
1875 299.1510009765625 1875
1876 299.156982421875 1876
1877 299.1629028320312 1877
1878 299.1687927246094 1878
1879 299.1746520996094 1879
1880 299.1804809570312 1880
1881 299.186279296875 1881
1882 299.1920776367188 1882
1883 299.19775390625 1883
1884 299.2034606933594 1884
1885 299.2090759277344 1885
1886 299.2146911621094 1886
1887 299.2202758789062 1887
1888 299.2257995605469 1888
1889 299.2312927246094 1889
1890 299.2367248535156 1890
1891 299.2421264648438 1891
1892 299.2474975585938 1892
1893 299.2528076171875 1893
1894 299.2580871582031 1894
1895 299.2633056640625 1895
1896 299.2684936523438 1896
1897 299.2736511230469 1897
1898 299.2787170410156 1898
1899 299.2837524414062 1899
1900 299.2887573242188 1900
1901 299.293701171875 1901
1902 299.2986145019531 1902
1903 299.303466796875 1903
1904 299.3082580566406 1904
1905 299.31298828125 1905
1906 299.3176879882812 1906
1907 299.3223266601562 1907
1908 299.3269348144531 1908
1909 299.3314514160156 1909
1910 299.3359375 1910
1911 299.3403625488281 1911
1912 299.3447265625 1912
1913 299.3490600585938 1913
1914 299.3533020019531 1914
1915 299.3575134277344 1915
1916 299.3616333007812 1916
1917 299.36572265625 1917
1918 299.3697814941406 1918
1919 299.3737182617188 1919
1920 299.3776550292969 1920
1921 299.3815002441406 1921
1922 299.3852844238281 1922
1923 299.3890380859375 1923
1924 299.3927001953125 1924
1925 299.3963012695312 1925
1926 299.3998718261719 1926
1927 299.4033813476562 1927
1928 299.4067687988281 1928
1929 299.41015625 1929
1930 299.4134216308594 1930
1931 299.4166870117188 1931
1932 299.4198913574219 1932
1933 299.4229431152344 1933
1934 299.426025390625 1934
1935 299.4290161132812 1935
1936 299.4319458007812 1936
1937 299.434814453125 1937
1938 299.4376220703125 1938
1939 299.4403686523438 1939
1940 299.4430541992188 1940
1941 299.4457092285156 1941
1942 299.4482421875 1942
1943 299.4507446289062 1943
1944 299.4531860351562 1944
1945 299.4555969238281 1945
1946 299.4579467773438 1946
1947 299.460205078125 1947
1948 299.4624328613281 1948
1949 299.464599609375 1949
1950 299.4667053222656 1950
1951 299.4687805175781 1951
1952 299.4707641601562 1952
1953 299.4727478027344 1953
1954 299.4746398925781 1954
1955 299.4765319824219 1955
1956 299.4783630371094 1956
1957 299.4801330566406 1957
1958 299.4818420410156 1958
1959 299.4835510253906 1959
1960 299.4852294921875 1960
1961 299.48681640625 1961
1962 299.4884338378906 1962
1963 299.4899597167969 1963
1964 299.4914855957031 1964
1965 299.4929809570312 1965
1966 299.4944152832031 1966
1967 299.495849609375 1967
1968 299.4972534179688 1968
1969 299.4986572265625 1969
1970 299.5 1970
1971 299.5013732910156 1971
1972 299.502685546875 1972
1973 299.5040283203125 1973
1974 299.5053100585938 1974
1975 299.506591796875 1975
1976 299.5078735351562 1976
1977 299.5091552734375 1977
1978 299.5104370117188 1978
1979 299.5116882324219 1979
1980 299.5129699707031 1980
1981 299.5142517089844 1981
1982 299.5155029296875 1982
1983 299.5168151855469 1983
1984 299.5180969238281 1984
1985 299.5194091796875 1985
1986 299.5207214355469 1986
1987 299.5220336914062 1987
1988 299.5233459472656 1988
1989 299.5247192382812 1989
1990 299.5260925292969 1990
1991 299.5274658203125 1991
1992 299.5289001464844 1992
1993 299.5303344726562 1993
1994 299.5317993164062 1994
1995 299.5332641601562 1995
1996 299.5348205566406 1996
1997 299.536376953125 1997
1998 299.5379333496094 1998
1999 299.53955078125 1999
2000 299.5411987304688 2000
2001 299.5428771972656 2001
2002 299.5445861816406 2002
2003 299.5463562011719 2003
2004 299.5481567382812 2004
2005 299.5499572753906 2005
2006 299.5518493652344 2006
2007 299.5537719726562 2007
2008 299.5557250976562 2008
2009 299.5577392578125 2009
2010 299.5597534179688 2010
2011 299.5618896484375 2011
2012 299.5640258789062 2012
2013 299.566162109375 2013
2014 299.5684509277344 2014
2015 299.5707397460938 2015
2016 299.5730590820312 2016
2017 299.575439453125 2017
2018 299.577880859375 2018
2019 299.580322265625 2019
2020 299.5828857421875 2020
2021 299.5854797363281 2021
2022 299.588134765625 2022
2023 299.5907897949219 2023
2024 299.5935668945312 2024
2025 299.5963439941406 2025
2026 299.5992126464844 2026
2027 299.6021118164062 2027
2028 299.6050415039062 2028
2029 299.6080627441406 2029
2030 299.6111145019531 2030
2031 299.6142578125 2031
2032 299.617431640625 2032
2033 299.6206359863281 2033
2034 299.6239013671875 2034
2035 299.6272583007812 2035
2036 299.6306457519531 2036
2037 299.6340637207031 2037
2038 299.6375732421875 2038
2039 299.64111328125 2039
2040 299.6447143554688 2040
2041 299.6483459472656 2041
2042 299.6520385742188 2042
2043 299.6557922363281 2043
2044 299.6595764160156 2044
2045 299.6634521484375 2045
2046 299.6673278808594 2046
2047 299.6713256835938 2047
2048 299.67529296875 2048
2049 299.6793518066406 2049
2050 299.6834411621094 2050
2051 299.6875610351562 2051
2052 299.6917724609375 2052
2053 299.6960144042969 2053
2054 299.7002868652344 2054
2055 299.7046203613281 2055
2056 299.708984375 2056
2057 299.7134094238281 2057
2058 299.7178649902344 2058
2059 299.7223815917969 2059
2060 299.7269287109375 2060
2061 299.7314758300781 2061
2062 299.7361145019531 2062
2063 299.7407836914062 2063
2064 299.7454833984375 2064
2065 299.750244140625 2065
2066 299.7550354003906 2066
2067 299.7598266601562 2067
2068 299.7646789550781 2068
2069 299.7695922851562 2069
2070 299.7745056152344 2070
2071 299.7794494628906 2071
2072 299.7844543457031 2072
2073 299.7894897460938 2073
2074 299.7945251464844 2074
2075 299.7996215820312 2075
2076 299.8047180175781 2076
2077 299.8098754882812 2077
2078 299.8150024414062 2078
2079 299.8201904296875 2079
2080 299.825439453125 2080
2081 299.8306579589844 2081
2082 299.8359375 2082
2083 299.8412475585938 2083
2084 299.8465270996094 2084
2085 299.8518981933594 2085
2086 299.8572387695312 2086
2087 299.8626098632812 2087
2088 299.8680114746094 2088
2089 299.8733825683594 2089
2090 299.8788146972656 2090
2091 299.88427734375 2091
2092 299.8897094726562 2092
2093 299.8952026367188 2093
2094 299.9006958007812 2094
2095 299.9061889648438 2095
2096 299.9116821289062 2096
2097 299.9172058105469 2097
2098 299.9227294921875 2098
2099 299.9282836914062 2099
2100 299.933837890625 2100
2101 299.9393615722656 2101
2102 299.9449157714844 2102
2103 299.9505004882812 2103
2104 299.9560546875 2104
2105 299.9616088867188 2105
2106 299.9671630859375 2106
2107 299.9727478027344 2107
2108 299.9783325195312 2108
2109 299.9839172363281 2109
2110 299.9894714355469 2110
2111 299.9950256347656 2111
2112 300.0005798339844 2112
2113 300.0061645507812 2113
2114 300.01171875 2114
2115 300.0172729492188 2115
2116 300.0227966308594 2116
2117 300.0283203125 2117
2118 300.0338439941406 2118
2119 300.0393676757812 2119
2120 300.0448913574219 2120
2121 300.0503845214844 2121
2122 300.0558471679688 2122
2123 300.0613403320312 2123
2124 300.0668029785156 2124
2125 300.0722351074219 2125
2126 300.07763671875 2126
2127 300.0830688476562 2127
2128 300.0884399414062 2128
2129 300.0938110351562 2129
2130 300.0991821289062 2130
2131 300.1044921875 2131
2132 300.1098327636719 2132
2133 300.1151123046875 2133
2134 300.1203918457031 2134
2135 300.1256408691406 2135
2136 300.130859375 2136
2137 300.1360778808594 2137
2138 300.1412353515625 2138
2139 300.1463928222656 2139
2140 300.1514892578125 2140
2141 300.1565856933594 2141
2142 300.1616516113281 2142
2143 300.1667175292969 2143
2144 300.1717224121094 2144
2145 300.1766967773438 2145
2146 300.181640625 2146
2147 300.1865539550781 2147
2148 300.1914367675781 2148
2149 300.1962585449219 2149
2150 300.2010803222656 2150
2151 300.2058715820312 2151
2152 300.2106018066406 2152
2153 300.2153015136719 2153
2154 300.219970703125 2154
2155 300.224609375 2155
2156 300.2291870117188 2156
2157 300.2337341308594 2157
2158 300.2382507324219 2158
2159 300.2427368164062 2159
2160 300.2471618652344 2160
2161 300.2515563964844 2161
2162 300.2558898925781 2162
2163 300.2601928710938 2163
2164 300.2644653320312 2164
2165 300.2686767578125 2165
2166 300.2728271484375 2166
2167 300.2769775390625 2167
2168 300.2810363769531 2168
2169 300.2850952148438 2169
2170 300.2890625 2170
2171 300.2929992675781 2171
2172 300.296875 2172
2173 300.3006896972656 2173
2174 300.3045043945312 2174
2175 300.3082275390625 2175
2176 300.3118896484375 2176
2177 300.3155212402344 2177
2178 300.3191223144531 2178
2179 300.3226623535156 2179
2180 300.3261108398438 2180
2181 300.3295288085938 2181
2182 300.3328857421875 2182
2183 300.336181640625 2183
2184 300.3394165039062 2184
2185 300.3426513671875 2185
2186 300.3457641601562 2186
2187 300.3488464355469 2187
2188 300.3518676757812 2188
2189 300.3548278808594 2189
2190 300.3577575683594 2190
2191 300.360595703125 2191
2192 300.3634033203125 2192
2193 300.3661193847656 2193
2194 300.3687744140625 2194
2195 300.3713684082031 2195
2196 300.3739318847656 2196
2197 300.3764038085938 2197
2198 300.3788452148438 2198
2199 300.3812255859375 2199
2200 300.3835144042969 2200
2201 300.3857727050781 2201
2202 300.3879089355469 2202
2203 300.3900451660156 2203
2204 300.39208984375 2204
2205 300.3941040039062 2205
2206 300.3960266113281 2206
2207 300.3978881835938 2207
2208 300.3997192382812 2208
2209 300.4014892578125 2209
2210 300.4031982421875 2210
2211 300.4048156738281 2211
2212 300.4063720703125 2212
2213 300.4078979492188 2213
2214 300.4093933105469 2214
2215 300.4107971191406 2215
2216 300.4121398925781 2216
2217 300.4134216308594 2217
2218 300.4146728515625 2218
2219 300.4158325195312 2219
2220 300.4170227050781 2220
2221 300.4180908203125 2221
2222 300.4191589355469 2222
2223 300.420166015625 2223
2224 300.4211120605469 2224
2225 300.4220275878906 2225
2226 300.4228515625 2226
2227 300.4236755371094 2227
2228 300.4244689941406 2228
2229 300.4252319335938 2229
2230 300.4259338378906 2230
2231 300.4265747070312 2231
2232 300.4272155761719 2232
2233 300.4278259277344 2233
2234 300.4284362792969 2234
2235 300.428955078125 2235
2236 300.4294738769531 2236
2237 300.4299926757812 2237
2238 300.4304809570312 2238
2239 300.430908203125 2239
2240 300.431396484375 2240
2241 300.4317932128906 2241
2242 300.4322204589844 2242
2243 300.4326171875 2243
2244 300.4329833984375 2244
2245 300.4333801269531 2245
2246 300.4337768554688 2246
2247 300.4341430664062 2247
2248 300.4345092773438 2248
2249 300.4348754882812 2249
2250 300.4352416992188 2250
2251 300.4356384277344 2251
2252 300.4360046386719 2252
2253 300.4364318847656 2253
2254 300.4368286132812 2254
2255 300.437255859375 2255
2256 300.4376831054688 2256
2257 300.4381408691406 2257
2258 300.4385986328125 2258
2259 300.4390869140625 2259
2260 300.4396057128906 2260
2261 300.4401245117188 2261
2262 300.440673828125 2262
2263 300.4412231445312 2263
2264 300.4418640136719 2264
2265 300.4425048828125 2265
2266 300.4431762695312 2266
2267 300.44384765625 2267
2268 300.444580078125 2268
2269 300.4453430175781 2269
2270 300.4461364746094 2270
2271 300.4469909667969 2271
2272 300.4478759765625 2272
2273 300.4487609863281 2273
2274 300.4497375488281 2274
2275 300.4507141113281 2275
2276 300.4517822265625 2276
2277 300.4528198242188 2277
2278 300.4539794921875 2278
2279 300.4551391601562 2279
2280 300.4563903808594 2280
2281 300.4576416015625 2281
2282 300.4589538574219 2282
2283 300.4603271484375 2283
2284 300.4617614746094 2284
2285 300.4631958007812 2285
2286 300.4647216796875 2286
2287 300.46630859375 2287
2288 300.4678955078125 2288
2289 300.4695739746094 2289
2290 300.4713134765625 2290
2291 300.4730834960938 2291
2292 300.4749145507812 2292
2293 300.476806640625 2293
2294 300.4787292480469 2294
2295 300.480712890625 2295
2296 300.4827575683594 2296
2297 300.4848327636719 2297
2298 300.4869995117188 2298
2299 300.4891967773438 2299
2300 300.4914855957031 2300
2301 300.4937744140625 2301
2302 300.4961853027344 2302
2303 300.4985656738281 2303
2304 300.5010681152344 2304
2305 300.5036010742188 2305
2306 300.5061645507812 2306
2307 300.5088195800781 2307
2308 300.5115051269531 2308
2309 300.5142517089844 2309
2310 300.5170593261719 2310
2311 300.5198974609375 2311
2312 300.5227966308594 2312
2313 300.5257568359375 2313
2314 300.5287475585938 2314
2315 300.5317993164062 2315
2316 300.534912109375 2316
2317 300.5380859375 2317
2318 300.5412902832031 2318
2319 300.5445251464844 2319
2320 300.5478210449219 2320
2321 300.5512084960938 2321
2322 300.5545654296875 2322
2323 300.5580139160156 2323
2324 300.5615234375 2324
2325 300.5650329589844 2325
2326 300.5686340332031 2326
2327 300.5722351074219 2327
2328 300.5758972167969 2328
2329 300.5796203613281 2329
2330 300.5833740234375 2330
2331 300.587158203125 2331
2332 300.5910034179688 2332
2333 300.5948791503906 2333
2334 300.5987854003906 2334
2335 300.6027221679688 2335
2336 300.6067199707031 2336
2337 300.6107482910156 2337
2338 300.6148376464844 2338
2339 300.618896484375 2339
2340 300.623046875 2340
2341 300.627197265625 2341
2342 300.6313781738281 2342
2343 300.6356201171875 2343
2344 300.639892578125 2344
2345 300.6441650390625 2345
2346 300.6484680175781 2346
2347 300.65283203125 2347
2348 300.6571655273438 2348
2349 300.6615600585938 2349
2350 300.666015625 2350
2351 300.6704711914062 2351
2352 300.6749267578125 2352
2353 300.679443359375 2353
2354 300.6839599609375 2354
2355 300.6884765625 2355
2356 300.6930541992188 2356
2357 300.6976013183594 2357
2358 300.7022094726562 2358
2359 300.7068176269531 2359
2360 300.7114868164062 2360
2361 300.7161254882812 2361
2362 300.7207641601562 2362
2363 300.7254333496094 2363
2364 300.7301330566406 2364
2365 300.7348327636719 2365
2366 300.7395629882812 2366
2367 300.7442626953125 2367
2368 300.7490234375 2368
2369 300.7537231445312 2369
2370 300.7584838867188 2370
2371 300.7632446289062 2371
2372 300.7680053710938 2372
2373 300.7727661132812 2373
2374 300.7775268554688 2374
2375 300.7823181152344 2375
2376 300.7870788574219 2376
2377 300.7918395996094 2377
2378 300.7966003417969 2378
2379 300.8013916015625 2379
2380 300.80615234375 2380
2381 300.8109130859375 2381
2382 300.815673828125 2382
2383 300.8204345703125 2383
2384 300.8251647949219 2384
2385 300.8299255371094 2385
2386 300.8346862792969 2386
2387 300.8394165039062 2387
2388 300.8441467285156 2388
2389 300.8488464355469 2389
2390 300.8535461425781 2390
2391 300.8582458496094 2391
2392 300.8629455566406 2392
2393 300.8676147460938 2393
2394 300.8722534179688 2394
2395 300.8768920898438 2395
2396 300.8815002441406 2396
2397 300.8861083984375 2397
2398 300.8907165527344 2398
2399 300.8952941894531 2399
2400 300.8998107910156 2400
2401 300.9043579101562 2401
2402 300.9088745117188 2402
2403 300.9133911132812 2403
2404 300.9178161621094 2404
2405 300.9223022460938 2405
2406 300.9266967773438 2406
2407 300.9310913085938 2407
2408 300.9354858398438 2408
2409 300.9398193359375 2409
2410 300.9441528320312 2410
2411 300.9484252929688 2411
2412 300.9526977539062 2412
2413 300.9569091796875 2413
2414 300.9611206054688 2414
2415 300.9653015136719 2415
2416 300.9694519042969 2416
2417 300.9735717773438 2417
2418 300.9776306152344 2418
2419 300.981689453125 2419
2420 300.9856872558594 2420
2421 300.9896850585938 2421
2422 300.9935913085938 2422
2423 300.9974975585938 2423
2424 301.0013732910156 2424
2425 301.0051879882812 2425
2426 301.0090026855469 2426
2427 301.0127258300781 2427
2428 301.0164489746094 2428
2429 301.0201416015625 2429
2430 301.0237731933594 2430
2431 301.02734375 2431
2432 301.0308837890625 2432
2433 301.0343627929688 2433
2434 301.0378112792969 2434
2435 301.041259765625 2435
2436 301.0446166992188 2436
2437 301.0479125976562 2437
2438 301.0512084960938 2438
2439 301.0544128417969 2439
2440 301.0576171875 2440
2441 301.0607299804688 2441
2442 301.0638122558594 2442
2443 301.0668334960938 2443
2444 301.06982421875 2444
2445 301.07275390625 2445
2446 301.07568359375 2446
2447 301.0784912109375 2447
2448 301.081298828125 2448
2449 301.083984375 2449
2450 301.0866394042969 2450
2451 301.0892639160156 2451
2452 301.0918579101562 2452
2453 301.0943298339844 2453
2454 301.0967712402344 2454
2455 301.0991821289062 2455
2456 301.1015319824219 2456
2457 301.1037902832031 2457
2458 301.1060180664062 2458
2459 301.1081848144531 2459
2460 301.1102905273438 2460
2461 301.1123352050781 2461
2462 301.1143493652344 2462
2463 301.1162719726562 2463
2464 301.1181640625 2464
2465 301.1199340820312 2465
2466 301.1217041015625 2466
2467 301.1233825683594 2467
2468 301.1250305175781 2468
2469 301.1266174316406 2469
2470 301.1281127929688 2470
2471 301.1295471191406 2471
2472 301.1309509277344 2472
2473 301.1322937011719 2473
2474 301.133544921875 2474
2475 301.134765625 2475
2476 301.1358642578125 2476
2477 301.1369934082031 2477
2478 301.1380004882812 2478
2479 301.1389770507812 2479
2480 301.139892578125 2480
2481 301.1407470703125 2481
2482 301.1415405273438 2482
2483 301.1422729492188 2483
2484 301.1429748535156 2484
2485 301.1435852050781 2485
2486 301.1441955566406 2486
2487 301.1447143554688 2487
2488 301.1451416015625 2488
2489 301.1455993652344 2489
2490 301.1459655761719 2490
2491 301.1462707519531 2491
2492 301.1465759277344 2492
2493 301.1467895507812 2493
2494 301.1470031738281 2494
2495 301.1471252441406 2495
2496 301.1472473144531 2496
2497 301.1473388671875 2497
2498 301.1473693847656 2498
2499 301.1473693847656 2499
2500 301.1473083496094 2500
