"point-b-rfile"
"Time Step" "point-b etc.."
("Time Step" "point-b" "flow-time")
0 283 0
1 283 1
2 283 2
3 283 3
4 283 4
5 283 5
6 283 6
7 283 7
8 283 8
9 283 9
10 283 10
11 283 11
12 283 12
13 283 13
14 283 14
15 283 15
16 283 16
17 283 17
18 283 18
19 283 19
20 283 20
21 283 21
22 283 22
23 283 23
24 283 24
25 283 25
26 283 26
27 283 27
28 283 28
29 283 29
30 283 30
31 283 31
32 283 32
33 283 33
34 283 34
35 283 35
36 283 36
37 283 37
38 283 38
39 283 39
40 283 40
41 283 41
42 283 42
43 283 43
44 283 44
45 283 45
46 283.0000610351562 46
47 283.0000610351562 47
48 283.0000610351562 48
49 283.0000610351562 49
50 283.0000610351562 50
51 283.0000610351562 51
52 283.0000915527344 52
53 283.0001220703125 53
54 283.0001220703125 54
55 283.0001220703125 55
56 283.0001525878906 56
57 283.0001831054688 57
58 283.000244140625 58
59 283.000244140625 59
60 283.0003051757812 60
61 283.0003662109375 61
62 283.0003967285156 62
63 283.0004577636719 63
64 283.0005187988281 64
65 283.0006103515625 65
66 283.0006713867188 66
67 283.000732421875 67
68 283.0008239746094 68
69 283.0009460449219 69
70 283.0010375976562 70
71 283.0011596679688 71
72 283.0012817382812 72
73 283.0014038085938 73
74 283.0015869140625 74
75 283.0017395019531 75
76 283.0018920898438 76
77 283.0021057128906 77
78 283.0023193359375 78
79 283.0025024414062 79
80 283.0027770996094 80
81 283.0029907226562 81
82 283.0032958984375 82
83 283.0035400390625 83
84 283.0038452148438 84
85 283.0042114257812 85
86 283.0045471191406 86
87 283.0048828125 87
88 283.0053100585938 88
89 283.0056762695312 89
90 283.0061340332031 90
91 283.006591796875 91
92 283.0070495605469 92
93 283.007568359375 93
94 283.0080871582031 94
95 283.0086364746094 95
96 283.0092163085938 96
97 283.0098266601562 97
98 283.010498046875 98
99 283.0111083984375 99
100 283.0118408203125 100
101 283.0125732421875 101
102 283.0133056640625 102
103 283.0140991210938 103
104 283.0149536132812 104
105 283.0158081054688 105
106 283.0166625976562 106
107 283.0176086425781 107
108 283.0185546875 108
109 283.0195617675781 109
110 283.0205688476562 110
111 283.0216674804688 111
112 283.0227661132812 112
113 283.0238647460938 113
114 283.0250549316406 114
115 283.0262451171875 115
116 283.0275268554688 116
117 283.0287780761719 117
118 283.0300903320312 118
119 283.0314636230469 119
120 283.0328674316406 120
121 283.0343017578125 121
122 283.0357666015625 122
123 283.0372924804688 123
124 283.0388793945312 124
125 283.0404663085938 125
126 283.0421142578125 126
127 283.0437622070312 127
128 283.0455322265625 128
129 283.0472412109375 129
130 283.049072265625 130
131 283.0509033203125 131
132 283.0527954101562 132
133 283.0546875 133
134 283.0567016601562 134
135 283.0586853027344 135
136 283.0607299804688 136
137 283.0628356933594 137
138 283.06494140625 138
139 283.067138671875 139
140 283.0693359375 140
141 283.0715942382812 141
142 283.0738525390625 142
143 283.0762329101562 143
144 283.0785827636719 144
145 283.0809936523438 145
146 283.0834655761719 146
147 283.0859375 147
148 283.0885009765625 148
149 283.091064453125 149
150 283.0936584472656 150
151 283.0963134765625 151
152 283.0989990234375 152
153 283.1017150878906 153
154 283.1045227050781 154
155 283.1072998046875 155
156 283.1101684570312 156
157 283.113037109375 157
158 283.115966796875 158
159 283.1189270019531 159
160 283.1218872070312 160
161 283.1249389648438 161
162 283.1279907226562 162
163 283.131103515625 163
164 283.1342468261719 164
165 283.1373901367188 165
166 283.1405944824219 166
167 283.1438598632812 167
168 283.1471252441406 168
169 283.1504516601562 169
170 283.1537475585938 170
171 283.1571350097656 171
172 283.1605529785156 172
173 283.1640014648438 173
174 283.1674499511719 174
175 283.1709594726562 175
176 283.1744995117188 176
177 283.1780395507812 177
178 283.1816101074219 178
179 283.1852111816406 179
180 283.1888732910156 180
181 283.1925659179688 181
182 283.1962585449219 182
183 283.2000122070312 183
184 283.2037353515625 184
185 283.20751953125 185
186 283.2113342285156 186
187 283.2151794433594 187
188 283.2190246582031 188
189 283.222900390625 189
190 283.226806640625 190
191 283.2307739257812 191
192 283.2347106933594 192
193 283.2387084960938 193
194 283.2427062988281 194
195 283.2467041015625 195
196 283.2507629394531 196
197 283.2548217773438 197
198 283.2589111328125 198
199 283.2630004882812 199
200 283.2671508789062 200
201 283.2713012695312 201
202 283.2754516601562 202
203 283.2796325683594 203
204 283.2838134765625 204
205 283.2880554199219 205
206 283.2922668457031 206
207 283.2965087890625 207
208 283.30078125 208
209 283.3050537109375 209
210 283.309326171875 210
211 283.3136596679688 211
212 283.3179626464844 212
213 283.3222961425781 213
214 283.32666015625 214
215 283.3309936523438 215
216 283.3353576660156 216
217 283.3397216796875 217
218 283.3441162109375 218
219 283.3485412597656 219
220 283.3529357910156 220
221 283.3573608398438 221
222 283.3617858886719 222
223 283.3662109375 223
224 283.3706665039062 224
225 283.3751220703125 225
226 283.3795776367188 226
227 283.384033203125 227
228 283.3884887695312 228
229 283.3930053710938 229
230 283.3974609375 230
231 283.4019470214844 231
232 283.4064331054688 232
233 283.4109497070312 233
234 283.4154357910156 234
235 283.419921875 235
236 283.4244079589844 236
237 283.4289245605469 237
238 283.4334106445312 238
239 283.4379272460938 239
240 283.4424438476562 240
241 283.4469604492188 241
242 283.451416015625 242
243 283.4559631347656 243
244 283.46044921875 244
245 283.4649658203125 245
246 283.4694519042969 246
247 283.4739379882812 247
248 283.4784545898438 248
249 283.48291015625 249
250 283.4874267578125 250
251 283.4918823242188 251
252 283.4963684082031 252
253 283.5008544921875 253
254 283.5053100585938 254
255 283.509765625 255
256 283.5142517089844 256
257 283.5186767578125 257
258 283.5231323242188 258
259 283.5275573730469 259
260 283.531982421875 260
261 283.5364379882812 261
262 283.5408325195312 262
263 283.5452270507812 263
264 283.5496215820312 264
265 283.5540161132812 265
266 283.5584106445312 266
267 283.562744140625 267
268 283.5671081542969 268
269 283.5714721679688 269
270 283.5758056640625 270
271 283.580078125 271
272 283.5844116210938 272
273 283.5886840820312 273
274 283.5929870605469 274
275 283.5972290039062 275
276 283.6015014648438 276
277 283.605712890625 277
278 283.6099853515625 278
279 283.6141967773438 279
280 283.6183776855469 280
281 283.62255859375 281
282 283.626708984375 282
283 283.6308898925781 283
284 283.635009765625 284
285 283.63916015625 285
286 283.6432495117188 286
287 283.6473388671875 287
288 283.6514282226562 288
289 283.6554565429688 289
290 283.6594848632812 290
291 283.6635131835938 291
292 283.66748046875 292
293 283.6714782714844 293
294 283.6754150390625 294
295 283.6793823242188 295
296 283.6832885742188 296
297 283.6871948242188 297
298 283.6910705566406 298
299 283.6949462890625 299
300 283.6987915039062 300
301 283.7025756835938 301
302 283.7063598632812 302
303 283.7101440429688 303
304 283.7139282226562 304
305 283.7176513671875 305
306 283.7213745117188 306
307 283.7250366210938 307
308 283.7286987304688 308
309 283.7323303222656 309
310 283.7359619140625 310
311 283.7395629882812 311
312 283.7431640625 312
313 283.7467041015625 313
314 283.7502136230469 314
315 283.7537231445312 315
316 283.7572021484375 316
317 283.7606506347656 317
318 283.7640991210938 318
319 283.7675170898438 319
320 283.7708740234375 320
321 283.7742309570312 321
322 283.777587890625 322
323 283.7808837890625 323
324 283.7841796875 324
325 283.7874755859375 325
326 283.7907104492188 326
327 283.7939147949219 327
328 283.797119140625 328
329 283.80029296875 329
330 283.8034362792969 330
331 283.8065795898438 331
332 283.8096923828125 332
333 283.8128051757812 333
334 283.8158569335938 334
335 283.8189086914062 335
336 283.8219299316406 336
337 283.824951171875 337
338 283.8279113769531 338
339 283.8309020996094 339
340 283.8338623046875 340
341 283.8367614746094 341
342 283.8396911621094 342
343 283.8425903320312 343
344 283.8454895019531 344
345 283.8483581542969 345
346 283.8511962890625 346
347 283.8540649414062 347
348 283.8568725585938 348
349 283.8597106933594 349
350 283.8624877929688 350
351 283.8652954101562 351
352 283.8681030273438 352
353 283.870849609375 353
354 283.8735961914062 354
355 283.8764038085938 355
356 283.879150390625 356
357 283.8818664550781 357
358 283.8846435546875 358
359 283.8873596191406 359
360 283.8900756835938 360
361 283.8927917480469 361
362 283.8955383300781 362
363 283.8982543945312 363
364 283.9009704589844 364
365 283.9036865234375 365
366 283.9064025878906 366
367 283.9091186523438 367
368 283.911865234375 368
369 283.9145812988281 369
370 283.9173278808594 370
371 283.9200439453125 371
372 283.9227905273438 372
373 283.9255065917969 373
374 283.9282836914062 374
375 283.9310302734375 375
376 283.9337768554688 376
377 283.9365844726562 377
378 283.9393310546875 378
379 283.942138671875 379
380 283.9449462890625 380
381 283.94775390625 381
382 283.9505615234375 382
383 283.9533996582031 383
384 283.9562377929688 384
385 283.9591064453125 385
386 283.9619750976562 386
387 283.96484375 387
388 283.9677734375 388
389 283.9706420898438 389
390 283.9735717773438 390
391 283.9765014648438 391
392 283.9794921875 392
393 283.982421875 393
394 283.9854125976562 394
395 283.9884643554688 395
396 283.991455078125 396
397 283.9945068359375 397
398 283.99755859375 398
399 284.0006103515625 399
400 284.0037231445312 400
401 284.0068359375 401
402 284.0099487304688 402
403 284.0130615234375 403
404 284.0162353515625 404
405 284.0194091796875 405
406 284.0226440429688 406
407 284.0258483886719 407
408 284.029052734375 408
409 284.0323181152344 409
410 284.0355834960938 410
411 284.0388793945312 411
412 284.0422058105469 412
413 284.0455322265625 413
414 284.0488891601562 414
415 284.05224609375 415
416 284.0556335449219 416
417 284.0590209960938 417
418 284.0624389648438 418
419 284.0658874511719 419
420 284.0693664550781 420
421 284.0728149414062 421
422 284.0763244628906 422
423 284.079833984375 423
424 284.0833740234375 424
425 284.0869445800781 425
426 284.0905151367188 426
427 284.0940856933594 427
428 284.0976867675781 428
429 284.101318359375 429
430 284.1049499511719 430
431 284.1086120605469 431
432 284.1122741699219 432
433 284.115966796875 433
434 284.1196899414062 434
435 284.1234130859375 435
436 284.1271362304688 436
437 284.130859375 437
438 284.1346740722656 438
439 284.138427734375 439
440 284.1422424316406 440
441 284.1460571289062 441
442 284.14990234375 442
443 284.1537475585938 443
444 284.1575927734375 444
445 284.1614685058594 445
446 284.1653442382812 446
447 284.1692199707031 447
448 284.1731262207031 448
449 284.1770629882812 449
450 284.1809692382812 450
451 284.1849365234375 451
452 284.1888732910156 452
453 284.1928100585938 453
454 284.1968078613281 454
455 284.2008056640625 455
456 284.2048034667969 456
457 284.2088012695312 457
458 284.2127990722656 458
459 284.2168273925781 459
460 284.2208251953125 460
461 284.2248840332031 461
462 284.2289428710938 462
463 284.2330017089844 463
464 284.237060546875 464
465 284.2411193847656 465
466 284.2451782226562 466
467 284.249267578125 467
468 284.2533569335938 468
469 284.2574462890625 469
470 284.2615356445312 470
471 284.265625 471
472 284.2697143554688 472
473 284.2738342285156 473
474 284.2779235839844 474
475 284.2820434570312 475
476 284.2861633300781 476
477 284.290283203125 477
478 284.2944030761719 478
479 284.2984924316406 479
480 284.3026428222656 480
481 284.3067321777344 481
482 284.3108520507812 482
483 284.3150024414062 483
484 284.319091796875 484
485 284.3232116699219 485
486 284.3273315429688 486
487 284.3314514160156 487
488 284.3355712890625 488
489 284.3396606445312 489
490 284.34375 490
491 284.3478698730469 491
492 284.3519592285156 492
493 284.3560791015625 493
494 284.3601684570312 494
495 284.3642578125 495
496 284.3683471679688 496
497 284.3724060058594 497
498 284.37646484375 498
499 284.3805541992188 499
500 284.3845825195312 500
501 284.3886413574219 501
502 284.3927001953125 502
503 284.396728515625 503
504 284.4007568359375 504
505 284.40478515625 505
506 284.4087829589844 506
507 284.4127807617188 507
508 284.4167785644531 508
509 284.4207763671875 509
510 284.4247436523438 510
511 284.4287109375 511
512 284.4326477050781 512
513 284.4365844726562 513
514 284.4405212402344 514
515 284.4444580078125 515
516 284.4483337402344 516
517 284.4522094726562 517
518 284.4561157226562 518
519 284.4599609375 519
520 284.4638061523438 520
521 284.4676818847656 521
522 284.4714965820312 522
523 284.4753112792969 523
524 284.4790954589844 524
525 284.48291015625 525
526 284.4866333007812 526
527 284.4904174804688 527
528 284.494140625 528
529 284.4978637695312 529
530 284.5015869140625 530
531 284.5052490234375 531
532 284.5089111328125 532
533 284.5125732421875 533
534 284.5161743164062 534
535 284.5198364257812 535
536 284.5234069824219 536
537 284.5269775390625 537
538 284.5305480957031 538
539 284.5340881347656 539
540 284.53759765625 540
541 284.5411071777344 541
542 284.5446166992188 542
543 284.5480651855469 543
544 284.551513671875 544
545 284.554931640625 545
546 284.5583190917969 546
547 284.5617065429688 547
548 284.5650329589844 548
549 284.568359375 549
550 284.5717163085938 550
551 284.5750122070312 551
552 284.5782470703125 552
553 284.5814819335938 553
554 284.584716796875 554
555 284.5879211425781 555
556 284.591064453125 556
557 284.59423828125 557
558 284.5973815917969 558
559 284.6004638671875 559
560 284.6035461425781 560
561 284.6065979003906 561
562 284.609619140625 562
563 284.6126098632812 563
564 284.6156005859375 564
565 284.6185607910156 565
566 284.6214599609375 566
567 284.6243896484375 567
568 284.6272583007812 568
569 284.6300964355469 569
570 284.6329345703125 570
571 284.6357116699219 571
572 284.6384887695312 572
573 284.6412353515625 573
574 284.6439208984375 574
575 284.6466064453125 575
576 284.6492919921875 576
577 284.6519165039062 577
578 284.654541015625 578
579 284.6570739746094 579
580 284.6596374511719 580
581 284.6621398925781 581
582 284.6646118164062 582
583 284.6670837402344 583
584 284.6695251464844 584
585 284.6719360351562 585
586 284.67431640625 586
587 284.6766357421875 587
588 284.6789855957031 588
589 284.6812744140625 589
590 284.6835021972656 590
591 284.6857604980469 591
592 284.6879577636719 592
593 284.6901550292969 593
594 284.6923217773438 594
595 284.6944274902344 595
596 284.696533203125 596
597 284.6986083984375 597
598 284.7006225585938 598
599 284.7026672363281 599
600 284.7046508789062 600
601 284.7066040039062 601
602 284.7085571289062 602
603 284.71044921875 603
604 284.7123718261719 604
605 284.7142333984375 605
606 284.716064453125 606
607 284.7178955078125 607
608 284.7196960449219 608
609 284.7214965820312 609
610 284.7232360839844 610
611 284.7249755859375 611
612 284.7266845703125 612
613 284.7283935546875 613
614 284.7301025390625 614
615 284.7317504882812 615
616 284.7333984375 616
617 284.7350463867188 617
618 284.7366333007812 618
619 284.7382507324219 619
620 284.7398376464844 620
621 284.7414245605469 621
622 284.7429809570312 622
623 284.7445678710938 623
624 284.74609375 624
625 284.7476196289062 625
626 284.7491455078125 626
627 284.7506713867188 627
628 284.752197265625 628
629 284.753662109375 629
630 284.7551879882812 630
631 284.7566528320312 631
632 284.7581787109375 632
633 284.7596740722656 633
634 284.7611389160156 634
635 284.7626342773438 635
636 284.7641296386719 636
637 284.765625 637
638 284.76708984375 638
639 284.7686157226562 639
640 284.7701110839844 640
641 284.7715759277344 641
642 284.7730712890625 642
643 284.7745971679688 643
644 284.776123046875 644
645 284.7776184082031 645
646 284.7791748046875 646
647 284.7807006835938 647
648 284.7822570800781 648
649 284.7837829589844 649
650 284.7853393554688 650
651 284.7869262695312 651
652 284.7885131835938 652
653 284.7901000976562 653
654 284.7916870117188 654
655 284.7933349609375 655
656 284.7949523925781 656
657 284.796630859375 657
658 284.7982482910156 658
659 284.7999267578125 659
660 284.8016357421875 660
661 284.8033142089844 661
662 284.8050537109375 662
663 284.8067626953125 663
664 284.8085327148438 664
665 284.810302734375 665
666 284.8120727539062 666
667 284.8138732910156 667
668 284.815673828125 668
669 284.8175048828125 669
670 284.8193969726562 670
671 284.8212890625 671
672 284.8231506347656 672
673 284.8250732421875 673
674 284.8269653320312 674
675 284.8289184570312 675
676 284.8309326171875 676
677 284.8329162597656 677
678 284.8348999023438 678
679 284.8369140625 679
680 284.8389892578125 680
681 284.8410339355469 681
682 284.8431091308594 682
683 284.84521484375 683
684 284.8473510742188 684
685 284.8494567871094 685
686 284.8516235351562 686
687 284.8538208007812 687
688 284.8560180664062 688
689 284.8582153320312 689
690 284.8604736328125 690
691 284.8627014160156 691
692 284.864990234375 692
693 284.8673095703125 693
694 284.8695983886719 694
695 284.8719482421875 695
696 284.8742980957031 696
697 284.8766479492188 697
698 284.8790283203125 698
699 284.8814392089844 699
700 284.8838500976562 700
701 284.8862915039062 701
702 284.8887329101562 702
703 284.8912353515625 703
704 284.8937072753906 704
705 284.896240234375 705
706 284.8987426757812 706
707 284.9013061523438 707
708 284.9038391113281 708
709 284.9064331054688 709
710 284.9089965820312 710
711 284.91162109375 711
712 284.9142150878906 712
713 284.9168395996094 713
714 284.9194946289062 714
715 284.9221496582031 715
716 284.9248046875 716
717 284.927490234375 717
718 284.9302062988281 718
719 284.9329223632812 719
720 284.9356384277344 720
721 284.9383544921875 721
722 284.9411315917969 722
723 284.9439086914062 723
724 284.9466552734375 724
725 284.949462890625 725
726 284.9522399902344 726
727 284.9550170898438 727
728 284.9578552246094 728
729 284.960693359375 729
730 284.9635009765625 730
731 284.9663391113281 731
732 284.9691772460938 732
733 284.9720153808594 733
734 284.9749145507812 734
735 284.977783203125 735
736 284.9806518554688 736
737 284.9835205078125 737
738 284.9864196777344 738
739 284.9893188476562 739
740 284.9922180175781 740
741 284.9951171875 741
742 284.998046875 742
743 285.0009155273438 743
744 285.0038452148438 744
745 285.0067749023438 745
746 285.0097045898438 746
747 285.0126342773438 747
748 285.0155639648438 748
749 285.0184936523438 749
750 285.0214233398438 750
751 285.0243530273438 751
752 285.0272827148438 752
753 285.0302124023438 753
754 285.0331726074219 754
755 285.0361022949219 755
756 285.0390319824219 756
757 285.0419921875 757
758 285.0448608398438 758
759 285.0477905273438 759
760 285.0507202148438 760
761 285.0536499023438 761
762 285.0565795898438 762
763 285.0595092773438 763
764 285.0624084472656 764
765 285.0653381347656 765
766 285.0682373046875 766
767 285.0711364746094 767
768 285.0740356445312 768
769 285.0769348144531 769
770 285.079833984375 770
771 285.0826721191406 771
772 285.0855712890625 772
773 285.0884399414062 773
774 285.09130859375 774
775 285.0941162109375 775
776 285.0969848632812 776
777 285.0998229980469 777
778 285.1026611328125 778
779 285.10546875 779
780 285.1082763671875 780
781 285.1110534667969 781
782 285.1138305664062 782
783 285.1166381835938 783
784 285.119384765625 784
785 285.1221313476562 785
786 285.1249084472656 786
787 285.1276245117188 787
788 285.1303405761719 788
789 285.133056640625 789
790 285.1357421875 790
791 285.138427734375 791
792 285.1410827636719 792
793 285.1437377929688 793
794 285.1463623046875 794
795 285.1489868164062 795
796 285.151611328125 796
797 285.1542358398438 797
798 285.1567993164062 798
799 285.1593627929688 799
800 285.1619262695312 800
801 285.1644287109375 801
802 285.1669921875 802
803 285.1694641113281 803
804 285.1719360351562 804
805 285.1744079589844 805
806 285.1768798828125 806
807 285.1793212890625 807
808 285.1817016601562 808
809 285.1841125488281 809
810 285.1864624023438 810
811 285.1888427734375 811
812 285.1911926269531 812
813 285.1934814453125 813
814 285.19580078125 814
815 285.1980895996094 815
816 285.2003479003906 816
817 285.2025756835938 817
818 285.2047729492188 818
819 285.2070007324219 819
820 285.2091674804688 820
821 285.2113037109375 821
822 285.2134399414062 822
823 285.215576171875 823
824 285.2176513671875 824
825 285.2197265625 825
826 285.2217407226562 826
827 285.2237854003906 827
828 285.2257690429688 828
829 285.2277526855469 829
830 285.2297058105469 830
831 285.2316284179688 831
832 285.2335205078125 832
833 285.2353820800781 833
834 285.2372436523438 834
835 285.2390747070312 835
836 285.2408752441406 836
837 285.2426452636719 837
838 285.2444152832031 838
839 285.2461242675781 839
840 285.2478332519531 840
841 285.24951171875 841
842 285.2511596679688 842
843 285.2527770996094 843
844 285.2543640136719 844
845 285.2559509277344 845
846 285.2575073242188 846
847 285.2590026855469 847
848 285.260498046875 848
849 285.261962890625 849
850 285.2633972167969 850
851 285.2647705078125 851
852 285.2661743164062 852
853 285.2675170898438 853
854 285.2688598632812 854
855 285.2701416015625 855
856 285.2714233398438 856
857 285.2726440429688 857
858 285.2738647460938 858
859 285.2750854492188 859
860 285.2762451171875 860
861 285.27734375 861
862 285.2784423828125 862
863 285.2795715332031 863
864 285.2806091308594 864
865 285.2816467285156 865
866 285.2826538085938 866
867 285.2836303710938 867
868 285.2845764160156 868
869 285.2855224609375 869
870 285.2864379882812 870
871 285.2872924804688 871
872 285.2881774902344 872
873 285.2890014648438 873
874 285.289794921875 874
875 285.2905883789062 875
876 285.2913818359375 876
877 285.2921447753906 877
878 285.2928466796875 878
879 285.2935791015625 879
880 285.2942504882812 880
881 285.294921875 881
882 285.2955932617188 882
883 285.2962036132812 883
884 285.2968444824219 884
885 285.2974243164062 885
886 285.2980346679688 886
887 285.2986145019531 887
888 285.2991943359375 888
889 285.2997436523438 889
890 285.30029296875 890
891 285.3008422851562 891
892 285.3013305664062 892
893 285.3018798828125 893
894 285.3023681640625 894
895 285.3028564453125 895
896 285.3033447265625 896
897 285.3038330078125 897
898 285.3043212890625 898
899 285.3048095703125 899
900 285.3052978515625 900
901 285.3057861328125 901
902 285.3062133789062 902
903 285.3067016601562 903
904 285.3071899414062 904
905 285.3076782226562 905
906 285.3081665039062 906
907 285.3086242675781 907
908 285.3091125488281 908
909 285.3095703125 909
910 285.3101196289062 910
911 285.3106079101562 911
912 285.3110961914062 912
913 285.3116149902344 913
914 285.3121337890625 914
915 285.3126831054688 915
916 285.313232421875 916
917 285.3137817382812 917
918 285.3143310546875 918
919 285.3148803710938 919
920 285.3154907226562 920
921 285.3161010742188 921
922 285.3166809082031 922
923 285.3173217773438 923
924 285.3179626464844 924
925 285.3186340332031 925
926 285.3192749023438 926
927 285.3199768066406 927
928 285.3206787109375 928
929 285.3214111328125 929
930 285.3221435546875 930
931 285.3229064941406 931
932 285.3236694335938 932
933 285.324462890625 933
934 285.3252563476562 934
935 285.3260803222656 935
936 285.3269348144531 936
937 285.3278198242188 937
938 285.3286743164062 938
939 285.32958984375 939
940 285.3305053710938 940
941 285.3314819335938 941
942 285.3324279785156 942
943 285.3334350585938 943
944 285.3344116210938 944
945 285.33544921875 945
946 285.3365173339844 946
947 285.3375854492188 947
948 285.3386840820312 948
949 285.3397827148438 949
950 285.3409118652344 950
951 285.342041015625 951
952 285.34326171875 952
953 285.3444519042969 953
954 285.3456420898438 954
955 285.346923828125 955
956 285.3481750488281 956
957 285.3494567871094 957
958 285.3507690429688 958
959 285.3520812988281 959
960 285.3534240722656 960
961 285.3547973632812 961
962 285.356201171875 962
963 285.3576049804688 963
964 285.3590087890625 964
965 285.3604736328125 965
966 285.3619384765625 966
967 285.3634338378906 967
968 285.3649597167969 968
969 285.366455078125 969
970 285.3680114746094 970
971 285.3695678710938 971
972 285.3711547851562 972
973 285.372802734375 973
974 285.3744201660156 974
975 285.3760375976562 975
976 285.3777160644531 976
977 285.37939453125 977
978 285.381103515625 978
979 285.3828125 979
980 285.384521484375 980
981 285.3862915039062 981
982 285.3880310058594 982
983 285.3898315429688 983
984 285.3916015625 984
985 285.3934020996094 985
986 285.395263671875 986
987 285.3970947265625 987
988 285.3989562988281 988
989 285.4008178710938 989
990 285.4027099609375 990
991 285.4046020507812 991
992 285.406494140625 992
993 285.408447265625 993
994 285.4103393554688 994
995 285.4122924804688 995
996 285.4142456054688 996
997 285.416259765625 997
998 285.418212890625 998
999 285.4202270507812 999
1000 285.4222106933594 1000
1001 285.4241943359375 1001
1002 285.4262390136719 1002
1003 285.4282836914062 1003
1004 285.4302978515625 1004
1005 285.432373046875 1005
1006 285.4344177246094 1006
1007 285.4364929199219 1007
1008 285.4385375976562 1008
1009 285.4406433105469 1009
1010 285.4427490234375 1010
1011 285.44482421875 1011
1012 285.4468994140625 1012
1013 285.4490051269531 1013
1014 285.4511108398438 1014
1015 285.4532165527344 1015
1016 285.455322265625 1016
1017 285.4574584960938 1017
1018 285.4595947265625 1018
1019 285.4617004394531 1019
1020 285.4638366699219 1020
1021 285.4659729003906 1021
1022 285.4681091308594 1022
1023 285.47021484375 1023
1024 285.4723815917969 1024
1025 285.4744873046875 1025
1026 285.4766235351562 1026
1027 285.4787902832031 1027
1028 285.4809265136719 1028
1029 285.4830627441406 1029
1030 285.4851989746094 1030
1031 285.4873352050781 1031
1032 285.4894714355469 1032
1033 285.4916076660156 1033
1034 285.4937133789062 1034
1035 285.495849609375 1035
1036 285.4979858398438 1036
1037 285.5000915527344 1037
1038 285.502197265625 1038
1039 285.5043029785156 1039
1040 285.5064086914062 1040
1041 285.5085144042969 1041
1042 285.5106201171875 1042
1043 285.5126953125 1043
1044 285.5147705078125 1044
1045 285.516845703125 1045
1046 285.5189208984375 1046
1047 285.52099609375 1047
1048 285.5230407714844 1048
1049 285.5250549316406 1049
1050 285.527099609375 1050
1051 285.5291442871094 1051
1052 285.5311584472656 1052
1053 285.5331726074219 1053
1054 285.53515625 1054
1055 285.5371704101562 1055
1056 285.5391540527344 1056
1057 285.5411071777344 1057
1058 285.5430603027344 1058
1059 285.5450134277344 1059
1060 285.5469360351562 1060
1061 285.5488891601562 1061
1062 285.55078125 1062
1063 285.5526733398438 1063
1064 285.5545654296875 1064
1065 285.5564575195312 1065
1066 285.5582885742188 1066
1067 285.5601196289062 1067
1068 285.5619812011719 1068
1069 285.5637817382812 1069
1070 285.5656127929688 1070
1071 285.5673828125 1071
1072 285.5691528320312 1072
1073 285.5708923339844 1073
1074 285.5726318359375 1074
1075 285.5743713378906 1075
1076 285.5760498046875 1076
1077 285.5777587890625 1077
1078 285.5794372558594 1078
1079 285.5810546875 1079
1080 285.5827026367188 1080
1081 285.5843200683594 1081
1082 285.5859375 1082
1083 285.5875244140625 1083
1084 285.5890808105469 1084
1085 285.5906372070312 1085
1086 285.5921630859375 1086
1087 285.5936279296875 1087
1088 285.5951232910156 1088
1089 285.5965881347656 1089
1090 285.5980529785156 1090
1091 285.5994567871094 1091
1092 285.6008605957031 1092
1093 285.6022338867188 1093
1094 285.6036376953125 1094
1095 285.6049499511719 1095
1096 285.6062622070312 1096
1097 285.6075744628906 1097
1098 285.6088562011719 1098
1099 285.610107421875 1099
1100 285.611328125 1100
1101 285.612548828125 1101
1102 285.6137084960938 1102
1103 285.6148681640625 1103
1104 285.6159973144531 1104
1105 285.6170959472656 1105
1106 285.6181945800781 1106
1107 285.6192626953125 1107
1108 285.6203002929688 1108
1109 285.6213073730469 1109
1110 285.6222839355469 1110
1111 285.623291015625 1111
1112 285.6242065429688 1112
1113 285.6251220703125 1113
1114 285.6260070800781 1114
1115 285.6268615722656 1115
1116 285.627685546875 1116
1117 285.6285095214844 1117
1118 285.6292724609375 1118
1119 285.6300659179688 1119
1120 285.6307983398438 1120
1121 285.6315002441406 1121
1122 285.6321716308594 1122
1123 285.6328430175781 1123
1124 285.6334228515625 1124
1125 285.6340637207031 1125
1126 285.6346130371094 1126
1127 285.6351928710938 1127
1128 285.6356811523438 1128
1129 285.6361999511719 1129
1130 285.6366577148438 1130
1131 285.6371154785156 1131
1132 285.6375427246094 1132
1133 285.637939453125 1133
1134 285.6383056640625 1134
1135 285.6386413574219 1135
1136 285.6389770507812 1136
1137 285.6392822265625 1137
1138 285.6395568847656 1138
1139 285.6398010253906 1139
1140 285.6400451660156 1140
1141 285.6402282714844 1141
1142 285.6404113769531 1142
1143 285.6405639648438 1143
1144 285.6407470703125 1144
1145 285.640869140625 1145
1146 285.6409606933594 1146
1147 285.6410217285156 1147
1148 285.64111328125 1148
1149 285.6411743164062 1149
1150 285.6411743164062 1150
1151 285.6412048339844 1151
1152 285.6411743164062 1152
1153 285.6411743164062 1153
1154 285.6411437988281 1154
1155 285.64111328125 1155
1156 285.6410522460938 1156
1157 285.6409912109375 1157
1158 285.640869140625 1158
1159 285.6408081054688 1159
1160 285.6407470703125 1160
1161 285.640625 1161
1162 285.6405029296875 1162
1163 285.640380859375 1163
1164 285.6402587890625 1164
1165 285.64013671875 1165
1166 285.6399841308594 1166
1167 285.6398620605469 1167
1168 285.6397094726562 1168
1169 285.6395874023438 1169
1170 285.6394348144531 1170
1171 285.6392822265625 1171
1172 285.63916015625 1172
1173 285.6389770507812 1173
1174 285.6388549804688 1174
1175 285.6387329101562 1175
1176 285.6386108398438 1176
1177 285.6384887695312 1177
1178 285.6383361816406 1178
1179 285.6382446289062 1179
1180 285.6381225585938 1180
1181 285.6380310058594 1181
1182 285.637939453125 1182
1183 285.6378784179688 1183
1184 285.6377868652344 1184
1185 285.6377563476562 1185
1186 285.6376953125 1186
1187 285.6376647949219 1187
1188 285.6376342773438 1188
1189 285.6376342773438 1189
1190 285.6376342773438 1190
1191 285.6376342773438 1191
1192 285.6376953125 1192
1193 285.6377563476562 1193
1194 285.6378173828125 1194
1195 285.6378784179688 1195
1196 285.6380004882812 1196
1197 285.6381225585938 1197
1198 285.6382446289062 1198
1199 285.6383972167969 1199
1200 285.6385498046875 1200
1201 285.6387329101562 1201
1202 285.6389770507812 1202
1203 285.6391906738281 1203
1204 285.6394653320312 1204
1205 285.6397094726562 1205
1206 285.6400146484375 1206
1207 285.6403198242188 1207
1208 285.6406860351562 1208
1209 285.6410217285156 1209
1210 285.6414184570312 1210
1211 285.6417846679688 1211
1212 285.6422119140625 1212
1213 285.6426391601562 1213
1214 285.6431274414062 1214
1215 285.6436157226562 1215
1216 285.6441040039062 1216
1217 285.6446533203125 1217
1218 285.6452026367188 1218
1219 285.6458129882812 1219
1220 285.6463928222656 1220
1221 285.6470031738281 1221
1222 285.6476440429688 1222
1223 285.6483154296875 1223
1224 285.6490173339844 1224
1225 285.6497192382812 1225
1226 285.6504516601562 1226
1227 285.6512451171875 1227
1228 285.6520080566406 1228
1229 285.6528015136719 1229
1230 285.6536254882812 1230
1231 285.6544799804688 1231
1232 285.6553344726562 1232
1233 285.6562194824219 1233
1234 285.6571350097656 1234
1235 285.6580505371094 1235
1236 285.6590270996094 1236
1237 285.6599731445312 1237
1238 285.6609802246094 1238
1239 285.6620178222656 1239
1240 285.6630249023438 1240
1241 285.6641235351562 1241
1242 285.6651611328125 1242
1243 285.666259765625 1243
1244 285.6673889160156 1244
1245 285.6685180664062 1245
1246 285.669677734375 1246
1247 285.6708374023438 1247
1248 285.6720275878906 1248
1249 285.6732482910156 1249
1250 285.6744689941406 1250
1251 285.6757202148438 1251
1252 285.6769714355469 1252
1253 285.6782836914062 1253
1254 285.6795654296875 1254
1255 285.6808471679688 1255
1256 285.6821899414062 1256
1257 285.6835327148438 1257
1258 285.6848754882812 1258
1259 285.6862487792969 1259
1260 285.6876525878906 1260
1261 285.6890563964844 1261
1262 285.6904907226562 1262
1263 285.69189453125 1263
1264 285.693359375 1264
1265 285.6947937011719 1265
1266 285.6962890625 1266
1267 285.69775390625 1267
1268 285.6992492675781 1268
1269 285.7007446289062 1269
1270 285.7022705078125 1270
1271 285.7037658691406 1271
1272 285.705322265625 1272
1273 285.7068481445312 1273
1274 285.7084350585938 1274
1275 285.7099609375 1275
1276 285.7115478515625 1276
1277 285.713134765625 1277
1278 285.7147216796875 1278
1279 285.71630859375 1279
1280 285.7178955078125 1280
1281 285.7195434570312 1281
1282 285.7211608886719 1282
1283 285.7227783203125 1283
1284 285.7244262695312 1284
1285 285.7260437011719 1285
1286 285.7276611328125 1286
1287 285.7293090820312 1287
1288 285.73095703125 1288
1289 285.7326049804688 1289
1290 285.7342834472656 1290
1291 285.7359313964844 1291
1292 285.7376098632812 1292
1293 285.7392578125 1293
1294 285.7409057617188 1294
1295 285.7425842285156 1295
1296 285.7442626953125 1296
1297 285.7459106445312 1297
1298 285.74755859375 1298
1299 285.749267578125 1299
1300 285.7509155273438 1300
1301 285.7525634765625 1301
1302 285.7542724609375 1302
1303 285.7559204101562 1303
1304 285.757568359375 1304
1305 285.7592163085938 1305
1306 285.7608947753906 1306
1307 285.7625427246094 1307
1308 285.7641906738281 1308
1309 285.7658386230469 1309
1310 285.7674560546875 1310
1311 285.7691040039062 1311
1312 285.770751953125 1312
1313 285.7723693847656 1313
1314 285.7739868164062 1314
1315 285.7756042480469 1315
1316 285.7772216796875 1316
1317 285.77880859375 1317
1318 285.7803955078125 1318
1319 285.781982421875 1319
1320 285.7835693359375 1320
1321 285.78515625 1321
1322 285.7867126464844 1322
1323 285.7882690429688 1323
1324 285.789794921875 1324
1325 285.7913208007812 1325
1326 285.7928466796875 1326
1327 285.7943725585938 1327
1328 285.7958679199219 1328
1329 285.79736328125 1329
1330 285.7988586425781 1330
1331 285.8003234863281 1331
1332 285.8017578125 1332
1333 285.80322265625 1333
1334 285.8046875 1334
1335 285.8060913085938 1335
1336 285.8074951171875 1336
1337 285.8088989257812 1337
1338 285.8102722167969 1338
1339 285.8116455078125 1339
1340 285.81298828125 1340
1341 285.8143310546875 1341
1342 285.815673828125 1342
1343 285.8169555664062 1343
1344 285.8182373046875 1344
1345 285.8195190429688 1345
1346 285.82080078125 1346
1347 285.822021484375 1347
1348 285.8232421875 1348
1349 285.8244934082031 1349
1350 285.82568359375 1350
1351 285.8268432617188 1351
1352 285.8280029296875 1352
1353 285.8291625976562 1353
1354 285.8302612304688 1354
1355 285.8313598632812 1355
1356 285.8324584960938 1356
1357 285.8335266113281 1357
1358 285.8345947265625 1358
1359 285.8356018066406 1359
1360 285.8366088867188 1360
1361 285.8376159667969 1361
1362 285.8385620117188 1362
1363 285.8395080566406 1363
1364 285.8404235839844 1364
1365 285.8413391113281 1365
1366 285.8422241210938 1366
1367 285.8430786132812 1367
1368 285.8439331054688 1368
1369 285.8447265625 1369
1370 285.8455505371094 1370
1371 285.8463134765625 1371
1372 285.8470458984375 1372
1373 285.8477783203125 1373
1374 285.8484802246094 1374
1375 285.8491821289062 1375
1376 285.8498229980469 1376
1377 285.8504638671875 1377
1378 285.85107421875 1378
1379 285.8516845703125 1379
1380 285.8522338867188 1380
1381 285.852783203125 1381
1382 285.853271484375 1382
1383 285.853759765625 1383
1384 285.8542175292969 1384
1385 285.8546752929688 1385
1386 285.8550720214844 1386
1387 285.8554382324219 1387
1388 285.8558044433594 1388
1389 285.8561401367188 1389
1390 285.8564453125 1390
1391 285.8567504882812 1391
1392 285.8570251464844 1392
1393 285.8572387695312 1393
1394 285.8574523925781 1394
1395 285.857666015625 1395
1396 285.8577880859375 1396
1397 285.85791015625 1397
1398 285.8580322265625 1398
1399 285.8581237792969 1399
1400 285.8581848144531 1400
1401 285.8582153320312 1401
1402 285.8582153320312 1402
1403 285.8582153320312 1403
1404 285.858154296875 1404
1405 285.8580932617188 1405
1406 285.8580017089844 1406
1407 285.85791015625 1407
1408 285.8577575683594 1408
1409 285.8576049804688 1409
1410 285.857421875 1410
1411 285.8572387695312 1411
1412 285.8570251464844 1412
1413 285.8568115234375 1413
1414 285.8565673828125 1414
1415 285.8562622070312 1415
1416 285.85595703125 1416
1417 285.8556823730469 1417
1418 285.8553466796875 1418
1419 285.85498046875 1419
1420 285.8546142578125 1420
1421 285.854248046875 1421
1422 285.8538818359375 1422
1423 285.8534545898438 1423
1424 285.85302734375 1424
1425 285.8526306152344 1425
1426 285.8521728515625 1426
1427 285.8517456054688 1427
1428 285.8512878417969 1428
1429 285.8507995605469 1429
1430 285.850341796875 1430
1431 285.849853515625 1431
1432 285.849365234375 1432
1433 285.848876953125 1433
1434 285.8483581542969 1434
1435 285.847900390625 1435
1436 285.8473815917969 1436
1437 285.8468627929688 1437
1438 285.8463745117188 1438
1439 285.8458557128906 1439
1440 285.8453674316406 1440
1441 285.8448486328125 1441
1442 285.8443603515625 1442
1443 285.8438720703125 1443
1444 285.8433837890625 1444
1445 285.8428955078125 1445
1446 285.8424072265625 1446
1447 285.8419189453125 1447
1448 285.8414611816406 1448
1449 285.8410034179688 1449
1450 285.840576171875 1450
1451 285.8401184082031 1451
1452 285.8396911621094 1452
1453 285.8392639160156 1453
1454 285.8388671875 1454
1455 285.8384399414062 1455
1456 285.8380737304688 1456
1457 285.8377075195312 1457
1458 285.8373413085938 1458
1459 285.8369750976562 1459
1460 285.836669921875 1460
1461 285.8363647460938 1461
1462 285.8360595703125 1462
1463 285.8357849121094 1463
1464 285.8355407714844 1464
1465 285.8352966308594 1465
1466 285.8350524902344 1466
1467 285.8348693847656 1467
1468 285.8346557617188 1468
1469 285.8345336914062 1469
1470 285.8343505859375 1470
1471 285.834228515625 1471
1472 285.8341369628906 1472
1473 285.8340454101562 1473
1474 285.833984375 1474
1475 285.8339233398438 1475
1476 285.8338928222656 1476
1477 285.8339233398438 1477
1478 285.8339233398438 1478
1479 285.833984375 1479
1480 285.8340454101562 1480
1481 285.8341369628906 1481
1482 285.8342590332031 1482
1483 285.8344116210938 1483
1484 285.8345336914062 1484
1485 285.834716796875 1485
1486 285.8349304199219 1486
1487 285.8351745605469 1487
1488 285.8353881835938 1488
1489 285.835693359375 1489
1490 285.8359985351562 1490
1491 285.8363037109375 1491
1492 285.836669921875 1492
1493 285.8370056152344 1493
1494 285.8374328613281 1494
1495 285.8378295898438 1495
1496 285.8382568359375 1496
1497 285.8387451171875 1497
1498 285.8392028808594 1498
1499 285.8397216796875 1499
1500 285.8402404785156 1500
1501 285.8407897949219 1501
1502 285.8413696289062 1502
1503 285.8419494628906 1503
1504 285.8425903320312 1504
1505 285.8432312011719 1505
1506 285.8438720703125 1506
1507 285.8445739746094 1507
1508 285.8452758789062 1508
1509 285.8460083007812 1509
1510 285.8467407226562 1510
1511 285.8475036621094 1511
1512 285.8482971191406 1512
1513 285.84912109375 1513
1514 285.8499450683594 1514
1515 285.8507690429688 1515
1516 285.8516235351562 1516
1517 285.8525390625 1517
1518 285.8534545898438 1518
1519 285.8543395996094 1519
1520 285.8552856445312 1520
1521 285.8562622070312 1521
1522 285.8572387695312 1522
1523 285.8582153320312 1523
1524 285.8592529296875 1524
1525 285.8602294921875 1525
1526 285.861328125 1526
1527 285.8623657226562 1527
1528 285.8634338378906 1528
1529 285.8645324707031 1529
1530 285.8656616210938 1530
1531 285.8667602539062 1531
1532 285.8678894042969 1532
1533 285.8690185546875 1533
1534 285.8701782226562 1534
1535 285.8713684082031 1535
1536 285.87255859375 1536
1537 285.8737487792969 1537
1538 285.8749694824219 1538
1539 285.8761901855469 1539
1540 285.87744140625 1540
1541 285.878662109375 1541
1542 285.8799133300781 1542
1543 285.8811950683594 1543
1544 285.8824462890625 1544
1545 285.8837585449219 1545
1546 285.8850402832031 1546
1547 285.8863525390625 1547
1548 285.8876647949219 1548
1549 285.8889770507812 1549
1550 285.8903198242188 1550
1551 285.8916320800781 1551
1552 285.8929748535156 1552
1553 285.8943176269531 1553
1554 285.8956604003906 1554
1555 285.8970336914062 1555
1556 285.8983764648438 1556
1557 285.8997802734375 1557
1558 285.901123046875 1558
1559 285.9024963378906 1559
1560 285.9038696289062 1560
1561 285.9052734375 1561
1562 285.9066162109375 1562
1563 285.9080200195312 1563
1564 285.909423828125 1564
1565 285.9108276367188 1565
1566 285.9122009277344 1566
1567 285.9136047363281 1567
1568 285.9149780273438 1568
1569 285.9163818359375 1569
1570 285.9177551269531 1570
1571 285.9191589355469 1571
1572 285.9205322265625 1572
1573 285.9219360351562 1573
1574 285.92333984375 1574
1575 285.9247436523438 1575
1576 285.9260864257812 1576
1577 285.927490234375 1577
1578 285.9288330078125 1578
1579 285.9302368164062 1579
1580 285.9315795898438 1580
1581 285.9329528808594 1581
1582 285.934326171875 1582
1583 285.9356689453125 1583
1584 285.93701171875 1584
1585 285.9383544921875 1585
1586 285.939697265625 1586
1587 285.9410095214844 1587
1588 285.9423522949219 1588
1589 285.9436645507812 1589
1590 285.9449462890625 1590
1591 285.9462585449219 1591
1592 285.9475708007812 1592
1593 285.9488525390625 1593
1594 285.9501342773438 1594
1595 285.9513854980469 1595
1596 285.95263671875 1596
1597 285.9538879394531 1597
1598 285.9551391601562 1598
1599 285.9563293457031 1599
1600 285.9575500488281 1600
1601 285.958740234375 1601
1602 285.9599304199219 1602
1603 285.9611206054688 1603
1604 285.9622802734375 1604
1605 285.9634399414062 1605
1606 285.9645690917969 1606
1607 285.9656982421875 1607
1608 285.966796875 1608
1609 285.9678955078125 1609
1610 285.968994140625 1610
1611 285.9700622558594 1611
1612 285.9711303710938 1612
1613 285.97216796875 1613
1614 285.9732055664062 1614
1615 285.9742126464844 1615
1616 285.9751892089844 1616
1617 285.9761657714844 1617
1618 285.9771423339844 1618
1619 285.9780883789062 1619
1620 285.97900390625 1620
1621 285.9799194335938 1621
1622 285.9808044433594 1622
1623 285.981689453125 1623
1624 285.9825439453125 1624
1625 285.9833679199219 1625
1626 285.9841918945312 1626
1627 285.9849853515625 1627
1628 285.9857788085938 1628
1629 285.9865417480469 1629
1630 285.9872741699219 1630
1631 285.9880065917969 1631
1632 285.9887084960938 1632
1633 285.9894104003906 1633
1634 285.9900512695312 1634
1635 285.99072265625 1635
1636 285.9913330078125 1636
1637 285.9919128417969 1637
1638 285.9924926757812 1638
1639 285.9930419921875 1639
1640 285.9935913085938 1640
1641 285.9940795898438 1641
1642 285.9945678710938 1642
1643 285.9950561523438 1643
1644 285.9954833984375 1644
1645 285.9959106445312 1645
1646 285.9963073730469 1646
1647 285.9966735839844 1647
1648 285.9970092773438 1648
1649 285.997314453125 1649
1650 285.9976196289062 1650
1651 285.9979248046875 1651
1652 285.9981689453125 1652
1653 285.9984130859375 1653
1654 285.9985961914062 1654
1655 285.998779296875 1655
1656 285.9989318847656 1656
1657 285.9990844726562 1657
1658 285.9991760253906 1658
1659 285.999267578125 1659
1660 285.9992980957031 1660
1661 285.9993286132812 1661
1662 285.9993286132812 1662
1663 285.9993286132812 1663
1664 285.999267578125 1664
1665 285.9992065429688 1665
1666 285.9990844726562 1666
1667 285.9989624023438 1667
1668 285.9988403320312 1668
1669 285.9986572265625 1669
1670 285.9984741210938 1670
1671 285.9982299804688 1671
1672 285.9980163574219 1672
1673 285.9977416992188 1673
1674 285.9974670410156 1674
1675 285.9971313476562 1675
1676 285.996826171875 1676
1677 285.9964599609375 1677
1678 285.9960632324219 1678
1679 285.9956665039062 1679
1680 285.9952392578125 1680
1681 285.9948120117188 1681
1682 285.9943237304688 1682
1683 285.9938659667969 1683
1684 285.9933776855469 1684
1685 285.9928588867188 1685
1686 285.9923095703125 1686
1687 285.9917907714844 1687
1688 285.9912109375 1688
1689 285.9906616210938 1689
1690 285.9900207519531 1690
1691 285.9894409179688 1691
1692 285.9888000488281 1692
1693 285.9881591796875 1693
1694 285.9874877929688 1694
1695 285.9868774414062 1695
1696 285.9862060546875 1696
1697 285.9855346679688 1697
1698 285.9848327636719 1698
1699 285.9841613769531 1699
1700 285.9834594726562 1700
1701 285.9827575683594 1701
1702 285.9820556640625 1702
1703 285.9813232421875 1703
1704 285.9806213378906 1704
1705 285.9799194335938 1705
1706 285.9791870117188 1706
1707 285.9784545898438 1707
1708 285.9777221679688 1708
1709 285.97705078125 1709
1710 285.976318359375 1710
1711 285.9755859375 1711
1712 285.9749145507812 1712
1713 285.9741821289062 1713
1714 285.9734802246094 1714
1715 285.9727783203125 1715
1716 285.9721069335938 1716
1717 285.971435546875 1717
1718 285.9707641601562 1718
1719 285.9701232910156 1719
1720 285.9694519042969 1720
1721 285.9688110351562 1721
1722 285.9682006835938 1722
1723 285.9675903320312 1723
1724 285.9669799804688 1724
1725 285.9663696289062 1725
1726 285.9658203125 1726
1727 285.9652709960938 1727
1728 285.9646911621094 1728
1729 285.9641723632812 1729
1730 285.9636535644531 1730
1731 285.9631652832031 1731
1732 285.9626770019531 1732
1733 285.9622192382812 1733
1734 285.9617614746094 1734
1735 285.9613647460938 1735
1736 285.9609375 1736
1737 285.9605712890625 1737
1738 285.960205078125 1738
1739 285.9598388671875 1739
1740 285.9595031738281 1740
1741 285.959228515625 1741
1742 285.9589233398438 1742
1743 285.9586791992188 1743
1744 285.9584045410156 1744
1745 285.9581909179688 1745
1746 285.9580078125 1746
1747 285.9578247070312 1747
1748 285.9577026367188 1748
1749 285.9575500488281 1749
1750 285.9574584960938 1750
1751 285.9573669433594 1751
1752 285.957275390625 1752
1753 285.957275390625 1753
1754 285.9572448730469 1754
1755 285.9572448730469 1755
1756 285.957275390625 1756
1757 285.9573364257812 1757
1758 285.9574584960938 1758
1759 285.9575500488281 1759
1760 285.9576721191406 1760
1761 285.9578247070312 1761
1762 285.9580078125 1762
1763 285.9581909179688 1763
1764 285.9584350585938 1764
1765 285.9586791992188 1765
1766 285.9589538574219 1766
1767 285.959228515625 1767
1768 285.9595642089844 1768
1769 285.9598999023438 1769
1770 285.9602661132812 1770
1771 285.9606323242188 1771
1772 285.9610595703125 1772
1773 285.9614868164062 1773
1774 285.9619445800781 1774
1775 285.9624328613281 1775
1776 285.9629211425781 1776
1777 285.9634399414062 1777
1778 285.9639892578125 1778
1779 285.9645385742188 1779
1780 285.9651184082031 1780
1781 285.9657287597656 1781
1782 285.9663696289062 1782
1783 285.9669799804688 1783
1784 285.9676513671875 1784
1785 285.9683227539062 1785
1786 285.9690246582031 1786
1787 285.9697570800781 1787
1788 285.9705200195312 1788
1789 285.9712524414062 1789
1790 285.9720458984375 1790
1791 285.9728393554688 1791
1792 285.9736328125 1792
1793 285.9744873046875 1793
1794 285.975341796875 1794
1795 285.9761962890625 1795
1796 285.9770812988281 1796
1797 285.9779663085938 1797
1798 285.9788818359375 1798
1799 285.9797973632812 1799
1800 285.9807434082031 1800
1801 285.9817504882812 1801
1802 285.9826965332031 1802
1803 285.9836730957031 1803
1804 285.9846801757812 1804
1805 285.9856872558594 1805
1806 285.9866943359375 1806
1807 285.9877319335938 1807
1808 285.98876953125 1808
1809 285.9898376464844 1809
1810 285.9909057617188 1810
1811 285.9920043945312 1811
1812 285.9931030273438 1812
1813 285.9942016601562 1813
1814 285.9953002929688 1814
1815 285.9964599609375 1815
1816 285.99755859375 1816
1817 285.9987182617188 1817
1818 285.9998779296875 1818
1819 286.0010070800781 1819
1820 286.0021667480469 1820
1821 286.0033264160156 1821
1822 286.0045166015625 1822
1823 286.0056762695312 1823
1824 286.0068969726562 1824
1825 286.0080871582031 1825
1826 286.00927734375 1826
1827 286.0104675292969 1827
1828 286.0116882324219 1828
1829 286.0129089355469 1829
1830 286.0140991210938 1830
1831 286.0153503417969 1831
1832 286.0165405273438 1832
1833 286.0177612304688 1833
1834 286.0189819335938 1834
1835 286.0202026367188 1835
1836 286.0214538574219 1836
1837 286.022705078125 1837
1838 286.02392578125 1838
1839 286.025146484375 1839
1840 286.0263671875 1840
1841 286.027587890625 1841
1842 286.02880859375 1842
1843 286.030029296875 1843
1844 286.0312805175781 1844
1845 286.032470703125 1845
1846 286.03369140625 1846
1847 286.034912109375 1847
1848 286.0361328125 1848
1849 286.0373229980469 1849
1850 286.0385437011719 1850
1851 286.0397338867188 1851
1852 286.0409240722656 1852
1853 286.0421142578125 1853
1854 286.0432739257812 1854
1855 286.0444641113281 1855
1856 286.045654296875 1856
1857 286.0467834472656 1857
1858 286.0479736328125 1858
1859 286.0491027832031 1859
1860 286.0502319335938 1860
1861 286.0513916015625 1861
1862 286.0525207519531 1862
1863 286.0536193847656 1863
1864 286.0547485351562 1864
1865 286.0558471679688 1865
1866 286.0569152832031 1866
1867 286.0580139160156 1867
1868 286.05908203125 1868
1869 286.0601196289062 1869
1870 286.0611572265625 1870
1871 286.0621948242188 1871
1872 286.063232421875 1872
1873 286.0642700195312 1873
1874 286.0652465820312 1874
1875 286.0662231445312 1875
1876 286.0671997070312 1876
1877 286.0681762695312 1877
1878 286.069091796875 1878
1879 286.070068359375 1879
1880 286.0709533691406 1880
1881 286.0718688964844 1881
1882 286.07275390625 1882
1883 286.0736083984375 1883
1884 286.074462890625 1884
1885 286.0753173828125 1885
1886 286.0761413574219 1886
1887 286.0769653320312 1887
1888 286.0777587890625 1888
1889 286.0785217285156 1889
1890 286.0792846679688 1890
1891 286.0800170898438 1891
1892 286.0807495117188 1892
1893 286.0814819335938 1893
1894 286.0821533203125 1894
1895 286.0828247070312 1895
1896 286.08349609375 1896
1897 286.0841064453125 1897
1898 286.084716796875 1898
1899 286.0853271484375 1899
1900 286.0859069824219 1900
1901 286.08642578125 1901
1902 286.0870056152344 1902
1903 286.0875244140625 1903
1904 286.0880126953125 1904
1905 286.0884399414062 1905
1906 286.0889282226562 1906
1907 286.08935546875 1907
1908 286.0897827148438 1908
1909 286.0901489257812 1909
1910 286.0905151367188 1910
1911 286.0908813476562 1911
1912 286.0911865234375 1912
1913 286.0914916992188 1913
1914 286.0917358398438 1914
1915 286.0920104980469 1915
1916 286.0922241210938 1916
1917 286.0924377441406 1917
1918 286.0926208496094 1918
1919 286.0927734375 1919
1920 286.0928955078125 1920
1921 286.093017578125 1921
1922 286.0931091308594 1922
1923 286.0931701660156 1923
1924 286.0932006835938 1924
1925 286.0932312011719 1925
1926 286.0932006835938 1926
1927 286.0931701660156 1927
1928 286.0930786132812 1928
1929 286.093017578125 1929
1930 286.0928955078125 1930
1931 286.0927734375 1931
1932 286.0925903320312 1932
1933 286.0924072265625 1933
1934 286.0922241210938 1934
1935 286.0919799804688 1935
1936 286.0917358398438 1936
1937 286.0914306640625 1937
1938 286.0911254882812 1938
1939 286.0907897949219 1939
1940 286.0904541015625 1940
1941 286.0900268554688 1941
1942 286.0896606445312 1942
1943 286.0892333984375 1943
1944 286.0887756347656 1944
1945 286.0883178710938 1945
1946 286.0878295898438 1946
1947 286.0873107910156 1947
1948 286.0867614746094 1948
1949 286.0862121582031 1949
1950 286.0856323242188 1950
1951 286.0850219726562 1951
1952 286.0844116210938 1952
1953 286.0838012695312 1953
1954 286.0831604003906 1954
1955 286.0824890136719 1955
1956 286.081787109375 1956
1957 286.0810852050781 1957
1958 286.0803833007812 1958
1959 286.0796508789062 1959
1960 286.0789184570312 1960
1961 286.0781555175781 1961
1962 286.077392578125 1962
1963 286.0765991210938 1963
1964 286.0758361816406 1964
1965 286.0750122070312 1965
1966 286.07421875 1966
1967 286.0734252929688 1967
1968 286.0725708007812 1968
1969 286.0717468261719 1969
1970 286.0709228515625 1970
1971 286.070068359375 1971
1972 286.0692443847656 1972
1973 286.0683898925781 1973
1974 286.0675659179688 1974
1975 286.0667114257812 1975
1976 286.0658569335938 1976
1977 286.0650024414062 1977
1978 286.0641479492188 1978
1979 286.0632934570312 1979
1980 286.0624694824219 1980
1981 286.0616455078125 1981
1982 286.060791015625 1982
1983 286.0599670410156 1983
1984 286.0591735839844 1984
1985 286.058349609375 1985
1986 286.0575561523438 1986
1987 286.0567626953125 1987
1988 286.0559692382812 1988
1989 286.05517578125 1989
1990 286.0544128417969 1990
1991 286.0536499023438 1991
1992 286.0529174804688 1992
1993 286.0521850585938 1993
1994 286.0514526367188 1994
1995 286.05078125 1995
1996 286.0500793457031 1996
1997 286.0494079589844 1997
1998 286.0487670898438 1998
1999 286.048095703125 1999
2000 286.0475158691406 2000
2001 286.0469055175781 2001
2002 286.0463256835938 2002
2003 286.0457153320312 2003
2004 286.0451965332031 2004
2005 286.044677734375 2005
2006 286.0441589355469 2006
2007 286.0436706542969 2007
2008 286.043212890625 2008
2009 286.0427551269531 2009
2010 286.0423278808594 2010
2011 286.0419311523438 2011
2012 286.0415344238281 2012
2013 286.0411682128906 2013
2014 286.0408325195312 2014
2015 286.0404968261719 2015
2016 286.0402221679688 2016
2017 286.0399475097656 2017
2018 286.0396728515625 2018
2019 286.0394592285156 2019
2020 286.0392761230469 2020
2021 286.0390930175781 2021
2022 286.0389404296875 2022
2023 286.0387878417969 2023
2024 286.0386962890625 2024
2025 286.0386047363281 2025
2026 286.0385437011719 2026
2027 286.0385131835938 2027
2028 286.0385131835938 2028
2029 286.0385131835938 2029
2030 286.0385437011719 2030
2031 286.0386047363281 2031
2032 286.0386962890625 2032
2033 286.038818359375 2033
2034 286.0389404296875 2034
2035 286.0390930175781 2035
2036 286.0392456054688 2036
2037 286.0394592285156 2037
2038 286.0396728515625 2038
2039 286.0399475097656 2039
2040 286.0401916503906 2040
2041 286.04052734375 2041
2042 286.0408325195312 2042
2043 286.0411682128906 2043
2044 286.04150390625 2044
2045 286.0418701171875 2045
2046 286.0422973632812 2046
2047 286.042724609375 2047
2048 286.043212890625 2048
2049 286.0436401367188 2049
2050 286.0441589355469 2050
2051 286.044677734375 2051
2052 286.0451965332031 2052
2053 286.0457458496094 2053
2054 286.0463256835938 2054
2055 286.0469055175781 2055
2056 286.0475463867188 2056
2057 286.0481567382812 2057
2058 286.0487976074219 2058
2059 286.0494384765625 2059
2060 286.0501403808594 2060
2061 286.0508422851562 2061
2062 286.0515747070312 2062
2063 286.0523071289062 2063
2064 286.0530395507812 2064
2065 286.0538330078125 2065
2066 286.0546264648438 2066
2067 286.055419921875 2067
2068 286.0562438964844 2068
2069 286.0570678710938 2069
2070 286.0579223632812 2070
2071 286.0587768554688 2071
2072 286.0596618652344 2072
2073 286.060546875 2073
2074 286.0614624023438 2074
2075 286.0623779296875 2075
2076 286.0632934570312 2076
2077 286.0642700195312 2077
2078 286.065185546875 2078
2079 286.066162109375 2079
2080 286.067138671875 2080
2081 286.068115234375 2081
2082 286.069091796875 2082
2083 286.0701293945312 2083
2084 286.0711364746094 2084
2085 286.0721435546875 2085
2086 286.0731811523438 2086
2087 286.0742492675781 2087
2088 286.0752868652344 2088
2089 286.0763549804688 2089
2090 286.077392578125 2090
2091 286.0784912109375 2091
2092 286.0795593261719 2092
2093 286.0806274414062 2093
2094 286.0817260742188 2094
2095 286.0828247070312 2095
2096 286.0839233398438 2096
2097 286.0850219726562 2097
2098 286.0861206054688 2098
2099 286.0872497558594 2099
2100 286.0883483886719 2100
2101 286.0894775390625 2101
2102 286.0906066894531 2102
2103 286.0917358398438 2103
2104 286.0928344726562 2104
2105 286.0939636230469 2105
2106 286.0950927734375 2106
2107 286.0962219238281 2107
2108 286.0973510742188 2108
2109 286.0984802246094 2109
2110 286.0995788574219 2110
2111 286.1007080078125 2111
2112 286.1018371582031 2112
2113 286.1029663085938 2113
2114 286.1040649414062 2114
2115 286.1051940917969 2115
2116 286.1063232421875 2116
2117 286.107421875 2117
2118 286.1085205078125 2118
2119 286.109619140625 2119
2120 286.1107177734375 2120
2121 286.11181640625 2121
2122 286.1129150390625 2122
2123 286.114013671875 2123
2124 286.1150817871094 2124
2125 286.1161499023438 2125
2126 286.1171875 2126
2127 286.1182556152344 2127
2128 286.1192932128906 2128
2129 286.120361328125 2129
2130 286.1213989257812 2130
2131 286.1224365234375 2131
2132 286.1234436035156 2132
2133 286.1244506835938 2133
2134 286.1254577636719 2134
2135 286.1264343261719 2135
2136 286.12744140625 2136
2137 286.12841796875 2137
2138 286.1293334960938 2138
2139 286.1303100585938 2139
2140 286.1312561035156 2140
2141 286.1321716308594 2141
2142 286.1331176757812 2142
2143 286.1339721679688 2143
2144 286.1348876953125 2144
2145 286.1357421875 2145
2146 286.1366271972656 2146
2147 286.1374816894531 2147
2148 286.1383056640625 2148
2149 286.1391296386719 2149
2150 286.1399536132812 2150
2151 286.1407470703125 2151
2152 286.1415405273438 2152
2153 286.1422729492188 2153
2154 286.1430053710938 2154
2155 286.1437683105469 2155
2156 286.1444702148438 2156
2157 286.1452026367188 2157
2158 286.1458740234375 2158
2159 286.1465454101562 2159
2160 286.1471557617188 2160
2161 286.1478271484375 2161
2162 286.1484375 2162
2163 286.1490173339844 2163
2164 286.1495971679688 2164
2165 286.150146484375 2165
2166 286.1506958007812 2166
2167 286.1512451171875 2167
2168 286.1517333984375 2168
2169 286.1522216796875 2169
2170 286.1526794433594 2170
2171 286.1531372070312 2171
2172 286.153564453125 2172
2173 286.1539306640625 2173
2174 286.1543273925781 2174
2175 286.1546936035156 2175
2176 286.155029296875 2176
2177 286.1553344726562 2177
2178 286.1556396484375 2178
2179 286.1559448242188 2179
2180 286.1561889648438 2180
2181 286.1564025878906 2181
2182 286.1566162109375 2182
2183 286.1567993164062 2183
2184 286.1569519042969 2184
2185 286.1571044921875 2185
2186 286.1572265625 2186
2187 286.1572875976562 2187
2188 286.1573791503906 2188
2189 286.1574096679688 2189
2190 286.1574401855469 2190
2191 286.1574401855469 2191
2192 286.1574096679688 2192
2193 286.1573486328125 2193
2194 286.1572875976562 2194
2195 286.1571655273438 2195
2196 286.1570434570312 2196
2197 286.1569213867188 2197
2198 286.15673828125 2198
2199 286.1565246582031 2199
2200 286.1563110351562 2200
2201 286.1560668945312 2201
2202 286.1557922363281 2202
2203 286.1554870605469 2203
2204 286.1551513671875 2204
2205 286.1548156738281 2205
2206 286.1544494628906 2206
2207 286.154052734375 2207
2208 286.1536254882812 2208
2209 286.1531982421875 2209
2210 286.1527404785156 2210
2211 286.1522216796875 2211
2212 286.1517333984375 2212
2213 286.1511840820312 2213
2214 286.150634765625 2214
2215 286.1500244140625 2215
2216 286.1494445800781 2216
2217 286.1488647460938 2217
2218 286.148193359375 2218
2219 286.1475524902344 2219
2220 286.1468505859375 2220
2221 286.1461486816406 2221
2222 286.1454162597656 2222
2223 286.1447143554688 2223
2224 286.1439514160156 2224
2225 286.1431884765625 2225
2226 286.1423950195312 2226
2227 286.1416015625 2227
2228 286.1408081054688 2228
2229 286.1399536132812 2229
2230 286.1390991210938 2230
2231 286.1382446289062 2231
2232 286.1373901367188 2232
2233 286.1365356445312 2233
2234 286.1356506347656 2234
2235 286.134765625 2235
2236 286.1338806152344 2236
2237 286.1329650878906 2237
2238 286.132080078125 2238
2239 286.1311340332031 2239
2240 286.1302185058594 2240
2241 286.1292724609375 2241
2242 286.1283874511719 2242
2243 286.12744140625 2243
2244 286.1265258789062 2244
2245 286.1255798339844 2245
2246 286.1246337890625 2246
2247 286.1237182617188 2247
2248 286.122802734375 2248
2249 286.1218872070312 2249
2250 286.1209411621094 2250
2251 286.1200561523438 2251
2252 286.119140625 2252
2253 286.1182250976562 2253
2254 286.1173706054688 2254
2255 286.116455078125 2255
2256 286.1156005859375 2256
2257 286.1147155761719 2257
2258 286.1138610839844 2258
2259 286.113037109375 2259
2260 286.1121826171875 2260
2261 286.1113586425781 2261
2262 286.1105651855469 2262
2263 286.1097717285156 2263
2264 286.1090087890625 2264
2265 286.1082153320312 2265
2266 286.1074523925781 2266
2267 286.1067199707031 2267
2268 286.1060180664062 2268
2269 286.1053161621094 2269
2270 286.1046142578125 2270
2271 286.1039733886719 2271
2272 286.1033325195312 2272
2273 286.1027221679688 2273
2274 286.1021118164062 2274
2275 286.1015014648438 2275
2276 286.1009216308594 2276
2277 286.1003723144531 2277
2278 286.0998840332031 2278
2279 286.099365234375 2279
2280 286.098876953125 2280
2281 286.0984191894531 2281
2282 286.0979614257812 2282
2283 286.0975646972656 2283
2284 286.09716796875 2284
2285 286.0968017578125 2285
2286 286.096435546875 2286
2287 286.0961303710938 2287
2288 286.0958251953125 2288
2289 286.0955200195312 2289
2290 286.0953063964844 2290
2291 286.0950622558594 2291
2292 286.0948486328125 2292
2293 286.0946655273438 2293
2294 286.094482421875 2294
2295 286.0943603515625 2295
2296 286.0942687988281 2296
2297 286.0941772460938 2297
2298 286.0941162109375 2298
2299 286.0940856933594 2299
2300 286.0940551757812 2300
2301 286.0940856933594 2301
2302 286.0940856933594 2302
2303 286.0941467285156 2303
2304 286.09423828125 2304
2305 286.0943603515625 2305
2306 286.0944519042969 2306
2307 286.0946044921875 2307
2308 286.0947875976562 2308
2309 286.0950012207031 2309
2310 286.09521484375 2310
2311 286.095458984375 2311
2312 286.095703125 2312
2313 286.0960083007812 2313
2314 286.0963134765625 2314
2315 286.0966796875 2315
2316 286.0970153808594 2316
2317 286.0973815917969 2317
2318 286.0977783203125 2318
2319 286.0982055664062 2319
2320 286.0986328125 2320
2321 286.0990905761719 2321
2322 286.0995788574219 2322
2323 286.1000671386719 2323
2324 286.1005859375 2324
2325 286.1011352539062 2325
2326 286.1016845703125 2326
2327 286.102294921875 2327
2328 286.1028747558594 2328
2329 286.1034851074219 2329
2330 286.1041259765625 2330
2331 286.1047668457031 2331
2332 286.1054382324219 2332
2333 286.1061401367188 2333
2334 286.1068115234375 2334
2335 286.1075439453125 2335
2336 286.1082763671875 2336
2337 286.1090087890625 2337
2338 286.1098022460938 2338
2339 286.1105651855469 2339
2340 286.1113586425781 2340
2341 286.1121826171875 2341
2342 286.1129760742188 2342
2343 286.1138305664062 2343
2344 286.1146545410156 2344
2345 286.1155090332031 2345
2346 286.1163940429688 2346
2347 286.1172790527344 2347
2348 286.1181640625 2348
2349 286.1190795898438 2349
2350 286.1199951171875 2350
2351 286.1209106445312 2351
2352 286.1218566894531 2352
2353 286.122802734375 2353
2354 286.123779296875 2354
2355 286.124755859375 2355
2356 286.125732421875 2356
2357 286.1266784667969 2357
2358 286.127685546875 2358
2359 286.128662109375 2359
2360 286.1296997070312 2360
2361 286.1307067871094 2361
2362 286.1317138671875 2362
2363 286.1327514648438 2363
2364 286.1337890625 2364
2365 286.1347961425781 2365
2366 286.1358337402344 2366
2367 286.1368713378906 2367
2368 286.137939453125 2368
2369 286.1389465332031 2369
2370 286.1400146484375 2370
2371 286.1410827636719 2371
2372 286.1421508789062 2372
2373 286.1431884765625 2373
2374 286.1442260742188 2374
2375 286.1452941894531 2375
2376 286.1463623046875 2376
2377 286.1474304199219 2377
2378 286.1484985351562 2378
2379 286.1495361328125 2379
2380 286.1506042480469 2380
2381 286.1516723632812 2381
2382 286.1527099609375 2382
2383 286.1537780761719 2383
2384 286.1548156738281 2384
2385 286.1558837890625 2385
2386 286.1569213867188 2386
2387 286.157958984375 2387
2388 286.1589965820312 2388
2389 286.1600341796875 2389
2390 286.1610717773438 2390
2391 286.162109375 2391
2392 286.1631164550781 2392
2393 286.1641235351562 2393
2394 286.1651306152344 2394
2395 286.1661376953125 2395
2396 286.1671142578125 2396
2397 286.1681213378906 2397
2398 286.1690673828125 2398
2399 286.1700744628906 2399
2400 286.1710205078125 2400
2401 286.1719970703125 2401
2402 286.1729125976562 2402
2403 286.1738586425781 2403
2404 286.1748046875 2404
2405 286.1757202148438 2405
2406 286.1766357421875 2406
2407 286.177490234375 2407
2408 286.1784057617188 2408
2409 286.1792602539062 2409
2410 286.1801147460938 2410
2411 286.1809997558594 2411
2412 286.1818542480469 2412
2413 286.1826782226562 2413
2414 286.1834716796875 2414
2415 286.1842651367188 2415
2416 286.18505859375 2416
2417 286.1858520507812 2417
2418 286.1866149902344 2418
2419 286.1873779296875 2419
2420 286.1881103515625 2420
2421 286.1888122558594 2421
2422 286.1895141601562 2422
2423 286.190185546875 2423
2424 286.1908569335938 2424
2425 286.1915283203125 2425
2426 286.1921691894531 2426
2427 286.1928100585938 2427
2428 286.1934204101562 2428
2429 286.1939697265625 2429
2430 286.1945495605469 2430
2431 286.1951293945312 2431
2432 286.1956481933594 2432
2433 286.1961669921875 2433
2434 286.1966857910156 2434
2435 286.1971435546875 2435
2436 286.1976318359375 2436
2437 286.1980590820312 2437
2438 286.198486328125 2438
2439 286.1988830566406 2439
2440 286.1992797851562 2440
2441 286.1996459960938 2441
2442 286.1999816894531 2442
2443 286.2003173828125 2443
2444 286.2005920410156 2444
2445 286.2008972167969 2445
2446 286.2011413574219 2446
2447 286.2013854980469 2447
2448 286.2015991210938 2448
2449 286.2017822265625 2449
2450 286.2019653320312 2450
2451 286.2021179199219 2451
2452 286.2022705078125 2452
2453 286.2023315429688 2453
2454 286.2024230957031 2454
2455 286.2024536132812 2455
2456 286.2025146484375 2456
2457 286.2025146484375 2457
2458 286.2024841308594 2458
2459 286.2024841308594 2459
2460 286.202392578125 2460
2461 286.2023315429688 2461
2462 286.2022094726562 2462
2463 286.2020874023438 2463
2464 286.2019348144531 2464
2465 286.2017211914062 2465
2466 286.2015380859375 2466
2467 286.2012939453125 2467
2468 286.2010498046875 2468
2469 286.2007751464844 2469
2470 286.200439453125 2470
2471 286.2001342773438 2471
2472 286.1997680664062 2472
2473 286.1994018554688 2473
2474 286.1990051269531 2474
2475 286.1985473632812 2475
2476 286.1981201171875 2476
2477 286.1976318359375 2477
2478 286.1971435546875 2478
2479 286.1965942382812 2479
2480 286.1960754394531 2480
2481 286.1954956054688 2481
2482 286.1949462890625 2482
2483 286.1942749023438 2483
2484 286.1936645507812 2484
2485 286.1930236816406 2485
2486 286.1923217773438 2486
2487 286.191650390625 2487
2488 286.19091796875 2488
2489 286.190185546875 2489
2490 286.189453125 2490
2491 286.1886596679688 2491
2492 286.1878662109375 2492
2493 286.1870727539062 2493
2494 286.1862487792969 2494
2495 286.1854248046875 2495
2496 286.1845703125 2496
2497 286.1836853027344 2497
2498 286.1828002929688 2498
2499 286.1819152832031 2499
2500 286.1809997558594 2500
