"point-d-rfile"
"Time Step" "point-d etc.."
("Time Step" "point-d" "flow-time")
0 283 0
1 283 1
2 283 2
3 283 3
4 283 4
5 283 5
6 283 6
7 283 7
8 283 8
9 283 9
10 283 10
11 283 11
12 283 12
13 283 13
14 283 14
15 283 15
16 283 16
17 283 17
18 283 18
19 283 19
20 283 20
21 283 21
22 283 22
23 283 23
24 283 24
25 283 25
26 283 26
27 283 27
28 283 28
29 283 29
30 283.0000305175781 30
31 283.0000610351562 31
32 283.0000610351562 32
33 283.0000610351562 33
34 283.0001220703125 34
35 283.0001220703125 35
36 283.0001831054688 36
37 283.0001831054688 37
38 283.0002746582031 38
39 283.0003051757812 39
40 283.0003662109375 40
41 283.0004577636719 41
42 283.0005493164062 42
43 283.0006713867188 43
44 283.0008239746094 44
45 283.0009765625 45
46 283.0011596679688 46
47 283.0013427734375 47
48 283.0015563964844 48
49 283.0018310546875 49
50 283.0021057128906 50
51 283.00244140625 51
52 283.0027770996094 52
53 283.003173828125 53
54 283.0036315917969 54
55 283.0041198730469 55
56 283.0046997070312 56
57 283.0053100585938 57
58 283.0059814453125 58
59 283.0066833496094 59
60 283.0074768066406 60
61 283.0083618164062 61
62 283.00927734375 62
63 283.0103149414062 63
64 283.0114135742188 64
65 283.0126037597656 65
66 283.0138854980469 66
67 283.0152587890625 67
68 283.0167541503906 68
69 283.0183410644531 69
70 283.02001953125 70
71 283.0217895507812 71
72 283.0237426757812 72
73 283.0257873535156 73
74 283.0279235839844 74
75 283.0302124023438 75
76 283.0326232910156 76
77 283.03515625 77
78 283.037841796875 78
79 283.0406799316406 79
80 283.0436401367188 80
81 283.0467529296875 81
82 283.0499877929688 82
83 283.0534057617188 83
84 283.0569763183594 84
85 283.0606689453125 85
86 283.0645751953125 86
87 283.0685729980469 87
88 283.0727844238281 88
89 283.0771179199219 89
90 283.0816650390625 90
91 283.0863647460938 91
92 283.0911865234375 92
93 283.0962219238281 93
94 283.1014404296875 94
95 283.1067810058594 95
96 283.1123046875 96
97 283.1180114746094 97
98 283.1239013671875 98
99 283.1299438476562 99
100 283.1361694335938 100
101 283.142578125 101
102 283.1491394042969 102
103 283.1558837890625 103
104 283.1628112792969 104
105 283.1698913574219 105
106 283.1771545410156 106
107 283.1845703125 107
108 283.1921691894531 108
109 283.199951171875 109
110 283.2078857421875 110
111 283.2160034179688 111
112 283.2242431640625 112
113 283.2326965332031 113
114 283.2412719726562 114
115 283.2500610351562 115
116 283.2589721679688 116
117 283.26806640625 117
118 283.2773132324219 118
119 283.2866821289062 119
120 283.2962646484375 120
121 283.3059692382812 121
122 283.3157958984375 122
123 283.3258056640625 123
124 283.3359680175781 124
125 283.3462524414062 125
126 283.356689453125 126
127 283.3672485351562 127
128 283.3779907226562 128
129 283.3888549804688 129
130 283.3998107910156 130
131 283.4109191894531 131
132 283.4221801757812 132
133 283.43359375 133
134 283.445068359375 134
135 283.4567260742188 135
136 283.4684448242188 136
137 283.4803161621094 137
138 283.4923095703125 138
139 283.50439453125 139
140 283.5166015625 140
141 283.5289306640625 141
142 283.5413513183594 142
143 283.5538940429688 143
144 283.5665283203125 144
145 283.5792541503906 145
146 283.5920715332031 146
147 283.6050109863281 147
148 283.6180419921875 148
149 283.6311340332031 149
150 283.6443176269531 150
151 283.6576232910156 151
152 283.6709899902344 152
153 283.6844177246094 153
154 283.6979370117188 154
155 283.7115478515625 155
156 283.7252197265625 156
157 283.7389526367188 157
158 283.7527770996094 158
159 283.7666320800781 159
160 283.7805786132812 160
161 283.7945861816406 161
162 283.8086242675781 162
163 283.82275390625 163
164 283.8369140625 164
165 283.8511352539062 165
166 283.8654479980469 166
167 283.8797607421875 167
168 283.8941345214844 168
169 283.9085388183594 169
170 283.9229736328125 170
171 283.9374694824219 171
172 283.9520263671875 172
173 283.9665832519531 173
174 283.9811706542969 174
175 283.9957885742188 175
176 284.0104675292969 176
177 284.0251159667969 177
178 284.0398559570312 178
179 284.0545959472656 179
180 284.0693359375 180
181 284.0841064453125 181
182 284.098876953125 182
183 284.1137084960938 183
184 284.1285095214844 184
185 284.143310546875 185
186 284.1581420898438 186
187 284.1729736328125 187
188 284.1878356933594 188
189 284.2026977539062 189
190 284.217529296875 190
191 284.2323913574219 191
192 284.2472229003906 192
193 284.2620849609375 193
194 284.2768859863281 194
195 284.2917175292969 195
196 284.3065490722656 196
197 284.3213500976562 197
198 284.3361511230469 198
199 284.3509216308594 199
200 284.3656921386719 200
201 284.3804321289062 201
202 284.3952026367188 202
203 284.409912109375 203
204 284.4245910644531 204
205 284.4392395019531 205
206 284.4538879394531 206
207 284.468505859375 207
208 284.4830932617188 208
209 284.4976501464844 209
210 284.5121765136719 210
211 284.5266723632812 211
212 284.5411376953125 212
213 284.5555725097656 213
214 284.5699462890625 214
215 284.5843200683594 215
216 284.5986328125 216
217 284.6129150390625 217
218 284.6271362304688 218
219 284.6413269042969 219
220 284.6554565429688 220
221 284.6695861816406 221
222 284.6836547851562 222
223 284.6976318359375 223
224 284.7116088867188 224
225 284.7255249023438 225
226 284.7393798828125 226
227 284.753173828125 227
228 284.7669372558594 228
229 284.7806396484375 229
230 284.7943115234375 230
231 284.8078918457031 231
232 284.8214111328125 232
233 284.8348999023438 233
234 284.8482971191406 234
235 284.8616638183594 235
236 284.8749389648438 236
237 284.88818359375 237
238 284.9013366699219 238
239 284.9144592285156 239
240 284.927490234375 240
241 284.9404602050781 241
242 284.953369140625 242
243 284.9661865234375 243
244 284.9789428710938 244
245 284.9916381835938 245
246 285.0042724609375 246
247 285.016845703125 247
248 285.0293579101562 248
249 285.041748046875 249
250 285.0540771484375 250
251 285.0663452148438 251
252 285.0785217285156 252
253 285.0906372070312 253
254 285.1026611328125 254
255 285.1146240234375 255
256 285.1264953613281 256
257 285.1383056640625 257
258 285.1500244140625 258
259 285.1616821289062 259
260 285.1732177734375 260
261 285.1846923828125 261
262 285.1961059570312 262
263 285.2073974609375 263
264 285.2186279296875 264
265 285.2297973632812 265
266 285.2408447265625 266
267 285.2518310546875 267
268 285.2626953125 268
269 285.2734985351562 269
270 285.2842407226562 270
271 285.2948303222656 271
272 285.3053894042969 272
273 285.3158569335938 273
274 285.3262023925781 274
275 285.3364868164062 275
276 285.3466796875 276
277 285.3567504882812 277
278 285.3667297363281 278
279 285.3766479492188 279
280 285.386474609375 280
281 285.3961791992188 281
282 285.4058227539062 282
283 285.4153442382812 283
284 285.4248046875 284
285 285.4341430664062 285
286 285.4433898925781 286
287 285.4525146484375 287
288 285.4615783691406 288
289 285.4705505371094 289
290 285.4794311523438 290
291 285.4881896972656 291
292 285.4968872070312 292
293 285.5054321289062 293
294 285.513916015625 294
295 285.5223083496094 295
296 285.5305786132812 296
297 285.5387573242188 297
298 285.5468444824219 298
299 285.5548400878906 299
300 285.5627136230469 300
301 285.5705261230469 301
302 285.5782165527344 302
303 285.5858154296875 303
304 285.5933227539062 304
305 285.6007385253906 305
306 285.6080322265625 306
307 285.6152648925781 307
308 285.6224060058594 308
309 285.6294555664062 309
310 285.6363830566406 310
311 285.6432495117188 311
312 285.6500244140625 312
313 285.65673828125 313
314 285.663330078125 314
315 285.6698608398438 315
316 285.6763305664062 316
317 285.6827087402344 317
318 285.6890258789062 318
319 285.6952514648438 319
320 285.701416015625 320
321 285.7075500488281 321
322 285.7135925292969 322
323 285.7196044921875 323
324 285.7255249023438 324
325 285.7314147949219 325
326 285.7372741699219 326
327 285.7430725097656 327
328 285.7488708496094 328
329 285.754638671875 329
330 285.7603454589844 330
331 285.7660522460938 331
332 285.771728515625 332
333 285.7774047851562 333
334 285.7830505371094 334
335 285.7886962890625 335
336 285.7943725585938 336
337 285.8000183105469 337
338 285.8056640625 338
339 285.8113708496094 339
340 285.8170776367188 340
341 285.82275390625 341
342 285.8285522460938 342
343 285.8342895507812 343
344 285.8401184082031 344
345 285.8459777832031 345
346 285.8518676757812 346
347 285.8578186035156 347
348 285.8638305664062 348
349 285.869873046875 349
350 285.8759765625 350
351 285.8821716308594 351
352 285.8883972167969 352
353 285.8947143554688 353
354 285.9010925292969 354
355 285.9075622558594 355
356 285.9140930175781 356
357 285.9207153320312 357
358 285.9274291992188 358
359 285.9342041015625 359
360 285.9411010742188 360
361 285.9480590820312 361
362 285.9551086425781 362
363 285.9622192382812 363
364 285.969482421875 364
365 285.9768371582031 365
366 285.9842529296875 366
367 285.9918212890625 367
368 285.9994201660156 368
369 286.0072021484375 369
370 286.0150146484375 370
371 286.02294921875 371
372 286.031005859375 372
373 286.0391540527344 373
374 286.0474243164062 374
375 286.0557861328125 375
376 286.0642395019531 376
377 286.0728149414062 377
378 286.0815124511719 378
379 286.0902709960938 379
380 286.0991516113281 380
381 286.108154296875 381
382 286.1172485351562 382
383 286.1264343261719 383
384 286.1357421875 384
385 286.1451416015625 385
386 286.1546630859375 386
387 286.1642456054688 387
388 286.1739501953125 388
389 286.1837158203125 389
390 286.193603515625 390
391 286.20361328125 391
392 286.2137145996094 392
393 286.223876953125 393
394 286.2341613769531 394
395 286.2445068359375 395
396 286.2549438476562 396
397 286.2655334472656 397
398 286.276123046875 398
399 286.286865234375 399
400 286.2976379394531 400
401 286.3085327148438 401
402 286.3194580078125 402
403 286.3305053710938 403
404 286.3416442871094 404
405 286.3528442382812 405
406 286.3640747070312 406
407 286.3754272460938 407
408 286.3868408203125 408
409 286.3983154296875 409
410 286.4098510742188 410
411 286.4214477539062 411
412 286.4331359863281 412
413 286.4448852539062 413
414 286.4566650390625 414
415 286.4685363769531 415
416 286.4804382324219 416
417 286.4923706054688 417
418 286.50439453125 418
419 286.5164489746094 419
420 286.528564453125 420
421 286.5407104492188 421
422 286.5529174804688 422
423 286.565185546875 423
424 286.5774536132812 424
425 286.5897827148438 425
426 286.6021118164062 426
427 286.6145324707031 427
428 286.626953125 428
429 286.6394348144531 429
430 286.6519165039062 430
431 286.6644287109375 431
432 286.6769714355469 432
433 286.6895446777344 433
434 286.7021484375 434
435 286.7147521972656 435
436 286.7273864746094 436
437 286.7400512695312 437
438 286.752685546875 438
439 286.7653503417969 439
440 286.7780456542969 440
441 286.790771484375 441
442 286.8034362792969 442
443 286.816162109375 443
444 286.8288879394531 444
445 286.8415832519531 445
446 286.8543395996094 446
447 286.8670654296875 447
448 286.8797607421875 448
449 286.8924865722656 449
450 286.9051818847656 450
451 286.9179077148438 451
452 286.9306030273438 452
453 286.9432983398438 453
454 286.9559326171875 454
455 286.9686279296875 455
456 286.9812622070312 456
457 286.993896484375 457
458 287.0065002441406 458
459 287.0191040039062 459
460 287.0316772460938 460
461 287.0442199707031 461
462 287.0567626953125 462
463 287.0692443847656 463
464 287.0817260742188 464
465 287.0941772460938 465
466 287.1065979003906 466
467 287.1189880371094 467
468 287.13134765625 468
469 287.1436767578125 469
470 287.1559753417969 470
471 287.168212890625 471
472 287.1804809570312 472
473 287.192626953125 473
474 287.2047729492188 474
475 287.2168884277344 475
476 287.2289428710938 476
477 287.240966796875 477
478 287.2529296875 478
479 287.2648620605469 479
480 287.2767333984375 480
481 287.28857421875 481
482 287.3003540039062 482
483 287.3121032714844 483
484 287.3237915039062 484
485 287.3353881835938 485
486 287.3469848632812 486
487 287.3585205078125 487
488 287.3699645996094 488
489 287.3814086914062 489
490 287.3927612304688 490
491 287.404052734375 491
492 287.415283203125 492
493 287.4264526367188 493
494 287.4375915527344 494
495 287.4486389160156 495
496 287.4596557617188 496
497 287.4705810546875 497
498 287.4814453125 498
499 287.4922180175781 499
500 287.5029602050781 500
501 287.5136413574219 501
502 287.5242309570312 502
503 287.5347595214844 503
504 287.5452270507812 504
505 287.5556030273438 505
506 287.56591796875 506
507 287.576171875 507
508 287.5863647460938 508
509 287.596435546875 509
510 287.6064453125 510
511 287.6164245605469 511
512 287.6262817382812 512
513 287.6360778808594 513
514 287.6458129882812 514
515 287.6554565429688 515
516 287.6650085449219 516
517 287.6744995117188 517
518 287.6838989257812 518
519 287.6932067871094 519
520 287.7024536132812 520
521 287.7116088867188 521
522 287.720703125 522
523 287.7296752929688 523
524 287.7385864257812 524
525 287.7474060058594 525
526 287.7561645507812 526
527 287.7648315429688 527
528 287.7733764648438 528
529 287.7818603515625 529
530 287.7902526855469 530
531 287.7985534667969 531
532 287.8067932128906 532
533 287.8149108886719 533
534 287.8229675292969 534
535 287.8309326171875 535
536 287.8387451171875 536
537 287.8465270996094 537
538 287.8542175292969 538
539 287.86181640625 539
540 287.8693237304688 540
541 287.876708984375 541
542 287.884033203125 542
543 287.8912353515625 543
544 287.8983459472656 544
545 287.9053955078125 545
546 287.9123229980469 546
547 287.9191589355469 547
548 287.9259033203125 548
549 287.9325561523438 549
550 287.9391174316406 550
551 287.945556640625 551
552 287.9519348144531 552
553 287.9581909179688 553
554 287.96435546875 554
555 287.9703979492188 555
556 287.9763793945312 556
557 287.9822387695312 557
558 287.988037109375 558
559 287.9936828613281 559
560 287.9992980957031 560
561 288.0047607421875 561
562 288.0101318359375 562
563 288.015380859375 563
564 288.0205688476562 564
565 288.025634765625 565
566 288.0306396484375 566
567 288.0354919433594 567
568 288.040283203125 568
569 288.0449523925781 569
570 288.0494995117188 570
571 288.0540161132812 571
572 288.0583801269531 572
573 288.0626831054688 573
574 288.0668334960938 574
575 288.0709533691406 575
576 288.074951171875 576
577 288.078857421875 577
578 288.0826721191406 578
579 288.0863952636719 579
580 288.0900268554688 580
581 288.0935974121094 581
582 288.0970458984375 582
583 288.1004333496094 583
584 288.1037292480469 584
585 288.10693359375 585
586 288.110107421875 586
587 288.1131896972656 587
588 288.1161804199219 588
589 288.119140625 589
590 288.1220092773438 590
591 288.1248168945312 591
592 288.1276245117188 592
593 288.1303100585938 593
594 288.1329956054688 594
595 288.1355895996094 595
596 288.13818359375 596
597 288.1407470703125 597
598 288.1432495117188 598
599 288.1457214355469 599
600 288.148193359375 600
601 288.1506652832031 601
602 288.1531066894531 602
603 288.155517578125 603
604 288.1579895019531 604
605 288.160400390625 605
606 288.1628112792969 606
607 288.165283203125 607
608 288.1677551269531 608
609 288.1702270507812 609
610 288.1727294921875 610
611 288.1752624511719 611
612 288.1778259277344 612
613 288.1804504394531 613
614 288.1830749511719 614
615 288.185791015625 615
616 288.1885375976562 616
617 288.1913146972656 617
618 288.1941528320312 618
619 288.1970825195312 619
620 288.2000732421875 620
621 288.203125 621
622 288.2062377929688 622
623 288.2094421386719 623
624 288.2127075195312 624
625 288.216064453125 625
626 288.219482421875 626
627 288.2230224609375 627
628 288.2266235351562 628
629 288.2303466796875 629
630 288.234130859375 630
631 288.238037109375 631
632 288.2420043945312 632
633 288.24609375 633
634 288.2502746582031 634
635 288.2545776367188 635
636 288.2589721679688 636
637 288.263427734375 637
638 288.2680358886719 638
639 288.2727355957031 639
640 288.2775268554688 640
641 288.282470703125 641
642 288.2874755859375 642
643 288.2926330566406 643
644 288.2978515625 644
645 288.30322265625 645
646 288.3086547851562 646
647 288.3142395019531 647
648 288.3198852539062 648
649 288.32568359375 649
650 288.33154296875 650
651 288.3375854492188 651
652 288.3436889648438 652
653 288.3498840332031 653
654 288.356201171875 654
655 288.3626098632812 655
656 288.369140625 656
657 288.3757629394531 657
658 288.3825073242188 658
659 288.3893432617188 659
660 288.396240234375 660
661 288.4032592773438 661
662 288.410400390625 662
663 288.4176330566406 663
664 288.4249267578125 664
665 288.4323425292969 665
666 288.4398498535156 666
667 288.4474487304688 667
668 288.4551086425781 668
669 288.462890625 669
670 288.4707641601562 670
671 288.4786987304688 671
672 288.4866943359375 672
673 288.4948120117188 673
674 288.5029907226562 674
675 288.51123046875 675
676 288.5195922851562 676
677 288.5280151367188 677
678 288.5364990234375 678
679 288.5450439453125 679
680 288.5536499023438 680
681 288.5623474121094 681
682 288.5711059570312 682
683 288.5799560546875 683
684 288.5888366699219 684
685 288.5977478027344 685
686 288.6067504882812 686
687 288.6158447265625 687
688 288.6249389648438 688
689 288.6340942382812 689
690 288.643310546875 690
691 288.652587890625 691
692 288.661865234375 692
693 288.6712036132812 693
694 288.6806030273438 694
695 288.6900329589844 695
696 288.6995239257812 696
697 288.7090454101562 697
698 288.7185974121094 698
699 288.7281799316406 699
700 288.7377624511719 700
701 288.7474060058594 701
702 288.757080078125 702
703 288.7667846679688 703
704 288.7764892578125 704
705 288.7862548828125 705
706 288.7960205078125 706
707 288.8057861328125 707
708 288.8156127929688 708
709 288.825439453125 709
710 288.8352661132812 710
711 288.8450927734375 711
712 288.8549499511719 712
713 288.8648071289062 713
714 288.8746643066406 714
715 288.8845520019531 715
716 288.8944091796875 716
717 288.904296875 717
718 288.9141845703125 718
719 288.9240417480469 719
720 288.9339294433594 720
721 288.9438171386719 721
722 288.9536743164062 722
723 288.9635009765625 723
724 288.9733581542969 724
725 288.9832153320312 725
726 288.9930419921875 726
727 289.0028076171875 727
728 289.0126037597656 728
729 289.0223999023438 729
730 289.0321655273438 730
731 289.0419006347656 731
732 289.0516357421875 732
733 289.0613098144531 733
734 289.0709838867188 734
735 289.0806274414062 735
736 289.0902709960938 736
737 289.0998229980469 737
738 289.1094055175781 738
739 289.1189270019531 739
740 289.12841796875 740
741 289.1379089355469 741
742 289.1473388671875 742
743 289.15673828125 743
744 289.1660766601562 744
745 289.1754150390625 745
746 289.1846923828125 746
747 289.1939392089844 747
748 289.203125 748
749 289.2122802734375 749
750 289.2214050292969 750
751 289.23046875 751
752 289.239501953125 752
753 289.2484741210938 753
754 289.2573852539062 754
755 289.2662658691406 755
756 289.2750854492188 756
757 289.2838745117188 757
758 289.2926025390625 758
759 289.30126953125 759
760 289.3098449707031 760
761 289.3184204101562 761
762 289.326904296875 762
763 289.3353576660156 763
764 289.34375 764
765 289.3520812988281 765
766 289.3603210449219 766
767 289.3685302734375 767
768 289.3766784667969 768
769 289.384765625 769
770 289.3927612304688 770
771 289.4007263183594 771
772 289.4085998535156 772
773 289.4164123535156 773
774 289.4241638183594 774
775 289.4318237304688 775
776 289.4394836425781 776
777 289.4469909667969 777
778 289.4544677734375 778
779 289.4618835449219 779
780 289.4691772460938 780
781 289.4764709472656 781
782 289.483642578125 782
783 289.4907531738281 783
784 289.497802734375 784
785 289.5047607421875 785
786 289.5116271972656 786
787 289.5184326171875 787
788 289.5251770019531 788
789 289.5318298339844 789
790 289.5383911132812 790
791 289.5448913574219 791
792 289.5513000488281 792
793 289.5576171875 793
794 289.5638732910156 794
795 289.5700378417969 795
796 289.5761108398438 796
797 289.5821533203125 797
798 289.5880737304688 798
799 289.5939025878906 799
800 289.5996704101562 800
801 289.6053161621094 801
802 289.6109008789062 802
803 289.6163940429688 803
804 289.621826171875 804
805 289.6271362304688 805
806 289.6323852539062 806
807 289.6375122070312 807
808 289.642578125 808
809 289.6475219726562 809
810 289.6524047851562 810
811 289.6572265625 811
812 289.6619262695312 812
813 289.6665344238281 813
814 289.6710815429688 814
815 289.6754760742188 815
816 289.6798095703125 816
817 289.68408203125 817
818 289.6882019042969 818
819 289.6922607421875 819
820 289.6962280273438 820
821 289.7001037597656 821
822 289.7038879394531 822
823 289.7075500488281 823
824 289.7111206054688 824
825 289.7146606445312 825
826 289.7180480957031 826
827 289.7213439941406 827
828 289.7245483398438 828
829 289.7276611328125 829
830 289.7306518554688 830
831 289.7335815429688 831
832 289.7363891601562 832
833 289.7391357421875 833
834 289.7417602539062 834
835 289.7442626953125 835
836 289.7467041015625 836
837 289.7490539550781 837
838 289.7513122558594 838
839 289.7534484863281 839
840 289.7554931640625 840
841 289.7574462890625 841
842 289.7593078613281 842
843 289.7610778808594 843
844 289.7627563476562 844
845 289.7643127441406 845
846 289.7658081054688 846
847 289.7672119140625 847
848 289.7685546875 848
849 289.769775390625 849
850 289.7709350585938 850
851 289.7720031738281 851
852 289.7729797363281 852
853 289.7738952636719 853
854 289.7747192382812 854
855 289.7755126953125 855
856 289.7761840820312 856
857 289.7768249511719 857
858 289.7774047851562 858
859 289.7778930664062 859
860 289.7783508300781 860
861 289.7787475585938 861
862 289.7791137695312 862
863 289.7794189453125 863
864 289.7796630859375 864
865 289.7799072265625 865
866 289.7801208496094 866
867 289.7802734375 867
868 289.7804565429688 868
869 289.7805786132812 869
870 289.7806701660156 870
871 289.7807922363281 871
872 289.7808837890625 872
873 289.781005859375 873
874 289.7811279296875 874
875 289.7812194824219 875
876 289.7813720703125 876
877 289.7815246582031 877
878 289.7816772460938 878
879 289.7818908691406 879
880 289.7821350097656 880
881 289.7824096679688 881
882 289.78271484375 882
883 289.7830810546875 883
884 289.7834777832031 884
885 289.783935546875 885
886 289.7844848632812 886
887 289.7850341796875 887
888 289.7857055664062 888
889 289.7864074707031 889
890 289.7871704101562 890
891 289.7880554199219 891
892 289.7890014648438 892
893 289.7900390625 893
894 289.7911376953125 894
895 289.7923278808594 895
896 289.7936096191406 896
897 289.7949829101562 897
898 289.7964477539062 898
899 289.7980346679688 899
900 289.7997131347656 900
901 289.8014831542969 901
902 289.8033447265625 902
903 289.8052978515625 903
904 289.807373046875 904
905 289.8095703125 905
906 289.8118591308594 906
907 289.8142700195312 907
908 289.8167724609375 908
909 289.8193969726562 909
910 289.8221435546875 910
911 289.8249816894531 911
912 289.8279418945312 912
913 289.8309936523438 913
914 289.8341674804688 914
915 289.8374633789062 915
916 289.8408813476562 916
917 289.8443908691406 917
918 289.8480224609375 918
919 289.8517456054688 919
920 289.8556213378906 920
921 289.8595581054688 921
922 289.8636474609375 922
923 289.8678283691406 923
924 289.8721313476562 924
925 289.8765258789062 925
926 289.8810424804688 926
927 289.8856506347656 927
928 289.890380859375 928
929 289.8951721191406 929
930 289.9000854492188 930
931 289.9051208496094 931
932 289.9102478027344 932
933 289.9154663085938 933
934 289.9208068847656 934
935 289.9262084960938 935
936 289.9317016601562 936
937 289.9373168945312 937
938 289.9429931640625 938
939 289.9487915039062 939
940 289.9546508789062 940
941 289.9606323242188 941
942 289.9666748046875 942
943 289.9728088378906 943
944 289.97900390625 944
945 289.9852905273438 945
946 289.9916687011719 946
947 289.9981079101562 947
948 290.004638671875 948
949 290.01123046875 949
950 290.0178833007812 950
951 290.0245971679688 951
952 290.0314025878906 952
953 290.0382690429688 953
954 290.0451965332031 954
955 290.0521850585938 955
956 290.0592346191406 956
957 290.0663452148438 957
958 290.073486328125 958
959 290.0806884765625 959
960 290.0879821777344 960
961 290.0952758789062 961
962 290.1026611328125 962
963 290.1100769042969 963
964 290.1175231933594 964
965 290.1250305175781 965
966 290.132568359375 966
967 290.14013671875 967
968 290.1477355957031 968
969 290.1553955078125 969
970 290.1630859375 970
971 290.1707763671875 971
972 290.1785278320312 972
973 290.186279296875 973
974 290.194091796875 974
975 290.201904296875 975
976 290.2097473144531 976
977 290.2176208496094 977
978 290.2254943847656 978
979 290.2333984375 979
980 290.2413024902344 980
981 290.2492065429688 981
982 290.2571716308594 982
983 290.26513671875 983
984 290.2730712890625 984
985 290.2810363769531 985
986 290.2890014648438 986
987 290.2969970703125 987
988 290.304931640625 988
989 290.3129272460938 989
990 290.3208923339844 990
991 290.328857421875 991
992 290.3368225097656 992
993 290.3447875976562 993
994 290.3527526855469 994
995 290.3606567382812 995
996 290.3685913085938 996
997 290.3765258789062 997
998 290.3844299316406 998
999 290.3923034667969 999
1000 290.4001770019531 1000
1001 290.4080200195312 1001
1002 290.4158630371094 1002
1003 290.4236755371094 1003
1004 290.4314575195312 1004
1005 290.4392395019531 1005
1006 290.4469604492188 1006
1007 290.4546508789062 1007
1008 290.4623718261719 1008
1009 290.4700317382812 1009
1010 290.4776611328125 1010
1011 290.4852294921875 1011
1012 290.4927978515625 1012
1013 290.5003356933594 1013
1014 290.5078125 1014
1015 290.5152587890625 1015
1016 290.522705078125 1016
1017 290.5300903320312 1017
1018 290.5374145507812 1018
1019 290.544677734375 1019
1020 290.5519409179688 1020
1021 290.5591735839844 1021
1022 290.5663452148438 1022
1023 290.5734252929688 1023
1024 290.5805358886719 1024
1025 290.5875549316406 1025
1026 290.5945129394531 1026
1027 290.6014404296875 1027
1028 290.6083068847656 1028
1029 290.6151428222656 1029
1030 290.6219177246094 1030
1031 290.6286010742188 1031
1032 290.6352844238281 1032
1033 290.6419067382812 1033
1034 290.6484375 1034
1035 290.6549377441406 1035
1036 290.661376953125 1036
1037 290.667724609375 1037
1038 290.6740417480469 1038
1039 290.6802978515625 1039
1040 290.6864624023438 1040
1041 290.6925964355469 1041
1042 290.6986694335938 1042
1043 290.7046508789062 1043
1044 290.7106018066406 1044
1045 290.7164611816406 1045
1046 290.7222290039062 1046
1047 290.7279663085938 1047
1048 290.733642578125 1048
1049 290.7392272949219 1049
1050 290.7447509765625 1050
1051 290.7501831054688 1051
1052 290.7555541992188 1052
1053 290.7608642578125 1053
1054 290.76611328125 1054
1055 290.7712707519531 1055
1056 290.7763366699219 1056
1057 290.7813415527344 1057
1058 290.7862854003906 1058
1059 290.7911376953125 1059
1060 290.7959289550781 1060
1061 290.8006286621094 1061
1062 290.8052368164062 1062
1063 290.8097839355469 1063
1064 290.8142395019531 1064
1065 290.8186645507812 1065
1066 290.8229370117188 1066
1067 290.8271484375 1067
1068 290.831298828125 1068
1069 290.8353576660156 1069
1070 290.83935546875 1070
1071 290.84326171875 1071
1072 290.8470458984375 1072
1073 290.8507690429688 1073
1074 290.8544006347656 1074
1075 290.8579711914062 1075
1076 290.8614501953125 1076
1077 290.8648376464844 1077
1078 290.8681335449219 1078
1079 290.871337890625 1079
1080 290.8744506835938 1080
1081 290.8775024414062 1081
1082 290.8804321289062 1082
1083 290.88330078125 1083
1084 290.8860778808594 1084
1085 290.8887634277344 1085
1086 290.891357421875 1086
1087 290.8938598632812 1087
1088 290.8962707519531 1088
1089 290.8985595703125 1089
1090 290.9007873535156 1090
1091 290.9029235839844 1091
1092 290.9049682617188 1092
1093 290.9068908691406 1093
1094 290.9087829589844 1094
1095 290.9105529785156 1095
1096 290.9122314453125 1096
1097 290.9137878417969 1097
1098 290.915283203125 1098
1099 290.9166564941406 1099
1100 290.9179382324219 1100
1101 290.9191284179688 1101
1102 290.9202575683594 1102
1103 290.9212646484375 1103
1104 290.9221801757812 1104
1105 290.9229736328125 1105
1106 290.9237060546875 1106
1107 290.9243469238281 1107
1108 290.9248962402344 1108
1109 290.9253540039062 1109
1110 290.9256896972656 1110
1111 290.9259338378906 1111
1112 290.9261474609375 1112
1113 290.9262084960938 1113
1114 290.9261779785156 1114
1115 290.9261169433594 1115
1116 290.9259033203125 1116
1117 290.9256286621094 1117
1118 290.92529296875 1118
1119 290.9248657226562 1119
1120 290.9243469238281 1120
1121 290.9237365722656 1121
1122 290.923095703125 1122
1123 290.92236328125 1123
1124 290.9215698242188 1124
1125 290.920654296875 1125
1126 290.9197387695312 1126
1127 290.9187316894531 1127
1128 290.9176940917969 1128
1129 290.9165649414062 1129
1130 290.9154052734375 1130
1131 290.9142150878906 1131
1132 290.9129638671875 1132
1133 290.9116821289062 1133
1134 290.9103698730469 1134
1135 290.9090270996094 1135
1136 290.9076538085938 1136
1137 290.90625 1137
1138 290.9048461914062 1138
1139 290.9034118652344 1139
1140 290.9020080566406 1140
1141 290.9005737304688 1141
1142 290.8991394042969 1142
1143 290.8977355957031 1143
1144 290.8963012695312 1144
1145 290.8948974609375 1145
1146 290.8935241699219 1146
1147 290.8921813964844 1147
1148 290.890869140625 1148
1149 290.8895874023438 1149
1150 290.8883666992188 1150
1151 290.8871765136719 1151
1152 290.8860168457031 1152
1153 290.8849182128906 1153
1154 290.8839111328125 1154
1155 290.8829345703125 1155
1156 290.8819885253906 1156
1157 290.8811340332031 1157
1158 290.88037109375 1158
1159 290.8796691894531 1159
1160 290.8790283203125 1160
1161 290.8785095214844 1161
1162 290.8780212402344 1162
1163 290.877685546875 1163
1164 290.8773803710938 1164
1165 290.877197265625 1165
1166 290.8770751953125 1166
1167 290.8771057128906 1167
1168 290.877197265625 1168
1169 290.8774108886719 1169
1170 290.8777160644531 1170
1171 290.8781127929688 1171
1172 290.878662109375 1172
1173 290.8792419433594 1173
1174 290.8800048828125 1174
1175 290.880859375 1175
1176 290.8818054199219 1176
1177 290.8828735351562 1177
1178 290.884033203125 1178
1179 290.8853454589844 1179
1180 290.8867492675781 1180
1181 290.8882751464844 1181
1182 290.889892578125 1182
1183 290.8916625976562 1183
1184 290.8935241699219 1184
1185 290.8955078125 1185
1186 290.8976135253906 1186
1187 290.8998107910156 1187
1188 290.9021606445312 1188
1189 290.9046020507812 1189
1190 290.9071350097656 1190
1191 290.9097900390625 1191
1192 290.91259765625 1192
1193 290.9154663085938 1193
1194 290.91845703125 1194
1195 290.9215698242188 1195
1196 290.9247741699219 1196
1197 290.9281005859375 1197
1198 290.9315795898438 1198
1199 290.93505859375 1199
1200 290.938720703125 1200
1201 290.9424743652344 1201
1202 290.9462890625 1202
1203 290.9502258300781 1203
1204 290.9542846679688 1204
1205 290.9584350585938 1205
1206 290.962646484375 1206
1207 290.9670104980469 1207
1208 290.9714050292969 1208
1209 290.9759216308594 1209
1210 290.9805297851562 1210
1211 290.9852294921875 1211
1212 290.989990234375 1212
1213 290.9948425292969 1213
1214 290.999755859375 1214
1215 291.0047912597656 1215
1216 291.0098876953125 1216
1217 291.0150756835938 1217
1218 291.0203247070312 1218
1219 291.025634765625 1219
1220 291.031005859375 1220
1221 291.0364685058594 1221
1222 291.0419921875 1222
1223 291.047607421875 1223
1224 291.0532531738281 1224
1225 291.0589599609375 1225
1226 291.0647583007812 1226
1227 291.0705871582031 1227
1228 291.0765075683594 1228
1229 291.0824279785156 1229
1230 291.0884399414062 1230
1231 291.094482421875 1231
1232 291.1005859375 1232
1233 291.1067504882812 1233
1234 291.1129150390625 1234
1235 291.119140625 1235
1236 291.1254272460938 1236
1237 291.1317443847656 1237
1238 291.1380920410156 1238
1239 291.1444702148438 1239
1240 291.15087890625 1240
1241 291.1573486328125 1241
1242 291.163818359375 1242
1243 291.1703491210938 1243
1244 291.1768798828125 1244
1245 291.1834106445312 1245
1246 291.1900024414062 1246
1247 291.1965942382812 1247
1248 291.2032165527344 1248
1249 291.2098388671875 1249
1250 291.2165222167969 1250
1251 291.2231750488281 1251
1252 291.2298583984375 1252
1253 291.2365417480469 1253
1254 291.2432250976562 1254
1255 291.2499389648438 1255
1256 291.2566528320312 1256
1257 291.2633666992188 1257
1258 291.2700805664062 1258
1259 291.2767944335938 1259
1260 291.2835083007812 1260
1261 291.2902221679688 1261
1262 291.2969055175781 1262
1263 291.3036193847656 1263
1264 291.310302734375 1264
1265 291.3170166015625 1265
1266 291.3236694335938 1266
1267 291.330322265625 1267
1268 291.3369750976562 1268
1269 291.3436279296875 1269
1270 291.3502197265625 1270
1271 291.3568420410156 1271
1272 291.3634033203125 1272
1273 291.3699645996094 1273
1274 291.3765258789062 1274
1275 291.3830261230469 1275
1276 291.3895263671875 1276
1277 291.3959655761719 1277
1278 291.4024047851562 1278
1279 291.4088134765625 1279
1280 291.4151916503906 1280
1281 291.4215393066406 1281
1282 291.4278564453125 1282
1283 291.4341430664062 1283
1284 291.4403686523438 1284
1285 291.4465942382812 1285
1286 291.4527587890625 1286
1287 291.4588623046875 1287
1288 291.4649658203125 1288
1289 291.4710083007812 1289
1290 291.47705078125 1290
1291 291.4830017089844 1291
1292 291.4889221191406 1292
1293 291.4948120117188 1293
1294 291.5006103515625 1294
1295 291.5064086914062 1295
1296 291.5121459960938 1296
1297 291.5178527832031 1297
1298 291.5234680175781 1298
1299 291.529052734375 1299
1300 291.5345764160156 1300
1301 291.5400695800781 1301
1302 291.5455017089844 1302
1303 291.5508728027344 1303
1304 291.5561828613281 1304
1305 291.5614318847656 1305
1306 291.5666198730469 1306
1307 291.5717468261719 1307
1308 291.5768432617188 1308
1309 291.5818786621094 1309
1310 291.5868225097656 1310
1311 291.5917358398438 1311
1312 291.5965270996094 1312
1313 291.601318359375 1313
1314 291.6060180664062 1314
1315 291.6106567382812 1315
1316 291.615234375 1316
1317 291.6197204589844 1317
1318 291.6241455078125 1318
1319 291.6285400390625 1319
1320 291.6328125 1320
1321 291.6370544433594 1321
1322 291.6412048339844 1322
1323 291.6452941894531 1323
1324 291.6492919921875 1324
1325 291.6532592773438 1325
1326 291.6571044921875 1326
1327 291.6609191894531 1327
1328 291.6646118164062 1328
1329 291.6682739257812 1329
1330 291.6718444824219 1330
1331 291.67529296875 1331
1332 291.6787109375 1332
1333 291.6820678710938 1333
1334 291.685302734375 1334
1335 291.6885070800781 1335
1336 291.6915893554688 1336
1337 291.6946105957031 1337
1338 291.6975402832031 1338
1339 291.7004089355469 1339
1340 291.7031860351562 1340
1341 291.7058715820312 1341
1342 291.7084655761719 1342
1343 291.7109985351562 1343
1344 291.7134399414062 1344
1345 291.7158203125 1345
1346 291.7180786132812 1346
1347 291.7202453613281 1347
1348 291.7223510742188 1348
1349 291.7243957519531 1349
1350 291.726318359375 1350
1351 291.7281494140625 1351
1352 291.7298889160156 1352
1353 291.7315673828125 1353
1354 291.733154296875 1354
1355 291.7346496582031 1355
1356 291.7360534667969 1356
1357 291.7373657226562 1357
1358 291.7385864257812 1358
1359 291.7397155761719 1359
1360 291.7407531738281 1360
1361 291.7417297363281 1361
1362 291.7425537109375 1362
1363 291.7433471679688 1363
1364 291.7440185546875 1364
1365 291.74462890625 1365
1366 291.7450866699219 1366
1367 291.7454833984375 1367
1368 291.7457885742188 1368
1369 291.7460327148438 1369
1370 291.7461547851562 1370
1371 291.7461547851562 1371
1372 291.74609375 1372
1373 291.7459411621094 1373
1374 291.7456970214844 1374
1375 291.7453308105469 1375
1376 291.7449340820312 1376
1377 291.744384765625 1377
1378 291.7437744140625 1378
1379 291.7430419921875 1379
1380 291.7422485351562 1380
1381 291.7413635253906 1381
1382 291.7403869628906 1382
1383 291.7392883300781 1383
1384 291.7381591796875 1384
1385 291.7369079589844 1385
1386 291.735595703125 1386
1387 291.7341613769531 1387
1388 291.7326965332031 1388
1389 291.7311401367188 1389
1390 291.7294921875 1390
1391 291.727783203125 1391
1392 291.7260131835938 1392
1393 291.7241516113281 1393
1394 291.7222290039062 1394
1395 291.7202758789062 1395
1396 291.7182006835938 1396
1397 291.7161254882812 1397
1398 291.7139587402344 1398
1399 291.7117919921875 1399
1400 291.7095336914062 1400
1401 291.7072448730469 1401
1402 291.7049255371094 1402
1403 291.7025756835938 1403
1404 291.7001953125 1404
1405 291.6978149414062 1405
1406 291.6954040527344 1406
1407 291.6929626464844 1407
1408 291.6905212402344 1408
1409 291.6880493164062 1409
1410 291.6856079101562 1410
1411 291.6831665039062 1411
1412 291.6807250976562 1412
1413 291.6782836914062 1413
1414 291.6759033203125 1414
1415 291.6735229492188 1415
1416 291.671142578125 1416
1417 291.6688232421875 1417
1418 291.6665649414062 1418
1419 291.664306640625 1419
1420 291.662109375 1420
1421 291.6599731445312 1421
1422 291.6578674316406 1422
1423 291.6558227539062 1423
1424 291.6538391113281 1424
1425 291.6519165039062 1425
1426 291.6500854492188 1426
1427 291.6483154296875 1427
1428 291.6466064453125 1428
1429 291.64501953125 1429
1430 291.6434631347656 1430
1431 291.6420288085938 1431
1432 291.6406555175781 1432
1433 291.639404296875 1433
1434 291.6382141113281 1434
1435 291.6371459960938 1435
1436 291.6361694335938 1436
1437 291.6352844238281 1437
1438 291.634521484375 1438
1439 291.6338500976562 1439
1440 291.63330078125 1440
1441 291.6328430175781 1441
1442 291.6324768066406 1442
1443 291.6322631835938 1443
1444 291.6321411132812 1444
1445 291.6321411132812 1445
1446 291.6322326660156 1446
1447 291.6324462890625 1447
1448 291.6327819824219 1448
1449 291.6332397460938 1449
1450 291.6337890625 1450
1451 291.6344909667969 1451
1452 291.6352844238281 1452
1453 291.6361999511719 1453
1454 291.6372375488281 1454
1455 291.6383666992188 1455
1456 291.6396484375 1456
1457 291.6410217285156 1457
1458 291.6425170898438 1458
1459 291.6441345214844 1459
1460 291.6458435058594 1460
1461 291.647705078125 1461
1462 291.649658203125 1462
1463 291.6517333984375 1463
1464 291.6538696289062 1464
1465 291.6561889648438 1465
1466 291.6585693359375 1466
1467 291.6610717773438 1467
1468 291.6636962890625 1468
1469 291.6663818359375 1469
1470 291.669189453125 1470
1471 291.672119140625 1471
1472 291.6751403808594 1472
1473 291.6782836914062 1473
1474 291.6814880371094 1474
1475 291.684814453125 1475
1476 291.688232421875 1476
1477 291.6917114257812 1477
1478 291.6953125 1478
1479 291.6990051269531 1479
1480 291.7027893066406 1480
1481 291.7066650390625 1481
1482 291.7106018066406 1482
1483 291.7146301269531 1483
1484 291.71875 1484
1485 291.7229309082031 1485
1486 291.7272338867188 1486
1487 291.7315673828125 1487
1488 291.7359619140625 1488
1489 291.740478515625 1489
1490 291.7450561523438 1490
1491 291.7496643066406 1491
1492 291.75439453125 1492
1493 291.7591552734375 1493
1494 291.7639770507812 1494
1495 291.7688598632812 1495
1496 291.7738342285156 1496
1497 291.7788391113281 1497
1498 291.7839050292969 1498
1499 291.7890319824219 1499
1500 291.794189453125 1500
1501 291.7994079589844 1501
1502 291.8046875 1502
1503 291.8099975585938 1503
1504 291.8153381347656 1504
1505 291.8207397460938 1505
1506 291.826171875 1506
1507 291.8316650390625 1507
1508 291.8371887207031 1508
1509 291.8427124023438 1509
1510 291.8482971191406 1510
1511 291.8539428710938 1511
1512 291.8595581054688 1512
1513 291.865234375 1513
1514 291.8709411621094 1514
1515 291.8766479492188 1515
1516 291.8823852539062 1516
1517 291.8881530761719 1517
1518 291.8939208984375 1518
1519 291.8997497558594 1519
1520 291.9055480957031 1520
1521 291.911376953125 1521
1522 291.9172058105469 1522
1523 291.9230346679688 1523
1524 291.9288940429688 1524
1525 291.9347839355469 1525
1526 291.9406433105469 1526
1527 291.9465026855469 1527
1528 291.9523620605469 1528
1529 291.958251953125 1529
1530 291.964111328125 1530
1531 291.969970703125 1531
1532 291.9758605957031 1532
1533 291.981689453125 1533
1534 291.987548828125 1534
1535 291.9933776855469 1535
1536 291.9992065429688 1536
1537 292.0050048828125 1537
1538 292.0108032226562 1538
1539 292.0166015625 1539
1540 292.0223693847656 1540
1541 292.0281066894531 1541
1542 292.0338745117188 1542
1543 292.0395812988281 1543
1544 292.0452575683594 1544
1545 292.0509338378906 1545
1546 292.0565490722656 1546
1547 292.0621643066406 1547
1548 292.0677490234375 1548
1549 292.0733032226562 1549
1550 292.078857421875 1550
1551 292.0843505859375 1551
1552 292.0898132324219 1552
1553 292.0952453613281 1553
1554 292.1006164550781 1554
1555 292.10595703125 1555
1556 292.1112976074219 1556
1557 292.1165771484375 1557
1558 292.121826171875 1558
1559 292.1270446777344 1559
1560 292.1322021484375 1560
1561 292.1372985839844 1561
1562 292.1423950195312 1562
1563 292.1473999023438 1563
1564 292.1524047851562 1564
1565 292.1573181152344 1565
1566 292.1622009277344 1566
1567 292.1670227050781 1567
1568 292.1718139648438 1568
1569 292.1765441894531 1569
1570 292.1812438964844 1570
1571 292.1858520507812 1571
1572 292.1904602050781 1572
1573 292.1949768066406 1573
1574 292.1994323730469 1574
1575 292.203857421875 1575
1576 292.2081909179688 1576
1577 292.2124633789062 1577
1578 292.2167053222656 1578
1579 292.2208862304688 1579
1580 292.2249755859375 1580
1581 292.2290344238281 1581
1582 292.2330017089844 1582
1583 292.2369384765625 1583
1584 292.2407836914062 1584
1585 292.2445678710938 1585
1586 292.248291015625 1586
1587 292.251953125 1587
1588 292.2555541992188 1588
1589 292.2590637207031 1589
1590 292.2625122070312 1590
1591 292.2658996582031 1591
1592 292.2691955566406 1592
1593 292.2724609375 1593
1594 292.275634765625 1594
1595 292.2787170410156 1595
1596 292.28173828125 1596
1597 292.28466796875 1597
1598 292.2875671386719 1598
1599 292.2903442382812 1599
1600 292.2930908203125 1600
1601 292.2957458496094 1601
1602 292.2983093261719 1602
1603 292.3008117675781 1603
1604 292.30322265625 1604
1605 292.3055419921875 1605
1606 292.3078002929688 1606
1607 292.3099670410156 1607
1608 292.3121032714844 1608
1609 292.3141174316406 1609
1610 292.3160400390625 1610
1611 292.3179016113281 1611
1612 292.3196716308594 1612
1613 292.3213500976562 1613
1614 292.3229675292969 1614
1615 292.3244934082031 1615
1616 292.325927734375 1616
1617 292.3272705078125 1617
1618 292.3285522460938 1618
1619 292.3297119140625 1619
1620 292.330810546875 1620
1621 292.3318176269531 1621
1622 292.332763671875 1622
1623 292.3335876464844 1623
1624 292.3343505859375 1624
1625 292.3350219726562 1625
1626 292.3355712890625 1626
1627 292.3360595703125 1627
1628 292.33642578125 1628
1629 292.3367614746094 1629
1630 292.3369750976562 1630
1631 292.3370971679688 1631
1632 292.337158203125 1632
1633 292.3370666503906 1633
1634 292.3369140625 1634
1635 292.336669921875 1635
1636 292.3363342285156 1636
1637 292.3359375 1637
1638 292.3354187011719 1638
1639 292.3348083496094 1639
1640 292.3341064453125 1640
1641 292.3333129882812 1641
1642 292.3324279785156 1642
1643 292.3314514160156 1643
1644 292.3304138183594 1644
1645 292.3292236328125 1645
1646 292.3279724121094 1646
1647 292.32666015625 1647
1648 292.3251953125 1648
1649 292.3236999511719 1649
1650 292.3220825195312 1650
1651 292.3203735351562 1651
1652 292.318603515625 1652
1653 292.3167114257812 1653
1654 292.3147583007812 1654
1655 292.3127136230469 1655
1656 292.3106079101562 1656
1657 292.3084106445312 1657
1658 292.30615234375 1658
1659 292.3037719726562 1659
1660 292.3013610839844 1660
1661 292.2988891601562 1661
1662 292.2963256835938 1662
1663 292.293701171875 1663
1664 292.291015625 1664
1665 292.2882690429688 1665
1666 292.2854614257812 1666
1667 292.2826232910156 1667
1668 292.2797241210938 1668
1669 292.2767944335938 1669
1670 292.2738037109375 1670
1671 292.2707824707031 1671
1672 292.2677612304688 1672
1673 292.2646484375 1673
1674 292.2615661621094 1674
1675 292.2584533691406 1675
1676 292.2553100585938 1676
1677 292.252197265625 1677
1678 292.2490234375 1678
1679 292.2459106445312 1679
1680 292.2427673339844 1680
1681 292.2396545410156 1681
1682 292.2365112304688 1682
1683 292.2334594726562 1683
1684 292.2303466796875 1684
1685 292.2273254394531 1685
1686 292.2243041992188 1686
1687 292.2213134765625 1687
1688 292.2184448242188 1688
1689 292.2155456542969 1689
1690 292.2127075195312 1690
1691 292.2099304199219 1691
1692 292.2072143554688 1692
1693 292.2045288085938 1693
1694 292.2019653320312 1694
1695 292.199462890625 1695
1696 292.1969909667969 1696
1697 292.1946105957031 1697
1698 292.1923522949219 1698
1699 292.1901550292969 1699
1700 292.1880187988281 1700
1701 292.1860046386719 1701
1702 292.18408203125 1702
1703 292.1822204589844 1703
1704 292.1804809570312 1704
1705 292.1788330078125 1705
1706 292.1772766113281 1706
1707 292.1758422851562 1707
1708 292.174560546875 1708
1709 292.1733093261719 1709
1710 292.1722106933594 1710
1711 292.1712036132812 1711
1712 292.1702880859375 1712
1713 292.1695251464844 1713
1714 292.1688537597656 1714
1715 292.1683349609375 1715
1716 292.1678466796875 1716
1717 292.1675720214844 1717
1718 292.1673583984375 1718
1719 292.1672668457031 1719
1720 292.1672973632812 1720
1721 292.16748046875 1721
1722 292.167724609375 1722
1723 292.1680908203125 1723
1724 292.1686401367188 1724
1725 292.1692504882812 1725
1726 292.1699829101562 1726
1727 292.1708374023438 1727
1728 292.1717834472656 1728
1729 292.1728820800781 1729
1730 292.174072265625 1730
1731 292.1754150390625 1731
1732 292.1768188476562 1732
1733 292.1783447265625 1733
1734 292.1799926757812 1734
1735 292.1817626953125 1735
1736 292.1836242675781 1736
1737 292.1856079101562 1737
1738 292.1876831054688 1738
1739 292.1898803710938 1739
1740 292.1921691894531 1740
1741 292.1945495605469 1741
1742 292.1970520019531 1742
1743 292.1996459960938 1743
1744 292.2023315429688 1744
1745 292.2051086425781 1745
1746 292.2079772949219 1746
1747 292.2109985351562 1747
1748 292.2140502929688 1748
1749 292.2171936035156 1749
1750 292.2204284667969 1750
1751 292.2237548828125 1751
1752 292.2271728515625 1752
1753 292.2306823730469 1753
1754 292.2342529296875 1754
1755 292.2379150390625 1755
1756 292.2416381835938 1756
1757 292.2454833984375 1757
1758 292.2493286132812 1758
1759 292.2532958984375 1759
1760 292.25732421875 1760
1761 292.2614135742188 1761
1762 292.2655944824219 1762
1763 292.269775390625 1763
1764 292.2740783691406 1764
1765 292.2784423828125 1765
1766 292.2828369140625 1766
1767 292.2872924804688 1767
1768 292.2918090820312 1768
1769 292.2963562011719 1769
1770 292.3009643554688 1770
1771 292.3056640625 1771
1772 292.3103637695312 1772
1773 292.3151245117188 1773
1774 292.3199462890625 1774
1775 292.3247680664062 1775
1776 292.3296508789062 1776
1777 292.3345642089844 1777
1778 292.3395385742188 1778
1779 292.3445129394531 1779
1780 292.3495483398438 1780
1781 292.3545837402344 1781
1782 292.3596801757812 1782
1783 292.3647766113281 1783
1784 292.3699035644531 1784
1785 292.3750610351562 1785
1786 292.3802490234375 1786
1787 292.3854370117188 1787
1788 292.390625 1788
1789 292.3958740234375 1789
1790 292.4010925292969 1790
1791 292.4063415527344 1791
1792 292.41162109375 1792
1793 292.4168701171875 1793
1794 292.4221801757812 1794
1795 292.4274291992188 1795
1796 292.4327392578125 1796
1797 292.4380187988281 1797
1798 292.4432983398438 1798
1799 292.4486083984375 1799
1800 292.4539184570312 1800
1801 292.4591674804688 1801
1802 292.4644775390625 1802
1803 292.4697265625 1803
1804 292.4749755859375 1804
1805 292.480224609375 1805
1806 292.4854736328125 1806
1807 292.49072265625 1807
1808 292.4959106445312 1808
1809 292.5011291503906 1809
1810 292.5063171386719 1810
1811 292.5114440917969 1811
1812 292.5166015625 1812
1813 292.521728515625 1813
1814 292.52685546875 1814
1815 292.5318908691406 1815
1816 292.5369873046875 1816
1817 292.5419921875 1817
1818 292.5469665527344 1818
1819 292.5519104003906 1819
1820 292.556884765625 1820
1821 292.561767578125 1821
1822 292.566650390625 1822
1823 292.5714721679688 1823
1824 292.5762939453125 1824
1825 292.5810546875 1825
1826 292.5857543945312 1826
1827 292.5904541015625 1827
1828 292.5950927734375 1828
1829 292.5996704101562 1829
1830 292.604248046875 1830
1831 292.6087646484375 1831
1832 292.6132507324219 1832
1833 292.61767578125 1833
1834 292.6220397949219 1834
1835 292.6264038085938 1835
1836 292.6306762695312 1836
1837 292.6349182128906 1837
1838 292.6390991210938 1838
1839 292.6432495117188 1839
1840 292.6473083496094 1840
1841 292.6513366699219 1841
1842 292.6553039550781 1842
1843 292.6592407226562 1843
1844 292.6630859375 1844
1845 292.6669006347656 1845
1846 292.670654296875 1846
1847 292.6743469238281 1847
1848 292.6779479980469 1848
1849 292.6815185546875 1849
1850 292.6850280761719 1850
1851 292.6884765625 1851
1852 292.6918640136719 1852
1853 292.6951599121094 1853
1854 292.6984252929688 1854
1855 292.7015991210938 1855
1856 292.7047424316406 1856
1857 292.7077941894531 1857
1858 292.7107543945312 1858
1859 292.7136840820312 1859
1860 292.7165222167969 1860
1861 292.7192993164062 1861
1862 292.7220458984375 1862
1863 292.7246398925781 1863
1864 292.7272033691406 1864
1865 292.7297058105469 1865
1866 292.7321472167969 1866
1867 292.7344970703125 1867
1868 292.7367553710938 1868
1869 292.7389221191406 1869
1870 292.7410583496094 1870
1871 292.7431030273438 1871
1872 292.7450866699219 1872
1873 292.7469787597656 1873
1874 292.748779296875 1874
1875 292.7505187988281 1875
1876 292.7521667480469 1876
1877 292.7537231445312 1877
1878 292.7552490234375 1878
1879 292.7566528320312 1879
1880 292.7579956054688 1880
1881 292.7592468261719 1881
1882 292.7604064941406 1882
1883 292.761474609375 1883
1884 292.7625122070312 1884
1885 292.763427734375 1885
1886 292.7642517089844 1886
1887 292.7650146484375 1887
1888 292.7656860351562 1888
1889 292.7662658691406 1889
1890 292.7667541503906 1890
1891 292.7671508789062 1891
1892 292.7674865722656 1892
1893 292.7677307128906 1893
1894 292.7678833007812 1894
1895 292.7679443359375 1895
1896 292.7679138183594 1896
1897 292.7677612304688 1897
1898 292.767578125 1898
1899 292.7672729492188 1899
1900 292.7669067382812 1900
1901 292.7664489746094 1901
1902 292.765869140625 1902
1903 292.7652282714844 1903
1904 292.7644653320312 1904
1905 292.7636108398438 1905
1906 292.7627258300781 1906
1907 292.7616882324219 1907
1908 292.7605895996094 1908
1909 292.7593688964844 1909
1910 292.7580871582031 1910
1911 292.7567138671875 1911
1912 292.7552185058594 1912
1913 292.753662109375 1913
1914 292.7520141601562 1914
1915 292.750244140625 1915
1916 292.7484130859375 1916
1917 292.7464599609375 1917
1918 292.7444763183594 1918
1919 292.7423400878906 1919
1920 292.7401428222656 1920
1921 292.7378540039062 1921
1922 292.7355041503906 1922
1923 292.7330627441406 1923
1924 292.7305297851562 1924
1925 292.7279052734375 1925
1926 292.7252197265625 1926
1927 292.7224731445312 1927
1928 292.7196350097656 1928
1929 292.7167053222656 1929
1930 292.7137451171875 1930
1931 292.710693359375 1931
1932 292.7075805664062 1932
1933 292.7044067382812 1933
1934 292.701171875 1934
1935 292.6978759765625 1935
1936 292.6945495605469 1936
1937 292.691162109375 1937
1938 292.687744140625 1938
1939 292.6842956542969 1939
1940 292.6807861328125 1940
1941 292.67724609375 1941
1942 292.6737060546875 1942
1943 292.6701049804688 1943
1944 292.66650390625 1944
1945 292.6629028320312 1945
1946 292.6593017578125 1946
1947 292.6556701660156 1947
1948 292.6520690917969 1948
1949 292.6484375 1949
1950 292.6448364257812 1950
1951 292.6412353515625 1951
1952 292.6376953125 1952
1953 292.6341247558594 1953
1954 292.630615234375 1954
1955 292.6271362304688 1955
1956 292.6236877441406 1956
1957 292.6203002929688 1957
1958 292.616943359375 1958
1959 292.6136474609375 1959
1960 292.6103515625 1960
1961 292.607177734375 1961
1962 292.6040649414062 1962
1963 292.6010131835938 1963
1964 292.5980224609375 1964
1965 292.5950927734375 1965
1966 292.59228515625 1966
1967 292.5895385742188 1967
1968 292.5868530273438 1968
1969 292.5842895507812 1969
1970 292.581787109375 1970
1971 292.5793762207031 1971
1972 292.5770874023438 1972
1973 292.5748901367188 1973
1974 292.5727844238281 1974
1975 292.5707702636719 1975
1976 292.5688781738281 1976
1977 292.5670776367188 1977
1978 292.5653991699219 1978
1979 292.5638427734375 1979
1980 292.5623779296875 1980
1981 292.56103515625 1981
1982 292.5597839355469 1982
1983 292.5586547851562 1983
1984 292.5576782226562 1984
1985 292.5567626953125 1985
1986 292.5559997558594 1986
1987 292.5553588867188 1987
1988 292.5548095703125 1988
1989 292.5543823242188 1989
1990 292.5540771484375 1990
1991 292.5538940429688 1991
1992 292.5538330078125 1992
1993 292.5538940429688 1993
1994 292.5540771484375 1994
1995 292.5543823242188 1995
1996 292.5547790527344 1996
1997 292.5552978515625 1997
1998 292.555908203125 1998
1999 292.5567016601562 1999
2000 292.5575561523438 2000
2001 292.5585327148438 2001
2002 292.5596313476562 2002
2003 292.5608520507812 2003
2004 292.5621643066406 2004
2005 292.5635681152344 2005
2006 292.5651245117188 2006
2007 292.5667724609375 2007
2008 292.5685119628906 2008
2009 292.5703430175781 2009
2010 292.5722961425781 2010
2011 292.5743408203125 2011
2012 292.5765380859375 2012
2013 292.5787963867188 2013
2014 292.5811157226562 2014
2015 292.5835571289062 2015
2016 292.5861206054688 2016
2017 292.5887451171875 2017
2018 292.5914611816406 2018
2019 292.5942993164062 2019
2020 292.59716796875 2020
2021 292.6001586914062 2021
2022 292.6032104492188 2022
2023 292.6063537597656 2023
2024 292.609619140625 2024
2025 292.6128845214844 2025
2026 292.6162719726562 2026
2027 292.6197509765625 2027
2028 292.623291015625 2028
2029 292.6268615722656 2029
2030 292.6305541992188 2030
2031 292.63427734375 2031
2032 292.6380615234375 2032
2033 292.6419067382812 2033
2034 292.6458129882812 2034
2035 292.6498413085938 2035
2036 292.6538696289062 2036
2037 292.657958984375 2037
2038 292.662109375 2038
2039 292.6662902832031 2039
2040 292.6705322265625 2040
2041 292.6748352050781 2041
2042 292.6791687011719 2042
2043 292.6835632324219 2043
2044 292.68798828125 2044
2045 292.6924438476562 2045
2046 292.6969604492188 2046
2047 292.7014770507812 2047
2048 292.7060546875 2048
2049 292.7106628417969 2049
2050 292.7153015136719 2050
2051 292.7199401855469 2051
2052 292.7246398925781 2052
2053 292.7293701171875 2053
2054 292.734130859375 2054
2055 292.7388610839844 2055
2056 292.74365234375 2056
2057 292.7484741210938 2057
2058 292.7532653808594 2058
2059 292.7580871582031 2059
2060 292.762939453125 2060
2061 292.7677917480469 2061
2062 292.7726440429688 2062
2063 292.7775268554688 2063
2064 292.7824096679688 2064
2065 292.7872924804688 2065
2066 292.7921752929688 2066
2067 292.7970275878906 2067
2068 292.8019409179688 2068
2069 292.8068237304688 2069
2070 292.8117065429688 2070
2071 292.8165893554688 2071
2072 292.8214416503906 2072
2073 292.8262939453125 2073
2074 292.8311462402344 2074
2075 292.8359985351562 2075
2076 292.8408203125 2076
2077 292.8456420898438 2077
2078 292.8504333496094 2078
2079 292.855224609375 2079
2080 292.8599853515625 2080
2081 292.86474609375 2081
2082 292.8694458007812 2082
2083 292.8741455078125 2083
2084 292.8788146972656 2084
2085 292.8834838867188 2085
2086 292.8880920410156 2086
2087 292.8927001953125 2087
2088 292.8972778320312 2088
2089 292.9018249511719 2089
2090 292.9063415527344 2090
2091 292.9107971191406 2091
2092 292.9152221679688 2092
2093 292.9196166992188 2093
2094 292.9240112304688 2094
2095 292.9283447265625 2095
2096 292.9326477050781 2096
2097 292.9368896484375 2097
2098 292.9411010742188 2098
2099 292.9452514648438 2099
2100 292.9494018554688 2100
2101 292.9534912109375 2101
2102 292.95751953125 2102
2103 292.9615173339844 2103
2104 292.9654846191406 2104
2105 292.9693603515625 2105
2106 292.9732360839844 2106
2107 292.9770202636719 2107
2108 292.9807739257812 2108
2109 292.9844665527344 2109
2110 292.9880981445312 2110
2111 292.99169921875 2111
2112 292.9952392578125 2112
2113 292.9987182617188 2113
2114 293.0021362304688 2114
2115 293.0054931640625 2115
2116 293.0088195800781 2116
2117 293.0120544433594 2117
2118 293.0152587890625 2118
2119 293.0183715820312 2119
2120 293.0214233398438 2120
2121 293.0244140625 2121
2122 293.02734375 2122
2123 293.0302429199219 2123
2124 293.0330505371094 2124
2125 293.0357666015625 2125
2126 293.0384521484375 2126
2127 293.0410766601562 2127
2128 293.0436096191406 2128
2129 293.0460815429688 2129
2130 293.0484924316406 2130
2131 293.0508117675781 2131
2132 293.0531005859375 2132
2133 293.0552978515625 2133
2134 293.057373046875 2134
2135 293.0594482421875 2135
2136 293.0614013671875 2136
2137 293.0633239746094 2137
2138 293.0651245117188 2138
2139 293.06689453125 2139
2140 293.0685424804688 2140
2141 293.0701293945312 2141
2142 293.0716552734375 2142
2143 293.0731201171875 2143
2144 293.074462890625 2144
2145 293.0757751464844 2145
2146 293.0769653320312 2146
2147 293.0780944824219 2147
2148 293.0791625976562 2148
2149 293.0801086425781 2149
2150 293.0810241699219 2150
2151 293.081787109375 2151
2152 293.08251953125 2152
2153 293.0831909179688 2153
2154 293.0837097167969 2154
2155 293.0841674804688 2155
2156 293.0845947265625 2156
2157 293.0848999023438 2157
2158 293.0851135253906 2158
2159 293.0852355957031 2159
2160 293.0852661132812 2160
2161 293.0852661132812 2161
2162 293.0851135253906 2162
2163 293.0848999023438 2163
2164 293.0845947265625 2164
2165 293.084228515625 2165
2166 293.083740234375 2166
2167 293.0831909179688 2167
2168 293.08251953125 2168
2169 293.081787109375 2169
2170 293.0809631347656 2170
2171 293.0800170898438 2171
2172 293.0790405273438 2172
2173 293.0779418945312 2173
2174 293.0767211914062 2174
2175 293.075439453125 2175
2176 293.0740966796875 2176
2177 293.0726318359375 2177
2178 293.071044921875 2178
2179 293.0693969726562 2179
2180 293.0676574707031 2180
2181 293.0658569335938 2181
2182 293.0639038085938 2182
2183 293.0619201660156 2183
2184 293.059814453125 2184
2185 293.0576171875 2185
2186 293.0553283691406 2186
2187 293.052978515625 2187
2188 293.0505065917969 2188
2189 293.0479736328125 2189
2190 293.0453491210938 2190
2191 293.0426025390625 2191
2192 293.0398254394531 2192
2193 293.0369567871094 2193
2194 293.0339965820312 2194
2195 293.0309448242188 2195
2196 293.02783203125 2196
2197 293.024658203125 2197
2198 293.0213928222656 2198
2199 293.01806640625 2199
2200 293.0146789550781 2200
2201 293.01123046875 2201
2202 293.0076904296875 2202
2203 293.004150390625 2203
2204 293.0005187988281 2204
2205 292.996826171875 2205
2206 292.9931030273438 2206
2207 292.9893188476562 2207
2208 292.9855346679688 2208
2209 292.981689453125 2209
2210 292.977783203125 2210
2211 292.9739074707031 2211
2212 292.9700012207031 2212
2213 292.966064453125 2213
2214 292.9621276855469 2214
2215 292.9581604003906 2215
2216 292.9541931152344 2216
2217 292.9502563476562 2217
2218 292.9462890625 2218
2219 292.9423522949219 2219
2220 292.9384155273438 2220
2221 292.9345092773438 2221
2222 292.9306335449219 2222
2223 292.9267883300781 2223
2224 292.9229736328125 2224
2225 292.919189453125 2225
2226 292.9154663085938 2226
2227 292.9117431640625 2227
2228 292.9081420898438 2228
2229 292.904541015625 2229
2230 292.9010009765625 2230
2231 292.8975830078125 2231
2232 292.8941650390625 2232
2233 292.890869140625 2233
2234 292.8876342773438 2234
2235 292.8844604492188 2235
2236 292.88134765625 2236
2237 292.8783569335938 2237
2238 292.8754577636719 2238
2239 292.8726501464844 2239
2240 292.8699035644531 2240
2241 292.8673095703125 2241
2242 292.86474609375 2242
2243 292.8623352050781 2243
2244 292.8599853515625 2244
2245 292.8577880859375 2245
2246 292.8556518554688 2246
2247 292.8536376953125 2247
2248 292.8517456054688 2248
2249 292.8499450683594 2249
2250 292.8482971191406 2250
2251 292.8467407226562 2251
2252 292.8453063964844 2252
2253 292.8439636230469 2253
2254 292.8427734375 2254
2255 292.8416748046875 2255
2256 292.8406982421875 2256
2257 292.8398132324219 2257
2258 292.8390808105469 2258
2259 292.8384399414062 2259
2260 292.8379516601562 2260
2261 292.8375854492188 2261
2262 292.8373107910156 2262
2263 292.837158203125 2263
2264 292.837158203125 2264
2265 292.8372192382812 2265
2266 292.8374633789062 2266
2267 292.8377685546875 2267
2268 292.8381958007812 2268
2269 292.8387451171875 2269
2270 292.8394165039062 2270
2271 292.8402099609375 2271
2272 292.8410949707031 2272
2273 292.8421020507812 2273
2274 292.8432006835938 2274
2275 292.8444213867188 2275
2276 292.8457641601562 2276
2277 292.84716796875 2277
2278 292.8487243652344 2278
2279 292.850341796875 2279
2280 292.8521118164062 2280
2281 292.8539428710938 2281
2282 292.8558959960938 2282
2283 292.85791015625 2283
2284 292.8600769042969 2284
2285 292.8623046875 2285
2286 292.8646545410156 2286
2287 292.8670349121094 2287
2288 292.8695678710938 2288
2289 292.8721313476562 2289
2290 292.8748168945312 2290
2291 292.8775634765625 2291
2292 292.8804016113281 2292
2293 292.8833312988281 2293
2294 292.8863220214844 2294
2295 292.889404296875 2295
2296 292.8925476074219 2296
2297 292.8957824707031 2297
2298 292.8990783691406 2298
2299 292.9024353027344 2299
2300 292.9058837890625 2300
2301 292.9093627929688 2301
2302 292.9129333496094 2302
2303 292.9165344238281 2303
2304 292.9202270507812 2304
2305 292.9239501953125 2305
2306 292.9277648925781 2306
2307 292.9315795898438 2307
2308 292.9354858398438 2308
2309 292.939453125 2309
2310 292.9434204101562 2310
2311 292.9474792480469 2311
2312 292.9515686035156 2312
2313 292.9556884765625 2313
2314 292.9598388671875 2314
2315 292.9640502929688 2315
2316 292.9683227539062 2316
2317 292.9725646972656 2317
2318 292.9768676757812 2318
2319 292.981201171875 2319
2320 292.9855651855469 2320
2321 292.989990234375 2321
2322 292.9944152832031 2322
2323 292.9988708496094 2323
2324 293.0033264160156 2324
2325 293.0078125 2325
2326 293.0123291015625 2326
2327 293.016845703125 2327
2328 293.0213623046875 2328
2329 293.0259094238281 2329
2330 293.0304565429688 2330
2331 293.0350341796875 2331
2332 293.0396423339844 2332
2333 293.0442199707031 2333
2334 293.048828125 2334
2335 293.0534057617188 2335
2336 293.0579833984375 2336
2337 293.0625915527344 2337
2338 293.0671997070312 2338
2339 293.07177734375 2339
2340 293.0763549804688 2340
2341 293.0809326171875 2341
2342 293.0855102539062 2342
2343 293.090087890625 2343
2344 293.0946350097656 2344
2345 293.0991821289062 2345
2346 293.1036987304688 2346
2347 293.1082153320312 2347
2348 293.1127319335938 2348
2349 293.1171875 2349
2350 293.1216430664062 2350
2351 293.1260986328125 2351
2352 293.1304931640625 2352
2353 293.1348876953125 2353
2354 293.1392517089844 2354
2355 293.1436157226562 2355
2356 293.1479187011719 2356
2357 293.1522216796875 2357
2358 293.1564636230469 2358
2359 293.1607055664062 2359
2360 293.1648864746094 2360
2361 293.1690368652344 2361
2362 293.1731872558594 2362
2363 293.17724609375 2363
2364 293.1813049316406 2364
2365 293.1853332519531 2365
2366 293.1892700195312 2366
2367 293.1932373046875 2367
2368 293.1971435546875 2368
2369 293.2009887695312 2369
2370 293.2047729492188 2370
2371 293.2085571289062 2371
2372 293.2122802734375 2372
2373 293.2159423828125 2373
2374 293.2195434570312 2374
2375 293.22314453125 2375
2376 293.2266540527344 2376
2377 293.2301025390625 2377
2378 293.2335205078125 2378
2379 293.2369079589844 2379
2380 293.240234375 2380
2381 293.2434692382812 2381
2382 293.2467041015625 2382
2383 293.2498168945312 2383
2384 293.2529296875 2384
2385 293.2559814453125 2385
2386 293.2589111328125 2386
2387 293.2618408203125 2387
2388 293.2646789550781 2388
2389 293.2674865722656 2389
2390 293.2702026367188 2390
2391 293.2728881835938 2391
2392 293.2754821777344 2392
2393 293.2780151367188 2393
2394 293.2804870605469 2394
2395 293.2828979492188 2395
2396 293.2852172851562 2396
2397 293.2875366210938 2397
2398 293.2897033691406 2398
2399 293.2918395996094 2399
2400 293.2938842773438 2400
2401 293.2958984375 2401
2402 293.2978210449219 2402
2403 293.2996826171875 2403
2404 293.3014526367188 2404
2405 293.3031616210938 2405
2406 293.3048095703125 2406
2407 293.3063354492188 2407
2408 293.3078308105469 2408
2409 293.3092651367188 2409
2410 293.3105773925781 2410
2411 293.3118286132812 2411
2412 293.3130187988281 2412
2413 293.3140869140625 2413
2414 293.3151245117188 2414
2415 293.3160705566406 2415
2416 293.3169555664062 2416
2417 293.3177185058594 2417
2418 293.3184204101562 2418
2419 293.3190307617188 2419
2420 293.319580078125 2420
2421 293.3200378417969 2421
2422 293.3204345703125 2422
2423 293.3207397460938 2423
2424 293.3209228515625 2424
2425 293.321044921875 2425
2426 293.3211059570312 2426
2427 293.321044921875 2427
2428 293.3209228515625 2428
2429 293.3207397460938 2429
2430 293.3204040527344 2430
2431 293.3200073242188 2431
2432 293.319580078125 2432
2433 293.3190002441406 2433
2434 293.318359375 2434
2435 293.317626953125 2435
2436 293.3168029785156 2436
2437 293.3158874511719 2437
2438 293.3148803710938 2438
2439 293.3138122558594 2439
2440 293.3126220703125 2440
2441 293.3113403320312 2441
2442 293.3099975585938 2442
2443 293.3085632324219 2443
2444 293.3070068359375 2444
2445 293.3053894042969 2445
2446 293.3036499023438 2446
2447 293.3018798828125 2447
2448 293.2999267578125 2448
2449 293.2979736328125 2449
2450 293.2958679199219 2450
2451 293.293701171875 2451
2452 293.2914428710938 2452
2453 293.2890930175781 2453
2454 293.2866516113281 2454
2455 293.2841186523438 2455
2456 293.281494140625 2456
2457 293.2787780761719 2457
2458 293.2759704589844 2458
2459 293.2731018066406 2459
2460 293.2701416015625 2460
2461 293.26708984375 2461
2462 293.2639770507812 2462
2463 293.2607727050781 2463
2464 293.2574768066406 2464
2465 293.2541198730469 2465
2466 293.2506713867188 2466
2467 293.2471618652344 2467
2468 293.2435913085938 2468
2469 293.2399291992188 2469
2470 293.2362670898438 2470
2471 293.2324829101562 2471
2472 293.2286682128906 2472
2473 293.2247924804688 2473
2474 293.2208557128906 2474
2475 293.2168884277344 2475
2476 293.212890625 2476
2477 293.2088012695312 2477
2478 293.2047424316406 2478
2479 293.2006225585938 2479
2480 293.1964721679688 2480
2481 293.1923217773438 2481
2482 293.1881408691406 2482
2483 293.1839599609375 2483
2484 293.1797485351562 2484
2485 293.175537109375 2485
2486 293.1713256835938 2486
2487 293.1671447753906 2487
2488 293.1629638671875 2488
2489 293.1588134765625 2489
2490 293.1546325683594 2490
2491 293.1505126953125 2491
2492 293.1464233398438 2492
2493 293.1423645019531 2493
2494 293.1383666992188 2494
2495 293.1343688964844 2495
2496 293.1304321289062 2496
2497 293.1265563964844 2497
2498 293.1227416992188 2498
2499 293.1189880371094 2499
2500 293.1152954101562 2500
