"point-f-rfile"
"Time Step" "point-f etc.."
("Time Step" "point-f" "flow-time")
0 283 0
1 283 1
2 283 2
3 283 3
4 283 4
5 283 5
6 283 6
7 283 7
8 283 8
9 283 9
10 283 10
11 283 11
12 283 12
13 283 13
14 283 14
15 283 15
16 283 16
17 283 17
18 283 18
19 283 19
20 283 20
21 283 21
22 283 22
23 283 23
24 283 24
25 283 25
26 283 26
27 283 27
28 283 28
29 283 29
30 283 30
31 283 31
32 283 32
33 283 33
34 283 34
35 283 35
36 283 36
37 283 37
38 283 38
39 283.0000305175781 39
40 283.0000305175781 40
41 283.0000610351562 41
42 283.0000610351562 42
43 283.0000610351562 43
44 283.0000915527344 44
45 283.0000915527344 45
46 283.0001220703125 46
47 283.0001220703125 47
48 283.0002136230469 48
49 283.0002136230469 49
50 283.000244140625 50
51 283.0003356933594 51
52 283.0003967285156 52
53 283.0004577636719 53
54 283.0005187988281 54
55 283.0006408691406 55
56 283.000732421875 56
57 283.0008544921875 57
58 283.0010070800781 58
59 283.0011596679688 59
60 283.0013122558594 60
61 283.0014953613281 61
62 283.001708984375 62
63 283.001953125 63
64 283.0022277832031 64
65 283.0025329589844 65
66 283.0028381347656 66
67 283.0032043457031 67
68 283.0036010742188 68
69 283.0040283203125 69
70 283.0045166015625 70
71 283.0050048828125 71
72 283.005615234375 72
73 283.0061950683594 73
74 283.0068969726562 74
75 283.0075988769531 75
76 283.0083923339844 76
77 283.0092468261719 77
78 283.0101623535156 78
79 283.0111389160156 79
80 283.0121765136719 80
81 283.0133056640625 81
82 283.0145263671875 82
83 283.0158081054688 83
84 283.0171813964844 84
85 283.0186462402344 85
86 283.0202026367188 86
87 283.0218505859375 87
88 283.0235900878906 88
89 283.0254516601562 89
90 283.0274353027344 90
91 283.0295104980469 91
92 283.0316772460938 92
93 283.0339965820312 93
94 283.0364074707031 94
95 283.0389709472656 95
96 283.0416564941406 96
97 283.0444641113281 97
98 283.0473937988281 98
99 283.0504760742188 99
100 283.0537109375 100
101 283.0570678710938 101
102 283.0606079101562 102
103 283.0642395019531 103
104 283.0680541992188 104
105 283.072021484375 105
106 283.0761413574219 106
107 283.0804443359375 107
108 283.0848999023438 108
109 283.0895080566406 109
110 283.0942993164062 110
111 283.0992431640625 111
112 283.1043701171875 112
113 283.1096496582031 113
114 283.1151123046875 114
115 283.1207885742188 115
116 283.1266479492188 116
117 283.1326293945312 117
118 283.1388244628906 118
119 283.1452026367188 119
120 283.1517944335938 120
121 283.1585388183594 121
122 283.1654663085938 122
123 283.172607421875 123
124 283.1799011230469 124
125 283.1874389648438 125
126 283.1951599121094 126
127 283.2030334472656 127
128 283.2111511230469 128
129 283.2194213867188 129
130 283.2278747558594 130
131 283.2365417480469 131
132 283.2454528808594 132
133 283.2545166015625 133
134 283.2637329101562 134
135 283.273193359375 135
136 283.2828674316406 136
137 283.2926940917969 137
138 283.302734375 138
139 283.31298828125 139
140 283.3233642578125 140
141 283.3340148925781 141
142 283.3448181152344 142
143 283.3558349609375 143
144 283.3670043945312 144
145 283.37841796875 145
146 283.3899536132812 146
147 283.4017028808594 147
148 283.4136657714844 148
149 283.4258117675781 149
150 283.4381103515625 150
151 283.4506225585938 151
152 283.4633178710938 152
153 283.4761657714844 153
154 283.4891967773438 154
155 283.50244140625 155
156 283.5158386230469 156
157 283.5293884277344 157
158 283.5431518554688 158
159 283.5570983886719 159
160 283.5711975097656 160
161 283.5854187011719 161
162 283.599853515625 162
163 283.6144409179688 163
164 283.6292114257812 164
165 283.6441040039062 165
166 283.6592102050781 166
167 283.6744079589844 167
168 283.6898193359375 168
169 283.7053833007812 169
170 283.7210693359375 170
171 283.7369384765625 171
172 283.7528991699219 172
173 283.76904296875 173
174 283.7853393554688 174
175 283.8017578125 175
176 283.8183288574219 176
177 283.8350219726562 177
178 283.8518371582031 178
179 283.8688354492188 179
180 283.8859252929688 180
181 283.9031372070312 181
182 283.9204711914062 182
183 283.9379577636719 183
184 283.95556640625 184
185 283.9732666015625 185
186 283.9910888671875 186
187 284.0090637207031 187
188 284.027099609375 188
189 284.0452575683594 189
190 284.0635681152344 190
191 284.0819396972656 191
192 284.1004028320312 192
193 284.1190185546875 193
194 284.1376953125 194
195 284.1564636230469 195
196 284.1753234863281 196
197 284.1942749023438 197
198 284.2133483886719 198
199 284.2324829101562 199
200 284.251708984375 200
201 284.27099609375 201
202 284.2903747558594 202
203 284.3098449707031 203
204 284.3293762207031 204
205 284.3489685058594 205
206 284.3686218261719 206
207 284.3883972167969 207
208 284.408203125 208
209 284.4280700683594 209
210 284.447998046875 210
211 284.4679870605469 211
212 284.488037109375 212
213 284.5081481933594 213
214 284.5282592773438 214
215 284.5484924316406 215
216 284.5687255859375 216
217 284.5889892578125 217
218 284.6093444824219 218
219 284.6297302246094 219
220 284.6501159667969 220
221 284.6705932617188 221
222 284.6910400390625 222
223 284.7115783691406 223
224 284.7321166992188 224
225 284.752685546875 225
226 284.7732543945312 226
227 284.7938842773438 227
228 284.8145446777344 228
229 284.8351745605469 229
230 284.8558654785156 230
231 284.8765258789062 231
232 284.8972778320312 232
233 284.91796875 233
234 284.9386901855469 234
235 284.9594116210938 235
236 284.9801635742188 236
237 285.0009155273438 237
238 285.0216369628906 238
239 285.0423583984375 239
240 285.0631103515625 240
241 285.0838317871094 241
242 285.1045532226562 242
243 285.1253051757812 243
244 285.1459655761719 244
245 285.1666564941406 245
246 285.1873474121094 246
247 285.2080078125 247
248 285.2286376953125 248
249 285.249267578125 249
250 285.2698974609375 250
251 285.2904357910156 251
252 285.3110046386719 252
253 285.3315124511719 253
254 285.3520202636719 254
255 285.3724975585938 255
256 285.3929443359375 256
257 285.413330078125 257
258 285.4337158203125 258
259 285.4540100097656 259
260 285.4743347167969 260
261 285.4945678710938 261
262 285.5148010253906 262
263 285.5349426269531 263
264 285.5551147460938 264
265 285.5751647949219 265
266 285.5951843261719 266
267 285.6151733398438 267
268 285.6351013183594 268
269 285.6549987792969 269
270 285.6748046875 270
271 285.694580078125 271
272 285.7142944335938 272
273 285.7339477539062 273
274 285.7535400390625 274
275 285.7731018066406 275
276 285.7925415039062 276
277 285.8119506835938 277
278 285.8313293457031 278
279 285.8505859375 279
280 285.8698120117188 280
281 285.8889465332031 281
282 285.9080200195312 282
283 285.927001953125 283
284 285.9459533691406 284
285 285.9647827148438 285
286 285.9835815429688 286
287 286.0022583007812 287
288 286.0209045410156 288
289 286.0394592285156 289
290 286.0579223632812 290
291 286.0762939453125 291
292 286.0946044921875 292
293 286.1128234863281 293
294 286.1309509277344 294
295 286.1490173339844 295
296 286.1669921875 296
297 286.1848449707031 297
298 286.20263671875 298
299 286.2203369140625 299
300 286.2379455566406 300
301 286.2554321289062 301
302 286.2728576660156 302
303 286.2902221679688 303
304 286.3074035644531 304
305 286.3245544433594 305
306 286.3415832519531 306
307 286.3585510253906 307
308 286.3753662109375 308
309 286.3921508789062 309
310 286.4087829589844 310
311 286.4253234863281 311
312 286.4417724609375 312
313 286.4581298828125 313
314 286.474365234375 314
315 286.4905090332031 315
316 286.5065612792969 316
317 286.5225219726562 317
318 286.538330078125 318
319 286.5540771484375 319
320 286.5697021484375 320
321 286.5852355957031 321
322 286.6006469726562 322
323 286.6159973144531 323
324 286.6311950683594 324
325 286.6463012695312 325
326 286.6613464355469 326
327 286.67626953125 327
328 286.6910705566406 328
329 286.705810546875 329
330 286.720458984375 330
331 286.7349853515625 331
332 286.7493896484375 332
333 286.7637634277344 333
334 286.7780151367188 334
335 286.7921752929688 335
336 286.8062133789062 336
337 286.8202209472656 337
338 286.8341064453125 338
339 286.8479614257812 339
340 286.8616943359375 340
341 286.8753662109375 341
342 286.8889465332031 342
343 286.9024658203125 343
344 286.9158935546875 344
345 286.9292907714844 345
346 286.9425659179688 346
347 286.9558410644531 347
348 286.9690246582031 348
349 286.9821472167969 349
350 286.9952392578125 350
351 287.0082702636719 351
352 287.021240234375 352
353 287.0342102050781 353
354 287.0470886230469 354
355 287.0599365234375 355
356 287.07275390625 356
357 287.0855407714844 357
358 287.0983276367188 358
359 287.1110534667969 359
360 287.123779296875 360
361 287.136474609375 361
362 287.149169921875 362
363 287.1618347167969 363
364 287.1745300292969 364
365 287.1871948242188 365
366 287.1998291015625 366
367 287.2124938964844 367
368 287.2251586914062 368
369 287.2378234863281 369
370 287.2505493164062 370
371 287.2632446289062 371
372 287.2759399414062 372
373 287.2886962890625 373
374 287.3014526367188 374
375 287.3142395019531 375
376 287.3270874023438 376
377 287.3399353027344 377
378 287.3528137207031 378
379 287.36572265625 379
380 287.3787231445312 380
381 287.3917236328125 381
382 287.40478515625 382
383 287.4178771972656 383
384 287.4310302734375 384
385 287.4442138671875 385
386 287.4574890136719 386
387 287.4707946777344 387
388 287.484130859375 388
389 287.49755859375 389
390 287.5110778808594 390
391 287.5245971679688 391
392 287.5382080078125 392
393 287.5519104003906 393
394 287.565673828125 394
395 287.5794982910156 395
396 287.5933837890625 396
397 287.6073303222656 397
398 287.6213684082031 398
399 287.6354675292969 399
400 287.649658203125 400
401 287.6639404296875 401
402 287.6782836914062 402
403 287.6926879882812 403
404 287.7071838378906 404
405 287.7217712402344 405
406 287.7364196777344 406
407 287.7511291503906 407
408 287.7659301757812 408
409 287.7808532714844 409
410 287.7958068847656 410
411 287.8108825683594 411
412 287.8260192871094 412
413 287.8412170410156 413
414 287.8565063476562 414
415 287.8719177246094 415
416 287.8873596191406 416
417 287.9029235839844 417
418 287.9185485839844 418
419 287.9342346191406 419
420 287.9500427246094 420
421 287.9659118652344 421
422 287.9818420410156 422
423 287.9978942871094 423
424 288.0140075683594 424
425 288.0301513671875 425
426 288.0464172363281 426
427 288.0627746582031 427
428 288.0791625976562 428
429 288.0956726074219 429
430 288.1122436523438 430
431 288.1288452148438 431
432 288.1455688476562 432
433 288.162353515625 433
434 288.17919921875 434
435 288.1961059570312 435
436 288.213134765625 436
437 288.2301635742188 437
438 288.247314453125 438
439 288.2644958496094 439
440 288.28173828125 440
441 288.299072265625 441
442 288.3164367675781 442
443 288.3338928222656 443
444 288.3513793945312 444
445 288.3689575195312 445
446 288.3865966796875 446
447 288.4042358398438 447
448 288.4219665527344 448
449 288.4397583007812 449
450 288.4575805664062 450
451 288.4754638671875 451
452 288.493408203125 452
453 288.5113830566406 453
454 288.5294189453125 454
455 288.5474853515625 455
456 288.5655822753906 456
457 288.5837707519531 457
458 288.6019287109375 458
459 288.6201782226562 459
460 288.6384582519531 460
461 288.6567687988281 461
462 288.6751098632812 462
463 288.6934814453125 463
464 288.7118835449219 464
465 288.7303161621094 465
466 288.7488098144531 466
467 288.7672729492188 467
468 288.7857971191406 468
469 288.8043518066406 469
470 288.8229064941406 470
471 288.8414916992188 471
472 288.860107421875 472
473 288.8787231445312 473
474 288.8973693847656 474
475 288.916015625 475
476 288.9346618652344 476
477 288.9533386230469 477
478 288.9720458984375 478
479 288.99072265625 479
480 289.0093994140625 480
481 289.0281066894531 481
482 289.0468444824219 482
483 289.0655212402344 483
484 289.084228515625 484
485 289.1029357910156 485
486 289.1216430664062 486
487 289.1403503417969 487
488 289.1590270996094 488
489 289.1777038574219 489
490 289.1963806152344 490
491 289.2150573730469 491
492 289.2337036132812 492
493 289.2523498535156 493
494 289.2709655761719 494
495 289.2895812988281 495
496 289.3081665039062 496
497 289.3267517089844 497
498 289.3452758789062 498
499 289.3638305664062 499
500 289.38232421875 500
501 289.4008178710938 501
502 289.4192504882812 502
503 289.4376831054688 503
504 289.4560546875 504
505 289.4744262695312 505
506 289.4927368164062 506
507 289.5110473632812 507
508 289.5293273925781 508
509 289.5475463867188 509
510 289.5657348632812 510
511 289.5838623046875 511
512 289.6019897460938 512
513 289.6200561523438 513
514 289.6380615234375 514
515 289.6560363769531 515
516 289.6739807128906 516
517 289.6918640136719 517
518 289.7096862792969 518
519 289.7274780273438 519
520 289.7452392578125 520
521 289.7628784179688 521
522 289.7804870605469 522
523 289.798095703125 523
524 289.8156127929688 524
525 289.8330688476562 525
526 289.8504943847656 526
527 289.8677978515625 527
528 289.8850708007812 528
529 289.9022827148438 529
530 289.9194641113281 530
531 289.9365539550781 531
532 289.9535522460938 532
533 289.9705200195312 533
534 289.9874267578125 534
535 290.0042419433594 535
536 290.02099609375 536
537 290.0376586914062 537
538 290.0542297363281 538
539 290.07080078125 539
540 290.0872802734375 540
541 290.1036071777344 541
542 290.1199340820312 542
543 290.1361389160156 543
544 290.1522827148438 544
545 290.1683959960938 545
546 290.1843566894531 546
547 290.2002563476562 547
548 290.2160949707031 548
549 290.2318115234375 549
550 290.2474670410156 550
551 290.2630310058594 551
552 290.2785034179688 552
553 290.2939147949219 553
554 290.3092041015625 554
555 290.3244323730469 555
556 290.3395690917969 556
557 290.3545837402344 557
558 290.3695068359375 558
559 290.3843688964844 559
560 290.3991088867188 560
561 290.4137878417969 561
562 290.4283447265625 562
563 290.4428100585938 563
564 290.4571533203125 564
565 290.471435546875 565
566 290.485595703125 566
567 290.4996643066406 567
568 290.513671875 568
569 290.5275268554688 569
570 290.5412902832031 570
571 290.5549621582031 571
572 290.5685119628906 572
573 290.5819702148438 573
574 290.5953063964844 574
575 290.6085510253906 575
576 290.6217041015625 576
577 290.6347351074219 577
578 290.6476440429688 578
579 290.6604614257812 579
580 290.6731567382812 580
581 290.6857604980469 581
582 290.6982727050781 582
583 290.7106323242188 583
584 290.7229309082031 584
585 290.7350769042969 585
586 290.7471313476562 586
587 290.7590942382812 587
588 290.7709045410156 588
589 290.7826538085938 589
590 290.7942810058594 590
591 290.8057861328125 591
592 290.8171691894531 592
593 290.8284606933594 593
594 290.8396606445312 594
595 290.8507080078125 595
596 290.8616943359375 596
597 290.8725891113281 597
598 290.8833618164062 598
599 290.8939819335938 599
600 290.904541015625 600
601 290.9150085449219 601
602 290.9253540039062 602
603 290.9356384277344 603
604 290.94580078125 604
605 290.9558715820312 605
606 290.9658813476562 606
607 290.9757385253906 607
608 290.9855346679688 608
609 290.9952392578125 609
610 291.0048828125 610
611 291.0144348144531 611
612 291.0238952636719 612
613 291.0332946777344 613
614 291.0426330566406 614
615 291.0518493652344 615
616 291.0610656738281 616
617 291.0701904296875 617
618 291.0791931152344 618
619 291.0882263183594 619
620 291.09716796875 620
621 291.1060180664062 621
622 291.1148681640625 622
623 291.1236267089844 623
624 291.1323852539062 624
625 291.1410827636719 625
626 291.1497192382812 626
627 291.1583557128906 627
628 291.1669311523438 628
629 291.1754760742188 629
630 291.1840209960938 630
631 291.1925354003906 631
632 291.2010192871094 632
633 291.2095031738281 633
634 291.2179565429688 634
635 291.2264404296875 635
636 291.23486328125 636
637 291.2433166503906 637
638 291.2517395019531 638
639 291.2601928710938 639
640 291.2686462402344 640
641 291.277099609375 641
642 291.2855834960938 642
643 291.2940673828125 643
644 291.3025512695312 644
645 291.3110961914062 645
646 291.3196411132812 646
647 291.3282165527344 647
648 291.3367919921875 648
649 291.3454284667969 649
650 291.3540954589844 650
651 291.3628234863281 651
652 291.3715515136719 652
653 291.3803100585938 653
654 291.38916015625 654
655 291.3980102539062 655
656 291.4069213867188 656
657 291.4158630371094 657
658 291.4248657226562 658
659 291.4339599609375 659
660 291.4430541992188 660
661 291.4522094726562 661
662 291.4614562988281 662
663 291.4707336425781 663
664 291.4801025390625 664
665 291.4894714355469 665
666 291.4989624023438 666
667 291.5084838867188 667
668 291.51806640625 668
669 291.5277404785156 669
670 291.5374755859375 670
671 291.5472717285156 671
672 291.55712890625 672
673 291.5670776367188 673
674 291.5770874023438 674
675 291.587158203125 675
676 291.5973205566406 676
677 291.6075439453125 677
678 291.6178283691406 678
679 291.6282043457031 679
680 291.6386413574219 680
681 291.6491394042969 681
682 291.6597290039062 682
683 291.6703796386719 683
684 291.6811218261719 684
685 291.6919555664062 685
686 291.7028198242188 686
687 291.7137756347656 687
688 291.7248229980469 688
689 291.7359008789062 689
690 291.7471008300781 690
691 291.7583618164062 691
692 291.7696228027344 692
693 291.7810668945312 693
694 291.7925415039062 694
695 291.8040466308594 695
696 291.8156433105469 696
697 291.8273315429688 697
698 291.8390808105469 698
699 291.8508911132812 699
700 291.86279296875 700
701 291.8747253417969 701
702 291.8867492675781 702
703 291.8988342285156 703
704 291.9110107421875 704
705 291.9232177734375 705
706 291.9354553222656 706
707 291.9478149414062 707
708 291.9602355957031 708
709 291.9726867675781 709
710 291.9851989746094 710
711 291.997802734375 711
712 292.0104370117188 712
713 292.0231323242188 713
714 292.0358581542969 714
715 292.0486450195312 715
716 292.0615234375 716
717 292.0744323730469 717
718 292.0873718261719 718
719 292.1004028320312 719
720 292.1134338378906 720
721 292.1265563964844 721
722 292.1397094726562 722
723 292.1528930664062 723
724 292.1661071777344 724
725 292.1794128417969 725
726 292.1926879882812 726
727 292.2060546875 727
728 292.2194519042969 728
729 292.23291015625 729
730 292.2463684082031 730
731 292.2598571777344 731
732 292.2734069824219 732
733 292.2869262695312 733
734 292.300537109375 734
735 292.3141479492188 735
736 292.3278198242188 736
737 292.3414611816406 737
738 292.3551635742188 738
739 292.368896484375 739
740 292.3826293945312 740
741 292.3963928222656 741
742 292.41015625 742
743 292.4239501953125 743
744 292.4377746582031 744
745 292.4515686035156 745
746 292.4653930664062 746
747 292.479248046875 747
748 292.4931030273438 748
749 292.5069885253906 749
750 292.5208740234375 750
751 292.5347290039062 751
752 292.5486145019531 752
753 292.5624694824219 753
754 292.5763854980469 754
755 292.5902404785156 755
756 292.6041259765625 756
757 292.6180114746094 757
758 292.6318664550781 758
759 292.645751953125 759
760 292.6595764160156 760
761 292.6734619140625 761
762 292.6872863769531 762
763 292.7011108398438 763
764 292.7149353027344 764
765 292.7286987304688 765
766 292.7425231933594 766
767 292.7562561035156 767
768 292.77001953125 768
769 292.7837524414062 769
770 292.7974548339844 770
771 292.8111572265625 771
772 292.8247985839844 772
773 292.8384399414062 773
774 292.85205078125 774
775 292.8656005859375 775
776 292.879150390625 776
777 292.8927001953125 777
778 292.9061889648438 778
779 292.9196166992188 779
780 292.9330444335938 780
781 292.9464111328125 781
782 292.9597778320312 782
783 292.9731140136719 783
784 292.9863586425781 784
785 292.9995727539062 785
786 293.0127563476562 786
787 293.0259094238281 787
788 293.0390014648438 788
789 293.0520629882812 789
790 293.0650634765625 790
791 293.0780029296875 791
792 293.0909423828125 792
793 293.1037902832031 793
794 293.1165771484375 794
795 293.1293334960938 795
796 293.1420288085938 796
797 293.1546630859375 797
798 293.1672668457031 798
799 293.1798095703125 799
800 293.1922607421875 800
801 293.2047119140625 801
802 293.217041015625 802
803 293.2293090820312 803
804 293.2415466308594 804
805 293.2537231445312 805
806 293.2658081054688 806
807 293.2778625488281 807
808 293.289794921875 808
809 293.3017272949219 809
810 293.3135375976562 810
811 293.3253173828125 811
812 293.3369750976562 812
813 293.3486022949219 813
814 293.3601379394531 814
815 293.3716125488281 815
816 293.3829956054688 816
817 293.3943176269531 817
818 293.4055480957031 818
819 293.416748046875 819
820 293.4277954101562 820
821 293.4388122558594 821
822 293.4497375488281 822
823 293.4605712890625 823
824 293.4713134765625 824
825 293.4820251464844 825
826 293.4926147460938 826
827 293.5031127929688 827
828 293.5135498046875 828
829 293.5238647460938 829
830 293.5341186523438 830
831 293.5442810058594 831
832 293.5543212890625 832
833 293.5643005371094 833
834 293.5741882324219 834
835 293.583984375 835
836 293.5936889648438 836
837 293.6033020019531 837
838 293.6128234863281 838
839 293.6222534179688 839
840 293.6315612792969 840
841 293.6407775878906 841
842 293.6499328613281 842
843 293.6589660644531 843
844 293.6679077148438 844
845 293.6767578125 845
846 293.6854858398438 846
847 293.6941223144531 847
848 293.7026672363281 848
849 293.7110900878906 849
850 293.7194519042969 850
851 293.7276611328125 851
852 293.7358093261719 852
853 293.7438354492188 853
854 293.7517700195312 854
855 293.7595825195312 855
856 293.767333984375 856
857 293.7749328613281 857
858 293.7825012207031 858
859 293.7898864746094 859
860 293.7972106933594 860
861 293.804443359375 861
862 293.8115234375 862
863 293.818603515625 863
864 293.8255004882812 864
865 293.8323059082031 865
866 293.8390197753906 866
867 293.8456726074219 867
868 293.8522033691406 868
869 293.858642578125 869
870 293.864990234375 870
871 293.8712158203125 871
872 293.8773803710938 872
873 293.8834533691406 873
874 293.889404296875 874
875 293.8953552246094 875
876 293.9011535644531 876
877 293.9068908691406 877
878 293.9125366210938 878
879 293.9180908203125 879
880 293.9236145019531 880
881 293.9290161132812 881
882 293.9343566894531 882
883 293.9396667480469 883
884 293.9448852539062 884
885 293.9500732421875 885
886 293.9551391601562 886
887 293.960205078125 887
888 293.9651489257812 888
889 293.9700927734375 889
890 293.9749755859375 890
891 293.9798278808594 891
892 293.984619140625 892
893 293.9893798828125 893
894 293.9940795898438 894
895 293.9987487792969 895
896 294.00341796875 896
897 294.008056640625 897
898 294.0126342773438 898
899 294.0172119140625 899
900 294.0217895507812 900
901 294.0263061523438 901
902 294.0308227539062 902
903 294.0353698730469 903
904 294.0398864746094 904
905 294.0443725585938 905
906 294.0488891601562 906
907 294.0534057617188 907
908 294.0579223632812 908
909 294.0624389648438 909
910 294.0670166015625 910
911 294.0715637207031 911
912 294.0761108398438 912
913 294.0807189941406 913
914 294.0853271484375 914
915 294.0899658203125 915
916 294.0946350097656 916
917 294.0993041992188 917
918 294.1040649414062 918
919 294.1088256835938 919
920 294.1136169433594 920
921 294.1184692382812 921
922 294.1233520507812 922
923 294.1282958984375 923
924 294.1332397460938 924
925 294.1382751464844 925
926 294.1433410644531 926
927 294.1484680175781 927
928 294.1536560058594 928
929 294.1588745117188 929
930 294.1641845703125 930
931 294.1695251464844 931
932 294.1749572753906 932
933 294.1803894042969 933
934 294.1859436035156 934
935 294.1915283203125 935
936 294.1971740722656 936
937 294.2029418945312 937
938 294.208740234375 938
939 294.2145690917969 939
940 294.2205200195312 940
941 294.2265014648438 941
942 294.2326049804688 942
943 294.2387390136719 943
944 294.2449645996094 944
945 294.2512512207031 945
946 294.2576293945312 946
947 294.2640686035156 947
948 294.2705993652344 948
949 294.2771606445312 949
950 294.2838134765625 950
951 294.2905883789062 951
952 294.2973937988281 952
953 294.3042602539062 953
954 294.3112182617188 954
955 294.3182983398438 955
956 294.3253784179688 956
957 294.3325805664062 957
958 294.33984375 958
959 294.3471984863281 959
960 294.3546142578125 960
961 294.3620910644531 961
962 294.3696899414062 962
963 294.3773193359375 963
964 294.385009765625 964
965 294.3927917480469 965
966 294.400634765625 966
967 294.4085693359375 967
968 294.4165649414062 968
969 294.4246826171875 969
970 294.4328002929688 970
971 294.4410095214844 971
972 294.4492797851562 972
973 294.4576110839844 973
974 294.4660034179688 974
975 294.4745178222656 975
976 294.4830627441406 976
977 294.4916687011719 977
978 294.5003051757812 978
979 294.509033203125 979
980 294.517822265625 980
981 294.5267028808594 981
982 294.5355834960938 982
983 294.5445556640625 983
984 294.5535888671875 984
985 294.5626831054688 985
986 294.5718078613281 986
987 294.5810241699219 987
988 294.5902404785156 988
989 294.5995178222656 989
990 294.60888671875 990
991 294.6182556152344 991
992 294.627685546875 992
993 294.63720703125 993
994 294.646728515625 994
995 294.6562805175781 995
996 294.6658935546875 996
997 294.6755676269531 997
998 294.6852722167969 998
999 294.6950073242188 999
1000 294.7047729492188 1000
1001 294.714599609375 1001
1002 294.7244262695312 1002
1003 294.7342834472656 1003
1004 294.7442016601562 1004
1005 294.754150390625 1005
1006 294.7641296386719 1006
1007 294.7741088867188 1007
1008 294.7841491699219 1008
1009 294.794189453125 1009
1010 294.8042602539062 1010
1011 294.8143615722656 1011
1012 294.824462890625 1012
1013 294.8346252441406 1013
1014 294.8447570800781 1014
1015 294.8549194335938 1015
1016 294.8651123046875 1016
1017 294.8753051757812 1017
1018 294.8855285644531 1018
1019 294.8957214355469 1019
1020 294.9059753417969 1020
1021 294.9162292480469 1021
1022 294.9264526367188 1022
1023 294.9367065429688 1023
1024 294.9469604492188 1024
1025 294.9572448730469 1025
1026 294.9674987792969 1026
1027 294.9777526855469 1027
1028 294.988037109375 1028
1029 294.9982604980469 1029
1030 295.0085144042969 1030
1031 295.0187683105469 1031
1032 295.0289916992188 1032
1033 295.0392761230469 1033
1034 295.0494689941406 1034
1035 295.0596923828125 1035
1036 295.0698852539062 1036
1037 295.080078125 1037
1038 295.0902404785156 1038
1039 295.1004028320312 1039
1040 295.1105346679688 1040
1041 295.1206665039062 1041
1042 295.1307678222656 1042
1043 295.1408386230469 1043
1044 295.15087890625 1044
1045 295.1609191894531 1045
1046 295.1709289550781 1046
1047 295.180908203125 1047
1048 295.1908874511719 1048
1049 295.2007751464844 1049
1050 295.210693359375 1050
1051 295.2205505371094 1051
1052 295.2303466796875 1052
1053 295.2401428222656 1053
1054 295.2499084472656 1054
1055 295.2596435546875 1055
1056 295.2693176269531 1056
1057 295.2789611816406 1057
1058 295.2886047363281 1058
1059 295.2981567382812 1059
1060 295.3076477050781 1060
1061 295.3171691894531 1061
1062 295.3265686035156 1062
1063 295.3359680175781 1063
1064 295.3453369140625 1064
1065 295.3546142578125 1065
1066 295.3638610839844 1066
1067 295.373046875 1067
1068 295.3821716308594 1068
1069 295.3912658691406 1069
1070 295.4002990722656 1070
1071 295.4093017578125 1071
1072 295.418212890625 1072
1073 295.4270629882812 1073
1074 295.4358825683594 1074
1075 295.4446411132812 1075
1076 295.4533081054688 1076
1077 295.4619445800781 1077
1078 295.4705200195312 1078
1079 295.4790344238281 1079
1080 295.4874572753906 1080
1081 295.4958190917969 1081
1082 295.504150390625 1082
1083 295.5123901367188 1083
1084 295.5205688476562 1084
1085 295.5286560058594 1085
1086 295.5366821289062 1086
1087 295.544677734375 1087
1088 295.5525512695312 1088
1089 295.5603637695312 1089
1090 295.568115234375 1090
1091 295.5757751464844 1091
1092 295.5833740234375 1092
1093 295.5908813476562 1093
1094 295.5983276367188 1094
1095 295.6056823730469 1095
1096 295.6129760742188 1096
1097 295.6201782226562 1097
1098 295.6272888183594 1098
1099 295.6343078613281 1099
1100 295.6412658691406 1100
1101 295.6481323242188 1101
1102 295.6549377441406 1102
1103 295.6616516113281 1103
1104 295.6682739257812 1104
1105 295.6748352050781 1105
1106 295.6812744140625 1106
1107 295.6876220703125 1107
1108 295.6938781738281 1108
1109 295.7000732421875 1109
1110 295.7061157226562 1110
1111 295.712158203125 1111
1112 295.7180480957031 1112
1113 295.723876953125 1113
1114 295.7295837402344 1114
1115 295.7352294921875 1115
1116 295.74072265625 1116
1117 295.7461547851562 1117
1118 295.7515258789062 1118
1119 295.7567749023438 1119
1120 295.761962890625 1120
1121 295.7669982910156 1121
1122 295.7719421386719 1122
1123 295.77685546875 1123
1124 295.7815856933594 1124
1125 295.7862548828125 1125
1126 295.7908630371094 1126
1127 295.7953186035156 1127
1128 295.7997436523438 1128
1129 295.8040161132812 1129
1130 295.8082275390625 1130
1131 295.8123474121094 1131
1132 295.8163146972656 1132
1133 295.8202514648438 1133
1134 295.8240356445312 1134
1135 295.8277893066406 1135
1136 295.8314208984375 1136
1137 295.8349914550781 1137
1138 295.8384094238281 1138
1139 295.841796875 1139
1140 295.8450927734375 1140
1141 295.8482971191406 1141
1142 295.8513793945312 1142
1143 295.8544311523438 1143
1144 295.8573608398438 1144
1145 295.8602294921875 1145
1146 295.863037109375 1146
1147 295.8657531738281 1147
1148 295.868408203125 1148
1149 295.8710021972656 1149
1150 295.8735046386719 1150
1151 295.8759155273438 1151
1152 295.8783264160156 1152
1153 295.880615234375 1153
1154 295.8828735351562 1154
1155 295.8851013183594 1155
1156 295.8872680664062 1156
1157 295.8893737792969 1157
1158 295.8914184570312 1158
1159 295.8934020996094 1159
1160 295.8953857421875 1160
1161 295.8973083496094 1161
1162 295.8992004394531 1162
1163 295.9010620117188 1163
1164 295.9028930664062 1164
1165 295.9046936035156 1165
1166 295.9064331054688 1166
1167 295.9082336425781 1167
1168 295.9099731445312 1168
1169 295.9116821289062 1169
1170 295.9133911132812 1170
1171 295.9151000976562 1171
1172 295.9167785644531 1172
1173 295.91845703125 1173
1174 295.920166015625 1174
1175 295.921875 1175
1176 295.923583984375 1176
1177 295.92529296875 1177
1178 295.927001953125 1178
1179 295.9287719726562 1179
1180 295.9305114746094 1180
1181 295.9322814941406 1181
1182 295.9341125488281 1182
1183 295.9359130859375 1183
1184 295.9377746582031 1184
1185 295.9396667480469 1185
1186 295.9415588378906 1186
1187 295.9435424804688 1187
1188 295.9455261230469 1188
1189 295.9475708007812 1189
1190 295.9496154785156 1190
1191 295.9517517089844 1191
1192 295.9539489746094 1192
1193 295.9561157226562 1193
1194 295.9583740234375 1194
1195 295.9607238769531 1195
1196 295.9630737304688 1196
1197 295.9655151367188 1197
1198 295.9679870605469 1198
1199 295.9705505371094 1199
1200 295.97314453125 1200
1201 295.975830078125 1201
1202 295.9785461425781 1202
1203 295.9813537597656 1203
1204 295.9842224121094 1204
1205 295.9871520996094 1205
1206 295.9901428222656 1206
1207 295.9932556152344 1207
1208 295.9963684082031 1208
1209 295.9996032714844 1209
1210 296.0028686523438 1210
1211 296.0062561035156 1211
1212 296.0096740722656 1212
1213 296.0131530761719 1213
1214 296.0167541503906 1214
1215 296.0204467773438 1215
1216 296.024169921875 1216
1217 296.0279541015625 1217
1218 296.0318908691406 1218
1219 296.0358276367188 1219
1220 296.0398864746094 1220
1221 296.0440063476562 1221
1222 296.0481872558594 1222
1223 296.0524597167969 1223
1224 296.0568237304688 1224
1225 296.061279296875 1225
1226 296.0657958984375 1226
1227 296.0703735351562 1227
1228 296.0750427246094 1228
1229 296.0798034667969 1229
1230 296.0845947265625 1230
1231 296.0895080566406 1231
1232 296.0945129394531 1232
1233 296.0995178222656 1233
1234 296.1046447753906 1234
1235 296.10986328125 1235
1236 296.1151428222656 1236
1237 296.1204833984375 1237
1238 296.1258850097656 1238
1239 296.1313781738281 1239
1240 296.1369323730469 1240
1241 296.142578125 1241
1242 296.1483154296875 1242
1243 296.154052734375 1243
1244 296.159912109375 1244
1245 296.1658325195312 1245
1246 296.1718139648438 1246
1247 296.1778564453125 1247
1248 296.1839294433594 1248
1249 296.1901245117188 1249
1250 296.1963500976562 1250
1251 296.20263671875 1251
1252 296.208984375 1252
1253 296.2154235839844 1253
1254 296.221923828125 1254
1255 296.2284240722656 1255
1256 296.2350158691406 1256
1257 296.2416687011719 1257
1258 296.2483520507812 1258
1259 296.255126953125 1259
1260 296.2619323730469 1260
1261 296.268798828125 1261
1262 296.2756958007812 1262
1263 296.2826232910156 1263
1264 296.2896423339844 1264
1265 296.2966918945312 1265
1266 296.3037719726562 1266
1267 296.3109130859375 1267
1268 296.3180541992188 1268
1269 296.3252868652344 1269
1270 296.3325500488281 1270
1271 296.3398132324219 1271
1272 296.3471374511719 1272
1273 296.3545227050781 1273
1274 296.3619079589844 1274
1275 296.3693542480469 1275
1276 296.3768310546875 1276
1277 296.38427734375 1277
1278 296.3918151855469 1278
1279 296.3993530273438 1279
1280 296.4069213867188 1280
1281 296.4144897460938 1281
1282 296.422119140625 1282
1283 296.4297485351562 1283
1284 296.4374084472656 1284
1285 296.4450988769531 1285
1286 296.4528198242188 1286
1287 296.4605102539062 1287
1288 296.4682312011719 1288
1289 296.4759826660156 1289
1290 296.4837341308594 1290
1291 296.4915161132812 1291
1292 296.499267578125 1292
1293 296.5070495605469 1293
1294 296.5148315429688 1294
1295 296.5226135253906 1295
1296 296.5304260253906 1296
1297 296.5382080078125 1297
1298 296.5460205078125 1298
1299 296.5538330078125 1299
1300 296.5616149902344 1300
1301 296.5693969726562 1301
1302 296.5771789550781 1302
1303 296.5849609375 1303
1304 296.5927429199219 1304
1305 296.6005249023438 1305
1306 296.6082763671875 1306
1307 296.6160278320312 1307
1308 296.6237487792969 1308
1309 296.6314697265625 1309
1310 296.63916015625 1310
1311 296.6468505859375 1311
1312 296.6545104980469 1312
1313 296.6622009277344 1313
1314 296.6698303222656 1314
1315 296.6774291992188 1315
1316 296.6849975585938 1316
1317 296.6925659179688 1317
1318 296.7001037597656 1318
1319 296.7076110839844 1319
1320 296.7151184082031 1320
1321 296.7225646972656 1321
1322 296.72998046875 1322
1323 296.7373657226562 1323
1324 296.7447509765625 1324
1325 296.7520446777344 1325
1326 296.7593383789062 1326
1327 296.7666320800781 1327
1328 296.7738342285156 1328
1329 296.781005859375 1329
1330 296.7881469726562 1330
1331 296.7952575683594 1331
1332 296.8023071289062 1332
1333 296.809326171875 1333
1334 296.8162841796875 1334
1335 296.8232116699219 1335
1336 296.8301086425781 1336
1337 296.8369445800781 1337
1338 296.84375 1338
1339 296.8504333496094 1339
1340 296.8571472167969 1340
1341 296.86376953125 1341
1342 296.8703308105469 1342
1343 296.8768310546875 1343
1344 296.8833312988281 1344
1345 296.8897399902344 1345
1346 296.8960876464844 1346
1347 296.9024047851562 1347
1348 296.9086303710938 1348
1349 296.914794921875 1349
1350 296.9209289550781 1350
1351 296.9269714355469 1351
1352 296.9329528808594 1352
1353 296.9388732910156 1353
1354 296.9447631835938 1354
1355 296.9505615234375 1355
1356 296.9562683105469 1356
1357 296.9619445800781 1357
1358 296.967529296875 1358
1359 296.9730529785156 1359
1360 296.978515625 1360
1361 296.9838562011719 1361
1362 296.9891967773438 1362
1363 296.9944152832031 1363
1364 296.9996032714844 1364
1365 297.0046691894531 1365
1366 297.0096435546875 1366
1367 297.0146179199219 1367
1368 297.0194702148438 1368
1369 297.0242309570312 1369
1370 297.0289306640625 1370
1371 297.0335388183594 1371
1372 297.0380859375 1372
1373 297.0425109863281 1373
1374 297.046875 1374
1375 297.0512084960938 1375
1376 297.0553894042969 1376
1377 297.0595092773438 1377
1378 297.0635375976562 1378
1379 297.0674743652344 1379
1380 297.0713500976562 1380
1381 297.0751037597656 1381
1382 297.0788269042969 1382
1383 297.0823974609375 1383
1384 297.0859069824219 1384
1385 297.0893249511719 1385
1386 297.0926513671875 1386
1387 297.0958862304688 1387
1388 297.0989990234375 1388
1389 297.1020812988281 1389
1390 297.1050415039062 1390
1391 297.10791015625 1391
1392 297.1106567382812 1392
1393 297.1133422851562 1393
1394 297.1159362792969 1394
1395 297.1184387207031 1395
1396 297.120849609375 1396
1397 297.1231689453125 1397
1398 297.1253967285156 1398
1399 297.1275024414062 1399
1400 297.1295471191406 1400
1401 297.1315307617188 1401
1402 297.1333618164062 1402
1403 297.1351623535156 1403
1404 297.1368103027344 1404
1405 297.138427734375 1405
1406 297.1399230957031 1406
1407 297.141357421875 1407
1408 297.1427001953125 1408
1409 297.1439208984375 1409
1410 297.1451110839844 1410
1411 297.1461791992188 1411
1412 297.147216796875 1412
1413 297.1481628417969 1413
1414 297.1490478515625 1414
1415 297.1497802734375 1415
1416 297.1505126953125 1416
1417 297.1511840820312 1417
1418 297.1517333984375 1418
1419 297.1522827148438 1419
1420 297.1527404785156 1420
1421 297.1531372070312 1421
1422 297.1534729003906 1422
1423 297.1537475585938 1423
1424 297.1539611816406 1424
1425 297.1541442871094 1425
1426 297.1542663574219 1426
1427 297.1543273925781 1427
1428 297.1543884277344 1428
1429 297.1543884277344 1429
1430 297.1543579101562 1430
1431 297.154296875 1431
1432 297.1542053222656 1432
1433 297.1540832519531 1433
1434 297.1539611816406 1434
1435 297.1537475585938 1435
1436 297.1535949707031 1436
1437 297.1533813476562 1437
1438 297.1531677246094 1438
1439 297.1529541015625 1439
1440 297.1527099609375 1440
1441 297.1524963378906 1441
1442 297.1522521972656 1442
1443 297.1520385742188 1443
1444 297.1517944335938 1444
1445 297.1515808105469 1445
1446 297.1513977050781 1446
1447 297.1511840820312 1447
1448 297.1510620117188 1448
1449 297.15087890625 1449
1450 297.1507568359375 1450
1451 297.1506652832031 1451
1452 297.1506042480469 1452
1453 297.1505432128906 1453
1454 297.1505126953125 1454
1455 297.1505432128906 1455
1456 297.150634765625 1456
1457 297.1507263183594 1457
1458 297.15087890625 1458
1459 297.1510620117188 1459
1460 297.1513061523438 1460
1461 297.1515808105469 1461
1462 297.1519165039062 1462
1463 297.1523132324219 1463
1464 297.1527709960938 1464
1465 297.1532592773438 1465
1466 297.15380859375 1466
1467 297.1544494628906 1467
1468 297.1551513671875 1468
1469 297.1558837890625 1469
1470 297.1567077636719 1470
1471 297.1575622558594 1471
1472 297.1585083007812 1472
1473 297.1595153808594 1473
1474 297.1606140136719 1474
1475 297.1617431640625 1475
1476 297.1629943847656 1476
1477 297.1642761230469 1477
1478 297.1656494140625 1478
1479 297.1670837402344 1479
1480 297.1686096191406 1480
1481 297.1701965332031 1481
1482 297.171875 1482
1483 297.1736450195312 1483
1484 297.1754760742188 1484
1485 297.1773681640625 1485
1486 297.1793518066406 1486
1487 297.1814270019531 1487
1488 297.18359375 1488
1489 297.185791015625 1489
1490 297.1881103515625 1490
1491 297.1904907226562 1491
1492 297.1929626464844 1492
1493 297.1954956054688 1493
1494 297.1981201171875 1494
1495 297.2008056640625 1495
1496 297.2036437988281 1496
1497 297.2064819335938 1497
1498 297.2094116210938 1498
1499 297.2124328613281 1499
1500 297.2155151367188 1500
1501 297.2187194824219 1501
1502 297.2219543457031 1502
1503 297.2253112792969 1503
1504 297.2287292480469 1504
1505 297.2322082519531 1505
1506 297.2357788085938 1506
1507 297.2394104003906 1507
1508 297.2431030273438 1508
1509 297.2468872070312 1509
1510 297.2507629394531 1510
1511 297.2546997070312 1511
1512 297.2586975097656 1512
1513 297.2627563476562 1513
1514 297.2669067382812 1514
1515 297.2711181640625 1515
1516 297.275390625 1516
1517 297.2797546386719 1517
1518 297.2841796875 1518
1519 297.2886352539062 1519
1520 297.2931518554688 1520
1521 297.2977905273438 1521
1522 297.3024597167969 1522
1523 297.3071899414062 1523
1524 297.3119506835938 1524
1525 297.3167724609375 1525
1526 297.3217163085938 1526
1527 297.32666015625 1527
1528 297.3316650390625 1528
1529 297.3367309570312 1529
1530 297.3418579101562 1530
1531 297.3470458984375 1531
1532 297.3522644042969 1532
1533 297.3575439453125 1533
1534 297.3628234863281 1534
1535 297.3682250976562 1535
1536 297.3736267089844 1536
1537 297.3790893554688 1537
1538 297.3846130371094 1538
1539 297.39013671875 1539
1540 297.3957214355469 1540
1541 297.4013366699219 1541
1542 297.406982421875 1542
1543 297.4126586914062 1543
1544 297.4183959960938 1544
1545 297.4241333007812 1545
1546 297.4299621582031 1546
1547 297.435791015625 1547
1548 297.441650390625 1548
1549 297.447509765625 1549
1550 297.4534301757812 1550
1551 297.4593505859375 1551
1552 297.4653015136719 1552
1553 297.4713134765625 1553
1554 297.477294921875 1554
1555 297.4833374023438 1555
1556 297.4893493652344 1556
1557 297.4954223632812 1557
1558 297.5014953613281 1558
1559 297.507568359375 1559
1560 297.513671875 1560
1561 297.519775390625 1561
1562 297.5259094238281 1562
1563 297.5320434570312 1563
1564 297.5381774902344 1564
1565 297.5443115234375 1565
1566 297.5504760742188 1566
1567 297.556640625 1567
1568 297.5628051757812 1568
1569 297.5689697265625 1569
1570 297.5750732421875 1570
1571 297.5812377929688 1571
1572 297.58740234375 1572
1573 297.5935668945312 1573
1574 297.5996704101562 1574
1575 297.6058349609375 1575
1576 297.6119384765625 1576
1577 297.6180419921875 1577
1578 297.6241455078125 1578
1579 297.6302490234375 1579
1580 297.6363525390625 1580
1581 297.6423950195312 1581
1582 297.6484069824219 1582
1583 297.6544494628906 1583
1584 297.6604919433594 1584
1585 297.6664428710938 1585
1586 297.6724548339844 1586
1587 297.6783447265625 1587
1588 297.684326171875 1588
1589 297.690185546875 1589
1590 297.696044921875 1590
1591 297.7018737792969 1591
1592 297.7077026367188 1592
1593 297.7135009765625 1593
1594 297.7192687988281 1594
1595 297.7249755859375 1595
1596 297.7306518554688 1596
1597 297.7362976074219 1597
1598 297.741943359375 1598
1599 297.7474975585938 1599
1600 297.7530517578125 1600
1601 297.7585754394531 1601
1602 297.7640075683594 1602
1603 297.7694091796875 1603
1604 297.7747802734375 1604
1605 297.7801208496094 1605
1606 297.7854309082031 1606
1607 297.7906494140625 1607
1608 297.7958679199219 1608
1609 297.8009948730469 1609
1610 297.8060913085938 1610
1611 297.8111572265625 1611
1612 297.8161315917969 1612
1613 297.8211059570312 1613
1614 297.8259887695312 1614
1615 297.830810546875 1615
1616 297.8355712890625 1616
1617 297.8403015136719 1617
1618 297.8450012207031 1618
1619 297.849609375 1619
1620 297.8541259765625 1620
1621 297.858642578125 1621
1622 297.863037109375 1622
1623 297.8674011230469 1623
1624 297.8717041015625 1624
1625 297.8759460449219 1625
1626 297.880126953125 1626
1627 297.8842163085938 1627
1628 297.8882446289062 1628
1629 297.8922119140625 1629
1630 297.8961181640625 1630
1631 297.8999328613281 1631
1632 297.9037170410156 1632
1633 297.9073791503906 1633
1634 297.9110107421875 1634
1635 297.91455078125 1635
1636 297.9180297851562 1636
1637 297.92138671875 1637
1638 297.9247436523438 1638
1639 297.927978515625 1639
1640 297.9311218261719 1640
1641 297.9342041015625 1641
1642 297.9371948242188 1642
1643 297.9401550292969 1643
1644 297.9429931640625 1644
1645 297.9457702636719 1645
1646 297.9484252929688 1646
1647 297.9510498046875 1647
1648 297.9535217285156 1648
1649 297.9559631347656 1649
1650 297.9582824707031 1650
1651 297.9605712890625 1651
1652 297.9627380371094 1652
1653 297.96484375 1653
1654 297.9668273925781 1654
1655 297.9687194824219 1655
1656 297.9705505371094 1656
1657 297.9722595214844 1657
1658 297.9739379882812 1658
1659 297.9754638671875 1659
1660 297.9769287109375 1660
1661 297.9783020019531 1661
1662 297.9795837402344 1662
1663 297.9808044433594 1663
1664 297.9819030761719 1664
1665 297.9829406738281 1665
1666 297.9838562011719 1666
1667 297.9846801757812 1667
1668 297.9854431152344 1668
1669 297.986083984375 1669
1670 297.9866638183594 1670
1671 297.9871520996094 1671
1672 297.9875793457031 1672
1673 297.9878540039062 1673
1674 297.9880981445312 1674
1675 297.9882507324219 1675
1676 297.9883117675781 1676
1677 297.98828125 1677
1678 297.9881591796875 1678
1679 297.9880065917969 1679
1680 297.9877319335938 1680
1681 297.9873962402344 1681
1682 297.9869995117188 1682
1683 297.9864807128906 1683
1684 297.9859313964844 1684
1685 297.9853210449219 1685
1686 297.9845886230469 1686
1687 297.9838562011719 1687
1688 297.9830322265625 1688
1689 297.9821472167969 1689
1690 297.9812316894531 1690
1691 297.980224609375 1691
1692 297.9791870117188 1692
1693 297.9780883789062 1693
1694 297.9769287109375 1694
1695 297.9757385253906 1695
1696 297.9745178222656 1696
1697 297.9732360839844 1697
1698 297.9719543457031 1698
1699 297.9706115722656 1699
1700 297.9692077636719 1700
1701 297.9678039550781 1701
1702 297.9664001464844 1702
1703 297.9649658203125 1703
1704 297.9634704589844 1704
1705 297.9619750976562 1705
1706 297.9605102539062 1706
1707 297.958984375 1707
1708 297.9574584960938 1708
1709 297.9559326171875 1709
1710 297.9544067382812 1710
1711 297.9529113769531 1711
1712 297.9513854980469 1712
1713 297.9498901367188 1713
1714 297.9483947753906 1714
1715 297.9468994140625 1715
1716 297.9454345703125 1716
1717 297.9440002441406 1717
1718 297.9425659179688 1718
1719 297.941162109375 1719
1720 297.9397888183594 1720
1721 297.9384155273438 1721
1722 297.9371337890625 1722
1723 297.9358520507812 1723
1724 297.9346008300781 1724
1725 297.9334106445312 1725
1726 297.9322509765625 1726
1727 297.93115234375 1727
1728 297.9300537109375 1728
1729 297.9290466308594 1729
1730 297.9280700683594 1730
1731 297.9271545410156 1731
1732 297.9263000488281 1732
1733 297.9255065917969 1733
1734 297.9247741699219 1734
1735 297.924072265625 1735
1736 297.9234619140625 1736
1737 297.9228820800781 1737
1738 297.9223937988281 1738
1739 297.9219665527344 1739
1740 297.9216003417969 1740
1741 297.9213256835938 1741
1742 297.9210815429688 1742
1743 297.9209289550781 1743
1744 297.9208374023438 1744
1745 297.9208374023438 1745
1746 297.9209289550781 1746
1747 297.9210815429688 1747
1748 297.9212951660156 1748
1749 297.9215698242188 1749
1750 297.9219665527344 1750
1751 297.9224243164062 1751
1752 297.9229431152344 1752
1753 297.9235534667969 1753
1754 297.9242553710938 1754
1755 297.9249877929688 1755
1756 297.9258728027344 1756
1757 297.9267883300781 1757
1758 297.9278259277344 1758
1759 297.9289245605469 1759
1760 297.9300537109375 1760
1761 297.9313354492188 1761
1762 297.9326782226562 1762
1763 297.9341125488281 1763
1764 297.9356079101562 1764
1765 297.9371948242188 1765
1766 297.9388427734375 1766
1767 297.9406127929688 1767
1768 297.9424438476562 1768
1769 297.9443359375 1769
1770 297.9463195800781 1770
1771 297.9483642578125 1771
1772 297.9505310058594 1772
1773 297.9527587890625 1773
1774 297.9550476074219 1774
1775 297.9574279785156 1775
1776 297.9598999023438 1776
1777 297.9624328613281 1777
1778 297.9650268554688 1778
1779 297.9677124023438 1779
1780 297.970458984375 1780
1781 297.9732666015625 1781
1782 297.9761657714844 1782
1783 297.9791564941406 1783
1784 297.982177734375 1784
1785 297.9852905273438 1785
1786 297.9884643554688 1786
1787 297.9917297363281 1787
1788 297.9950561523438 1788
1789 297.9984130859375 1789
1790 298.0018615722656 1790
1791 298.00537109375 1791
1792 298.0089111328125 1792
1793 298.0125732421875 1793
1794 298.0162658691406 1794
1795 298.02001953125 1795
1796 298.0238037109375 1796
1797 298.0276794433594 1797
1798 298.0315856933594 1798
1799 298.0355834960938 1799
1800 298.0395812988281 1800
1801 298.043701171875 1801
1802 298.0478210449219 1802
1803 298.052001953125 1803
1804 298.0562438964844 1804
1805 298.0604858398438 1805
1806 298.0648193359375 1806
1807 298.0691833496094 1807
1808 298.0736083984375 1808
1809 298.0780639648438 1809
1810 298.0825500488281 1810
1811 298.0870666503906 1811
1812 298.0916442871094 1812
1813 298.0962524414062 1813
1814 298.1008911132812 1814
1815 298.1055297851562 1815
1816 298.1102600097656 1816
1817 298.1150207519531 1817
1818 298.1197814941406 1818
1819 298.1245727539062 1819
1820 298.12939453125 1820
1821 298.1342468261719 1821
1822 298.1390991210938 1822
1823 298.1440124511719 1823
1824 298.14892578125 1824
1825 298.1538696289062 1825
1826 298.1588134765625 1826
1827 298.1637878417969 1827
1828 298.1687622070312 1828
1829 298.1737670898438 1829
1830 298.1788024902344 1830
1831 298.183837890625 1831
1832 298.1888732910156 1832
1833 298.1939392089844 1833
1834 298.1990051269531 1834
1835 298.2040710449219 1835
1836 298.2091369628906 1836
1837 298.2142028808594 1837
1838 298.2192687988281 1838
1839 298.2243347167969 1839
1840 298.2294311523438 1840
1841 298.2344970703125 1841
1842 298.2395629882812 1842
1843 298.24462890625 1843
1844 298.2496948242188 1844
1845 298.2547607421875 1845
1846 298.2597961425781 1846
1847 298.2648315429688 1847
1848 298.2698974609375 1848
1849 298.2748718261719 1849
1850 298.2798767089844 1850
1851 298.2848510742188 1851
1852 298.2898559570312 1852
1853 298.2947998046875 1853
1854 298.2997436523438 1854
1855 298.3046569824219 1855
1856 298.3095397949219 1856
1857 298.3144226074219 1857
1858 298.3192749023438 1858
1859 298.3240966796875 1859
1860 298.3288879394531 1860
1861 298.3336486816406 1861
1862 298.3384094238281 1862
1863 298.3431091308594 1863
1864 298.3478088378906 1864
1865 298.3524780273438 1865
1866 298.3570861816406 1866
1867 298.3616333007812 1867
1868 298.3662109375 1868
1869 298.3707275390625 1869
1870 298.3751831054688 1870
1871 298.379638671875 1871
1872 298.384033203125 1872
1873 298.3883972167969 1873
1874 298.3927001953125 1874
1875 298.39697265625 1875
1876 298.4012145996094 1876
1877 298.4053955078125 1877
1878 298.4095153808594 1878
1879 298.4136047363281 1879
1880 298.4176330566406 1880
1881 298.421630859375 1881
1882 298.4255676269531 1882
1883 298.4294738769531 1883
1884 298.4332885742188 1884
1885 298.4370727539062 1885
1886 298.4407958984375 1886
1887 298.4444885253906 1887
1888 298.4480590820312 1888
1889 298.45166015625 1889
1890 298.4551391601562 1890
1891 298.4585571289062 1891
1892 298.4619445800781 1892
1893 298.4652709960938 1893
1894 298.468505859375 1894
1895 298.4716796875 1895
1896 298.4748229980469 1896
1897 298.4778442382812 1897
1898 298.4808654785156 1898
1899 298.4837951660156 1899
1900 298.4866333007812 1900
1901 298.4894409179688 1901
1902 298.4921264648438 1902
1903 298.4948120117188 1903
1904 298.4973754882812 1904
1905 298.4998474121094 1905
1906 298.5022583007812 1906
1907 298.504638671875 1907
1908 298.5069274902344 1908
1909 298.5091247558594 1909
1910 298.51123046875 1910
1911 298.5133056640625 1911
1912 298.5152893066406 1912
1913 298.5171508789062 1913
1914 298.5189514160156 1914
1915 298.5206909179688 1915
1916 298.5223388671875 1916
1917 298.52392578125 1917
1918 298.525390625 1918
1919 298.5268249511719 1919
1920 298.5281372070312 1920
1921 298.5293579101562 1921
1922 298.5304870605469 1922
1923 298.5315551757812 1923
1924 298.5325622558594 1924
1925 298.533447265625 1925
1926 298.5342407226562 1926
1927 298.5349731445312 1927
1928 298.5355834960938 1928
1929 298.5361328125 1929
1930 298.5365600585938 1930
1931 298.5369262695312 1931
1932 298.5372009277344 1932
1933 298.5373840332031 1933
1934 298.5375061035156 1934
1935 298.5375061035156 1935
1936 298.5374145507812 1936
1937 298.5372619628906 1937
1938 298.5370178222656 1938
1939 298.5366821289062 1939
1940 298.5362548828125 1940
1941 298.5357666015625 1941
1942 298.5351257324219 1942
1943 298.5344848632812 1943
1944 298.5337219238281 1944
1945 298.5328674316406 1945
1946 298.5319213867188 1946
1947 298.5309448242188 1947
1948 298.5298461914062 1948
1949 298.5287170410156 1949
1950 298.5274658203125 1950
1951 298.5261840820312 1951
1952 298.5248107910156 1952
1953 298.5233764648438 1953
1954 298.5218505859375 1954
1955 298.5202941894531 1955
1956 298.5186462402344 1956
1957 298.5169372558594 1957
1958 298.5151977539062 1958
1959 298.5133666992188 1959
1960 298.511474609375 1960
1961 298.5095825195312 1961
1962 298.5075988769531 1962
1963 298.5055847167969 1963
1964 298.5035400390625 1964
1965 298.5014038085938 1965
1966 298.499267578125 1966
1967 298.4971008300781 1967
1968 298.494873046875 1968
1969 298.4926452636719 1969
1970 298.4904174804688 1970
1971 298.4880981445312 1971
1972 298.4858093261719 1972
1973 298.4834594726562 1973
1974 298.4811096191406 1974
1975 298.478759765625 1975
1976 298.4764099121094 1976
1977 298.4740295410156 1977
1978 298.4716186523438 1978
1979 298.4692993164062 1979
1980 298.4669189453125 1980
1981 298.4645385742188 1981
1982 298.4621887207031 1982
1983 298.4598693847656 1983
1984 298.45751953125 1984
1985 298.4552001953125 1985
1986 298.4529418945312 1986
1987 298.4506530761719 1987
1988 298.4484252929688 1988
1989 298.4461975097656 1989
1990 298.4440307617188 1990
1991 298.44189453125 1991
1992 298.4397888183594 1992
1993 298.4377136230469 1993
1994 298.4356689453125 1994
1995 298.4336853027344 1995
1996 298.4317321777344 1996
1997 298.4298706054688 1997
1998 298.4280090332031 1998
1999 298.4262084960938 1999
2000 298.4244689941406 2000
2001 298.4227905273438 2001
2002 298.421142578125 2002
2003 298.4195556640625 2003
2004 298.4180603027344 2004
2005 298.4166259765625 2005
2006 298.415283203125 2006
2007 298.4139404296875 2007
2008 298.4127197265625 2008
2009 298.4115295410156 2009
2010 298.410400390625 2010
2011 298.4093627929688 2011
2012 298.4084167480469 2012
2013 298.4075317382812 2013
2014 298.4067077636719 2014
2015 298.4059753417969 2015
2016 298.4053039550781 2016
2017 298.4047241210938 2017
2018 298.4042358398438 2018
2019 298.4037780761719 2019
2020 298.4034423828125 2020
2021 298.4031982421875 2021
2022 298.4029846191406 2022
2023 298.4028930664062 2023
2024 298.4028625488281 2024
2025 298.4029235839844 2025
2026 298.4030456542969 2026
2027 298.4032592773438 2027
2028 298.403564453125 2028
2029 298.4039611816406 2029
2030 298.4043884277344 2030
2031 298.4049682617188 2031
2032 298.4056091308594 2032
2033 298.4063110351562 2033
2034 298.4071350097656 2034
2035 298.4080200195312 2035
2036 298.4089660644531 2036
2037 298.4100036621094 2037
2038 298.4111022949219 2038
2039 298.4123229980469 2039
2040 298.4136047363281 2040
2041 298.4150085449219 2041
2042 298.4164428710938 2042
2043 298.4179382324219 2043
2044 298.4195556640625 2044
2045 298.4212341308594 2045
2046 298.4230041503906 2046
2047 298.4248352050781 2047
2048 298.4267578125 2048
2049 298.4287414550781 2049
2050 298.4307861328125 2050
2051 298.4329223632812 2051
2052 298.4351196289062 2052
2053 298.4373779296875 2053
2054 298.4397277832031 2054
2055 298.4421691894531 2055
2056 298.4446411132812 2056
2057 298.4472045898438 2057
2058 298.4498291015625 2058
2059 298.4524841308594 2059
2060 298.4552307128906 2060
2061 298.4580383300781 2061
2062 298.4609375 2062
2063 298.4638671875 2063
2064 298.4668579101562 2064
2065 298.4699401855469 2065
2066 298.4730224609375 2066
2067 298.4761962890625 2067
2068 298.4794311523438 2068
2069 298.4827270507812 2069
2070 298.4860534667969 2070
2071 298.4894104003906 2071
2072 298.4928894042969 2072
2073 298.496337890625 2073
2074 298.4998779296875 2074
2075 298.5034790039062 2075
2076 298.507080078125 2076
2077 298.5107727050781 2077
2078 298.5144958496094 2078
2079 298.5182495117188 2079
2080 298.5220642089844 2080
2081 298.52587890625 2081
2082 298.5297241210938 2082
2083 298.5336303710938 2083
2084 298.53759765625 2084
2085 298.5415649414062 2085
2086 298.5455932617188 2086
2087 298.5496215820312 2087
2088 298.5536804199219 2088
2089 298.5578002929688 2089
2090 298.5619201660156 2090
2091 298.5660705566406 2091
2092 298.5702514648438 2092
2093 298.5744323730469 2093
2094 298.5786437988281 2094
2095 298.5828857421875 2095
2096 298.587158203125 2096
2097 298.5914001464844 2097
2098 298.595703125 2098
2099 298.6000061035156 2099
2100 298.6043395996094 2100
2101 298.6086730957031 2101
2102 298.6130065917969 2102
2103 298.6173400878906 2103
2104 298.6217041015625 2104
2105 298.6260986328125 2105
2106 298.6304321289062 2106
2107 298.6347961425781 2107
2108 298.6391906738281 2108
2109 298.6435546875 2109
2110 298.6479187011719 2110
2111 298.6523132324219 2111
2112 298.6566772460938 2112
2113 298.6610412597656 2113
2114 298.6654052734375 2114
2115 298.6697387695312 2115
2116 298.6741027832031 2116
2117 298.6784362792969 2117
2118 298.6827392578125 2118
2119 298.6870422363281 2119
2120 298.6913757324219 2120
2121 298.6956787109375 2121
2122 298.699951171875 2122
2123 298.7041931152344 2123
2124 298.7084045410156 2124
2125 298.7125854492188 2125
2126 298.7167663574219 2126
2127 298.720947265625 2127
2128 298.7251281738281 2128
2129 298.729248046875 2129
2130 298.7333374023438 2130
2131 298.7373962402344 2131
2132 298.741455078125 2132
2133 298.7454528808594 2133
2134 298.7494201660156 2134
2135 298.7533874511719 2135
2136 298.7572631835938 2136
2137 298.7611694335938 2137
2138 298.7650146484375 2138
2139 298.7688293457031 2139
2140 298.7725830078125 2140
2141 298.7763061523438 2141
2142 298.780029296875 2142
2143 298.7836608886719 2143
2144 298.7872619628906 2144
2145 298.7908325195312 2145
2146 298.7943725585938 2146
2147 298.7978515625 2147
2148 298.80126953125 2148
2149 298.8046569824219 2149
2150 298.8079833984375 2150
2151 298.811279296875 2151
2152 298.8145141601562 2152
2153 298.8176879882812 2153
2154 298.82080078125 2154
2155 298.8239135742188 2155
2156 298.8269348144531 2156
2157 298.8298645019531 2157
2158 298.8327941894531 2158
2159 298.8356323242188 2159
2160 298.8384094238281 2160
2161 298.8411865234375 2161
2162 298.8438415527344 2162
2163 298.846435546875 2163
2164 298.8489990234375 2164
2165 298.8514709472656 2165
2166 298.8538818359375 2166
2167 298.8562622070312 2167
2168 298.8585510253906 2168
2169 298.8607788085938 2169
2170 298.8629150390625 2170
2171 298.8650207519531 2171
2172 298.8670043945312 2172
2173 298.8689575195312 2173
2174 298.8708190917969 2174
2175 298.8726196289062 2175
2176 298.8743591308594 2176
2177 298.8760375976562 2177
2178 298.8775939941406 2178
2179 298.8790893554688 2179
2180 298.8805236816406 2180
2181 298.8818664550781 2181
2182 298.8831481933594 2182
2183 298.8843383789062 2183
2184 298.8854370117188 2184
2185 298.886474609375 2185
2186 298.8874206542969 2186
2187 298.8882751464844 2187
2188 298.8890991210938 2188
2189 298.8898010253906 2189
2190 298.8904113769531 2190
2191 298.8909606933594 2191
2192 298.8914184570312 2192
2193 298.8917846679688 2193
2194 298.8920593261719 2194
2195 298.8922729492188 2195
2196 298.8923950195312 2196
2197 298.8923950195312 2197
2198 298.892333984375 2198
2199 298.8921813964844 2199
2200 298.8919372558594 2200
2201 298.8916320800781 2201
2202 298.8912048339844 2202
2203 298.8907165527344 2203
2204 298.89013671875 2204
2205 298.8894653320312 2205
2206 298.8887023925781 2206
2207 298.8878479003906 2207
2208 298.8869323730469 2208
2209 298.8859252929688 2209
2210 298.8847961425781 2210
2211 298.8836364746094 2211
2212 298.8823852539062 2212
2213 298.8810119628906 2213
2214 298.8796081542969 2214
2215 298.8780822753906 2215
2216 298.8765258789062 2216
2217 298.8748474121094 2217
2218 298.8731079101562 2218
2219 298.8713073730469 2219
2220 298.8694152832031 2220
2221 298.8674926757812 2221
2222 298.8654174804688 2222
2223 298.8633728027344 2223
2224 298.8612060546875 2224
2225 298.8589782714844 2225
2226 298.8567199707031 2226
2227 298.8544006347656 2227
2228 298.8520202636719 2228
2229 298.8495483398438 2229
2230 298.8470458984375 2230
2231 298.8445129394531 2231
2232 298.8419494628906 2232
2233 298.8392944335938 2233
2234 298.8366394042969 2234
2235 298.8339233398438 2235
2236 298.8312072753906 2236
2237 298.8283996582031 2237
2238 298.8256225585938 2238
2239 298.8227844238281 2239
2240 298.8199462890625 2240
2241 298.8170776367188 2241
2242 298.8141784667969 2242
2243 298.811279296875 2243
2244 298.8083801269531 2244
2245 298.8054809570312 2245
2246 298.8025512695312 2246
2247 298.7995910644531 2247
2248 298.7966918945312 2248
2249 298.7937622070312 2249
2250 298.7908325195312 2250
2251 298.7879638671875 2251
2252 298.7850341796875 2252
2253 298.7821960449219 2253
2254 298.779296875 2254
2255 298.7764587402344 2255
2256 298.773681640625 2256
2257 298.7708740234375 2257
2258 298.7681274414062 2258
2259 298.7654113769531 2259
2260 298.7627258300781 2260
2261 298.7600708007812 2261
2262 298.7574462890625 2262
2263 298.7548828125 2263
2264 298.7523498535156 2264
2265 298.7498779296875 2265
2266 298.7474365234375 2266
2267 298.7450561523438 2267
2268 298.7427368164062 2268
2269 298.7404174804688 2269
2270 298.7382202148438 2270
2271 298.7360534667969 2271
2272 298.7339477539062 2272
2273 298.73193359375 2273
2274 298.72998046875 2274
2275 298.7280578613281 2275
2276 298.7261962890625 2276
2277 298.7244262695312 2277
2278 298.7227172851562 2278
2279 298.7210693359375 2279
2280 298.7195129394531 2280
2281 298.718017578125 2281
2282 298.7166137695312 2282
2283 298.7153015136719 2283
2284 298.7140197753906 2284
2285 298.7128295898438 2285
2286 298.7117309570312 2286
2287 298.710693359375 2287
2288 298.7097778320312 2288
2289 298.7088928222656 2289
2290 298.7080993652344 2290
2291 298.7073974609375 2291
2292 298.706787109375 2292
2293 298.7062377929688 2293
2294 298.7057495117188 2294
2295 298.7054138183594 2295
2296 298.7051086425781 2296
2297 298.7048950195312 2297
2298 298.7047729492188 2298
2299 298.7047119140625 2299
2300 298.7047729492188 2300
2301 298.7048645019531 2301
2302 298.705078125 2302
2303 298.7053527832031 2303
2304 298.7057495117188 2304
2305 298.7062072753906 2305
2306 298.7067260742188 2306
2307 298.7073669433594 2307
2308 298.7080688476562 2308
2309 298.7088623046875 2309
2310 298.7096862792969 2310
2311 298.7106628417969 2311
2312 298.711669921875 2312
2313 298.7127685546875 2313
2314 298.7139587402344 2314
2315 298.7152099609375 2315
2316 298.716552734375 2316
2317 298.7179260253906 2317
2318 298.7194213867188 2318
2319 298.7210083007812 2319
2320 298.7226257324219 2320
2321 298.724365234375 2321
2322 298.7261352539062 2322
2323 298.7279663085938 2323
2324 298.7299194335938 2324
2325 298.7319030761719 2325
2326 298.7339782714844 2326
2327 298.736083984375 2327
2328 298.7383117675781 2328
2329 298.7405395507812 2329
2330 298.7428588867188 2330
2331 298.7452392578125 2331
2332 298.7476806640625 2332
2333 298.750244140625 2333
2334 298.7527770996094 2334
2335 298.7554321289062 2335
2336 298.7581176757812 2336
2337 298.7608337402344 2337
2338 298.763671875 2338
2339 298.7665100097656 2339
2340 298.7694091796875 2340
2341 298.7723693847656 2341
2342 298.7753601074219 2342
2343 298.7784118652344 2343
2344 298.7815551757812 2344
2345 298.78466796875 2345
2346 298.7878723144531 2346
2347 298.7910766601562 2347
2348 298.7943725585938 2348
2349 298.7977294921875 2349
2350 298.8010864257812 2350
2351 298.8044738769531 2351
2352 298.8079223632812 2352
2353 298.8113708496094 2353
2354 298.8148803710938 2354
2355 298.8184204101562 2355
2356 298.8219604492188 2356
2357 298.8255920410156 2357
2358 298.8292541503906 2358
2359 298.8328857421875 2359
2360 298.8365783691406 2360
2361 298.8403015136719 2361
2362 298.8440246582031 2362
2363 298.8477783203125 2363
2364 298.8515625 2364
2365 298.8553466796875 2365
2366 298.8591613769531 2366
2367 298.8629760742188 2367
2368 298.8668212890625 2368
2369 298.8706970214844 2369
2370 298.8745727539062 2370
2371 298.87841796875 2371
2372 298.88232421875 2372
2373 298.88623046875 2373
2374 298.89013671875 2374
2375 298.89404296875 2375
2376 298.8980102539062 2376
2377 298.9018859863281 2377
2378 298.9058227539062 2378
2379 298.9097595214844 2379
2380 298.9136657714844 2380
2381 298.9175720214844 2381
2382 298.9215087890625 2382
2383 298.9254150390625 2383
2384 298.9293212890625 2384
2385 298.9332275390625 2385
2386 298.9371032714844 2386
2387 298.9409790039062 2387
2388 298.9448547363281 2388
2389 298.94873046875 2389
2390 298.9525451660156 2390
2391 298.9563598632812 2391
2392 298.9601745605469 2392
2393 298.9639587402344 2393
2394 298.9677429199219 2394
2395 298.9714965820312 2395
2396 298.9752197265625 2396
2397 298.9789123535156 2397
2398 298.9826354980469 2398
2399 298.9862670898438 2399
2400 298.9898986816406 2400
2401 298.9935302734375 2401
2402 298.9970703125 2402
2403 299.0006103515625 2403
2404 299.004150390625 2404
2405 299.0075988769531 2405
2406 299.0110778808594 2406
2407 299.0144958496094 2407
2408 299.0178833007812 2408
2409 299.0211791992188 2409
2410 299.0245361328125 2410
2411 299.0278015136719 2411
2412 299.031005859375 2412
2413 299.0341796875 2413
2414 299.037353515625 2414
2415 299.0404357910156 2415
2416 299.0434875488281 2416
2417 299.0465087890625 2417
2418 299.0494384765625 2418
2419 299.0523681640625 2419
2420 299.0552368164062 2420
2421 299.0580444335938 2421
2422 299.060791015625 2422
2423 299.0635070800781 2423
2424 299.066162109375 2424
2425 299.0687561035156 2425
2426 299.0713195800781 2426
2427 299.0738220214844 2427
2428 299.0762329101562 2428
2429 299.07861328125 2429
2430 299.0809326171875 2430
2431 299.0831909179688 2431
2432 299.0854187011719 2432
2433 299.0875549316406 2433
2434 299.0896301269531 2434
2435 299.0916137695312 2435
2436 299.0935668945312 2436
2437 299.095458984375 2437
2438 299.0972595214844 2438
2439 299.0989990234375 2439
2440 299.1007080078125 2440
2441 299.102294921875 2441
2442 299.1038513183594 2442
2443 299.1052856445312 2443
2444 299.1067199707031 2444
2445 299.1080322265625 2445
2446 299.1092834472656 2446
2447 299.1104431152344 2447
2448 299.1115417480469 2448
2449 299.1125793457031 2449
2450 299.113525390625 2450
2451 299.1144104003906 2451
2452 299.1152038574219 2452
2453 299.1159362792969 2453
2454 299.1165466308594 2454
2455 299.1170959472656 2455
2456 299.1175537109375 2456
2457 299.1179809570312 2457
2458 299.1182861328125 2458
2459 299.1185302734375 2459
2460 299.11865234375 2460
2461 299.1187133789062 2461
2462 299.1187133789062 2462
2463 299.1185913085938 2463
2464 299.118408203125 2464
2465 299.1181335449219 2465
2466 299.1177673339844 2466
2467 299.1173095703125 2467
2468 299.1167907714844 2468
2469 299.1161804199219 2469
2470 299.1154479980469 2470
2471 299.1146545410156 2471
2472 299.11376953125 2472
2473 299.11279296875 2473
2474 299.1117553710938 2474
2475 299.110595703125 2475
2476 299.109375 2476
2477 299.1080627441406 2477
2478 299.1066589355469 2478
2479 299.1051940917969 2479
2480 299.1036376953125 2480
2481 299.1019897460938 2481
2482 299.1002807617188 2482
2483 299.0984497070312 2483
2484 299.0965881347656 2484
2485 299.0946350097656 2485
2486 299.0925903320312 2486
2487 299.0905151367188 2487
2488 299.0882873535156 2488
2489 299.0860595703125 2489
2490 299.0837097167969 2490
2491 299.0813293457031 2491
2492 299.078857421875 2492
2493 299.0763549804688 2493
2494 299.0737609863281 2494
2495 299.0711059570312 2495
2496 299.0684204101562 2496
2497 299.065673828125 2497
2498 299.0628356933594 2498
2499 299.0599975585938 2499
2500 299.0570678710938 2500
