"point-a-rfile"
"Time Step" "point-a etc.."
("Time Step" "point-a" "flow-time")
0 283 0
1 283 1
2 283 2
3 283 3
4 283 4
5 283 5
6 283 6
7 283 7
8 283 8
9 283 9
10 283 10
11 283 11
12 283 12
13 283 13
14 283 14
15 283 15
16 283 16
17 283 17
18 283 18
19 283 19
20 283 20
21 283 21
22 283 22
23 283 23
24 283 24
25 283 25
26 283 26
27 283 27
28 283 28
29 283 29
30 283 30
31 283 31
32 283 32
33 283 33
34 283 34
35 283 35
36 283 36
37 283 37
38 283 38
39 283 39
40 283 40
41 283 41
42 283 42
43 283 43
44 283 44
45 283 45
46 283.0000305175781 46
47 283.0000305175781 47
48 283.0000305175781 48
49 283.0000610351562 49
50 283.0000610351562 50
51 283.0000610351562 51
52 283.0000610351562 52
53 283.0000610351562 53
54 283.0000915527344 54
55 283.0000915527344 55
56 283.0001220703125 56
57 283.0001220703125 57
58 283.0001525878906 58
59 283.0001525878906 59
60 283.0001831054688 60
61 283.0001831054688 61
62 283.000244140625 62
63 283.0003051757812 63
64 283.0003356933594 64
65 283.0003356933594 65
66 283.0003967285156 66
67 283.0004272460938 67
68 283.00048828125 68
69 283.0005493164062 69
70 283.0006408691406 70
71 283.0006713867188 71
72 283.0007934570312 72
73 283.0008544921875 73
74 283.0009460449219 74
75 283.0010375976562 75
76 283.0011291503906 76
77 283.001220703125 77
78 283.0013427734375 78
79 283.00146484375 79
80 283.0016174316406 80
81 283.0017700195312 81
82 283.0019226074219 82
83 283.0020751953125 83
84 283.0022583007812 84
85 283.00244140625 85
86 283.0026550292969 86
87 283.0028686523438 87
88 283.0030517578125 88
89 283.0032958984375 89
90 283.0035400390625 90
91 283.0038146972656 91
92 283.0040893554688 92
93 283.0043640136719 93
94 283.0046997070312 94
95 283.0050048828125 95
96 283.0053100585938 96
97 283.0056457519531 97
98 283.0060119628906 98
99 283.0064086914062 99
100 283.0068054199219 100
101 283.0071716308594 101
102 283.0076293945312 102
103 283.0080871582031 103
104 283.0085144042969 104
105 283.0090026855469 105
106 283.0094909667969 106
107 283.0100402832031 107
108 283.0105590820312 108
109 283.0110778808594 109
110 283.0116577148438 110
111 283.0122375488281 111
112 283.0128479003906 112
113 283.0134887695312 113
114 283.0141296386719 114
115 283.0148010253906 115
116 283.0155029296875 116
117 283.0162353515625 117
118 283.0169372558594 118
119 283.0177001953125 119
120 283.0184631347656 120
121 283.0192565917969 121
122 283.0200500488281 122
123 283.0208740234375 123
124 283.021728515625 124
125 283.0226135253906 125
126 283.0235290527344 126
127 283.0244140625 127
128 283.0253601074219 128
129 283.0263061523438 129
130 283.0273132324219 130
131 283.0282897949219 131
132 283.0293273925781 132
133 283.0303649902344 133
134 283.0314025878906 134
135 283.0325317382812 135
136 283.0336303710938 136
137 283.0347290039062 137
138 283.0359191894531 138
139 283.0370483398438 139
140 283.0382690429688 140
141 283.0394287109375 141
142 283.0406799316406 142
143 283.0419311523438 143
144 283.043212890625 144
145 283.0444946289062 145
146 283.0458068847656 146
147 283.0471801757812 147
148 283.0484924316406 148
149 283.0498962402344 149
150 283.05126953125 150
151 283.0526733398438 151
152 283.0541076660156 152
153 283.0555725097656 153
154 283.0570678710938 154
155 283.0585327148438 155
156 283.06005859375 156
157 283.0615539550781 157
158 283.0631103515625 158
159 283.0646667480469 159
160 283.0662536621094 160
161 283.06787109375 161
162 283.0694580078125 162
163 283.0711059570312 163
164 283.07275390625 164
165 283.0744018554688 165
166 283.0760803222656 166
167 283.0777893066406 167
168 283.0794982910156 168
169 283.0812683105469 169
170 283.0830078125 170
171 283.0847473144531 171
172 283.0865173339844 172
173 283.0883178710938 173
174 283.0901184082031 174
175 283.0919494628906 175
176 283.0937805175781 176
177 283.0956420898438 177
178 283.0975341796875 178
179 283.0993957519531 179
180 283.1012573242188 180
181 283.1031799316406 181
182 283.1051025390625 182
183 283.1070556640625 183
184 283.1090087890625 184
185 283.1109313964844 185
186 283.1129150390625 186
187 283.1148681640625 187
188 283.1168518066406 188
189 283.118896484375 189
190 283.1208801269531 190
191 283.1228942871094 191
192 283.1249389648438 192
193 283.126953125 193
194 283.1290283203125 194
195 283.1310729980469 195
196 283.1331481933594 196
197 283.1351928710938 197
198 283.1373291015625 198
199 283.139404296875 199
200 283.1415405273438 200
201 283.1436157226562 201
202 283.1457214355469 202
203 283.1478576660156 203
204 283.1499938964844 204
205 283.1521301269531 205
206 283.154296875 206
207 283.1564331054688 207
208 283.1585693359375 208
209 283.1607360839844 209
210 283.1629028320312 210
211 283.1651000976562 211
212 283.1672668457031 212
213 283.1694641113281 213
214 283.171630859375 214
215 283.173828125 215
216 283.176025390625 216
217 283.17822265625 217
218 283.180419921875 218
219 283.1826171875 219
220 283.184814453125 220
221 283.18701171875 221
222 283.1892395019531 222
223 283.1914672851562 223
224 283.1936645507812 224
225 283.1958923339844 225
226 283.1980895996094 226
227 283.2003173828125 227
228 283.2025756835938 228
229 283.2047729492188 229
230 283.2070007324219 230
231 283.2091674804688 231
232 283.21142578125 232
233 283.213623046875 233
234 283.2158508300781 234
235 283.2181091308594 235
236 283.2203063964844 236
237 283.2225341796875 237
238 283.2247314453125 238
239 283.2269592285156 239
240 283.2291564941406 240
241 283.2313537597656 241
242 283.2335815429688 242
243 283.2358093261719 243
244 283.2379760742188 244
245 283.2401428222656 245
246 283.2423706054688 246
247 283.2445678710938 247
248 283.2467651367188 248
249 283.2489318847656 249
250 283.2510986328125 250
251 283.2532958984375 251
252 283.2554626464844 252
253 283.2576293945312 253
254 283.2597351074219 254
255 283.2619323730469 255
256 283.2640686035156 256
257 283.2662048339844 257
258 283.2683410644531 258
259 283.2704772949219 259
260 283.2725830078125 260
261 283.2747192382812 261
262 283.27685546875 262
263 283.2789611816406 263
264 283.2810668945312 264
265 283.2831420898438 265
266 283.2852478027344 266
267 283.2872924804688 267
268 283.2893981933594 268
269 283.2914428710938 269
270 283.2934875488281 270
271 283.2955017089844 271
272 283.2975463867188 272
273 283.2995910644531 273
274 283.3016357421875 274
275 283.3036193847656 275
276 283.3056335449219 276
277 283.3076171875 277
278 283.3096008300781 278
279 283.3115844726562 279
280 283.3135375976562 280
281 283.3154907226562 281
282 283.3174438476562 282
283 283.3193664550781 283
284 283.3212890625 284
285 283.3232116699219 285
286 283.3251342773438 286
287 283.3269958496094 287
288 283.3288879394531 288
289 283.3307495117188 289
290 283.3326110839844 290
291 283.33447265625 291
292 283.3363037109375 292
293 283.338134765625 293
294 283.3399353027344 294
295 283.3417358398438 295
296 283.3435363769531 296
297 283.3453063964844 297
298 283.3470764160156 298
299 283.3488159179688 299
300 283.3505554199219 300
301 283.352294921875 301
302 283.35400390625 302
303 283.3556823730469 303
304 283.3573913574219 304
305 283.3590698242188 305
306 283.3607177734375 306
307 283.3623657226562 307
308 283.3639831542969 308
309 283.3656005859375 309
310 283.3672485351562 310
311 283.3688354492188 311
312 283.3704223632812 312
313 283.3719482421875 313
314 283.37353515625 314
315 283.3750610351562 315
316 283.3766174316406 316
317 283.3781433105469 317
318 283.3796081542969 318
319 283.381103515625 319
320 283.3825988769531 320
321 283.3840637207031 321
322 283.3854675292969 322
323 283.3869323730469 323
324 283.3883361816406 324
325 283.3897399902344 325
326 283.3911437988281 326
327 283.3925170898438 327
328 283.3938903808594 328
329 283.3952331542969 329
330 283.3966064453125 330
331 283.3978881835938 331
332 283.3992309570312 332
333 283.4005432128906 333
334 283.4018249511719 334
335 283.4031372070312 335
336 283.4043884277344 336
337 283.4056701660156 337
338 283.4069213867188 338
339 283.4081726074219 339
340 283.4093933105469 340
341 283.41064453125 341
342 283.4118041992188 342
343 283.4130554199219 343
344 283.4142150878906 344
345 283.4154357910156 345
346 283.4166259765625 346
347 283.4177856445312 347
348 283.4189453125 348
349 283.4201354980469 349
350 283.4212951660156 350
351 283.4224548339844 351
352 283.4236145019531 352
353 283.4247436523438 353
354 283.4258728027344 354
355 283.4270324707031 355
356 283.4281616210938 356
357 283.4292907714844 357
358 283.430419921875 358
359 283.4315490722656 359
360 283.4326782226562 360
361 283.4338073730469 361
362 283.4349060058594 362
363 283.4360656738281 363
364 283.4371948242188 364
365 283.4383239746094 365
366 283.439453125 366
367 283.4405517578125 367
368 283.4417419433594 368
369 283.4428405761719 369
370 283.4440002441406 370
371 283.4451599121094 371
372 283.4462890625 372
373 283.4474487304688 373
374 283.4486083984375 374
375 283.4497680664062 375
376 283.4509582519531 376
377 283.4520874023438 377
378 283.4533081054688 378
379 283.4544982910156 379
380 283.4556884765625 380
381 283.4568786621094 381
382 283.4580993652344 382
383 283.4593200683594 383
384 283.4605407714844 384
385 283.4617614746094 385
386 283.4630126953125 386
387 283.4642944335938 387
388 283.4655151367188 388
389 283.466796875 389
390 283.4680480957031 390
391 283.4693908691406 391
392 283.4706420898438 392
393 283.4719543457031 393
394 283.4732971191406 394
395 283.474609375 395
396 283.4759216308594 396
397 283.4773254394531 397
398 283.4786376953125 398
399 283.4800109863281 399
400 283.4813842773438 400
401 283.4828186035156 401
402 283.4841918945312 402
403 283.4855651855469 403
404 283.4870300292969 404
405 283.4884643554688 405
406 283.4899291992188 406
407 283.4913940429688 407
408 283.4928283691406 408
409 283.4942932128906 409
410 283.4958190917969 410
411 283.497314453125 411
412 283.4988098144531 412
413 283.5003356933594 413
414 283.5018615722656 414
415 283.5034484863281 415
416 283.5049743652344 416
417 283.5065612792969 417
418 283.5081176757812 418
419 283.5097045898438 419
420 283.5113220214844 420
421 283.512939453125 421
422 283.5145568847656 422
423 283.5161743164062 423
424 283.517822265625 424
425 283.5194702148438 425
426 283.5211181640625 426
427 283.5228271484375 427
428 283.5245056152344 428
429 283.5261840820312 429
430 283.5278625488281 430
431 283.5296020507812 431
432 283.5313110351562 432
433 283.5330200195312 433
434 283.5347900390625 434
435 283.5365600585938 435
436 283.5382690429688 436
437 283.5400695800781 437
438 283.5418090820312 438
439 283.5436096191406 439
440 283.5453796386719 440
441 283.5471496582031 441
442 283.5489807128906 442
443 283.5508117675781 443
444 283.5526123046875 444
445 283.554443359375 445
446 283.5562438964844 446
447 283.5581359863281 447
448 283.5599365234375 448
449 283.5617980957031 449
450 283.5636596679688 450
451 283.5655212402344 451
452 283.5673522949219 452
453 283.5692749023438 453
454 283.5711364746094 454
455 283.5730285644531 455
456 283.5749206542969 456
457 283.5768432617188 457
458 283.5787048339844 458
459 283.5805969238281 459
460 283.58251953125 460
461 283.5844116210938 461
462 283.5863647460938 462
463 283.5882568359375 463
464 283.5901794433594 464
465 283.5920715332031 465
466 283.5940246582031 466
467 283.595947265625 467
468 283.5978698730469 468
469 283.5998229980469 469
470 283.6017456054688 470
471 283.6036987304688 471
472 283.6055908203125 472
473 283.6075439453125 473
474 283.6094665527344 474
475 283.6114196777344 475
476 283.6133728027344 476
477 283.6152954101562 477
478 283.6172485351562 478
479 283.6191711425781 479
480 283.6211242675781 480
481 283.6230773925781 481
482 283.625 482
483 283.626953125 483
484 283.6288757324219 484
485 283.6307983398438 485
486 283.6327514648438 486
487 283.6346740722656 487
488 283.6365661621094 488
489 283.6385192871094 489
490 283.6404418945312 490
491 283.642333984375 491
492 283.644287109375 492
493 283.6461791992188 493
494 283.6480712890625 494
495 283.6499938964844 495
496 283.6518859863281 496
497 283.6537780761719 497
498 283.6557006835938 498
499 283.6575927734375 499
500 283.6594848632812 500
501 283.6613464355469 501
502 283.6632080078125 502
503 283.6651000976562 503
504 283.6669311523438 504
505 283.6688232421875 505
506 283.670654296875 506
507 283.6724853515625 507
508 283.6743469238281 508
509 283.6761474609375 509
510 283.677978515625 510
511 283.6798095703125 511
512 283.681640625 512
513 283.6834411621094 513
514 283.6852416992188 514
515 283.6870422363281 515
516 283.6888122558594 516
517 283.6905822753906 517
518 283.6923217773438 518
519 283.6941528320312 519
520 283.6958618164062 520
521 283.6976013183594 521
522 283.6993713378906 522
523 283.7010803222656 523
524 283.7027587890625 524
525 283.7044982910156 525
526 283.7061767578125 526
527 283.7078857421875 527
528 283.7095336914062 528
529 283.7112121582031 529
530 283.7128601074219 530
531 283.7145080566406 531
532 283.7161865234375 532
533 283.7177429199219 533
534 283.7193603515625 534
535 283.7210083007812 535
536 283.7225952148438 536
537 283.7241516113281 537
538 283.7257385253906 538
539 283.727294921875 539
540 283.7288208007812 540
541 283.7303771972656 541
542 283.7318725585938 542
543 283.7333984375 543
544 283.7349243164062 544
545 283.7363891601562 545
546 283.7378234863281 546
547 283.7393493652344 547
548 283.7407836914062 548
549 283.7421875 549
550 283.7436218261719 550
551 283.7450256347656 551
552 283.7464294433594 552
553 283.747802734375 553
554 283.7491760253906 554
555 283.7505187988281 555
556 283.7518615722656 556
557 283.7532043457031 557
558 283.7545166015625 558
559 283.7557983398438 559
560 283.7571105957031 560
561 283.7583618164062 561
562 283.7596740722656 562
563 283.7608642578125 563
564 283.7621154785156 564
565 283.7633056640625 565
566 283.7645263671875 566
567 283.7656860351562 567
568 283.7668762207031 568
569 283.7680053710938 569
570 283.7691345214844 570
571 283.7702941894531 571
572 283.7713623046875 572
573 283.7724609375 573
574 283.7735290527344 574
575 283.7745971679688 575
576 283.775634765625 576
577 283.7766723632812 577
578 283.7777099609375 578
579 283.7786560058594 579
580 283.7796630859375 580
581 283.7806091308594 581
582 283.7815551757812 582
583 283.7825012207031 583
584 283.7834167480469 584
585 283.7843322753906 585
586 283.7852172851562 586
587 283.7861022949219 587
588 283.7869262695312 588
589 283.7877807617188 589
590 283.7886047363281 590
591 283.7893981933594 591
592 283.7901916503906 592
593 283.7909545898438 593
594 283.791748046875 594
595 283.7924499511719 595
596 283.7931823730469 596
597 283.7939453125 597
598 283.7946166992188 598
599 283.7953186035156 599
600 283.7959594726562 600
601 283.7966613769531 601
602 283.7972717285156 602
603 283.7979125976562 603
604 283.798583984375 604
605 283.7991638183594 605
606 283.7998046875 606
607 283.8003540039062 607
608 283.8009033203125 608
609 283.8014526367188 609
610 283.8020324707031 610
611 283.8025817871094 611
612 283.8031005859375 612
613 283.8036499023438 613
614 283.8041381835938 614
615 283.8046875 615
616 283.8051452636719 616
617 283.8056335449219 617
618 283.80615234375 618
619 283.806640625 619
620 283.8070983886719 620
621 283.8075561523438 621
622 283.8080139160156 622
623 283.8084716796875 623
624 283.8089294433594 624
625 283.8094177246094 625
626 283.8098449707031 626
627 283.8102722167969 627
628 283.8106994628906 628
629 283.8111572265625 629
630 283.8116149902344 630
631 283.8120727539062 631
632 283.8124694824219 632
633 283.8129272460938 633
634 283.8133544921875 634
635 283.8138122558594 635
636 283.8142700195312 636
637 283.8147277832031 637
638 283.8151550292969 638
639 283.8156127929688 639
640 283.8160705566406 640
641 283.8165588378906 641
642 283.8170166015625 642
643 283.8174743652344 643
644 283.8179321289062 644
645 283.8184509277344 645
646 283.8189697265625 646
647 283.8194274902344 647
648 283.8199462890625 648
649 283.8204650878906 649
650 283.8210144042969 650
651 283.8215026855469 651
652 283.8220520019531 652
653 283.8226013183594 653
654 283.8231811523438 654
655 283.82373046875 655
656 283.8242797851562 656
657 283.8248901367188 657
658 283.8254699707031 658
659 283.8260803222656 659
660 283.8266906738281 660
661 283.8273010253906 661
662 283.8279418945312 662
663 283.8285827636719 663
664 283.8292236328125 664
665 283.8298950195312 665
666 283.8305969238281 666
667 283.831298828125 667
668 283.8320007324219 668
669 283.8327026367188 669
670 283.8334350585938 670
671 283.8341674804688 671
672 283.8348999023438 672
673 283.8356628417969 673
674 283.8364562988281 674
675 283.8372192382812 675
676 283.8380432128906 676
677 283.8388366699219 677
678 283.8396606445312 678
679 283.8405151367188 679
680 283.8414001464844 680
681 283.8422241210938 681
682 283.8430786132812 682
683 283.843994140625 683
684 283.8448791503906 684
685 283.8458251953125 685
686 283.8467407226562 686
687 283.84765625 687
688 283.8486022949219 688
689 283.8495483398438 689
690 283.8505554199219 690
691 283.8515319824219 691
692 283.8525085449219 692
693 283.853515625 693
694 283.8545532226562 694
695 283.8555603027344 695
696 283.8565979003906 696
697 283.857666015625 697
698 283.8587341308594 698
699 283.8598022460938 699
700 283.8609008789062 700
701 283.8619384765625 701
702 283.8630981445312 702
703 283.8641967773438 703
704 283.8653259277344 704
705 283.866455078125 705
706 283.8675842285156 706
707 283.8687438964844 707
708 283.869873046875 708
709 283.8710632324219 709
710 283.8722229003906 710
711 283.8734436035156 711
712 283.8746337890625 712
713 283.8758239746094 713
714 283.8770751953125 714
715 283.8782653808594 715
716 283.8795166015625 716
717 283.8807373046875 717
718 283.8820190429688 718
719 283.8832397460938 719
720 283.8844909667969 720
721 283.8858032226562 721
722 283.8870239257812 722
723 283.8883056640625 723
724 283.8896179199219 724
725 283.8908996582031 725
726 283.8922119140625 726
727 283.8934936523438 727
728 283.8948364257812 728
729 283.8961181640625 729
730 283.8974304199219 730
731 283.8987731933594 731
732 283.9000854492188 732
733 283.9014282226562 733
734 283.9027404785156 734
735 283.9040832519531 735
736 283.9054260253906 736
737 283.9067687988281 737
738 283.9081115722656 738
739 283.9094848632812 739
740 283.9107971191406 740
741 283.9121704101562 741
742 283.9135131835938 742
743 283.9148864746094 743
744 283.9162292480469 744
745 283.9176330566406 745
746 283.9189758300781 746
747 283.9203491210938 747
748 283.9216918945312 748
749 283.9230651855469 749
750 283.9244079589844 750
751 283.92578125 751
752 283.9271850585938 752
753 283.9285278320312 753
754 283.9298706054688 754
755 283.9312438964844 755
756 283.9325866699219 756
757 283.9339599609375 757
758 283.9353332519531 758
759 283.9366760253906 759
760 283.9380187988281 760
761 283.9393920898438 761
762 283.9407348632812 762
763 283.9420776367188 763
764 283.9434204101562 764
765 283.9447326660156 765
766 283.9461059570312 766
767 283.9474487304688 767
768 283.9487609863281 768
769 283.9500732421875 769
770 283.9513854980469 770
771 283.9526977539062 771
772 283.9540405273438 772
773 283.9553527832031 773
774 283.9566345214844 774
775 283.9579162597656 775
776 283.959228515625 776
777 283.9605102539062 777
778 283.9617919921875 778
779 283.9630432128906 779
780 283.9643249511719 780
781 283.965576171875 781
782 283.9668273925781 782
783 283.9680786132812 783
784 283.9693298339844 784
785 283.9705505371094 785
786 283.9718017578125 786
787 283.9730224609375 787
788 283.9742126464844 788
789 283.9754028320312 789
790 283.9766235351562 790
791 283.9778442382812 791
792 283.9789733886719 792
793 283.9801635742188 793
794 283.9813232421875 794
795 283.9824523925781 795
796 283.9836120605469 796
797 283.9847106933594 797
798 283.9858703613281 798
799 283.9869384765625 799
800 283.9880676269531 800
801 283.9891662597656 801
802 283.9902648925781 802
803 283.9913024902344 803
804 283.9923706054688 804
805 283.9934387207031 805
806 283.9944763183594 806
807 283.9955139160156 807
808 283.9965515136719 808
809 283.99755859375 809
810 283.99853515625 810
811 283.99951171875 811
812 284.0005187988281 812
813 284.00146484375 813
814 284.0024108886719 814
815 284.0033569335938 815
816 284.0042724609375 816
817 284.0051879882812 817
818 284.006103515625 818
819 284.0069885253906 819
820 284.0078735351562 820
821 284.0087280273438 821
822 284.0095825195312 822
823 284.0104370117188 823
824 284.01123046875 824
825 284.0120544433594 825
826 284.0128784179688 826
827 284.0136413574219 827
828 284.0144348144531 828
829 284.01513671875 829
830 284.0158996582031 830
831 284.0166320800781 831
832 284.017333984375 832
833 284.01806640625 833
834 284.0187377929688 834
835 284.0194091796875 835
836 284.0200500488281 836
837 284.0206604003906 837
838 284.0213012695312 838
839 284.0219116210938 839
840 284.0225219726562 840
841 284.0231323242188 841
842 284.023681640625 842
843 284.024169921875 843
844 284.0247497558594 844
845 284.0252685546875 845
846 284.0257873535156 846
847 284.0262451171875 847
848 284.0267333984375 848
849 284.0271911621094 849
850 284.0276489257812 850
851 284.028076171875 851
852 284.0284729003906 852
853 284.0288696289062 853
854 284.0292358398438 854
855 284.0296020507812 855
856 284.0299377441406 856
857 284.0303039550781 857
858 284.0306091308594 858
859 284.0308837890625 859
860 284.0311889648438 860
861 284.031494140625 861
862 284.0317687988281 862
863 284.031982421875 863
864 284.0321960449219 864
865 284.0324096679688 865
866 284.0326232910156 866
867 284.0328063964844 867
868 284.0329895019531 868
869 284.0331420898438 869
870 284.0332946777344 870
871 284.0333862304688 871
872 284.0335083007812 872
873 284.0336303710938 873
874 284.0337524414062 874
875 284.0338439941406 875
876 284.0339050292969 876
877 284.033935546875 877
878 284.0339965820312 878
879 284.0340270996094 879
880 284.0340881347656 880
881 284.0341186523438 881
882 284.0341186523438 882
883 284.0341186523438 883
884 284.0341491699219 884
885 284.0341186523438 885
886 284.0341186523438 886
887 284.0340576171875 887
888 284.0340576171875 888
889 284.0340576171875 889
890 284.0339965820312 890
891 284.0339660644531 891
892 284.0339050292969 892
893 284.0338745117188 893
894 284.0338134765625 894
895 284.0337524414062 895
896 284.0337219238281 896
897 284.0336303710938 897
898 284.0335998535156 898
899 284.0335693359375 899
900 284.0334777832031 900
901 284.033447265625 901
902 284.0333862304688 902
903 284.0333557128906 903
904 284.0332641601562 904
905 284.0332336425781 905
906 284.033203125 906
907 284.0331726074219 907
908 284.0331420898438 908
909 284.0330810546875 909
910 284.0330810546875 910
911 284.0330810546875 911
912 284.0330810546875 912
913 284.0330505371094 913
914 284.0330505371094 914
915 284.0330810546875 915
916 284.0330810546875 916
917 284.0331115722656 917
918 284.0331420898438 918
919 284.033203125 919
920 284.0332641601562 920
921 284.0333251953125 921
922 284.0333862304688 922
923 284.0334777832031 923
924 284.0335693359375 924
925 284.03369140625 925
926 284.0337829589844 926
927 284.0339050292969 927
928 284.0340576171875 928
929 284.0342102050781 929
930 284.0343933105469 930
931 284.0345458984375 931
932 284.0347595214844 932
933 284.0349426269531 933
934 284.03515625 934
935 284.0353698730469 935
936 284.0356140136719 936
937 284.0358581542969 937
938 284.0361022949219 938
939 284.036376953125 939
940 284.0366821289062 940
941 284.0369873046875 941
942 284.0373229980469 942
943 284.0376281738281 943
944 284.0379638671875 944
945 284.038330078125 945
946 284.0387268066406 946
947 284.0390930175781 947
948 284.0394897460938 948
949 284.0399169921875 949
950 284.0403442382812 950
951 284.040771484375 951
952 284.0411987304688 952
953 284.0416870117188 953
954 284.0421752929688 954
955 284.0426330566406 955
956 284.0431518554688 956
957 284.0436401367188 957
958 284.044189453125 958
959 284.0447692871094 959
960 284.0452880859375 960
961 284.0458679199219 961
962 284.0464782714844 962
963 284.0470581054688 963
964 284.0476989746094 964
965 284.0483093261719 965
966 284.0489196777344 966
967 284.049560546875 967
968 284.0502319335938 968
969 284.0509033203125 969
970 284.0515747070312 970
971 284.0522766113281 971
972 284.052978515625 972
973 284.0536804199219 973
974 284.0544128417969 974
975 284.0551452636719 975
976 284.0558776855469 976
977 284.0566711425781 977
978 284.0574340820312 978
979 284.0581665039062 979
980 284.0589904785156 980
981 284.0597534179688 981
982 284.0605773925781 982
983 284.0614013671875 983
984 284.062255859375 984
985 284.0630798339844 985
986 284.0639038085938 986
987 284.0647888183594 987
988 284.0656127929688 988
989 284.0664672851562 989
990 284.0673828125 990
991 284.0682373046875 991
992 284.0691528320312 992
993 284.0700378417969 993
994 284.0709533691406 994
995 284.0718383789062 995
996 284.0727844238281 996
997 284.0736694335938 997
998 284.0746154785156 998
999 284.0755615234375 999
1000 284.0765075683594 1000
1001 284.0774536132812 1001
1002 284.0783996582031 1002
1003 284.0793762207031 1003
1004 284.080322265625 1004
1005 284.081298828125 1005
1006 284.082275390625 1006
1007 284.0832214355469 1007
1008 284.084228515625 1008
1009 284.0851745605469 1009
1010 284.086181640625 1010
1011 284.087158203125 1011
1012 284.0881652832031 1012
1013 284.0891418457031 1013
1014 284.0901489257812 1014
1015 284.0911254882812 1015
1016 284.0921325683594 1016
1017 284.0931091308594 1017
1018 284.0941467285156 1018
1019 284.0951538085938 1019
1020 284.0961303710938 1020
1021 284.0971374511719 1021
1022 284.09814453125 1022
1023 284.0991516113281 1023
1024 284.1001281738281 1024
1025 284.1011352539062 1025
1026 284.1021423339844 1026
1027 284.1031494140625 1027
1028 284.1041259765625 1028
1029 284.1051330566406 1029
1030 284.1061401367188 1030
1031 284.1071472167969 1031
1032 284.108154296875 1032
1033 284.109130859375 1033
1034 284.110107421875 1034
1035 284.111083984375 1035
1036 284.1120910644531 1036
1037 284.1130676269531 1037
1038 284.114013671875 1038
1039 284.114990234375 1039
1040 284.1159973144531 1040
1041 284.1169128417969 1041
1042 284.117919921875 1042
1043 284.1188354492188 1043
1044 284.1198120117188 1044
1045 284.1207580566406 1045
1046 284.1217346191406 1046
1047 284.1226501464844 1047
1048 284.1235656738281 1048
1049 284.1244812011719 1049
1050 284.1253967285156 1050
1051 284.1263427734375 1051
1052 284.1272583007812 1052
1053 284.1281433105469 1053
1054 284.1290283203125 1054
1055 284.1299438476562 1055
1056 284.1307983398438 1056
1057 284.1316833496094 1057
1058 284.1325378417969 1058
1059 284.1333923339844 1059
1060 284.1342468261719 1060
1061 284.1351013183594 1061
1062 284.1359252929688 1062
1063 284.1367797851562 1063
1064 284.1375732421875 1064
1065 284.1383972167969 1065
1066 284.1391906738281 1066
1067 284.1400146484375 1067
1068 284.1407470703125 1068
1069 284.1415405273438 1069
1070 284.1423034667969 1070
1071 284.14306640625 1071
1072 284.143798828125 1072
1073 284.1445617675781 1073
1074 284.145263671875 1074
1075 284.14599609375 1075
1076 284.1466979980469 1076
1077 284.1473999023438 1077
1078 284.1480407714844 1078
1079 284.1487426757812 1079
1080 284.1494140625 1080
1081 284.1500244140625 1081
1082 284.1506958007812 1082
1083 284.1513366699219 1083
1084 284.1519470214844 1084
1085 284.1525573730469 1085
1086 284.1531372070312 1086
1087 284.1537170410156 1087
1088 284.1542663574219 1088
1089 284.1548461914062 1089
1090 284.1553955078125 1090
1091 284.1558837890625 1091
1092 284.1564331054688 1092
1093 284.1569213867188 1093
1094 284.1574096679688 1094
1095 284.1579284667969 1095
1096 284.1583862304688 1096
1097 284.1588439941406 1097
1098 284.1592712402344 1098
1099 284.1596984863281 1099
1100 284.1601257324219 1100
1101 284.1604919433594 1101
1102 284.1609191894531 1102
1103 284.1612548828125 1103
1104 284.16162109375 1104
1105 284.1619567871094 1105
1106 284.1623229980469 1106
1107 284.1626281738281 1107
1108 284.1628723144531 1108
1109 284.1632080078125 1109
1110 284.1634826660156 1110
1111 284.1636962890625 1111
1112 284.1639709472656 1112
1113 284.1641540527344 1113
1114 284.1643676757812 1114
1115 284.1645812988281 1115
1116 284.1647338867188 1116
1117 284.1649475097656 1117
1118 284.1650695800781 1118
1119 284.1651916503906 1119
1120 284.1653442382812 1120
1121 284.1654357910156 1121
1122 284.16552734375 1122
1123 284.1656188964844 1123
1124 284.1656494140625 1124
1125 284.1657104492188 1125
1126 284.1657409667969 1126
1127 284.165771484375 1127
1128 284.1657409667969 1128
1129 284.1657104492188 1129
1130 284.1656799316406 1130
1131 284.1656799316406 1131
1132 284.1655883789062 1132
1133 284.16552734375 1133
1134 284.1654357910156 1134
1135 284.1653442382812 1135
1136 284.1652221679688 1136
1137 284.1651000976562 1137
1138 284.1649780273438 1138
1139 284.164794921875 1139
1140 284.1646118164062 1140
1141 284.1644592285156 1141
1142 284.1642761230469 1142
1143 284.1640625 1143
1144 284.163818359375 1144
1145 284.1636047363281 1145
1146 284.1633911132812 1146
1147 284.1631469726562 1147
1148 284.1628723144531 1148
1149 284.1626281738281 1149
1150 284.162353515625 1150
1151 284.1620788574219 1151
1152 284.1618041992188 1152
1153 284.1615295410156 1153
1154 284.1611938476562 1154
1155 284.1609191894531 1155
1156 284.1605834960938 1156
1157 284.1602783203125 1157
1158 284.1599731445312 1158
1159 284.1596374511719 1159
1160 284.1592712402344 1160
1161 284.158935546875 1161
1162 284.1586608886719 1162
1163 284.1582641601562 1163
1164 284.157958984375 1164
1165 284.1576232910156 1165
1166 284.1572570800781 1166
1167 284.1569519042969 1167
1168 284.1565856933594 1168
1169 284.15625 1169
1170 284.1559143066406 1170
1171 284.1555786132812 1171
1172 284.1552734375 1172
1173 284.1549377441406 1173
1174 284.1546020507812 1174
1175 284.1542663574219 1175
1176 284.1539611816406 1176
1177 284.1536560058594 1177
1178 284.1533508300781 1178
1179 284.1530456542969 1179
1180 284.1527404785156 1180
1181 284.1524963378906 1181
1182 284.1522216796875 1182
1183 284.1519165039062 1183
1184 284.1516723632812 1184
1185 284.1513977050781 1185
1186 284.1511840820312 1186
1187 284.1509094238281 1187
1188 284.1506958007812 1188
1189 284.1504821777344 1189
1190 284.1502685546875 1190
1191 284.1500549316406 1191
1192 284.14990234375 1192
1193 284.1497192382812 1193
1194 284.1495666503906 1194
1195 284.1493835449219 1195
1196 284.1492614746094 1196
1197 284.1491394042969 1197
1198 284.1490478515625 1198
1199 284.1489562988281 1199
1200 284.1488342285156 1200
1201 284.1487731933594 1201
1202 284.148681640625 1202
1203 284.1486206054688 1203
1204 284.1485900878906 1204
1205 284.1485900878906 1205
1206 284.1485595703125 1206
1207 284.1485595703125 1207
1208 284.1486206054688 1208
1209 284.1486511230469 1209
1210 284.148681640625 1210
1211 284.1487731933594 1211
1212 284.1488037109375 1212
1213 284.1488952636719 1213
1214 284.1489868164062 1214
1215 284.1491088867188 1215
1216 284.1492614746094 1216
1217 284.1493835449219 1217
1218 284.1495361328125 1218
1219 284.1497497558594 1219
1220 284.1499633789062 1220
1221 284.150146484375 1221
1222 284.150390625 1222
1223 284.1505737304688 1223
1224 284.1508483886719 1224
1225 284.1510620117188 1225
1226 284.1513977050781 1226
1227 284.1516723632812 1227
1228 284.1519775390625 1228
1229 284.1523132324219 1229
1230 284.1526184082031 1230
1231 284.1529235839844 1231
1232 284.1533203125 1232
1233 284.1536865234375 1233
1234 284.154052734375 1234
1235 284.1544799804688 1235
1236 284.1548461914062 1236
1237 284.1552734375 1237
1238 284.1557312011719 1238
1239 284.1561584472656 1239
1240 284.1566162109375 1240
1241 284.1571044921875 1241
1242 284.1575622558594 1242
1243 284.1580810546875 1243
1244 284.1585693359375 1244
1245 284.1590881347656 1245
1246 284.1596374511719 1246
1247 284.16015625 1247
1248 284.1607360839844 1248
1249 284.1612854003906 1249
1250 284.161865234375 1250
1251 284.1624145507812 1251
1252 284.1630249023438 1252
1253 284.1636047363281 1253
1254 284.1642456054688 1254
1255 284.1648559570312 1255
1256 284.1654968261719 1256
1257 284.1661071777344 1257
1258 284.166748046875 1258
1259 284.1674194335938 1259
1260 284.1680603027344 1260
1261 284.1687316894531 1261
1262 284.16943359375 1262
1263 284.1701049804688 1263
1264 284.1708068847656 1264
1265 284.1715087890625 1265
1266 284.1722106933594 1266
1267 284.1729431152344 1267
1268 284.1736450195312 1268
1269 284.1743774414062 1269
1270 284.1751098632812 1270
1271 284.1758728027344 1271
1272 284.1766052246094 1272
1273 284.1773376464844 1273
1274 284.1781311035156 1274
1275 284.1788635253906 1275
1276 284.1795959472656 1276
1277 284.1803588867188 1277
1278 284.18115234375 1278
1279 284.1819152832031 1279
1280 284.1826782226562 1280
1281 284.1834716796875 1281
1282 284.1842651367188 1282
1283 284.18505859375 1283
1284 284.1858215332031 1284
1285 284.1866149902344 1285
1286 284.1874084472656 1286
1287 284.1882019042969 1287
1288 284.1889953613281 1288
1289 284.1898193359375 1289
1290 284.1906127929688 1290
1291 284.19140625 1291
1292 284.1922302246094 1292
1293 284.1929931640625 1293
1294 284.1938171386719 1294
1295 284.1946105957031 1295
1296 284.1954040527344 1296
1297 284.1961975097656 1297
1298 284.1969909667969 1298
1299 284.1977844238281 1299
1300 284.1985778808594 1300
1301 284.1994018554688 1301
1302 284.2001647949219 1302
1303 284.2009887695312 1303
1304 284.2017517089844 1304
1305 284.2025451660156 1305
1306 284.2033081054688 1306
1307 284.2041015625 1307
1308 284.2048645019531 1308
1309 284.2056579589844 1309
1310 284.2064208984375 1310
1311 284.2071838378906 1311
1312 284.2079467773438 1312
1313 284.2086791992188 1313
1314 284.20947265625 1314
1315 284.210205078125 1315
1316 284.2109680175781 1316
1317 284.2117004394531 1317
1318 284.2124328613281 1318
1319 284.2131652832031 1319
1320 284.2138977050781 1320
1321 284.2145690917969 1321
1322 284.2153015136719 1322
1323 284.2160034179688 1323
1324 284.2167053222656 1324
1325 284.2174072265625 1325
1326 284.2181091308594 1326
1327 284.2187805175781 1327
1328 284.2194519042969 1328
1329 284.2200927734375 1329
1330 284.2207641601562 1330
1331 284.2214050292969 1331
1332 284.2220458984375 1332
1333 284.22265625 1333
1334 284.2232971191406 1334
1335 284.2239379882812 1335
1336 284.2245178222656 1336
1337 284.2251281738281 1337
1338 284.2257080078125 1338
1339 284.226318359375 1339
1340 284.2268981933594 1340
1341 284.2274475097656 1341
1342 284.2279663085938 1342
1343 284.228515625 1343
1344 284.2290344238281 1344
1345 284.2295532226562 1345
1346 284.2300720214844 1346
1347 284.2305908203125 1347
1348 284.2310791015625 1348
1349 284.2315673828125 1349
1350 284.2320251464844 1350
1351 284.2325134277344 1351
1352 284.2329406738281 1352
1353 284.2333984375 1353
1354 284.2337951660156 1354
1355 284.2342224121094 1355
1356 284.234619140625 1356
1357 284.2350158691406 1357
1358 284.2353820800781 1358
1359 284.2357788085938 1359
1360 284.2361145019531 1360
1361 284.2364501953125 1361
1362 284.2367553710938 1362
1363 284.2371215820312 1363
1364 284.2373962402344 1364
1365 284.2377319335938 1365
1366 284.2379760742188 1366
1367 284.2382507324219 1367
1368 284.2384643554688 1368
1369 284.2387390136719 1369
1370 284.2389526367188 1370
1371 284.2391357421875 1371
1372 284.2393493652344 1372
1373 284.2395629882812 1373
1374 284.2397155761719 1374
1375 284.2398681640625 1375
1376 284.239990234375 1376
1377 284.2401428222656 1377
1378 284.240234375 1378
1379 284.2403564453125 1379
1380 284.2404174804688 1380
1381 284.240478515625 1381
1382 284.2405395507812 1382
1383 284.2406005859375 1383
1384 284.2406005859375 1384
1385 284.2406311035156 1385
1386 284.2406005859375 1386
1387 284.2406005859375 1387
1388 284.2405395507812 1388
1389 284.2405090332031 1389
1390 284.2404479980469 1390
1391 284.2403869628906 1391
1392 284.2402648925781 1392
1393 284.2401428222656 1393
1394 284.2400512695312 1394
1395 284.2398986816406 1395
1396 284.23974609375 1396
1397 284.2395629882812 1397
1398 284.2393798828125 1398
1399 284.2391967773438 1399
1400 284.2389831542969 1400
1401 284.2387390136719 1401
1402 284.238525390625 1402
1403 284.23828125 1403
1404 284.2379760742188 1404
1405 284.2377319335938 1405
1406 284.2374572753906 1406
1407 284.2371215820312 1407
1408 284.23681640625 1408
1409 284.2364807128906 1409
1410 284.2361450195312 1410
1411 284.2357788085938 1411
1412 284.2354125976562 1412
1413 284.2350463867188 1413
1414 284.2346496582031 1414
1415 284.2342529296875 1415
1416 284.23388671875 1416
1417 284.2334289550781 1417
1418 284.2330017089844 1418
1419 284.2325744628906 1419
1420 284.2321472167969 1420
1421 284.231689453125 1421
1422 284.2312316894531 1422
1423 284.2307739257812 1423
1424 284.2303466796875 1424
1425 284.2298583984375 1425
1426 284.2293701171875 1426
1427 284.2289123535156 1427
1428 284.2283935546875 1428
1429 284.2279357910156 1429
1430 284.2274169921875 1430
1431 284.2269592285156 1431
1432 284.2264404296875 1432
1433 284.2259216308594 1433
1434 284.2254638671875 1434
1435 284.2249145507812 1435
1436 284.2244567871094 1436
1437 284.2239685058594 1437
1438 284.2234802246094 1438
1439 284.2229919433594 1439
1440 284.2224731445312 1440
1441 284.2219848632812 1441
1442 284.2215270996094 1442
1443 284.2210388183594 1443
1444 284.2205505371094 1444
1445 284.2200927734375 1445
1446 284.2196350097656 1446
1447 284.2191772460938 1447
1448 284.21875 1448
1449 284.21826171875 1449
1450 284.2178344726562 1450
1451 284.2174072265625 1451
1452 284.2169799804688 1452
1453 284.216552734375 1453
1454 284.2161560058594 1454
1455 284.2157897949219 1455
1456 284.2153930664062 1456
1457 284.2150268554688 1457
1458 284.2146606445312 1458
1459 284.2142944335938 1459
1460 284.2139587402344 1460
1461 284.213623046875 1461
1462 284.2132873535156 1462
1463 284.2129821777344 1463
1464 284.2127075195312 1464
1465 284.21240234375 1465
1466 284.2121276855469 1466
1467 284.2118835449219 1467
1468 284.2116088867188 1468
1469 284.21142578125 1469
1470 284.211181640625 1470
1471 284.2109680175781 1471
1472 284.2107849121094 1472
1473 284.2106018066406 1473
1474 284.21044921875 1474
1475 284.2102966308594 1475
1476 284.2101440429688 1476
1477 284.2100219726562 1477
1478 284.2099304199219 1478
1479 284.2098388671875 1479
1480 284.2097473144531 1480
1481 284.2096557617188 1481
1482 284.2096557617188 1482
1483 284.2095947265625 1483
1484 284.2095947265625 1484
1485 284.2095947265625 1485
1486 284.2095947265625 1486
1487 284.2095947265625 1487
1488 284.2096557617188 1488
1489 284.2096862792969 1489
1490 284.2097778320312 1490
1491 284.2098693847656 1491
1492 284.2099609375 1492
1493 284.2100830078125 1493
1494 284.210205078125 1494
1495 284.2103271484375 1495
1496 284.2105102539062 1496
1497 284.2106628417969 1497
1498 284.2108764648438 1498
1499 284.2110595703125 1499
1500 284.2112731933594 1500
1501 284.2114868164062 1501
1502 284.2117309570312 1502
1503 284.2119750976562 1503
1504 284.2122497558594 1504
1505 284.2125244140625 1505
1506 284.2127990722656 1506
1507 284.213134765625 1507
1508 284.2134399414062 1508
1509 284.2137756347656 1509
1510 284.214111328125 1510
1511 284.2144775390625 1511
1512 284.21484375 1512
1513 284.2152099609375 1513
1514 284.2156372070312 1514
1515 284.2160034179688 1515
1516 284.2164306640625 1516
1517 284.2168579101562 1517
1518 284.21728515625 1518
1519 284.2177429199219 1519
1520 284.2182006835938 1520
1521 284.2186279296875 1521
1522 284.2191467285156 1522
1523 284.2196044921875 1523
1524 284.2200927734375 1524
1525 284.2206115722656 1525
1526 284.2211303710938 1526
1527 284.2216796875 1527
1528 284.2221984863281 1528
1529 284.2227172851562 1529
1530 284.2232971191406 1530
1531 284.2238464355469 1531
1532 284.2244262695312 1532
1533 284.2250061035156 1533
1534 284.2255859375 1534
1535 284.2261352539062 1535
1536 284.2267456054688 1536
1537 284.2273559570312 1537
1538 284.2279663085938 1538
1539 284.2285766601562 1539
1540 284.2291870117188 1540
1541 284.2298278808594 1541
1542 284.23046875 1542
1543 284.2310791015625 1543
1544 284.2317199707031 1544
1545 284.2323608398438 1545
1546 284.2330322265625 1546
1547 284.2337036132812 1547
1548 284.2343139648438 1548
1549 284.2349853515625 1549
1550 284.2356567382812 1550
1551 284.2362976074219 1551
1552 284.2369995117188 1552
1553 284.2376708984375 1553
1554 284.2383728027344 1554
1555 284.2390441894531 1555
1556 284.2397155761719 1556
1557 284.2404174804688 1557
1558 284.2410888671875 1558
1559 284.2417602539062 1559
1560 284.2424621582031 1560
1561 284.2431640625 1561
1562 284.2438659667969 1562
1563 284.2445068359375 1563
1564 284.2452087402344 1564
1565 284.2459106445312 1565
1566 284.24658203125 1566
1567 284.2472839355469 1567
1568 284.2479858398438 1568
1569 284.2486572265625 1569
1570 284.2493286132812 1570
1571 284.2500305175781 1571
1572 284.2506713867188 1572
1573 284.2513732910156 1573
1574 284.2520446777344 1574
1575 284.2527160644531 1575
1576 284.2533874511719 1576
1577 284.2540588378906 1577
1578 284.2547607421875 1578
1579 284.2554016113281 1579
1580 284.2560424804688 1580
1581 284.2567138671875 1581
1582 284.2573547363281 1582
1583 284.2580261230469 1583
1584 284.2586364746094 1584
1585 284.2593078613281 1585
1586 284.2598876953125 1586
1587 284.2605590820312 1587
1588 284.2611694335938 1588
1589 284.2618103027344 1589
1590 284.2624206542969 1590
1591 284.2630310058594 1591
1592 284.2636413574219 1592
1593 284.2642211914062 1593
1594 284.2648010253906 1594
1595 284.265380859375 1595
1596 284.2659606933594 1596
1597 284.2665405273438 1597
1598 284.26708984375 1598
1599 284.2676391601562 1599
1600 284.2681884765625 1600
1601 284.2687377929688 1601
1602 284.269287109375 1602
1603 284.2698059082031 1603
1604 284.2702941894531 1604
1605 284.2708129882812 1605
1606 284.2713012695312 1606
1607 284.2717895507812 1607
1608 284.2722778320312 1608
1609 284.2727355957031 1609
1610 284.273193359375 1610
1611 284.2736511230469 1611
1612 284.2741088867188 1612
1613 284.2745361328125 1613
1614 284.2749328613281 1614
1615 284.2753601074219 1615
1616 284.2757873535156 1616
1617 284.2761840820312 1617
1618 284.2765197753906 1618
1619 284.2769165039062 1619
1620 284.2772827148438 1620
1621 284.2776184082031 1621
1622 284.2779846191406 1622
1623 284.2782592773438 1623
1624 284.2785949707031 1624
1625 284.2789001464844 1625
1626 284.2792053222656 1626
1627 284.2794799804688 1627
1628 284.2797546386719 1628
1629 284.280029296875 1629
1630 284.2802429199219 1630
1631 284.2804870605469 1631
1632 284.2807312011719 1632
1633 284.2809143066406 1633
1634 284.2811279296875 1634
1635 284.2813110351562 1635
1636 284.2814636230469 1636
1637 284.2816162109375 1637
1638 284.2817687988281 1638
1639 284.2818908691406 1639
1640 284.2820129394531 1640
1641 284.2821044921875 1641
1642 284.2821960449219 1642
1643 284.2822875976562 1643
1644 284.2823181152344 1644
1645 284.2823791503906 1645
1646 284.2824401855469 1646
1647 284.2824096679688 1647
1648 284.2824401855469 1648
1649 284.2824401855469 1649
1650 284.2824096679688 1650
1651 284.2823791503906 1651
1652 284.2822875976562 1652
1653 284.2822265625 1653
1654 284.2821655273438 1654
1655 284.2820434570312 1655
1656 284.2819213867188 1656
1657 284.2818298339844 1657
1658 284.2816772460938 1658
1659 284.281494140625 1659
1660 284.2813415527344 1660
1661 284.2811584472656 1661
1662 284.2809448242188 1662
1663 284.28076171875 1663
1664 284.280517578125 1664
1665 284.2802734375 1665
1666 284.2799987792969 1666
1667 284.2797241210938 1667
1668 284.2794494628906 1668
1669 284.2791442871094 1669
1670 284.2788391113281 1670
1671 284.2785034179688 1671
1672 284.2781677246094 1672
1673 284.2778015136719 1673
1674 284.2774353027344 1674
1675 284.2770385742188 1675
1676 284.2766723632812 1676
1677 284.2762451171875 1677
1678 284.2758178710938 1678
1679 284.275390625 1679
1680 284.2749633789062 1680
1681 284.2744750976562 1681
1682 284.2740478515625 1682
1683 284.2735595703125 1683
1684 284.2730712890625 1684
1685 284.2725830078125 1685
1686 284.2720642089844 1686
1687 284.2715759277344 1687
1688 284.2710571289062 1688
1689 284.2705078125 1689
1690 284.2699890136719 1690
1691 284.2694396972656 1691
1692 284.2688903808594 1692
1693 284.2683410644531 1693
1694 284.2677917480469 1694
1695 284.2672119140625 1695
1696 284.2666625976562 1696
1697 284.26611328125 1697
1698 284.2655029296875 1698
1699 284.2649536132812 1699
1700 284.2643432617188 1700
1701 284.2637634277344 1701
1702 284.2632141113281 1702
1703 284.2626037597656 1703
1704 284.2620239257812 1704
1705 284.2614440917969 1705
1706 284.2608642578125 1706
1707 284.2603149414062 1707
1708 284.2597045898438 1708
1709 284.2591552734375 1709
1710 284.2585754394531 1710
1711 284.2580261230469 1711
1712 284.2574462890625 1712
1713 284.2568969726562 1713
1714 284.2563171386719 1714
1715 284.2557983398438 1715
1716 284.2552490234375 1716
1717 284.2546997070312 1717
1718 284.2541809082031 1718
1719 284.253662109375 1719
1720 284.253173828125 1720
1721 284.2526550292969 1721
1722 284.2521667480469 1722
1723 284.2516784667969 1723
1724 284.251220703125 1724
1725 284.2507629394531 1725
1726 284.2503051757812 1726
1727 284.2498474121094 1727
1728 284.2493896484375 1728
1729 284.2489929199219 1729
1730 284.2485656738281 1730
1731 284.2481689453125 1731
1732 284.247802734375 1732
1733 284.2474060058594 1733
1734 284.2470397949219 1734
1735 284.2467041015625 1735
1736 284.2463684082031 1736
1737 284.2460632324219 1737
1738 284.2457275390625 1738
1739 284.2454528808594 1739
1740 284.2451477050781 1740
1741 284.244873046875 1741
1742 284.2445983886719 1742
1743 284.244384765625 1743
1744 284.2441711425781 1744
1745 284.2439575195312 1745
1746 284.2437133789062 1746
1747 284.2435607910156 1747
1748 284.2433776855469 1748
1749 284.2432556152344 1749
1750 284.2431030273438 1750
1751 284.2429809570312 1751
1752 284.2428588867188 1752
1753 284.2427978515625 1753
1754 284.24267578125 1754
1755 284.2426147460938 1755
1756 284.2425842285156 1756
1757 284.2425537109375 1757
1758 284.2425231933594 1758
1759 284.2425231933594 1759
1760 284.2425537109375 1760
1761 284.2425537109375 1761
1762 284.2426147460938 1762
1763 284.2426452636719 1763
1764 284.2427368164062 1764
1765 284.2427673339844 1765
1766 284.2428894042969 1766
1767 284.2430114746094 1767
1768 284.2431335449219 1768
1769 284.2432861328125 1769
1770 284.2434387207031 1770
1771 284.2435913085938 1771
1772 284.2438049316406 1772
1773 284.2440185546875 1773
1774 284.2441711425781 1774
1775 284.2444152832031 1775
1776 284.24462890625 1776
1777 284.244873046875 1777
1778 284.2451477050781 1778
1779 284.2454223632812 1779
1780 284.2457275390625 1780
1781 284.2460021972656 1781
1782 284.2463073730469 1782
1783 284.2466430664062 1783
1784 284.2469787597656 1784
1785 284.2473449707031 1785
1786 284.2476806640625 1786
1787 284.248046875 1787
1788 284.2484130859375 1788
1789 284.2488403320312 1789
1790 284.2492065429688 1790
1791 284.2496643066406 1791
1792 284.2500305175781 1792
1793 284.2504577636719 1793
1794 284.2509460449219 1794
1795 284.2513732910156 1795
1796 284.2518310546875 1796
1797 284.2522888183594 1797
1798 284.2527770996094 1798
1799 284.2532348632812 1799
1800 284.2537536621094 1800
1801 284.2542419433594 1801
1802 284.2547302246094 1802
1803 284.2552795410156 1803
1804 284.2557983398438 1804
1805 284.25634765625 1805
1806 284.2568359375 1806
1807 284.2573852539062 1807
1808 284.2579650878906 1808
1809 284.2585144042969 1809
1810 284.2590637207031 1810
1811 284.2596740722656 1811
1812 284.2601928710938 1812
1813 284.2607727050781 1813
1814 284.2613830566406 1814
1815 284.261962890625 1815
1816 284.2625427246094 1816
1817 284.26318359375 1817
1818 284.2637329101562 1818
1819 284.2643432617188 1819
1820 284.2649536132812 1820
1821 284.2655639648438 1821
1822 284.2661743164062 1822
1823 284.2668151855469 1823
1824 284.2673950195312 1824
1825 284.2680053710938 1825
1826 284.2686462402344 1826
1827 284.269287109375 1827
1828 284.2699279785156 1828
1829 284.2705078125 1829
1830 284.2711486816406 1830
1831 284.2717895507812 1831
1832 284.2723999023438 1832
1833 284.2730407714844 1833
1834 284.2736511230469 1834
1835 284.2742919921875 1835
1836 284.27490234375 1836
1837 284.2755737304688 1837
1838 284.2761535644531 1838
1839 284.2767944335938 1839
1840 284.2774047851562 1840
1841 284.2780151367188 1841
1842 284.2786560058594 1842
1843 284.2792663574219 1843
1844 284.2799072265625 1844
1845 284.280517578125 1845
1846 284.2811279296875 1846
1847 284.2817077636719 1847
1848 284.2823486328125 1848
1849 284.2829284667969 1849
1850 284.2835388183594 1850
1851 284.2841186523438 1851
1852 284.2847290039062 1852
1853 284.2852783203125 1853
1854 284.285888671875 1854
1855 284.2864379882812 1855
1856 284.2870178222656 1856
1857 284.28759765625 1857
1858 284.2881469726562 1858
1859 284.2886962890625 1859
1860 284.2892761230469 1860
1861 284.2898254394531 1861
1862 284.2903442382812 1862
1863 284.2908630371094 1863
1864 284.2913818359375 1864
1865 284.2919311523438 1865
1866 284.2924499511719 1866
1867 284.2929382324219 1867
1868 284.2934265136719 1868
1869 284.2939453125 1869
1870 284.2944030761719 1870
1871 284.2948913574219 1871
1872 284.2953491210938 1872
1873 284.2958068847656 1873
1874 284.2962646484375 1874
1875 284.2966918945312 1875
1876 284.2971496582031 1876
1877 284.2975769042969 1877
1878 284.2980041503906 1878
1879 284.2983703613281 1879
1880 284.2987670898438 1880
1881 284.2991638183594 1881
1882 284.299560546875 1882
1883 284.2999267578125 1883
1884 284.30029296875 1884
1885 284.3006591796875 1885
1886 284.3009643554688 1886
1887 284.3013000488281 1887
1888 284.3016052246094 1888
1889 284.3019104003906 1889
1890 284.3022155761719 1890
1891 284.3025207519531 1891
1892 284.3027648925781 1892
1893 284.3030700683594 1893
1894 284.3032836914062 1894
1895 284.3035278320312 1895
1896 284.3037414550781 1896
1897 284.3039855957031 1897
1898 284.3041687011719 1898
1899 284.3043823242188 1899
1900 284.3045654296875 1900
1901 284.3047180175781 1901
1902 284.3048706054688 1902
1903 284.3050231933594 1903
1904 284.3051147460938 1904
1905 284.3052673339844 1905
1906 284.3053894042969 1906
1907 284.3054504394531 1907
1908 284.3055725097656 1908
1909 284.3056030273438 1909
1910 284.3056640625 1910
1911 284.3056640625 1911
1912 284.3057250976562 1912
1913 284.3057250976562 1913
1914 284.3057250976562 1914
1915 284.3057250976562 1915
1916 284.3056640625 1916
1917 284.3056335449219 1917
1918 284.3055419921875 1918
1919 284.3054809570312 1919
1920 284.3053894042969 1920
1921 284.3052673339844 1921
1922 284.30517578125 1922
1923 284.3050537109375 1923
1924 284.3048706054688 1924
1925 284.3047180175781 1925
1926 284.3045349121094 1926
1927 284.3043823242188 1927
1928 284.3041687011719 1928
1929 284.3039245605469 1929
1930 284.3037109375 1930
1931 284.303466796875 1931
1932 284.3031616210938 1932
1933 284.3028869628906 1933
1934 284.3025817871094 1934
1935 284.3023071289062 1935
1936 284.302001953125 1936
1937 284.3016052246094 1937
1938 284.30126953125 1938
1939 284.3009338378906 1939
1940 284.3005065917969 1940
1941 284.3001403808594 1941
1942 284.2997741699219 1942
1943 284.29931640625 1943
1944 284.2989196777344 1944
1945 284.2984619140625 1945
1946 284.2980041503906 1946
1947 284.2975158691406 1947
1948 284.2970581054688 1948
1949 284.2965698242188 1949
1950 284.2960510253906 1950
1951 284.2955322265625 1951
1952 284.2950439453125 1952
1953 284.2944946289062 1953
1954 284.2939453125 1954
1955 284.2934265136719 1955
1956 284.2928161621094 1956
1957 284.2922668457031 1957
1958 284.2916870117188 1958
1959 284.2911376953125 1959
1960 284.29052734375 1960
1961 284.2899475097656 1961
1962 284.289306640625 1962
1963 284.2887573242188 1963
1964 284.2881164550781 1964
1965 284.2875061035156 1965
1966 284.2868957519531 1966
1967 284.2862548828125 1967
1968 284.28564453125 1968
1969 284.2850341796875 1969
1970 284.2843933105469 1970
1971 284.2837524414062 1971
1972 284.2831420898438 1972
1973 284.2825317382812 1973
1974 284.2818908691406 1974
1975 284.28125 1975
1976 284.2806396484375 1976
1977 284.2799987792969 1977
1978 284.2793884277344 1978
1979 284.27880859375 1979
1980 284.2781677246094 1980
1981 284.2775573730469 1981
1982 284.2769775390625 1982
1983 284.2763671875 1983
1984 284.2757568359375 1984
1985 284.2752075195312 1985
1986 284.2745971679688 1986
1987 284.2740478515625 1987
1988 284.2734985351562 1988
1989 284.2729187011719 1989
1990 284.2723693847656 1990
1991 284.2718505859375 1991
1992 284.2713012695312 1992
1993 284.2707824707031 1993
1994 284.2702941894531 1994
1995 284.2698059082031 1995
1996 284.269287109375 1996
1997 284.2688293457031 1997
1998 284.2683410644531 1998
1999 284.2678833007812 1999
2000 284.2674560546875 2000
2001 284.2670288085938 2001
2002 284.2665710449219 2002
2003 284.2662048339844 2003
2004 284.2658081054688 2004
2005 284.2654113769531 2005
2006 284.2650451660156 2006
2007 284.2647094726562 2007
2008 284.2643432617188 2008
2009 284.2640380859375 2009
2010 284.2637329101562 2010
2011 284.263427734375 2011
2012 284.2631530761719 2012
2013 284.2628784179688 2013
2014 284.2626342773438 2014
2015 284.2623901367188 2015
2016 284.2621459960938 2016
2017 284.261962890625 2017
2018 284.2617492675781 2018
2019 284.2615966796875 2019
2020 284.2614135742188 2020
2021 284.2612609863281 2021
2022 284.2611389160156 2022
2023 284.2610168457031 2023
2024 284.2609252929688 2024
2025 284.2608032226562 2025
2026 284.2607421875 2026
2027 284.2607116699219 2027
2028 284.2606506347656 2028
2029 284.2605895996094 2029
2030 284.2605895996094 2030
2031 284.2605895996094 2031
2032 284.2606201171875 2032
2033 284.2606506347656 2033
2034 284.2606811523438 2034
2035 284.2607421875 2035
2036 284.2608337402344 2036
2037 284.2608947753906 2037
2038 284.260986328125 2038
2039 284.2611389160156 2039
2040 284.26123046875 2040
2041 284.2613830566406 2041
2042 284.2615661621094 2042
2043 284.26171875 2043
2044 284.2619018554688 2044
2045 284.2621154785156 2045
2046 284.2623291015625 2046
2047 284.2625122070312 2047
2048 284.2627563476562 2048
2049 284.2630004882812 2049
2050 284.2633056640625 2050
2051 284.2635803222656 2051
2052 284.2638244628906 2052
2053 284.2641296386719 2053
2054 284.2644348144531 2054
2055 284.2647399902344 2055
2056 284.2650756835938 2056
2057 284.2654418945312 2057
2058 284.2657775878906 2058
2059 284.2661437988281 2059
2060 284.2664794921875 2060
2061 284.2669067382812 2061
2062 284.2673034667969 2062
2063 284.2677001953125 2063
2064 284.2680969238281 2064
2065 284.2685241699219 2065
2066 284.2689514160156 2066
2067 284.2693786621094 2067
2068 284.2698364257812 2068
2069 284.2703247070312 2069
2070 284.2707824707031 2070
2071 284.271240234375 2071
2072 284.271728515625 2072
2073 284.272216796875 2073
2074 284.2727355957031 2074
2075 284.2732238769531 2075
2076 284.2737426757812 2076
2077 284.2742309570312 2077
2078 284.2747497558594 2078
2079 284.2752685546875 2079
2080 284.2758178710938 2080
2081 284.2763671875 2081
2082 284.2768859863281 2082
2083 284.2774658203125 2083
2084 284.2779846191406 2084
2085 284.278564453125 2085
2086 284.2791442871094 2086
2087 284.2796630859375 2087
2088 284.2802734375 2088
2089 284.2808227539062 2089
2090 284.2814025878906 2090
2091 284.281982421875 2091
2092 284.2825622558594 2092
2093 284.2831420898438 2093
2094 284.2837219238281 2094
2095 284.2843322753906 2095
2096 284.284912109375 2096
2097 284.2854919433594 2097
2098 284.2860717773438 2098
2099 284.2866821289062 2099
2100 284.2872619628906 2100
2101 284.2878723144531 2101
2102 284.2884521484375 2102
2103 284.2890625 2103
2104 284.2896728515625 2104
2105 284.2902526855469 2105
2106 284.2908630371094 2106
2107 284.2914428710938 2107
2108 284.2920532226562 2108
2109 284.2926025390625 2109
2110 284.293212890625 2110
2111 284.2937622070312 2111
2112 284.2943725585938 2112
2113 284.2949523925781 2113
2114 284.2955322265625 2114
2115 284.2961120605469 2115
2116 284.2967224121094 2116
2117 284.2973022460938 2117
2118 284.2978515625 2118
2119 284.2984008789062 2119
2120 284.2989501953125 2120
2121 284.2995300292969 2121
2122 284.3000793457031 2122
2123 284.3006286621094 2123
2124 284.3012084960938 2124
2125 284.3017272949219 2125
2126 284.30224609375 2126
2127 284.3027954101562 2127
2128 284.3033447265625 2128
2129 284.3038330078125 2129
2130 284.3043518066406 2130
2131 284.3048400878906 2131
2132 284.3053588867188 2132
2133 284.3058776855469 2133
2134 284.3063354492188 2134
2135 284.3068237304688 2135
2136 284.3073120117188 2136
2137 284.3077392578125 2137
2138 284.3082275390625 2138
2139 284.3086853027344 2139
2140 284.3091430664062 2140
2141 284.3095703125 2141
2142 284.3099975585938 2142
2143 284.3103942871094 2143
2144 284.3108215332031 2144
2145 284.3112182617188 2145
2146 284.3116149902344 2146
2147 284.31201171875 2147
2148 284.3123779296875 2148
2149 284.312744140625 2149
2150 284.3131103515625 2150
2151 284.3134765625 2151
2152 284.3137817382812 2152
2153 284.3141479492188 2153
2154 284.3144226074219 2154
2155 284.3147583007812 2155
2156 284.3150634765625 2156
2157 284.3153686523438 2157
2158 284.3156127929688 2158
2159 284.3158874511719 2159
2160 284.3161315917969 2160
2161 284.3163757324219 2161
2162 284.3166198730469 2162
2163 284.3168640136719 2163
2164 284.3170471191406 2164
2165 284.3172607421875 2165
2166 284.3174438476562 2166
2167 284.317626953125 2167
2168 284.3177795410156 2168
2169 284.3179321289062 2169
2170 284.3180847167969 2170
2171 284.3182067871094 2171
2172 284.3183288574219 2172
2173 284.3184204101562 2173
2174 284.3185119628906 2174
2175 284.3185729980469 2175
2176 284.3186340332031 2176
2177 284.3186950683594 2177
2178 284.3187255859375 2178
2179 284.3187255859375 2179
2180 284.3187561035156 2180
2181 284.3187561035156 2181
2182 284.3187255859375 2182
2183 284.3186950683594 2183
2184 284.3186340332031 2184
2185 284.318603515625 2185
2186 284.3185119628906 2186
2187 284.3184204101562 2187
2188 284.3183288574219 2188
2189 284.3182067871094 2189
2190 284.3180847167969 2190
2191 284.3179321289062 2191
2192 284.3177490234375 2192
2193 284.3175964355469 2193
2194 284.3173828125 2194
2195 284.3171691894531 2195
2196 284.3169555664062 2196
2197 284.3167419433594 2197
2198 284.3164672851562 2198
2199 284.3162231445312 2199
2200 284.3159790039062 2200
2201 284.315673828125 2201
2202 284.3153686523438 2202
2203 284.3150024414062 2203
2204 284.314697265625 2204
2205 284.3143310546875 2205
2206 284.3139953613281 2206
2207 284.3135986328125 2207
2208 284.313232421875 2208
2209 284.3128051757812 2209
2210 284.3123779296875 2210
2211 284.3119506835938 2211
2212 284.3114929199219 2212
2213 284.31103515625 2213
2214 284.3106079101562 2214
2215 284.3100891113281 2215
2216 284.3096313476562 2216
2217 284.3091125488281 2217
2218 284.3085632324219 2218
2219 284.3080749511719 2219
2220 284.3075256347656 2220
2221 284.3069763183594 2221
2222 284.306396484375 2222
2223 284.3058776855469 2223
2224 284.3052978515625 2224
2225 284.3046875 2225
2226 284.3041076660156 2226
2227 284.3034973144531 2227
2228 284.3029174804688 2228
2229 284.3022766113281 2229
2230 284.3016662597656 2230
2231 284.301025390625 2231
2232 284.3003845214844 2232
2233 284.2997436523438 2233
2234 284.2991333007812 2234
2235 284.2984619140625 2235
2236 284.2978515625 2236
2237 284.2971801757812 2237
2238 284.2965087890625 2238
2239 284.2958679199219 2239
2240 284.2952270507812 2240
2241 284.2945861816406 2241
2242 284.2939147949219 2242
2243 284.2932739257812 2243
2244 284.2926025390625 2244
2245 284.2919921875 2245
2246 284.2913208007812 2246
2247 284.2906799316406 2247
2248 284.2900390625 2248
2249 284.2894287109375 2249
2250 284.2887878417969 2250
2251 284.2881774902344 2251
2252 284.2875366210938 2252
2253 284.2869262695312 2253
2254 284.2863159179688 2254
2255 284.2857055664062 2255
2256 284.2851257324219 2256
2257 284.2845153808594 2257
2258 284.283935546875 2258
2259 284.2833557128906 2259
2260 284.2828369140625 2260
2261 284.2822570800781 2261
2262 284.2817077636719 2262
2263 284.2811889648438 2263
2264 284.2806701660156 2264
2265 284.2801818847656 2265
2266 284.2796630859375 2266
2267 284.2791442871094 2267
2268 284.2786865234375 2268
2269 284.2781982421875 2269
2270 284.2777709960938 2270
2271 284.2773132324219 2271
2272 284.2768859863281 2272
2273 284.2764587402344 2273
2274 284.2760620117188 2274
2275 284.2756652832031 2275
2276 284.2752990722656 2276
2277 284.2749328613281 2277
2278 284.2745971679688 2278
2279 284.2742309570312 2279
2280 284.2739562988281 2280
2281 284.2736206054688 2281
2282 284.2733459472656 2282
2283 284.2730407714844 2283
2284 284.2727966308594 2284
2285 284.2725524902344 2285
2286 284.2723388671875 2286
2287 284.2720947265625 2287
2288 284.2718811035156 2288
2289 284.2716979980469 2289
2290 284.2715454101562 2290
2291 284.2713623046875 2291
2292 284.271240234375 2292
2293 284.2711181640625 2293
2294 284.27099609375 2294
2295 284.2709350585938 2295
2296 284.2708435058594 2296
2297 284.2707824707031 2297
2298 284.2706909179688 2298
2299 284.2706909179688 2299
2300 284.2706604003906 2300
2301 284.2706298828125 2301
2302 284.2706604003906 2302
2303 284.2706909179688 2303
2304 284.2707214355469 2304
2305 284.2707824707031 2305
2306 284.2708435058594 2306
2307 284.2709045410156 2307
2308 284.2710266113281 2308
2309 284.2711181640625 2309
2310 284.271240234375 2310
2311 284.2713623046875 2311
2312 284.2715148925781 2312
2313 284.2716979980469 2313
2314 284.2718505859375 2314
2315 284.2720642089844 2315
2316 284.2722778320312 2316
2317 284.2724609375 2317
2318 284.2726745605469 2318
2319 284.2729187011719 2319
2320 284.2731628417969 2320
2321 284.2734375 2321
2322 284.2737426757812 2322
2323 284.2740173339844 2323
2324 284.2743225097656 2324
2325 284.2746276855469 2325
2326 284.2749328613281 2326
2327 284.2752685546875 2327
2328 284.275634765625 2328
2329 284.2759704589844 2329
2330 284.2763366699219 2330
2331 284.2767028808594 2331
2332 284.277099609375 2332
2333 284.2774963378906 2333
2334 284.2778625488281 2334
2335 284.2782897949219 2335
2336 284.2787170410156 2336
2337 284.2791748046875 2337
2338 284.2795715332031 2338
2339 284.280029296875 2339
2340 284.2804870605469 2340
2341 284.2809448242188 2341
2342 284.2814331054688 2342
2343 284.2818908691406 2343
2344 284.2823791503906 2344
2345 284.2828674316406 2345
2346 284.2833557128906 2346
2347 284.2838439941406 2347
2348 284.2843627929688 2348
2349 284.2848510742188 2349
2350 284.285400390625 2350
2351 284.285888671875 2351
2352 284.2864379882812 2352
2353 284.2870178222656 2353
2354 284.2875061035156 2354
2355 284.2880859375 2355
2356 284.2886047363281 2356
2357 284.2891540527344 2357
2358 284.2897338867188 2358
2359 284.2902526855469 2359
2360 284.2908325195312 2360
2361 284.2914123535156 2361
2362 284.2919616699219 2362
2363 284.2925109863281 2363
2364 284.2930908203125 2364
2365 284.293701171875 2365
2366 284.2942504882812 2366
2367 284.2948303222656 2367
2368 284.2953796386719 2368
2369 284.2959594726562 2369
2370 284.2965393066406 2370
2371 284.297119140625 2371
2372 284.2976684570312 2372
2373 284.2982482910156 2373
2374 284.2988586425781 2374
2375 284.2994384765625 2375
2376 284.3000183105469 2376
2377 284.3005981445312 2377
2378 284.3011474609375 2378
2379 284.3017272949219 2379
2380 284.3023071289062 2380
2381 284.3028564453125 2381
2382 284.3034057617188 2382
2383 284.3040161132812 2383
2384 284.3045349121094 2384
2385 284.3051452636719 2385
2386 284.3056640625 2386
2387 284.3061828613281 2387
2388 284.3067626953125 2388
2389 284.3073120117188 2389
2390 284.307861328125 2390
2391 284.3083801269531 2391
2392 284.3089294433594 2392
2393 284.3094177246094 2393
2394 284.3099670410156 2394
2395 284.3104858398438 2395
2396 284.3110046386719 2396
2397 284.3114929199219 2397
2398 284.3119812011719 2398
2399 284.3125 2399
2400 284.31298828125 2400
2401 284.3134765625 2401
2402 284.31396484375 2402
2403 284.3144226074219 2403
2404 284.3148803710938 2404
2405 284.3153381347656 2405
2406 284.3157958984375 2406
2407 284.3162536621094 2407
2408 284.3167114257812 2408
2409 284.317138671875 2409
2410 284.3175354003906 2410
2411 284.3179321289062 2411
2412 284.3183288574219 2412
2413 284.3187255859375 2413
2414 284.3191223144531 2414
2415 284.3195190429688 2415
2416 284.3198547363281 2416
2417 284.3202209472656 2417
2418 284.3205871582031 2418
2419 284.3208923339844 2419
2420 284.3212585449219 2420
2421 284.3215942382812 2421
2422 284.3218994140625 2422
2423 284.3222045898438 2423
2424 284.3224792480469 2424
2425 284.3227844238281 2425
2426 284.3230590820312 2426
2427 284.3233032226562 2427
2428 284.3235473632812 2428
2429 284.3238220214844 2429
2430 284.3240051269531 2430
2431 284.3242492675781 2431
2432 284.324462890625 2432
2433 284.3246459960938 2433
2434 284.3248291015625 2434
2435 284.3249816894531 2435
2436 284.3251647949219 2436
2437 284.3253173828125 2437
2438 284.3254699707031 2438
2439 284.3255920410156 2439
2440 284.3257141113281 2440
2441 284.3258056640625 2441
2442 284.3258361816406 2442
2443 284.325927734375 2443
2444 284.3259887695312 2444
2445 284.3260498046875 2445
2446 284.3260498046875 2446
2447 284.3260803222656 2447
2448 284.3261108398438 2448
2449 284.3261108398438 2449
2450 284.3260803222656 2450
2451 284.3260498046875 2451
2452 284.3259887695312 2452
2453 284.325927734375 2453
2454 284.3258361816406 2454
2455 284.3257446289062 2455
2456 284.32568359375 2456
2457 284.3255310058594 2457
2458 284.3253784179688 2458
2459 284.3252868652344 2459
2460 284.3251037597656 2460
2461 284.3249206542969 2461
2462 284.3247375488281 2462
2463 284.3244934082031 2463
2464 284.3242797851562 2464
2465 284.3240661621094 2465
2466 284.3238220214844 2466
2467 284.3235473632812 2467
2468 284.3232727050781 2468
2469 284.3229675292969 2469
2470 284.3226928710938 2470
2471 284.3223266601562 2471
2472 284.322021484375 2472
2473 284.3216552734375 2473
2474 284.3212890625 2474
2475 284.3209228515625 2475
2476 284.3205261230469 2476
2477 284.3201293945312 2477
2478 284.3197021484375 2478
2479 284.3192443847656 2479
2480 284.31884765625 2480
2481 284.318359375 2481
2482 284.3179016113281 2482
2483 284.3174133300781 2483
2484 284.31689453125 2484
2485 284.31640625 2485
2486 284.3158569335938 2486
2487 284.3153381347656 2487
2488 284.3148193359375 2488
2489 284.3142395019531 2489
2490 284.313720703125 2490
2491 284.3131103515625 2491
2492 284.3125305175781 2492
2493 284.3119506835938 2493
2494 284.3113403320312 2494
2495 284.3107299804688 2495
2496 284.3101196289062 2496
2497 284.3095092773438 2497
2498 284.3088684082031 2498
2499 284.3082275390625 2499
2500 284.3076171875 2500
