"point-e-rfile"
"Time Step" "point-e etc.."
("Time Step" "point-e" "flow-time")
0 283 0
1 283 1
2 283 2
3 283 3
4 283 4
5 283 5
6 283 6
7 283 7
8 283 8
9 283 9
10 283 10
11 283 11
12 283 12
13 283 13
14 283 14
15 283 15
16 283 16
17 283 17
18 283 18
19 283 19
20 283 20
21 283 21
22 283 22
23 283 23
24 283 24
25 283 25
26 283 26
27 283 27
28 283 28
29 283 29
30 283 30
31 283 31
32 283 32
33 283 33
34 283 34
35 283 35
36 283 36
37 283 37
38 283 38
39 283.0000305175781 39
40 283.0000305175781 40
41 283.0000305175781 41
42 283.0000305175781 42
43 283.0000610351562 43
44 283.0000915527344 44
45 283.0001220703125 45
46 283.0001220703125 46
47 283.0001525878906 47
48 283.0001831054688 48
49 283.0002136230469 49
50 283.000244140625 50
51 283.0003356933594 51
52 283.0003967285156 52
53 283.0004577636719 53
54 283.0005187988281 54
55 283.0006408691406 55
56 283.000732421875 56
57 283.0008850097656 57
58 283.0010070800781 58
59 283.0011596679688 59
60 283.0013122558594 60
61 283.0015258789062 61
62 283.0017395019531 62
63 283.001953125 63
64 283.0022277832031 64
65 283.0025329589844 65
66 283.0028686523438 66
67 283.0032043457031 67
68 283.0035705566406 68
69 283.0040283203125 69
70 283.0045166015625 70
71 283.0050048828125 71
72 283.0055847167969 72
73 283.0062255859375 73
74 283.0068664550781 74
75 283.0075988769531 75
76 283.0083618164062 76
77 283.0092468261719 77
78 283.0101318359375 78
79 283.0111083984375 79
80 283.0121765136719 80
81 283.0132751464844 81
82 283.0144958496094 82
83 283.0157775878906 83
84 283.0171508789062 84
85 283.0185852050781 85
86 283.0201416015625 86
87 283.0217895507812 87
88 283.0235595703125 88
89 283.0254211425781 89
90 283.0274047851562 90
91 283.0294494628906 91
92 283.0316467285156 92
93 283.033935546875 93
94 283.036376953125 94
95 283.0389099121094 95
96 283.0416259765625 96
97 283.0444030761719 97
98 283.0473327636719 98
99 283.0504150390625 99
100 283.0536499023438 100
101 283.0569763183594 101
102 283.0605163574219 102
103 283.0641479492188 103
104 283.0679931640625 104
105 283.0719604492188 105
106 283.0760803222656 106
107 283.0803527832031 107
108 283.0848083496094 108
109 283.0894165039062 109
110 283.0941772460938 110
111 283.0991516113281 111
112 283.104248046875 112
113 283.1095581054688 113
114 283.1150207519531 114
115 283.1206665039062 115
116 283.1265258789062 116
117 283.1325073242188 117
118 283.1387023925781 118
119 283.1451110839844 119
120 283.1516418457031 120
121 283.1584167480469 121
122 283.1653442382812 122
123 283.1724548339844 123
124 283.1798095703125 124
125 283.1873168945312 125
126 283.1950073242188 126
127 283.202880859375 127
128 283.2109985351562 128
129 283.2192687988281 129
130 283.2277526855469 130
131 283.2364196777344 131
132 283.2452697753906 132
133 283.2543334960938 133
134 283.2636108398438 134
135 283.2730407714844 135
136 283.2826843261719 136
137 283.2925415039062 137
138 283.3025512695312 138
139 283.3128051757812 139
140 283.3232116699219 140
141 283.3338317871094 141
142 283.3446350097656 142
143 283.3556213378906 143
144 283.3668212890625 144
145 283.3782043457031 145
146 283.3898010253906 146
147 283.4015197753906 147
148 283.4134826660156 148
149 283.4255981445312 149
150 283.4379272460938 150
151 283.4504089355469 151
152 283.4631042480469 152
153 283.4759521484375 153
154 283.4889831542969 154
155 283.5022277832031 155
156 283.515625 156
157 283.5292053222656 157
158 283.5429382324219 158
159 283.5568542480469 159
160 283.5709228515625 160
161 283.585205078125 161
162 283.5996398925781 162
163 283.6141967773438 163
164 283.6289978027344 164
165 283.6438903808594 165
166 283.6589660644531 166
167 283.6741943359375 167
168 283.6895751953125 168
169 283.7051086425781 169
170 283.7208251953125 170
171 283.7366943359375 171
172 283.7526550292969 172
173 283.7688293457031 173
174 283.7850952148438 174
175 283.801513671875 175
176 283.8180847167969 176
177 283.8347778320312 177
178 283.8515930175781 178
179 283.8685913085938 179
180 283.8856811523438 180
181 283.9028930664062 181
182 283.9202270507812 182
183 283.9377136230469 183
184 283.955322265625 184
185 283.9730224609375 185
186 283.9908447265625 186
187 284.0088195800781 187
188 284.02685546875 188
189 284.0450439453125 189
190 284.0632934570312 190
191 284.0816650390625 191
192 284.1001586914062 192
193 284.1187438964844 193
194 284.1373901367188 194
195 284.1561889648438 195
196 284.175048828125 196
197 284.1940307617188 197
198 284.2130737304688 198
199 284.232177734375 199
200 284.2514343261719 200
201 284.2707214355469 201
202 284.2901000976562 202
203 284.3095397949219 203
204 284.3290710449219 204
205 284.3486633300781 205
206 284.3683471679688 206
207 284.3880920410156 207
208 284.4078979492188 208
209 284.4277648925781 209
210 284.4476928710938 210
211 284.4676818847656 211
212 284.4877319335938 212
213 284.5078125 213
214 284.5279541015625 214
215 284.5481567382812 215
216 284.5684204101562 216
217 284.5886840820312 217
218 284.6090087890625 218
219 284.6294250488281 219
220 284.6498107910156 220
221 284.6702880859375 221
222 284.6907348632812 222
223 284.7112426757812 223
224 284.7317810058594 224
225 284.7523498535156 225
226 284.77294921875 226
227 284.7935791015625 227
228 284.814208984375 228
229 284.8348693847656 229
230 284.8555603027344 230
231 284.876220703125 231
232 284.8969421386719 232
233 284.9176330566406 233
234 284.9383544921875 234
235 284.9590759277344 235
236 284.9798278808594 236
237 285.0005493164062 237
238 285.0213012695312 238
239 285.0420227050781 239
240 285.0627746582031 240
241 285.08349609375 241
242 285.1041870117188 242
243 285.1249389648438 243
244 285.1456298828125 244
245 285.1663208007812 245
246 285.18701171875 246
247 285.2076416015625 247
248 285.2283020019531 248
249 285.2489013671875 249
250 285.2695007324219 250
251 285.2901000976562 251
252 285.3106689453125 252
253 285.3311767578125 253
254 285.3516845703125 254
255 285.3721313476562 255
256 285.3925476074219 256
257 285.4129638671875 257
258 285.433349609375 258
259 285.4536743164062 259
260 285.4739685058594 260
261 285.4942016601562 261
262 285.514404296875 262
263 285.5345764160156 263
264 285.5547180175781 264
265 285.5747680664062 265
266 285.5948181152344 266
267 285.6147766113281 267
268 285.6347045898438 268
269 285.6546020507812 269
270 285.6744079589844 270
271 285.6941833496094 271
272 285.7138977050781 272
273 285.7335510253906 273
274 285.7531433105469 274
275 285.7726745605469 275
276 285.7921447753906 276
277 285.8115539550781 277
278 285.8309020996094 278
279 285.8501892089844 279
280 285.8694152832031 280
281 285.8885498046875 281
282 285.9075927734375 282
283 285.9265747070312 283
284 285.9455261230469 284
285 285.9643859863281 285
286 285.983154296875 286
287 286.0018615722656 287
288 286.0204772949219 288
289 286.0390319824219 289
290 286.0574951171875 290
291 286.0758972167969 291
292 286.0942077636719 292
293 286.1124267578125 293
294 286.1305236816406 294
295 286.1485595703125 295
296 286.16650390625 296
297 286.1844177246094 297
298 286.2022094726562 298
299 286.2199096679688 299
300 286.2374877929688 300
301 286.2550048828125 301
302 286.2724304199219 302
303 286.2897338867188 303
304 286.3069763183594 304
305 286.3240966796875 305
306 286.3411560058594 306
307 286.3580932617188 307
308 286.3749389648438 308
309 286.3916931152344 309
310 286.4083557128906 310
311 286.4248962402344 311
312 286.4413452148438 312
313 286.4576721191406 313
314 286.4739379882812 314
315 286.4900512695312 315
316 286.506103515625 316
317 286.5220336914062 317
318 286.5379028320312 318
319 286.5536193847656 319
320 286.5692749023438 320
321 286.5847778320312 321
322 286.6001892089844 322
323 286.6155090332031 323
324 286.6307373046875 324
325 286.6458740234375 325
326 286.660888671875 326
327 286.6758117675781 327
328 286.6906433105469 328
329 286.7053527832031 329
330 286.7200012207031 330
331 286.7344970703125 331
332 286.7489624023438 332
333 286.7632751464844 333
334 286.7775268554688 334
335 286.7916870117188 335
336 286.8057556152344 336
337 286.8197326660156 337
338 286.8336791992188 338
339 286.8475036621094 339
340 286.8612060546875 340
341 286.8749084472656 341
342 286.8884887695312 342
343 286.9019775390625 343
344 286.9154357910156 344
345 286.9287719726562 345
346 286.9420776367188 346
347 286.9553527832031 347
348 286.9685363769531 348
349 286.981689453125 349
350 286.9947509765625 350
351 287.0077819824219 351
352 287.0207824707031 352
353 287.03369140625 353
354 287.0465698242188 354
355 287.0594482421875 355
356 287.072265625 356
357 287.0850219726562 357
358 287.0978088378906 358
359 287.1105346679688 359
360 287.1232604980469 360
361 287.1359558105469 361
362 287.1486511230469 362
363 287.1613159179688 363
364 287.1739807128906 364
365 287.1866455078125 365
366 287.1993103027344 366
367 287.2119750976562 367
368 287.224609375 368
369 287.2373046875 369
370 287.25 370
371 287.2626953125 371
372 287.275390625 372
373 287.2881469726562 373
374 287.3009033203125 374
375 287.3136901855469 375
376 287.3265075683594 376
377 287.3393859863281 377
378 287.3522338867188 378
379 287.3651733398438 379
380 287.3781127929688 380
381 287.3911437988281 381
382 287.4041748046875 382
383 287.4172973632812 383
384 287.430419921875 384
385 287.4436340332031 385
386 287.4568786621094 386
387 287.4701843261719 387
388 287.4835510253906 388
389 287.4969482421875 389
390 287.5104370117188 390
391 287.5240173339844 391
392 287.53759765625 392
393 287.5513000488281 393
394 287.5650329589844 394
395 287.578857421875 395
396 287.5927429199219 396
397 287.6067199707031 397
398 287.6207275390625 398
399 287.6348266601562 399
400 287.6490478515625 400
401 287.6632690429688 401
402 287.6776123046875 402
403 287.6920166015625 403
404 287.70654296875 404
405 287.7210693359375 405
406 287.7357482910156 406
407 287.7504577636719 407
408 287.7652587890625 408
409 287.7801818847656 409
410 287.7951354980469 410
411 287.8101806640625 411
412 287.8253173828125 412
413 287.8405456542969 413
414 287.8558349609375 414
415 287.8712158203125 415
416 287.8866577148438 416
417 287.9022216796875 417
418 287.9178466796875 418
419 287.9335327148438 419
420 287.9493103027344 420
421 287.9652099609375 421
422 287.9811401367188 422
423 287.9971618652344 423
424 288.0132751464844 424
425 288.0294189453125 425
426 288.0457153320312 426
427 288.0620422363281 427
428 288.0784301757812 428
429 288.0949401855469 429
430 288.1114807128906 430
431 288.1281433105469 431
432 288.1448364257812 432
433 288.16162109375 433
434 288.178466796875 434
435 288.1953735351562 435
436 288.2123718261719 436
437 288.2294311523438 437
438 288.2465515136719 438
439 288.2637634277344 439
440 288.2809753417969 440
441 288.2983093261719 441
442 288.3157043457031 442
443 288.3331298828125 443
444 288.3506469726562 444
445 288.3681640625 445
446 288.3858032226562 446
447 288.4034729003906 447
448 288.4212036132812 448
449 288.43896484375 449
450 288.4568176269531 450
451 288.4747009277344 451
452 288.4926452636719 452
453 288.5106201171875 453
454 288.5286254882812 454
455 288.5466918945312 455
456 288.5648193359375 456
457 288.5829772949219 457
458 288.6011657714844 458
459 288.619384765625 459
460 288.6376953125 460
461 288.6559753417969 461
462 288.67431640625 462
463 288.6927185058594 463
464 288.7110900878906 464
465 288.7295532226562 465
466 288.7480163574219 466
467 288.7665100097656 467
468 288.7850036621094 468
469 288.8035583496094 469
470 288.8221130371094 470
471 288.8406982421875 471
472 288.8593139648438 472
473 288.8779296875 473
474 288.8965454101562 474
475 288.9151916503906 475
476 288.933837890625 476
477 288.9525451660156 477
478 288.9712219238281 478
479 288.9899291992188 479
480 289.0086059570312 480
481 289.02734375 481
482 289.0460205078125 482
483 289.0647277832031 483
484 289.0834350585938 484
485 289.1021423339844 485
486 289.120849609375 486
487 289.1395263671875 487
488 289.158203125 488
489 289.1769104003906 489
490 289.1955871582031 490
491 289.2142333984375 491
492 289.23291015625 492
493 289.2515258789062 493
494 289.2701721191406 494
495 289.2887878417969 495
496 289.307373046875 496
497 289.325927734375 497
498 289.344482421875 498
499 289.3630065917969 499
500 289.3815002441406 500
501 289.3999938964844 501
502 289.41845703125 502
503 289.4368896484375 503
504 289.4552612304688 504
505 289.4736328125 505
506 289.491943359375 506
507 289.51025390625 507
508 289.5285034179688 508
509 289.5467224121094 509
510 289.56494140625 510
511 289.5830688476562 511
512 289.6011962890625 512
513 289.6192321777344 513
514 289.6372680664062 514
515 289.6552429199219 515
516 289.6731567382812 516
517 289.6910400390625 517
518 289.7088928222656 518
519 289.7266845703125 519
520 289.7444152832031 520
521 289.7620849609375 521
522 289.7796936035156 522
523 289.7973022460938 523
524 289.8148193359375 524
525 289.832275390625 525
526 289.8496704101562 526
527 289.8670043945312 527
528 289.8843078613281 528
529 289.9014892578125 529
530 289.9186401367188 530
531 289.9357299804688 531
532 289.9527893066406 532
533 289.9697265625 533
534 289.9866333007812 534
535 290.00341796875 535
536 290.0202026367188 536
537 290.036865234375 537
538 290.053466796875 538
539 290.0700073242188 539
540 290.0864562988281 540
541 290.1028442382812 541
542 290.119140625 542
543 290.1353759765625 543
544 290.1515197753906 544
545 290.1675720214844 545
546 290.1835632324219 546
547 290.1994934082031 547
548 290.2153015136719 548
549 290.2310485839844 549
550 290.2466735839844 550
551 290.2622680664062 551
552 290.2777404785156 552
553 290.2931213378906 553
554 290.3084716796875 554
555 290.3236389160156 555
556 290.3387756347656 556
557 290.3538208007812 557
558 290.3687438964844 558
559 290.3836059570312 559
560 290.3983459472656 560
561 290.4130249023438 561
562 290.4275817871094 562
563 290.4420166015625 563
564 290.4564208984375 564
565 290.470703125 565
566 290.4848327636719 566
567 290.4989318847656 567
568 290.5128784179688 568
569 290.5267944335938 569
570 290.54052734375 570
571 290.55419921875 571
572 290.5677490234375 572
573 290.5812072753906 573
574 290.5945739746094 574
575 290.6077880859375 575
576 290.6209411621094 576
577 290.6340026855469 577
578 290.6468811035156 578
579 290.6596984863281 579
580 290.6724243164062 580
581 290.68505859375 581
582 290.697509765625 582
583 290.7098999023438 583
584 290.72216796875 584
585 290.734375 585
586 290.7463989257812 586
587 290.7583312988281 587
588 290.7702026367188 588
589 290.7819213867188 589
590 290.7935485839844 590
591 290.8050537109375 591
592 290.8164367675781 592
593 290.8277587890625 593
594 290.8389282226562 594
595 290.8500061035156 595
596 290.8609619140625 596
597 290.8718566894531 597
598 290.8826293945312 598
599 290.8932800292969 599
600 290.9038696289062 600
601 290.9142761230469 601
602 290.9246826171875 602
603 290.9349365234375 603
604 290.9450988769531 604
605 290.9551696777344 605
606 290.9651489257812 606
607 290.9750366210938 607
608 290.9848327636719 608
609 290.9945678710938 609
610 291.0041809082031 610
611 291.0137329101562 611
612 291.023193359375 612
613 291.0325927734375 613
614 291.0419311523438 614
615 291.0511779785156 615
616 291.0603637695312 616
617 291.0694885253906 617
618 291.0785217285156 618
619 291.0875244140625 619
620 291.096435546875 620
621 291.1053466796875 621
622 291.1141357421875 622
623 291.1229553222656 623
624 291.1316528320312 624
625 291.1403503417969 625
626 291.1490173339844 626
627 291.1576538085938 627
628 291.1662292480469 628
629 291.1748046875 629
630 291.1833190917969 630
631 291.1918334960938 631
632 291.2003479003906 632
633 291.2088012695312 633
634 291.2172546386719 634
635 291.2257080078125 635
636 291.234130859375 636
637 291.2425842285156 637
638 291.2510375976562 638
639 291.2594909667969 639
640 291.2679443359375 640
641 291.2764282226562 641
642 291.2848510742188 642
643 291.2933349609375 643
644 291.3018798828125 644
645 291.3103942871094 645
646 291.3189392089844 646
647 291.3274841308594 647
648 291.3360900878906 648
649 291.3447265625 649
650 291.3533935546875 650
651 291.362060546875 651
652 291.3708190917969 652
653 291.3796081542969 653
654 291.3883972167969 654
655 291.3972778320312 655
656 291.4061889648438 656
657 291.4151611328125 657
658 291.4241638183594 658
659 291.4332275390625 659
660 291.4423217773438 660
661 291.4514770507812 661
662 291.460693359375 662
663 291.4700012207031 663
664 291.4793395996094 664
665 291.4887084960938 665
666 291.4982299804688 666
667 291.5077514648438 667
668 291.5173034667969 668
669 291.5270080566406 669
670 291.5367431640625 670
671 291.5465393066406 671
672 291.556396484375 672
673 291.5663452148438 673
674 291.5763244628906 674
675 291.5863952636719 675
676 291.5965576171875 676
677 291.6067504882812 677
678 291.6170654296875 678
679 291.62744140625 679
680 291.6378479003906 680
681 291.6483764648438 681
682 291.6589660644531 682
683 291.6696166992188 683
684 291.6803588867188 684
685 291.691162109375 685
686 291.7020263671875 686
687 291.7130126953125 687
688 291.7240600585938 688
689 291.7351379394531 689
690 291.7463073730469 690
691 291.757568359375 691
692 291.7688598632812 692
693 291.7803039550781 693
694 291.791748046875 694
695 291.8032836914062 695
696 291.8148803710938 696
697 291.8265380859375 697
698 291.8383178710938 698
699 291.8501281738281 699
700 291.8619995117188 700
701 291.8739624023438 701
702 291.885986328125 702
703 291.8980712890625 703
704 291.9102172851562 704
705 291.9224243164062 705
706 291.9346923828125 706
707 291.9470520019531 707
708 291.9594421386719 708
709 291.971923828125 709
710 291.9844360351562 710
711 291.9969787597656 711
712 292.0096435546875 712
713 292.0223083496094 713
714 292.0350952148438 714
715 292.0478820800781 715
716 292.0607299804688 716
717 292.0736389160156 717
718 292.0866088867188 718
719 292.099609375 719
720 292.1126708984375 720
721 292.1257934570312 721
722 292.138916015625 722
723 292.152099609375 723
724 292.1653442382812 724
725 292.1785888671875 725
726 292.1919250488281 726
727 292.2052917480469 727
728 292.2186584472656 728
729 292.2321166992188 729
730 292.2455749511719 730
731 292.2590637207031 731
732 292.2725830078125 732
733 292.2861938476562 733
734 292.2997741699219 734
735 292.3133850097656 735
736 292.3270263671875 736
737 292.3406982421875 737
738 292.3543701171875 738
739 292.3681030273438 739
740 292.3818359375 740
741 292.3955993652344 741
742 292.409423828125 742
743 292.4231872558594 743
744 292.43701171875 744
745 292.4508056640625 745
746 292.4646301269531 746
747 292.478515625 747
748 292.4923706054688 748
749 292.5062255859375 749
750 292.5200805664062 750
751 292.5339660644531 751
752 292.5478210449219 752
753 292.5617065429688 753
754 292.5756225585938 754
755 292.5894775390625 755
756 292.6033325195312 756
757 292.6172485351562 757
758 292.631103515625 758
759 292.6449890136719 759
760 292.6588439941406 760
761 292.6726989746094 761
762 292.6865234375 762
763 292.7003479003906 763
764 292.7141723632812 764
765 292.7279968261719 765
766 292.7417602539062 766
767 292.7555236816406 767
768 292.769287109375 768
769 292.7829895019531 769
770 292.7966918945312 770
771 292.8103942871094 771
772 292.8240356445312 772
773 292.8377075195312 773
774 292.8512878417969 774
775 292.8648681640625 775
776 292.87841796875 776
777 292.8919372558594 777
778 292.9054260253906 778
779 292.9188842773438 779
780 292.9323120117188 780
781 292.9456787109375 781
782 292.9590454101562 782
783 292.9723510742188 783
784 292.9856262207031 784
785 292.9988403320312 785
786 293.0120239257812 786
787 293.0251770019531 787
788 293.0382690429688 788
789 293.0513305664062 789
790 293.0643310546875 790
791 293.0773010253906 791
792 293.0902099609375 792
793 293.1030883789062 793
794 293.1158752441406 794
795 293.1286315917969 795
796 293.1413269042969 796
797 293.1539611816406 797
798 293.1665649414062 798
799 293.1791076660156 799
800 293.1915893554688 800
801 293.2039794921875 801
802 293.2163391113281 802
803 293.2286376953125 803
804 293.2408752441406 804
805 293.2530212402344 805
806 293.2651062011719 806
807 293.2771606445312 807
808 293.2891235351562 808
809 293.301025390625 809
810 293.3128356933594 810
811 293.3246154785156 811
812 293.3363037109375 812
813 293.3479309082031 813
814 293.3594665527344 814
815 293.3709106445312 815
816 293.3823547363281 816
817 293.3936462402344 817
818 293.4048767089844 818
819 293.4160766601562 819
820 293.4271240234375 820
821 293.4381408691406 821
822 293.4490661621094 822
823 293.4598999023438 823
824 293.4706420898438 824
825 293.4813537597656 825
826 293.491943359375 826
827 293.50244140625 827
828 293.5128784179688 828
829 293.523193359375 829
830 293.533447265625 830
831 293.5436096191406 831
832 293.5536499023438 832
833 293.5636596679688 833
834 293.5735473632812 834
835 293.5833435058594 835
836 293.5930786132812 836
837 293.6026611328125 837
838 293.6121826171875 838
839 293.62158203125 839
840 293.6309204101562 840
841 293.64013671875 841
842 293.6492919921875 842
843 293.6583557128906 843
844 293.6672668457031 844
845 293.6761169433594 845
846 293.6848449707031 846
847 293.6934814453125 847
848 293.7020263671875 848
849 293.71044921875 849
850 293.7187805175781 850
851 293.72705078125 851
852 293.7351684570312 852
853 293.7432250976562 853
854 293.7511596679688 854
855 293.7590026855469 855
856 293.7666931152344 856
857 293.7743530273438 857
858 293.7818603515625 858
859 293.789306640625 859
860 293.7966003417969 860
861 293.8038330078125 861
862 293.8109436035156 862
863 293.8179931640625 863
864 293.8248901367188 864
865 293.8317260742188 865
866 293.8384399414062 866
867 293.8450622558594 867
868 293.8515930175781 868
869 293.8580322265625 869
870 293.8643798828125 870
871 293.8706359863281 871
872 293.8768005371094 872
873 293.8828735351562 873
874 293.8888549804688 874
875 293.894775390625 875
876 293.9005737304688 876
877 293.9063110351562 877
878 293.9119873046875 878
879 293.9175415039062 879
880 293.9230346679688 880
881 293.928466796875 881
882 293.9338073730469 882
883 293.9390869140625 883
884 293.9443054199219 884
885 293.949462890625 885
886 293.95458984375 886
887 293.9596252441406 887
888 293.964599609375 888
889 293.9695129394531 889
890 293.9744262695312 890
891 293.979248046875 891
892 293.9840393066406 892
893 293.9888000488281 893
894 293.9935302734375 894
895 293.9981994628906 895
896 294.0028686523438 896
897 294.0074768066406 897
898 294.0120849609375 898
899 294.0166625976562 899
900 294.0212097167969 900
901 294.0257568359375 901
902 294.0302734375 902
903 294.0347900390625 903
904 294.039306640625 904
905 294.0437927246094 905
906 294.0483093261719 906
907 294.0528564453125 907
908 294.057373046875 908
909 294.0618896484375 909
910 294.0664367675781 910
911 294.0709533691406 911
912 294.0755615234375 912
913 294.0801696777344 913
914 294.0847473144531 914
915 294.0893859863281 915
916 294.0940551757812 916
917 294.0987548828125 917
918 294.1034851074219 918
919 294.1082458496094 919
920 294.113037109375 920
921 294.117919921875 921
922 294.1227722167969 922
923 294.127685546875 923
924 294.1326904296875 924
925 294.1376953125 925
926 294.1427612304688 926
927 294.1478881835938 927
928 294.153076171875 928
929 294.1582946777344 929
930 294.1636047363281 930
931 294.1689453125 931
932 294.1743469238281 932
933 294.1798095703125 933
934 294.1853637695312 934
935 294.19091796875 935
936 294.1965942382812 936
937 294.2023315429688 937
938 294.2081298828125 938
939 294.2139892578125 939
940 294.2199096679688 940
941 294.2259216308594 941
942 294.2320251464844 942
943 294.2381591796875 943
944 294.244384765625 944
945 294.2506713867188 945
946 294.2570190429688 946
947 294.2634582519531 947
948 294.2699584960938 948
949 294.2765808105469 949
950 294.2832336425781 950
951 294.2899780273438 951
952 294.2967834472656 952
953 294.3037109375 953
954 294.3106384277344 954
955 294.3176879882812 955
956 294.3247985839844 956
957 294.3320007324219 957
958 294.3392333984375 958
959 294.3465881347656 959
960 294.3540344238281 960
961 294.3615112304688 961
962 294.3690490722656 962
963 294.376708984375 963
964 294.3843994140625 964
965 294.3922119140625 965
966 294.4000549316406 966
967 294.4079895019531 967
968 294.4159851074219 968
969 294.424072265625 969
970 294.4321899414062 970
971 294.4403991699219 971
972 294.4486694335938 972
973 294.45703125 973
974 294.4654235839844 974
975 294.4739074707031 975
976 294.4824829101562 976
977 294.4910583496094 977
978 294.4997253417969 978
979 294.5084533691406 979
980 294.5172424316406 980
981 294.5260925292969 981
982 294.5350341796875 982
983 294.5439758300781 983
984 294.5530090332031 984
985 294.5621032714844 985
986 294.5712280273438 986
987 294.5803833007812 987
988 294.5896606445312 988
989 294.5989379882812 989
990 294.6083068847656 990
991 294.61767578125 991
992 294.6271057128906 992
993 294.6365966796875 993
994 294.6461486816406 994
995 294.6557312011719 995
996 294.6653442382812 996
997 294.6749877929688 997
998 294.6846923828125 998
999 294.6944274902344 999
1000 294.7041931152344 1000
1001 294.7140197753906 1001
1002 294.7238464355469 1002
1003 294.7337036132812 1003
1004 294.74365234375 1004
1005 294.7535705566406 1005
1006 294.7635498046875 1006
1007 294.7735595703125 1007
1008 294.7835693359375 1008
1009 294.7936401367188 1009
1010 294.8036804199219 1010
1011 294.8137817382812 1011
1012 294.8239135742188 1012
1013 294.8340454101562 1013
1014 294.8442077636719 1014
1015 294.8543701171875 1015
1016 294.8645629882812 1016
1017 294.874755859375 1017
1018 294.8849792480469 1018
1019 294.8951721191406 1019
1020 294.9054260253906 1020
1021 294.9156494140625 1021
1022 294.9259033203125 1022
1023 294.9361572265625 1023
1024 294.9464416503906 1024
1025 294.9566650390625 1025
1026 294.9669494628906 1026
1027 294.9772033691406 1027
1028 294.9874572753906 1028
1029 294.9977416992188 1029
1030 295.0079956054688 1030
1031 295.0182495117188 1031
1032 295.0284729003906 1032
1033 295.0387268066406 1033
1034 295.0489501953125 1034
1035 295.0591430664062 1035
1036 295.0693359375 1036
1037 295.0795288085938 1037
1038 295.0896911621094 1038
1039 295.099853515625 1039
1040 295.1100158691406 1040
1041 295.1201477050781 1041
1042 295.1302490234375 1042
1043 295.1403198242188 1043
1044 295.150390625 1044
1045 295.160400390625 1045
1046 295.1704406738281 1046
1047 295.1803894042969 1047
1048 295.1903686523438 1048
1049 295.2002563476562 1049
1050 295.2101745605469 1050
1051 295.2200317382812 1051
1052 295.2298583984375 1052
1053 295.2396545410156 1053
1054 295.2494201660156 1054
1055 295.2591552734375 1055
1056 295.2688293457031 1056
1057 295.2784729003906 1057
1058 295.2880859375 1058
1059 295.297607421875 1059
1060 295.3071594238281 1060
1061 295.316650390625 1061
1062 295.3260803222656 1062
1063 295.3354797363281 1063
1064 295.3448181152344 1064
1065 295.3540954589844 1065
1066 295.3633422851562 1066
1067 295.3725280761719 1067
1068 295.3817138671875 1068
1069 295.3908081054688 1069
1070 295.3998413085938 1070
1071 295.4087829589844 1071
1072 295.417724609375 1072
1073 295.4265747070312 1073
1074 295.4353942871094 1074
1075 295.4441528320312 1075
1076 295.4528198242188 1076
1077 295.4614868164062 1077
1078 295.4700317382812 1078
1079 295.4785461425781 1079
1080 295.4869995117188 1080
1081 295.495361328125 1081
1082 295.5036926269531 1082
1083 295.5119323730469 1083
1084 295.5200805664062 1084
1085 295.5281982421875 1085
1086 295.5362243652344 1086
1087 295.544189453125 1087
1088 295.5520935058594 1088
1089 295.5599060058594 1089
1090 295.5676574707031 1090
1091 295.5753173828125 1091
1092 295.5829162597656 1092
1093 295.5904235839844 1093
1094 295.5978698730469 1094
1095 295.605224609375 1095
1096 295.612548828125 1096
1097 295.6197509765625 1097
1098 295.6268310546875 1098
1099 295.6339111328125 1099
1100 295.640869140625 1100
1101 295.6477355957031 1101
1102 295.654541015625 1102
1103 295.6612243652344 1103
1104 295.6678466796875 1104
1105 295.6743774414062 1105
1106 295.6808166503906 1106
1107 295.6871948242188 1107
1108 295.6934509277344 1108
1109 295.6996459960938 1109
1110 295.7057189941406 1110
1111 295.7117309570312 1111
1112 295.7176513671875 1112
1113 295.7234497070312 1113
1114 295.7291870117188 1114
1115 295.7348022460938 1115
1116 295.7403259277344 1116
1117 295.7457885742188 1117
1118 295.7511291503906 1118
1119 295.7564086914062 1119
1120 295.7615356445312 1120
1121 295.7666015625 1121
1122 295.7715454101562 1122
1123 295.7764282226562 1123
1124 295.7811889648438 1124
1125 295.785888671875 1125
1126 295.7904663085938 1126
1127 295.7949829101562 1127
1128 295.7993469238281 1128
1129 295.8036499023438 1129
1130 295.8078308105469 1130
1131 295.8119506835938 1131
1132 295.8159484863281 1132
1133 295.8198547363281 1133
1134 295.8236694335938 1134
1135 295.8274230957031 1135
1136 295.8310546875 1136
1137 295.8345947265625 1137
1138 295.8380737304688 1138
1139 295.8414611816406 1139
1140 295.8447265625 1140
1141 295.8479309082031 1141
1142 295.8510437011719 1142
1143 295.8540649414062 1143
1144 295.8570251464844 1144
1145 295.85986328125 1145
1146 295.8626708984375 1146
1147 295.8654174804688 1147
1148 295.8680725097656 1148
1149 295.8706359863281 1149
1150 295.8731384277344 1150
1151 295.8755798339844 1151
1152 295.8779907226562 1152
1153 295.8802795410156 1153
1154 295.882568359375 1154
1155 295.8847351074219 1155
1156 295.8869018554688 1156
1157 295.8889770507812 1157
1158 295.8910522460938 1158
1159 295.89306640625 1159
1160 295.89501953125 1160
1161 295.89697265625 1161
1162 295.8988647460938 1162
1163 295.9007263183594 1163
1164 295.9025268554688 1164
1165 295.9043273925781 1165
1166 295.9061279296875 1166
1167 295.9078674316406 1167
1168 295.9096069335938 1168
1169 295.9113159179688 1169
1170 295.9130249023438 1170
1171 295.9147338867188 1171
1172 295.9164428710938 1172
1173 295.9181213378906 1173
1174 295.9198303222656 1174
1175 295.9215087890625 1175
1176 295.9232177734375 1176
1177 295.9249267578125 1177
1178 295.9266662597656 1178
1179 295.9284057617188 1179
1180 295.9301452636719 1180
1181 295.9319152832031 1181
1182 295.9337158203125 1182
1183 295.935546875 1183
1184 295.9374084472656 1184
1185 295.9392700195312 1185
1186 295.9412231445312 1186
1187 295.9431457519531 1187
1188 295.9451599121094 1188
1189 295.9471740722656 1189
1190 295.9492492675781 1190
1191 295.9513854980469 1191
1192 295.9535217285156 1192
1193 295.9557495117188 1193
1194 295.9580078125 1194
1195 295.9603271484375 1195
1196 295.9626770019531 1196
1197 295.9651184082031 1197
1198 295.9675903320312 1198
1199 295.9701843261719 1199
1200 295.9727783203125 1200
1201 295.9754333496094 1201
1202 295.9781494140625 1202
1203 295.98095703125 1203
1204 295.9838256835938 1204
1205 295.9867248535156 1205
1206 295.98974609375 1206
1207 295.9928283691406 1207
1208 295.9959716796875 1208
1209 295.9991760253906 1209
1210 296.0024719238281 1210
1211 296.0058288574219 1211
1212 296.00927734375 1212
1213 296.0127563476562 1213
1214 296.016357421875 1214
1215 296.0199890136719 1215
1216 296.0237426757812 1216
1217 296.0275573730469 1217
1218 296.0314331054688 1218
1219 296.035400390625 1219
1220 296.0394592285156 1220
1221 296.0435485839844 1221
1222 296.0477600097656 1222
1223 296.0520629882812 1223
1224 296.056396484375 1224
1225 296.0608520507812 1225
1226 296.0653686523438 1226
1227 296.0699462890625 1227
1228 296.0745849609375 1228
1229 296.079345703125 1229
1230 296.0841674804688 1230
1231 296.0890502929688 1231
1232 296.0940246582031 1232
1233 296.0990600585938 1233
1234 296.1041870117188 1234
1235 296.1094055175781 1235
1236 296.1146850585938 1236
1237 296.1200256347656 1237
1238 296.1254577636719 1238
1239 296.1309509277344 1239
1240 296.136474609375 1240
1241 296.1421508789062 1241
1242 296.1478271484375 1242
1243 296.1535949707031 1243
1244 296.159423828125 1244
1245 296.1653747558594 1245
1246 296.1713562011719 1246
1247 296.1773681640625 1247
1248 296.1835021972656 1248
1249 296.1896667480469 1249
1250 296.1959228515625 1250
1251 296.2022094726562 1251
1252 296.2085571289062 1252
1253 296.2149963378906 1253
1254 296.221435546875 1254
1255 296.2279663085938 1255
1256 296.2345581054688 1256
1257 296.2412109375 1257
1258 296.2479248046875 1258
1259 296.2546691894531 1259
1260 296.2614440917969 1260
1261 296.268310546875 1261
1262 296.2752075195312 1262
1263 296.2821655273438 1263
1264 296.2891540527344 1264
1265 296.2962036132812 1265
1266 296.3033142089844 1266
1267 296.3104248046875 1267
1268 296.317626953125 1268
1269 296.3248291015625 1269
1270 296.3320922851562 1270
1271 296.3393859863281 1271
1272 296.3467102050781 1272
1273 296.3540649414062 1273
1274 296.3614501953125 1274
1275 296.3688659667969 1275
1276 296.3763732910156 1276
1277 296.3838195800781 1277
1278 296.391357421875 1278
1279 296.3988952636719 1279
1280 296.4064636230469 1280
1281 296.4140625 1281
1282 296.4216918945312 1282
1283 296.4293212890625 1283
1284 296.4369812011719 1284
1285 296.4446716308594 1285
1286 296.4523620605469 1286
1287 296.4600830078125 1287
1288 296.4678039550781 1288
1289 296.4755554199219 1289
1290 296.4832763671875 1290
1291 296.4910583496094 1291
1292 296.4988403320312 1292
1293 296.5066223144531 1293
1294 296.514404296875 1294
1295 296.5221862792969 1295
1296 296.5299987792969 1296
1297 296.5377807617188 1297
1298 296.5455932617188 1298
1299 296.5534057617188 1299
1300 296.5611877441406 1300
1301 296.5689697265625 1301
1302 296.5767822265625 1302
1303 296.5845642089844 1303
1304 296.5923156738281 1304
1305 296.60009765625 1305
1306 296.6078491210938 1306
1307 296.6156005859375 1307
1308 296.6233215332031 1308
1309 296.6310424804688 1309
1310 296.6387939453125 1310
1311 296.6464538574219 1311
1312 296.6541442871094 1312
1313 296.6617736816406 1313
1314 296.66943359375 1314
1315 296.6770324707031 1315
1316 296.6846008300781 1316
1317 296.6921691894531 1317
1318 296.69970703125 1318
1319 296.7072143554688 1319
1320 296.7147216796875 1320
1321 296.72216796875 1321
1322 296.7296142578125 1322
1323 296.7369995117188 1323
1324 296.7443542480469 1324
1325 296.7516784667969 1325
1326 296.7589721679688 1326
1327 296.7662353515625 1327
1328 296.7734375 1328
1329 296.7806396484375 1329
1330 296.7877807617188 1330
1331 296.7948913574219 1331
1332 296.8019409179688 1332
1333 296.8089599609375 1333
1334 296.81591796875 1334
1335 296.8228454589844 1335
1336 296.8297424316406 1336
1337 296.8365478515625 1337
1338 296.8433532714844 1338
1339 296.85009765625 1339
1340 296.8567810058594 1340
1341 296.8634033203125 1341
1342 296.8699951171875 1342
1343 296.8765258789062 1343
1344 296.8829956054688 1344
1345 296.889404296875 1345
1346 296.895751953125 1346
1347 296.9020385742188 1347
1348 296.9082641601562 1348
1349 296.9144592285156 1349
1350 296.9205932617188 1350
1351 296.9266357421875 1351
1352 296.9326477050781 1352
1353 296.9385681152344 1353
1354 296.9443969726562 1354
1355 296.9502258300781 1355
1356 296.9559631347656 1356
1357 296.9616394042969 1357
1358 296.9672241210938 1358
1359 296.9727478027344 1359
1360 296.9782104492188 1360
1361 296.9835815429688 1361
1362 296.9888610839844 1362
1363 296.9941101074219 1363
1364 296.999267578125 1364
1365 297.0043334960938 1365
1366 297.0093383789062 1366
1367 297.0143127441406 1367
1368 297.0191650390625 1368
1369 297.02392578125 1369
1370 297.0286560058594 1370
1371 297.0332641601562 1371
1372 297.0377807617188 1372
1373 297.042236328125 1373
1374 297.046630859375 1374
1375 297.0509033203125 1375
1376 297.0551452636719 1376
1377 297.0592346191406 1377
1378 297.0632629394531 1378
1379 297.0671997070312 1379
1380 297.0710754394531 1380
1381 297.0748596191406 1381
1382 297.0785217285156 1382
1383 297.0821228027344 1383
1384 297.0856323242188 1384
1385 297.0890808105469 1385
1386 297.0923767089844 1386
1387 297.0956115722656 1387
1388 297.0987854003906 1388
1389 297.101806640625 1389
1390 297.1047973632812 1390
1391 297.1076354980469 1391
1392 297.1104431152344 1392
1393 297.1131286621094 1393
1394 297.11572265625 1394
1395 297.1181945800781 1395
1396 297.12060546875 1396
1397 297.1229553222656 1397
1398 297.1251525878906 1398
1399 297.1272583007812 1399
1400 297.1293334960938 1400
1401 297.1312866210938 1401
1402 297.1331481933594 1402
1403 297.1349182128906 1403
1404 297.1365966796875 1404
1405 297.1382141113281 1405
1406 297.1397094726562 1406
1407 297.1411437988281 1407
1408 297.1424865722656 1408
1409 297.1437377929688 1409
1410 297.1449279785156 1410
1411 297.14599609375 1411
1412 297.1470336914062 1412
1413 297.14794921875 1413
1414 297.1488037109375 1414
1415 297.1495971679688 1415
1416 297.1503295898438 1416
1417 297.1510009765625 1417
1418 297.1515502929688 1418
1419 297.1520690917969 1419
1420 297.1525268554688 1420
1421 297.1529235839844 1421
1422 297.1532592773438 1422
1423 297.1535339355469 1423
1424 297.1537475585938 1424
1425 297.1539306640625 1425
1426 297.1540832519531 1426
1427 297.1541137695312 1427
1428 297.1541748046875 1428
1429 297.1542053222656 1429
1430 297.1541748046875 1430
1431 297.1540832519531 1431
1432 297.1540222167969 1432
1433 297.1539001464844 1433
1434 297.1537475585938 1434
1435 297.153564453125 1435
1436 297.1534118652344 1436
1437 297.1531982421875 1437
1438 297.1529846191406 1438
1439 297.1527404785156 1439
1440 297.1525268554688 1440
1441 297.1522827148438 1441
1442 297.1520690917969 1442
1443 297.15185546875 1443
1444 297.151611328125 1444
1445 297.1513977050781 1445
1446 297.1511840820312 1446
1447 297.1510009765625 1447
1448 297.1508178710938 1448
1449 297.1506652832031 1449
1450 297.1505737304688 1450
1451 297.1504516601562 1451
1452 297.1503601074219 1452
1453 297.1503295898438 1453
1454 297.1503295898438 1454
1455 297.1503295898438 1455
1456 297.1504211425781 1456
1457 297.1505126953125 1457
1458 297.150634765625 1458
1459 297.1508483886719 1459
1460 297.1510620117188 1460
1461 297.1513671875 1461
1462 297.1517028808594 1462
1463 297.152099609375 1463
1464 297.1525268554688 1464
1465 297.1530456542969 1465
1466 297.1535949707031 1466
1467 297.1542053222656 1467
1468 297.1549072265625 1468
1469 297.1556396484375 1469
1470 297.1564331054688 1470
1471 297.1572875976562 1471
1472 297.1582641601562 1472
1473 297.1592712402344 1473
1474 297.1603393554688 1474
1475 297.1614990234375 1475
1476 297.1627197265625 1476
1477 297.1640014648438 1477
1478 297.1654052734375 1478
1479 297.1668090820312 1479
1480 297.1683654785156 1480
1481 297.1699523925781 1481
1482 297.171630859375 1482
1483 297.1733703613281 1483
1484 297.1752319335938 1484
1485 297.1771240234375 1485
1486 297.1790771484375 1486
1487 297.18115234375 1487
1488 297.1833190917969 1488
1489 297.185546875 1489
1490 297.1878356933594 1490
1491 297.1902160644531 1491
1492 297.1926879882812 1492
1493 297.1952209472656 1493
1494 297.1978454589844 1494
1495 297.2005310058594 1495
1496 297.2033386230469 1496
1497 297.2061767578125 1497
1498 297.2091369628906 1498
1499 297.212158203125 1499
1500 297.2152404785156 1500
1501 297.2184143066406 1501
1502 297.2216796875 1502
1503 297.2250061035156 1503
1504 297.2284240722656 1504
1505 297.2319030761719 1505
1506 297.2354736328125 1506
1507 297.2391052246094 1507
1508 297.2428283691406 1508
1509 297.2466125488281 1509
1510 297.2504577636719 1510
1511 297.2543640136719 1511
1512 297.2583923339844 1512
1513 297.2624816894531 1513
1514 297.2666015625 1514
1515 297.2708129882812 1515
1516 297.2750854492188 1516
1517 297.2794189453125 1517
1518 297.2838439941406 1518
1519 297.288330078125 1519
1520 297.2928771972656 1520
1521 297.2974853515625 1521
1522 297.3021240234375 1522
1523 297.3068542480469 1523
1524 297.3116149902344 1524
1525 297.3164978027344 1525
1526 297.3214111328125 1526
1527 297.3263549804688 1527
1528 297.3313598632812 1528
1529 297.33642578125 1529
1530 297.341552734375 1530
1531 297.3467407226562 1531
1532 297.3519592285156 1532
1533 297.3572387695312 1533
1534 297.362548828125 1534
1535 297.367919921875 1535
1536 297.3733215332031 1536
1537 297.3787841796875 1537
1538 297.38427734375 1538
1539 297.3898315429688 1539
1540 297.3953857421875 1540
1541 297.4010314941406 1541
1542 297.4066772460938 1542
1543 297.4123840332031 1543
1544 297.4181213378906 1544
1545 297.4238586425781 1545
1546 297.4296569824219 1546
1547 297.4354858398438 1547
1548 297.4413452148438 1548
1549 297.4472351074219 1549
1550 297.453125 1550
1551 297.4590454101562 1551
1552 297.4650268554688 1552
1553 297.4710083007812 1553
1554 297.4770202636719 1554
1555 297.4830322265625 1555
1556 297.4890747070312 1556
1557 297.4951171875 1557
1558 297.5011901855469 1558
1559 297.5072937011719 1559
1560 297.5133972167969 1560
1561 297.51953125 1561
1562 297.525634765625 1562
1563 297.5317687988281 1563
1564 297.5379028320312 1564
1565 297.5440673828125 1565
1566 297.5502014160156 1566
1567 297.5563354492188 1567
1568 297.5625 1568
1569 297.5686645507812 1569
1570 297.5748291015625 1570
1571 297.5809631347656 1571
1572 297.5871276855469 1572
1573 297.5932922363281 1573
1574 297.5994262695312 1574
1575 297.6055603027344 1575
1576 297.6116943359375 1576
1577 297.6177978515625 1577
1578 297.6239013671875 1578
1579 297.6300048828125 1579
1580 297.6360473632812 1580
1581 297.6421203613281 1581
1582 297.6481628417969 1582
1583 297.6542053222656 1583
1584 297.6602172851562 1584
1585 297.6661987304688 1585
1586 297.6721801757812 1586
1587 297.6781311035156 1587
1588 297.6840209960938 1588
1589 297.68994140625 1589
1590 297.69580078125 1590
1591 297.70166015625 1591
1592 297.7074890136719 1592
1593 297.7132568359375 1593
1594 297.7190246582031 1594
1595 297.7247314453125 1595
1596 297.7304382324219 1596
1597 297.736083984375 1597
1598 297.74169921875 1598
1599 297.7472839355469 1599
1600 297.7528381347656 1600
1601 297.75830078125 1601
1602 297.7637939453125 1602
1603 297.7691955566406 1603
1604 297.7745971679688 1604
1605 297.7799377441406 1605
1606 297.7852172851562 1606
1607 297.7904357910156 1607
1608 297.795654296875 1608
1609 297.80078125 1609
1610 297.805908203125 1610
1611 297.8109436035156 1611
1612 297.81591796875 1612
1613 297.8208923339844 1613
1614 297.8257751464844 1614
1615 297.8305969238281 1615
1616 297.8353881835938 1616
1617 297.840087890625 1617
1618 297.8447570800781 1618
1619 297.8493957519531 1619
1620 297.8539428710938 1620
1621 297.8584289550781 1621
1622 297.8628540039062 1622
1623 297.8672180175781 1623
1624 297.8715209960938 1624
1625 297.8757629394531 1625
1626 297.8799438476562 1626
1627 297.884033203125 1627
1628 297.8880615234375 1628
1629 297.8920288085938 1629
1630 297.8959655761719 1630
1631 297.8997802734375 1631
1632 297.9035339355469 1632
1633 297.9072265625 1633
1634 297.9108581542969 1634
1635 297.9143676757812 1635
1636 297.9178466796875 1636
1637 297.9212341308594 1637
1638 297.924560546875 1638
1639 297.9277954101562 1639
1640 297.9309692382812 1640
1641 297.93408203125 1641
1642 297.9370727539062 1642
1643 297.9399719238281 1643
1644 297.9428405761719 1644
1645 297.9455871582031 1645
1646 297.9482727050781 1646
1647 297.9508666992188 1647
1648 297.9533996582031 1648
1649 297.955810546875 1649
1650 297.9581909179688 1650
1651 297.9604187011719 1651
1652 297.9626159667969 1652
1653 297.9646911621094 1653
1654 297.9666748046875 1654
1655 297.9685974121094 1655
1656 297.9703979492188 1656
1657 297.97216796875 1657
1658 297.9738159179688 1658
1659 297.9753723144531 1659
1660 297.976806640625 1660
1661 297.9782104492188 1661
1662 297.9794921875 1662
1663 297.9806823730469 1663
1664 297.9818115234375 1664
1665 297.9828186035156 1665
1666 297.9837646484375 1666
1667 297.9845886230469 1667
1668 297.9853210449219 1668
1669 297.9859924316406 1669
1670 297.986572265625 1670
1671 297.987060546875 1671
1672 297.9874572753906 1672
1673 297.9877624511719 1673
1674 297.9880065917969 1674
1675 297.9881591796875 1675
1676 297.9881896972656 1676
1677 297.9881896972656 1677
1678 297.9880981445312 1678
1679 297.9879150390625 1679
1680 297.9876403808594 1680
1681 297.9873046875 1681
1682 297.9869079589844 1682
1683 297.9864196777344 1683
1684 297.9858703613281 1684
1685 297.9852294921875 1685
1686 297.9845581054688 1686
1687 297.9837951660156 1687
1688 297.9829711914062 1688
1689 297.9820861816406 1689
1690 297.9811706542969 1690
1691 297.9801635742188 1691
1692 297.9790954589844 1692
1693 297.9779968261719 1693
1694 297.9768676757812 1694
1695 297.9756774902344 1695
1696 297.9744262695312 1696
1697 297.9731750488281 1697
1698 297.9718627929688 1698
1699 297.9705200195312 1699
1700 297.9691467285156 1700
1701 297.9677429199219 1701
1702 297.96630859375 1702
1703 297.96484375 1703
1704 297.96337890625 1704
1705 297.9619140625 1705
1706 297.9603881835938 1706
1707 297.9588928222656 1707
1708 297.9573974609375 1708
1709 297.9558715820312 1709
1710 297.954345703125 1710
1711 297.9528198242188 1711
1712 297.9512939453125 1712
1713 297.9497985839844 1713
1714 297.9483032226562 1714
1715 297.9468078613281 1715
1716 297.9453430175781 1716
1717 297.9438781738281 1717
1718 297.9424743652344 1718
1719 297.9410705566406 1719
1720 297.939697265625 1720
1721 297.9383544921875 1721
1722 297.93701171875 1722
1723 297.9357299804688 1723
1724 297.9345092773438 1724
1725 297.9332885742188 1725
1726 297.9321594238281 1726
1727 297.9310302734375 1727
1728 297.9299621582031 1728
1729 297.928955078125 1729
1730 297.927978515625 1730
1731 297.9270629882812 1731
1732 297.9262084960938 1732
1733 297.9254150390625 1733
1734 297.9246520996094 1734
1735 297.9239501953125 1735
1736 297.9233093261719 1736
1737 297.9227294921875 1737
1738 297.9222717285156 1738
1739 297.9218139648438 1739
1740 297.9214782714844 1740
1741 297.921142578125 1741
1742 297.9209594726562 1742
1743 297.9207763671875 1743
1744 297.9207153320312 1744
1745 297.9207153320312 1745
1746 297.9207763671875 1746
1747 297.9209289550781 1747
1748 297.921142578125 1748
1749 297.9214477539062 1749
1750 297.9218139648438 1750
1751 297.9222412109375 1751
1752 297.9227905273438 1752
1753 297.9233703613281 1753
1754 297.924072265625 1754
1755 297.9248657226562 1755
1756 297.9256896972656 1756
1757 297.9266357421875 1757
1758 297.9276428222656 1758
1759 297.9287414550781 1759
1760 297.9299011230469 1760
1761 297.93115234375 1761
1762 297.9325256347656 1762
1763 297.9339294433594 1763
1764 297.9354248046875 1764
1765 297.93701171875 1765
1766 297.9386901855469 1766
1767 297.9403991699219 1767
1768 297.9422607421875 1768
1769 297.9441528320312 1769
1770 297.9461364746094 1770
1771 297.9482116699219 1771
1772 297.9503479003906 1772
1773 297.9525756835938 1773
1774 297.9548645019531 1774
1775 297.9572448730469 1775
1776 297.959716796875 1776
1777 297.9622192382812 1777
1778 297.9648132324219 1778
1779 297.9674987792969 1779
1780 297.9702758789062 1780
1781 297.9730834960938 1781
1782 297.9759826660156 1782
1783 297.9789428710938 1783
1784 297.9819946289062 1784
1785 297.9850769042969 1785
1786 297.98828125 1786
1787 297.9915161132812 1787
1788 297.9948425292969 1788
1789 297.9982299804688 1789
1790 298.0016479492188 1790
1791 298.0051574707031 1791
1792 298.0087585449219 1792
1793 298.0123596191406 1793
1794 298.0160522460938 1794
1795 298.0198059082031 1795
1796 298.0236206054688 1796
1797 298.0274658203125 1797
1798 298.0314025878906 1798
1799 298.0353698730469 1799
1800 298.0393981933594 1800
1801 298.0434875488281 1801
1802 298.047607421875 1802
1803 298.0517883300781 1803
1804 298.0560302734375 1804
1805 298.060302734375 1805
1806 298.0646362304688 1806
1807 298.0690002441406 1807
1808 298.0733947753906 1808
1809 298.0778503417969 1809
1810 298.0823364257812 1810
1811 298.0868530273438 1811
1812 298.0914306640625 1812
1813 298.0960693359375 1813
1814 298.1006774902344 1814
1815 298.1053466796875 1815
1816 298.1100769042969 1816
1817 298.1148071289062 1817
1818 298.1195983886719 1818
1819 298.1243896484375 1819
1820 298.1291809082031 1820
1821 298.134033203125 1821
1822 298.138916015625 1822
1823 298.143798828125 1823
1824 298.1487426757812 1824
1825 298.1536865234375 1825
1826 298.1586303710938 1826
1827 298.16357421875 1827
1828 298.1686096191406 1828
1829 298.173583984375 1829
1830 298.1785888671875 1830
1831 298.1836547851562 1831
1832 298.1886901855469 1832
1833 298.1937255859375 1833
1834 298.1987915039062 1834
1835 298.203857421875 1835
1836 298.2089233398438 1836
1837 298.2140197753906 1837
1838 298.2190856933594 1838
1839 298.2241516113281 1839
1840 298.2292175292969 1840
1841 298.2343139648438 1841
1842 298.2393798828125 1842
1843 298.2444458007812 1843
1844 298.24951171875 1844
1845 298.2545776367188 1845
1846 298.2596130371094 1846
1847 298.2646484375 1847
1848 298.2697143554688 1848
1849 298.2747192382812 1849
1850 298.2797241210938 1850
1851 298.2846984863281 1851
1852 298.2896728515625 1852
1853 298.2946166992188 1853
1854 298.299560546875 1854
1855 298.3044738769531 1855
1856 298.3093872070312 1856
1857 298.3142700195312 1857
1858 298.319091796875 1858
1859 298.3239440917969 1859
1860 298.3287353515625 1860
1861 298.33349609375 1861
1862 298.3382568359375 1862
1863 298.3429565429688 1863
1864 298.34765625 1864
1865 298.3523254394531 1865
1866 298.35693359375 1866
1867 298.3615112304688 1867
1868 298.3660888671875 1868
1869 298.37060546875 1869
1870 298.3750610351562 1870
1871 298.3795166015625 1871
1872 298.3838806152344 1872
1873 298.3882446289062 1873
1874 298.392578125 1874
1875 298.3968505859375 1875
1876 298.4010620117188 1876
1877 298.4052734375 1877
1878 298.4093933105469 1878
1879 298.4134826660156 1879
1880 298.4175109863281 1880
1881 298.4215087890625 1881
1882 298.4254455566406 1882
1883 298.4293212890625 1883
1884 298.4331665039062 1884
1885 298.4369506835938 1885
1886 298.440673828125 1886
1887 298.4443359375 1887
1888 298.4479675292969 1888
1889 298.4515075683594 1889
1890 298.4550170898438 1890
1891 298.4584655761719 1891
1892 298.4618530273438 1892
1893 298.4651489257812 1893
1894 298.4683837890625 1894
1895 298.4715881347656 1895
1896 298.4747314453125 1896
1897 298.477783203125 1897
1898 298.4807739257812 1898
1899 298.4837036132812 1899
1900 298.4865417480469 1900
1901 298.4893188476562 1901
1902 298.4920654296875 1902
1903 298.4946899414062 1903
1904 298.4972839355469 1904
1905 298.4997863769531 1905
1906 298.502197265625 1906
1907 298.5045776367188 1907
1908 298.5068359375 1908
1909 298.5090637207031 1909
1910 298.5111694335938 1910
1911 298.5132141113281 1911
1912 298.5151977539062 1912
1913 298.51708984375 1913
1914 298.5189208984375 1914
1915 298.5206604003906 1915
1916 298.5223083496094 1916
1917 298.5238647460938 1917
1918 298.5253601074219 1918
1919 298.5267639160156 1919
1920 298.5280456542969 1920
1921 298.529296875 1921
1922 298.5304565429688 1922
1923 298.5315246582031 1923
1924 298.5325012207031 1924
1925 298.5333862304688 1925
1926 298.5341796875 1926
1927 298.534912109375 1927
1928 298.5355224609375 1928
1929 298.5361022949219 1929
1930 298.5365295410156 1930
1931 298.5369262695312 1931
1932 298.5372009277344 1932
1933 298.537353515625 1933
1934 298.5374755859375 1934
1935 298.5374755859375 1935
1936 298.5373840332031 1936
1937 298.5372314453125 1937
1938 298.5369873046875 1938
1939 298.5366516113281 1939
1940 298.5362548828125 1940
1941 298.5357360839844 1941
1942 298.5351257324219 1942
1943 298.5344543457031 1943
1944 298.53369140625 1944
1945 298.5328674316406 1945
1946 298.5319519042969 1946
1947 298.5309448242188 1947
1948 298.5298461914062 1948
1949 298.5287170410156 1949
1950 298.5274658203125 1950
1951 298.5261840820312 1951
1952 298.5248107910156 1952
1953 298.5233459472656 1953
1954 298.5218505859375 1954
1955 298.5202941894531 1955
1956 298.5186157226562 1956
1957 298.5169372558594 1957
1958 298.5151977539062 1958
1959 298.5133666992188 1959
1960 298.511474609375 1960
1961 298.5095825195312 1961
1962 298.5075988769531 1962
1963 298.5055847167969 1963
1964 298.5035095214844 1964
1965 298.5014343261719 1965
1966 298.499267578125 1966
1967 298.4971008300781 1967
1968 298.494873046875 1968
1969 298.4926452636719 1969
1970 298.4903564453125 1970
1971 298.4880981445312 1971
1972 298.4857788085938 1972
1973 298.4834594726562 1973
1974 298.4811096191406 1974
1975 298.478759765625 1975
1976 298.4764099121094 1976
1977 298.4739990234375 1977
1978 298.4716491699219 1978
1979 298.4692687988281 1979
1980 298.4669189453125 1980
1981 298.4645385742188 1981
1982 298.462158203125 1982
1983 298.4598388671875 1983
1984 298.45751953125 1984
1985 298.4552001953125 1985
1986 298.4529113769531 1986
1987 298.4506225585938 1987
1988 298.4483947753906 1988
1989 298.4461669921875 1989
1990 298.4440002441406 1990
1991 298.4418640136719 1991
1992 298.4397583007812 1992
1993 298.4376831054688 1993
1994 298.4356384277344 1994
1995 298.4336242675781 1995
1996 298.4317016601562 1996
1997 298.4298095703125 1997
1998 298.4279479980469 1998
1999 298.4261474609375 1999
2000 298.4244384765625 2000
2001 298.4227294921875 2001
2002 298.4211120605469 2002
2003 298.4195251464844 2003
2004 298.4180297851562 2004
2005 298.4165649414062 2005
2006 298.4151611328125 2006
2007 298.4138793945312 2007
2008 298.4126281738281 2008
2009 298.4114379882812 2009
2010 298.4103393554688 2010
2011 298.4093017578125 2011
2012 298.4083251953125 2012
2013 298.4074401855469 2013
2014 298.4066467285156 2014
2015 298.4058837890625 2015
2016 298.4052429199219 2016
2017 298.4046630859375 2017
2018 298.4041442871094 2018
2019 298.4037170410156 2019
2020 298.4033508300781 2020
2021 298.403076171875 2021
2022 298.4028930664062 2022
2023 298.4027709960938 2023
2024 298.4027709960938 2024
2025 298.4028015136719 2025
2026 298.4029541015625 2026
2027 298.4031677246094 2027
2028 298.4034423828125 2028
2029 298.4038696289062 2029
2030 298.404296875 2030
2031 298.4048461914062 2031
2032 298.405517578125 2032
2033 298.4062194824219 2033
2034 298.4070129394531 2034
2035 298.4078979492188 2035
2036 298.4088134765625 2036
2037 298.4098815917969 2037
2038 298.4110107421875 2038
2039 298.4122009277344 2039
2040 298.4135131835938 2040
2041 298.4148559570312 2041
2042 298.4163208007812 2042
2043 298.4178161621094 2043
2044 298.41943359375 2044
2045 298.4211120605469 2045
2046 298.4228515625 2046
2047 298.4247131347656 2047
2048 298.4266052246094 2048
2049 298.4285888671875 2049
2050 298.4306640625 2050
2051 298.4327697753906 2051
2052 298.4349975585938 2052
2053 298.437255859375 2053
2054 298.4396057128906 2054
2055 298.4420166015625 2055
2056 298.4444885253906 2056
2057 298.4470520019531 2057
2058 298.4496765136719 2058
2059 298.4523620605469 2059
2060 298.4551086425781 2060
2061 298.4579162597656 2061
2062 298.4607849121094 2062
2063 298.4637145996094 2063
2064 298.4667358398438 2064
2065 298.4697875976562 2065
2066 298.472900390625 2066
2067 298.47607421875 2067
2068 298.4792785644531 2068
2069 298.4825439453125 2069
2070 298.4859008789062 2070
2071 298.4892883300781 2071
2072 298.4927062988281 2072
2073 298.4962158203125 2073
2074 298.499755859375 2074
2075 298.5033264160156 2075
2076 298.5069580078125 2076
2077 298.5106201171875 2077
2078 298.5143432617188 2078
2079 298.5180969238281 2079
2080 298.5218811035156 2080
2081 298.5257263183594 2081
2082 298.5296020507812 2082
2083 298.5335083007812 2083
2084 298.5374450683594 2084
2085 298.5414123535156 2085
2086 298.5454406738281 2086
2087 298.5494384765625 2087
2088 298.5535278320312 2088
2089 298.5576477050781 2089
2090 298.561767578125 2090
2091 298.56591796875 2091
2092 298.5700988769531 2092
2093 298.5742797851562 2093
2094 298.5785217285156 2094
2095 298.582763671875 2095
2096 298.5870056152344 2096
2097 298.5912780761719 2097
2098 298.5955810546875 2098
2099 298.5998840332031 2099
2100 298.6041870117188 2100
2101 298.6085205078125 2101
2102 298.6128540039062 2102
2103 298.6172180175781 2103
2104 298.62158203125 2104
2105 298.6259460449219 2105
2106 298.6303100585938 2106
2107 298.6347045898438 2107
2108 298.6390686035156 2108
2109 298.6434326171875 2109
2110 298.6478271484375 2110
2111 298.6521911621094 2111
2112 298.6565551757812 2112
2113 298.6609191894531 2113
2114 298.6652526855469 2114
2115 298.6696166992188 2115
2116 298.6739807128906 2116
2117 298.6783142089844 2117
2118 298.6826477050781 2118
2119 298.6869506835938 2119
2120 298.6912536621094 2120
2121 298.6955261230469 2121
2122 298.6997985839844 2122
2123 298.7040405273438 2123
2124 298.7082824707031 2124
2125 298.7124633789062 2125
2126 298.7167053222656 2126
2127 298.7208557128906 2127
2128 298.7250061035156 2128
2129 298.7291259765625 2129
2130 298.7332153320312 2130
2131 298.7373046875 2131
2132 298.7413330078125 2132
2133 298.7453308105469 2133
2134 298.7493286132812 2134
2135 298.7532653808594 2135
2136 298.7572021484375 2136
2137 298.7610778808594 2137
2138 298.7649230957031 2138
2139 298.7687072753906 2139
2140 298.7725219726562 2140
2141 298.7762145996094 2141
2142 298.7799377441406 2142
2143 298.7835998535156 2143
2144 298.7872009277344 2144
2145 298.790771484375 2145
2146 298.7942810058594 2146
2147 298.7977294921875 2147
2148 298.8012084960938 2148
2149 298.8045654296875 2149
2150 298.8078918457031 2150
2151 298.8111877441406 2151
2152 298.8144226074219 2152
2153 298.8175964355469 2153
2154 298.8207702636719 2154
2155 298.8238220214844 2155
2156 298.8268432617188 2156
2157 298.8298034667969 2157
2158 298.8327331542969 2158
2159 298.8355712890625 2159
2160 298.83837890625 2160
2161 298.8410949707031 2161
2162 298.8437805175781 2162
2163 298.8463745117188 2163
2164 298.8489379882812 2164
2165 298.8514099121094 2165
2166 298.8538513183594 2166
2167 298.856201171875 2167
2168 298.8585205078125 2168
2169 298.8607177734375 2169
2170 298.8628540039062 2170
2171 298.8649597167969 2171
2172 298.8669738769531 2172
2173 298.8689270019531 2173
2174 298.8707885742188 2174
2175 298.8725891113281 2175
2176 298.8743286132812 2176
2177 298.8759765625 2177
2178 298.8775634765625 2178
2179 298.8790893554688 2179
2180 298.8804931640625 2180
2181 298.8818359375 2181
2182 298.8831176757812 2182
2183 298.8843078613281 2183
2184 298.8854064941406 2184
2185 298.886474609375 2185
2186 298.887451171875 2186
2187 298.8883056640625 2187
2188 298.8890686035156 2188
2189 298.8898010253906 2189
2190 298.8904113769531 2190
2191 298.8909301757812 2191
2192 298.8914184570312 2192
2193 298.8917541503906 2193
2194 298.8920593261719 2194
2195 298.8922729492188 2195
2196 298.8923645019531 2196
2197 298.8923950195312 2197
2198 298.892333984375 2198
2199 298.8922119140625 2199
2200 298.8919372558594 2200
2201 298.8916320800781 2201
2202 298.8912353515625 2202
2203 298.8907165527344 2203
2204 298.8901672363281 2204
2205 298.8894653320312 2205
2206 298.8887329101562 2206
2207 298.8878784179688 2207
2208 298.886962890625 2208
2209 298.8859252929688 2209
2210 298.8848571777344 2210
2211 298.8836669921875 2211
2212 298.8823852539062 2212
2213 298.8810424804688 2213
2214 298.879638671875 2214
2215 298.8781127929688 2215
2216 298.8765258789062 2216
2217 298.8748779296875 2217
2218 298.8731384277344 2218
2219 298.871337890625 2219
2220 298.8694458007812 2220
2221 298.8674926757812 2221
2222 298.865478515625 2222
2223 298.8633728027344 2223
2224 298.8612365722656 2224
2225 298.8590393066406 2225
2226 298.8567504882812 2226
2227 298.8544311523438 2227
2228 298.85205078125 2228
2229 298.849609375 2229
2230 298.8470764160156 2230
2231 298.8445739746094 2231
2232 298.8419799804688 2232
2233 298.83935546875 2233
2234 298.836669921875 2234
2235 298.8339538574219 2235
2236 298.8312377929688 2236
2237 298.8284606933594 2237
2238 298.8256530761719 2238
2239 298.8228149414062 2239
2240 298.8199462890625 2240
2241 298.8170776367188 2241
2242 298.814208984375 2242
2243 298.8113403320312 2243
2244 298.8084106445312 2244
2245 298.8054809570312 2245
2246 298.8025512695312 2246
2247 298.7996215820312 2247
2248 298.7966918945312 2248
2249 298.7937927246094 2249
2250 298.7908630371094 2250
2251 298.7879638671875 2251
2252 298.7850646972656 2252
2253 298.7821960449219 2253
2254 298.7793273925781 2254
2255 298.7764892578125 2255
2256 298.773681640625 2256
2257 298.7708740234375 2257
2258 298.7681274414062 2258
2259 298.7654113769531 2259
2260 298.7626953125 2260
2261 298.7600708007812 2261
2262 298.7574462890625 2262
2263 298.7548828125 2263
2264 298.7523193359375 2264
2265 298.7498779296875 2265
2266 298.7474365234375 2266
2267 298.7450561523438 2267
2268 298.7427062988281 2268
2269 298.7404174804688 2269
2270 298.7382202148438 2270
2271 298.7360534667969 2271
2272 298.7339477539062 2272
2273 298.7319030761719 2273
2274 298.7299499511719 2274
2275 298.72802734375 2275
2276 298.7261657714844 2276
2277 298.7243957519531 2277
2278 298.7226867675781 2278
2279 298.7210388183594 2279
2280 298.7195129394531 2280
2281 298.7179870605469 2281
2282 298.7165832519531 2282
2283 298.7152404785156 2283
2284 298.7139587402344 2284
2285 298.7127990722656 2285
2286 298.7117004394531 2286
2287 298.7106628417969 2287
2288 298.7096862792969 2288
2289 298.7088623046875 2289
2290 298.7080078125 2290
2291 298.7073364257812 2291
2292 298.7067260742188 2292
2293 298.7061767578125 2293
2294 298.7057189941406 2294
2295 298.705322265625 2295
2296 298.7050170898438 2296
2297 298.7048034667969 2297
2298 298.7047119140625 2298
2299 298.7046508789062 2299
2300 298.7047119140625 2300
2301 298.7048034667969 2301
2302 298.7050170898438 2302
2303 298.7052917480469 2303
2304 298.7056579589844 2304
2305 298.7061157226562 2305
2306 298.7066650390625 2306
2307 298.707275390625 2307
2308 298.7079772949219 2308
2309 298.708740234375 2309
2310 298.7095947265625 2310
2311 298.7105407714844 2311
2312 298.7115783691406 2312
2313 298.712646484375 2313
2314 298.7138671875 2314
2315 298.7151184082031 2315
2316 298.7164611816406 2316
2317 298.7178649902344 2317
2318 298.7193298339844 2318
2319 298.7208862304688 2319
2320 298.7225341796875 2320
2321 298.7242431640625 2321
2322 298.7260131835938 2322
2323 298.7279052734375 2323
2324 298.7297668457031 2324
2325 298.7317810058594 2325
2326 298.7338562011719 2326
2327 298.7359924316406 2327
2328 298.7381591796875 2328
2329 298.7404174804688 2329
2330 298.7427368164062 2330
2331 298.7451171875 2331
2332 298.7475891113281 2332
2333 298.7500915527344 2333
2334 298.752685546875 2334
2335 298.7553100585938 2335
2336 298.7579650878906 2336
2337 298.7607421875 2337
2338 298.7635192871094 2338
2339 298.7663879394531 2339
2340 298.769287109375 2340
2341 298.7722778320312 2341
2342 298.7752380371094 2342
2343 298.7783203125 2343
2344 298.7814331054688 2344
2345 298.7845764160156 2345
2346 298.7877502441406 2346
2347 298.7909851074219 2347
2348 298.7942810058594 2348
2349 298.797607421875 2349
2350 298.8009643554688 2350
2351 298.8043823242188 2351
2352 298.8078002929688 2352
2353 298.8112487792969 2353
2354 298.8147583007812 2354
2355 298.8182983398438 2355
2356 298.8218994140625 2356
2357 298.8255004882812 2357
2358 298.8291320800781 2358
2359 298.832763671875 2359
2360 298.8364562988281 2360
2361 298.8401794433594 2361
2362 298.8439025878906 2362
2363 298.84765625 2363
2364 298.8514099121094 2364
2365 298.855224609375 2365
2366 298.8590393066406 2366
2367 298.8628540039062 2367
2368 298.86669921875 2368
2369 298.8705749511719 2369
2370 298.8744506835938 2370
2371 298.8783264160156 2371
2372 298.8822021484375 2372
2373 298.8861083984375 2373
2374 298.8900146484375 2374
2375 298.8939514160156 2375
2376 298.8978576660156 2376
2377 298.9017944335938 2377
2378 298.9057006835938 2378
2379 298.9096374511719 2379
2380 298.9135437011719 2380
2381 298.91748046875 2381
2382 298.92138671875 2382
2383 298.92529296875 2383
2384 298.92919921875 2384
2385 298.93310546875 2385
2386 298.93701171875 2386
2387 298.9408569335938 2387
2388 298.9447631835938 2388
2389 298.9485778808594 2389
2390 298.9524230957031 2390
2391 298.9562683105469 2391
2392 298.9600524902344 2392
2393 298.9638366699219 2393
2394 298.9676208496094 2394
2395 298.9713745117188 2395
2396 298.9751281738281 2396
2397 298.9788208007812 2397
2398 298.9825134277344 2398
2399 298.9861755371094 2399
2400 298.9898071289062 2400
2401 298.993408203125 2401
2402 298.9969787597656 2402
2403 299.0005187988281 2403
2404 299.0040283203125 2404
2405 299.0075378417969 2405
2406 299.0109558105469 2406
2407 299.0143737792969 2407
2408 299.0177612304688 2408
2409 299.0211181640625 2409
2410 299.0244140625 2410
2411 299.0276794433594 2411
2412 299.0309143066406 2412
2413 299.0340881347656 2413
2414 299.0372314453125 2414
2415 299.0403137207031 2415
2416 299.0433654785156 2416
2417 299.0464172363281 2417
2418 299.0493469238281 2418
2419 299.0522766113281 2419
2420 299.0551147460938 2420
2421 299.0579223632812 2421
2422 299.0607299804688 2422
2423 299.0634155273438 2423
2424 299.0660705566406 2424
2425 299.0686645507812 2425
2426 299.0712280273438 2426
2427 299.07373046875 2427
2428 299.076171875 2428
2429 299.0785522460938 2429
2430 299.0808715820312 2430
2431 299.0831298828125 2431
2432 299.0853271484375 2432
2433 299.0874328613281 2433
2434 299.0895385742188 2434
2435 299.091552734375 2435
2436 299.0934753417969 2436
2437 299.0953674316406 2437
2438 299.0971984863281 2438
2439 299.0989379882812 2439
2440 299.1006164550781 2440
2441 299.1022338867188 2441
2442 299.1037292480469 2442
2443 299.1052551269531 2443
2444 299.1066284179688 2444
2445 299.1079406738281 2445
2446 299.1091918945312 2446
2447 299.1103820800781 2447
2448 299.1114807128906 2448
2449 299.1125183105469 2449
2450 299.1134643554688 2450
2451 299.1143493652344 2451
2452 299.1151428222656 2452
2453 299.1158447265625 2453
2454 299.1164855957031 2454
2455 299.1170654296875 2455
2456 299.1175231933594 2456
2457 299.1178894042969 2457
2458 299.1182250976562 2458
2459 299.1184692382812 2459
2460 299.1186218261719 2460
2461 299.11865234375 2461
2462 299.11865234375 2462
2463 299.1185302734375 2463
2464 299.1183471679688 2464
2465 299.1180725097656 2465
2466 299.1177062988281 2466
2467 299.1172485351562 2467
2468 299.1167297363281 2468
2469 299.1161193847656 2469
2470 299.1154174804688 2470
2471 299.1145935058594 2471
2472 299.1137084960938 2472
2473 299.1127624511719 2473
2474 299.1117248535156 2474
2475 299.1105651855469 2475
2476 299.1093444824219 2476
2477 299.1080322265625 2477
2478 299.1066284179688 2478
2479 299.1051635742188 2479
2480 299.1036071777344 2480
2481 299.1019592285156 2481
2482 299.1002502441406 2482
2483 299.0984497070312 2483
2484 299.0965270996094 2484
2485 299.0946044921875 2485
2486 299.0925598144531 2486
2487 299.0904541015625 2487
2488 299.0882568359375 2488
2489 299.0859985351562 2489
2490 299.0836791992188 2490
2491 299.081298828125 2491
2492 299.0788269042969 2492
2493 299.0763244628906 2493
2494 299.07373046875 2494
2495 299.0710754394531 2495
2496 299.0683898925781 2496
2497 299.0656127929688 2497
2498 299.0628051757812 2498
2499 299.0599670410156 2499
2500 299.0570678710938 2500
