"point-c-rfile"
"Time Step" "point-c etc.."
("Time Step" "point-c" "flow-time")
0 283 0
1 283 1
2 283 2
3 283 3
4 283 4
5 283 5
6 283 6
7 283 7
8 283 8
9 283 9
10 283 10
11 283 11
12 283 12
13 283 13
14 283 14
15 283 15
16 283 16
17 283 17
18 283 18
19 283 19
20 283 20
21 283 21
22 283 22
23 283 23
24 283 24
25 283 25
26 283 26
27 283 27
28 283 28
29 283 29
30 283.0000305175781 30
31 283.0000305175781 31
32 283.0000610351562 32
33 283.0000610351562 33
34 283.0001220703125 34
35 283.0001220703125 35
36 283.0001525878906 36
37 283.0001831054688 37
38 283.000244140625 38
39 283.0003051757812 39
40 283.0003662109375 40
41 283.0004577636719 41
42 283.0005493164062 42
43 283.0006713867188 43
44 283.0007934570312 44
45 283.0009155273438 45
46 283.0010986328125 46
47 283.0012817382812 47
48 283.0015258789062 48
49 283.0017700195312 49
50 283.0020141601562 50
51 283.0023498535156 51
52 283.002685546875 52
53 283.0030822753906 53
54 283.0035095214844 54
55 283.0039978027344 55
56 283.0045166015625 56
57 283.005126953125 57
58 283.0057678222656 58
59 283.0064697265625 59
60 283.0072326660156 60
61 283.008056640625 61
62 283.0089721679688 62
63 283.0099487304688 63
64 283.0110168457031 64
65 283.0121459960938 65
66 283.0133972167969 66
67 283.0147094726562 67
68 283.01611328125 68
69 283.0176391601562 69
70 283.019287109375 70
71 283.02099609375 71
72 283.0228271484375 72
73 283.0247802734375 73
74 283.0268249511719 74
75 283.0290222167969 75
76 283.0313415527344 76
77 283.0337524414062 77
78 283.0363159179688 78
79 283.0390014648438 79
80 283.0418701171875 80
81 283.0447998046875 81
82 283.0478820800781 82
83 283.0511474609375 83
84 283.0545349121094 84
85 283.0580749511719 85
86 283.0617370605469 86
87 283.0656127929688 87
88 283.0695495605469 88
89 283.0736999511719 89
90 283.0779724121094 90
91 283.0824279785156 91
92 283.0870361328125 92
93 283.091796875 93
94 283.0966796875 94
95 283.1017456054688 95
96 283.1069946289062 96
97 283.1123962402344 97
98 283.117919921875 98
99 283.1236572265625 99
100 283.1295166015625 100
101 283.1355590820312 101
102 283.1416931152344 102
103 283.1480712890625 103
104 283.1545715332031 104
105 283.1612243652344 105
106 283.1680297851562 106
107 283.1749877929688 107
108 283.18212890625 108
109 283.1893920898438 109
110 283.1968383789062 110
111 283.2044067382812 111
112 283.212158203125 112
113 283.2200317382812 113
114 283.2280578613281 114
115 283.2362670898438 115
116 283.2445678710938 116
117 283.2530212402344 117
118 283.2616271972656 118
119 283.2703857421875 119
120 283.2792358398438 120
121 283.2882690429688 121
122 283.2974243164062 122
123 283.3067016601562 123
124 283.3161315917969 124
125 283.3256530761719 125
126 283.3353271484375 126
127 283.3450927734375 127
128 283.3550415039062 128
129 283.3650817871094 129
130 283.375244140625 130
131 283.385498046875 131
132 283.3958435058594 132
133 283.4063415527344 133
134 283.4169311523438 134
135 283.4276428222656 135
136 283.4384155273438 136
137 283.4493408203125 137
138 283.4603271484375 138
139 283.471435546875 139
140 283.482666015625 140
141 283.4939575195312 141
142 283.5053100585938 142
143 283.5167846679688 143
144 283.5283203125 144
145 283.5399780273438 145
146 283.5516967773438 146
147 283.5634460449219 147
148 283.5753173828125 148
149 283.5872497558594 149
150 283.5992736816406 150
151 283.611328125 151
152 283.6235046386719 152
153 283.6356811523438 153
154 283.64794921875 154
155 283.6602783203125 155
156 283.6726684570312 156
157 283.6851196289062 157
158 283.6976013183594 158
159 283.7101440429688 159
160 283.7227172851562 160
161 283.7353515625 161
162 283.748046875 162
163 283.7607421875 163
164 283.7734985351562 164
165 283.7863159179688 165
166 283.7991333007812 166
167 283.81201171875 167
168 283.8248901367188 168
169 283.8377990722656 169
170 283.8507690429688 170
171 283.8637084960938 171
172 283.8767395019531 172
173 283.8897399902344 173
174 283.9027709960938 174
175 283.9158325195312 175
176 283.9288940429688 176
177 283.9419555664062 177
178 283.9550170898438 178
179 283.9681396484375 179
180 283.9812622070312 180
181 283.9943237304688 181
182 284.0074462890625 182
183 284.0205688476562 183
184 284.03369140625 184
185 284.0467529296875 185
186 284.0598754882812 186
187 284.0729675292969 187
188 284.0860595703125 188
189 284.0991516113281 189
190 284.1122131347656 190
191 284.125244140625 191
192 284.1383056640625 192
193 284.1513366699219 193
194 284.1643676757812 194
195 284.1773376464844 195
196 284.1903076171875 196
197 284.2032470703125 197
198 284.2161865234375 198
199 284.2290954589844 199
200 284.2419738769531 200
201 284.2548217773438 201
202 284.2676391601562 202
203 284.2804260253906 203
204 284.2931823730469 204
205 284.305908203125 205
206 284.318603515625 206
207 284.3312377929688 207
208 284.3438720703125 208
209 284.3564453125 209
210 284.3689880371094 210
211 284.3814697265625 211
212 284.3939514160156 212
213 284.4063720703125 213
214 284.4187316894531 214
215 284.4310607910156 215
216 284.4432983398438 216
217 284.45556640625 217
218 284.4677429199219 218
219 284.4798889160156 219
220 284.491943359375 220
221 284.5039672851562 221
222 284.5159301757812 222
223 284.5278625488281 223
224 284.5397338867188 224
225 284.5515441894531 225
226 284.5632934570312 226
227 284.5749816894531 227
228 284.5866088867188 228
229 284.5982055664062 229
230 284.6097106933594 230
231 284.6211547851562 231
232 284.632568359375 232
233 284.6438598632812 233
234 284.6551513671875 234
235 284.6663208007812 235
236 284.6774291992188 236
237 284.6885070800781 237
238 284.6994934082031 238
239 284.7103881835938 239
240 284.7212524414062 240
241 284.7320556640625 241
242 284.7427673339844 242
243 284.75341796875 243
244 284.7639770507812 244
245 284.7744750976562 245
246 284.784912109375 246
247 284.7952575683594 247
248 284.8055419921875 248
249 284.8157348632812 249
250 284.8258666992188 250
251 284.8358764648438 251
252 284.8458557128906 252
253 284.8557739257812 253
254 284.8655700683594 254
255 284.8753051757812 255
256 284.8849487304688 256
257 284.8945007324219 257
258 284.9039916992188 258
259 284.9133911132812 259
260 284.9227294921875 260
261 284.9320068359375 261
262 284.9411315917969 262
263 284.9502258300781 263
264 284.959228515625 264
265 284.9681396484375 265
266 284.9769287109375 266
267 284.9856567382812 267
268 284.9943237304688 268
269 285.0028686523438 269
270 285.0113525390625 270
271 285.019775390625 271
272 285.028076171875 272
273 285.0362548828125 273
274 285.0443725585938 274
275 285.0524291992188 275
276 285.0603637695312 276
277 285.0682373046875 277
278 285.0759887695312 278
279 285.0836791992188 279
280 285.0912475585938 280
281 285.0987548828125 281
282 285.1061706542969 282
283 285.1134643554688 283
284 285.1206970214844 284
285 285.1278076171875 285
286 285.1348266601562 286
287 285.1417846679688 287
288 285.1486206054688 288
289 285.1553955078125 289
290 285.1620483398438 290
291 285.1686401367188 291
292 285.1751098632812 292
293 285.1814575195312 293
294 285.187744140625 294
295 285.1939392089844 295
296 285.2000122070312 296
297 285.2060241699219 297
298 285.2119140625 298
299 285.2177429199219 299
300 285.2234497070312 300
301 285.2290954589844 301
302 285.234619140625 302
303 285.2400512695312 303
304 285.2454223632812 304
305 285.2506713867188 305
306 285.255859375 306
307 285.2609252929688 307
308 285.2659301757812 308
309 285.2708435058594 309
310 285.2756652832031 310
311 285.2803955078125 311
312 285.2850646972656 312
313 285.2896423339844 313
314 285.2941284179688 314
315 285.298583984375 315
316 285.3029174804688 316
317 285.3071899414062 317
318 285.3114624023438 318
319 285.3156127929688 319
320 285.3197021484375 320
321 285.32373046875 321
322 285.3277282714844 322
323 285.3316650390625 323
324 285.3355407714844 324
325 285.3393859863281 325
326 285.3432006835938 326
327 285.3469848632812 327
328 285.3507080078125 328
329 285.3544311523438 329
330 285.3580932617188 330
331 285.3617553710938 331
332 285.3654479980469 332
333 285.3690795898438 333
334 285.3727416992188 334
335 285.3763732910156 335
336 285.3800048828125 336
337 285.3836669921875 337
338 285.3873596191406 338
339 285.3910217285156 339
340 285.3947448730469 340
341 285.3984985351562 341
342 285.4022521972656 342
343 285.4060668945312 343
344 285.4098815917969 344
345 285.4137573242188 345
346 285.4176940917969 346
347 285.4216918945312 347
348 285.4257202148438 348
349 285.4297790527344 349
350 285.4339294433594 350
351 285.4381408691406 351
352 285.4424438476562 352
353 285.4467468261719 353
354 285.451171875 354
355 285.4556884765625 355
356 285.4602661132812 356
357 285.4649047851562 357
358 285.4696655273438 358
359 285.4744873046875 359
360 285.4794006347656 360
361 285.484375 361
362 285.4894714355469 362
363 285.4946594238281 363
364 285.4999084472656 364
365 285.5052795410156 365
366 285.5107421875 366
367 285.5163269042969 367
368 285.52197265625 368
369 285.5277099609375 369
370 285.5335693359375 370
371 285.53955078125 371
372 285.5455932617188 372
373 285.5517578125 373
374 285.5580139160156 374
375 285.5643310546875 375
376 285.5708312988281 376
377 285.5773620605469 377
378 285.5840454101562 378
379 285.5907897949219 379
380 285.59765625 380
381 285.6046142578125 381
382 285.6116638183594 382
383 285.6188354492188 383
384 285.6260986328125 384
385 285.6334228515625 385
386 285.640869140625 386
387 285.6484375 387
388 285.6560363769531 388
389 285.6637878417969 389
390 285.6715698242188 390
391 285.6795043945312 391
392 285.6875 392
393 285.695556640625 393
394 285.7037353515625 394
395 285.7119750976562 395
396 285.7203369140625 396
397 285.7287292480469 397
398 285.7372131347656 398
399 285.7458190917969 399
400 285.7544555664062 400
401 285.76318359375 401
402 285.7720031738281 402
403 285.7808532714844 403
404 285.789794921875 404
405 285.7987976074219 405
406 285.8078918457031 406
407 285.8170166015625 407
408 285.8262329101562 408
409 285.8355102539062 409
410 285.8448181152344 410
411 285.8542175292969 411
412 285.8636474609375 412
413 285.8731384277344 413
414 285.8826904296875 414
415 285.8922729492188 415
416 285.9019165039062 416
417 285.91162109375 417
418 285.9213562011719 418
419 285.93115234375 419
420 285.9409484863281 420
421 285.9508056640625 421
422 285.9607238769531 422
423 285.9706420898438 423
424 285.9805908203125 424
425 285.9906005859375 425
426 286.0006408691406 426
427 286.0106811523438 427
428 286.0207824707031 428
429 286.0308837890625 429
430 286.041015625 430
431 286.0511779785156 431
432 286.0613403320312 432
433 286.071533203125 433
434 286.0817260742188 434
435 286.0919189453125 435
436 286.1021728515625 436
437 286.1124267578125 437
438 286.1226806640625 438
439 286.1329040527344 439
440 286.1431884765625 440
441 286.1534423828125 441
442 286.1636962890625 442
443 286.1739501953125 443
444 286.1842041015625 444
445 286.1944885253906 445
446 286.2047729492188 446
447 286.2150268554688 447
448 286.2252502441406 448
449 286.2355041503906 449
450 286.2457275390625 450
451 286.2559204101562 451
452 286.26611328125 452
453 286.2763061523438 453
454 286.2864685058594 454
455 286.296630859375 455
456 286.3067321777344 456
457 286.3168334960938 457
458 286.326904296875 458
459 286.3369750976562 459
460 286.3470153808594 460
461 286.3570556640625 461
462 286.3670043945312 462
463 286.376953125 463
464 286.3868713378906 464
465 286.3967895507812 465
466 286.4066467285156 466
467 286.4164428710938 467
468 286.4262390136719 468
469 286.4360046386719 469
470 286.4457092285156 470
471 286.4553833007812 471
472 286.4650268554688 472
473 286.474609375 473
474 286.484130859375 474
475 286.49365234375 475
476 286.5031127929688 476
477 286.5125427246094 477
478 286.5219116210938 478
479 286.5312194824219 479
480 286.5404968261719 480
481 286.5497131347656 481
482 286.5588989257812 482
483 286.5679931640625 483
484 286.5770263671875 484
485 286.5860595703125 485
486 286.5950012207031 486
487 286.6039428710938 487
488 286.6127624511719 488
489 286.6215515136719 489
490 286.6302795410156 490
491 286.6389465332031 491
492 286.6475524902344 492
493 286.6560974121094 493
494 286.6645812988281 494
495 286.6729736328125 495
496 286.6813354492188 496
497 286.6896362304688 497
498 286.6978759765625 498
499 286.7060241699219 499
500 286.714111328125 500
501 286.7221374511719 501
502 286.7301025390625 502
503 286.7379760742188 503
504 286.7458190917969 504
505 286.7535400390625 505
506 286.76123046875 506
507 286.7688293457031 507
508 286.7763671875 508
509 286.7838134765625 509
510 286.7911987304688 510
511 286.7985229492188 511
512 286.8057556152344 512
513 286.8129272460938 513
514 286.8199768066406 514
515 286.8269958496094 515
516 286.8339233398438 516
517 286.8407592773438 517
518 286.8475341796875 518
519 286.854248046875 519
520 286.86083984375 520
521 286.8674011230469 521
522 286.8738403320312 522
523 286.8801879882812 523
524 286.8865051269531 524
525 286.8927001953125 525
526 286.8988342285156 526
527 286.9048767089844 527
528 286.9108276367188 528
529 286.9166870117188 529
530 286.9224853515625 530
531 286.9281921386719 531
532 286.933837890625 532
533 286.9393615722656 533
534 286.94482421875 534
535 286.9501647949219 535
536 286.9554443359375 536
537 286.9606323242188 537
538 286.9657287597656 538
539 286.9707641601562 539
540 286.9756469726562 540
541 286.9805297851562 541
542 286.9852600097656 542
543 286.9898986816406 543
544 286.9944763183594 544
545 286.9989624023438 545
546 287.0033569335938 546
547 287.0076599121094 547
548 287.0118408203125 548
549 287.0159606933594 549
550 287.0199890136719 550
551 287.02392578125 551
552 287.0277709960938 552
553 287.031494140625 553
554 287.03515625 554
555 287.0387268066406 555
556 287.0422058105469 556
557 287.0455932617188 557
558 287.0488586425781 558
559 287.0520629882812 559
560 287.05517578125 560
561 287.0581665039062 561
562 287.0610656738281 562
563 287.0639038085938 563
564 287.0665893554688 564
565 287.0692138671875 565
566 287.07177734375 566
567 287.07421875 567
568 287.0765686035156 568
569 287.0787963867188 569
570 287.0809936523438 570
571 287.0830688476562 571
572 287.0850524902344 572
573 287.0869140625 573
574 287.0887451171875 574
575 287.0904235839844 575
576 287.0920715332031 576
577 287.0935974121094 577
578 287.0950622558594 578
579 287.096435546875 579
580 287.0977172851562 580
581 287.0989379882812 581
582 287.1000671386719 582
583 287.1011352539062 583
584 287.1021118164062 584
585 287.10302734375 585
586 287.1038818359375 586
587 287.1046752929688 587
588 287.1054077148438 588
589 287.1060485839844 589
590 287.106689453125 590
591 287.1072082519531 591
592 287.1077270507812 592
593 287.1082153320312 593
594 287.108642578125 594
595 287.1090087890625 595
596 287.109375 596
597 287.1097106933594 597
598 287.1100158691406 598
599 287.1102905273438 599
600 287.1105651855469 600
601 287.11083984375 601
602 287.111083984375 602
603 287.111328125 603
604 287.1116027832031 604
605 287.1118774414062 605
606 287.1121215820312 606
607 287.1124572753906 607
608 287.1127624511719 608
609 287.1130981445312 609
610 287.1134948730469 610
611 287.1138916015625 611
612 287.1143493652344 612
613 287.1148376464844 613
614 287.1153869628906 614
615 287.115966796875 615
616 287.1166381835938 616
617 287.1173400878906 617
618 287.1181030273438 618
619 287.1189270019531 619
620 287.1198425292969 620
621 287.1208190917969 621
622 287.1218566894531 622
623 287.1229858398438 623
624 287.1242065429688 624
625 287.12548828125 625
626 287.1268920898438 626
627 287.1283569335938 627
628 287.1299438476562 628
629 287.131591796875 629
630 287.1333312988281 630
631 287.1351928710938 631
632 287.1371459960938 632
633 287.1391906738281 633
634 287.1413269042969 634
635 287.1435852050781 635
636 287.1459350585938 636
637 287.1483764648438 637
638 287.1509704589844 638
639 287.1536560058594 639
640 287.1564025878906 640
641 287.1593017578125 641
642 287.1622924804688 642
643 287.1654052734375 643
644 287.1686096191406 644
645 287.1719360351562 645
646 287.1753540039062 646
647 287.1788940429688 647
648 287.1825256347656 648
649 287.186279296875 649
650 287.1901245117188 650
651 287.194091796875 651
652 287.1981506347656 652
653 287.2023315429688 653
654 287.2066040039062 654
655 287.2109680175781 655
656 287.2154541015625 656
657 287.2200012207031 657
658 287.2247009277344 658
659 287.2294616699219 659
660 287.2343139648438 660
661 287.2393188476562 661
662 287.244384765625 662
663 287.24951171875 663
664 287.2547607421875 664
665 287.2601013183594 665
666 287.2655334472656 666
667 287.2710571289062 667
668 287.2766723632812 668
669 287.2823181152344 669
670 287.2880859375 670
671 287.2939453125 671
672 287.2998657226562 672
673 287.3058471679688 673
674 287.3119506835938 674
675 287.3180847167969 675
676 287.3243103027344 676
677 287.3305969238281 677
678 287.3369750976562 678
679 287.3433837890625 679
680 287.3498840332031 680
681 287.3564453125 681
682 287.363037109375 682
683 287.3697204589844 683
684 287.37646484375 684
685 287.3832397460938 685
686 287.3900756835938 686
687 287.3969421386719 687
688 287.4039001464844 688
689 287.410888671875 689
690 287.4179077148438 690
691 287.4249877929688 691
692 287.43212890625 692
693 287.4393005371094 693
694 287.4464721679688 694
695 287.4537048339844 695
696 287.4609680175781 696
697 287.46826171875 697
698 287.4755859375 698
699 287.4829406738281 699
700 287.4903564453125 700
701 287.4977416992188 701
702 287.5051879882812 702
703 287.5126342773438 703
704 287.5201110839844 704
705 287.5276184082031 705
706 287.5351257324219 706
707 287.5426330566406 707
708 287.5501708984375 708
709 287.5577392578125 709
710 287.5653076171875 710
711 287.5728454589844 711
712 287.5804138183594 712
713 287.5880126953125 713
714 287.5955505371094 714
715 287.6031494140625 715
716 287.6107177734375 716
717 287.6182861328125 717
718 287.6258850097656 718
719 287.6334533691406 719
720 287.6409912109375 720
721 287.6485595703125 721
722 287.6560974121094 722
723 287.6636352539062 723
724 287.671142578125 724
725 287.6786499023438 725
726 287.6861267089844 726
727 287.693603515625 727
728 287.7010498046875 728
729 287.7084655761719 729
730 287.7158813476562 730
731 287.7232666015625 731
732 287.7306213378906 732
733 287.7379760742188 733
734 287.7452697753906 734
735 287.7525634765625 735
736 287.7597961425781 736
737 287.7670288085938 737
738 287.7742309570312 738
739 287.7813720703125 739
740 287.7884826660156 740
741 287.7955627441406 741
742 287.8026123046875 742
743 287.8096313476562 743
744 287.8165893554688 744
745 287.8235473632812 745
746 287.8304138183594 746
747 287.8372802734375 747
748 287.8440551757812 748
749 287.850830078125 749
750 287.8575439453125 750
751 287.8641967773438 751
752 287.8708190917969 752
753 287.8773803710938 753
754 287.8839111328125 754
755 287.890380859375 755
756 287.8967895507812 756
757 287.9031372070312 757
758 287.9094848632812 758
759 287.9157104492188 759
760 287.9219360351562 760
761 287.9280700683594 761
762 287.9341430664062 762
763 287.940185546875 763
764 287.9461669921875 764
765 287.9520568847656 765
766 287.9579162597656 766
767 287.9636840820312 767
768 287.9694213867188 768
769 287.97509765625 769
770 287.9806823730469 770
771 287.9862060546875 771
772 287.99169921875 772
773 287.9971008300781 773
774 288.00244140625 774
775 288.0076904296875 775
776 288.0129089355469 776
777 288.0180358886719 777
778 288.0231018066406 778
779 288.028076171875 779
780 288.0329895019531 780
781 288.037841796875 781
782 288.0426330566406 782
783 288.0473327636719 783
784 288.0519714355469 784
785 288.0565185546875 785
786 288.06103515625 786
787 288.0654296875 787
788 288.0697631835938 788
789 288.0740356445312 789
790 288.0781860351562 790
791 288.0823059082031 791
792 288.0863037109375 792
793 288.0902709960938 793
794 288.0941467285156 794
795 288.0979614257812 795
796 288.1016235351562 796
797 288.1052856445312 797
798 288.1088256835938 798
799 288.1123046875 799
800 288.1156921386719 800
801 288.1189575195312 801
802 288.1222229003906 802
803 288.1253356933594 803
804 288.12841796875 804
805 288.1313781738281 805
806 288.1342468261719 806
807 288.1370849609375 807
808 288.1398010253906 808
809 288.1424255371094 809
810 288.1449584960938 810
811 288.1474609375 811
812 288.1498413085938 812
813 288.152099609375 813
814 288.154296875 814
815 288.1564331054688 815
816 288.158447265625 816
817 288.160400390625 817
818 288.1622619628906 818
819 288.1640319824219 819
820 288.1657104492188 820
821 288.1672973632812 821
822 288.1688232421875 822
823 288.1702270507812 823
824 288.1715087890625 824
825 288.1727600097656 825
826 288.1739196777344 826
827 288.1749572753906 827
828 288.1759033203125 828
829 288.1767883300781 829
830 288.1775512695312 830
831 288.1782531738281 831
832 288.1788330078125 832
833 288.1793518066406 833
834 288.1798095703125 834
835 288.1801147460938 835
836 288.1803588867188 836
837 288.1804809570312 837
838 288.1805419921875 838
839 288.1805114746094 839
840 288.1803894042969 840
841 288.18017578125 841
842 288.1798706054688 842
843 288.1795043945312 843
844 288.1790466308594 844
845 288.178466796875 845
846 288.1778564453125 846
847 288.1771240234375 847
848 288.1763305664062 848
849 288.1754455566406 849
850 288.1744995117188 850
851 288.1734619140625 851
852 288.17236328125 852
853 288.1712036132812 853
854 288.1699523925781 854
855 288.1686401367188 855
856 288.1672973632812 856
857 288.1658630371094 857
858 288.1643981933594 858
859 288.1628723144531 859
860 288.1612854003906 860
861 288.15966796875 861
862 288.1580200195312 862
863 288.1563415527344 863
864 288.1546020507812 864
865 288.15283203125 865
866 288.1510314941406 866
867 288.1492309570312 867
868 288.1474304199219 868
869 288.1455993652344 869
870 288.1437683105469 870
871 288.1419372558594 871
872 288.1401062011719 872
873 288.1382751464844 873
874 288.1364440917969 874
875 288.1346435546875 875
876 288.1328735351562 876
877 288.1311340332031 877
878 288.1294250488281 878
879 288.1277160644531 879
880 288.1260986328125 880
881 288.1244506835938 881
882 288.1229248046875 882
883 288.1214294433594 883
884 288.1199951171875 884
885 288.1185913085938 885
886 288.1172790527344 886
887 288.1159973144531 887
888 288.1148376464844 888
889 288.1137084960938 889
890 288.1126708984375 890
891 288.1117248535156 891
892 288.1108703613281 892
893 288.1100769042969 893
894 288.109375 894
895 288.1087951660156 895
896 288.1082763671875 896
897 288.1078491210938 897
898 288.1075439453125 898
899 288.1073303222656 899
900 288.1072082519531 900
901 288.107177734375 901
902 288.1072998046875 902
903 288.1075134277344 903
904 288.1078186035156 904
905 288.1082458496094 905
906 288.1087646484375 906
907 288.1094055175781 907
908 288.1101684570312 908
909 288.1110229492188 909
910 288.1119995117188 910
911 288.1130981445312 911
912 288.1142883300781 912
913 288.1156005859375 913
914 288.1170349121094 914
915 288.1185913085938 915
916 288.1202392578125 916
917 288.1220092773438 917
918 288.1238708496094 918
919 288.1258850097656 919
920 288.1279602050781 920
921 288.1301879882812 921
922 288.1325073242188 922
923 288.1349487304688 923
924 288.1374816894531 924
925 288.1401062011719 925
926 288.1428527832031 926
927 288.1457214355469 927
928 288.148681640625 928
929 288.1517333984375 929
930 288.1549072265625 930
931 288.1581726074219 931
932 288.1614990234375 932
933 288.1649780273438 933
934 288.1685180664062 934
935 288.1721801757812 935
936 288.1759033203125 936
937 288.1797180175781 937
938 288.1836242675781 938
939 288.1876220703125 939
940 288.1917419433594 940
941 288.1958923339844 941
942 288.2001342773438 942
943 288.2044677734375 943
944 288.2088928222656 944
945 288.21337890625 945
946 288.2179260253906 946
947 288.2225646972656 947
948 288.2272644042969 948
949 288.2320556640625 949
950 288.2368774414062 950
951 288.2417602539062 951
952 288.2467346191406 952
953 288.2517700195312 953
954 288.2568664550781 954
955 288.2620239257812 955
956 288.2672119140625 956
957 288.2724914550781 957
958 288.2777709960938 958
959 288.2831420898438 959
960 288.2885437011719 960
961 288.2940063476562 961
962 288.2994995117188 962
963 288.3050231933594 963
964 288.3106079101562 964
965 288.3162231445312 965
966 288.3218994140625 966
967 288.3275756835938 967
968 288.333251953125 968
969 288.3390197753906 969
970 288.3448181152344 970
971 288.3506164550781 971
972 288.3564453125 972
973 288.3623046875 973
974 288.3681945800781 974
975 288.3740844726562 975
976 288.3800048828125 976
977 288.3859252929688 977
978 288.3918762207031 978
979 288.3978271484375 979
980 288.4037780761719 980
981 288.4097900390625 981
982 288.415771484375 982
983 288.4217529296875 983
984 288.427734375 984
985 288.4337463378906 985
986 288.4397583007812 986
987 288.4457702636719 987
988 288.4517517089844 988
989 288.457763671875 989
990 288.4637451171875 990
991 288.4697265625 991
992 288.4757080078125 992
993 288.4816284179688 993
994 288.4876098632812 994
995 288.4935302734375 995
996 288.4994812011719 996
997 288.5054016113281 997
998 288.5112609863281 998
999 288.5171508789062 999
1000 288.5230102539062 1000
1001 288.5288391113281 1001
1002 288.53466796875 1002
1003 288.5404663085938 1003
1004 288.5462036132812 1004
1005 288.5519409179688 1005
1006 288.5576477050781 1006
1007 288.5633239746094 1007
1008 288.5689697265625 1008
1009 288.5745849609375 1009
1010 288.5801696777344 1010
1011 288.585693359375 1011
1012 288.5912475585938 1012
1013 288.5967102050781 1013
1014 288.6021728515625 1014
1015 288.6075744628906 1015
1016 288.6129150390625 1016
1017 288.6182556152344 1017
1018 288.62353515625 1018
1019 288.6287536621094 1019
1020 288.6339416503906 1020
1021 288.6390991210938 1021
1022 288.6441650390625 1022
1023 288.6492309570312 1023
1024 288.6542358398438 1024
1025 288.6591796875 1025
1026 288.6640930175781 1026
1027 288.6689453125 1027
1028 288.6737670898438 1028
1029 288.6784973144531 1029
1030 288.6831970214844 1030
1031 288.6878356933594 1031
1032 288.6924438476562 1032
1033 288.6969604492188 1033
1034 288.701416015625 1034
1035 288.7058410644531 1035
1036 288.710205078125 1036
1037 288.7144775390625 1037
1038 288.7187194824219 1038
1039 288.7228698730469 1039
1040 288.7269897460938 1040
1041 288.7310485839844 1041
1042 288.7350158691406 1042
1043 288.7389221191406 1043
1044 288.7427978515625 1044
1045 288.74658203125 1045
1046 288.7503051757812 1046
1047 288.7539367675781 1047
1048 288.7575378417969 1048
1049 288.7610473632812 1049
1050 288.7644958496094 1050
1051 288.7678833007812 1051
1052 288.7711791992188 1052
1053 288.7744140625 1053
1054 288.777587890625 1054
1055 288.7806701660156 1055
1056 288.78369140625 1056
1057 288.78662109375 1057
1058 288.7895202636719 1058
1059 288.7922973632812 1059
1060 288.7950439453125 1060
1061 288.7976684570312 1061
1062 288.8002319335938 1062
1063 288.802734375 1063
1064 288.80517578125 1064
1065 288.8074951171875 1065
1066 288.8097534179688 1066
1067 288.8119506835938 1067
1068 288.8140258789062 1068
1069 288.8160705566406 1069
1070 288.8179931640625 1070
1071 288.8198852539062 1071
1072 288.8216552734375 1072
1073 288.8233642578125 1073
1074 288.8249816894531 1074
1075 288.8265380859375 1075
1076 288.8279418945312 1076
1077 288.829345703125 1077
1078 288.8306274414062 1078
1079 288.8318481445312 1079
1080 288.8329467773438 1080
1081 288.833984375 1081
1082 288.8349609375 1082
1083 288.8358154296875 1083
1084 288.8366088867188 1084
1085 288.8373107910156 1085
1086 288.837890625 1086
1087 288.8384399414062 1087
1088 288.8388671875 1088
1089 288.8392333984375 1089
1090 288.8394775390625 1090
1091 288.8396606445312 1091
1092 288.8397827148438 1092
1093 288.8397827148438 1093
1094 288.8396911621094 1094
1095 288.8395080566406 1095
1096 288.8392639160156 1096
1097 288.8388977050781 1097
1098 288.8384704589844 1098
1099 288.8379516601562 1099
1100 288.8373107910156 1100
1101 288.8366088867188 1101
1102 288.8358154296875 1102
1103 288.8349304199219 1103
1104 288.8339538574219 1104
1105 288.8328857421875 1105
1106 288.8317565917969 1106
1107 288.8305053710938 1107
1108 288.8291625976562 1108
1109 288.8277893066406 1109
1110 288.8262939453125 1110
1111 288.82470703125 1111
1112 288.8230285644531 1112
1113 288.8212585449219 1113
1114 288.8194274902344 1114
1115 288.8175354003906 1115
1116 288.8155517578125 1116
1117 288.8134460449219 1117
1118 288.8113403320312 1118
1119 288.80908203125 1119
1120 288.8067626953125 1120
1121 288.804443359375 1121
1122 288.802001953125 1122
1123 288.7994689941406 1123
1124 288.7969360351562 1124
1125 288.7942810058594 1125
1126 288.7916259765625 1126
1127 288.7889099121094 1127
1128 288.7861328125 1128
1129 288.7832641601562 1129
1130 288.7804260253906 1130
1131 288.7774963378906 1131
1132 288.7745361328125 1132
1133 288.7715759277344 1133
1134 288.7685852050781 1134
1135 288.7655639648438 1135
1136 288.7625122070312 1136
1137 288.7594604492188 1137
1138 288.7564086914062 1138
1139 288.7533264160156 1139
1140 288.750244140625 1140
1141 288.7471923828125 1141
1142 288.744140625 1142
1143 288.7411193847656 1143
1144 288.7380981445312 1144
1145 288.735107421875 1145
1146 288.7321472167969 1146
1147 288.7292175292969 1147
1148 288.726318359375 1148
1149 288.7234497070312 1149
1150 288.7206420898438 1150
1151 288.7178955078125 1151
1152 288.7152099609375 1152
1153 288.7125549316406 1153
1154 288.7099609375 1154
1155 288.7074584960938 1155
1156 288.7050170898438 1156
1157 288.70263671875 1157
1158 288.7003479003906 1158
1159 288.6981201171875 1159
1160 288.6959838867188 1160
1161 288.6939392089844 1161
1162 288.6919555664062 1162
1163 288.6901245117188 1163
1164 288.6883239746094 1164
1165 288.6866760253906 1165
1166 288.6850891113281 1166
1167 288.6836242675781 1167
1168 288.6822509765625 1168
1169 288.6809692382812 1169
1170 288.6798095703125 1170
1171 288.6787719726562 1171
1172 288.6778564453125 1172
1173 288.677001953125 1173
1174 288.6763000488281 1174
1175 288.6756591796875 1175
1176 288.6752014160156 1176
1177 288.6748046875 1177
1178 288.674560546875 1178
1179 288.6744079589844 1179
1180 288.6743774414062 1180
1181 288.6744689941406 1181
1182 288.6746826171875 1182
1183 288.6749877929688 1183
1184 288.6754150390625 1184
1185 288.6759643554688 1185
1186 288.6766357421875 1186
1187 288.6773986816406 1187
1188 288.6783142089844 1188
1189 288.6793212890625 1189
1190 288.680419921875 1190
1191 288.6816711425781 1191
1192 288.6830444335938 1192
1193 288.6844787597656 1193
1194 288.68603515625 1194
1195 288.6877136230469 1195
1196 288.6895141601562 1196
1197 288.6913757324219 1197
1198 288.693359375 1198
1199 288.6954956054688 1199
1200 288.6976623535156 1200
1201 288.6999816894531 1201
1202 288.702392578125 1202
1203 288.7048950195312 1203
1204 288.7074584960938 1204
1205 288.7101440429688 1205
1206 288.7129516601562 1206
1207 288.7158203125 1207
1208 288.71875 1208
1209 288.7218322753906 1209
1210 288.7249450683594 1210
1211 288.7281799316406 1211
1212 288.7315063476562 1212
1213 288.73486328125 1213
1214 288.7383422851562 1214
1215 288.7418823242188 1215
1216 288.7454833984375 1216
1217 288.7491760253906 1217
1218 288.7529602050781 1218
1219 288.7567749023438 1219
1220 288.7606811523438 1220
1221 288.7646484375 1221
1222 288.7686767578125 1222
1223 288.7727661132812 1223
1224 288.7769165039062 1224
1225 288.7811279296875 1225
1226 288.785400390625 1226
1227 288.7897033691406 1227
1228 288.7940673828125 1228
1229 288.7985229492188 1229
1230 288.802978515625 1230
1231 288.8074951171875 1231
1232 288.8120422363281 1232
1233 288.816650390625 1233
1234 288.8212890625 1234
1235 288.8259887695312 1235
1236 288.8306884765625 1236
1237 288.83544921875 1237
1238 288.8402404785156 1238
1239 288.8450622558594 1239
1240 288.8499145507812 1240
1241 288.8547668457031 1241
1242 288.8596801757812 1242
1243 288.8646240234375 1243
1244 288.8695678710938 1244
1245 288.8745422363281 1245
1246 288.8795166015625 1246
1247 288.884521484375 1247
1248 288.8895263671875 1248
1249 288.8945922851562 1249
1250 288.8995971679688 1250
1251 288.9046630859375 1251
1252 288.9097290039062 1252
1253 288.914794921875 1253
1254 288.9198608398438 1254
1255 288.9249267578125 1255
1256 288.9300231933594 1256
1257 288.9350891113281 1257
1258 288.9401550292969 1258
1259 288.9452209472656 1259
1260 288.9502868652344 1260
1261 288.9553527832031 1261
1262 288.9603881835938 1262
1263 288.9654235839844 1263
1264 288.970458984375 1264
1265 288.9754943847656 1265
1266 288.9804992675781 1266
1267 288.9855041503906 1267
1268 288.9904479980469 1268
1269 288.9954223632812 1269
1270 289.0003356933594 1270
1271 289.0052795410156 1271
1272 289.0101623535156 1272
1273 289.0150451660156 1273
1274 289.0198669433594 1274
1275 289.0246887207031 1275
1276 289.0294799804688 1276
1277 289.0342102050781 1277
1278 289.0389709472656 1278
1279 289.0436401367188 1279
1280 289.04833984375 1280
1281 289.052978515625 1281
1282 289.0575561523438 1282
1283 289.0621337890625 1283
1284 289.066650390625 1284
1285 289.0711364746094 1285
1286 289.0755615234375 1286
1287 289.0800170898438 1287
1288 289.0843505859375 1288
1289 289.0886840820312 1289
1290 289.0929565429688 1290
1291 289.0971984863281 1291
1292 289.1013793945312 1292
1293 289.1055297851562 1293
1294 289.109619140625 1294
1295 289.1136779785156 1295
1296 289.11767578125 1296
1297 289.1216125488281 1297
1298 289.1255187988281 1298
1299 289.1293640136719 1299
1300 289.1331176757812 1300
1301 289.1368713378906 1301
1302 289.1405639648438 1302
1303 289.1441650390625 1303
1304 289.1477355957031 1304
1305 289.1512451171875 1305
1306 289.1546630859375 1306
1307 289.1580810546875 1307
1308 289.1614379882812 1308
1309 289.1646728515625 1309
1310 289.1679077148438 1310
1311 289.1710205078125 1311
1312 289.1741333007812 1312
1313 289.1771545410156 1313
1314 289.1800842285156 1314
1315 289.1829833984375 1315
1316 289.185791015625 1316
1317 289.1885681152344 1317
1318 289.1912536621094 1318
1319 289.1938781738281 1319
1320 289.1964111328125 1320
1321 289.1989135742188 1321
1322 289.2013244628906 1322
1323 289.2036743164062 1323
1324 289.2059326171875 1324
1325 289.2081298828125 1325
1326 289.2102661132812 1326
1327 289.2123107910156 1327
1328 289.2142944335938 1328
1329 289.2162170410156 1329
1330 289.218017578125 1330
1331 289.2198181152344 1331
1332 289.2214965820312 1332
1333 289.2230834960938 1333
1334 289.224609375 1334
1335 289.22607421875 1335
1336 289.2274475097656 1336
1337 289.228759765625 1337
1338 289.22998046875 1338
1339 289.2311401367188 1339
1340 289.232177734375 1340
1341 289.233154296875 1341
1342 289.2340698242188 1342
1343 289.2348937988281 1343
1344 289.2356262207031 1344
1345 289.2362976074219 1345
1346 289.2368774414062 1346
1347 289.2373657226562 1347
1348 289.2377624511719 1348
1349 289.2380981445312 1349
1350 289.2383728027344 1350
1351 289.238525390625 1351
1352 289.2386169433594 1352
1353 289.2386169433594 1353
1354 289.238525390625 1354
1355 289.2383422851562 1355
1356 289.2380981445312 1356
1357 289.2377624511719 1357
1358 289.2373046875 1358
1359 289.23681640625 1359
1360 289.2362060546875 1360
1361 289.2355346679688 1361
1362 289.2347412109375 1362
1363 289.23388671875 1363
1364 289.2329406738281 1364
1365 289.2319030761719 1365
1366 289.2308044433594 1366
1367 289.2295837402344 1367
1368 289.2283020019531 1368
1369 289.2268981933594 1369
1370 289.2254638671875 1370
1371 289.223876953125 1371
1372 289.2222290039062 1372
1373 289.2204895019531 1373
1374 289.2186889648438 1374
1375 289.2167358398438 1375
1376 289.2147521972656 1376
1377 289.2126770019531 1377
1378 289.2105102539062 1378
1379 289.208251953125 1379
1380 289.2059020996094 1380
1381 289.2034912109375 1381
1382 289.2009887695312 1382
1383 289.1983947753906 1383
1384 289.1957397460938 1384
1385 289.1929626464844 1385
1386 289.1901550292969 1386
1387 289.187255859375 1387
1388 289.1842956542969 1388
1389 289.1812438964844 1389
1390 289.1781311035156 1390
1391 289.1749572753906 1391
1392 289.1716918945312 1392
1393 289.1683959960938 1393
1394 289.1650085449219 1394
1395 289.16162109375 1395
1396 289.1581420898438 1396
1397 289.1546325683594 1397
1398 289.1510925292969 1398
1399 289.1474609375 1399
1400 289.1438293457031 1400
1401 289.14013671875 1401
1402 289.1364135742188 1402
1403 289.1326904296875 1403
1404 289.1289367675781 1404
1405 289.1251831054688 1405
1406 289.1213989257812 1406
1407 289.1176147460938 1407
1408 289.1138000488281 1408
1409 289.1100463867188 1409
1410 289.1062622070312 1410
1411 289.1024780273438 1411
1412 289.0987243652344 1412
1413 289.094970703125 1413
1414 289.09130859375 1414
1415 289.0876159667969 1415
1416 289.0839538574219 1416
1417 289.0803527832031 1417
1418 289.0767822265625 1418
1419 289.0732727050781 1419
1420 289.0697937011719 1420
1421 289.06640625 1421
1422 289.0630493164062 1422
1423 289.0597839355469 1423
1424 289.0565490722656 1424
1425 289.0534057617188 1425
1426 289.0503540039062 1426
1427 289.0473327636719 1427
1428 289.04443359375 1428
1429 289.0416259765625 1429
1430 289.0388793945312 1430
1431 289.0362548828125 1431
1432 289.03369140625 1432
1433 289.0312194824219 1433
1434 289.0288696289062 1434
1435 289.026611328125 1435
1436 289.0244750976562 1436
1437 289.0223999023438 1437
1438 289.0204467773438 1438
1439 289.0186157226562 1439
1440 289.0169067382812 1440
1441 289.0153198242188 1441
1442 289.0137939453125 1442
1443 289.0124206542969 1443
1444 289.0111389160156 1444
1445 289.0099792480469 1445
1446 289.0089416503906 1446
1447 289.0080261230469 1447
1448 289.0072021484375 1448
1449 289.0065307617188 1449
1450 289.0059814453125 1450
1451 289.0054931640625 1451
1452 289.0051574707031 1452
1453 289.0049438476562 1453
1454 289.0048522949219 1454
1455 289.0048828125 1455
1456 289.0050048828125 1456
1457 289.0052795410156 1457
1458 289.0056457519531 1458
1459 289.006103515625 1459
1460 289.0067138671875 1460
1461 289.0074157714844 1461
1462 289.0082397460938 1462
1463 289.0091857910156 1463
1464 289.0102233886719 1464
1465 289.0113525390625 1465
1466 289.0126342773438 1466
1467 289.0139770507812 1467
1468 289.0154724121094 1468
1469 289.0170593261719 1469
1470 289.0187072753906 1470
1471 289.0205078125 1471
1472 289.0223693847656 1472
1473 289.0243530273438 1473
1474 289.0264282226562 1474
1475 289.0285949707031 1475
1476 289.0308532714844 1476
1477 289.033203125 1477
1478 289.03564453125 1478
1479 289.0382080078125 1479
1480 289.0408020019531 1480
1481 289.0435180664062 1481
1482 289.0462646484375 1482
1483 289.0491333007812 1483
1484 289.0520935058594 1484
1485 289.0551147460938 1485
1486 289.0581970214844 1486
1487 289.0613403320312 1487
1488 289.0646057128906 1488
1489 289.0679016113281 1489
1490 289.0712890625 1490
1491 289.0747375488281 1491
1492 289.0782470703125 1492
1493 289.081787109375 1493
1494 289.0854187011719 1494
1495 289.089111328125 1495
1496 289.0928344726562 1496
1497 289.0966491699219 1497
1498 289.1004638671875 1498
1499 289.1043395996094 1499
1500 289.1083068847656 1500
1501 289.1122741699219 1501
1502 289.1163024902344 1502
1503 289.1203918457031 1503
1504 289.12451171875 1504
1505 289.128662109375 1505
1506 289.1328125 1506
1507 289.1370544433594 1507
1508 289.1412963867188 1508
1509 289.1455688476562 1509
1510 289.14990234375 1510
1511 289.1542358398438 1511
1512 289.1585998535156 1512
1513 289.1629943847656 1513
1514 289.1673889160156 1514
1515 289.1718139648438 1515
1516 289.1762390136719 1516
1517 289.1807250976562 1517
1518 289.1851806640625 1518
1519 289.189697265625 1519
1520 289.1941833496094 1520
1521 289.1986999511719 1521
1522 289.2032165527344 1522
1523 289.2077331542969 1523
1524 289.2122497558594 1524
1525 289.216796875 1525
1526 289.2213134765625 1526
1527 289.225830078125 1527
1528 289.2303771972656 1528
1529 289.2348937988281 1529
1530 289.2394104003906 1530
1531 289.2439270019531 1531
1532 289.2484130859375 1532
1533 289.2529296875 1533
1534 289.2574157714844 1534
1535 289.2618713378906 1535
1536 289.2663269042969 1536
1537 289.270751953125 1537
1538 289.2752075195312 1538
1539 289.2796020507812 1539
1540 289.2839660644531 1540
1541 289.288330078125 1541
1542 289.2926635742188 1542
1543 289.2969970703125 1543
1544 289.30126953125 1544
1545 289.3055419921875 1545
1546 289.3097534179688 1546
1547 289.31396484375 1547
1548 289.3181762695312 1548
1549 289.3223266601562 1549
1550 289.326416015625 1550
1551 289.3305053710938 1551
1552 289.3345336914062 1552
1553 289.3385620117188 1553
1554 289.342529296875 1554
1555 289.346435546875 1555
1556 289.350341796875 1556
1557 289.3541870117188 1557
1558 289.3580322265625 1558
1559 289.3617553710938 1559
1560 289.3655090332031 1560
1561 289.3691711425781 1561
1562 289.372802734375 1562
1563 289.3764038085938 1563
1564 289.3799438476562 1564
1565 289.3834228515625 1565
1566 289.3868408203125 1566
1567 289.3902282714844 1567
1568 289.3935852050781 1568
1569 289.3968505859375 1569
1570 289.4000854492188 1570
1571 289.4032592773438 1571
1572 289.4064025878906 1572
1573 289.4094543457031 1573
1574 289.4124755859375 1574
1575 289.4154052734375 1575
1576 289.4183044433594 1576
1577 289.421142578125 1577
1578 289.4239196777344 1578
1579 289.4266357421875 1579
1580 289.4292602539062 1580
1581 289.4318542480469 1581
1582 289.4343872070312 1582
1583 289.4368286132812 1583
1584 289.4392395019531 1584
1585 289.4415893554688 1585
1586 289.44384765625 1586
1587 289.446044921875 1587
1588 289.4481811523438 1588
1589 289.4502258300781 1589
1590 289.4522399902344 1590
1591 289.4541625976562 1591
1592 289.4560241699219 1592
1593 289.4577941894531 1593
1594 289.4595031738281 1594
1595 289.4611511230469 1595
1596 289.4627380371094 1596
1597 289.4642333984375 1597
1598 289.4656677246094 1598
1599 289.467041015625 1599
1600 289.4682922363281 1600
1601 289.469482421875 1601
1602 289.4706420898438 1602
1603 289.4716796875 1603
1604 289.47265625 1604
1605 289.4735717773438 1605
1606 289.474365234375 1606
1607 289.4751586914062 1607
1608 289.4757995605469 1608
1609 289.4764099121094 1609
1610 289.4768981933594 1610
1611 289.4773254394531 1611
1612 289.4776916503906 1612
1613 289.4779663085938 1613
1614 289.4781494140625 1614
1615 289.478271484375 1615
1616 289.4783020019531 1616
1617 289.4782104492188 1617
1618 289.4780883789062 1618
1619 289.4778747558594 1619
1620 289.4775695800781 1620
1621 289.4772033691406 1621
1622 289.4767456054688 1622
1623 289.4761657714844 1623
1624 289.4755249023438 1624
1625 289.4748229980469 1625
1626 289.4740295410156 1626
1627 289.47314453125 1627
1628 289.47216796875 1628
1629 289.4710998535156 1629
1630 289.4699401855469 1630
1631 289.4687194824219 1631
1632 289.4674072265625 1632
1633 289.4660034179688 1633
1634 289.4645080566406 1634
1635 289.4629211425781 1635
1636 289.4612731933594 1636
1637 289.4595336914062 1637
1638 289.4576721191406 1638
1639 289.4557495117188 1639
1640 289.4537353515625 1640
1641 289.45166015625 1641
1642 289.449462890625 1642
1643 289.4472045898438 1643
1644 289.44482421875 1644
1645 289.4423828125 1645
1646 289.4398498535156 1646
1647 289.4372253417969 1647
1648 289.4345397949219 1648
1649 289.4317321777344 1649
1650 289.4288940429688 1650
1651 289.4259338378906 1651
1652 289.4229125976562 1652
1653 289.4197998046875 1653
1654 289.4165954589844 1654
1655 289.413330078125 1655
1656 289.4099731445312 1656
1657 289.4065856933594 1657
1658 289.403076171875 1658
1659 289.3995666503906 1659
1660 289.3959350585938 1660
1661 289.3922424316406 1661
1662 289.3884887695312 1662
1663 289.3847045898438 1663
1664 289.380859375 1664
1665 289.376953125 1665
1666 289.3729858398438 1666
1667 289.3689880371094 1667
1668 289.3649597167969 1668
1669 289.36083984375 1669
1670 289.3567504882812 1670
1671 289.3526306152344 1671
1672 289.3484497070312 1672
1673 289.3442993164062 1673
1674 289.340087890625 1674
1675 289.3358764648438 1675
1676 289.3316650390625 1676
1677 289.3274536132812 1677
1678 289.3232421875 1678
1679 289.3190307617188 1679
1680 289.3148193359375 1680
1681 289.3106689453125 1681
1682 289.3064880371094 1682
1683 289.3023681640625 1683
1684 289.2982482910156 1684
1685 289.294189453125 1685
1686 289.2901611328125 1686
1687 289.2861938476562 1687
1688 289.2822570800781 1688
1689 289.2783813476562 1689
1690 289.2745971679688 1690
1691 289.2708129882812 1691
1692 289.2671203613281 1692
1693 289.2634887695312 1693
1694 289.2599182128906 1694
1695 289.2564392089844 1695
1696 289.2530517578125 1696
1697 289.2496948242188 1697
1698 289.2464904785156 1698
1699 289.2433471679688 1699
1700 289.2403259277344 1700
1701 289.2373657226562 1701
1702 289.2344970703125 1702
1703 289.2317199707031 1703
1704 289.2290649414062 1704
1705 289.2265319824219 1705
1706 289.2240600585938 1706
1707 289.2217102050781 1707
1708 289.219482421875 1708
1709 289.2174072265625 1709
1710 289.2153625488281 1710
1711 289.2134704589844 1711
1712 289.2117004394531 1712
1713 289.2100219726562 1713
1714 289.20849609375 1714
1715 289.2070617675781 1715
1716 289.2057495117188 1716
1717 289.2045593261719 1717
1718 289.2034912109375 1718
1719 289.2025146484375 1719
1720 289.2016906738281 1720
1721 289.2009582519531 1721
1722 289.2003784179688 1722
1723 289.1998901367188 1723
1724 289.1994934082031 1724
1725 289.1992797851562 1725
1726 289.1991577148438 1726
1727 289.1991577148438 1727
1728 289.19921875 1728
1729 289.199462890625 1729
1730 289.1997985839844 1730
1731 289.2002258300781 1731
1732 289.2008056640625 1732
1733 289.2014770507812 1733
1734 289.2022399902344 1734
1735 289.203125 1735
1736 289.2041320800781 1736
1737 289.2052307128906 1737
1738 289.2064208984375 1738
1739 289.207763671875 1739
1740 289.2091674804688 1740
1741 289.210693359375 1741
1742 289.2122802734375 1742
1743 289.2140197753906 1743
1744 289.2158203125 1744
1745 289.2177124023438 1745
1746 289.2196960449219 1746
1747 289.2217712402344 1747
1748 289.2239379882812 1748
1749 289.2261962890625 1749
1750 289.2285461425781 1750
1751 289.2309875488281 1751
1752 289.2334899902344 1752
1753 289.236083984375 1753
1754 289.2387390136719 1754
1755 289.2414855957031 1755
1756 289.2442932128906 1756
1757 289.2471923828125 1757
1758 289.2501220703125 1758
1759 289.253173828125 1759
1760 289.2562561035156 1760
1761 289.2593994140625 1761
1762 289.2626342773438 1762
1763 289.2658996582031 1763
1764 289.2692565917969 1764
1765 289.2726440429688 1765
1766 289.2760925292969 1766
1767 289.2796020507812 1767
1768 289.2831420898438 1768
1769 289.2867431640625 1769
1770 289.2903747558594 1770
1771 289.2940673828125 1771
1772 289.2977905273438 1772
1773 289.3015747070312 1773
1774 289.3053894042969 1774
1775 289.3092041015625 1775
1776 289.3131103515625 1776
1777 289.3170166015625 1777
1778 289.3209838867188 1778
1779 289.324951171875 1779
1780 289.3289489746094 1780
1781 289.3330078125 1781
1782 289.3370361328125 1782
1783 289.3411254882812 1783
1784 289.34521484375 1784
1785 289.3493041992188 1785
1786 289.3534545898438 1786
1787 289.3576354980469 1787
1788 289.3617553710938 1788
1789 289.365966796875 1789
1790 289.3701477050781 1790
1791 289.3743286132812 1791
1792 289.3785095214844 1792
1793 289.3827209472656 1793
1794 289.3869018554688 1794
1795 289.3911437988281 1795
1796 289.3953247070312 1796
1797 289.3995361328125 1797
1798 289.4037475585938 1798
1799 289.407958984375 1799
1800 289.412109375 1800
1801 289.4163208007812 1801
1802 289.4204711914062 1802
1803 289.4246520996094 1803
1804 289.4288024902344 1804
1805 289.4329223632812 1805
1806 289.4370727539062 1806
1807 289.441162109375 1807
1808 289.4452514648438 1808
1809 289.4493103027344 1809
1810 289.453369140625 1810
1811 289.4573974609375 1811
1812 289.46142578125 1812
1813 289.4653930664062 1813
1814 289.4693298339844 1814
1815 289.4732666015625 1815
1816 289.4771423339844 1816
1817 289.4810180664062 1817
1818 289.48486328125 1818
1819 289.4886474609375 1819
1820 289.492431640625 1820
1821 289.4961547851562 1821
1822 289.4998779296875 1822
1823 289.5035400390625 1823
1824 289.5071411132812 1824
1825 289.5107421875 1825
1826 289.5142822265625 1826
1827 289.5177917480469 1827
1828 289.5212707519531 1828
1829 289.5246887207031 1829
1830 289.5280456542969 1830
1831 289.5314025878906 1831
1832 289.53466796875 1832
1833 289.5379028320312 1833
1834 289.5411071777344 1834
1835 289.5442199707031 1835
1836 289.5473022460938 1836
1837 289.5503540039062 1837
1838 289.5533447265625 1838
1839 289.5562744140625 1839
1840 289.5591430664062 1840
1841 289.5619812011719 1841
1842 289.5647277832031 1842
1843 289.5674438476562 1843
1844 289.5700988769531 1844
1845 289.5727233886719 1845
1846 289.5752563476562 1846
1847 289.5776977539062 1847
1848 289.5801391601562 1848
1849 289.5824890136719 1849
1850 289.5847778320312 1850
1851 289.5870361328125 1851
1852 289.5892028808594 1852
1853 289.59130859375 1853
1854 289.5933532714844 1854
1855 289.5953063964844 1855
1856 289.5972290039062 1856
1857 289.5990600585938 1857
1858 289.600830078125 1858
1859 289.6025390625 1859
1860 289.6041870117188 1860
1861 289.6057434082031 1861
1862 289.6072387695312 1862
1863 289.6087036132812 1863
1864 289.6100463867188 1864
1865 289.611328125 1865
1866 289.612548828125 1866
1867 289.6137084960938 1867
1868 289.61474609375 1868
1869 289.6157531738281 1869
1870 289.61669921875 1870
1871 289.6175231933594 1871
1872 289.6182861328125 1872
1873 289.6189880371094 1873
1874 289.61962890625 1874
1875 289.6201477050781 1875
1876 289.62060546875 1876
1877 289.6210021972656 1877
1878 289.621337890625 1878
1879 289.6215515136719 1879
1880 289.6216735839844 1880
1881 289.6217651367188 1881
1882 289.6217651367188 1882
1883 289.6217041015625 1883
1884 289.6214904785156 1884
1885 289.6212768554688 1885
1886 289.6209411621094 1886
1887 289.6205139160156 1887
1888 289.6200561523438 1888
1889 289.6194458007812 1889
1890 289.6188049316406 1890
1891 289.6180419921875 1891
1892 289.6172485351562 1892
1893 289.6163024902344 1893
1894 289.6153564453125 1894
1895 289.6142578125 1895
1896 289.6130981445312 1896
1897 289.6118469238281 1897
1898 289.6105346679688 1898
1899 289.6091003417969 1899
1900 289.6076049804688 1900
1901 289.6060180664062 1901
1902 289.6043395996094 1902
1903 289.6026000976562 1903
1904 289.6007385253906 1904
1905 289.5987854003906 1905
1906 289.5968017578125 1906
1907 289.5946960449219 1907
1908 289.5924987792969 1908
1909 289.5902099609375 1909
1910 289.5878601074219 1910
1911 289.5853881835938 1911
1912 289.5828552246094 1912
1913 289.5802307128906 1913
1914 289.5775146484375 1914
1915 289.5747375488281 1915
1916 289.5718383789062 1916
1917 289.5688781738281 1917
1918 289.5658264160156 1918
1919 289.5626831054688 1919
1920 289.5594787597656 1920
1921 289.5562133789062 1921
1922 289.5528259277344 1922
1923 289.5493774414062 1923
1924 289.5458374023438 1924
1925 289.542236328125 1925
1926 289.53857421875 1926
1927 289.5348205566406 1927
1928 289.531005859375 1928
1929 289.5271301269531 1929
1930 289.523193359375 1930
1931 289.5191955566406 1931
1932 289.51513671875 1932
1933 289.5110168457031 1933
1934 289.5068664550781 1934
1935 289.5026550292969 1935
1936 289.4984130859375 1936
1937 289.4941101074219 1937
1938 289.4897766113281 1938
1939 289.4854125976562 1939
1940 289.4810180664062 1940
1941 289.4766235351562 1941
1942 289.47216796875 1942
1943 289.4677124023438 1943
1944 289.4632568359375 1944
1945 289.4588012695312 1945
1946 289.454345703125 1946
1947 289.4498901367188 1947
1948 289.4454345703125 1948
1949 289.4409790039062 1949
1950 289.4365539550781 1950
1951 289.43212890625 1951
1952 289.4277648925781 1952
1953 289.4234008789062 1953
1954 289.4191284179688 1954
1955 289.4148559570312 1955
1956 289.4105834960938 1956
1957 289.4064331054688 1957
1958 289.4022827148438 1958
1959 289.3982543945312 1959
1960 289.3942260742188 1960
1961 289.3902893066406 1961
1962 289.3864135742188 1962
1963 289.3826293945312 1963
1964 289.37890625 1964
1965 289.375244140625 1965
1966 289.3717041015625 1966
1967 289.3682250976562 1967
1968 289.3648681640625 1968
1969 289.3615417480469 1969
1970 289.3583374023438 1970
1971 289.3552856445312 1971
1972 289.352294921875 1972
1973 289.349365234375 1973
1974 289.3466186523438 1974
1975 289.3439025878906 1975
1976 289.3413391113281 1976
1977 289.3388671875 1977
1978 289.3365173339844 1978
1979 289.3342895507812 1979
1980 289.3321533203125 1980
1981 289.3301391601562 1981
1982 289.3282470703125 1982
1983 289.3264770507812 1983
1984 289.3247985839844 1984
1985 289.3232727050781 1985
1986 289.3218383789062 1986
1987 289.320556640625 1987
1988 289.3193359375 1988
1989 289.3182983398438 1989
1990 289.3173217773438 1990
1991 289.3164978027344 1991
1992 289.3158264160156 1992
1993 289.315185546875 1993
1994 289.3147583007812 1994
1995 289.3143920898438 1995
1996 289.3141479492188 1996
1997 289.3140563964844 1997
1998 289.3140258789062 1998
1999 289.3141479492188 1999
2000 289.3143920898438 2000
2001 289.314697265625 2001
2002 289.3151550292969 2002
2003 289.3157348632812 2003
2004 289.31640625 2004
2005 289.3171691894531 2005
2006 289.3180541992188 2006
2007 289.3190612792969 2007
2008 289.3201599121094 2008
2009 289.3213500976562 2009
2010 289.3226318359375 2010
2011 289.3240356445312 2011
2012 289.3255310058594 2012
2013 289.3271179199219 2013
2014 289.3287963867188 2014
2015 289.33056640625 2015
2016 289.3324584960938 2016
2017 289.3344116210938 2017
2018 289.3364562988281 2018
2019 289.3385925292969 2019
2020 289.3408203125 2020
2021 289.3431091308594 2021
2022 289.3454895019531 2022
2023 289.3479614257812 2023
2024 289.3504638671875 2024
2025 289.3530578613281 2025
2026 289.3557739257812 2026
2027 289.3585205078125 2027
2028 289.361328125 2028
2029 289.3641967773438 2029
2030 289.3671569824219 2030
2031 289.3701782226562 2031
2032 289.3732299804688 2032
2033 289.3763732910156 2033
2034 289.3795471191406 2034
2035 289.3828125 2035
2036 289.3861083984375 2036
2037 289.3894348144531 2037
2038 289.392822265625 2038
2039 289.3963012695312 2039
2040 289.3997802734375 2040
2041 289.4033203125 2041
2042 289.4068603515625 2042
2043 289.4104919433594 2043
2044 289.4141540527344 2044
2045 289.4178161621094 2045
2046 289.4215087890625 2046
2047 289.42529296875 2047
2048 289.4290771484375 2048
2049 289.4328918457031 2049
2050 289.4367065429688 2050
2051 289.4405517578125 2051
2052 289.4444274902344 2052
2053 289.4483337402344 2053
2054 289.4522705078125 2054
2055 289.4561767578125 2055
2056 289.4601440429688 2056
2057 289.464111328125 2057
2058 289.4680786132812 2058
2059 289.4720764160156 2059
2060 289.47607421875 2060
2061 289.4801025390625 2061
2062 289.4841003417969 2062
2063 289.4880981445312 2063
2064 289.4921264648438 2064
2065 289.4961547851562 2065
2066 289.5001525878906 2066
2067 289.504150390625 2067
2068 289.5081787109375 2068
2069 289.5121765136719 2069
2070 289.5161743164062 2070
2071 289.5201721191406 2071
2072 289.5241088867188 2072
2073 289.5281066894531 2073
2074 289.5320434570312 2074
2075 289.5359802246094 2075
2076 289.5398864746094 2076
2077 289.5437927246094 2077
2078 289.5476684570312 2078
2079 289.5515441894531 2079
2080 289.5553894042969 2080
2081 289.5592041015625 2081
2082 289.56298828125 2082
2083 289.5667724609375 2083
2084 289.5704956054688 2084
2085 289.57421875 2085
2086 289.5779113769531 2086
2087 289.58154296875 2087
2088 289.5851440429688 2088
2089 289.5887451171875 2089
2090 289.59228515625 2090
2091 289.5958251953125 2091
2092 289.5993041992188 2092
2093 289.6027526855469 2093
2094 289.6061401367188 2094
2095 289.6095275878906 2095
2096 289.6128540039062 2096
2097 289.6161193847656 2097
2098 289.6193542480469 2098
2099 289.62255859375 2099
2100 289.6257019042969 2100
2101 289.6288146972656 2101
2102 289.6318969726562 2102
2103 289.6348876953125 2103
2104 289.6378479003906 2104
2105 289.6407470703125 2105
2106 289.6436157226562 2106
2107 289.6464233398438 2107
2108 289.649169921875 2108
2109 289.6518859863281 2109
2110 289.654541015625 2110
2111 289.6571350097656 2111
2112 289.65966796875 2112
2113 289.6621398925781 2113
2114 289.66455078125 2114
2115 289.6669311523438 2115
2116 289.6692199707031 2116
2117 289.6714782714844 2117
2118 289.6736450195312 2118
2119 289.67578125 2119
2120 289.6778259277344 2120
2121 289.6798095703125 2121
2122 289.6817626953125 2122
2123 289.6836547851562 2123
2124 289.6854248046875 2124
2125 289.6871643066406 2125
2126 289.6888427734375 2126
2127 289.6904296875 2127
2128 289.6919555664062 2128
2129 289.6934509277344 2129
2130 289.6948547363281 2130
2131 289.6961975097656 2131
2132 289.6974487304688 2132
2133 289.6986389160156 2133
2134 289.6997375488281 2134
2135 289.7007751464844 2135
2136 289.7017822265625 2136
2137 289.7026977539062 2137
2138 289.7034912109375 2138
2139 289.7042541503906 2139
2140 289.7049255371094 2140
2141 289.7055358886719 2141
2142 289.7060546875 2142
2143 289.7065124511719 2143
2144 289.7068786621094 2144
2145 289.7071838378906 2145
2146 289.7073974609375 2146
2147 289.7075500488281 2147
2148 289.7076416015625 2148
2149 289.7076110839844 2149
2150 289.70751953125 2150
2151 289.7073364257812 2151
2152 289.7070922851562 2152
2153 289.7067565917969 2153
2154 289.7063598632812 2154
2155 289.7058715820312 2155
2156 289.7052917480469 2156
2157 289.7046508789062 2157
2158 289.7038879394531 2158
2159 289.7030639648438 2159
2160 289.7021789550781 2160
2161 289.701171875 2161
2162 289.7001037597656 2162
2163 289.6989440917969 2163
2164 289.6977233886719 2164
2165 289.6964111328125 2165
2166 289.6950073242188 2166
2167 289.6935424804688 2167
2168 289.6919250488281 2168
2169 289.6902770996094 2169
2170 289.6885375976562 2170
2171 289.6867065429688 2171
2172 289.6847839355469 2172
2173 289.6828002929688 2173
2174 289.6806945800781 2174
2175 289.6784973144531 2175
2176 289.6762390136719 2176
2177 289.6738891601562 2177
2178 289.6714477539062 2178
2179 289.6689147949219 2179
2180 289.6663208007812 2180
2181 289.6636352539062 2181
2182 289.6608276367188 2182
2183 289.6579895019531 2183
2184 289.655029296875 2184
2185 289.6519775390625 2185
2186 289.6488647460938 2186
2187 289.6456909179688 2187
2188 289.6423950195312 2188
2189 289.6390075683594 2189
2190 289.6355590820312 2190
2191 289.6320495605469 2191
2192 289.62841796875 2192
2193 289.624755859375 2193
2194 289.6209716796875 2194
2195 289.6171875 2195
2196 289.6132507324219 2196
2197 289.6093139648438 2197
2198 289.6052856445312 2198
2199 289.6011962890625 2199
2200 289.5970458984375 2200
2201 289.5928344726562 2201
2202 289.5885620117188 2202
2203 289.5842590332031 2203
2204 289.5798950195312 2204
2205 289.5755004882812 2205
2206 289.571044921875 2206
2207 289.5665588378906 2207
2208 289.5620727539062 2208
2209 289.5575256347656 2209
2210 289.5529479980469 2210
2211 289.54833984375 2211
2212 289.5437622070312 2212
2213 289.5391540527344 2213
2214 289.5345458984375 2214
2215 289.5299072265625 2215
2216 289.5253295898438 2216
2217 289.5207214355469 2217
2218 289.51611328125 2218
2219 289.5115356445312 2219
2220 289.5069885253906 2220
2221 289.50244140625 2221
2222 289.4979858398438 2222
2223 289.4935302734375 2223
2224 289.4891052246094 2224
2225 289.4847412109375 2225
2226 289.4804077148438 2226
2227 289.4761352539062 2227
2228 289.471923828125 2228
2229 289.4677734375 2229
2230 289.4636840820312 2230
2231 289.4596862792969 2231
2232 289.4557495117188 2232
2233 289.4518737792969 2233
2234 289.4481201171875 2234
2235 289.4443969726562 2235
2236 289.4407958984375 2236
2237 289.437255859375 2237
2238 289.433837890625 2238
2239 289.4304809570312 2239
2240 289.4272766113281 2240
2241 289.4241333007812 2241
2242 289.4211120605469 2242
2243 289.4181518554688 2243
2244 289.4153442382812 2244
2245 289.41259765625 2245
2246 289.4100341796875 2246
2247 289.4075317382812 2247
2248 289.4051513671875 2248
2249 289.4028930664062 2249
2250 289.4007263183594 2250
2251 289.3987121582031 2251
2252 289.3967895507812 2252
2253 289.3949890136719 2253
2254 289.393310546875 2254
2255 289.3917541503906 2255
2256 289.3903198242188 2256
2257 289.3889770507812 2257
2258 289.3878173828125 2258
2259 289.38671875 2259
2260 289.3857421875 2260
2261 289.3849182128906 2261
2262 289.3842163085938 2262
2263 289.3836059570312 2263
2264 289.3831176757812 2264
2265 289.3827514648438 2265
2266 289.3824768066406 2266
2267 289.3823547363281 2267
2268 289.3823547363281 2268
2269 289.3824157714844 2269
2270 289.3826293945312 2270
2271 289.3829650878906 2271
2272 289.3833923339844 2272
2273 289.3839416503906 2273
2274 289.3845825195312 2274
2275 289.3853454589844 2275
2276 289.3861999511719 2276
2277 289.3871765136719 2277
2278 289.3882141113281 2278
2279 289.389404296875 2279
2280 289.3906860351562 2280
2281 289.3920288085938 2281
2282 289.3934936523438 2282
2283 289.3950500488281 2283
2284 289.396728515625 2284
2285 289.3984375 2285
2286 289.4002990722656 2286
2287 289.4022216796875 2287
2288 289.4042358398438 2288
2289 289.4063110351562 2289
2290 289.4084777832031 2290
2291 289.4107360839844 2291
2292 289.4130859375 2292
2293 289.4154663085938 2293
2294 289.41796875 2294
2295 289.4205017089844 2295
2296 289.4231262207031 2296
2297 289.4258422851562 2297
2298 289.4285888671875 2298
2299 289.4314270019531 2299
2300 289.434326171875 2300
2301 289.437255859375 2301
2302 289.4402770996094 2302
2303 289.4433288574219 2303
2304 289.4464721679688 2304
2305 289.4496459960938 2305
2306 289.4528503417969 2306
2307 289.4561462402344 2307
2308 289.45947265625 2308
2309 289.4628295898438 2309
2310 289.4662475585938 2310
2311 289.4696960449219 2311
2312 289.4731750488281 2312
2313 289.4767150878906 2313
2314 289.4802856445312 2314
2315 289.48388671875 2315
2316 289.4875183105469 2316
2317 289.4911804199219 2317
2318 289.494873046875 2318
2319 289.4985656738281 2319
2320 289.5023193359375 2320
2321 289.5060729980469 2321
2322 289.5098571777344 2322
2323 289.513671875 2323
2324 289.5174865722656 2324
2325 289.5213317871094 2325
2326 289.5251770019531 2326
2327 289.529052734375 2327
2328 289.5328979492188 2328
2329 289.5368041992188 2329
2330 289.5406799316406 2330
2331 289.5445861816406 2331
2332 289.5484619140625 2332
2333 289.5523681640625 2333
2334 289.5562744140625 2334
2335 289.5601806640625 2335
2336 289.5640869140625 2336
2337 289.5679626464844 2337
2338 289.5718383789062 2338
2339 289.5757446289062 2339
2340 289.57958984375 2340
2341 289.5834655761719 2341
2342 289.5873107910156 2342
2343 289.5911560058594 2343
2344 289.594970703125 2344
2345 289.5988159179688 2345
2346 289.6025695800781 2346
2347 289.6063537597656 2347
2348 289.610107421875 2348
2349 289.6138305664062 2349
2350 289.6175231933594 2350
2351 289.6212158203125 2351
2352 289.6248779296875 2352
2353 289.6285095214844 2353
2354 289.6321105957031 2354
2355 289.6356811523438 2355
2356 289.6392211914062 2356
2357 289.6427307128906 2357
2358 289.6462097167969 2358
2359 289.649658203125 2359
2360 289.653076171875 2360
2361 289.6564331054688 2361
2362 289.6597595214844 2362
2363 289.6630554199219 2363
2364 289.6663208007812 2364
2365 289.6695556640625 2365
2366 289.6726989746094 2366
2367 289.6758422851562 2367
2368 289.678955078125 2368
2369 289.6819763183594 2369
2370 289.6849670410156 2370
2371 289.6879272460938 2371
2372 289.6908264160156 2372
2373 289.6936645507812 2373
2374 289.6964721679688 2374
2375 289.69921875 2375
2376 289.7019348144531 2376
2377 289.70458984375 2377
2378 289.7072143554688 2378
2379 289.7097473144531 2379
2380 289.7122192382812 2380
2381 289.7146606445312 2381
2382 289.7170104980469 2382
2383 289.7193603515625 2383
2384 289.7216186523438 2384
2385 289.7238159179688 2385
2386 289.7259521484375 2386
2387 289.72802734375 2387
2388 289.7300415039062 2388
2389 289.7319946289062 2389
2390 289.73388671875 2390
2391 289.7357177734375 2391
2392 289.7374877929688 2392
2393 289.7391967773438 2393
2394 289.7408142089844 2394
2395 289.7423706054688 2395
2396 289.7438659667969 2396
2397 289.7453002929688 2397
2398 289.7466735839844 2398
2399 289.7479858398438 2399
2400 289.7492065429688 2400
2401 289.7503662109375 2401
2402 289.75146484375 2402
2403 289.7524719238281 2403
2404 289.75341796875 2404
2405 289.7542724609375 2405
2406 289.7550659179688 2406
2407 289.7557983398438 2407
2408 289.7564697265625 2408
2409 289.7570495605469 2409
2410 289.7575378417969 2410
2411 289.7579956054688 2411
2412 289.75830078125 2412
2413 289.7586059570312 2413
2414 289.7587890625 2414
2415 289.7589111328125 2415
2416 289.7589721679688 2416
2417 289.7589416503906 2417
2418 289.7588195800781 2418
2419 289.7586364746094 2419
2420 289.7583618164062 2420
2421 289.7579956054688 2421
2422 289.757568359375 2422
2423 289.7570495605469 2423
2424 289.7564697265625 2424
2425 289.7557983398438 2425
2426 289.7550659179688 2426
2427 289.7542114257812 2427
2428 289.7532958984375 2428
2429 289.7522888183594 2429
2430 289.751220703125 2430
2431 289.7500305175781 2431
2432 289.7488098144531 2432
2433 289.7474975585938 2433
2434 289.7460327148438 2434
2435 289.7445678710938 2435
2436 289.7429809570312 2436
2437 289.7412719726562 2437
2438 289.7395324707031 2438
2439 289.7376708984375 2439
2440 289.7357482910156 2440
2441 289.7337646484375 2441
2442 289.7316589355469 2442
2443 289.7294616699219 2443
2444 289.7272033691406 2444
2445 289.7248229980469 2445
2446 289.7223815917969 2446
2447 289.7198486328125 2447
2448 289.7172241210938 2448
2449 289.7145385742188 2449
2450 289.7117309570312 2450
2451 289.7088623046875 2451
2452 289.7059020996094 2452
2453 289.7028503417969 2453
2454 289.6997375488281 2454
2455 289.696533203125 2455
2456 289.6932373046875 2456
2457 289.6898193359375 2457
2458 289.6864013671875 2458
2459 289.6828308105469 2459
2460 289.67919921875 2460
2461 289.675537109375 2461
2462 289.6717529296875 2462
2463 289.6679077148438 2463
2464 289.6640014648438 2464
2465 289.6600036621094 2465
2466 289.6559448242188 2466
2467 289.6518249511719 2467
2468 289.6476440429688 2468
2469 289.6433715820312 2469
2470 289.6390991210938 2470
2471 289.6347351074219 2471
2472 289.6303405761719 2472
2473 289.6258850097656 2473
2474 289.6213989257812 2474
2475 289.6168518066406 2475
2476 289.6122741699219 2476
2477 289.6076965332031 2477
2478 289.6030578613281 2478
2479 289.598388671875 2479
2480 289.5937194824219 2480
2481 289.5890502929688 2481
2482 289.5843505859375 2482
2483 289.5796508789062 2483
2484 289.574951171875 2484
2485 289.5702514648438 2485
2486 289.5655517578125 2486
2487 289.5608520507812 2487
2488 289.5562133789062 2488
2489 289.5515747070312 2489
2490 289.5469665527344 2490
2491 289.5423889160156 2491
2492 289.537841796875 2492
2493 289.5333251953125 2493
2494 289.5288696289062 2494
2495 289.5244750976562 2495
2496 289.5201110839844 2496
2497 289.5158081054688 2497
2498 289.5115966796875 2498
2499 289.5074157714844 2499
2500 289.5032958984375 2500
