"point-d-rfile"
"Time Step" "point-d etc.."
("Time Step" "point-d" "flow-time")
0 283 0
1 283 1
2 283 2
3 283 3
4 283 4
5 283 5
6 283 6
7 283 7
8 283 8
9 283 9
10 283 10
11 283 11
12 283 12
13 283 13
14 283 14
15 283 15
16 283 16
17 283 17
18 283 18
19 283 19
20 283 20
21 283 21
22 283 22
23 283 23
24 283 24
25 283 25
26 283 26
27 283 27
28 283 28
29 283 29
30 283.0000305175781 30
31 283.0000610351562 31
32 283.0000610351562 32
33 283.0000610351562 33
34 283.0001220703125 34
35 283.0001220703125 35
36 283.0001525878906 36
37 283.0001831054688 37
38 283.000244140625 38
39 283.0003051757812 39
40 283.0003662109375 40
41 283.0004577636719 41
42 283.0005493164062 42
43 283.0006713867188 43
44 283.0007934570312 44
45 283.0009155273438 45
46 283.0011291503906 46
47 283.0012817382812 47
48 283.0015258789062 48
49 283.0017700195312 49
50 283.0020446777344 50
51 283.0023498535156 51
52 283.0027160644531 52
53 283.0031127929688 53
54 283.0035400390625 54
55 283.0040283203125 55
56 283.0045776367188 56
57 283.005126953125 57
58 283.0057983398438 58
59 283.0065002441406 59
60 283.0072631835938 60
61 283.0080871582031 61
62 283.009033203125 62
63 283.010009765625 63
64 283.0110473632812 64
65 283.01220703125 65
66 283.013427734375 66
67 283.0147705078125 67
68 283.0161743164062 68
69 283.0177001953125 69
70 283.0193176269531 70
71 283.0210571289062 71
72 283.0228881835938 72
73 283.0248413085938 73
74 283.0269165039062 74
75 283.0291137695312 75
76 283.0314025878906 76
77 283.0338439941406 77
78 283.0364074707031 78
79 283.0390930175781 79
80 283.0419311523438 80
81 283.0448913574219 81
82 283.0479736328125 82
83 283.0512390136719 83
84 283.0546569824219 84
85 283.0581970214844 85
86 283.0618896484375 86
87 283.0657043457031 87
88 283.0696716308594 88
89 283.0738220214844 89
90 283.0780944824219 90
91 283.0825500488281 91
92 283.0871276855469 92
93 283.0919189453125 93
94 283.0968322753906 94
95 283.1019287109375 95
96 283.1071166992188 96
97 283.1125183105469 97
98 283.1180725097656 98
99 283.123779296875 99
100 283.129638671875 100
101 283.1356811523438 101
102 283.141845703125 102
103 283.148193359375 103
104 283.1547241210938 104
105 283.1613464355469 105
106 283.1681823730469 106
107 283.1751708984375 107
108 283.1822814941406 108
109 283.1895751953125 109
110 283.197021484375 110
111 283.20458984375 111
112 283.2123107910156 112
113 283.2201843261719 113
114 283.2282409667969 114
115 283.2363891601562 115
116 283.2447509765625 116
117 283.253173828125 117
118 283.2618103027344 118
119 283.2705688476562 119
120 283.2794189453125 120
121 283.2884521484375 121
122 283.297607421875 122
123 283.306884765625 123
124 283.3163146972656 124
125 283.3258361816406 125
126 283.3355102539062 126
127 283.3453063964844 127
128 283.355224609375 128
129 283.365234375 129
130 283.3753662109375 130
131 283.3856506347656 131
132 283.3960266113281 132
133 283.4065246582031 133
134 283.4171142578125 134
135 283.4278259277344 135
136 283.4386291503906 136
137 283.4495239257812 137
138 283.4605102539062 138
139 283.4716186523438 139
140 283.4828186035156 140
141 283.494140625 141
142 283.5054931640625 142
143 283.5169677734375 143
144 283.5285034179688 144
145 283.5401611328125 145
146 283.5518493652344 146
147 283.5636596679688 147
148 283.5755004882812 148
149 283.5874633789062 149
150 283.5994262695312 150
151 283.6115112304688 151
152 283.6236572265625 152
153 283.6358642578125 153
154 283.6481323242188 154
155 283.6604614257812 155
156 283.6728515625 156
157 283.685302734375 157
158 283.6977844238281 158
159 283.7103271484375 159
160 283.7229309082031 160
161 283.7355346679688 161
162 283.7482299804688 162
163 283.7609252929688 163
164 283.7737121582031 164
165 283.7864685058594 165
166 283.79931640625 166
167 283.8121643066406 167
168 283.8250732421875 168
169 283.8379821777344 169
170 283.8509521484375 170
171 283.8639221191406 171
172 283.8768920898438 172
173 283.8899230957031 173
174 283.9029541015625 174
175 283.916015625 175
176 283.9290771484375 176
177 283.942138671875 177
178 283.9552307128906 178
179 283.9683227539062 179
180 283.9814147949219 180
181 283.9945068359375 181
182 284.0076293945312 182
183 284.0207214355469 183
184 284.0338439941406 184
185 284.0469360351562 185
186 284.06005859375 186
187 284.0731506347656 187
188 284.0862426757812 188
189 284.0993041992188 189
190 284.1123962402344 190
191 284.1254577636719 191
192 284.1384887695312 192
193 284.1514892578125 193
194 284.1645202636719 194
195 284.1775207519531 195
196 284.1904907226562 196
197 284.2034301757812 197
198 284.2163696289062 198
199 284.2292785644531 199
200 284.2421264648438 200
201 284.2550048828125 201
202 284.267822265625 202
203 284.2806091308594 203
204 284.2933654785156 204
205 284.3060913085938 205
206 284.3187866210938 206
207 284.3314208984375 207
208 284.3440551757812 208
209 284.3566284179688 209
210 284.3691711425781 210
211 284.3816528320312 211
212 284.3941345214844 212
213 284.4065246582031 213
214 284.4189147949219 214
215 284.4312438964844 215
216 284.4435119628906 216
217 284.4557189941406 217
218 284.4679260253906 218
219 284.4800415039062 219
220 284.4921264648438 220
221 284.504150390625 221
222 284.51611328125 222
223 284.5280456542969 223
224 284.5399169921875 224
225 284.5517272949219 225
226 284.5634765625 226
227 284.5751647949219 227
228 284.5867919921875 228
229 284.598388671875 229
230 284.6098937988281 230
231 284.621337890625 231
232 284.6327209472656 232
233 284.64404296875 233
234 284.6553039550781 234
235 284.66650390625 235
236 284.6776123046875 236
237 284.6886901855469 237
238 284.6996765136719 238
239 284.7106018066406 239
240 284.7214660644531 240
241 284.7322387695312 241
242 284.7429504394531 242
243 284.7536010742188 243
244 284.76416015625 244
245 284.774658203125 245
246 284.7850952148438 246
247 284.7954406738281 247
248 284.8057250976562 248
249 284.81591796875 249
250 284.8260498046875 250
251 284.8360595703125 251
252 284.8460388183594 252
253 284.85595703125 253
254 284.8657531738281 254
255 284.87548828125 255
256 284.8851318359375 256
257 284.8946838378906 257
258 284.9041748046875 258
259 284.91357421875 259
260 284.9229125976562 260
261 284.9321594238281 261
262 284.9413146972656 262
263 284.9504089355469 263
264 284.9594116210938 264
265 284.9682922363281 265
266 284.9771118164062 266
267 284.9858703613281 267
268 284.9945068359375 268
269 285.0030517578125 269
270 285.0115356445312 270
271 285.0199279785156 271
272 285.0282287597656 272
273 285.0364379882812 273
274 285.0445556640625 274
275 285.0525817871094 275
276 285.060546875 276
277 285.0683898925781 277
278 285.076171875 278
279 285.0838317871094 279
280 285.0914306640625 280
281 285.0989379882812 281
282 285.1063232421875 282
283 285.1136474609375 283
284 285.120849609375 284
285 285.1279907226562 285
286 285.135009765625 286
287 285.1419372558594 287
288 285.1488037109375 288
289 285.1555480957031 289
290 285.1622314453125 290
291 285.1687622070312 291
292 285.1752319335938 292
293 285.1816101074219 293
294 285.1878967285156 294
295 285.194091796875 295
296 285.2001953125 296
297 285.2061767578125 297
298 285.2120666503906 298
299 285.2178955078125 299
300 285.2236328125 300
301 285.229248046875 301
302 285.2347717285156 302
303 285.240234375 303
304 285.2455749511719 304
305 285.2508239746094 305
306 285.2559814453125 306
307 285.2610778808594 307
308 285.2660827636719 308
309 285.2709655761719 309
310 285.2757873535156 310
311 285.2805480957031 311
312 285.2851867675781 312
313 285.289794921875 313
314 285.2942810058594 314
315 285.2987060546875 315
316 285.3030700683594 316
317 285.307373046875 317
318 285.3115844726562 318
319 285.3157348632812 319
320 285.3198547363281 320
321 285.3238830566406 321
322 285.3278503417969 322
323 285.331787109375 323
324 285.335693359375 324
325 285.3395385742188 325
326 285.3433532714844 326
327 285.3471069335938 327
328 285.3508605957031 328
329 285.3545532226562 329
330 285.3582763671875 330
331 285.3619384765625 331
332 285.3656005859375 332
333 285.3692626953125 333
334 285.3728942871094 334
335 285.3765258789062 335
336 285.3801879882812 336
337 285.3838500976562 337
338 285.3875427246094 338
339 285.3912048339844 339
340 285.3949279785156 340
341 285.3986511230469 341
342 285.4024353027344 342
343 285.40625 343
344 285.4100646972656 344
345 285.4139709472656 345
346 285.4178771972656 346
347 285.421875 347
348 285.4259033203125 348
349 285.4299621582031 349
350 285.4341430664062 350
351 285.4383544921875 351
352 285.442626953125 352
353 285.4469909667969 353
354 285.451416015625 354
355 285.4559020996094 355
356 285.4604797363281 356
357 285.4651489257812 357
358 285.4698791503906 358
359 285.4747009277344 359
360 285.4796142578125 360
361 285.484619140625 361
362 285.4896850585938 362
363 285.494873046875 363
364 285.5001525878906 364
365 285.5055236816406 365
366 285.510986328125 366
367 285.5165710449219 367
368 285.522216796875 368
369 285.5279846191406 369
370 285.5338439941406 370
371 285.539794921875 371
372 285.5458679199219 372
373 285.552001953125 373
374 285.5582885742188 374
375 285.5646362304688 375
376 285.5711059570312 376
377 285.57763671875 377
378 285.5843200683594 378
379 285.591064453125 379
380 285.5979614257812 380
381 285.6049194335938 381
382 285.6119384765625 382
383 285.6191101074219 383
384 285.6263732910156 384
385 285.6337280273438 385
386 285.6411437988281 386
387 285.6487121582031 387
388 285.6563415527344 388
389 285.6640625 389
390 285.671875 390
391 285.6798095703125 391
392 285.6878051757812 392
393 285.6958618164062 393
394 285.7040405273438 394
395 285.7122802734375 395
396 285.7206115722656 396
397 285.7290344238281 397
398 285.737548828125 398
399 285.74609375 399
400 285.7547607421875 400
401 285.7634887695312 401
402 285.7722778320312 402
403 285.7811584472656 403
404 285.7901000976562 404
405 285.7991027832031 405
406 285.8081970214844 406
407 285.8173522949219 407
408 285.8265380859375 408
409 285.8358154296875 409
410 285.8451232910156 410
411 285.8545227050781 411
412 285.8639526367188 412
413 285.8734741210938 413
414 285.8829956054688 414
415 285.892578125 415
416 285.9022521972656 416
417 285.9119262695312 417
418 285.9216918945312 418
419 285.9314575195312 419
420 285.9412536621094 420
421 285.9511108398438 421
422 285.9610290527344 422
423 285.9709777832031 423
424 285.9809265136719 424
425 285.9909362792969 425
426 286.0009460449219 426
427 286.010986328125 427
428 286.0210876464844 428
429 286.0311889648438 429
430 286.0413208007812 430
431 286.0514526367188 431
432 286.0616455078125 432
433 286.0718383789062 433
434 286.0820007324219 434
435 286.0922546386719 435
436 286.1024475097656 436
437 286.1127014160156 437
438 286.1229858398438 438
439 286.1332397460938 439
440 286.1434631347656 440
441 286.1537475585938 441
442 286.1640014648438 442
443 286.1742858886719 443
444 286.1845092773438 444
445 286.1947937011719 445
446 286.2050476074219 446
447 286.2153015136719 447
448 286.2255249023438 448
449 286.2357482910156 449
450 286.2459716796875 450
451 286.2561950683594 451
452 286.2663879394531 452
453 286.2765808105469 453
454 286.2867431640625 454
455 286.2969055175781 455
456 286.3070068359375 456
457 286.317138671875 457
458 286.3272094726562 458
459 286.3372802734375 459
460 286.3472900390625 460
461 286.3572998046875 461
462 286.3672790527344 462
463 286.3772277832031 463
464 286.3871459960938 464
465 286.3970336914062 465
466 286.4068908691406 466
467 286.4167175292969 467
468 286.426513671875 468
469 286.4362487792969 469
470 286.4459838867188 470
471 286.4556274414062 471
472 286.4652709960938 472
473 286.474853515625 473
474 286.4844055175781 474
475 286.493896484375 475
476 286.5033569335938 476
477 286.5127563476562 477
478 286.5221557617188 478
479 286.5314636230469 479
480 286.5407104492188 480
481 286.5499572753906 481
482 286.5591125488281 482
483 286.5682067871094 483
484 286.5773010253906 484
485 286.5863037109375 485
486 286.5952453613281 486
487 286.6041564941406 487
488 286.6129760742188 488
489 286.6217651367188 489
490 286.6304931640625 490
491 286.63916015625 491
492 286.6477661132812 492
493 286.6563110351562 493
494 286.664794921875 494
495 286.6731872558594 495
496 286.6815490722656 496
497 286.6898498535156 497
498 286.6980590820312 498
499 286.7062377929688 499
500 286.7142944335938 500
501 286.7223510742188 501
502 286.7302856445312 502
503 286.7381591796875 503
504 286.7460021972656 504
505 286.7537536621094 505
506 286.7614135742188 506
507 286.7689819335938 507
508 286.7765502929688 508
509 286.7839965820312 509
510 286.7913818359375 510
511 286.7987060546875 511
512 286.805908203125 512
513 286.8130798339844 513
514 286.8201599121094 514
515 286.8271484375 515
516 286.8341064453125 516
517 286.8409423828125 517
518 286.8477172851562 518
519 286.8544006347656 519
520 286.8609924316406 520
521 286.8675537109375 521
522 286.8739624023438 522
523 286.8803405761719 523
524 286.8866577148438 524
525 286.8928527832031 525
526 286.8989868164062 526
527 286.905029296875 527
528 286.9109802246094 528
529 286.9168395996094 529
530 286.9226379394531 530
531 286.9283447265625 531
532 286.9339599609375 532
533 286.9395141601562 533
534 286.9449462890625 534
535 286.9502868652344 535
536 286.95556640625 536
537 286.9607543945312 537
538 286.9658508300781 538
539 286.9708862304688 539
540 286.9757995605469 540
541 286.9806518554688 541
542 286.9853515625 542
543 286.9900512695312 543
544 286.9945983886719 544
545 286.9990844726562 545
546 287.0034484863281 546
547 287.0077514648438 547
548 287.011962890625 548
549 287.0160522460938 549
550 287.0200805664062 550
551 287.0240173339844 551
552 287.0278625488281 552
553 287.0316162109375 553
554 287.0352783203125 554
555 287.038818359375 555
556 287.0422973632812 556
557 287.045654296875 557
558 287.0489501953125 558
559 287.0521240234375 559
560 287.0552368164062 560
561 287.0582580566406 561
562 287.0611572265625 562
563 287.06396484375 563
564 287.0666809082031 564
565 287.0693054199219 565
566 287.0718383789062 566
567 287.0742797851562 567
568 287.0766296386719 568
569 287.0789184570312 569
570 287.0810546875 570
571 287.0831298828125 571
572 287.0851135253906 572
573 287.0869750976562 573
574 287.0888061523438 574
575 287.0905151367188 575
576 287.0921325683594 576
577 287.0936889648438 577
578 287.0951232910156 578
579 287.0964965820312 579
580 287.0977783203125 580
581 287.0989990234375 581
582 287.1001586914062 582
583 287.1011962890625 583
584 287.1022033691406 584
585 287.1030883789062 585
586 287.1039428710938 586
587 287.104736328125 587
588 287.10546875 588
589 287.1061401367188 589
590 287.1067504882812 590
591 287.1072998046875 591
592 287.1078186035156 592
593 287.1082763671875 593
594 287.1087036132812 594
595 287.1090698242188 595
596 287.1094665527344 596
597 287.1097717285156 597
598 287.110107421875 598
599 287.1103820800781 599
600 287.1106567382812 600
601 287.1109313964844 601
602 287.1111755371094 602
603 287.1114501953125 603
604 287.1116943359375 604
605 287.1119995117188 605
606 287.1122436523438 606
607 287.112548828125 607
608 287.1128540039062 608
609 287.1132202148438 609
610 287.1135864257812 610
611 287.114013671875 611
612 287.1144714355469 612
613 287.1149597167969 613
614 287.1155090332031 614
615 287.1161193847656 615
616 287.1167602539062 616
617 287.1174621582031 617
618 287.1182250976562 618
619 287.1190795898438 619
620 287.1199951171875 620
621 287.1209411621094 621
622 287.1220092773438 622
623 287.1231689453125 623
624 287.1243591308594 624
625 287.1256713867188 625
626 287.1270751953125 626
627 287.1285095214844 627
628 287.1300659179688 628
629 287.1317443847656 629
630 287.1335144042969 630
631 287.1353454589844 631
632 287.1372985839844 632
633 287.1393432617188 633
634 287.1414794921875 634
635 287.1437377929688 635
636 287.1461181640625 636
637 287.1485900878906 637
638 287.1511535644531 638
639 287.15380859375 639
640 287.1566162109375 640
641 287.1594848632812 641
642 287.1624755859375 642
643 287.1655883789062 643
644 287.1687927246094 644
645 287.172119140625 645
646 287.175537109375 646
647 287.1790771484375 647
648 287.1827392578125 648
649 287.1864624023438 649
650 287.1903076171875 650
651 287.1942749023438 651
652 287.1983337402344 652
653 287.2025146484375 653
654 287.206787109375 654
655 287.211181640625 655
656 287.2156372070312 656
657 287.22021484375 657
658 287.2248840332031 658
659 287.2296752929688 659
660 287.2345581054688 660
661 287.239501953125 661
662 287.2445678710938 662
663 287.2497253417969 663
664 287.2549743652344 664
665 287.2603149414062 665
666 287.2657470703125 666
667 287.271240234375 667
668 287.27685546875 668
669 287.2825317382812 669
670 287.2882995605469 670
671 287.2941284179688 671
672 287.3000793457031 672
673 287.3060913085938 673
674 287.3121337890625 674
675 287.3182983398438 675
676 287.3245239257812 676
677 287.330810546875 677
678 287.3371887207031 678
679 287.3435974121094 679
680 287.35009765625 680
681 287.3566589355469 681
682 287.3632507324219 682
683 287.3699340820312 683
684 287.3766479492188 684
685 287.3834533691406 685
686 287.3902893066406 686
687 287.3971557617188 687
688 287.4041137695312 688
689 287.4111022949219 689
690 287.4181518554688 690
691 287.4252014160156 691
692 287.4323425292969 692
693 287.4394836425781 693
694 287.4466552734375 694
695 287.4539184570312 695
696 287.461181640625 696
697 287.4684753417969 697
698 287.4757995605469 698
699 287.483154296875 699
700 287.4905395507812 700
701 287.4979553222656 701
702 287.50537109375 702
703 287.5128479003906 703
704 287.5203247070312 704
705 287.52783203125 705
706 287.5353088378906 706
707 287.5428466796875 707
708 287.5503540039062 708
709 287.5579223632812 709
710 287.5654907226562 710
711 287.5730590820312 711
712 287.5806274414062 712
713 287.5881958007812 713
714 287.5957641601562 714
715 287.6033325195312 715
716 287.6109313964844 716
717 287.6184692382812 717
718 287.6260375976562 718
719 287.6336059570312 719
720 287.6412048339844 720
721 287.6487426757812 721
722 287.6562805175781 722
723 287.663818359375 723
724 287.6713256835938 724
725 287.6788330078125 725
726 287.6863098144531 726
727 287.6937866210938 727
728 287.7012023925781 728
729 287.7086486816406 729
730 287.716064453125 730
731 287.7234497070312 731
732 287.7308044433594 732
733 287.7381286621094 733
734 287.7454528808594 734
735 287.7527160644531 735
736 287.7599792480469 736
737 287.7671813964844 737
738 287.7743835449219 738
739 287.7815551757812 739
740 287.7886657714844 740
741 287.7957153320312 741
742 287.8027954101562 742
743 287.809814453125 743
744 287.8167419433594 744
745 287.8236999511719 745
746 287.83056640625 746
747 287.8374328613281 747
748 287.8442077636719 748
749 287.8509826660156 749
750 287.8576965332031 750
751 287.8643493652344 751
752 287.8709716796875 752
753 287.8775329589844 753
754 287.8840637207031 754
755 287.8905334472656 755
756 287.8969421386719 756
757 287.9033203125 757
758 287.9096069335938 758
759 287.9158630371094 759
760 287.9220581054688 760
761 287.92822265625 761
762 287.9342651367188 762
763 287.9403076171875 763
764 287.9462890625 764
765 287.9522094726562 765
766 287.9580383300781 766
767 287.9638366699219 767
768 287.9695739746094 768
769 287.9752197265625 769
770 287.9808044433594 770
771 287.986328125 771
772 287.9918212890625 772
773 287.9972229003906 773
774 288.0025329589844 774
775 288.0078125 775
776 288.0130310058594 776
777 288.0181274414062 777
778 288.023193359375 778
779 288.0281982421875 779
780 288.0331420898438 780
781 288.0379638671875 781
782 288.042724609375 782
783 288.0474548339844 783
784 288.0520629882812 784
785 288.056640625 785
786 288.0610961914062 786
787 288.0655212402344 787
788 288.0698547363281 788
789 288.0740966796875 789
790 288.0782775878906 790
791 288.0823974609375 791
792 288.08642578125 792
793 288.0903930664062 793
794 288.09423828125 794
795 288.0980224609375 795
796 288.1017456054688 796
797 288.1053771972656 797
798 288.1089172363281 798
799 288.1123657226562 799
800 288.1157531738281 800
801 288.1190795898438 801
802 288.1222839355469 802
803 288.1254272460938 803
804 288.1284790039062 804
805 288.1314392089844 805
806 288.1343383789062 806
807 288.1371459960938 807
808 288.1398620605469 808
809 288.1425170898438 809
810 288.1450500488281 810
811 288.1475219726562 811
812 288.14990234375 812
813 288.1521911621094 813
814 288.1543884277344 814
815 288.156494140625 815
816 288.1585388183594 816
817 288.1604919433594 817
818 288.1623229980469 818
819 288.1640930175781 819
820 288.165771484375 820
821 288.1673583984375 821
822 288.1688842773438 822
823 288.1702575683594 823
824 288.1716003417969 824
825 288.1728210449219 825
826 288.1739501953125 826
827 288.1750183105469 827
828 288.1759948730469 828
829 288.1768188476562 829
830 288.1776123046875 830
831 288.1782836914062 831
832 288.1788940429688 832
833 288.1793823242188 833
834 288.1798095703125 834
835 288.18017578125 835
836 288.1803894042969 836
837 288.1805419921875 837
838 288.1806030273438 838
839 288.1805419921875 839
840 288.180419921875 840
841 288.1802062988281 841
842 288.179931640625 842
843 288.1795349121094 843
844 288.1790771484375 844
845 288.1785278320312 845
846 288.1778869628906 846
847 288.1771545410156 847
848 288.1763916015625 848
849 288.1754760742188 849
850 288.1745300292969 850
851 288.1734924316406 851
852 288.1723937988281 852
853 288.1712341308594 853
854 288.1700134277344 854
855 288.168701171875 855
856 288.1673583984375 856
857 288.1659240722656 857
858 288.1644287109375 858
859 288.1629028320312 859
860 288.1613464355469 860
861 288.1597290039062 861
862 288.1580810546875 862
863 288.1563720703125 863
864 288.1546325683594 864
865 288.1528930664062 865
866 288.1510925292969 866
867 288.1492919921875 867
868 288.1474914550781 868
869 288.1456298828125 869
870 288.1438293457031 870
871 288.1419982910156 871
872 288.14013671875 872
873 288.1383361816406 873
874 288.1365356445312 874
875 288.1347351074219 875
876 288.1329345703125 876
877 288.1311950683594 877
878 288.1294860839844 878
879 288.1278076171875 879
880 288.1261596679688 880
881 288.1245422363281 881
882 288.1229858398438 882
883 288.1215209960938 883
884 288.1200561523438 884
885 288.11865234375 885
886 288.1173400878906 886
887 288.1160888671875 887
888 288.1149291992188 888
889 288.1138305664062 889
890 288.11279296875 890
891 288.11181640625 891
892 288.1109619140625 892
893 288.1101684570312 893
894 288.1094665527344 894
895 288.10888671875 895
896 288.1083679199219 896
897 288.1079711914062 897
898 288.1076354980469 898
899 288.107421875 899
900 288.1073303222656 900
901 288.1073303222656 901
902 288.107421875 902
903 288.1076049804688 903
904 288.1079406738281 904
905 288.1083679199219 905
906 288.10888671875 906
907 288.1095275878906 907
908 288.1102905273438 908
909 288.1111450195312 909
910 288.1121215820312 910
911 288.1132202148438 911
912 288.1144409179688 912
913 288.1157531738281 913
914 288.1171875 914
915 288.1187133789062 915
916 288.120361328125 916
917 288.1221313476562 917
918 288.1240234375 918
919 288.1260070800781 919
920 288.1281127929688 920
921 288.1303405761719 921
922 288.1326293945312 922
923 288.1350708007812 923
924 288.1376342773438 924
925 288.1402587890625 925
926 288.1430053710938 926
927 288.1458740234375 927
928 288.1488037109375 928
929 288.15185546875 929
930 288.155029296875 930
931 288.1582946777344 931
932 288.1616516113281 932
933 288.1651000976562 933
934 288.1686401367188 934
935 288.1723022460938 935
936 288.1760559082031 936
937 288.1798706054688 937
938 288.1837768554688 938
939 288.1877746582031 939
940 288.1918640136719 940
941 288.196044921875 941
942 288.2002868652344 942
943 288.20458984375 943
944 288.2090454101562 944
945 288.2135009765625 945
946 288.2180786132812 946
947 288.2226867675781 947
948 288.2274169921875 948
949 288.232177734375 949
950 288.2370300292969 950
951 288.241943359375 951
952 288.2468872070312 952
953 288.2518920898438 953
954 288.2570190429688 954
955 288.2621459960938 955
956 288.2673645019531 956
957 288.2726135253906 957
958 288.2779541015625 958
959 288.2832641601562 959
960 288.2886962890625 960
961 288.2941284179688 961
962 288.2996215820312 962
963 288.30517578125 963
964 288.3107299804688 964
965 288.3163452148438 965
966 288.3219909667969 966
967 288.3276977539062 967
968 288.3334350585938 968
969 288.3391723632812 969
970 288.3449401855469 970
971 288.3507385253906 971
972 288.3565673828125 972
973 288.3624267578125 973
974 288.3683166503906 974
975 288.3742065429688 975
976 288.380126953125 976
977 288.3860473632812 977
978 288.3919982910156 978
979 288.39794921875 979
980 288.4039306640625 980
981 288.409912109375 981
982 288.4158935546875 982
983 288.421875 983
984 288.4278564453125 984
985 288.4338684082031 985
986 288.4398498535156 986
987 288.4458618164062 987
988 288.4518432617188 988
989 288.4578552246094 989
990 288.4638671875 990
991 288.4698486328125 991
992 288.4757995605469 992
993 288.4817504882812 993
994 288.4877319335938 994
995 288.49365234375 995
996 288.4995727539062 996
997 288.5054931640625 997
998 288.5114135742188 998
999 288.5172729492188 999
1000 288.5231323242188 1000
1001 288.5289611816406 1001
1002 288.5347900390625 1002
1003 288.5405578613281 1003
1004 288.5463256835938 1004
1005 288.5520629882812 1005
1006 288.5577392578125 1006
1007 288.5634155273438 1007
1008 288.569091796875 1008
1009 288.57470703125 1009
1010 288.5802612304688 1010
1011 288.5858154296875 1011
1012 288.5913391113281 1012
1013 288.5968017578125 1013
1014 288.6022644042969 1014
1015 288.607666015625 1015
1016 288.6130065917969 1016
1017 288.6183471679688 1017
1018 288.6235961914062 1018
1019 288.6288452148438 1019
1020 288.634033203125 1020
1021 288.6391906738281 1021
1022 288.644287109375 1022
1023 288.6493225097656 1023
1024 288.6543273925781 1024
1025 288.6593017578125 1025
1026 288.6641845703125 1026
1027 288.6690368652344 1027
1028 288.673828125 1028
1029 288.6785888671875 1029
1030 288.6832885742188 1030
1031 288.6879272460938 1031
1032 288.6925048828125 1032
1033 288.697021484375 1033
1034 288.7015075683594 1034
1035 288.7059326171875 1035
1036 288.7102661132812 1036
1037 288.7145690917969 1037
1038 288.7187805175781 1038
1039 288.7229614257812 1039
1040 288.7270812988281 1040
1041 288.7311096191406 1041
1042 288.735107421875 1042
1043 288.739013671875 1043
1044 288.7428588867188 1044
1045 288.7466430664062 1045
1046 288.7503662109375 1046
1047 288.7540283203125 1047
1048 288.7575988769531 1048
1049 288.7611389160156 1049
1050 288.7645568847656 1050
1051 288.7679443359375 1051
1052 288.771240234375 1052
1053 288.7744750976562 1053
1054 288.7776489257812 1054
1055 288.7807312011719 1055
1056 288.7837524414062 1056
1057 288.7866821289062 1057
1058 288.78955078125 1058
1059 288.7923583984375 1059
1060 288.7950744628906 1060
1061 288.7977294921875 1061
1062 288.80029296875 1062
1063 288.8027954101562 1063
1064 288.8052062988281 1064
1065 288.8075256347656 1065
1066 288.8097839355469 1066
1067 288.8119812011719 1067
1068 288.8140869140625 1068
1069 288.8161010742188 1069
1070 288.8180541992188 1070
1071 288.8199157714844 1071
1072 288.8216857910156 1072
1073 288.8233947753906 1073
1074 288.8250122070312 1074
1075 288.8265380859375 1075
1076 288.8280029296875 1076
1077 288.829345703125 1077
1078 288.8306579589844 1078
1079 288.8318481445312 1079
1080 288.8329467773438 1080
1081 288.8340148925781 1081
1082 288.8349609375 1082
1083 288.8358154296875 1083
1084 288.8366088867188 1084
1085 288.8373107910156 1085
1086 288.8379211425781 1086
1087 288.8384399414062 1087
1088 288.8388977050781 1088
1089 288.8392333984375 1089
1090 288.8394775390625 1090
1091 288.8396606445312 1091
1092 288.8397827148438 1092
1093 288.8397827148438 1093
1094 288.8396606445312 1094
1095 288.8395080566406 1095
1096 288.8392333984375 1096
1097 288.8388977050781 1097
1098 288.8384399414062 1098
1099 288.8379211425781 1099
1100 288.8373107910156 1100
1101 288.8366088867188 1101
1102 288.8358154296875 1102
1103 288.8349304199219 1103
1104 288.8339538574219 1104
1105 288.8328857421875 1105
1106 288.8317260742188 1106
1107 288.8305053710938 1107
1108 288.8291625976562 1108
1109 288.8277587890625 1109
1110 288.8262634277344 1110
1111 288.8246765136719 1111
1112 288.822998046875 1112
1113 288.8212585449219 1113
1114 288.8194274902344 1114
1115 288.8175048828125 1115
1116 288.8154907226562 1116
1117 288.8134460449219 1117
1118 288.811279296875 1118
1119 288.8090515136719 1119
1120 288.8067626953125 1120
1121 288.8043823242188 1121
1122 288.8019409179688 1122
1123 288.7994689941406 1123
1124 288.796875 1124
1125 288.7942810058594 1125
1126 288.7915954589844 1126
1127 288.7888488769531 1127
1128 288.7860717773438 1128
1129 288.7832336425781 1129
1130 288.7803955078125 1130
1131 288.7774658203125 1131
1132 288.7745361328125 1132
1133 288.7715454101562 1133
1134 288.7685546875 1134
1135 288.7655334472656 1135
1136 288.7624816894531 1136
1137 288.7594604492188 1137
1138 288.7563781738281 1138
1139 288.7532958984375 1139
1140 288.750244140625 1140
1141 288.7471923828125 1141
1142 288.744140625 1142
1143 288.7411193847656 1143
1144 288.7380981445312 1144
1145 288.735107421875 1145
1146 288.7321472167969 1146
1147 288.7292175292969 1147
1148 288.726318359375 1148
1149 288.7234497070312 1149
1150 288.7206420898438 1150
1151 288.7178955078125 1151
1152 288.7152099609375 1152
1153 288.7125549316406 1153
1154 288.7099609375 1154
1155 288.7074584960938 1155
1156 288.7050170898438 1156
1157 288.7026672363281 1157
1158 288.7003479003906 1158
1159 288.6981506347656 1159
1160 288.6960144042969 1160
1161 288.6939697265625 1161
1162 288.6920166015625 1162
1163 288.690185546875 1163
1164 288.6884155273438 1164
1165 288.6867370605469 1165
1166 288.6851806640625 1166
1167 288.6836853027344 1167
1168 288.6823120117188 1168
1169 288.6810607910156 1169
1170 288.679931640625 1170
1171 288.6788635253906 1171
1172 288.6779479980469 1172
1173 288.6770935058594 1173
1174 288.6763916015625 1174
1175 288.67578125 1175
1176 288.67529296875 1176
1177 288.6749267578125 1177
1178 288.6746826171875 1178
1179 288.6745300292969 1179
1180 288.6744995117188 1180
1181 288.6745910644531 1181
1182 288.6748046875 1182
1183 288.6751098632812 1183
1184 288.6755676269531 1184
1185 288.6761169433594 1185
1186 288.6767883300781 1186
1187 288.6775817871094 1187
1188 288.678466796875 1188
1189 288.6794738769531 1189
1190 288.6806030273438 1190
1191 288.6818542480469 1191
1192 288.6831665039062 1192
1193 288.6846313476562 1193
1194 288.6862182617188 1194
1195 288.6878967285156 1195
1196 288.6896667480469 1196
1197 288.6915588378906 1197
1198 288.6935424804688 1198
1199 288.6956787109375 1199
1200 288.6978759765625 1200
1201 288.7001647949219 1201
1202 288.7025756835938 1202
1203 288.705078125 1203
1204 288.7076416015625 1204
1205 288.7103576660156 1205
1206 288.713134765625 1206
1207 288.7160034179688 1207
1208 288.7189636230469 1208
1209 288.7220153808594 1209
1210 288.7251586914062 1210
1211 288.7283935546875 1211
1212 288.731689453125 1212
1213 288.735107421875 1213
1214 288.7385559082031 1214
1215 288.7420959472656 1215
1216 288.7457275390625 1216
1217 288.7493896484375 1217
1218 288.753173828125 1218
1219 288.7570190429688 1219
1220 288.7608947753906 1220
1221 288.7648620605469 1221
1222 288.7688903808594 1222
1223 288.7729797363281 1223
1224 288.7771301269531 1224
1225 288.7813415527344 1225
1226 288.7856140136719 1226
1227 288.7899475097656 1227
1228 288.7943115234375 1228
1229 288.7987060546875 1229
1230 288.8031921386719 1230
1231 288.8077087402344 1231
1232 288.8122863769531 1232
1233 288.81689453125 1233
1234 288.8215026855469 1234
1235 288.8262023925781 1235
1236 288.8309326171875 1236
1237 288.835693359375 1237
1238 288.8404541015625 1238
1239 288.8452758789062 1239
1240 288.8501281738281 1240
1241 288.85498046875 1241
1242 288.8599243164062 1242
1243 288.8648376464844 1243
1244 288.8697814941406 1244
1245 288.874755859375 1245
1246 288.8797302246094 1246
1247 288.8847351074219 1247
1248 288.8897705078125 1248
1249 288.894775390625 1249
1250 288.8998107910156 1250
1251 288.9048767089844 1251
1252 288.9099426269531 1252
1253 288.9150085449219 1253
1254 288.9200744628906 1254
1255 288.9251403808594 1255
1256 288.9302062988281 1256
1257 288.935302734375 1257
1258 288.9403686523438 1258
1259 288.9454345703125 1259
1260 288.9505004882812 1260
1261 288.95556640625 1261
1262 288.9606018066406 1262
1263 288.9656372070312 1263
1264 288.9706726074219 1264
1265 288.9757080078125 1265
1266 288.980712890625 1266
1267 288.9856872558594 1267
1268 288.9906616210938 1268
1269 288.99560546875 1269
1270 289.0005493164062 1270
1271 289.0054321289062 1271
1272 289.0103454589844 1272
1273 289.0151977539062 1273
1274 289.0200500488281 1274
1275 289.0248718261719 1275
1276 289.0296630859375 1276
1277 289.034423828125 1277
1278 289.0391540527344 1278
1279 289.0438232421875 1279
1280 289.0484924316406 1280
1281 289.0531311035156 1281
1282 289.0577392578125 1282
1283 289.0622863769531 1283
1284 289.0668334960938 1284
1285 289.0713195800781 1285
1286 289.0757446289062 1286
1287 289.0801391601562 1287
1288 289.0845031738281 1288
1289 289.0888366699219 1289
1290 289.0931091308594 1290
1291 289.0973510742188 1291
1292 289.1015625 1292
1293 289.1056823730469 1293
1294 289.1098022460938 1294
1295 289.1138000488281 1295
1296 289.1177978515625 1296
1297 289.1217346191406 1297
1298 289.1256408691406 1298
1299 289.1294555664062 1299
1300 289.1332702636719 1300
1301 289.1369934082031 1301
1302 289.1406860351562 1302
1303 289.144287109375 1303
1304 289.1478576660156 1304
1305 289.1513671875 1305
1306 289.1548156738281 1306
1307 289.158203125 1307
1308 289.1615295410156 1308
1309 289.164794921875 1309
1310 289.1679992675781 1310
1311 289.171142578125 1311
1312 289.1742248535156 1312
1313 289.17724609375 1313
1314 289.18017578125 1314
1315 289.1830749511719 1315
1316 289.1859130859375 1316
1317 289.1886596679688 1317
1318 289.1913452148438 1318
1319 289.1939697265625 1319
1320 289.1965026855469 1320
1321 289.198974609375 1321
1322 289.2013854980469 1322
1323 289.2037353515625 1323
1324 289.2059936523438 1324
1325 289.2082214355469 1325
1326 289.2103271484375 1326
1327 289.21240234375 1327
1328 289.21435546875 1328
1329 289.2162780761719 1329
1330 289.2181091308594 1330
1331 289.2198486328125 1331
1332 289.2215576171875 1332
1333 289.2231750488281 1333
1334 289.2246704101562 1334
1335 289.2261352539062 1335
1336 289.2274780273438 1336
1337 289.2288208007812 1337
1338 289.2300109863281 1338
1339 289.2311401367188 1339
1340 289.2322082519531 1340
1341 289.2331848144531 1341
1342 289.2341003417969 1342
1343 289.2348937988281 1343
1344 289.2356567382812 1344
1345 289.236328125 1345
1346 289.2368774414062 1346
1347 289.2373962402344 1347
1348 289.23779296875 1348
1349 289.2381286621094 1349
1350 289.2384033203125 1350
1351 289.238525390625 1351
1352 289.2386169433594 1352
1353 289.2386169433594 1353
1354 289.238525390625 1354
1355 289.2383422851562 1355
1356 289.2380981445312 1356
1357 289.2377624511719 1357
1358 289.2373046875 1358
1359 289.23681640625 1359
1360 289.2362060546875 1360
1361 289.2355346679688 1361
1362 289.2347412109375 1362
1363 289.23388671875 1363
1364 289.2329406738281 1364
1365 289.2319030761719 1365
1366 289.2307739257812 1366
1367 289.2295532226562 1367
1368 289.228271484375 1368
1369 289.2268676757812 1369
1370 289.2254028320312 1370
1371 289.2238159179688 1371
1372 289.22216796875 1372
1373 289.2204284667969 1373
1374 289.2185974121094 1374
1375 289.2167358398438 1375
1376 289.2146911621094 1376
1377 289.2125854492188 1377
1378 289.21044921875 1378
1379 289.2081909179688 1379
1380 289.2058410644531 1380
1381 289.2034301757812 1381
1382 289.200927734375 1382
1383 289.1983337402344 1383
1384 289.1956787109375 1384
1385 289.1929016113281 1385
1386 289.1900939941406 1386
1387 289.1871948242188 1387
1388 289.1842041015625 1388
1389 289.1811828613281 1389
1390 289.1780395507812 1390
1391 289.1748657226562 1391
1392 289.171630859375 1392
1393 289.1683044433594 1393
1394 289.1649780273438 1394
1395 289.1615295410156 1395
1396 289.1580810546875 1396
1397 289.154541015625 1397
1398 289.1509704589844 1398
1399 289.1473999023438 1399
1400 289.1437377929688 1400
1401 289.1400451660156 1401
1402 289.1363525390625 1402
1403 289.1326293945312 1403
1404 289.1288757324219 1404
1405 289.1251220703125 1405
1406 289.121337890625 1406
1407 289.1175537109375 1407
1408 289.11376953125 1408
1409 289.1099548339844 1409
1410 289.1061706542969 1410
1411 289.1024169921875 1411
1412 289.0986633300781 1412
1413 289.0949401855469 1413
1414 289.0912170410156 1414
1415 289.0875244140625 1415
1416 289.0838928222656 1416
1417 289.0802917480469 1417
1418 289.0767211914062 1418
1419 289.0732421875 1419
1420 289.0697631835938 1420
1421 289.0663452148438 1421
1422 289.0630187988281 1422
1423 289.0597229003906 1423
1424 289.0565185546875 1424
1425 289.0533752441406 1425
1426 289.0503234863281 1426
1427 289.0473327636719 1427
1428 289.0444030761719 1428
1429 289.0416259765625 1429
1430 289.0388793945312 1430
1431 289.0362243652344 1431
1432 289.03369140625 1432
1433 289.0312194824219 1433
1434 289.0288696289062 1434
1435 289.0266418457031 1435
1436 289.0244750976562 1436
1437 289.0224304199219 1437
1438 289.0204772949219 1438
1439 289.0186767578125 1439
1440 289.0169677734375 1440
1441 289.0153198242188 1441
1442 289.0138244628906 1442
1443 289.012451171875 1443
1444 289.0111694335938 1444
1445 289.0100402832031 1445
1446 289.0090026855469 1446
1447 289.0080871582031 1447
1448 289.0072631835938 1448
1449 289.006591796875 1449
1450 289.0060424804688 1450
1451 289.0055541992188 1451
1452 289.0052490234375 1452
1453 289.0050659179688 1453
1454 289.0049438476562 1454
1455 289.0049743652344 1455
1456 289.0050964355469 1456
1457 289.00537109375 1457
1458 289.0057373046875 1458
1459 289.0062255859375 1459
1460 289.0068054199219 1460
1461 289.0075073242188 1461
1462 289.0083618164062 1462
1463 289.00927734375 1463
1464 289.0103149414062 1464
1465 289.0115051269531 1465
1466 289.0127563476562 1466
1467 289.0141296386719 1467
1468 289.0155944824219 1468
1469 289.0171813964844 1469
1470 289.0188598632812 1470
1471 289.0206298828125 1471
1472 289.0225219726562 1472
1473 289.0245056152344 1473
1474 289.0265808105469 1474
1475 289.0287475585938 1475
1476 289.031005859375 1476
1477 289.0333862304688 1477
1478 289.0357971191406 1478
1479 289.038330078125 1479
1480 289.0409545898438 1480
1481 289.0436401367188 1481
1482 289.0464477539062 1482
1483 289.04931640625 1483
1484 289.05224609375 1484
1485 289.0552673339844 1485
1486 289.0583801269531 1486
1487 289.0615234375 1487
1488 289.0647888183594 1488
1489 289.0680541992188 1489
1490 289.0714416503906 1490
1491 289.0748901367188 1491
1492 289.0783996582031 1492
1493 289.0819702148438 1493
1494 289.0855712890625 1494
1495 289.0892944335938 1495
1496 289.093017578125 1496
1497 289.0968017578125 1497
1498 289.1006469726562 1498
1499 289.1045227050781 1499
1500 289.1084594726562 1500
1501 289.1124572753906 1501
1502 289.1164855957031 1502
1503 289.1205749511719 1503
1504 289.1246643066406 1504
1505 289.1287841796875 1505
1506 289.1329956054688 1506
1507 289.13720703125 1507
1508 289.1414489746094 1508
1509 289.145751953125 1509
1510 289.1500549316406 1510
1511 289.1544189453125 1511
1512 289.1587524414062 1512
1513 289.1631469726562 1513
1514 289.1675415039062 1514
1515 289.1719665527344 1515
1516 289.1764221191406 1516
1517 289.180908203125 1517
1518 289.1853637695312 1518
1519 289.1898498535156 1519
1520 289.1943359375 1520
1521 289.1988525390625 1521
1522 289.203369140625 1522
1523 289.2078857421875 1523
1524 289.21240234375 1524
1525 289.2169494628906 1525
1526 289.2214965820312 1526
1527 289.2260131835938 1527
1528 289.2305297851562 1528
1529 289.2350463867188 1529
1530 289.2395629882812 1530
1531 289.2440795898438 1531
1532 289.2485961914062 1532
1533 289.2530822753906 1533
1534 289.257568359375 1534
1535 289.2620239257812 1535
1536 289.2664794921875 1536
1537 289.2709045410156 1537
1538 289.2753295898438 1538
1539 289.2797241210938 1539
1540 289.2841186523438 1540
1541 289.2884826660156 1541
1542 289.2928161621094 1542
1543 289.297119140625 1543
1544 289.3014221191406 1544
1545 289.3056945800781 1545
1546 289.3099365234375 1546
1547 289.3141174316406 1547
1548 289.3182983398438 1548
1549 289.3224487304688 1549
1550 289.3265380859375 1550
1551 289.3306274414062 1551
1552 289.3346557617188 1552
1553 289.3386840820312 1553
1554 289.3426513671875 1554
1555 289.3465576171875 1555
1556 289.3504638671875 1556
1557 289.3543090820312 1557
1558 289.3581237792969 1558
1559 289.3618774414062 1559
1560 289.3656005859375 1560
1561 289.3692626953125 1561
1562 289.3728942871094 1562
1563 289.3764953613281 1563
1564 289.3800354003906 1564
1565 289.3834838867188 1565
1566 289.3869323730469 1566
1567 289.3903198242188 1567
1568 289.3936767578125 1568
1569 289.3969421386719 1569
1570 289.4001770019531 1570
1571 289.4033508300781 1571
1572 289.4064331054688 1572
1573 289.4095153808594 1573
1574 289.4125366210938 1574
1575 289.4154663085938 1575
1576 289.4183654785156 1576
1577 289.4212036132812 1577
1578 289.4239807128906 1578
1579 289.4266967773438 1579
1580 289.4293212890625 1580
1581 289.4319458007812 1581
1582 289.4344482421875 1582
1583 289.4368896484375 1583
1584 289.4392700195312 1584
1585 289.4416198730469 1585
1586 289.4438781738281 1586
1587 289.4460754394531 1587
1588 289.4482116699219 1588
1589 289.4502563476562 1589
1590 289.4522705078125 1590
1591 289.4541931152344 1591
1592 289.4560546875 1592
1593 289.4578247070312 1593
1594 289.4595642089844 1594
1595 289.461181640625 1595
1596 289.4627685546875 1596
1597 289.4642333984375 1597
1598 289.4656982421875 1598
1599 289.467041015625 1599
1600 289.4683227539062 1600
1601 289.469482421875 1601
1602 289.4706420898438 1602
1603 289.4717102050781 1603
1604 289.47265625 1604
1605 289.4735717773438 1605
1606 289.4743957519531 1606
1607 289.47509765625 1607
1608 289.4757995605469 1608
1609 289.4763793945312 1609
1610 289.4768981933594 1610
1611 289.477294921875 1611
1612 289.4776611328125 1612
1613 289.4779357910156 1613
1614 289.4781494140625 1614
1615 289.4782104492188 1615
1616 289.4782409667969 1616
1617 289.4782104492188 1617
1618 289.4780578613281 1618
1619 289.4778442382812 1619
1620 289.4775390625 1620
1621 289.4771728515625 1621
1622 289.4766845703125 1622
1623 289.4761352539062 1623
1624 289.4755249023438 1624
1625 289.4747619628906 1625
1626 289.4739685058594 1626
1627 289.4730834960938 1627
1628 289.4721069335938 1628
1629 289.4710388183594 1629
1630 289.4699096679688 1630
1631 289.4686889648438 1631
1632 289.4673461914062 1632
1633 289.4659423828125 1633
1634 289.4644775390625 1634
1635 289.462890625 1635
1636 289.4612121582031 1636
1637 289.4594421386719 1637
1638 289.4576110839844 1638
1639 289.4556884765625 1639
1640 289.4536743164062 1640
1641 289.4515686035156 1641
1642 289.4493713378906 1642
1643 289.4470825195312 1643
1644 289.4447631835938 1644
1645 289.4422912597656 1645
1646 289.4397583007812 1646
1647 289.4371643066406 1647
1648 289.4344482421875 1648
1649 289.431640625 1649
1650 289.4287719726562 1650
1651 289.4258422851562 1651
1652 289.4227905273438 1652
1653 289.419677734375 1653
1654 289.41650390625 1654
1655 289.4132080078125 1655
1656 289.4098815917969 1656
1657 289.4064636230469 1657
1658 289.4029846191406 1658
1659 289.3994140625 1659
1660 289.3958129882812 1660
1661 289.3921203613281 1661
1662 289.3883972167969 1662
1663 289.3845825195312 1663
1664 289.3807373046875 1664
1665 289.3768310546875 1665
1666 289.3728637695312 1666
1667 289.3688659667969 1667
1668 289.3648071289062 1668
1669 289.3607482910156 1669
1670 289.3566284179688 1670
1671 289.3525085449219 1671
1672 289.3483581542969 1672
1673 289.3441772460938 1673
1674 289.3399658203125 1674
1675 289.3357543945312 1675
1676 289.33154296875 1676
1677 289.3273315429688 1677
1678 289.3231201171875 1678
1679 289.3189392089844 1679
1680 289.3147277832031 1680
1681 289.310546875 1681
1682 289.306396484375 1682
1683 289.3022766113281 1683
1684 289.2981872558594 1684
1685 289.2941284179688 1685
1686 289.2901000976562 1686
1687 289.2861328125 1687
1688 289.2821655273438 1688
1689 289.2783203125 1689
1690 289.2744750976562 1690
1691 289.2707214355469 1691
1692 289.2670288085938 1692
1693 289.263427734375 1693
1694 289.2598571777344 1694
1695 289.2563781738281 1695
1696 289.2529907226562 1696
1697 289.2496948242188 1697
1698 289.2464599609375 1698
1699 289.2432861328125 1699
1700 289.2402648925781 1700
1701 289.2373046875 1701
1702 289.2344665527344 1702
1703 289.231689453125 1703
1704 289.2290344238281 1704
1705 289.2265014648438 1705
1706 289.2240600585938 1706
1707 289.2217407226562 1707
1708 289.219482421875 1708
1709 289.2173767089844 1709
1710 289.2153930664062 1710
1711 289.2134704589844 1711
1712 289.2117004394531 1712
1713 289.2100524902344 1713
1714 289.20849609375 1714
1715 289.2070922851562 1715
1716 289.2057495117188 1716
1717 289.20458984375 1717
1718 289.2034912109375 1718
1719 289.2025756835938 1719
1720 289.2017211914062 1720
1721 289.2010192871094 1721
1722 289.2004089355469 1722
1723 289.1999206542969 1723
1724 289.1995849609375 1724
1725 289.1993408203125 1725
1726 289.19921875 1726
1727 289.19921875 1727
1728 289.1993103027344 1728
1729 289.1995239257812 1729
1730 289.1998596191406 1730
1731 289.2003173828125 1731
1732 289.2008666992188 1732
1733 289.2015686035156 1733
1734 289.2023315429688 1734
1735 289.2032470703125 1735
1736 289.2042236328125 1736
1737 289.205322265625 1737
1738 289.20654296875 1738
1739 289.2078552246094 1739
1740 289.2092590332031 1740
1741 289.2107849121094 1741
1742 289.21240234375 1742
1743 289.214111328125 1743
1744 289.2159118652344 1744
1745 289.2178344726562 1745
1746 289.2198181152344 1746
1747 289.2218933105469 1747
1748 289.2240905761719 1748
1749 289.2263488769531 1749
1750 289.2286987304688 1750
1751 289.2311096191406 1751
1752 289.2336120605469 1752
1753 289.2362060546875 1753
1754 289.2388610839844 1754
1755 289.2416381835938 1755
1756 289.2444458007812 1756
1757 289.247314453125 1757
1758 289.2503051757812 1758
1759 289.2533264160156 1759
1760 289.2564086914062 1760
1761 289.2595520019531 1761
1762 289.2627563476562 1762
1763 289.2660522460938 1763
1764 289.2693786621094 1764
1765 289.2727966308594 1765
1766 289.2762145996094 1766
1767 289.2797241210938 1767
1768 289.2832641601562 1768
1769 289.2868957519531 1769
1770 289.29052734375 1770
1771 289.294189453125 1771
1772 289.2979736328125 1772
1773 289.3016967773438 1773
1774 289.3055114746094 1774
1775 289.3093872070312 1775
1776 289.3132629394531 1776
1777 289.3171997070312 1777
1778 289.3211364746094 1778
1779 289.3250732421875 1779
1780 289.3291015625 1780
1781 289.3331298828125 1781
1782 289.3371887207031 1782
1783 289.3412780761719 1783
1784 289.3453369140625 1784
1785 289.3494873046875 1785
1786 289.3536071777344 1786
1787 289.3577575683594 1787
1788 289.3619079589844 1788
1789 289.3660888671875 1789
1790 289.3702697753906 1790
1791 289.3744506835938 1791
1792 289.378662109375 1792
1793 289.3828735351562 1793
1794 289.3870849609375 1794
1795 289.3912658691406 1795
1796 289.3954772949219 1796
1797 289.399658203125 1797
1798 289.4038696289062 1798
1799 289.4080810546875 1799
1800 289.4122619628906 1800
1801 289.4164428710938 1801
1802 289.4206237792969 1802
1803 289.4247741699219 1803
1804 289.4289245605469 1804
1805 289.4330749511719 1805
1806 289.4371948242188 1806
1807 289.4412841796875 1807
1808 289.4453735351562 1808
1809 289.4494323730469 1809
1810 289.4534912109375 1810
1811 289.45751953125 1811
1812 289.4614868164062 1812
1813 289.4654846191406 1813
1814 289.4694519042969 1814
1815 289.4733581542969 1815
1816 289.4772644042969 1816
1817 289.4811096191406 1817
1818 289.4849853515625 1818
1819 289.48876953125 1819
1820 289.4925537109375 1820
1821 289.4962463378906 1821
1822 289.4999694824219 1822
1823 289.5036315917969 1823
1824 289.5072326660156 1824
1825 289.5108032226562 1825
1826 289.5143737792969 1826
1827 289.5178833007812 1827
1828 289.5213317871094 1828
1829 289.5247497558594 1829
1830 289.5281372070312 1830
1831 289.5314331054688 1831
1832 289.5347595214844 1832
1833 289.5379638671875 1833
1834 289.5411376953125 1834
1835 289.5443115234375 1835
1836 289.5473937988281 1836
1837 289.5504150390625 1837
1838 289.5534057617188 1838
1839 289.5563354492188 1839
1840 289.5592041015625 1840
1841 289.5620422363281 1841
1842 289.5647888183594 1842
1843 289.5675048828125 1843
1844 289.5701599121094 1844
1845 289.57275390625 1845
1846 289.5752868652344 1846
1847 289.5777587890625 1847
1848 289.5802001953125 1848
1849 289.58251953125 1849
1850 289.5848388671875 1850
1851 289.5870666503906 1851
1852 289.5892333984375 1852
1853 289.5913391113281 1853
1854 289.5933532714844 1854
1855 289.5953369140625 1855
1856 289.5972595214844 1856
1857 289.5990905761719 1857
1858 289.6008605957031 1858
1859 289.6025695800781 1859
1860 289.6042175292969 1860
1861 289.6057739257812 1861
1862 289.6072692871094 1862
1863 289.6087036132812 1863
1864 289.6100463867188 1864
1865 289.611328125 1865
1866 289.612548828125 1866
1867 289.6136779785156 1867
1868 289.61474609375 1868
1869 289.6157531738281 1869
1870 289.6166687011719 1870
1871 289.6174926757812 1871
1872 289.6182861328125 1872
1873 289.6189575195312 1873
1874 289.6195983886719 1874
1875 289.6201171875 1875
1876 289.62060546875 1876
1877 289.6209716796875 1877
1878 289.6212768554688 1878
1879 289.6215209960938 1879
1880 289.6216735839844 1880
1881 289.6217346191406 1881
1882 289.6217346191406 1882
1883 289.6216430664062 1883
1884 289.6214904785156 1884
1885 289.6212158203125 1885
1886 289.6209106445312 1886
1887 289.6204833984375 1887
1888 289.6199951171875 1888
1889 289.619384765625 1889
1890 289.6187438964844 1890
1891 289.6179809570312 1891
1892 289.6171569824219 1892
1893 289.6162719726562 1893
1894 289.6152648925781 1894
1895 289.6141967773438 1895
1896 289.613037109375 1896
1897 289.6117553710938 1897
1898 289.6104431152344 1898
1899 289.6090393066406 1899
1900 289.6075134277344 1900
1901 289.60595703125 1901
1902 289.604248046875 1902
1903 289.6025085449219 1903
1904 289.6006469726562 1904
1905 289.5987243652344 1905
1906 289.5967102050781 1906
1907 289.5945739746094 1907
1908 289.5924072265625 1908
1909 289.5901184082031 1909
1910 289.5877685546875 1910
1911 289.5852966308594 1911
1912 289.582763671875 1912
1913 289.5801391601562 1913
1914 289.577392578125 1914
1915 289.5746154785156 1915
1916 289.5717468261719 1916
1917 289.5687866210938 1917
1918 289.5657348632812 1918
1919 289.5625915527344 1919
1920 289.5593872070312 1920
1921 289.5560607910156 1921
1922 289.5527038574219 1922
1923 289.5492553710938 1923
1924 289.5457153320312 1924
1925 289.5421142578125 1925
1926 289.5384521484375 1926
1927 289.5346984863281 1927
1928 289.5308837890625 1928
1929 289.5270080566406 1929
1930 289.5230712890625 1930
1931 289.5190734863281 1931
1932 289.5150146484375 1932
1933 289.5108947753906 1933
1934 289.5067138671875 1934
1935 289.5025329589844 1935
1936 289.498291015625 1936
1937 289.4939880371094 1937
1938 289.4896240234375 1938
1939 289.4852905273438 1939
1940 289.4808959960938 1940
1941 289.4764709472656 1941
1942 289.4720764160156 1942
1943 289.4676208496094 1943
1944 289.4631652832031 1944
1945 289.4586791992188 1945
1946 289.4542236328125 1946
1947 289.4497375488281 1947
1948 289.4452819824219 1948
1949 289.4408569335938 1949
1950 289.4364318847656 1950
1951 289.4320373535156 1951
1952 289.4276733398438 1952
1953 289.4233093261719 1953
1954 289.4190063476562 1954
1955 289.4147338867188 1955
1956 289.4105224609375 1956
1957 289.4063415527344 1957
1958 289.4022216796875 1958
1959 289.3981323242188 1959
1960 289.3941345214844 1960
1961 289.3902282714844 1961
1962 289.3863525390625 1962
1963 289.3825378417969 1963
1964 289.3788452148438 1964
1965 289.3751831054688 1965
1966 289.3716430664062 1966
1967 289.3681945800781 1967
1968 289.3648071289062 1968
1969 289.3615112304688 1969
1970 289.3583068847656 1970
1971 289.355224609375 1971
1972 289.3522338867188 1972
1973 289.3493347167969 1973
1974 289.3465576171875 1974
1975 289.3438720703125 1975
1976 289.34130859375 1976
1977 289.3388671875 1977
1978 289.3364868164062 1978
1979 289.3342895507812 1979
1980 289.3321533203125 1980
1981 289.3301391601562 1981
1982 289.3282470703125 1982
1983 289.3264770507812 1983
1984 289.3248291015625 1984
1985 289.3232727050781 1985
1986 289.3218688964844 1986
1987 289.320556640625 1987
1988 289.3193969726562 1988
1989 289.3183288574219 1989
1990 289.3173522949219 1990
1991 289.3165588378906 1991
1992 289.3158569335938 1992
1993 289.3152770996094 1993
1994 289.3147888183594 1994
1995 289.314453125 1995
1996 289.314208984375 1996
1997 289.3140869140625 1997
1998 289.3140869140625 1998
1999 289.314208984375 1999
2000 289.314453125 2000
2001 289.3147888183594 2001
2002 289.3152465820312 2002
2003 289.3157958984375 2003
2004 289.3164672851562 2004
2005 289.3172607421875 2005
2006 289.318115234375 2006
2007 289.3191223144531 2007
2008 289.3202514648438 2008
2009 289.3214416503906 2009
2010 289.32275390625 2010
2011 289.3241271972656 2011
2012 289.3256530761719 2012
2013 289.3272094726562 2013
2014 289.3289184570312 2014
2015 289.3306884765625 2015
2016 289.3325805664062 2016
2017 289.3345336914062 2017
2018 289.3365783691406 2018
2019 289.3386840820312 2019
2020 289.3409118652344 2020
2021 289.3432312011719 2021
2022 289.3455810546875 2022
2023 289.3480529785156 2023
2024 289.3505859375 2024
2025 289.3532104492188 2025
2026 289.3558959960938 2026
2027 289.358642578125 2027
2028 289.3614501953125 2028
2029 289.3643493652344 2029
2030 289.3673095703125 2030
2031 289.3703002929688 2031
2032 289.3733825683594 2032
2033 289.3765258789062 2033
2034 289.3796997070312 2034
2035 289.3829345703125 2035
2036 289.38623046875 2036
2037 289.3895874023438 2037
2038 289.3929748535156 2038
2039 289.3964233398438 2039
2040 289.39990234375 2040
2041 289.4034423828125 2041
2042 289.4070129394531 2042
2043 289.4106140136719 2043
2044 289.4142761230469 2044
2045 289.41796875 2045
2046 289.4216613769531 2046
2047 289.4254150390625 2047
2048 289.42919921875 2048
2049 289.4330139160156 2049
2050 289.4368286132812 2050
2051 289.440673828125 2051
2052 289.444580078125 2052
2053 289.448486328125 2053
2054 289.452392578125 2054
2055 289.4563293457031 2055
2056 289.4602966308594 2056
2057 289.4642639160156 2057
2058 289.4682312011719 2058
2059 289.4722290039062 2059
2060 289.4761962890625 2060
2061 289.480224609375 2061
2062 289.4842224121094 2062
2063 289.4882507324219 2063
2064 289.4922485351562 2064
2065 289.4962768554688 2065
2066 289.5002746582031 2066
2067 289.5043029785156 2067
2068 289.50830078125 2068
2069 289.5122985839844 2069
2070 289.5162963867188 2070
2071 289.520263671875 2071
2072 289.5242614746094 2072
2073 289.5281982421875 2073
2074 289.5321350097656 2074
2075 289.5361022949219 2075
2076 289.5400085449219 2076
2077 289.5439147949219 2077
2078 289.5477905273438 2078
2079 289.5516357421875 2079
2080 289.5554809570312 2080
2081 289.5592956542969 2081
2082 289.5630798339844 2082
2083 289.5668640136719 2083
2084 289.5706176757812 2084
2085 289.5743103027344 2085
2086 289.5780029296875 2086
2087 289.5816650390625 2087
2088 289.5852661132812 2088
2089 289.5888366699219 2089
2090 289.5924072265625 2090
2091 289.5959167480469 2091
2092 289.5993957519531 2092
2093 289.6028442382812 2093
2094 289.6062316894531 2094
2095 289.609619140625 2095
2096 289.6129150390625 2096
2097 289.6162109375 2097
2098 289.6194458007812 2098
2099 289.6226196289062 2099
2100 289.6257934570312 2100
2101 289.6288757324219 2101
2102 289.6319580078125 2102
2103 289.6349487304688 2103
2104 289.6379089355469 2104
2105 289.6408386230469 2105
2106 289.6436767578125 2106
2107 289.646484375 2107
2108 289.6492309570312 2108
2109 289.6519165039062 2109
2110 289.6545715332031 2110
2111 289.6571655273438 2111
2112 289.6596984863281 2112
2113 289.6622009277344 2113
2114 289.6646118164062 2114
2115 289.6669616699219 2115
2116 289.6692504882812 2116
2117 289.6715087890625 2117
2118 289.6736755371094 2118
2119 289.6758422851562 2119
2120 289.6778564453125 2120
2121 289.6798400878906 2121
2122 289.6817932128906 2122
2123 289.6836547851562 2123
2124 289.6854553222656 2124
2125 289.6871948242188 2125
2126 289.6888427734375 2126
2127 289.6904602050781 2127
2128 289.6919860839844 2128
2129 289.6934814453125 2129
2130 289.6948547363281 2130
2131 289.6961975097656 2131
2132 289.6974487304688 2132
2133 289.6986389160156 2133
2134 289.6997680664062 2134
2135 289.7008056640625 2135
2136 289.7017517089844 2136
2137 289.7026672363281 2137
2138 289.7034912109375 2138
2139 289.7042236328125 2139
2140 289.7049255371094 2140
2141 289.7055053710938 2141
2142 289.7060546875 2142
2143 289.7064819335938 2143
2144 289.7068786621094 2144
2145 289.7071533203125 2145
2146 289.7073974609375 2146
2147 289.70751953125 2147
2148 289.7075805664062 2148
2149 289.7075805664062 2149
2150 289.7074890136719 2150
2151 289.707275390625 2151
2152 289.70703125 2152
2153 289.7067260742188 2153
2154 289.706298828125 2154
2155 289.705810546875 2155
2156 289.7052001953125 2156
2157 289.70458984375 2157
2158 289.703857421875 2158
2159 289.7030029296875 2159
2160 289.7021179199219 2160
2161 289.7011108398438 2161
2162 289.7000427246094 2162
2163 289.6989135742188 2163
2164 289.6976623535156 2164
2165 289.6963500976562 2165
2166 289.6949157714844 2166
2167 289.6934509277344 2167
2168 289.6918334960938 2168
2169 289.690185546875 2169
2170 289.6884155273438 2170
2171 289.6866149902344 2171
2172 289.6846618652344 2172
2173 289.6826782226562 2173
2174 289.6806030273438 2174
2175 289.6784362792969 2175
2176 289.6761474609375 2176
2177 289.6737976074219 2177
2178 289.6713562011719 2178
2179 289.6688232421875 2179
2180 289.6662292480469 2180
2181 289.6635131835938 2181
2182 289.6607360839844 2182
2183 289.6578979492188 2183
2184 289.6549072265625 2184
2185 289.6518859863281 2185
2186 289.6487426757812 2186
2187 289.6455383300781 2187
2188 289.6422729492188 2188
2189 289.6388854980469 2189
2190 289.6354370117188 2190
2191 289.6318969726562 2191
2192 289.6282958984375 2192
2193 289.6246032714844 2193
2194 289.620849609375 2194
2195 289.6170654296875 2195
2196 289.6131286621094 2196
2197 289.6091918945312 2197
2198 289.6051635742188 2198
2199 289.60107421875 2199
2200 289.5968933105469 2200
2201 289.5927124023438 2201
2202 289.5884399414062 2202
2203 289.5841064453125 2203
2204 289.5797424316406 2204
2205 289.5753784179688 2205
2206 289.5709228515625 2206
2207 289.56640625 2207
2208 289.5619201660156 2208
2209 289.557373046875 2209
2210 289.5527954101562 2210
2211 289.5482177734375 2211
2212 289.5436096191406 2212
2213 289.5390319824219 2213
2214 289.534423828125 2214
2215 289.5298156738281 2215
2216 289.5251770019531 2216
2217 289.5205688476562 2217
2218 289.5159912109375 2218
2219 289.5114440917969 2219
2220 289.5068969726562 2220
2221 289.5023498535156 2221
2222 289.4978637695312 2222
2223 289.493408203125 2223
2224 289.4889831542969 2224
2225 289.4846496582031 2225
2226 289.4803161621094 2226
2227 289.4760437011719 2227
2228 289.4718322753906 2228
2229 289.4676818847656 2229
2230 289.4635925292969 2230
2231 289.4595947265625 2231
2232 289.4556579589844 2232
2233 289.4518127441406 2233
2234 289.4480285644531 2234
2235 289.4443359375 2235
2236 289.4407043457031 2236
2237 289.4372253417969 2237
2238 289.4337768554688 2238
2239 289.4304504394531 2239
2240 289.4271850585938 2240
2241 289.424072265625 2241
2242 289.4210510253906 2242
2243 289.4181213378906 2243
2244 289.415283203125 2244
2245 289.41259765625 2245
2246 289.4100036621094 2246
2247 289.4075012207031 2247
2248 289.4051208496094 2248
2249 289.4028930664062 2249
2250 289.4007568359375 2250
2251 289.398681640625 2251
2252 289.3967895507812 2252
2253 289.39501953125 2253
2254 289.393310546875 2254
2255 289.3917846679688 2255
2256 289.3903503417969 2256
2257 289.3890380859375 2257
2258 289.3878173828125 2258
2259 289.3867797851562 2259
2260 289.3858032226562 2260
2261 289.3849487304688 2261
2262 289.3842468261719 2262
2263 289.3836669921875 2263
2264 289.3831787109375 2264
2265 289.3828125 2265
2266 289.382568359375 2266
2267 289.3824157714844 2267
2268 289.3823852539062 2268
2269 289.3825073242188 2269
2270 289.3827209472656 2270
2271 289.3830261230469 2271
2272 289.3834838867188 2272
2273 289.3840026855469 2273
2274 289.3846740722656 2274
2275 289.3854064941406 2275
2276 289.3862915039062 2276
2277 289.3872680664062 2277
2278 289.3883056640625 2278
2279 289.3895263671875 2279
2280 289.3907775878906 2280
2281 289.3921203613281 2281
2282 289.3936157226562 2282
2283 289.3951416015625 2283
2284 289.3968200683594 2284
2285 289.3985900878906 2285
2286 289.400390625 2286
2287 289.4023132324219 2287
2288 289.4043273925781 2288
2289 289.4064331054688 2289
2290 289.4085693359375 2290
2291 289.4108276367188 2291
2292 289.4131774902344 2292
2293 289.4155883789062 2293
2294 289.4180908203125 2294
2295 289.420654296875 2295
2296 289.4232482910156 2296
2297 289.4259643554688 2297
2298 289.4287109375 2298
2299 289.4315490722656 2299
2300 289.4344177246094 2300
2301 289.4373779296875 2301
2302 289.4403991699219 2302
2303 289.4434814453125 2303
2304 289.4465942382812 2304
2305 289.4497680664062 2305
2306 289.4530029296875 2306
2307 289.4562683105469 2307
2308 289.4595947265625 2308
2309 289.4629516601562 2309
2310 289.4663696289062 2310
2311 289.4698181152344 2311
2312 289.4733276367188 2312
2313 289.4768371582031 2313
2314 289.4804077148438 2314
2315 289.4840087890625 2315
2316 289.4876708984375 2316
2317 289.4913024902344 2317
2318 289.4949951171875 2318
2319 289.4987182617188 2319
2320 289.50244140625 2320
2321 289.5062255859375 2321
2322 289.510009765625 2322
2323 289.5137939453125 2323
2324 289.5176391601562 2324
2325 289.5214538574219 2325
2326 289.5253295898438 2326
2327 289.5291442871094 2327
2328 289.5330200195312 2328
2329 289.5369262695312 2329
2330 289.5408325195312 2330
2331 289.5447387695312 2331
2332 289.548583984375 2332
2333 289.5525207519531 2333
2334 289.556396484375 2334
2335 289.560302734375 2335
2336 289.564208984375 2336
2337 289.5680847167969 2337
2338 289.5719604492188 2338
2339 289.5758666992188 2339
2340 289.5797424316406 2340
2341 289.5836181640625 2341
2342 289.5874633789062 2342
2343 289.5912780761719 2343
2344 289.5950927734375 2344
2345 289.5989074707031 2345
2346 289.6026916503906 2346
2347 289.6064758300781 2347
2348 289.6102294921875 2348
2349 289.6139526367188 2349
2350 289.6176452636719 2350
2351 289.621337890625 2351
2352 289.625 2352
2353 289.6286315917969 2353
2354 289.6322326660156 2354
2355 289.6358032226562 2355
2356 289.6393432617188 2356
2357 289.6428527832031 2357
2358 289.6463317871094 2358
2359 289.6497497558594 2359
2360 289.6531677246094 2360
2361 289.6565551757812 2361
2362 289.6598815917969 2362
2363 289.6631774902344 2363
2364 289.6664428710938 2364
2365 289.6696472167969 2365
2366 289.6728210449219 2366
2367 289.6759338378906 2367
2368 289.6790466308594 2368
2369 289.6820678710938 2369
2370 289.68505859375 2370
2371 289.6880187988281 2371
2372 289.69091796875 2372
2373 289.6937866210938 2373
2374 289.6965942382812 2374
2375 289.6993408203125 2375
2376 289.7020263671875 2376
2377 289.7046813964844 2377
2378 289.707275390625 2378
2379 289.7098388671875 2379
2380 289.7122802734375 2380
2381 289.7147216796875 2381
2382 289.7171020507812 2382
2383 289.7194213867188 2383
2384 289.7216796875 2384
2385 289.723876953125 2385
2386 289.7260131835938 2386
2387 289.7280883789062 2387
2388 289.7301025390625 2388
2389 289.7320556640625 2389
2390 289.7339782714844 2390
2391 289.7357788085938 2391
2392 289.737548828125 2392
2393 289.7392272949219 2393
2394 289.7408752441406 2394
2395 289.7424621582031 2395
2396 289.7439575195312 2396
2397 289.7453918457031 2397
2398 289.7467651367188 2398
2399 289.748046875 2399
2400 289.749267578125 2400
2401 289.7504272460938 2401
2402 289.7515258789062 2402
2403 289.7525329589844 2403
2404 289.7534484863281 2404
2405 289.7543334960938 2405
2406 289.755126953125 2406
2407 289.7558898925781 2407
2408 289.7565002441406 2408
2409 289.757080078125 2409
2410 289.7575988769531 2410
2411 289.7579956054688 2411
2412 289.7583618164062 2412
2413 289.7586669921875 2413
2414 289.7588500976562 2414
2415 289.7589721679688 2415
2416 289.7590026855469 2416
2417 289.7589721679688 2417
2418 289.7588500976562 2418
2419 289.7586669921875 2419
2420 289.7583923339844 2420
2421 289.758056640625 2421
2422 289.7576293945312 2422
2423 289.7571105957031 2423
2424 289.7565307617188 2424
2425 289.755859375 2425
2426 289.7550659179688 2426
2427 289.7542419433594 2427
2428 289.7533264160156 2428
2429 289.7523498535156 2429
2430 289.751220703125 2430
2431 289.7500610351562 2431
2432 289.7488403320312 2432
2433 289.7474975585938 2433
2434 289.7460632324219 2434
2435 289.7445678710938 2435
2436 289.7429809570312 2436
2437 289.7413024902344 2437
2438 289.7395629882812 2438
2439 289.7377014160156 2439
2440 289.7357788085938 2440
2441 289.7337646484375 2441
2442 289.7316589355469 2442
2443 289.7294616699219 2443
2444 289.7272033691406 2444
2445 289.724853515625 2445
2446 289.7223815917969 2446
2447 289.7198486328125 2447
2448 289.7172241210938 2448
2449 289.7145385742188 2449
2450 289.7117309570312 2450
2451 289.7088623046875 2451
2452 289.7059326171875 2452
2453 289.7028503417969 2453
2454 289.6997375488281 2454
2455 289.6965026855469 2455
2456 289.6932373046875 2456
2457 289.6898193359375 2457
2458 289.6863708496094 2458
2459 289.6828308105469 2459
2460 289.67919921875 2460
2461 289.6755065917969 2461
2462 289.6717224121094 2462
2463 289.6678771972656 2463
2464 289.6639709472656 2464
2465 289.6599731445312 2465
2466 289.6559143066406 2466
2467 289.6518249511719 2467
2468 289.6476440429688 2468
2469 289.6433715820312 2469
2470 289.6390686035156 2470
2471 289.6347351074219 2471
2472 289.6303100585938 2472
2473 289.6258850097656 2473
2474 289.6213684082031 2474
2475 289.6168212890625 2475
2476 289.6122741699219 2476
2477 289.607666015625 2477
2478 289.60302734375 2478
2479 289.598388671875 2479
2480 289.5937194824219 2480
2481 289.5890502929688 2481
2482 289.5843505859375 2482
2483 289.5796508789062 2483
2484 289.574951171875 2484
2485 289.5702514648438 2485
2486 289.5655517578125 2486
2487 289.5608825683594 2487
2488 289.5562438964844 2488
2489 289.5515747070312 2489
2490 289.5469665527344 2490
2491 289.5423889160156 2491
2492 289.5378723144531 2492
2493 289.5333557128906 2493
2494 289.5289001464844 2494
2495 289.5244750976562 2495
2496 289.5201416015625 2496
2497 289.515869140625 2497
2498 289.5115966796875 2498
2499 289.5074462890625 2499
2500 289.5033569335938 2500
