"point-e-rfile"
"Time Step" "point-e etc.."
("Time Step" "point-e" "flow-time")
0 283 0
1 283 1
2 283 2
3 283 3
4 283 4
5 283 5
6 283 6
7 283 7
8 283 8
9 283 9
10 283 10
11 283 11
12 283 12
13 283 13
14 283 14
15 283 15
16 283 16
17 283 17
18 283 18
19 283 19
20 283 20
21 283 21
22 283 22
23 283 23
24 283 24
25 283 25
26 283 26
27 283 27
28 283 28
29 283 29
30 283 30
31 283 31
32 283 32
33 283 33
34 283 34
35 283 35
36 283 36
37 283 37
38 283 38
39 283 39
40 283 40
41 283.0000305175781 41
42 283.0000305175781 42
43 283.0000305175781 43
44 283.0000305175781 44
45 283.0000610351562 45
46 283.0000915527344 46
47 283.0001220703125 47
48 283.0001220703125 48
49 283.0001525878906 49
50 283.0001525878906 50
51 283.0001831054688 51
52 283.000244140625 52
53 283.0003051757812 53
54 283.0003356933594 54
55 283.0003967285156 55
56 283.0004577636719 56
57 283.0005187988281 57
58 283.0006103515625 58
59 283.000732421875 59
60 283.0007934570312 60
61 283.0009460449219 61
62 283.0010375976562 62
63 283.001220703125 63
64 283.0013732910156 64
65 283.0015869140625 65
66 283.0018005371094 66
67 283.0019836425781 67
68 283.0022583007812 68
69 283.0025329589844 69
70 283.0028076171875 70
71 283.0031433105469 71
72 283.0034790039062 72
73 283.0038452148438 73
74 283.0042724609375 74
75 283.0047302246094 75
76 283.0052185058594 76
77 283.0057373046875 77
78 283.0063171386719 78
79 283.0069274902344 79
80 283.007568359375 80
81 283.0082702636719 81
82 283.0090026855469 82
83 283.0098266601562 83
84 283.0106811523438 84
85 283.0115661621094 85
86 283.0125427246094 86
87 283.0135803222656 87
88 283.0146484375 88
89 283.0158081054688 89
90 283.0170288085938 90
91 283.018310546875 91
92 283.0196533203125 92
93 283.0210876464844 93
94 283.0226135253906 94
95 283.0242004394531 95
96 283.0258483886719 96
97 283.027587890625 97
98 283.0293884277344 98
99 283.0313110351562 99
100 283.0332946777344 100
101 283.035400390625 101
102 283.0375671386719 102
103 283.0398559570312 103
104 283.042236328125 104
105 283.044677734375 105
106 283.0472717285156 106
107 283.0499267578125 107
108 283.0526733398438 108
109 283.0555419921875 109
110 283.0585327148438 110
111 283.0616149902344 111
112 283.0647888183594 112
113 283.0680847167969 113
114 283.0714721679688 114
115 283.0750122070312 115
116 283.0786437988281 116
117 283.0823974609375 117
118 283.0862121582031 118
119 283.0902404785156 119
120 283.0943298339844 120
121 283.0985107421875 121
122 283.1028442382812 122
123 283.1072998046875 123
124 283.1119079589844 124
125 283.1165771484375 125
126 283.1213989257812 126
127 283.1263122558594 127
128 283.1313781738281 128
129 283.1365356445312 129
130 283.1418762207031 130
131 283.1473083496094 131
132 283.1528625488281 132
133 283.1585388183594 133
134 283.164306640625 134
135 283.1702575683594 135
136 283.1763000488281 136
137 283.1824951171875 137
138 283.1887817382812 138
139 283.1952209472656 139
140 283.2017517089844 140
141 283.2084350585938 141
142 283.2152709960938 142
143 283.22216796875 143
144 283.2292175292969 144
145 283.2364196777344 145
146 283.2437133789062 146
147 283.2511291503906 147
148 283.2586669921875 148
149 283.2663269042969 149
150 283.2741088867188 150
151 283.2820129394531 151
152 283.2900085449219 152
153 283.2981567382812 153
154 283.3064270019531 154
155 283.3147888183594 155
156 283.3233032226562 156
157 283.3319091796875 157
158 283.3406372070312 158
159 283.3494567871094 159
160 283.3583984375 160
161 283.3674926757812 161
162 283.3766784667969 162
163 283.3859558105469 163
164 283.3953552246094 164
165 283.4048461914062 165
166 283.4144592285156 166
167 283.4241943359375 167
168 283.4340209960938 168
169 283.4439697265625 169
170 283.4539794921875 170
171 283.464111328125 171
172 283.474365234375 172
173 283.4847106933594 173
174 283.4951171875 174
175 283.5056762695312 175
176 283.5162963867188 176
177 283.5270385742188 177
178 283.537841796875 178
179 283.5487670898438 179
180 283.5597534179688 180
181 283.5708312988281 181
182 283.58203125 182
183 283.5932922363281 183
184 283.6046752929688 184
185 283.6160888671875 185
186 283.6276245117188 186
187 283.6392211914062 187
188 283.6509094238281 188
189 283.6626586914062 189
190 283.6745300292969 190
191 283.6864318847656 191
192 283.6984252929688 192
193 283.7105102539062 193
194 283.72265625 194
195 283.7348327636719 195
196 283.7471313476562 196
197 283.7594909667969 197
198 283.7719116210938 198
199 283.7843933105469 199
200 283.7969665527344 200
201 283.8095703125 201
202 283.8222351074219 202
203 283.8349914550781 203
204 283.8477783203125 204
205 283.860595703125 205
206 283.8735046386719 206
207 283.886474609375 207
208 283.8995056152344 208
209 283.9125671386719 209
210 283.9256896972656 210
211 283.9388427734375 211
212 283.9520568847656 212
213 283.9653015136719 213
214 283.9786376953125 214
215 283.9919738769531 215
216 284.00537109375 216
217 284.0187683105469 217
218 284.0322570800781 218
219 284.0457763671875 219
220 284.059326171875 220
221 284.0728759765625 221
222 284.0865478515625 222
223 284.1001586914062 223
224 284.1138305664062 224
225 284.1275634765625 225
226 284.1412963867188 226
227 284.1550598144531 227
228 284.1688537597656 228
229 284.1826782226562 229
230 284.196533203125 230
231 284.2103881835938 231
232 284.2243041992188 232
233 284.2381896972656 233
234 284.2521362304688 234
235 284.2660522460938 235
236 284.280029296875 236
237 284.2939758300781 237
238 284.3079833984375 238
239 284.3219909667969 239
240 284.3359985351562 240
241 284.3500061035156 241
242 284.3640441894531 242
243 284.3780822753906 243
244 284.3921508789062 244
245 284.4061889648438 245
246 284.4202575683594 246
247 284.434326171875 247
248 284.4483642578125 248
249 284.4624328613281 249
250 284.4765014648438 250
251 284.4905395507812 251
252 284.5046081542969 252
253 284.5186767578125 253
254 284.53271484375 254
255 284.5467834472656 255
256 284.5608215332031 256
257 284.5748291015625 257
258 284.5888671875 258
259 284.6028747558594 259
260 284.6168823242188 260
261 284.6308898925781 261
262 284.6448364257812 262
263 284.6588134765625 263
264 284.6727600097656 264
265 284.6866760253906 265
266 284.7005615234375 266
267 284.7144775390625 267
268 284.7283630371094 268
269 284.7422180175781 269
270 284.7560424804688 270
271 284.7698669433594 271
272 284.7836608886719 272
273 284.7974243164062 273
274 284.8111572265625 274
275 284.8248901367188 275
276 284.8385925292969 276
277 284.8522338867188 277
278 284.8658752441406 278
279 284.8794555664062 279
280 284.89306640625 280
281 284.9065856933594 281
282 284.9201049804688 282
283 284.9335632324219 283
284 284.947021484375 284
285 284.9604187011719 285
286 284.9738159179688 286
287 284.9871215820312 287
288 285.0004272460938 288
289 285.0137023925781 289
290 285.0269165039062 290
291 285.0401000976562 291
292 285.0532531738281 292
293 285.0663452148438 293
294 285.0794067382812 294
295 285.0924377441406 295
296 285.1053771972656 296
297 285.1183471679688 297
298 285.1311950683594 298
299 285.1440734863281 299
300 285.1568298339844 300
301 285.1695861816406 301
302 285.1822814941406 302
303 285.1949462890625 303
304 285.2075500488281 304
305 285.2200927734375 305
306 285.2326049804688 306
307 285.2450561523438 307
308 285.2574462890625 308
309 285.269775390625 309
310 285.2821044921875 310
311 285.2943420410156 311
312 285.3065490722656 312
313 285.3186645507812 313
314 285.3307495117188 314
315 285.3427734375 315
316 285.3547668457031 316
317 285.3666687011719 317
318 285.3785095214844 318
319 285.3903503417969 319
320 285.402099609375 320
321 285.4137878417969 321
322 285.4254455566406 322
323 285.43701171875 323
324 285.4485778808594 324
325 285.4600219726562 325
326 285.4714660644531 326
327 285.4828186035156 327
328 285.494140625 328
329 285.5054321289062 329
330 285.5166625976562 330
331 285.5278015136719 331
332 285.5389099121094 332
333 285.5499877929688 333
334 285.5609741210938 334
335 285.5719604492188 335
336 285.5828552246094 336
337 285.59375 337
338 285.6045227050781 338
339 285.6153259277344 339
340 285.6260986328125 340
341 285.6368103027344 341
342 285.6474304199219 342
343 285.6580810546875 343
344 285.6686706542969 344
345 285.67919921875 345
346 285.6897583007812 346
347 285.7002258300781 347
348 285.710693359375 348
349 285.7211303710938 349
350 285.7315063476562 350
351 285.7419128417969 351
352 285.7522888183594 352
353 285.7626342773438 353
354 285.77294921875 354
355 285.7832641601562 355
356 285.7935485839844 356
357 285.8038330078125 357
358 285.8141174316406 358
359 285.8244018554688 359
360 285.8346252441406 360
361 285.8449096679688 361
362 285.8551635742188 362
363 285.8654174804688 363
364 285.8757019042969 364
365 285.8859558105469 365
366 285.896240234375 366
367 285.906494140625 367
368 285.9168090820312 368
369 285.9270629882812 369
370 285.9374084472656 370
371 285.94775390625 371
372 285.9580993652344 372
373 285.968505859375 373
374 285.9789123535156 374
375 285.9893188476562 375
376 285.9997863769531 376
377 286.01025390625 377
378 286.020751953125 378
379 286.0313110351562 379
380 286.0418701171875 380
381 286.052490234375 381
382 286.0631103515625 382
383 286.0737915039062 383
384 286.0845336914062 384
385 286.0952758789062 385
386 286.1061096191406 386
387 286.116943359375 387
388 286.1278381347656 388
389 286.1387939453125 389
390 286.1497802734375 390
391 286.1607971191406 391
392 286.171875 392
393 286.1829833984375 393
394 286.1941833496094 394
395 286.2054138183594 395
396 286.2167053222656 396
397 286.22802734375 397
398 286.2394104003906 398
399 286.2508850097656 399
400 286.2623596191406 400
401 286.27392578125 401
402 286.2855529785156 402
403 286.2972412109375 403
404 286.3089599609375 404
405 286.3207397460938 405
406 286.3325805664062 406
407 286.344482421875 407
408 286.3564758300781 408
409 286.3684997558594 409
410 286.3805541992188 410
411 286.3927307128906 411
412 286.4049072265625 412
413 286.4172058105469 413
414 286.4295043945312 414
415 286.4419250488281 415
416 286.454345703125 416
417 286.4668579101562 417
418 286.4794311523438 418
419 286.4920349121094 419
420 286.5047302246094 420
421 286.5174865722656 421
422 286.5302734375 422
423 286.5431518554688 423
424 286.5560607910156 424
425 286.5690307617188 425
426 286.5820922851562 426
427 286.5951843261719 427
428 286.6083374023438 428
429 286.6215515136719 429
430 286.6348266601562 430
431 286.6481323242188 431
432 286.6614990234375 432
433 286.6749267578125 433
434 286.6884155273438 434
435 286.7019653320312 435
436 286.7155456542969 436
437 286.7291870117188 437
438 286.7428894042969 438
439 286.7566528320312 439
440 286.7704467773438 440
441 286.7842712402344 441
442 286.7981872558594 442
443 286.8121032714844 443
444 286.8261108398438 444
445 286.8401489257812 445
446 286.8542175292969 446
447 286.8683471679688 447
448 286.8825073242188 448
449 286.896728515625 449
450 286.9109497070312 450
451 286.92529296875 451
452 286.9396362304688 452
453 286.9540100097656 453
454 286.9684143066406 454
455 286.9828491210938 455
456 286.9973754882812 456
457 287.0118713378906 457
458 287.0264587402344 458
459 287.0410461425781 459
460 287.0556945800781 460
461 287.0703430175781 461
462 287.0850219726562 462
463 287.0997314453125 463
464 287.114501953125 464
465 287.1292724609375 465
466 287.1440734863281 466
467 287.1589050292969 467
468 287.1737670898438 468
469 287.1886596679688 469
470 287.2035522460938 470
471 287.218505859375 471
472 287.2334594726562 472
473 287.2484130859375 473
474 287.263427734375 474
475 287.2784423828125 475
476 287.29345703125 476
477 287.3084716796875 477
478 287.3235473632812 478
479 287.338623046875 479
480 287.3536987304688 480
481 287.3688049316406 481
482 287.3839111328125 482
483 287.3990478515625 483
484 287.4141540527344 484
485 287.4292907714844 485
486 287.4444274902344 486
487 287.4595642089844 487
488 287.4747619628906 488
489 287.4898986816406 489
490 287.5050659179688 490
491 287.5202026367188 491
492 287.535400390625 492
493 287.5505676269531 493
494 287.5657043457031 494
495 287.5808715820312 495
496 287.5960388183594 496
497 287.6112365722656 497
498 287.6263732910156 498
499 287.6414794921875 499
500 287.6566467285156 500
501 287.6717834472656 501
502 287.6869201660156 502
503 287.7020263671875 503
504 287.7171325683594 504
505 287.7322387695312 505
506 287.747314453125 506
507 287.7623596191406 507
508 287.7774353027344 508
509 287.79248046875 509
510 287.8074951171875 510
511 287.822509765625 511
512 287.8374633789062 512
513 287.8524475097656 513
514 287.8674011230469 514
515 287.8823547363281 515
516 287.8972473144531 516
517 287.9121398925781 517
518 287.927001953125 518
519 287.9418334960938 519
520 287.9566345214844 520
521 287.971435546875 521
522 287.9862060546875 522
523 288.0009460449219 523
524 288.0156555175781 524
525 288.0303344726562 525
526 288.0449829101562 526
527 288.0596008300781 527
528 288.0741882324219 528
529 288.0887145996094 529
530 288.1032409667969 530
531 288.1177368164062 531
532 288.1322021484375 532
533 288.1466064453125 533
534 288.1609802246094 534
535 288.17529296875 535
536 288.1896362304688 536
537 288.2038879394531 537
538 288.2181091308594 538
539 288.2322998046875 539
540 288.2464294433594 540
541 288.2605285644531 541
542 288.2746276855469 542
543 288.2886047363281 543
544 288.3025817871094 544
545 288.3165283203125 545
546 288.3303833007812 546
547 288.34423828125 547
548 288.3580322265625 548
549 288.3717651367188 549
550 288.3854675292969 550
551 288.3991088867188 551
552 288.4127197265625 552
553 288.42626953125 553
554 288.4397583007812 554
555 288.4532165527344 555
556 288.4665832519531 556
557 288.4799194335938 557
558 288.4932250976562 558
559 288.5064086914062 559
560 288.5196228027344 560
561 288.5327453613281 561
562 288.5457763671875 562
563 288.5588073730469 563
564 288.5717468261719 564
565 288.5846557617188 565
566 288.5975036621094 566
567 288.6102600097656 567
568 288.6229858398438 568
569 288.6356201171875 569
570 288.6482238769531 570
571 288.6607666015625 571
572 288.6732177734375 572
573 288.6856689453125 573
574 288.697998046875 574
575 288.7102661132812 575
576 288.7225036621094 576
577 288.7346496582031 577
578 288.7467346191406 578
579 288.7587585449219 579
580 288.770751953125 580
581 288.7826232910156 581
582 288.79443359375 582
583 288.8062133789062 583
584 288.8179016113281 584
585 288.8295288085938 585
586 288.8410949707031 586
587 288.8526306152344 587
588 288.8640441894531 588
589 288.8754272460938 589
590 288.88671875 590
591 288.89794921875 591
592 288.9091186523438 592
593 288.9202270507812 593
594 288.9312744140625 594
595 288.9422302246094 595
596 288.9531555175781 596
597 288.9639892578125 597
598 288.9747619628906 598
599 288.9855041503906 599
600 288.9961547851562 600
601 289.0067443847656 601
602 289.0172729492188 602
603 289.0277404785156 603
604 289.0381469726562 604
605 289.0485229492188 605
606 289.058837890625 606
607 289.069091796875 607
608 289.0792846679688 608
609 289.0894165039062 609
610 289.0995178222656 610
611 289.1095581054688 611
612 289.1195678710938 612
613 289.1295166015625 613
614 289.1394348144531 614
615 289.1492919921875 615
616 289.1591186523438 616
617 289.1688842773438 617
618 289.1786499023438 618
619 289.1883544921875 619
620 289.1980285644531 620
621 289.2077026367188 621
622 289.2173156738281 622
623 289.2268981933594 623
624 289.2364501953125 624
625 289.2460021972656 625
626 289.2555236816406 626
627 289.2650146484375 627
628 289.2745056152344 628
629 289.2839660644531 629
630 289.2934265136719 630
631 289.3028564453125 631
632 289.3123168945312 632
633 289.3217163085938 633
634 289.3311462402344 634
635 289.340576171875 635
636 289.3499755859375 636
637 289.3594055175781 637
638 289.3688354492188 638
639 289.3782653808594 639
640 289.3876953125 640
641 289.3971252441406 641
642 289.4065856933594 642
643 289.4160766601562 643
644 289.425537109375 644
645 289.43505859375 645
646 289.4445495605469 646
647 289.4541320800781 647
648 289.4636535644531 648
649 289.4732666015625 649
650 289.4828491210938 650
651 289.4924926757812 651
652 289.5021667480469 652
653 289.5118408203125 653
654 289.5215759277344 654
655 289.5313110351562 655
656 289.5411071777344 656
657 289.5509033203125 657
658 289.560791015625 658
659 289.5706787109375 659
660 289.5806274414062 660
661 289.5906066894531 661
662 289.6006164550781 662
663 289.6106567382812 663
664 289.6207580566406 664
665 289.6309204101562 665
666 289.6410827636719 666
667 289.6513061523438 667
668 289.6615905761719 668
669 289.6719360351562 669
670 289.6822814941406 670
671 289.6926879882812 671
672 289.7031555175781 672
673 289.7136535644531 673
674 289.7242431640625 674
675 289.7348327636719 675
676 289.7455139160156 676
677 289.7562255859375 677
678 289.7669982910156 678
679 289.7777709960938 679
680 289.7886657714844 680
681 289.7995910644531 681
682 289.810546875 682
683 289.8215637207031 683
684 289.8326416015625 684
685 289.84375 685
686 289.8549499511719 686
687 289.8661804199219 687
688 289.8774719238281 688
689 289.8887939453125 689
690 289.9001770019531 690
691 289.91162109375 691
692 289.923095703125 692
693 289.9346313476562 693
694 289.9462280273438 694
695 289.9578552246094 695
696 289.9695434570312 696
697 289.9812622070312 697
698 289.9930725097656 698
699 290.0048828125 699
700 290.0167846679688 700
701 290.0286865234375 701
702 290.0406799316406 702
703 290.0527038574219 703
704 290.0647583007812 704
705 290.076904296875 705
706 290.0890502929688 706
707 290.1012573242188 707
708 290.113525390625 708
709 290.1257934570312 709
710 290.1381225585938 710
711 290.1505126953125 711
712 290.1629333496094 712
713 290.1754150390625 713
714 290.1878967285156 714
715 290.200439453125 715
716 290.2130126953125 716
717 290.2256164550781 717
718 290.23828125 718
719 290.2509765625 719
720 290.2637023925781 720
721 290.2764587402344 721
722 290.2892456054688 722
723 290.3020629882812 723
724 290.31494140625 724
725 290.3277893066406 725
726 290.3407592773438 726
727 290.3536987304688 727
728 290.3666687011719 728
729 290.3796691894531 729
730 290.3927001953125 730
731 290.40576171875 731
732 290.4188537597656 732
733 290.4319763183594 733
734 290.445068359375 734
735 290.458251953125 735
736 290.471435546875 736
737 290.484619140625 737
738 290.497802734375 738
739 290.5110778808594 739
740 290.5243225097656 740
741 290.53759765625 741
742 290.5508422851562 742
743 290.5641784667969 743
744 290.5774841308594 744
745 290.5907897949219 745
746 290.6041259765625 746
747 290.6174926757812 747
748 290.6308288574219 748
749 290.6442260742188 749
750 290.6575622558594 750
751 290.6709594726562 751
752 290.6843566894531 752
753 290.69775390625 753
754 290.7111511230469 754
755 290.7245788574219 755
756 290.7379760742188 756
757 290.7513732910156 757
758 290.7647705078125 758
759 290.7781677246094 759
760 290.7915954589844 760
761 290.8049926757812 761
762 290.8183898925781 762
763 290.831787109375 763
764 290.8451843261719 764
765 290.8585815429688 765
766 290.8719482421875 766
767 290.8853454589844 767
768 290.898681640625 768
769 290.9120483398438 769
770 290.9253845214844 770
771 290.938720703125 771
772 290.9520568847656 772
773 290.9653625488281 773
774 290.9786376953125 774
775 290.9919128417969 775
776 291.0051879882812 776
777 291.0184631347656 777
778 291.0316772460938 778
779 291.0448608398438 779
780 291.0580444335938 780
781 291.0712280273438 781
782 291.0843811035156 782
783 291.0975036621094 783
784 291.110595703125 784
785 291.1236877441406 785
786 291.1367492675781 786
787 291.1497802734375 787
788 291.1627807617188 788
789 291.1757507324219 789
790 291.188720703125 790
791 291.2016296386719 791
792 291.2145385742188 792
793 291.2273864746094 793
794 291.2402038574219 794
795 291.2530212402344 795
796 291.2658081054688 796
797 291.2785339355469 797
798 291.2912292480469 798
799 291.3038940429688 799
800 291.3164978027344 800
801 291.3291015625 801
802 291.3416748046875 802
803 291.3541870117188 803
804 291.3666381835938 804
805 291.3790893554688 805
806 291.3914794921875 806
807 291.4038391113281 807
808 291.4161987304688 808
809 291.4284362792969 809
810 291.440673828125 810
811 291.4528503417969 811
812 291.4649963378906 812
813 291.4771118164062 813
814 291.4891662597656 814
815 291.5011596679688 815
816 291.5131225585938 816
817 291.5250244140625 817
818 291.536865234375 818
819 291.5487060546875 819
820 291.5604553222656 820
821 291.5721740722656 821
822 291.5838317871094 822
823 291.595458984375 823
824 291.6069946289062 824
825 291.6184692382812 825
826 291.6299438476562 826
827 291.641357421875 827
828 291.6526794433594 828
829 291.6640014648438 829
830 291.6752014160156 830
831 291.6863708496094 831
832 291.6974792480469 832
833 291.7085571289062 833
834 291.7195434570312 834
835 291.7304992675781 835
836 291.7413635253906 836
837 291.7521667480469 837
838 291.762939453125 838
839 291.7736206054688 839
840 291.7842712402344 840
841 291.7948303222656 841
842 291.8053283691406 842
843 291.8157958984375 843
844 291.8262023925781 844
845 291.8365173339844 845
846 291.8467407226562 846
847 291.85693359375 847
848 291.8670654296875 848
849 291.8771362304688 849
850 291.8871154785156 850
851 291.8970642089844 851
852 291.9069213867188 852
853 291.9166870117188 853
854 291.9264221191406 854
855 291.9360961914062 855
856 291.9456787109375 856
857 291.9552307128906 857
858 291.9646911621094 858
859 291.9740600585938 859
860 291.9833984375 860
861 291.99267578125 861
862 292.0018310546875 862
863 292.010986328125 863
864 292.0200500488281 864
865 292.029052734375 865
866 292.0379638671875 866
867 292.046875 867
868 292.0556640625 868
869 292.0644226074219 869
870 292.0731201171875 870
871 292.0817260742188 871
872 292.0903015136719 872
873 292.0988159179688 873
874 292.1072387695312 874
875 292.1156616210938 875
876 292.1239929199219 876
877 292.1322937011719 877
878 292.1405029296875 878
879 292.148681640625 879
880 292.1568298339844 880
881 292.1649169921875 881
882 292.1729431152344 882
883 292.1809387207031 883
884 292.1888732910156 884
885 292.19677734375 885
886 292.2046508789062 886
887 292.2124938964844 887
888 292.2202758789062 888
889 292.22802734375 889
890 292.2357788085938 890
891 292.2434387207031 891
892 292.2511291503906 892
893 292.2587585449219 893
894 292.2663879394531 894
895 292.2739562988281 895
896 292.2815551757812 896
897 292.2891235351562 897
898 292.2966613769531 898
899 292.3041687011719 899
900 292.3117065429688 900
901 292.3191833496094 901
902 292.32666015625 902
903 292.3341674804688 903
904 292.3416748046875 904
905 292.3491516113281 905
906 292.3566284179688 906
907 292.3641052246094 907
908 292.37158203125 908
909 292.3790893554688 909
910 292.3865966796875 910
911 292.3941345214844 911
912 292.4016723632812 912
913 292.4091796875 913
914 292.416748046875 914
915 292.42431640625 915
916 292.4319152832031 916
917 292.4394836425781 917
918 292.4471435546875 918
919 292.4547729492188 919
920 292.4624633789062 920
921 292.4701538085938 921
922 292.4779052734375 922
923 292.4856567382812 923
924 292.4934692382812 924
925 292.5012817382812 925
926 292.5091552734375 926
927 292.5170288085938 927
928 292.5249633789062 928
929 292.5329284667969 929
930 292.5409240722656 930
931 292.5489501953125 931
932 292.5570373535156 932
933 292.5651550292969 933
934 292.5733337402344 934
935 292.58154296875 935
936 292.5897827148438 936
937 292.5980834960938 937
938 292.6064147949219 938
939 292.6147766113281 939
940 292.6232299804688 940
941 292.6317138671875 941
942 292.6402282714844 942
943 292.6488037109375 943
944 292.6574096679688 944
945 292.6660766601562 945
946 292.6748046875 946
947 292.68359375 947
948 292.6923828125 948
949 292.7012329101562 949
950 292.7101745605469 950
951 292.7191162109375 951
952 292.7281494140625 952
953 292.7372131347656 953
954 292.746337890625 954
955 292.7555236816406 955
956 292.7647094726562 956
957 292.7739868164062 957
958 292.7832946777344 958
959 292.7926635742188 959
960 292.8020629882812 960
961 292.8115539550781 961
962 292.821044921875 962
963 292.8306274414062 963
964 292.8402404785156 964
965 292.8499145507812 965
966 292.859619140625 966
967 292.8693542480469 967
968 292.8791809082031 968
969 292.8890380859375 969
970 292.89892578125 970
971 292.9088745117188 971
972 292.9188842773438 972
973 292.9288940429688 973
974 292.93896484375 974
975 292.9490966796875 975
976 292.9592895507812 976
977 292.9695129394531 977
978 292.9797668457031 978
979 292.9900512695312 979
980 293.0003662109375 980
981 293.0107421875 981
982 293.0211791992188 982
983 293.0316467285156 983
984 293.0421447753906 984
985 293.0526733398438 985
986 293.063232421875 986
987 293.0738220214844 987
988 293.08447265625 988
989 293.0951843261719 989
990 293.1058654785156 990
991 293.1166381835938 991
992 293.1273803710938 992
993 293.13818359375 993
994 293.1490173339844 994
995 293.159912109375 995
996 293.1708068847656 996
997 293.1817321777344 997
998 293.1926879882812 998
999 293.2036743164062 999
1000 293.2146606445312 1000
1001 293.2257080078125 1001
1002 293.2367553710938 1002
1003 293.247802734375 1003
1004 293.2589111328125 1004
1005 293.2700500488281 1005
1006 293.2811584472656 1006
1007 293.2923278808594 1007
1008 293.3034973144531 1008
1009 293.314697265625 1009
1010 293.3258972167969 1010
1011 293.3371276855469 1011
1012 293.348388671875 1012
1013 293.3596496582031 1013
1014 293.3709106445312 1014
1015 293.3822021484375 1015
1016 293.3934936523438 1016
1017 293.4047546386719 1017
1018 293.4160766601562 1018
1019 293.4273986816406 1019
1020 293.4386901855469 1020
1021 293.4500427246094 1021
1022 293.4613952636719 1022
1023 293.4727478027344 1023
1024 293.4840698242188 1024
1025 293.4954223632812 1025
1026 293.5067749023438 1026
1027 293.5181274414062 1027
1028 293.5294799804688 1028
1029 293.5408020019531 1029
1030 293.5521545410156 1030
1031 293.5635070800781 1031
1032 293.5748596191406 1032
1033 293.586181640625 1033
1034 293.5975036621094 1034
1035 293.6088256835938 1035
1036 293.6201171875 1036
1037 293.6314697265625 1037
1038 293.6427612304688 1038
1039 293.6540222167969 1039
1040 293.6653442382812 1040
1041 293.6765747070312 1041
1042 293.6878356933594 1042
1043 293.6990661621094 1043
1044 293.7102661132812 1044
1045 293.7214965820312 1045
1046 293.732666015625 1046
1047 293.7438659667969 1047
1048 293.7550048828125 1048
1049 293.7661437988281 1049
1050 293.7772827148438 1050
1051 293.7883911132812 1051
1052 293.7994689941406 1052
1053 293.8105163574219 1053
1054 293.821533203125 1054
1055 293.8325805664062 1055
1056 293.8435363769531 1056
1057 293.8544921875 1057
1058 293.8654174804688 1058
1059 293.8763122558594 1059
1060 293.88720703125 1060
1061 293.8980407714844 1061
1062 293.9088745117188 1062
1063 293.919677734375 1063
1064 293.930419921875 1064
1065 293.9411315917969 1065
1066 293.9518127441406 1066
1067 293.9624938964844 1067
1068 293.9731140136719 1068
1069 293.9837036132812 1069
1070 293.9942626953125 1070
1071 294.0047607421875 1071
1072 294.0152282714844 1072
1073 294.0256958007812 1073
1074 294.0361022949219 1074
1075 294.0464782714844 1075
1076 294.0567932128906 1076
1077 294.0670776367188 1077
1078 294.0773010253906 1078
1079 294.0875244140625 1079
1080 294.09765625 1080
1081 294.1077575683594 1081
1082 294.1178588867188 1082
1083 294.1278686523438 1083
1084 294.1378173828125 1084
1085 294.1477661132812 1085
1086 294.1576843261719 1086
1087 294.1675109863281 1087
1088 294.1773071289062 1088
1089 294.1870422363281 1089
1090 294.1967163085938 1090
1091 294.2063598632812 1091
1092 294.2159423828125 1092
1093 294.2254638671875 1093
1094 294.2349548339844 1094
1095 294.2444152832031 1095
1096 294.2537841796875 1096
1097 294.2631225585938 1097
1098 294.2723999023438 1098
1099 294.2816162109375 1099
1100 294.290771484375 1100
1101 294.2998657226562 1101
1102 294.3089294433594 1102
1103 294.3179321289062 1103
1104 294.3268432617188 1104
1105 294.3357238769531 1105
1106 294.3445434570312 1106
1107 294.353271484375 1107
1108 294.3619689941406 1108
1109 294.37060546875 1109
1110 294.3791809082031 1110
1111 294.3876953125 1111
1112 294.3961486816406 1112
1113 294.404541015625 1113
1114 294.4128723144531 1114
1115 294.4211120605469 1115
1116 294.4292907714844 1116
1117 294.4374389648438 1117
1118 294.4454956054688 1118
1119 294.4534912109375 1119
1120 294.46142578125 1120
1121 294.4693298339844 1121
1122 294.4771423339844 1122
1123 294.4848937988281 1123
1124 294.4925537109375 1124
1125 294.5001525878906 1125
1126 294.5076904296875 1126
1127 294.5151672363281 1127
1128 294.5225830078125 1128
1129 294.5299682617188 1129
1130 294.5372314453125 1130
1131 294.5444641113281 1131
1132 294.5516052246094 1132
1133 294.5587158203125 1133
1134 294.5657348632812 1134
1135 294.5726928710938 1135
1136 294.57958984375 1136
1137 294.58642578125 1137
1138 294.5932312011719 1138
1139 294.5999450683594 1139
1140 294.6065673828125 1140
1141 294.6131896972656 1141
1142 294.6197509765625 1142
1143 294.626220703125 1143
1144 294.6326599121094 1144
1145 294.6390380859375 1145
1146 294.6453552246094 1146
1147 294.651611328125 1147
1148 294.6578369140625 1148
1149 294.6640014648438 1149
1150 294.670166015625 1150
1151 294.6762390136719 1151
1152 294.6822814941406 1152
1153 294.6882629394531 1153
1154 294.6942138671875 1154
1155 294.7001342773438 1155
1156 294.7059936523438 1156
1157 294.7118530273438 1157
1158 294.7176818847656 1158
1159 294.7234191894531 1159
1160 294.7291870117188 1160
1161 294.7349243164062 1161
1162 294.7406005859375 1162
1163 294.7462768554688 1163
1164 294.751953125 1164
1165 294.757568359375 1165
1166 294.76318359375 1166
1167 294.7687683105469 1167
1168 294.7743835449219 1168
1169 294.7799377441406 1169
1170 294.7854919433594 1170
1171 294.7910461425781 1171
1172 294.7966003417969 1172
1173 294.8021240234375 1173
1174 294.8077087402344 1174
1175 294.8132629394531 1175
1176 294.8187866210938 1176
1177 294.8243408203125 1177
1178 294.8298950195312 1178
1179 294.8354797363281 1179
1180 294.841064453125 1180
1181 294.8466491699219 1181
1182 294.8522338867188 1182
1183 294.8578491210938 1183
1184 294.8634948730469 1184
1185 294.869140625 1185
1186 294.8748474121094 1186
1187 294.8805236816406 1187
1188 294.88623046875 1188
1189 294.8919677734375 1189
1190 294.8977661132812 1190
1191 294.9035949707031 1191
1192 294.9093933105469 1192
1193 294.9152526855469 1193
1194 294.9211730957031 1194
1195 294.9270935058594 1195
1196 294.9330444335938 1196
1197 294.9390563964844 1197
1198 294.9450988769531 1198
1199 294.951171875 1199
1200 294.957275390625 1200
1201 294.9634399414062 1201
1202 294.9696044921875 1202
1203 294.9758605957031 1203
1204 294.9821472167969 1204
1205 294.9884643554688 1205
1206 294.9948120117188 1206
1207 295.0012512207031 1207
1208 295.0076904296875 1208
1209 295.0141906738281 1209
1210 295.020751953125 1210
1211 295.02734375 1211
1212 295.0340270996094 1212
1213 295.0406799316406 1213
1214 295.0474243164062 1214
1215 295.0542297363281 1215
1216 295.0610961914062 1216
1217 295.0679626464844 1217
1218 295.0748901367188 1218
1219 295.0819091796875 1219
1220 295.0889282226562 1220
1221 295.0960388183594 1221
1222 295.1031799316406 1222
1223 295.1103515625 1223
1224 295.1176147460938 1224
1225 295.1249084472656 1225
1226 295.1322631835938 1226
1227 295.1396484375 1227
1228 295.1471252441406 1228
1229 295.1546020507812 1229
1230 295.1621398925781 1230
1231 295.1697387695312 1231
1232 295.1773681640625 1232
1233 295.1850891113281 1233
1234 295.1928405761719 1234
1235 295.2006530761719 1235
1236 295.2084655761719 1236
1237 295.2163696289062 1237
1238 295.2242736816406 1238
1239 295.2322692871094 1239
1240 295.2402954101562 1240
1241 295.2483825683594 1241
1242 295.2565002441406 1242
1243 295.2646789550781 1243
1244 295.2728881835938 1244
1245 295.2811279296875 1245
1246 295.2894897460938 1246
1247 295.2977905273438 1247
1248 295.3061828613281 1248
1249 295.3146057128906 1249
1250 295.3230895996094 1250
1251 295.3315734863281 1251
1252 295.340087890625 1252
1253 295.3487243652344 1253
1254 295.3573303222656 1254
1255 295.3660278320312 1255
1256 295.3746948242188 1256
1257 295.3834228515625 1257
1258 295.3922119140625 1258
1259 295.4010009765625 1259
1260 295.4098510742188 1260
1261 295.418701171875 1261
1262 295.4276428222656 1262
1263 295.4365539550781 1263
1264 295.4455261230469 1264
1265 295.4544982910156 1265
1266 295.4635314941406 1266
1267 295.4725952148438 1267
1268 295.481689453125 1268
1269 295.4907836914062 1269
1270 295.4999084472656 1270
1271 295.5090637207031 1271
1272 295.5182495117188 1272
1273 295.5274658203125 1273
1274 295.5366821289062 1274
1275 295.5459289550781 1275
1276 295.55517578125 1276
1277 295.564453125 1277
1278 295.5737609863281 1278
1279 295.5830688476562 1279
1280 295.5924072265625 1280
1281 295.6017456054688 1281
1282 295.6111450195312 1282
1283 295.6205139160156 1283
1284 295.6298828125 1284
1285 295.6393127441406 1285
1286 295.6487121582031 1286
1287 295.6581420898438 1287
1288 295.6676025390625 1288
1289 295.677001953125 1289
1290 295.6864624023438 1290
1291 295.6959228515625 1291
1292 295.7053833007812 1292
1293 295.71484375 1293
1294 295.7243041992188 1294
1295 295.7337646484375 1295
1296 295.7432250976562 1296
1297 295.7527160644531 1297
1298 295.76220703125 1298
1299 295.7716674804688 1299
1300 295.7811279296875 1300
1301 295.7906188964844 1301
1302 295.800048828125 1302
1303 295.8095092773438 1303
1304 295.8189697265625 1304
1305 295.8284301757812 1305
1306 295.8378601074219 1306
1307 295.8472900390625 1307
1308 295.8567199707031 1308
1309 295.8661499023438 1309
1310 295.8755493164062 1310
1311 295.8849182128906 1311
1312 295.8943176269531 1312
1313 295.9036560058594 1313
1314 295.9130249023438 1314
1315 295.92236328125 1315
1316 295.9316711425781 1316
1317 295.9409790039062 1317
1318 295.9502563476562 1318
1319 295.9595336914062 1319
1320 295.9687805175781 1320
1321 295.9779968261719 1321
1322 295.9871826171875 1322
1323 295.9963989257812 1323
1324 296.0055541992188 1324
1325 296.0146789550781 1325
1326 296.0238037109375 1326
1327 296.0328979492188 1327
1328 296.0419311523438 1328
1329 296.0509948730469 1329
1330 296.0599975585938 1330
1331 296.0689697265625 1331
1332 296.0779113769531 1332
1333 296.0868225097656 1333
1334 296.0957336425781 1334
1335 296.1045532226562 1335
1336 296.1134033203125 1336
1337 296.1221923828125 1337
1338 296.1309509277344 1338
1339 296.1396789550781 1339
1340 296.1483459472656 1340
1341 296.1570129394531 1341
1342 296.1656494140625 1342
1343 296.1742248535156 1343
1344 296.1827392578125 1344
1345 296.1912536621094 1345
1346 296.1997375488281 1346
1347 296.2081298828125 1347
1348 296.2165222167969 1348
1349 296.224853515625 1349
1350 296.233154296875 1350
1351 296.2414245605469 1351
1352 296.2496337890625 1352
1353 296.2577819824219 1353
1354 296.2659301757812 1354
1355 296.2739868164062 1355
1356 296.2820434570312 1356
1357 296.2900085449219 1357
1358 296.2979431152344 1358
1359 296.3057861328125 1359
1360 296.3136596679688 1360
1361 296.3214416503906 1361
1362 296.3291931152344 1362
1363 296.3368530273438 1363
1364 296.3445129394531 1364
1365 296.3520812988281 1365
1366 296.3595886230469 1366
1367 296.3670959472656 1367
1368 296.37451171875 1368
1369 296.3818664550781 1369
1370 296.3892211914062 1370
1371 296.3964538574219 1371
1372 296.4036560058594 1372
1373 296.4107971191406 1373
1374 296.4178771972656 1374
1375 296.4249267578125 1375
1376 296.4319152832031 1376
1377 296.4388122558594 1377
1378 296.4456481933594 1378
1379 296.4524536132812 1379
1380 296.4591979980469 1380
1381 296.4658508300781 1381
1382 296.4724731445312 1382
1383 296.47900390625 1383
1384 296.4855041503906 1384
1385 296.491943359375 1385
1386 296.498291015625 1386
1387 296.5046081542969 1387
1388 296.5108642578125 1388
1389 296.5170288085938 1389
1390 296.5231323242188 1390
1391 296.5291748046875 1391
1392 296.53515625 1392
1393 296.5410766601562 1393
1394 296.5469055175781 1394
1395 296.5527038574219 1395
1396 296.5584106445312 1396
1397 296.5640869140625 1397
1398 296.5697021484375 1398
1399 296.5752258300781 1399
1400 296.5806884765625 1400
1401 296.5860900878906 1401
1402 296.5914306640625 1402
1403 296.5967102050781 1403
1404 296.6019287109375 1404
1405 296.6070861816406 1405
1406 296.6121826171875 1406
1407 296.6172180175781 1407
1408 296.6222229003906 1408
1409 296.6271057128906 1409
1410 296.6319580078125 1410
1411 296.6368103027344 1411
1412 296.6415405273438 1412
1413 296.646240234375 1413
1414 296.65087890625 1414
1415 296.6554870605469 1415
1416 296.6600341796875 1416
1417 296.66455078125 1417
1418 296.6689758300781 1418
1419 296.6733703613281 1419
1420 296.677734375 1420
1421 296.6820373535156 1421
1422 296.6863098144531 1422
1423 296.6905517578125 1423
1424 296.6947326660156 1424
1425 296.6989135742188 1425
1426 296.7030334472656 1426
1427 296.7071533203125 1427
1428 296.711181640625 1428
1429 296.7152404785156 1429
1430 296.71923828125 1430
1431 296.7232055664062 1431
1432 296.7271728515625 1432
1433 296.7311096191406 1433
1434 296.7350463867188 1434
1435 296.7389526367188 1435
1436 296.7428283691406 1436
1437 296.7467041015625 1437
1438 296.7505798339844 1438
1439 296.7544555664062 1439
1440 296.75830078125 1440
1441 296.7621459960938 1441
1442 296.7659912109375 1442
1443 296.7698364257812 1443
1444 296.773681640625 1444
1445 296.7775268554688 1445
1446 296.7814025878906 1446
1447 296.7852783203125 1447
1448 296.7891540527344 1448
1449 296.7930297851562 1449
1450 296.7969055175781 1450
1451 296.8008117675781 1451
1452 296.8047485351562 1452
1453 296.8087158203125 1453
1454 296.8126525878906 1454
1455 296.816650390625 1455
1456 296.8206787109375 1456
1457 296.82470703125 1457
1458 296.8287963867188 1458
1459 296.8328857421875 1459
1460 296.8369750976562 1460
1461 296.8411254882812 1461
1462 296.8453063964844 1462
1463 296.8495178222656 1463
1464 296.8537902832031 1464
1465 296.8580627441406 1465
1466 296.8623657226562 1466
1467 296.8667297363281 1467
1468 296.8711547851562 1468
1469 296.8755798339844 1469
1470 296.8800659179688 1470
1471 296.8845825195312 1471
1472 296.88916015625 1472
1473 296.8937683105469 1473
1474 296.8984069824219 1474
1475 296.9031066894531 1475
1476 296.9078369140625 1476
1477 296.9126281738281 1477
1478 296.91748046875 1478
1479 296.92236328125 1479
1480 296.9272766113281 1480
1481 296.9322509765625 1481
1482 296.9372863769531 1482
1483 296.9423828125 1483
1484 296.947509765625 1484
1485 296.9526977539062 1485
1486 296.9579162597656 1486
1487 296.9631958007812 1487
1488 296.9685363769531 1488
1489 296.9739379882812 1489
1490 296.9793701171875 1490
1491 296.9848327636719 1491
1492 296.9904174804688 1492
1493 296.9959716796875 1493
1494 297.0016174316406 1494
1495 297.00732421875 1495
1496 297.0130615234375 1496
1497 297.0188598632812 1497
1498 297.0246887207031 1498
1499 297.0306091308594 1499
1500 297.0365295410156 1500
1501 297.0425415039062 1501
1502 297.0486145019531 1502
1503 297.0546875 1503
1504 297.0608520507812 1504
1505 297.0670471191406 1505
1506 297.0732727050781 1506
1507 297.07958984375 1507
1508 297.0859069824219 1508
1509 297.0923156738281 1509
1510 297.0987243652344 1510
1511 297.105224609375 1511
1512 297.1117858886719 1512
1513 297.1183471679688 1513
1514 297.1249694824219 1514
1515 297.1316223144531 1515
1516 297.1383361816406 1516
1517 297.1450805664062 1517
1518 297.1518859863281 1518
1519 297.1587219238281 1519
1520 297.1656188964844 1520
1521 297.1725463867188 1521
1522 297.1794738769531 1522
1523 297.1864624023438 1523
1524 297.1935424804688 1524
1525 297.2005920410156 1525
1526 297.2077026367188 1526
1527 297.21484375 1527
1528 297.2220153808594 1528
1529 297.229248046875 1529
1530 297.2364807128906 1530
1531 297.2437744140625 1531
1532 297.2510986328125 1532
1533 297.2584533691406 1533
1534 297.2658081054688 1534
1535 297.2732238769531 1535
1536 297.2806701660156 1536
1537 297.2881164550781 1537
1538 297.2956237792969 1538
1539 297.3031616210938 1539
1540 297.3106994628906 1540
1541 297.3182373046875 1541
1542 297.3258361816406 1542
1543 297.3334655761719 1543
1544 297.3410949707031 1544
1545 297.3487548828125 1545
1546 297.3564147949219 1546
1547 297.3641357421875 1547
1548 297.371826171875 1548
1549 297.3795776367188 1549
1550 297.3872985839844 1550
1551 297.3950805664062 1551
1552 297.4028930664062 1552
1553 297.4106750488281 1553
1554 297.41845703125 1554
1555 297.4263000488281 1555
1556 297.4341430664062 1556
1557 297.4419555664062 1557
1558 297.4498291015625 1558
1559 297.4576721191406 1559
1560 297.4655151367188 1560
1561 297.4734497070312 1561
1562 297.4813232421875 1562
1563 297.4891662597656 1563
1564 297.4970703125 1564
1565 297.5049438476562 1565
1566 297.5128479003906 1566
1567 297.5207214355469 1567
1568 297.5286254882812 1568
1569 297.5365295410156 1569
1570 297.54443359375 1570
1571 297.5523071289062 1571
1572 297.5601806640625 1572
1573 297.5680847167969 1573
1574 297.575927734375 1574
1575 297.5838012695312 1575
1576 297.5916748046875 1576
1577 297.5995178222656 1577
1578 297.6073303222656 1578
1579 297.6152038574219 1579
1580 297.6230163574219 1580
1581 297.6308288574219 1581
1582 297.6386413574219 1582
1583 297.6463928222656 1583
1584 297.6542053222656 1584
1585 297.6619567871094 1585
1586 297.6697082519531 1586
1587 297.6774291992188 1587
1588 297.6851196289062 1588
1589 297.6928100585938 1589
1590 297.7004699707031 1590
1591 297.7081298828125 1591
1592 297.7157592773438 1592
1593 297.723388671875 1593
1594 297.73095703125 1594
1595 297.7384948730469 1595
1596 297.7460327148438 1596
1597 297.7535705566406 1597
1598 297.7610473632812 1598
1599 297.7685241699219 1599
1600 297.7759704589844 1600
1601 297.7833251953125 1601
1602 297.7907409667969 1602
1603 297.798095703125 1603
1604 297.805419921875 1604
1605 297.8127136230469 1605
1606 297.8199462890625 1606
1607 297.8271789550781 1607
1608 297.8343811035156 1608
1609 297.8415222167969 1609
1610 297.8486633300781 1610
1611 297.855712890625 1611
1612 297.86279296875 1612
1613 297.8698120117188 1613
1614 297.8767700195312 1614
1615 297.8836975097656 1615
1616 297.890625 1616
1617 297.8974609375 1617
1618 297.904296875 1618
1619 297.9110412597656 1619
1620 297.9177856445312 1620
1621 297.9244689941406 1621
1622 297.93115234375 1622
1623 297.9377746582031 1623
1624 297.9443054199219 1624
1625 297.9508361816406 1625
1626 297.957275390625 1626
1627 297.9637145996094 1627
1628 297.9700927734375 1628
1629 297.9764404296875 1629
1630 297.9827270507812 1630
1631 297.9889221191406 1631
1632 297.9951477050781 1632
1633 298.0012512207031 1633
1634 298.00732421875 1634
1635 298.0133666992188 1635
1636 298.0193481445312 1636
1637 298.0252685546875 1637
1638 298.0311279296875 1638
1639 298.0369567871094 1639
1640 298.042724609375 1640
1641 298.0484619140625 1641
1642 298.0540771484375 1642
1643 298.0596923828125 1643
1644 298.0652465820312 1644
1645 298.0707397460938 1645
1646 298.0761413574219 1646
1647 298.0815124511719 1647
1648 298.0868225097656 1648
1649 298.0920715332031 1649
1650 298.0972595214844 1650
1651 298.1023864746094 1651
1652 298.1074829101562 1652
1653 298.1124877929688 1653
1654 298.1174011230469 1654
1655 298.122314453125 1655
1656 298.1271362304688 1656
1657 298.1318969726562 1657
1658 298.1365966796875 1658
1659 298.1412353515625 1659
1660 298.1458129882812 1660
1661 298.1503295898438 1661
1662 298.15478515625 1662
1663 298.1591491699219 1663
1664 298.1634826660156 1664
1665 298.1677551269531 1665
1666 298.1719360351562 1666
1667 298.1760864257812 1667
1668 298.18017578125 1668
1669 298.1841735839844 1669
1670 298.1881103515625 1670
1671 298.1919860839844 1671
1672 298.1958312988281 1672
1673 298.1995849609375 1673
1674 298.2033081054688 1674
1675 298.2069396972656 1675
1676 298.2105407714844 1676
1677 298.2140502929688 1677
1678 298.2175598144531 1678
1679 298.220947265625 1679
1680 298.2243347167969 1680
1681 298.2276306152344 1681
1682 298.2308959960938 1682
1683 298.2341003417969 1683
1684 298.2372436523438 1684
1685 298.2403564453125 1685
1686 298.243408203125 1686
1687 298.2464294433594 1687
1688 298.2493896484375 1688
1689 298.2523193359375 1689
1690 298.2551879882812 1690
1691 298.2580261230469 1691
1692 298.2608337402344 1692
1693 298.2635803222656 1693
1694 298.2663269042969 1694
1695 298.26904296875 1695
1696 298.2716979980469 1696
1697 298.2743530273438 1697
1698 298.2769470214844 1698
1699 298.2795104980469 1699
1700 298.2820739746094 1700
1701 298.2846374511719 1701
1702 298.2871704101562 1702
1703 298.2896423339844 1703
1704 298.2921447753906 1704
1705 298.2946166992188 1705
1706 298.2970886230469 1706
1707 298.2995300292969 1707
1708 298.302001953125 1708
1709 298.304443359375 1709
1710 298.306884765625 1710
1711 298.3092956542969 1711
1712 298.311767578125 1712
1713 298.3141479492188 1713
1714 298.316650390625 1714
1715 298.319091796875 1715
1716 298.321533203125 1716
1717 298.3240356445312 1717
1718 298.3265075683594 1718
1719 298.3289794921875 1719
1720 298.3315124511719 1720
1721 298.3340454101562 1721
1722 298.3366088867188 1722
1723 298.3391418457031 1723
1724 298.3417358398438 1724
1725 298.3443603515625 1725
1726 298.3470153808594 1726
1727 298.3496704101562 1727
1728 298.3523559570312 1728
1729 298.3551025390625 1729
1730 298.3578491210938 1730
1731 298.3606262207031 1731
1732 298.3634948730469 1732
1733 298.3663330078125 1733
1734 298.3692321777344 1734
1735 298.3721923828125 1735
1736 298.3751525878906 1736
1737 298.378173828125 1737
1738 298.3812255859375 1738
1739 298.3843078613281 1739
1740 298.387451171875 1740
1741 298.3906555175781 1741
1742 298.3938598632812 1742
1743 298.3971557617188 1743
1744 298.4004516601562 1744
1745 298.4038391113281 1745
1746 298.4072570800781 1746
1747 298.4107360839844 1747
1748 298.4142150878906 1748
1749 298.4177856445312 1749
1750 298.42138671875 1750
1751 298.425048828125 1751
1752 298.4287719726562 1752
1753 298.4325256347656 1753
1754 298.4363708496094 1754
1755 298.4402160644531 1755
1756 298.4441223144531 1756
1757 298.4481201171875 1757
1758 298.4521484375 1758
1759 298.4561767578125 1759
1760 298.4603271484375 1760
1761 298.4645080566406 1761
1762 298.46875 1762
1763 298.4730224609375 1763
1764 298.4773559570312 1764
1765 298.4817504882812 1765
1766 298.4861755371094 1766
1767 298.4906616210938 1767
1768 298.4952087402344 1768
1769 298.4998168945312 1769
1770 298.5044555664062 1770
1771 298.5091857910156 1771
1772 298.513916015625 1772
1773 298.5187072753906 1773
1774 298.5235595703125 1774
1775 298.5284423828125 1775
1776 298.5334167480469 1776
1777 298.5384216308594 1777
1778 298.54345703125 1778
1779 298.5485534667969 1779
1780 298.5536804199219 1780
1781 298.5588684082031 1781
1782 298.5640869140625 1782
1783 298.5693969726562 1783
1784 298.57470703125 1784
1785 298.580078125 1785
1786 298.5855102539062 1786
1787 298.5909729003906 1787
1788 298.596435546875 1788
1789 298.6020202636719 1789
1790 298.6076049804688 1790
1791 298.6132202148438 1791
1792 298.618896484375 1792
1793 298.6246032714844 1793
1794 298.6303405761719 1794
1795 298.6361389160156 1795
1796 298.6419372558594 1796
1797 298.6478271484375 1797
1798 298.6536865234375 1798
1799 298.6596069335938 1799
1800 298.6655883789062 1800
1801 298.6715698242188 1801
1802 298.6776123046875 1802
1803 298.6836853027344 1803
1804 298.6897583007812 1804
1805 298.6958618164062 1805
1806 298.7020263671875 1806
1807 298.7081909179688 1807
1808 298.7144165039062 1808
1809 298.7206420898438 1809
1810 298.7268981933594 1810
1811 298.7331848144531 1811
1812 298.7394714355469 1812
1813 298.7458190917969 1813
1814 298.7521667480469 1814
1815 298.758544921875 1815
1816 298.7649536132812 1816
1817 298.7713317871094 1817
1818 298.7777709960938 1818
1819 298.7842102050781 1819
1820 298.7906799316406 1820
1821 298.797119140625 1821
1822 298.8036499023438 1822
1823 298.8101501464844 1823
1824 298.8166809082031 1824
1825 298.8231811523438 1825
1826 298.8297729492188 1826
1827 298.8363037109375 1827
1828 298.8428649902344 1828
1829 298.8494567871094 1829
1830 298.8560180664062 1830
1831 298.8626098632812 1831
1832 298.8692016601562 1832
1833 298.8757934570312 1833
1834 298.8824157714844 1834
1835 298.8889770507812 1835
1836 298.8955993652344 1836
1837 298.9022521972656 1837
1838 298.9088439941406 1838
1839 298.9154357910156 1839
1840 298.9220581054688 1840
1841 298.9286499023438 1841
1842 298.9352416992188 1842
1843 298.9418334960938 1843
1844 298.9484252929688 1844
1845 298.9549865722656 1845
1846 298.9615783691406 1846
1847 298.9681396484375 1847
1848 298.9747314453125 1848
1849 298.9812927246094 1849
1850 298.98779296875 1850
1851 298.9943542480469 1851
1852 299.0008544921875 1852
1853 299.0073852539062 1853
1854 299.0138549804688 1854
1855 299.0203247070312 1855
1856 299.0267944335938 1856
1857 299.0332336425781 1857
1858 299.0396728515625 1858
1859 299.0460510253906 1859
1860 299.0524291992188 1860
1861 299.058837890625 1861
1862 299.065185546875 1862
1863 299.0715026855469 1863
1864 299.0778198242188 1864
1865 299.0841064453125 1865
1866 299.09033203125 1866
1867 299.0965881347656 1867
1868 299.1028137207031 1868
1869 299.1090087890625 1869
1870 299.1151428222656 1870
1871 299.1212768554688 1871
1872 299.1274108886719 1872
1873 299.1334533691406 1873
1874 299.1394958496094 1874
1875 299.1455078125 1875
1876 299.1514892578125 1876
1877 299.1574401855469 1877
1878 299.163330078125 1878
1879 299.1692199707031 1879
1880 299.1750793457031 1880
1881 299.180908203125 1881
1882 299.1866455078125 1882
1883 299.1924133300781 1883
1884 299.1981201171875 1884
1885 299.2037963867188 1885
1886 299.2093811035156 1886
1887 299.2149963378906 1887
1888 299.2205200195312 1888
1889 299.2260131835938 1889
1890 299.2315063476562 1890
1891 299.2369384765625 1891
1892 299.2423095703125 1892
1893 299.2476501464844 1893
1894 299.2529602050781 1894
1895 299.2581787109375 1895
1896 299.2633972167969 1896
1897 299.2685546875 1897
1898 299.2736511230469 1898
1899 299.2787170410156 1899
1900 299.2837219238281 1900
1901 299.2886962890625 1901
1902 299.2935791015625 1902
1903 299.2984619140625 1903
1904 299.3032836914062 1904
1905 299.3080444335938 1905
1906 299.3127746582031 1906
1907 299.3174438476562 1907
1908 299.322021484375 1908
1909 299.3265991210938 1909
1910 299.3311157226562 1910
1911 299.3355407714844 1911
1912 299.3399353027344 1912
1913 299.3442687988281 1913
1914 299.3485717773438 1914
1915 299.352783203125 1915
1916 299.3569641113281 1916
1917 299.3610534667969 1917
1918 299.3651123046875 1918
1919 299.3691101074219 1919
1920 299.373046875 1920
1921 299.3769226074219 1921
1922 299.3807373046875 1922
1923 299.3844909667969 1923
1924 299.38818359375 1924
1925 299.391845703125 1925
1926 299.3953857421875 1926
1927 299.3988952636719 1927
1928 299.4023742675781 1928
1929 299.4057312011719 1929
1930 299.4090881347656 1930
1931 299.412353515625 1931
1932 299.4155578613281 1932
1933 299.418701171875 1933
1934 299.4217834472656 1934
1935 299.4247741699219 1935
1936 299.427734375 1936
1937 299.4306335449219 1937
1938 299.4334716796875 1938
1939 299.4362487792969 1939
1940 299.43896484375 1940
1941 299.4416198730469 1941
1942 299.4442138671875 1942
1943 299.4467468261719 1943
1944 299.44921875 1944
1945 299.4516296386719 1945
1946 299.4539794921875 1946
1947 299.456298828125 1947
1948 299.4585266113281 1948
1949 299.4607543945312 1949
1950 299.462890625 1950
1951 299.4649963378906 1951
1952 299.4670104980469 1952
1953 299.4690246582031 1953
1954 299.470947265625 1954
1955 299.4728393554688 1955
1956 299.4747009277344 1956
1957 299.4765014648438 1957
1958 299.4783020019531 1958
1959 299.4800109863281 1959
1960 299.481689453125 1960
1961 299.4833374023438 1961
1962 299.4849548339844 1962
1963 299.4865417480469 1963
1964 299.4880981445312 1964
1965 299.4896240234375 1965
1966 299.4910888671875 1966
1967 299.4925537109375 1967
1968 299.4939880371094 1968
1969 299.4954223632812 1969
1970 299.4967956542969 1970
1971 299.4981994628906 1971
1972 299.4995422363281 1972
1973 299.5008850097656 1973
1974 299.5022277832031 1974
1975 299.5035705566406 1975
1976 299.5048828125 1976
1977 299.5061645507812 1977
1978 299.5074768066406 1978
1979 299.5087890625 1979
1980 299.5101013183594 1980
1981 299.5113830566406 1981
1982 299.5126953125 1982
1983 299.5140380859375 1983
1984 299.5153503417969 1984
1985 299.5166625976562 1985
1986 299.5180053710938 1986
1987 299.5193481445312 1987
1988 299.5207214355469 1988
1989 299.5221252441406 1989
1990 299.5235290527344 1990
1991 299.5249328613281 1991
1992 299.5263977050781 1992
1993 299.5278625488281 1993
1994 299.5293579101562 1994
1995 299.5308837890625 1995
1996 299.5324401855469 1996
1997 299.5339965820312 1997
1998 299.5356140136719 1998
1999 299.5372619628906 1999
2000 299.5389099121094 2000
2001 299.5406494140625 2001
2002 299.5423889160156 2002
2003 299.544189453125 2003
2004 299.5459899902344 2004
2005 299.5478820800781 2005
2006 299.5497436523438 2006
2007 299.5517272949219 2007
2008 299.5537109375 2008
2009 299.5557250976562 2009
2010 299.5578002929688 2010
2011 299.5599365234375 2011
2012 299.5621032714844 2012
2013 299.5643005371094 2013
2014 299.5665893554688 2014
2015 299.5688781738281 2015
2016 299.5712585449219 2016
2017 299.5736694335938 2017
2018 299.5761413574219 2018
2019 299.5786437988281 2019
2020 299.5812072753906 2020
2021 299.5838317871094 2021
2022 299.5864868164062 2022
2023 299.5892028808594 2023
2024 299.5919494628906 2024
2025 299.5947875976562 2025
2026 299.59765625 2026
2027 299.6006164550781 2027
2028 299.6035766601562 2028
2029 299.6066284179688 2029
2030 299.6096801757812 2030
2031 299.6128234863281 2031
2032 299.6160278320312 2032
2033 299.6192932128906 2033
2034 299.6225891113281 2034
2035 299.6259460449219 2035
2036 299.6293640136719 2036
2037 299.6328125 2037
2038 299.6363220214844 2038
2039 299.639892578125 2039
2040 299.6434936523438 2040
2041 299.6471862792969 2041
2042 299.65087890625 2042
2043 299.6546630859375 2043
2044 299.6585083007812 2044
2045 299.6623840332031 2045
2046 299.6662902832031 2046
2047 299.6702575683594 2047
2048 299.6742553710938 2048
2049 299.6783447265625 2049
2050 299.6824645996094 2050
2051 299.6866149902344 2051
2052 299.6908569335938 2052
2053 299.6950988769531 2053
2054 299.6994018554688 2054
2055 299.7037658691406 2055
2056 299.7081298828125 2056
2057 299.7125854492188 2057
2058 299.717041015625 2058
2059 299.7216186523438 2059
2060 299.7261657714844 2060
2061 299.7307739257812 2061
2062 299.7353820800781 2062
2063 299.7400817871094 2063
2064 299.7448120117188 2064
2065 299.7495422363281 2065
2066 299.7543640136719 2066
2067 299.7591857910156 2067
2068 299.7640686035156 2068
2069 299.7689819335938 2069
2070 299.77392578125 2070
2071 299.7789001464844 2071
2072 299.7839050292969 2072
2073 299.7889404296875 2073
2074 299.7940063476562 2074
2075 299.7991027832031 2075
2076 299.8042297363281 2076
2077 299.8093872070312 2077
2078 299.8145446777344 2078
2079 299.8197937011719 2079
2080 299.8250122070312 2080
2081 299.8302917480469 2081
2082 299.8355407714844 2082
2083 299.8408813476562 2083
2084 299.84619140625 2084
2085 299.8515625 2085
2086 299.85693359375 2086
2087 299.8623046875 2087
2088 299.8677062988281 2088
2089 299.8731384277344 2089
2090 299.8785705566406 2090
2091 299.884033203125 2091
2092 299.8894958496094 2092
2093 299.89501953125 2093
2094 299.9005126953125 2094
2095 299.906005859375 2095
2096 299.9115295410156 2096
2097 299.9170532226562 2097
2098 299.922607421875 2098
2099 299.9281616210938 2099
2100 299.9337158203125 2100
2101 299.9393005371094 2101
2102 299.9448547363281 2102
2103 299.950439453125 2103
2104 299.9559936523438 2104
2105 299.9616088867188 2105
2106 299.9671936035156 2106
2107 299.9727783203125 2107
2108 299.9783325195312 2108
2109 299.9839477539062 2109
2110 299.9895324707031 2110
2111 299.9951171875 2111
2112 300.0006713867188 2112
2113 300.0062866210938 2113
2114 300.0118408203125 2114
2115 300.0173645019531 2115
2116 300.0229187011719 2116
2117 300.0285034179688 2117
2118 300.0340576171875 2118
2119 300.03955078125 2119
2120 300.0450744628906 2120
2121 300.0505981445312 2121
2122 300.0560913085938 2122
2123 300.0615844726562 2123
2124 300.0670166015625 2124
2125 300.072509765625 2125
2126 300.0779418945312 2126
2127 300.0833740234375 2127
2128 300.0887756347656 2128
2129 300.0941467285156 2129
2130 300.0995483398438 2130
2131 300.1048583984375 2131
2132 300.1102294921875 2132
2133 300.1155090332031 2133
2134 300.1207885742188 2134
2135 300.1260681152344 2135
2136 300.1313171386719 2136
2137 300.1365356445312 2137
2138 300.1417236328125 2138
2139 300.1468811035156 2139
2140 300.1520385742188 2140
2141 300.1571350097656 2141
2142 300.1622314453125 2142
2143 300.1672668457031 2143
2144 300.1723022460938 2144
2145 300.1772766113281 2145
2146 300.1822509765625 2146
2147 300.1871643066406 2147
2148 300.1920471191406 2148
2149 300.1969604492188 2149
2150 300.2017822265625 2150
2151 300.20654296875 2151
2152 300.2113037109375 2152
2153 300.2160339355469 2153
2154 300.2207336425781 2154
2155 300.2253723144531 2155
2156 300.22998046875 2156
2157 300.2345581054688 2157
2158 300.2391052246094 2158
2159 300.2435913085938 2159
2160 300.2480163574219 2160
2161 300.2524108886719 2161
2162 300.2568054199219 2162
2163 300.2611083984375 2163
2164 300.265380859375 2164
2165 300.2696228027344 2165
2166 300.2738037109375 2166
2167 300.2779541015625 2167
2168 300.2820434570312 2168
2169 300.2861022949219 2169
2170 300.2901000976562 2170
2171 300.2940368652344 2171
2172 300.2979431152344 2172
2173 300.3018188476562 2173
2174 300.3056030273438 2174
2175 300.3093566894531 2175
2176 300.3130493164062 2176
2177 300.3167114257812 2177
2178 300.3203125 2178
2179 300.3238830566406 2179
2180 300.3273315429688 2180
2181 300.330810546875 2181
2182 300.3341979980469 2182
2183 300.3374938964844 2183
2184 300.3407592773438 2184
2185 300.343994140625 2185
2186 300.3471374511719 2186
2187 300.3502502441406 2187
2188 300.3533020019531 2188
2189 300.3562927246094 2189
2190 300.3592224121094 2190
2191 300.3620910644531 2191
2192 300.3648986816406 2192
2193 300.3676452636719 2193
2194 300.3703308105469 2194
2195 300.3729858398438 2195
2196 300.3755493164062 2196
2197 300.3780212402344 2197
2198 300.3804931640625 2198
2199 300.3828735351562 2199
2200 300.3852233886719 2200
2201 300.3874816894531 2201
2202 300.3896789550781 2202
2203 300.391845703125 2203
2204 300.3939208984375 2204
2205 300.3959350585938 2205
2206 300.3978881835938 2206
2207 300.3997802734375 2207
2208 300.4016418457031 2208
2209 300.4034118652344 2209
2210 300.4051513671875 2210
2211 300.4067993164062 2211
2212 300.4083862304688 2212
2213 300.4099731445312 2213
2214 300.4114379882812 2214
2215 300.4129028320312 2215
2216 300.4142456054688 2216
2217 300.4155883789062 2217
2218 300.4168701171875 2218
2219 300.4180603027344 2219
2220 300.4192504882812 2220
2221 300.4203796386719 2221
2222 300.4214477539062 2222
2223 300.4224853515625 2223
2224 300.4234619140625 2224
2225 300.4243774414062 2225
2226 300.4252624511719 2226
2227 300.4261169433594 2227
2228 300.4269409179688 2228
2229 300.427734375 2229
2230 300.4284362792969 2230
2231 300.4291687011719 2231
2232 300.4298400878906 2232
2233 300.430419921875 2233
2234 300.4310913085938 2234
2235 300.4316711425781 2235
2236 300.4322204589844 2236
2237 300.4327392578125 2237
2238 300.4332580566406 2238
2239 300.4337463378906 2239
2240 300.4342346191406 2240
2241 300.4346618652344 2241
2242 300.4351196289062 2242
2243 300.435546875 2243
2244 300.4359741210938 2244
2245 300.4364013671875 2245
2246 300.4367980957031 2246
2247 300.4371948242188 2247
2248 300.4376220703125 2248
2249 300.43798828125 2249
2250 300.4384155273438 2250
2251 300.4388427734375 2251
2252 300.4392700195312 2252
2253 300.4396667480469 2253
2254 300.4401245117188 2254
2255 300.4405517578125 2255
2256 300.4410400390625 2256
2257 300.4415283203125 2257
2258 300.4419860839844 2258
2259 300.4425048828125 2259
2260 300.4430541992188 2260
2261 300.443603515625 2261
2262 300.4442138671875 2262
2263 300.4447937011719 2263
2264 300.4454345703125 2264
2265 300.4460754394531 2265
2266 300.4468078613281 2266
2267 300.4475402832031 2267
2268 300.4483032226562 2268
2269 300.4490661621094 2269
2270 300.4498901367188 2270
2271 300.4507446289062 2271
2272 300.45166015625 2272
2273 300.45263671875 2273
2274 300.45361328125 2274
2275 300.4546508789062 2275
2276 300.4557189941406 2276
2277 300.4568176269531 2277
2278 300.4579467773438 2278
2279 300.4591674804688 2279
2280 300.4604187011719 2280
2281 300.4617309570312 2281
2282 300.4630737304688 2282
2283 300.4644470214844 2283
2284 300.4658813476562 2284
2285 300.4673767089844 2285
2286 300.4689331054688 2286
2287 300.4705200195312 2287
2288 300.47216796875 2288
2289 300.4738464355469 2289
2290 300.4756164550781 2290
2291 300.4774169921875 2291
2292 300.4792785644531 2292
2293 300.481201171875 2293
2294 300.483154296875 2294
2295 300.4851684570312 2295
2296 300.4872436523438 2296
2297 300.4893493652344 2297
2298 300.4915161132812 2298
2299 300.4937438964844 2299
2300 300.4960327148438 2300
2301 300.4983520507812 2301
2302 300.5007629394531 2302
2303 300.5032348632812 2303
2304 300.5057373046875 2304
2305 300.5082702636719 2305
2306 300.5108642578125 2306
2307 300.5135498046875 2307
2308 300.5162658691406 2308
2309 300.5190124511719 2309
2310 300.5218200683594 2310
2311 300.5247192382812 2311
2312 300.5276489257812 2312
2313 300.5306091308594 2313
2314 300.5336608886719 2314
2315 300.5367126464844 2315
2316 300.5398254394531 2316
2317 300.5429992675781 2317
2318 300.5462341308594 2318
2319 300.5494995117188 2319
2320 300.5528564453125 2320
2321 300.5562133789062 2321
2322 300.5596008300781 2322
2323 300.5630798339844 2323
2324 300.5665893554688 2324
2325 300.5701599121094 2325
2326 300.57373046875 2326
2327 300.5773620605469 2327
2328 300.5810546875 2328
2329 300.5847778320312 2329
2330 300.5885620117188 2330
2331 300.5923767089844 2331
2332 300.5962219238281 2332
2333 300.6001281738281 2333
2334 300.6040344238281 2334
2335 300.6080017089844 2335
2336 300.6120300292969 2336
2337 300.6160278320312 2337
2338 300.6201171875 2338
2339 300.6242370605469 2339
2340 300.6283874511719 2340
2341 300.632568359375 2341
2342 300.6367797851562 2342
2343 300.6410217285156 2343
2344 300.6452941894531 2344
2345 300.6495971679688 2345
2346 300.6539001464844 2346
2347 300.6582946777344 2347
2348 300.6626892089844 2348
2349 300.6670837402344 2349
2350 300.6715087890625 2350
2351 300.6759948730469 2351
2352 300.6804809570312 2352
2353 300.6849975585938 2353
2354 300.6895446777344 2354
2355 300.694091796875 2355
2356 300.6986694335938 2356
2357 300.7032470703125 2357
2358 300.7078857421875 2358
2359 300.7124938964844 2359
2360 300.7171325683594 2360
2361 300.7218017578125 2361
2362 300.7264709472656 2362
2363 300.7311706542969 2363
2364 300.73583984375 2364
2365 300.7405395507812 2365
2366 300.7453002929688 2366
2367 300.7500305175781 2367
2368 300.7547912597656 2368
2369 300.759521484375 2369
2370 300.7642822265625 2370
2371 300.76904296875 2371
2372 300.7738342285156 2372
2373 300.7785949707031 2373
2374 300.7833862304688 2374
2375 300.7881774902344 2375
2376 300.7929382324219 2376
2377 300.7977600097656 2377
2378 300.8025512695312 2378
2379 300.8073120117188 2379
2380 300.8120727539062 2380
2381 300.81689453125 2381
2382 300.8216552734375 2382
2383 300.826416015625 2383
2384 300.8311767578125 2384
2385 300.8359375 2385
2386 300.8407287597656 2386
2387 300.845458984375 2387
2388 300.8501892089844 2388
2389 300.8549194335938 2389
2390 300.8596496582031 2390
2391 300.8643493652344 2391
2392 300.8690185546875 2392
2393 300.8737182617188 2393
2394 300.8783874511719 2394
2395 300.8830261230469 2395
2396 300.8876953125 2396
2397 300.8923034667969 2397
2398 300.8969116210938 2398
2399 300.9014892578125 2399
2400 300.9060363769531 2400
2401 300.9105834960938 2401
2402 300.9151306152344 2402
2403 300.9196166992188 2403
2404 300.9241333007812 2404
2405 300.9285888671875 2405
2406 300.9330139160156 2406
2407 300.9374389648438 2407
2408 300.9418029785156 2408
2409 300.9461669921875 2409
2410 300.9505004882812 2410
2411 300.9548034667969 2411
2412 300.9591064453125 2412
2413 300.9633483886719 2413
2414 300.9675903320312 2414
2415 300.9717407226562 2415
2416 300.9759216308594 2416
2417 300.9800415039062 2417
2418 300.984130859375 2418
2419 300.9881591796875 2419
2420 300.9921875 2420
2421 300.9961853027344 2421
2422 301.0001525878906 2422
2423 301.0040588378906 2423
2424 301.0079650878906 2424
2425 301.0118103027344 2425
2426 301.0155944824219 2426
2427 301.0193481445312 2427
2428 301.0231018066406 2428
2429 301.0267639160156 2429
2430 301.0304260253906 2430
2431 301.0340270996094 2431
2432 301.03759765625 2432
2433 301.0410766601562 2433
2434 301.0445861816406 2434
2435 301.0480346679688 2435
2436 301.0513916015625 2436
2437 301.0547485351562 2437
2438 301.0580139160156 2438
2439 301.061279296875 2439
2440 301.0644836425781 2440
2441 301.067626953125 2441
2442 301.0707092285156 2442
2443 301.0737609863281 2443
2444 301.0767822265625 2444
2445 301.0797119140625 2445
2446 301.0826110839844 2446
2447 301.08544921875 2447
2448 301.0882568359375 2448
2449 301.0910034179688 2449
2450 301.0936889648438 2450
2451 301.0963439941406 2451
2452 301.0989379882812 2452
2453 301.1014404296875 2453
2454 301.1039123535156 2454
2455 301.1063537597656 2455
2456 301.1087036132812 2456
2457 301.1109924316406 2457
2458 301.1132507324219 2458
2459 301.1154174804688 2459
2460 301.1175537109375 2460
2461 301.11962890625 2461
2462 301.1216125488281 2462
2463 301.1235961914062 2463
2464 301.12548828125 2464
2465 301.1273193359375 2465
2466 301.1290893554688 2466
2467 301.1307983398438 2467
2468 301.1324462890625 2468
2469 301.134033203125 2469
2470 301.1355895996094 2470
2471 301.1370544433594 2471
2472 301.1384582519531 2472
2473 301.1398315429688 2473
2474 301.14111328125 2474
2475 301.142333984375 2475
2476 301.1434936523438 2476
2477 301.1446228027344 2477
2478 301.1456909179688 2478
2479 301.1466674804688 2479
2480 301.1475830078125 2480
2481 301.1484680175781 2481
2482 301.1493225097656 2482
2483 301.1500854492188 2483
2484 301.1508178710938 2484
2485 301.1514282226562 2485
2486 301.1520385742188 2486
2487 301.1526184082031 2487
2488 301.1531066894531 2488
2489 301.153564453125 2489
2490 301.1539611816406 2490
2491 301.1543273925781 2491
2492 301.1546325683594 2492
2493 301.1548767089844 2493
2494 301.1550903320312 2494
2495 301.1553039550781 2495
2496 301.1553955078125 2496
2497 301.155517578125 2497
2498 301.1555786132812 2498
2499 301.1555786132812 2499
2500 301.1555786132812 2500
