"point-b-rfile"
"Time Step" "point-b etc.."
("Time Step" "point-b" "flow-time")
0 283 0
1 283 1
2 283 2
3 283 3
4 283 4
5 283 5
6 283 6
7 283 7
8 283 8
9 283 9
10 283 10
11 283 11
12 283 12
13 283 13
14 283 14
15 283 15
16 283 16
17 283 17
18 283 18
19 283 19
20 283 20
21 283 21
22 283 22
23 283 23
24 283 24
25 283 25
26 283 26
27 283 27
28 283 28
29 283 29
30 283 30
31 283 31
32 283 32
33 283 33
34 283 34
35 283 35
36 283 36
37 283 37
38 283 38
39 283 39
40 283 40
41 283 41
42 283 42
43 283 43
44 283 44
45 283 45
46 283.0000610351562 46
47 283.0000610351562 47
48 283.0000610351562 48
49 283.0000610351562 49
50 283.0000610351562 50
51 283.0000915527344 51
52 283.0000915527344 52
53 283.0001220703125 53
54 283.0001220703125 54
55 283.0001220703125 55
56 283.0001525878906 56
57 283.0001831054688 57
58 283.000244140625 58
59 283.000244140625 59
60 283.0003051757812 60
61 283.0003662109375 61
62 283.0003967285156 62
63 283.0004577636719 63
64 283.0005187988281 64
65 283.0006103515625 65
66 283.0006713867188 66
67 283.000732421875 67
68 283.0008239746094 68
69 283.0009460449219 69
70 283.0010375976562 70
71 283.0011596679688 71
72 283.0012817382812 72
73 283.00146484375 73
74 283.0015869140625 74
75 283.0017700195312 75
76 283.0019226074219 76
77 283.0021362304688 77
78 283.0023193359375 78
79 283.0025634765625 79
80 283.0027770996094 80
81 283.0030212402344 81
82 283.0032958984375 82
83 283.0036010742188 83
84 283.00390625 84
85 283.0042114257812 85
86 283.0045471191406 86
87 283.0049133300781 87
88 283.0053100585938 88
89 283.0057373046875 89
90 283.0061645507812 90
91 283.006591796875 91
92 283.0071105957031 92
93 283.0075988769531 93
94 283.0081176757812 94
95 283.0086975097656 95
96 283.00927734375 96
97 283.0098876953125 97
98 283.0105285644531 98
99 283.0111694335938 99
100 283.0119018554688 100
101 283.0126342773438 101
102 283.0133972167969 102
103 283.0141906738281 103
104 283.0150146484375 104
105 283.015869140625 105
106 283.0167541503906 106
107 283.0177001953125 107
108 283.0186462402344 108
109 283.0196533203125 109
110 283.0206604003906 110
111 283.021728515625 111
112 283.0228271484375 112
113 283.0239868164062 113
114 283.0251770019531 114
115 283.0263671875 115
116 283.0276184082031 116
117 283.0289306640625 117
118 283.0302429199219 118
119 283.0316162109375 119
120 283.0330200195312 120
121 283.0344848632812 121
122 283.0359802246094 122
123 283.0375061035156 123
124 283.0390625 124
125 283.0406494140625 125
126 283.0422973632812 126
127 283.0440063476562 127
128 283.0457153320312 128
129 283.0474853515625 129
130 283.04931640625 130
131 283.0511779785156 131
132 283.0530700683594 132
133 283.0549926757812 133
134 283.0569458007812 134
135 283.0589904785156 135
136 283.06103515625 136
137 283.0631408691406 137
138 283.0653076171875 138
139 283.0674743652344 139
140 283.0697021484375 140
141 283.0719604492188 141
142 283.0742492675781 142
143 283.0765991210938 143
144 283.0789794921875 144
145 283.0814208984375 145
146 283.0838623046875 146
147 283.0863952636719 147
148 283.0889282226562 148
149 283.0915222167969 149
150 283.0941162109375 150
151 283.0968017578125 151
152 283.0995178222656 152
153 283.1022338867188 153
154 283.1050415039062 154
155 283.1078491210938 155
156 283.1107177734375 156
157 283.1136169433594 157
158 283.1165771484375 158
159 283.1195068359375 159
160 283.1225280761719 160
161 283.1255493164062 161
162 283.128662109375 162
163 283.1317749023438 163
164 283.1349487304688 164
165 283.1381225585938 165
166 283.1413269042969 166
167 283.1445922851562 167
168 283.1478881835938 168
169 283.1511840820312 169
170 283.154541015625 170
171 283.157958984375 171
172 283.161376953125 172
173 283.1648254394531 173
174 283.1683044433594 174
175 283.1718139648438 175
176 283.1753845214844 176
177 283.178955078125 177
178 283.1825561523438 178
179 283.1862182617188 179
180 283.1898498535156 180
181 283.1935424804688 181
182 283.197265625 182
183 283.2010498046875 183
184 283.2048034667969 184
185 283.2086181640625 185
186 283.2124633789062 186
187 283.21630859375 187
188 283.2201843261719 188
189 283.2240905761719 189
190 283.22802734375 190
191 283.2319641113281 191
192 283.2359619140625 192
193 283.2399291992188 193
194 283.2439575195312 194
195 283.2480163574219 195
196 283.2520751953125 196
197 283.2561645507812 197
198 283.26025390625 198
199 283.264404296875 199
200 283.2685546875 200
201 283.2727355957031 201
202 283.2769165039062 202
203 283.2810974121094 203
204 283.2853393554688 204
205 283.28955078125 205
206 283.2938232421875 206
207 283.298095703125 207
208 283.3023681640625 208
209 283.3066711425781 209
210 283.3109741210938 210
211 283.3153381347656 211
212 283.3196716308594 212
213 283.3240051269531 213
214 283.3283996582031 214
215 283.332763671875 215
216 283.337158203125 216
217 283.341552734375 217
218 283.345947265625 218
219 283.3504028320312 219
220 283.3548278808594 220
221 283.3592834472656 221
222 283.3637390136719 222
223 283.3681945800781 223
224 283.3726501464844 224
225 283.3771362304688 225
226 283.381591796875 226
227 283.3861083984375 227
228 283.390625 228
229 283.3950805664062 229
230 283.3995971679688 230
231 283.4041137695312 231
232 283.4086303710938 232
233 283.4131469726562 233
234 283.4176635742188 234
235 283.4221801757812 235
236 283.4266967773438 236
237 283.4312438964844 237
238 283.435791015625 238
239 283.4403076171875 239
240 283.44482421875 240
241 283.4493408203125 241
242 283.4539184570312 242
243 283.4584350585938 243
244 283.4629516601562 244
245 283.4674682617188 245
246 283.4720153808594 246
247 283.4765014648438 247
248 283.4810791015625 248
249 283.4855651855469 249
250 283.4901123046875 250
251 283.4945678710938 251
252 283.4990844726562 252
253 283.5036010742188 253
254 283.5080871582031 254
255 283.5125732421875 255
256 283.5170593261719 256
257 283.5215148925781 257
258 283.5260009765625 258
259 283.5304565429688 259
260 283.534912109375 260
261 283.5393676757812 261
262 283.5438232421875 262
263 283.5482177734375 263
264 283.5526733398438 264
265 283.5570678710938 265
266 283.5614624023438 266
267 283.5658569335938 267
268 283.5702209472656 268
269 283.5745849609375 269
270 283.5789489746094 270
271 283.5833129882812 271
272 283.587646484375 272
273 283.5919494628906 273
274 283.5962524414062 274
275 283.6005554199219 275
276 283.6048583984375 276
277 283.6091003417969 277
278 283.6133422851562 278
279 283.6175842285156 279
280 283.621826171875 280
281 283.6260070800781 281
282 283.6302185058594 282
283 283.6343994140625 283
284 283.6385498046875 284
285 283.6427001953125 285
286 283.6468505859375 286
287 283.6509399414062 287
288 283.655029296875 288
289 283.6591186523438 289
290 283.6631774902344 290
291 283.6672058105469 291
292 283.6712036132812 292
293 283.6752319335938 293
294 283.6792297363281 294
295 283.6831970214844 295
296 283.6871337890625 296
297 283.6910400390625 297
298 283.6949462890625 298
299 283.6988220214844 299
300 283.7026977539062 300
301 283.70654296875 301
302 283.7103576660156 302
303 283.7141723632812 303
304 283.7179260253906 304
305 283.7216796875 305
306 283.7254028320312 306
307 283.7291259765625 307
308 283.7328186035156 308
309 283.7364501953125 309
310 283.7401123046875 310
311 283.7437438964844 311
312 283.7473449707031 312
313 283.7509155273438 313
314 283.7544555664062 314
315 283.7579956054688 315
316 283.761474609375 316
317 283.7649536132812 317
318 283.7684326171875 318
319 283.7718505859375 319
320 283.7752685546875 320
321 283.7786254882812 321
322 283.781982421875 322
323 283.7853393554688 323
324 283.7886657714844 324
325 283.7919311523438 325
326 283.7951965332031 326
327 283.7984619140625 327
328 283.8016662597656 328
329 283.8048706054688 329
330 283.8080444335938 330
331 283.8111877441406 331
332 283.8143310546875 332
333 283.8174438476562 333
334 283.8205261230469 334
335 283.8235778808594 335
336 283.82666015625 336
337 283.8296813964844 337
338 283.8326721191406 338
339 283.8356628417969 339
340 283.838623046875 340
341 283.8416137695312 341
342 283.8445434570312 342
343 283.8474731445312 343
344 283.8503723144531 344
345 283.853271484375 345
346 283.8561401367188 346
347 283.8590087890625 347
348 283.8618469238281 348
349 283.8646850585938 349
350 283.8674926757812 350
351 283.8703002929688 351
352 283.8731079101562 352
353 283.8759155273438 353
354 283.8786926269531 354
355 283.8814697265625 355
356 283.8842163085938 356
357 283.8869934082031 357
358 283.8897705078125 358
359 283.8924865722656 359
360 283.895263671875 360
361 283.8979797363281 361
362 283.9007263183594 362
363 283.9034729003906 363
364 283.9061889648438 364
365 283.908935546875 365
366 283.9116821289062 366
367 283.9144287109375 367
368 283.9171752929688 368
369 283.919921875 369
370 283.9226684570312 370
371 283.9254150390625 371
372 283.9281616210938 372
373 283.9309387207031 373
374 283.9336853027344 374
375 283.9364624023438 375
376 283.9392700195312 376
377 283.9420471191406 377
378 283.9448547363281 378
379 283.9476623535156 379
380 283.9504699707031 380
381 283.9533081054688 381
382 283.9561462402344 382
383 283.958984375 383
384 283.9618530273438 384
385 283.9647216796875 385
386 283.9675903320312 386
387 283.9705200195312 387
388 283.9734497070312 388
389 283.9763793945312 389
390 283.9793090820312 390
391 283.9822387695312 391
392 283.9852294921875 392
393 283.9882202148438 393
394 283.9912109375 394
395 283.9942626953125 395
396 283.9972839355469 396
397 284.0003662109375 397
398 284.00341796875 398
399 284.0065307617188 399
400 284.0096130371094 400
401 284.0127563476562 401
402 284.0158996582031 402
403 284.01904296875 403
404 284.0222473144531 404
405 284.0254516601562 405
406 284.0286560058594 406
407 284.0318603515625 407
408 284.03515625 408
409 284.0383911132812 409
410 284.0416870117188 410
411 284.0450134277344 411
412 284.04833984375 412
413 284.0516967773438 413
414 284.0550537109375 414
415 284.0584716796875 415
416 284.0618591308594 416
417 284.0653076171875 417
418 284.0687255859375 418
419 284.0722045898438 419
420 284.07568359375 420
421 284.0791625976562 421
422 284.0827026367188 422
423 284.0862426757812 423
424 284.0897827148438 424
425 284.0933532714844 425
426 284.0969543457031 426
427 284.1005554199219 427
428 284.1041870117188 428
429 284.1078186035156 429
430 284.1115112304688 430
431 284.1151733398438 431
432 284.1188659667969 432
433 284.12255859375 433
434 284.1262817382812 434
435 284.1300659179688 435
436 284.1337890625 436
437 284.1375732421875 437
438 284.1413879394531 438
439 284.1452026367188 439
440 284.1490173339844 440
441 284.1528625488281 441
442 284.1566772460938 442
443 284.1605834960938 443
444 284.1644287109375 444
445 284.1683349609375 445
446 284.1722106933594 446
447 284.1761474609375 447
448 284.1800537109375 448
449 284.1840209960938 449
450 284.1879577636719 450
451 284.1919250488281 451
452 284.1959228515625 452
453 284.1998901367188 453
454 284.2038879394531 454
455 284.2078857421875 455
456 284.2119140625 456
457 284.2159423828125 457
458 284.219970703125 458
459 284.2240295410156 459
460 284.2280883789062 460
461 284.2321166992188 461
462 284.2362060546875 462
463 284.2402954101562 463
464 284.2443542480469 464
465 284.2484741210938 465
466 284.2525634765625 466
467 284.2566528320312 467
468 284.2607727050781 468
469 284.2648620605469 469
470 284.2689819335938 470
471 284.2731018066406 471
472 284.2772216796875 472
473 284.2813415527344 473
474 284.2854919433594 474
475 284.2896423339844 475
476 284.2937622070312 476
477 284.2979125976562 477
478 284.3020629882812 478
479 284.3061828613281 479
480 284.3103332519531 480
481 284.3144836425781 481
482 284.3186340332031 482
483 284.32275390625 483
484 284.326904296875 484
485 284.3310546875 485
486 284.3351745605469 486
487 284.3393249511719 487
488 284.3434448242188 488
489 284.3475952148438 489
490 284.3517456054688 490
491 284.3558654785156 491
492 284.3599853515625 492
493 284.3641052246094 493
494 284.3682250976562 494
495 284.372314453125 495
496 284.3764343261719 496
497 284.3805236816406 497
498 284.3846130371094 498
499 284.3887023925781 499
500 284.392822265625 500
501 284.3968811035156 501
502 284.4009399414062 502
503 284.4049682617188 503
504 284.4090576171875 504
505 284.4130859375 505
506 284.4171447753906 506
507 284.421142578125 507
508 284.4251708984375 508
509 284.4291687011719 509
510 284.4331970214844 510
511 284.4371643066406 511
512 284.4411315917969 512
513 284.4450988769531 513
514 284.4490661621094 514
515 284.4530029296875 515
516 284.4569091796875 516
517 284.4608459472656 517
518 284.4647521972656 518
519 284.4686279296875 519
520 284.4725341796875 520
521 284.4763793945312 521
522 284.480224609375 522
523 284.4840698242188 523
524 284.4878845214844 524
525 284.49169921875 525
526 284.4954833984375 526
527 284.499267578125 527
528 284.5029907226562 528
529 284.5067749023438 529
530 284.510498046875 530
531 284.5142211914062 531
532 284.5178833007812 532
533 284.5215454101562 533
534 284.5252075195312 534
535 284.5288696289062 535
536 284.532470703125 536
537 284.5360717773438 537
538 284.5396728515625 538
539 284.543212890625 539
540 284.5467529296875 540
541 284.55029296875 541
542 284.5537719726562 542
543 284.5572509765625 543
544 284.5607299804688 544
545 284.5641784667969 545
546 284.5675964355469 546
547 284.5709838867188 547
548 284.5743713378906 548
549 284.5777282714844 549
550 284.5810546875 550
551 284.5843811035156 551
552 284.587646484375 552
553 284.5909118652344 553
554 284.5941772460938 554
555 284.597412109375 555
556 284.6005859375 556
557 284.603759765625 557
558 284.6068725585938 558
559 284.6100463867188 559
560 284.6131286621094 560
561 284.6161804199219 561
562 284.6192626953125 562
563 284.6222534179688 563
564 284.625244140625 564
565 284.6282348632812 565
566 284.6311950683594 566
567 284.6340942382812 567
568 284.6369934082031 568
569 284.6398620605469 569
570 284.6427001953125 570
571 284.6455078125 571
572 284.6482849121094 572
573 284.6510620117188 573
574 284.65380859375 574
575 284.656494140625 575
576 284.6591491699219 576
577 284.6618041992188 577
578 284.6644287109375 578
579 284.6670227050781 579
580 284.6695861816406 580
581 284.672119140625 581
582 284.6746215820312 582
583 284.6771240234375 583
584 284.6795654296875 584
585 284.6819763183594 585
586 284.6843566894531 586
587 284.6867370605469 587
588 284.6890869140625 588
589 284.69140625 589
590 284.6936645507812 590
591 284.6959228515625 591
592 284.6981201171875 592
593 284.7003173828125 593
594 284.7025146484375 594
595 284.7046203613281 595
596 284.7067565917969 596
597 284.7088623046875 597
598 284.7108764648438 598
599 284.7129516601562 599
600 284.7149353027344 600
601 284.7169189453125 601
602 284.7188720703125 602
603 284.7208251953125 603
604 284.7227172851562 604
605 284.724609375 605
606 284.7264404296875 606
607 284.7283020019531 607
608 284.7301025390625 608
609 284.73193359375 609
610 284.7336730957031 610
611 284.7354431152344 611
612 284.7371826171875 612
613 284.7388916015625 613
614 284.7405700683594 614
615 284.7422485351562 615
616 284.7439270019531 616
617 284.7455444335938 617
618 284.7471923828125 618
619 284.7488098144531 619
620 284.7504272460938 620
621 284.7520141601562 621
622 284.7536010742188 622
623 284.7551574707031 623
624 284.7567138671875 624
625 284.7582702636719 625
626 284.7597961425781 626
627 284.7613220214844 627
628 284.7628784179688 628
629 284.7643737792969 629
630 284.765869140625 630
631 284.7673950195312 631
632 284.7689208984375 632
633 284.7704162597656 633
634 284.7719116210938 634
635 284.7733764648438 635
636 284.77490234375 636
637 284.7764282226562 637
638 284.7779235839844 638
639 284.7794189453125 639
640 284.7809143066406 640
641 284.7824096679688 641
642 284.783935546875 642
643 284.7854614257812 643
644 284.7869873046875 644
645 284.7885131835938 645
646 284.7900390625 646
647 284.7916259765625 647
648 284.7931518554688 648
649 284.7947387695312 649
650 284.7962951660156 650
651 284.7978820800781 651
652 284.7994995117188 652
653 284.8010864257812 653
654 284.802734375 654
655 284.8043212890625 655
656 284.8059692382812 656
657 284.8076171875 657
658 284.8092956542969 658
659 284.8109741210938 659
660 284.8126831054688 660
661 284.8143920898438 661
662 284.8161315917969 662
663 284.8179016113281 663
664 284.8196411132812 664
665 284.8214111328125 665
666 284.8232421875 666
667 284.8250427246094 667
668 284.8268737792969 668
669 284.8287353515625 669
670 284.83056640625 670
671 284.8324890136719 671
672 284.8343811035156 672
673 284.8363037109375 673
674 284.8382568359375 674
675 284.8402099609375 675
676 284.8421936035156 676
677 284.8441772460938 677
678 284.8462219238281 678
679 284.8482360839844 679
680 284.8503112792969 680
681 284.8523864746094 681
682 284.8544921875 682
683 284.8565979003906 683
684 284.8587036132812 684
685 284.8608703613281 685
686 284.863037109375 686
687 284.8652648925781 687
688 284.8674621582031 688
689 284.8696899414062 689
690 284.8719482421875 690
691 284.8742065429688 691
692 284.8764953613281 692
693 284.8788146972656 693
694 284.8811645507812 694
695 284.8834838867188 695
696 284.8858642578125 696
697 284.8882446289062 697
698 284.890625 698
699 284.89306640625 699
700 284.8954772949219 700
701 284.89794921875 701
702 284.9004211425781 702
703 284.9028930664062 703
704 284.9054260253906 704
705 284.9079284667969 705
706 284.9104614257812 706
707 284.9130249023438 707
708 284.9155883789062 708
709 284.918212890625 709
710 284.9207763671875 710
711 284.9234008789062 711
712 284.926025390625 712
713 284.9287109375 713
714 284.9313354492188 714
715 284.9340209960938 715
716 284.9367065429688 716
717 284.9393920898438 717
718 284.942138671875 718
719 284.9448547363281 719
720 284.9476013183594 720
721 284.9503479003906 721
722 284.953125 722
723 284.9559020996094 723
724 284.9586791992188 724
725 284.9614868164062 725
726 284.9642944335938 726
727 284.9671020507812 727
728 284.9699096679688 728
729 284.9727783203125 729
730 284.9756164550781 730
731 284.9784545898438 731
732 284.9813537597656 732
733 284.9842224121094 733
734 284.9871215820312 734
735 284.989990234375 735
736 284.9928588867188 736
737 284.9957885742188 737
738 284.9986877441406 738
739 285.0015869140625 739
740 285.0045166015625 740
741 285.0074462890625 741
742 285.0103759765625 742
743 285.0133056640625 743
744 285.0162353515625 744
745 285.0191650390625 745
746 285.0221252441406 746
747 285.0250244140625 747
748 285.0279846191406 748
749 285.0309448242188 749
750 285.0338745117188 750
751 285.036865234375 751
752 285.039794921875 752
753 285.042724609375 753
754 285.0457153320312 754
755 285.0486450195312 755
756 285.0516052246094 756
757 285.0545654296875 757
758 285.0574951171875 758
759 285.0604858398438 759
760 285.0634155273438 760
761 285.0663452148438 761
762 285.0693054199219 762
763 285.0722045898438 763
764 285.0751342773438 764
765 285.0780944824219 765
766 285.0809936523438 766
767 285.0839233398438 767
768 285.0868530273438 768
769 285.0897521972656 769
770 285.0926513671875 770
771 285.0955200195312 771
772 285.0984497070312 772
773 285.101318359375 773
774 285.1041870117188 774
775 285.1070556640625 775
776 285.1099243164062 776
777 285.11279296875 777
778 285.1156005859375 778
779 285.1184692382812 779
780 285.1212768554688 780
781 285.1240844726562 781
782 285.1268920898438 782
783 285.1296691894531 783
784 285.1324768066406 784
785 285.1352233886719 785
786 285.1380004882812 786
787 285.1407470703125 787
788 285.1434936523438 788
789 285.1462097167969 789
790 285.14892578125 790
791 285.151611328125 791
792 285.154296875 792
793 285.156982421875 793
794 285.1596374511719 794
795 285.1622619628906 795
796 285.1649169921875 796
797 285.1675109863281 797
798 285.1701049804688 798
799 285.1727294921875 799
800 285.1752624511719 800
801 285.1778259277344 801
802 285.1803588867188 802
803 285.182861328125 803
804 285.1853637695312 804
805 285.1878662109375 805
806 285.1903076171875 806
807 285.1927795410156 807
808 285.1951904296875 808
809 285.1976318359375 809
810 285.2000122070312 810
811 285.202392578125 811
812 285.2047119140625 812
813 285.2070922851562 813
814 285.2094116210938 814
815 285.211669921875 815
816 285.2139282226562 816
817 285.2162170410156 817
818 285.2184448242188 818
819 285.2206420898438 819
820 285.2228393554688 820
821 285.2250061035156 821
822 285.2271423339844 822
823 285.2292785644531 823
824 285.2313842773438 824
825 285.2334594726562 825
826 285.2355346679688 826
827 285.237548828125 827
828 285.2395629882812 828
829 285.2415466308594 829
830 285.2435302734375 830
831 285.2454528808594 831
832 285.2473449707031 832
833 285.249267578125 833
834 285.2510986328125 834
835 285.2529602050781 835
836 285.2547912597656 836
837 285.2565612792969 837
838 285.2583312988281 838
839 285.2600708007812 839
840 285.2617797851562 840
841 285.2634887695312 841
842 285.26513671875 842
843 285.2667846679688 843
844 285.2683715820312 844
845 285.2699584960938 845
846 285.2715148925781 846
847 285.2730407714844 847
848 285.2745361328125 848
849 285.2760009765625 849
850 285.2774658203125 850
851 285.2788696289062 851
852 285.2802734375 852
853 285.2816162109375 853
854 285.282958984375 854
855 285.2842712402344 855
856 285.2855834960938 856
857 285.2868041992188 857
858 285.2880554199219 858
859 285.2892456054688 859
860 285.2904052734375 860
861 285.2915649414062 861
862 285.2926635742188 862
863 285.2937622070312 863
864 285.2948303222656 864
865 285.2958984375 865
866 285.296875 866
867 285.2978820800781 867
868 285.2988586425781 868
869 285.2998046875 869
870 285.3006896972656 870
871 285.3015747070312 871
872 285.3024597167969 872
873 285.3033142089844 873
874 285.3041381835938 874
875 285.304931640625 875
876 285.3057250976562 876
877 285.3064575195312 877
878 285.3071899414062 878
879 285.3079223632812 879
880 285.3086242675781 880
881 285.3092956542969 881
882 285.3099365234375 882
883 285.3106079101562 883
884 285.3112182617188 884
885 285.3118286132812 885
886 285.3124389648438 886
887 285.3130493164062 887
888 285.3135986328125 888
889 285.3141784667969 889
890 285.3147277832031 890
891 285.3153076171875 891
892 285.3157958984375 892
893 285.3163452148438 893
894 285.3168334960938 894
895 285.3173522949219 895
896 285.3178405761719 896
897 285.318359375 897
898 285.31884765625 898
899 285.3193054199219 899
900 285.31982421875 900
901 285.3202819824219 901
902 285.3207397460938 902
903 285.3212585449219 903
904 285.3217163085938 904
905 285.3222045898438 905
906 285.3226928710938 906
907 285.3231811523438 907
908 285.3236694335938 908
909 285.3241577148438 909
910 285.3246765136719 910
911 285.3251647949219 911
912 285.32568359375 912
913 285.3262329101562 913
914 285.3267211914062 914
915 285.3272705078125 915
916 285.3278198242188 916
917 285.328369140625 917
918 285.3289489746094 918
919 285.3295288085938 919
920 285.3301391601562 920
921 285.3307495117188 921
922 285.3313598632812 922
923 285.3320007324219 923
924 285.3326416015625 924
925 285.3333129882812 925
926 285.333984375 926
927 285.3346557617188 927
928 285.3353881835938 928
929 285.3361206054688 929
930 285.3368530273438 930
931 285.337646484375 931
932 285.33837890625 932
933 285.3391723632812 933
934 285.3400268554688 934
935 285.3408203125 935
936 285.3417053222656 936
937 285.3425903320312 937
938 285.3434753417969 938
939 285.3443603515625 939
940 285.3453369140625 940
941 285.3462524414062 941
942 285.3472290039062 942
943 285.3482360839844 943
944 285.3492431640625 944
945 285.3502807617188 945
946 285.3513488769531 946
947 285.3524169921875 947
948 285.353515625 948
949 285.3546447753906 949
950 285.3557739257812 950
951 285.35693359375 951
952 285.358154296875 952
953 285.3593444824219 953
954 285.360595703125 954
955 285.36181640625 955
956 285.3630981445312 956
957 285.3643798828125 957
958 285.36572265625 958
959 285.3670349121094 959
960 285.368408203125 960
961 285.3697509765625 961
962 285.3711547851562 962
963 285.3725891113281 963
964 285.3740234375 964
965 285.37548828125 965
966 285.376953125 966
967 285.3784484863281 967
968 285.3800048828125 968
969 285.3815002441406 969
970 285.383056640625 970
971 285.3846740722656 971
972 285.3862915039062 972
973 285.3878784179688 973
974 285.3894958496094 974
975 285.3911743164062 975
976 285.392822265625 976
977 285.39453125 977
978 285.396240234375 978
979 285.39794921875 979
980 285.3996887207031 980
981 285.4014282226562 981
982 285.4032287597656 982
983 285.405029296875 983
984 285.4068298339844 984
985 285.4086303710938 985
986 285.4104614257812 986
987 285.4123229980469 987
988 285.4142150878906 988
989 285.4160766601562 989
990 285.41796875 990
991 285.4198608398438 991
992 285.4218139648438 992
993 285.4237060546875 993
994 285.4256591796875 994
995 285.4276428222656 995
996 285.4296264648438 996
997 285.4315795898438 997
998 285.43359375 998
999 285.4355773925781 999
1000 285.4376220703125 1000
1001 285.4396362304688 1001
1002 285.441650390625 1002
1003 285.4437255859375 1003
1004 285.4457397460938 1004
1005 285.4478149414062 1005
1006 285.4498901367188 1006
1007 285.4519653320312 1007
1008 285.4540405273438 1008
1009 285.4561157226562 1009
1010 285.4582214355469 1010
1011 285.4603271484375 1011
1012 285.4624633789062 1012
1013 285.4645690917969 1013
1014 285.4666748046875 1014
1015 285.4688110351562 1015
1016 285.470947265625 1016
1017 285.4730834960938 1017
1018 285.4752197265625 1018
1019 285.4773559570312 1019
1020 285.4794921875 1020
1021 285.4816284179688 1021
1022 285.4837646484375 1022
1023 285.4859008789062 1023
1024 285.4880981445312 1024
1025 285.490234375 1025
1026 285.4923706054688 1026
1027 285.4945068359375 1027
1028 285.4966735839844 1028
1029 285.4988098144531 1029
1030 285.5009765625 1030
1031 285.5031433105469 1031
1032 285.5052795410156 1032
1033 285.5074157714844 1033
1034 285.5095520019531 1034
1035 285.5116882324219 1035
1036 285.5138549804688 1036
1037 285.5159606933594 1037
1038 285.5180969238281 1038
1039 285.5202026367188 1039
1040 285.5223388671875 1040
1041 285.5244445800781 1041
1042 285.5265502929688 1042
1043 285.5286254882812 1043
1044 285.5307006835938 1044
1045 285.5328063964844 1045
1046 285.5348815917969 1046
1047 285.5369567871094 1047
1048 285.5390319824219 1048
1049 285.5411071777344 1049
1050 285.5431518554688 1050
1051 285.5451965332031 1051
1052 285.5472412109375 1052
1053 285.5492553710938 1053
1054 285.55126953125 1054
1055 285.5532836914062 1055
1056 285.5552673339844 1056
1057 285.5572509765625 1057
1058 285.5592041015625 1058
1059 285.5611572265625 1059
1060 285.5631103515625 1060
1061 285.5650634765625 1061
1062 285.5669555664062 1062
1063 285.5689086914062 1063
1064 285.57080078125 1064
1065 285.5726623535156 1065
1066 285.5745239257812 1066
1067 285.5763854980469 1067
1068 285.5782470703125 1068
1069 285.580078125 1069
1070 285.5819091796875 1070
1071 285.5836791992188 1071
1072 285.58544921875 1072
1073 285.5872192382812 1073
1074 285.5889892578125 1074
1075 285.5906982421875 1075
1076 285.5924072265625 1076
1077 285.5941162109375 1077
1078 285.5957946777344 1078
1079 285.5974731445312 1079
1080 285.59912109375 1080
1081 285.6007690429688 1081
1082 285.6023559570312 1082
1083 285.6039428710938 1083
1084 285.6055297851562 1084
1085 285.6070861816406 1085
1086 285.608642578125 1086
1087 285.6101684570312 1087
1088 285.6116333007812 1088
1089 285.6130981445312 1089
1090 285.6145629882812 1090
1091 285.6160278320312 1091
1092 285.617431640625 1092
1093 285.6188049316406 1093
1094 285.6201782226562 1094
1095 285.6215209960938 1095
1096 285.6228637695312 1096
1097 285.6241760253906 1097
1098 285.6254272460938 1098
1099 285.626708984375 1099
1100 285.6279602050781 1100
1101 285.629150390625 1101
1102 285.6303405761719 1102
1103 285.6315002441406 1103
1104 285.6326904296875 1104
1105 285.6337890625 1105
1106 285.6348876953125 1106
1107 285.6359252929688 1107
1108 285.6369934082031 1108
1109 285.6380004882812 1109
1110 285.6390380859375 1110
1111 285.6399841308594 1111
1112 285.6409301757812 1112
1113 285.641845703125 1113
1114 285.6427612304688 1114
1115 285.6436157226562 1115
1116 285.6444702148438 1116
1117 285.645263671875 1117
1118 285.6460876464844 1118
1119 285.6468505859375 1119
1120 285.6475830078125 1120
1121 285.6483154296875 1121
1122 285.6489868164062 1122
1123 285.6496276855469 1123
1124 285.6502685546875 1124
1125 285.65087890625 1125
1126 285.6514587402344 1126
1127 285.6520385742188 1127
1128 285.6525268554688 1128
1129 285.6530456542969 1129
1130 285.6535339355469 1130
1131 285.6539916992188 1131
1132 285.6544189453125 1132
1133 285.6548461914062 1133
1134 285.6552124023438 1134
1135 285.6555480957031 1135
1136 285.6558837890625 1136
1137 285.6561889648438 1137
1138 285.6564636230469 1138
1139 285.6567077636719 1139
1140 285.6569519042969 1140
1141 285.6571655273438 1141
1142 285.6573486328125 1142
1143 285.6575317382812 1143
1144 285.6576843261719 1144
1145 285.6578063964844 1145
1146 285.6578979492188 1146
1147 285.6579895019531 1147
1148 285.6580810546875 1148
1149 285.6581420898438 1149
1150 285.6581726074219 1150
1151 285.6581420898438 1151
1152 285.6581726074219 1152
1153 285.6581726074219 1153
1154 285.6581420898438 1154
1155 285.6581115722656 1155
1156 285.6580505371094 1156
1157 285.657958984375 1157
1158 285.6578979492188 1158
1159 285.6578369140625 1159
1160 285.6577453613281 1160
1161 285.6576538085938 1161
1162 285.6575012207031 1162
1163 285.6574096679688 1163
1164 285.6572875976562 1164
1165 285.6571655273438 1165
1166 285.6570129394531 1166
1167 285.6568908691406 1167
1168 285.65673828125 1168
1169 285.6566162109375 1169
1170 285.6564636230469 1170
1171 285.6563110351562 1171
1172 285.6561889648438 1172
1173 285.6560668945312 1173
1174 285.6559143066406 1174
1175 285.6557922363281 1175
1176 285.6556396484375 1176
1177 285.655517578125 1177
1178 285.6554565429688 1178
1179 285.6553039550781 1179
1180 285.6552124023438 1180
1181 285.6551208496094 1181
1182 285.655029296875 1182
1183 285.6549682617188 1183
1184 285.6549072265625 1184
1185 285.6548461914062 1185
1186 285.65478515625 1186
1187 285.6547546386719 1187
1188 285.6547241210938 1188
1189 285.6547241210938 1189
1190 285.6547241210938 1190
1191 285.6547546386719 1191
1192 285.6548156738281 1192
1193 285.6548461914062 1193
1194 285.6549377441406 1194
1195 285.6549987792969 1195
1196 285.6551208496094 1196
1197 285.6552429199219 1197
1198 285.6553955078125 1198
1199 285.655517578125 1199
1200 285.6557006835938 1200
1201 285.6559143066406 1201
1202 285.6561279296875 1202
1203 285.6563720703125 1203
1204 285.6566162109375 1204
1205 285.6568908691406 1205
1206 285.6571655273438 1206
1207 285.6575012207031 1207
1208 285.6578369140625 1208
1209 285.658203125 1209
1210 285.6585693359375 1210
1211 285.6589965820312 1211
1212 285.659423828125 1212
1213 285.6598510742188 1213
1214 285.6603393554688 1214
1215 285.6608276367188 1215
1216 285.6613159179688 1216
1217 285.661865234375 1217
1218 285.6624145507812 1218
1219 285.6630249023438 1219
1220 285.6636352539062 1220
1221 285.6642456054688 1221
1222 285.6649169921875 1222
1223 285.6655883789062 1223
1224 285.666259765625 1224
1225 285.6669921875 1225
1226 285.667724609375 1226
1227 285.6685180664062 1227
1228 285.6692810058594 1228
1229 285.6701049804688 1229
1230 285.6709289550781 1230
1231 285.6717834472656 1231
1232 285.6726684570312 1232
1233 285.6735534667969 1233
1234 285.6744689941406 1234
1235 285.6754150390625 1235
1236 285.6763610839844 1236
1237 285.6773681640625 1237
1238 285.6783447265625 1238
1239 285.6793823242188 1239
1240 285.680419921875 1240
1241 285.6814880371094 1241
1242 285.6825561523438 1242
1243 285.6836547851562 1243
1244 285.684814453125 1244
1245 285.6859130859375 1245
1246 285.6871337890625 1246
1247 285.6882934570312 1247
1248 285.6894836425781 1248
1249 285.690673828125 1249
1250 285.6919250488281 1250
1251 285.6931762695312 1251
1252 285.6944580078125 1252
1253 285.6957397460938 1253
1254 285.6970520019531 1254
1255 285.6983642578125 1255
1256 285.69970703125 1256
1257 285.7010498046875 1257
1258 285.7024536132812 1258
1259 285.7037963867188 1259
1260 285.7052001953125 1260
1261 285.7066040039062 1261
1262 285.7080078125 1262
1263 285.70947265625 1263
1264 285.7109375 1264
1265 285.71240234375 1265
1266 285.7138671875 1266
1267 285.7153625488281 1267
1268 285.7168579101562 1268
1269 285.7183837890625 1269
1270 285.7199096679688 1270
1271 285.721435546875 1271
1272 285.7229919433594 1272
1273 285.7245483398438 1273
1274 285.7261047363281 1274
1275 285.7276611328125 1275
1276 285.729248046875 1276
1277 285.7308349609375 1277
1278 285.7324523925781 1278
1279 285.7340698242188 1279
1280 285.7356567382812 1280
1281 285.7372741699219 1281
1282 285.7388916015625 1282
1283 285.7405395507812 1283
1284 285.7421875 1284
1285 285.7438354492188 1285
1286 285.7454528808594 1286
1287 285.7471313476562 1287
1288 285.7488098144531 1288
1289 285.7504272460938 1289
1290 285.7521057128906 1290
1291 285.7537841796875 1291
1292 285.7554321289062 1292
1293 285.7571105957031 1293
1294 285.7587890625 1294
1295 285.760498046875 1295
1296 285.7621459960938 1296
1297 285.7638549804688 1297
1298 285.7655029296875 1298
1299 285.7671813964844 1299
1300 285.7688598632812 1300
1301 285.7705383300781 1301
1302 285.772216796875 1302
1303 285.7738647460938 1303
1304 285.7755737304688 1304
1305 285.7772216796875 1305
1306 285.7788696289062 1306
1307 285.7805480957031 1307
1308 285.7822265625 1308
1309 285.7838745117188 1309
1310 285.7855224609375 1310
1311 285.7871704101562 1311
1312 285.788818359375 1312
1313 285.7904663085938 1313
1314 285.7920837402344 1314
1315 285.793701171875 1315
1316 285.7953186035156 1316
1317 285.7969360351562 1317
1318 285.7985229492188 1318
1319 285.8001403808594 1319
1320 285.8017272949219 1320
1321 285.8033142089844 1321
1322 285.8048706054688 1322
1323 285.8064575195312 1323
1324 285.8079833984375 1324
1325 285.8095397949219 1325
1326 285.8110961914062 1326
1327 285.8126220703125 1327
1328 285.8141174316406 1328
1329 285.8156433105469 1329
1330 285.817138671875 1330
1331 285.818603515625 1331
1332 285.820068359375 1332
1333 285.821533203125 1333
1334 285.8229675292969 1334
1335 285.8244018554688 1335
1336 285.8258056640625 1336
1337 285.8272094726562 1337
1338 285.82861328125 1338
1339 285.8299560546875 1339
1340 285.8313598632812 1340
1341 285.8327026367188 1341
1342 285.8340454101562 1342
1343 285.8353271484375 1343
1344 285.836669921875 1344
1345 285.8379516601562 1345
1346 285.8392028808594 1346
1347 285.8404541015625 1347
1348 285.8417053222656 1348
1349 285.8429260253906 1349
1350 285.8441162109375 1350
1351 285.8453063964844 1351
1352 285.8464965820312 1352
1353 285.8476257324219 1353
1354 285.8487548828125 1354
1355 285.849853515625 1355
1356 285.8509521484375 1356
1357 285.85205078125 1357
1358 285.8530883789062 1358
1359 285.8541259765625 1359
1360 285.8551635742188 1360
1361 285.8561401367188 1361
1362 285.8571166992188 1362
1363 285.8580627441406 1363
1364 285.8590087890625 1364
1365 285.8599243164062 1365
1366 285.8608093261719 1366
1367 285.8616638183594 1367
1368 285.8625183105469 1368
1369 285.8633422851562 1369
1370 285.8641357421875 1370
1371 285.8649291992188 1371
1372 285.8656921386719 1372
1373 285.8664245605469 1373
1374 285.8671264648438 1374
1375 285.8677978515625 1375
1376 285.8684692382812 1376
1377 285.869140625 1377
1378 285.8697204589844 1378
1379 285.8703308105469 1379
1380 285.8709106445312 1380
1381 285.8714294433594 1381
1382 285.8719482421875 1382
1383 285.8724365234375 1383
1384 285.8729248046875 1384
1385 285.8733520507812 1385
1386 285.873779296875 1386
1387 285.8741760253906 1387
1388 285.8745727539062 1388
1389 285.8748779296875 1389
1390 285.8751831054688 1390
1391 285.87548828125 1391
1392 285.875732421875 1392
1393 285.8759765625 1393
1394 285.876220703125 1394
1395 285.8764038085938 1395
1396 285.8765563964844 1396
1397 285.876708984375 1397
1398 285.8768005371094 1398
1399 285.8768920898438 1399
1400 285.876953125 1400
1401 285.8769836425781 1401
1402 285.8770141601562 1402
1403 285.8770141601562 1403
1404 285.876953125 1404
1405 285.8768920898438 1405
1406 285.8768310546875 1406
1407 285.876708984375 1407
1408 285.8765869140625 1408
1409 285.8764343261719 1409
1410 285.8762817382812 1410
1411 285.8760681152344 1411
1412 285.8758544921875 1412
1413 285.8756103515625 1413
1414 285.8753662109375 1414
1415 285.8751220703125 1415
1416 285.8748168945312 1416
1417 285.87451171875 1417
1418 285.8741760253906 1418
1419 285.8738403320312 1419
1420 285.8734741210938 1420
1421 285.8731079101562 1421
1422 285.8727111816406 1422
1423 285.872314453125 1423
1424 285.8718872070312 1424
1425 285.8714599609375 1425
1426 285.8710327148438 1426
1427 285.8705749511719 1427
1428 285.8701171875 1428
1429 285.8696594238281 1429
1430 285.8692016601562 1430
1431 285.8687133789062 1431
1432 285.8682250976562 1432
1433 285.8677368164062 1433
1434 285.8672485351562 1434
1435 285.8667602539062 1435
1436 285.8662719726562 1436
1437 285.86572265625 1437
1438 285.865234375 1438
1439 285.86474609375 1439
1440 285.8642272949219 1440
1441 285.8637390136719 1441
1442 285.8632202148438 1442
1443 285.8627319335938 1443
1444 285.8622436523438 1444
1445 285.8617858886719 1445
1446 285.8612670898438 1446
1447 285.8608093261719 1447
1448 285.8603210449219 1448
1449 285.85986328125 1449
1450 285.8594360351562 1450
1451 285.8590087890625 1451
1452 285.8585510253906 1452
1453 285.858154296875 1453
1454 285.8577270507812 1454
1455 285.8573608398438 1455
1456 285.85693359375 1456
1457 285.8565673828125 1457
1458 285.856201171875 1458
1459 285.8558959960938 1459
1460 285.8555603027344 1460
1461 285.855224609375 1461
1462 285.85498046875 1462
1463 285.8546752929688 1463
1464 285.8544311523438 1464
1465 285.8541870117188 1465
1466 285.8539428710938 1466
1467 285.853759765625 1467
1468 285.8535766601562 1468
1469 285.8533935546875 1469
1470 285.853271484375 1470
1471 285.8531494140625 1471
1472 285.85302734375 1472
1473 285.8529357910156 1473
1474 285.8529052734375 1474
1475 285.8528442382812 1475
1476 285.8528442382812 1476
1477 285.8528137207031 1477
1478 285.8528442382812 1478
1479 285.8529052734375 1479
1480 285.8529663085938 1480
1481 285.8530883789062 1481
1482 285.8532104492188 1482
1483 285.8533325195312 1483
1484 285.8534545898438 1484
1485 285.8536682128906 1485
1486 285.8538818359375 1486
1487 285.8541259765625 1487
1488 285.8543701171875 1488
1489 285.8546447753906 1489
1490 285.8549194335938 1490
1491 285.8552856445312 1491
1492 285.8556213378906 1492
1493 285.8559875488281 1493
1494 285.8563842773438 1494
1495 285.8568115234375 1495
1496 285.8572387695312 1496
1497 285.8576965332031 1497
1498 285.8582153320312 1498
1499 285.8587036132812 1499
1500 285.8592529296875 1500
1501 285.8598022460938 1501
1502 285.8603820800781 1502
1503 285.8609619140625 1503
1504 285.861572265625 1504
1505 285.8622436523438 1505
1506 285.8629150390625 1506
1507 285.8635864257812 1507
1508 285.8642883300781 1508
1509 285.8650512695312 1509
1510 285.8657836914062 1510
1511 285.8665466308594 1511
1512 285.8673400878906 1512
1513 285.8681640625 1513
1514 285.8690185546875 1514
1515 285.869873046875 1515
1516 285.8707275390625 1516
1517 285.8716125488281 1517
1518 285.8725280761719 1518
1519 285.8734436035156 1519
1520 285.8743896484375 1520
1521 285.8753662109375 1521
1522 285.8763427734375 1522
1523 285.8773193359375 1523
1524 285.8783569335938 1524
1525 285.87939453125 1525
1526 285.8804626464844 1526
1527 285.8815002441406 1527
1528 285.8825988769531 1528
1529 285.8836669921875 1529
1530 285.8848266601562 1530
1531 285.8859252929688 1531
1532 285.8870849609375 1532
1533 285.8882141113281 1533
1534 285.889404296875 1534
1535 285.8905639648438 1535
1536 285.8917846679688 1536
1537 285.8929748535156 1537
1538 285.8941955566406 1538
1539 285.8954162597656 1539
1540 285.8966674804688 1540
1541 285.8979187011719 1541
1542 285.899169921875 1542
1543 285.9004516601562 1543
1544 285.9017333984375 1544
1545 285.9030151367188 1545
1546 285.9043273925781 1546
1547 285.9056396484375 1547
1548 285.906982421875 1548
1549 285.9082641601562 1549
1550 285.9096069335938 1550
1551 285.9109497070312 1551
1552 285.9122924804688 1552
1553 285.9136657714844 1553
1554 285.9150390625 1554
1555 285.9163818359375 1555
1556 285.9177551269531 1556
1557 285.9191284179688 1557
1558 285.9205322265625 1558
1559 285.921875 1559
1560 285.9232788085938 1560
1561 285.9246826171875 1561
1562 285.9260559082031 1562
1563 285.9274597167969 1563
1564 285.9288635253906 1564
1565 285.9302368164062 1565
1566 285.931640625 1566
1567 285.9330444335938 1567
1568 285.9344482421875 1568
1569 285.9358520507812 1569
1570 285.937255859375 1570
1571 285.9386596679688 1571
1572 285.9400634765625 1572
1573 285.9414672851562 1573
1574 285.94287109375 1574
1575 285.9442443847656 1575
1576 285.9456176757812 1576
1577 285.947021484375 1577
1578 285.9484252929688 1578
1579 285.9497680664062 1579
1580 285.951171875 1580
1581 285.9525146484375 1581
1582 285.9539184570312 1582
1583 285.9552612304688 1583
1584 285.9566345214844 1584
1585 285.9579772949219 1585
1586 285.9593200683594 1586
1587 285.9606628417969 1587
1588 285.9619750976562 1588
1589 285.9633178710938 1589
1590 285.964599609375 1590
1591 285.9659423828125 1591
1592 285.9672546386719 1592
1593 285.968505859375 1593
1594 285.9697875976562 1594
1595 285.9710693359375 1595
1596 285.9723510742188 1596
1597 285.9736022949219 1597
1598 285.974853515625 1598
1599 285.97607421875 1599
1600 285.977294921875 1600
1601 285.9784851074219 1601
1602 285.9797058105469 1602
1603 285.9808959960938 1603
1604 285.9820556640625 1604
1605 285.9832153320312 1605
1606 285.984375 1606
1607 285.9855041503906 1607
1608 285.9866027832031 1608
1609 285.9877319335938 1609
1610 285.9888305664062 1610
1611 285.9898986816406 1611
1612 285.990966796875 1612
1613 285.9920043945312 1613
1614 285.9930419921875 1614
1615 285.9940795898438 1615
1616 285.9950561523438 1616
1617 285.9960327148438 1617
1618 285.9970092773438 1618
1619 285.9979858398438 1619
1620 285.9989013671875 1620
1621 285.9998168945312 1621
1622 286.000732421875 1622
1623 286.0016174316406 1623
1624 286.00244140625 1624
1625 286.0032958984375 1625
1626 286.004150390625 1626
1627 286.0049438476562 1627
1628 286.0057373046875 1628
1629 286.0065002441406 1629
1630 286.0072631835938 1630
1631 286.0079650878906 1631
1632 286.0087280273438 1632
1633 286.0093688964844 1633
1634 286.0100402832031 1634
1635 286.0106811523438 1635
1636 286.0112915039062 1636
1637 286.0119018554688 1637
1638 286.0125122070312 1638
1639 286.0130615234375 1639
1640 286.0136108398438 1640
1641 286.0140991210938 1641
1642 286.0145874023438 1642
1643 286.0150756835938 1643
1644 286.0155334472656 1644
1645 286.0159301757812 1645
1646 286.016357421875 1646
1647 286.0167236328125 1647
1648 286.0170593261719 1648
1649 286.0173950195312 1649
1650 286.0177001953125 1650
1651 286.0180053710938 1651
1652 286.0182495117188 1652
1653 286.0184936523438 1653
1654 286.0186767578125 1654
1655 286.0188598632812 1655
1656 286.0190124511719 1656
1657 286.0191650390625 1657
1658 286.019287109375 1658
1659 286.0193481445312 1659
1660 286.0194091796875 1660
1661 286.0194396972656 1661
1662 286.0194396972656 1662
1663 286.0194396972656 1663
1664 286.0194091796875 1664
1665 286.0193176269531 1665
1666 286.0192260742188 1666
1667 286.0191040039062 1667
1668 286.0189514160156 1668
1669 286.018798828125 1669
1670 286.0186157226562 1670
1671 286.0183715820312 1671
1672 286.0181274414062 1672
1673 286.0178833007812 1673
1674 286.017578125 1674
1675 286.0172729492188 1675
1676 286.0169677734375 1676
1677 286.0166015625 1677
1678 286.0162353515625 1678
1679 286.0158081054688 1679
1680 286.0154113769531 1680
1681 286.0149536132812 1681
1682 286.0144958496094 1682
1683 286.0140380859375 1683
1684 286.0135498046875 1684
1685 286.0130310058594 1685
1686 286.012451171875 1686
1687 286.0119323730469 1687
1688 286.0113830566406 1688
1689 286.0108032226562 1689
1690 286.0101928710938 1690
1691 286.0095825195312 1691
1692 286.0089721679688 1692
1693 286.0083618164062 1693
1694 286.0076904296875 1694
1695 286.0070190429688 1695
1696 286.00634765625 1696
1697 286.0057067871094 1697
1698 286.0050048828125 1698
1699 286.0043029785156 1699
1700 286.0036010742188 1700
1701 286.0029296875 1701
1702 286.002197265625 1702
1703 286.0014953613281 1703
1704 286.0007629394531 1704
1705 286.0000610351562 1705
1706 285.9993286132812 1706
1707 285.9986572265625 1707
1708 285.9979248046875 1708
1709 285.9971923828125 1709
1710 285.9964904785156 1710
1711 285.9957580566406 1711
1712 285.9950561523438 1712
1713 285.994384765625 1713
1714 285.99365234375 1714
1715 285.9929809570312 1715
1716 285.9922790527344 1716
1717 285.9915771484375 1717
1718 285.9909057617188 1718
1719 285.9902648925781 1719
1720 285.9896240234375 1720
1721 285.9889831542969 1721
1722 285.9883422851562 1722
1723 285.9877319335938 1723
1724 285.9871215820312 1724
1725 285.9865417480469 1725
1726 285.9859619140625 1726
1727 285.9854125976562 1727
1728 285.98486328125 1728
1729 285.9843139648438 1729
1730 285.9838256835938 1730
1731 285.9833374023438 1731
1732 285.9828186035156 1732
1733 285.9823608398438 1733
1734 285.98193359375 1734
1735 285.9815063476562 1735
1736 285.9810791015625 1736
1737 285.980712890625 1737
1738 285.9803466796875 1738
1739 285.97998046875 1739
1740 285.9796752929688 1740
1741 285.9793701171875 1741
1742 285.9790954589844 1742
1743 285.9788208007812 1743
1744 285.9785766601562 1744
1745 285.9783630371094 1745
1746 285.9781494140625 1746
1747 285.9779663085938 1747
1748 285.9778442382812 1748
1749 285.9776916503906 1749
1750 285.9776000976562 1750
1751 285.9775085449219 1751
1752 285.9774780273438 1752
1753 285.9774169921875 1753
1754 285.9774169921875 1754
1755 285.9774169921875 1755
1756 285.9774780273438 1756
1757 285.9775390625 1757
1758 285.9776000976562 1758
1759 285.9777221679688 1759
1760 285.9778442382812 1760
1761 285.97802734375 1761
1762 285.9782104492188 1762
1763 285.9783935546875 1763
1764 285.9786071777344 1764
1765 285.9788818359375 1765
1766 285.9791259765625 1766
1767 285.9794311523438 1767
1768 285.9797668457031 1768
1769 285.9801025390625 1769
1770 285.98046875 1770
1771 285.9808654785156 1771
1772 285.9812622070312 1772
1773 285.981689453125 1773
1774 285.982177734375 1774
1775 285.982666015625 1775
1776 285.983154296875 1776
1777 285.9836730957031 1777
1778 285.9841918945312 1778
1779 285.9848022460938 1779
1780 285.9853820800781 1780
1781 285.9859619140625 1781
1782 285.986572265625 1782
1783 285.9872436523438 1783
1784 285.9879150390625 1784
1785 285.9885864257812 1785
1786 285.9893188476562 1786
1787 285.9900512695312 1787
1788 285.9907836914062 1788
1789 285.9915466308594 1789
1790 285.9923400878906 1790
1791 285.9931030273438 1791
1792 285.9939575195312 1792
1793 285.9947814941406 1793
1794 285.9956359863281 1794
1795 285.9965209960938 1795
1796 285.9973754882812 1796
1797 285.998291015625 1797
1798 285.9992065429688 1798
1799 286.0001525878906 1799
1800 286.0010986328125 1800
1801 286.0020751953125 1801
1802 286.0030517578125 1802
1803 286.0040283203125 1803
1804 286.0050354003906 1804
1805 286.0060729980469 1805
1806 286.007080078125 1806
1807 286.0081176757812 1807
1808 286.0091857910156 1808
1809 286.01025390625 1809
1810 286.0113220214844 1810
1811 286.0124206542969 1811
1812 286.0134887695312 1812
1813 286.0146179199219 1813
1814 286.0157470703125 1814
1815 286.0168762207031 1815
1816 286.0180053710938 1816
1817 286.0191650390625 1817
1818 286.0202941894531 1818
1819 286.021484375 1819
1820 286.0226440429688 1820
1821 286.0238037109375 1821
1822 286.0249938964844 1822
1823 286.0261840820312 1823
1824 286.0274047851562 1824
1825 286.0285949707031 1825
1826 286.02978515625 1826
1827 286.031005859375 1827
1828 286.0322265625 1828
1829 286.033447265625 1829
1830 286.03466796875 1830
1831 286.035888671875 1831
1832 286.037109375 1832
1833 286.038330078125 1833
1834 286.0395812988281 1834
1835 286.0408325195312 1835
1836 286.0420227050781 1836
1837 286.0432739257812 1837
1838 286.0444946289062 1838
1839 286.0457458496094 1839
1840 286.0469970703125 1840
1841 286.0482177734375 1841
1842 286.0494384765625 1842
1843 286.0506896972656 1843
1844 286.0519104003906 1844
1845 286.0531311035156 1845
1846 286.0543518066406 1846
1847 286.0556030273438 1847
1848 286.0567932128906 1848
1849 286.0580139160156 1849
1850 286.0592041015625 1850
1851 286.0604248046875 1851
1852 286.0616149902344 1852
1853 286.0628051757812 1853
1854 286.0640258789062 1854
1855 286.065185546875 1855
1856 286.0663757324219 1856
1857 286.0675354003906 1857
1858 286.0687255859375 1858
1859 286.0698852539062 1859
1860 286.0710144042969 1860
1861 286.0721740722656 1861
1862 286.0733032226562 1862
1863 286.0744018554688 1863
1864 286.0755310058594 1864
1865 286.07666015625 1865
1866 286.0777282714844 1866
1867 286.0787963867188 1867
1868 286.0798950195312 1868
1869 286.0809631347656 1869
1870 286.08203125 1870
1871 286.0830383300781 1871
1872 286.0840759277344 1872
1873 286.0850830078125 1873
1874 286.0860900878906 1874
1875 286.0870971679688 1875
1876 286.0880737304688 1876
1877 286.0890502929688 1877
1878 286.0899963378906 1878
1879 286.0909423828125 1879
1880 286.0918579101562 1880
1881 286.0927734375 1881
1882 286.0936584472656 1882
1883 286.0945434570312 1883
1884 286.0953979492188 1884
1885 286.0962524414062 1885
1886 286.0971069335938 1886
1887 286.097900390625 1887
1888 286.0986938476562 1888
1889 286.0994873046875 1889
1890 286.1002807617188 1890
1891 286.1010131835938 1891
1892 286.1017456054688 1892
1893 286.1024475097656 1893
1894 286.1031494140625 1894
1895 286.1038208007812 1895
1896 286.1044616699219 1896
1897 286.1051025390625 1897
1898 286.1057434082031 1898
1899 286.1063232421875 1899
1900 286.1069030761719 1900
1901 286.1074829101562 1901
1902 286.1080322265625 1902
1903 286.1085205078125 1903
1904 286.1090087890625 1904
1905 286.1095275878906 1905
1906 286.1099853515625 1906
1907 286.1104125976562 1907
1908 286.11083984375 1908
1909 286.1112060546875 1909
1910 286.111572265625 1910
1911 286.1119384765625 1911
1912 286.1122436523438 1912
1913 286.112548828125 1913
1914 286.1128540039062 1914
1915 286.1130981445312 1915
1916 286.1133422851562 1916
1917 286.113525390625 1917
1918 286.1137084960938 1918
1919 286.1138916015625 1919
1920 286.114013671875 1920
1921 286.1141357421875 1921
1922 286.1142272949219 1922
1923 286.1142883300781 1923
1924 286.1143188476562 1924
1925 286.1143493652344 1925
1926 286.1143188476562 1926
1927 286.1143188476562 1927
1928 286.1142578125 1928
1929 286.1141662597656 1929
1930 286.114013671875 1930
1931 286.1139221191406 1931
1932 286.1137390136719 1932
1933 286.1135864257812 1933
1934 286.1133728027344 1934
1935 286.1130981445312 1935
1936 286.1128540039062 1936
1937 286.1125793457031 1937
1938 286.1122436523438 1938
1939 286.1119384765625 1939
1940 286.111572265625 1940
1941 286.1112060546875 1941
1942 286.1108093261719 1942
1943 286.1104125976562 1943
1944 286.1099243164062 1944
1945 286.1094665527344 1945
1946 286.1089782714844 1946
1947 286.1084594726562 1947
1948 286.10791015625 1948
1949 286.1073608398438 1949
1950 286.1067810058594 1950
1951 286.106201171875 1951
1952 286.1055908203125 1952
1953 286.10498046875 1953
1954 286.1043090820312 1954
1955 286.1036376953125 1955
1956 286.1029663085938 1956
1957 286.1022338867188 1957
1958 286.1015625 1958
1959 286.1007995605469 1959
1960 286.1000671386719 1960
1961 286.0993041992188 1961
1962 286.0985412597656 1962
1963 286.0977783203125 1963
1964 286.0969543457031 1964
1965 286.0961608886719 1965
1966 286.0953674316406 1966
1967 286.0945434570312 1967
1968 286.0937194824219 1968
1969 286.0928955078125 1969
1970 286.0920715332031 1970
1971 286.0912475585938 1971
1972 286.0903930664062 1972
1973 286.0895385742188 1973
1974 286.0886840820312 1974
1975 286.0878295898438 1975
1976 286.0869750976562 1976
1977 286.0861511230469 1977
1978 286.0852966308594 1978
1979 286.08447265625 1979
1980 286.0836181640625 1980
1981 286.082763671875 1981
1982 286.0819702148438 1982
1983 286.0811157226562 1983
1984 286.0802917480469 1984
1985 286.0794677734375 1985
1986 286.0786743164062 1986
1987 286.077880859375 1987
1988 286.0770874023438 1988
1989 286.0762939453125 1989
1990 286.0755615234375 1990
1991 286.0747680664062 1991
1992 286.0740356445312 1992
1993 286.0733032226562 1993
1994 286.0725708007812 1994
1995 286.0718994140625 1995
1996 286.0711975097656 1996
1997 286.0705261230469 1997
1998 286.0698852539062 1998
1999 286.0692443847656 1999
2000 286.068603515625 2000
2001 286.0679931640625 2001
2002 286.0674133300781 2002
2003 286.0668334960938 2003
2004 286.0663146972656 2004
2005 286.0657653808594 2005
2006 286.0652465820312 2006
2007 286.0647583007812 2007
2008 286.0643005371094 2008
2009 286.0638427734375 2009
2010 286.0634155273438 2010
2011 286.0630187988281 2011
2012 286.0626220703125 2012
2013 286.062255859375 2013
2014 286.0619506835938 2014
2015 286.0616149902344 2015
2016 286.0613098144531 2016
2017 286.06103515625 2017
2018 286.060791015625 2018
2019 286.060546875 2019
2020 286.0603637695312 2020
2021 286.0602111816406 2021
2022 286.0600280761719 2022
2023 286.0599060058594 2023
2024 286.059814453125 2024
2025 286.0596923828125 2025
2026 286.0596618652344 2026
2027 286.0596313476562 2027
2028 286.0596008300781 2028
2029 286.0596313476562 2029
2030 286.0596618652344 2030
2031 286.0597229003906 2031
2032 286.059814453125 2032
2033 286.0599365234375 2033
2034 286.06005859375 2034
2035 286.0601806640625 2035
2036 286.0603942871094 2036
2037 286.0606079101562 2037
2038 286.0608215332031 2038
2039 286.0610961914062 2039
2040 286.0613403320312 2040
2041 286.0616455078125 2041
2042 286.0619506835938 2042
2043 286.0623168945312 2043
2044 286.0626525878906 2044
2045 286.0630493164062 2045
2046 286.0634460449219 2046
2047 286.0638732910156 2047
2048 286.0643310546875 2048
2049 286.0648193359375 2049
2050 286.0653076171875 2050
2051 286.0657958984375 2051
2052 286.0663452148438 2052
2053 286.06689453125 2053
2054 286.0674743652344 2054
2055 286.0680847167969 2055
2056 286.0686950683594 2056
2057 286.0693359375 2057
2058 286.0700073242188 2058
2059 286.0706481933594 2059
2060 286.0713500976562 2060
2061 286.0720520019531 2061
2062 286.07275390625 2062
2063 286.0735168457031 2063
2064 286.0742797851562 2064
2065 286.0750427246094 2065
2066 286.0758666992188 2066
2067 286.07666015625 2067
2068 286.0774536132812 2068
2069 286.0783081054688 2069
2070 286.0791625976562 2070
2071 286.0800170898438 2071
2072 286.0809326171875 2072
2073 286.081787109375 2073
2074 286.0827026367188 2074
2075 286.0836181640625 2075
2076 286.0845642089844 2076
2077 286.0855102539062 2077
2078 286.0864868164062 2078
2079 286.0874633789062 2079
2080 286.0884399414062 2080
2081 286.0894165039062 2081
2082 286.0904235839844 2082
2083 286.0914306640625 2083
2084 286.0924682617188 2084
2085 286.093505859375 2085
2086 286.0945434570312 2086
2087 286.0955810546875 2087
2088 286.0966186523438 2088
2089 286.0977172851562 2089
2090 286.0987548828125 2090
2091 286.099853515625 2091
2092 286.1009216308594 2092
2093 286.10205078125 2093
2094 286.1031188964844 2094
2095 286.1042175292969 2095
2096 286.1053466796875 2096
2097 286.1064453125 2097
2098 286.1075439453125 2098
2099 286.1086730957031 2099
2100 286.1098022460938 2100
2101 286.1109008789062 2101
2102 286.1120300292969 2102
2103 286.1131591796875 2103
2104 286.1143188476562 2104
2105 286.1154174804688 2105
2106 286.1165466308594 2106
2107 286.11767578125 2107
2108 286.1188049316406 2108
2109 286.1199340820312 2109
2110 286.12109375 2110
2111 286.1222229003906 2111
2112 286.1233520507812 2112
2113 286.1244812011719 2113
2114 286.1256103515625 2114
2115 286.126708984375 2115
2116 286.1278686523438 2116
2117 286.1289672851562 2117
2118 286.1300659179688 2118
2119 286.1311645507812 2119
2120 286.13232421875 2120
2121 286.1333923339844 2121
2122 286.1344604492188 2122
2123 286.1355590820312 2123
2124 286.1366577148438 2124
2125 286.1377258300781 2125
2126 286.1388244628906 2126
2127 286.139892578125 2127
2128 286.1409301757812 2128
2129 286.1419677734375 2129
2130 286.1430053710938 2130
2131 286.14404296875 2131
2132 286.1450805664062 2132
2133 286.1461181640625 2133
2134 286.1470947265625 2134
2135 286.1481018066406 2135
2136 286.1491088867188 2136
2137 286.1500854492188 2137
2138 286.1510314941406 2138
2139 286.1519775390625 2139
2140 286.1529235839844 2140
2141 286.1538696289062 2141
2142 286.15478515625 2142
2143 286.1557006835938 2143
2144 286.1565856933594 2144
2145 286.157470703125 2145
2146 286.1583557128906 2146
2147 286.1592102050781 2147
2148 286.1600341796875 2148
2149 286.1608581542969 2149
2150 286.1616821289062 2150
2151 286.1624755859375 2151
2152 286.1632690429688 2152
2153 286.1640625 2153
2154 286.164794921875 2154
2155 286.16552734375 2155
2156 286.166259765625 2156
2157 286.1669616699219 2157
2158 286.1676635742188 2158
2159 286.1683349609375 2159
2160 286.1689758300781 2160
2161 286.1696166992188 2161
2162 286.1702270507812 2162
2163 286.1708374023438 2163
2164 286.1714172363281 2164
2165 286.1719970703125 2165
2166 286.1725463867188 2166
2167 286.1730651855469 2167
2168 286.173583984375 2168
2169 286.174072265625 2169
2170 286.1745300292969 2170
2171 286.1749877929688 2171
2172 286.1754150390625 2172
2173 286.1758117675781 2173
2174 286.1762084960938 2174
2175 286.1765747070312 2175
2176 286.1768798828125 2176
2177 286.1772155761719 2177
2178 286.1775512695312 2178
2179 286.1777954101562 2179
2180 286.1780395507812 2180
2181 286.1782836914062 2181
2182 286.1785278320312 2182
2183 286.1787109375 2183
2184 286.1788635253906 2184
2185 286.1789855957031 2185
2186 286.1791076660156 2186
2187 286.1792297363281 2187
2188 286.1792907714844 2188
2189 286.1793212890625 2189
2190 286.1793518066406 2190
2191 286.1793823242188 2191
2192 286.1793212890625 2192
2193 286.1792907714844 2193
2194 286.17919921875 2194
2195 286.1791076660156 2195
2196 286.1789855957031 2196
2197 286.1788330078125 2197
2198 286.1786499023438 2198
2199 286.178466796875 2199
2200 286.1782531738281 2200
2201 286.1780090332031 2201
2202 286.177734375 2202
2203 286.1774291992188 2203
2204 286.1770935058594 2204
2205 286.1767578125 2205
2206 286.1763916015625 2206
2207 286.176025390625 2207
2208 286.1755676269531 2208
2209 286.1751098632812 2209
2210 286.1746826171875 2210
2211 286.1741943359375 2211
2212 286.1736755371094 2212
2213 286.1731262207031 2213
2214 286.1725463867188 2214
2215 286.1719970703125 2215
2216 286.17138671875 2216
2217 286.1707763671875 2217
2218 286.1701354980469 2218
2219 286.1694946289062 2219
2220 286.1687927246094 2220
2221 286.1680908203125 2221
2222 286.1673583984375 2222
2223 286.1666259765625 2223
2224 286.1658935546875 2224
2225 286.1651306152344 2225
2226 286.1643371582031 2226
2227 286.1635437011719 2227
2228 286.1627197265625 2228
2229 286.1618957519531 2229
2230 286.1610717773438 2230
2231 286.1602172851562 2231
2232 286.1593322753906 2232
2233 286.158447265625 2233
2234 286.1575622558594 2234
2235 286.1567077636719 2235
2236 286.1557922363281 2236
2237 286.1549072265625 2237
2238 286.1539916992188 2238
2239 286.153076171875 2239
2240 286.1521301269531 2240
2241 286.1512145996094 2241
2242 286.1502990722656 2242
2243 286.1493530273438 2243
2244 286.1484375 2244
2245 286.1474914550781 2245
2246 286.1465454101562 2246
2247 286.1456298828125 2247
2248 286.1447143554688 2248
2249 286.143798828125 2249
2250 286.1428527832031 2250
2251 286.1419677734375 2251
2252 286.1410217285156 2252
2253 286.14013671875 2253
2254 286.1392517089844 2254
2255 286.1383361816406 2255
2256 286.137451171875 2256
2257 286.1365966796875 2257
2258 286.1357421875 2258
2259 286.1348876953125 2259
2260 286.1340637207031 2260
2261 286.1332397460938 2261
2262 286.1324462890625 2262
2263 286.1316528320312 2263
2264 286.130859375 2264
2265 286.1300659179688 2265
2266 286.1293334960938 2266
2267 286.1286010742188 2267
2268 286.1278686523438 2268
2269 286.1271667480469 2269
2270 286.12646484375 2270
2271 286.1258239746094 2271
2272 286.1251831054688 2272
2273 286.1245422363281 2273
2274 286.1239318847656 2274
2275 286.1233520507812 2275
2276 286.1227722167969 2276
2277 286.1222229003906 2277
2278 286.1217041015625 2278
2279 286.1212158203125 2279
2280 286.1207275390625 2280
2281 286.1202392578125 2281
2282 286.1198120117188 2282
2283 286.119384765625 2283
2284 286.1190185546875 2284
2285 286.11865234375 2285
2286 286.1182861328125 2286
2287 286.1179809570312 2287
2288 286.11767578125 2288
2289 286.1173706054688 2289
2290 286.1171264648438 2290
2291 286.1169128417969 2291
2292 286.11669921875 2292
2293 286.1165161132812 2293
2294 286.1163330078125 2294
2295 286.1162109375 2295
2296 286.1160888671875 2296
2297 286.1160278320312 2297
2298 286.115966796875 2298
2299 286.1159362792969 2299
2300 286.1159057617188 2300
2301 286.1159057617188 2301
2302 286.1159362792969 2302
2303 286.1160278320312 2303
2304 286.1160888671875 2304
2305 286.1162109375 2305
2306 286.1163330078125 2306
2307 286.1164855957031 2307
2308 286.1166381835938 2308
2309 286.1168518066406 2309
2310 286.1170654296875 2310
2311 286.1173095703125 2311
2312 286.1175842285156 2312
2313 286.1178894042969 2313
2314 286.1181945800781 2314
2315 286.1185302734375 2315
2316 286.118896484375 2316
2317 286.1192626953125 2317
2318 286.1196594238281 2318
2319 286.1201171875 2319
2320 286.1205139160156 2320
2321 286.1209716796875 2321
2322 286.1214599609375 2322
2323 286.1219787597656 2323
2324 286.1224975585938 2324
2325 286.123046875 2325
2326 286.1235961914062 2326
2327 286.1241760253906 2327
2328 286.1247863769531 2328
2329 286.1253967285156 2329
2330 286.1260375976562 2330
2331 286.126708984375 2331
2332 286.1273803710938 2332
2333 286.1280517578125 2333
2334 286.1287231445312 2334
2335 286.1294860839844 2335
2336 286.1301879882812 2336
2337 286.1309814453125 2337
2338 286.1317138671875 2338
2339 286.1325378417969 2339
2340 286.13330078125 2340
2341 286.1341247558594 2341
2342 286.1349487304688 2342
2343 286.1357727050781 2343
2344 286.1366577148438 2344
2345 286.1375122070312 2345
2346 286.1383666992188 2346
2347 286.1392822265625 2347
2348 286.1401672363281 2348
2349 286.14111328125 2349
2350 286.1420288085938 2350
2351 286.1429443359375 2351
2352 286.1438903808594 2352
2353 286.1448364257812 2353
2354 286.1457824707031 2354
2355 286.1467590332031 2355
2356 286.1477661132812 2356
2357 286.1487426757812 2357
2358 286.1497192382812 2358
2359 286.1507568359375 2359
2360 286.1517333984375 2360
2361 286.1527709960938 2361
2362 286.1537780761719 2362
2363 286.1548156738281 2363
2364 286.1558532714844 2364
2365 286.1568908691406 2365
2366 286.1579284667969 2366
2367 286.1589660644531 2367
2368 286.1600341796875 2368
2369 286.1610717773438 2369
2370 286.1621398925781 2370
2371 286.1632080078125 2371
2372 286.1642456054688 2372
2373 286.1653137207031 2373
2374 286.1663818359375 2374
2375 286.1674499511719 2375
2376 286.1685180664062 2376
2377 286.1695861816406 2377
2378 286.170654296875 2378
2379 286.1717224121094 2379
2380 286.1727905273438 2380
2381 286.173828125 2381
2382 286.1748962402344 2382
2383 286.1759643554688 2383
2384 286.1770324707031 2384
2385 286.1781005859375 2385
2386 286.1791381835938 2386
2387 286.18017578125 2387
2388 286.1812133789062 2388
2389 286.1822509765625 2389
2390 286.1832885742188 2390
2391 286.184326171875 2391
2392 286.1853637695312 2392
2393 286.1863708496094 2393
2394 286.1874084472656 2394
2395 286.1884155273438 2395
2396 286.1893920898438 2396
2397 286.1903991699219 2397
2398 286.19140625 2398
2399 286.1923522949219 2399
2400 286.1933288574219 2400
2401 286.1942749023438 2401
2402 286.1952514648438 2402
2403 286.1961669921875 2403
2404 286.1971435546875 2404
2405 286.1980590820312 2405
2406 286.198974609375 2406
2407 286.1998291015625 2407
2408 286.2007446289062 2408
2409 286.20166015625 2409
2410 286.2025146484375 2410
2411 286.203369140625 2411
2412 286.2042236328125 2412
2413 286.2050476074219 2413
2414 286.2058715820312 2414
2415 286.2066650390625 2415
2416 286.2074584960938 2416
2417 286.208251953125 2417
2418 286.2090148925781 2418
2419 286.2097778320312 2419
2420 286.2105102539062 2420
2421 286.2112426757812 2421
2422 286.2119445800781 2422
2423 286.2126159667969 2423
2424 286.2133178710938 2424
2425 286.2139892578125 2425
2426 286.214599609375 2426
2427 286.2152404785156 2427
2428 286.2158508300781 2428
2429 286.2164306640625 2429
2430 286.2170104980469 2430
2431 286.2175903320312 2431
2432 286.2181091308594 2432
2433 286.2186279296875 2433
2434 286.2191467285156 2434
2435 286.2196350097656 2435
2436 286.2200927734375 2436
2437 286.2205505371094 2437
2438 286.2209777832031 2438
2439 286.2213745117188 2439
2440 286.2217712402344 2440
2441 286.22216796875 2441
2442 286.2225036621094 2442
2443 286.2228393554688 2443
2444 286.22314453125 2444
2445 286.2234191894531 2445
2446 286.2236633300781 2446
2447 286.2239074707031 2447
2448 286.22412109375 2448
2449 286.2243041992188 2449
2450 286.2244873046875 2450
2451 286.2246704101562 2451
2452 286.2247924804688 2452
2453 286.2248840332031 2453
2454 286.2249755859375 2454
2455 286.2250366210938 2455
2456 286.2250366210938 2456
2457 286.2250671386719 2457
2458 286.22509765625 2458
2459 286.2250366210938 2459
2460 286.2249755859375 2460
2461 286.2249145507812 2461
2462 286.2247924804688 2462
2463 286.2246704101562 2463
2464 286.2245178222656 2464
2465 286.2243041992188 2465
2466 286.22412109375 2466
2467 286.223876953125 2467
2468 286.2236328125 2468
2469 286.2233276367188 2469
2470 286.2230224609375 2470
2471 286.2227172851562 2471
2472 286.2223510742188 2472
2473 286.2219848632812 2473
2474 286.2215576171875 2474
2475 286.2211303710938 2475
2476 286.220703125 2476
2477 286.22021484375 2477
2478 286.2197265625 2478
2479 286.2192077636719 2479
2480 286.2186279296875 2480
2481 286.2180786132812 2481
2482 286.2174987792969 2482
2483 286.2168884277344 2483
2484 286.2162475585938 2484
2485 286.215576171875 2485
2486 286.2149047851562 2486
2487 286.2142333984375 2487
2488 286.2135009765625 2488
2489 286.2127685546875 2489
2490 286.2120056152344 2490
2491 286.2112426757812 2491
2492 286.21044921875 2492
2493 286.2096252441406 2493
2494 286.2088012695312 2494
2495 286.2079772949219 2495
2496 286.2071228027344 2496
2497 286.2062377929688 2497
2498 286.2053833007812 2498
2499 286.2044677734375 2499
2500 286.2035522460938 2500
