"point-d-rfile"
"Time Step" "point-d etc.."
("Time Step" "point-d" "flow-time")
0 283 0
1 283 1
2 283 2
3 283 3
4 283 4
5 283 5
6 283 6
7 283 7
8 283 8
9 283 9
10 283 10
11 283 11
12 283 12
13 283 13
14 283 14
15 283 15
16 283 16
17 283 17
18 283 18
19 283 19
20 283 20
21 283 21
22 283 22
23 283 23
24 283 24
25 283 25
26 283 26
27 283 27
28 283 28
29 283 29
30 283.0000305175781 30
31 283.0000610351562 31
32 283.0000610351562 32
33 283.0000610351562 33
34 283.0001220703125 34
35 283.0001220703125 35
36 283.0001831054688 36
37 283.0001831054688 37
38 283.0002746582031 38
39 283.0003051757812 39
40 283.0003662109375 40
41 283.0004577636719 41
42 283.0005493164062 42
43 283.0006713867188 43
44 283.0008239746094 44
45 283.0009765625 45
46 283.0011596679688 46
47 283.0013427734375 47
48 283.0015563964844 48
49 283.0018310546875 49
50 283.0021057128906 50
51 283.00244140625 51
52 283.0027770996094 52
53 283.003173828125 53
54 283.0036315917969 54
55 283.0041198730469 55
56 283.0046997070312 56
57 283.0053100585938 57
58 283.0059814453125 58
59 283.0066833496094 59
60 283.0074768066406 60
61 283.0083618164062 61
62 283.00927734375 62
63 283.0103149414062 63
64 283.0114135742188 64
65 283.0126037597656 65
66 283.0138854980469 66
67 283.0152587890625 67
68 283.0167541503906 68
69 283.0183410644531 69
70 283.02001953125 70
71 283.0218200683594 71
72 283.0237426757812 72
73 283.0257873535156 73
74 283.0279541015625 74
75 283.0302124023438 75
76 283.0326232910156 76
77 283.03515625 77
78 283.037841796875 78
79 283.0406799316406 79
80 283.0436401367188 80
81 283.0467529296875 81
82 283.0500183105469 82
83 283.0534057617188 83
84 283.0569763183594 84
85 283.0606994628906 85
86 283.0645751953125 86
87 283.068603515625 87
88 283.0727844238281 88
89 283.0771484375 89
90 283.0816650390625 90
91 283.0863647460938 91
92 283.0912170410156 92
93 283.0962524414062 93
94 283.1014404296875 94
95 283.1068115234375 95
96 283.1123657226562 96
97 283.1180725097656 97
98 283.1239318847656 98
99 283.1300048828125 99
100 283.1361999511719 100
101 283.1426391601562 101
102 283.1492004394531 102
103 283.1559448242188 103
104 283.162841796875 104
105 283.1699523925781 105
106 283.1771850585938 106
107 283.1846313476562 107
108 283.1922607421875 108
109 283.2000122070312 109
110 283.2079467773438 110
111 283.216064453125 111
112 283.2243347167969 112
113 283.2327880859375 113
114 283.2413635253906 114
115 283.2501220703125 115
116 283.2590637207031 116
117 283.2681579589844 117
118 283.2773742675781 118
119 283.2868041992188 119
120 283.2963256835938 120
121 283.3060607910156 121
122 283.31591796875 122
123 283.325927734375 123
124 283.3360595703125 124
125 283.3463745117188 125
126 283.3568115234375 126
127 283.3674011230469 127
128 283.3781127929688 128
129 283.3889770507812 129
130 283.3999633789062 130
131 283.4110717773438 131
132 283.42236328125 132
133 283.4337158203125 133
134 283.4452514648438 134
135 283.4568786621094 135
136 283.4686279296875 136
137 283.4805297851562 137
138 283.4924926757812 138
139 283.5046081542969 139
140 283.516845703125 140
141 283.5291442871094 141
142 283.5415649414062 142
143 283.5541076660156 143
144 283.5667724609375 144
145 283.5794982910156 145
146 283.5923461914062 146
147 283.6052856445312 147
148 283.6182861328125 148
149 283.6314086914062 149
150 283.6446228027344 150
151 283.6578979492188 151
152 283.6712646484375 152
153 283.6847229003906 153
154 283.6982421875 154
155 283.7118530273438 155
156 283.7255249023438 156
157 283.7392578125 157
158 283.7530822753906 158
159 283.7669677734375 159
160 283.7809448242188 160
161 283.794921875 161
162 283.8089904785156 162
163 283.8231201171875 163
164 283.8373107910156 164
165 283.8515625 165
166 283.8658447265625 166
167 283.8801879882812 167
168 283.89453125 168
169 283.908935546875 169
170 283.9234313964844 170
171 283.9379272460938 171
172 283.9524536132812 172
173 283.967041015625 173
174 283.9816284179688 174
175 283.9962768554688 175
176 284.0109252929688 176
177 284.025634765625 177
178 284.0403442382812 178
179 284.0551147460938 179
180 284.0698547363281 180
181 284.0846252441406 181
182 284.0994262695312 182
183 284.1142578125 183
184 284.1290588378906 184
185 284.1439208984375 185
186 284.1587219238281 186
187 284.1736145019531 187
188 284.1884460449219 188
189 284.2033081054688 189
190 284.2181701660156 190
191 284.2330322265625 191
192 284.2478637695312 192
193 284.2627258300781 193
194 284.277587890625 194
195 284.2924194335938 195
196 284.3072509765625 196
197 284.3220825195312 197
198 284.3368530273438 198
199 284.3516845703125 199
200 284.366455078125 200
201 284.3812255859375 201
202 284.3959350585938 202
203 284.4107055664062 203
204 284.4253845214844 204
205 284.4400634765625 205
206 284.4547119140625 206
207 284.4693603515625 207
208 284.4839477539062 208
209 284.4985046386719 209
210 284.5130615234375 210
211 284.5275573730469 211
212 284.5420227050781 212
213 284.5564880371094 213
214 284.5708923339844 214
215 284.5852355957031 215
216 284.5995788574219 216
217 284.6138610839844 217
218 284.6281127929688 218
219 284.642333984375 219
220 284.6564636230469 220
221 284.6705627441406 221
222 284.6846618652344 222
223 284.6986694335938 223
224 284.712646484375 224
225 284.7265625 225
226 284.7404479980469 226
227 284.7542724609375 227
228 284.7680358886719 228
229 284.78173828125 229
230 284.79541015625 230
231 284.8090209960938 231
232 284.8225708007812 232
233 284.8360595703125 233
234 284.8494873046875 234
235 284.8628540039062 235
236 284.8761596679688 236
237 284.889404296875 237
238 284.902587890625 238
239 284.9157104492188 239
240 284.9287414550781 240
241 284.9417114257812 241
242 284.9546508789062 242
243 284.9674987792969 243
244 284.9802856445312 244
245 284.9929809570312 245
246 285.005615234375 246
247 285.0181884765625 247
248 285.0307006835938 248
249 285.0431213378906 249
250 285.0554809570312 250
251 285.0677490234375 251
252 285.0799560546875 252
253 285.0920715332031 253
254 285.1041259765625 254
255 285.1160888671875 255
256 285.1279907226562 256
257 285.1398010253906 257
258 285.1515502929688 258
259 285.1632080078125 259
260 285.1747741699219 260
261 285.186279296875 261
262 285.1976623535156 262
263 285.208984375 263
264 285.2202453613281 264
265 285.2313842773438 265
266 285.2424621582031 266
267 285.2534484863281 267
268 285.2643432617188 268
269 285.2751770019531 269
270 285.285888671875 270
271 285.2965393066406 271
272 285.3070983886719 272
273 285.3175659179688 273
274 285.3279418945312 274
275 285.3382263183594 275
276 285.3484191894531 276
277 285.3585205078125 277
278 285.3685302734375 278
279 285.3784484863281 279
280 285.3882751464844 280
281 285.3980102539062 281
282 285.4076538085938 282
283 285.4172058105469 283
284 285.4266662597656 284
285 285.43603515625 285
286 285.4452819824219 286
287 285.4544372558594 287
288 285.4635314941406 288
289 285.4725036621094 289
290 285.4813842773438 290
291 285.4901733398438 291
292 285.4988708496094 292
293 285.5074157714844 293
294 285.5159301757812 294
295 285.5243225097656 295
296 285.5325927734375 296
297 285.5408325195312 297
298 285.5489196777344 298
299 285.5569152832031 299
300 285.5648193359375 300
301 285.5726318359375 301
302 285.5803527832031 302
303 285.5879516601562 303
304 285.595458984375 304
305 285.6029052734375 305
306 285.6102294921875 306
307 285.6174621582031 307
308 285.6246032714844 308
309 285.6316528320312 309
310 285.6386108398438 310
311 285.6455078125 311
312 285.6522827148438 312
313 285.6589965820312 313
314 285.6656188964844 314
315 285.6721801757812 315
316 285.6786193847656 316
317 285.68505859375 317
318 285.6913757324219 318
319 285.6976013183594 319
320 285.7037963867188 320
321 285.7099304199219 321
322 285.7160034179688 322
323 285.7219848632812 323
324 285.7279663085938 324
325 285.7338562011719 325
326 285.73974609375 326
327 285.7455444335938 327
328 285.7513427734375 328
329 285.7571105957031 329
330 285.7628479003906 330
331 285.7685546875 331
332 285.7742614746094 332
333 285.7799377441406 333
334 285.7855834960938 334
335 285.791259765625 335
336 285.7969360351562 336
337 285.8026123046875 337
338 285.8082885742188 338
339 285.81396484375 339
340 285.8197021484375 340
341 285.825439453125 341
342 285.8311767578125 342
343 285.8369750976562 343
344 285.8428039550781 344
345 285.8486633300781 345
346 285.8545837402344 346
347 285.8605346679688 347
348 285.8665466308594 348
349 285.8726196289062 349
350 285.8787536621094 350
351 285.8849487304688 351
352 285.8912048339844 352
353 285.8975219726562 353
354 285.9039306640625 354
355 285.910400390625 355
356 285.9169616699219 356
357 285.9235534667969 357
358 285.9302978515625 358
359 285.9371032714844 359
360 285.9439697265625 360
361 285.9509582519531 361
362 285.9580078125 362
363 285.9651794433594 363
364 285.9724426269531 364
365 285.9797668457031 365
366 285.9872436523438 366
367 285.9947814941406 367
368 286.00244140625 368
369 286.0101928710938 369
370 286.0180358886719 370
371 286.0260009765625 371
372 286.0340576171875 372
373 286.042236328125 373
374 286.0505065917969 374
375 286.0588684082031 375
376 286.0673522949219 376
377 286.075927734375 377
378 286.0846252441406 378
379 286.0934143066406 379
380 286.102294921875 380
381 286.111328125 381
382 286.1204223632812 382
383 286.129638671875 383
384 286.1389465332031 384
385 286.1483764648438 385
386 286.1578674316406 386
387 286.16748046875 387
388 286.1772155761719 388
389 286.18701171875 389
390 286.1968994140625 390
391 286.2069091796875 391
392 286.217041015625 392
393 286.2272338867188 393
394 286.2375183105469 394
395 286.2478637695312 395
396 286.2583618164062 396
397 286.2689208984375 397
398 286.2795715332031 398
399 286.290283203125 399
400 286.3010864257812 400
401 286.3119812011719 401
402 286.3229675292969 402
403 286.3340148925781 403
404 286.3451232910156 404
405 286.3563537597656 405
406 286.3676147460938 406
407 286.3789672851562 407
408 286.390380859375 408
409 286.4018859863281 409
410 286.4134216308594 410
411 286.425048828125 411
412 286.4367370605469 412
413 286.448486328125 413
414 286.4603271484375 414
415 286.47216796875 415
416 286.4840698242188 416
417 286.49609375 417
418 286.5081176757812 418
419 286.5201721191406 419
420 286.5322875976562 420
421 286.54443359375 421
422 286.5566711425781 422
423 286.5689697265625 423
424 286.5812377929688 424
425 286.5935668945312 425
426 286.60595703125 426
427 286.6183776855469 427
428 286.6308288574219 428
429 286.643310546875 429
430 286.6557922363281 430
431 286.6683349609375 431
432 286.680908203125 432
433 286.6934814453125 433
434 286.7060852050781 434
435 286.7186889648438 435
436 286.7313842773438 436
437 286.7440185546875 437
438 286.7567138671875 438
439 286.7694091796875 439
440 286.7821044921875 440
441 286.7947998046875 441
442 286.8075561523438 442
443 286.8202514648438 443
444 286.8329772949219 444
445 286.8457336425781 445
446 286.8584594726562 446
447 286.8712158203125 447
448 286.8839416503906 448
449 286.8966674804688 449
450 286.909423828125 450
451 286.922119140625 451
452 286.934814453125 452
453 286.9475402832031 453
454 286.960205078125 454
455 286.972900390625 455
456 286.9855651855469 456
457 286.9982299804688 457
458 287.0108337402344 458
459 287.0234375 459
460 287.0360412597656 460
461 287.0486145019531 461
462 287.0611572265625 462
463 287.0736694335938 463
464 287.086181640625 464
465 287.0986328125 465
466 287.111083984375 466
467 287.1234741210938 467
468 287.1358642578125 468
469 287.1482238769531 469
470 287.1605224609375 470
471 287.1727905273438 471
472 287.1850280761719 472
473 287.1972045898438 473
474 287.2093505859375 474
475 287.2214965820312 475
476 287.2335815429688 476
477 287.24560546875 477
478 287.2576293945312 478
479 287.26953125 479
480 287.2814636230469 480
481 287.2933044433594 481
482 287.3051147460938 482
483 287.3168640136719 483
484 287.3285827636719 484
485 287.3402099609375 485
486 287.351806640625 486
487 287.3633422851562 487
488 287.3748474121094 488
489 287.3862609863281 489
490 287.3976440429688 490
491 287.408935546875 491
492 287.4201965332031 492
493 287.4314270019531 493
494 287.4425659179688 494
495 287.45361328125 495
496 287.4646301269531 496
497 287.4755859375 497
498 287.4864501953125 498
499 287.497314453125 499
500 287.508056640625 500
501 287.5187377929688 501
502 287.5293273925781 502
503 287.5398864746094 503
504 287.5503540039062 504
505 287.5607604980469 505
506 287.5710754394531 506
507 287.5813598632812 507
508 287.591552734375 508
509 287.6016845703125 509
510 287.6116943359375 510
511 287.6216735839844 511
512 287.6315612792969 512
513 287.6413879394531 513
514 287.651123046875 514
515 287.6607666015625 515
516 287.6703491210938 516
517 287.6798706054688 517
518 287.6892700195312 518
519 287.6986083984375 519
520 287.7078857421875 520
521 287.7170715332031 521
522 287.7261352539062 522
523 287.7351684570312 523
524 287.7440795898438 524
525 287.7529296875 525
526 287.7616882324219 526
527 287.7703552246094 527
528 287.7789611816406 528
529 287.7874755859375 529
530 287.7958679199219 530
531 287.80419921875 531
532 287.8124389648438 532
533 287.820556640625 533
534 287.82861328125 534
535 287.8366088867188 535
536 287.844482421875 536
537 287.852294921875 537
538 287.8599548339844 538
539 287.8675842285156 539
540 287.8750915527344 540
541 287.8825073242188 541
542 287.8898315429688 542
543 287.8970642089844 543
544 287.9042358398438 544
545 287.9112548828125 545
546 287.918212890625 546
547 287.9250793457031 547
548 287.9318237304688 548
549 287.9385070800781 549
550 287.945068359375 550
551 287.9515380859375 551
552 287.9579162597656 552
553 287.9642028808594 553
554 287.9703979492188 554
555 287.9764709472656 555
556 287.9824523925781 556
557 287.9883422851562 557
558 287.994140625 558
559 287.9998168945312 559
560 288.0054016113281 560
561 288.0108947753906 561
562 288.0162963867188 562
563 288.0216064453125 563
564 288.0267944335938 564
565 288.0318603515625 565
566 288.036865234375 566
567 288.041748046875 567
568 288.0465393066406 568
569 288.0512390136719 569
570 288.0558471679688 570
571 288.0603332519531 571
572 288.0647277832031 572
573 288.0690307617188 573
574 288.0732421875 574
575 288.0773620605469 575
576 288.0813598632812 576
577 288.0852661132812 577
578 288.089111328125 578
579 288.0928649902344 579
580 288.0965270996094 580
581 288.1000671386719 581
582 288.1035461425781 582
583 288.1069641113281 583
584 288.1102600097656 584
585 288.113525390625 585
586 288.1166687011719 586
587 288.1197814941406 587
588 288.122802734375 588
589 288.1257629394531 589
590 288.128662109375 590
591 288.1314697265625 591
592 288.13427734375 592
593 288.1370239257812 593
594 288.1397094726562 594
595 288.142333984375 595
596 288.1449279785156 596
597 288.1475219726562 597
598 288.1500244140625 598
599 288.1525268554688 599
600 288.1549987792969 600
601 288.1575012207031 601
602 288.1599426269531 602
603 288.1623840332031 603
604 288.1648559570312 604
605 288.1672668457031 605
606 288.1697387695312 606
607 288.1721801757812 607
608 288.1746826171875 608
609 288.1771850585938 609
610 288.1796875 610
611 288.1822509765625 611
612 288.184814453125 612
613 288.1874694824219 613
614 288.1901245117188 614
615 288.1928100585938 615
616 288.1955871582031 616
617 288.1983947753906 617
618 288.2012939453125 618
619 288.2042236328125 619
620 288.2072143554688 620
621 288.2102661132812 621
622 288.21337890625 622
623 288.2166137695312 623
624 288.2199096679688 624
625 288.2232666015625 625
626 288.2267456054688 626
627 288.2302856445312 627
628 288.23388671875 628
629 288.2376098632812 629
630 288.2414245605469 630
631 288.2453308105469 631
632 288.2493286132812 632
633 288.25341796875 633
634 288.2576293945312 634
635 288.2619323730469 635
636 288.2663269042969 636
637 288.2708435058594 637
638 288.2754516601562 638
639 288.2801513671875 639
640 288.2849731445312 640
641 288.2899169921875 641
642 288.2949523925781 642
643 288.3001098632812 643
644 288.3053588867188 644
645 288.3107299804688 645
646 288.3161926269531 646
647 288.32177734375 647
648 288.3274536132812 648
649 288.333251953125 649
650 288.3391723632812 650
651 288.3451538085938 651
652 288.3512878417969 652
653 288.3575439453125 653
654 288.3638610839844 654
655 288.3703002929688 655
656 288.3768310546875 656
657 288.3834533691406 657
658 288.3901977539062 658
659 288.3970642089844 659
660 288.4039916992188 660
661 288.4110412597656 661
662 288.4181823730469 662
663 288.4254150390625 663
664 288.4327392578125 664
665 288.440185546875 665
666 288.4476928710938 666
667 288.4552917480469 667
668 288.4629821777344 668
669 288.4707641601562 669
670 288.4786376953125 670
671 288.486572265625 671
672 288.49462890625 672
673 288.5027465820312 673
674 288.5109558105469 674
675 288.5192565917969 675
676 288.527587890625 676
677 288.5360107421875 677
678 288.5444946289062 678
679 288.5531005859375 679
680 288.5617065429688 680
681 288.5704345703125 681
682 288.5792236328125 682
683 288.5880126953125 683
684 288.596923828125 684
685 288.6058959960938 685
686 288.6148986816406 686
687 288.6239929199219 687
688 288.6331176757812 688
689 288.6423034667969 689
690 288.6515197753906 690
691 288.6607971191406 691
692 288.6701049804688 692
693 288.6794738769531 693
694 288.6889038085938 694
695 288.6983642578125 695
696 288.7078247070312 696
697 288.7173461914062 697
698 288.7269287109375 698
699 288.7365417480469 699
700 288.7461547851562 700
701 288.7558288574219 701
702 288.7655029296875 702
703 288.7752075195312 703
704 288.7849731445312 704
705 288.7947387695312 705
706 288.8045043945312 706
707 288.8143005371094 707
708 288.8241271972656 708
709 288.8339538574219 709
710 288.8437805175781 710
711 288.8536376953125 711
712 288.863525390625 712
713 288.8733825683594 713
714 288.88330078125 714
715 288.8931884765625 715
716 288.903076171875 716
717 288.9129638671875 717
718 288.9228515625 718
719 288.9327697753906 719
720 288.9426574707031 720
721 288.9525146484375 721
722 288.96240234375 722
723 288.9722900390625 723
724 288.982177734375 724
725 288.9920043945312 725
726 289.0018310546875 726
727 289.0116577148438 727
728 289.021484375 728
729 289.0312805175781 729
730 289.0410461425781 730
731 289.0508117675781 731
732 289.060546875 732
733 289.0702514648438 733
734 289.0799255371094 734
735 289.089599609375 735
736 289.0992431640625 736
737 289.1088562011719 737
738 289.1184387207031 738
739 289.1279907226562 739
740 289.1374816894531 740
741 289.14697265625 741
742 289.1564331054688 742
743 289.1658325195312 743
744 289.1752319335938 744
745 289.1845703125 745
746 289.1938781738281 746
747 289.203125 747
748 289.2123413085938 748
749 289.2215270996094 749
750 289.2306213378906 750
751 289.23974609375 751
752 289.248779296875 752
753 289.2577514648438 753
754 289.2667236328125 754
755 289.2756042480469 755
756 289.284423828125 756
757 289.2932434082031 757
758 289.3019714355469 758
759 289.3106689453125 759
760 289.3192749023438 760
761 289.3278503417969 761
762 289.3363647460938 762
763 289.3448486328125 763
764 289.3532409667969 764
765 289.3616027832031 765
766 289.369873046875 766
767 289.3780822753906 767
768 289.3862609863281 768
769 289.3943481445312 769
770 289.4023742675781 770
771 289.4103393554688 771
772 289.4182434082031 772
773 289.4260864257812 773
774 289.433837890625 774
775 289.4415283203125 775
776 289.4491577148438 776
777 289.4567260742188 777
778 289.4642333984375 778
779 289.4716491699219 779
780 289.4789733886719 780
781 289.4862670898438 781
782 289.4934692382812 782
783 289.5006103515625 783
784 289.5076599121094 784
785 289.5146484375 785
786 289.5215454101562 786
787 289.5283508300781 787
788 289.5350952148438 788
789 289.5417785644531 789
790 289.5483703613281 790
791 289.5548706054688 791
792 289.5613098144531 792
793 289.567626953125 793
794 289.5739135742188 794
795 289.5801086425781 795
796 289.5862121582031 796
797 289.5922241210938 797
798 289.5981750488281 798
799 289.6040649414062 799
800 289.6098022460938 800
801 289.6155090332031 801
802 289.62109375 802
803 289.6266174316406 803
804 289.6320190429688 804
805 289.6373901367188 805
806 289.6426086425781 806
807 289.6477966308594 807
808 289.6528625488281 808
809 289.6578674316406 809
810 289.6627807617188 810
811 289.6675720214844 811
812 289.6722717285156 812
813 289.6769104003906 813
814 289.6814575195312 814
815 289.6858825683594 815
816 289.6902465820312 816
817 289.6945190429688 817
818 289.6986694335938 818
819 289.7027587890625 819
820 289.7067260742188 820
821 289.7106323242188 821
822 289.7144165039062 822
823 289.7181396484375 823
824 289.7217407226562 824
825 289.7252502441406 825
826 289.7286376953125 826
827 289.7319946289062 827
828 289.7351989746094 828
829 289.7383422851562 829
830 289.7413635253906 830
831 289.7442626953125 831
832 289.7471313476562 832
833 289.7498779296875 833
834 289.7525329589844 834
835 289.7550659179688 835
836 289.7575073242188 836
837 289.7598571777344 837
838 289.7621459960938 838
839 289.7642822265625 839
840 289.766357421875 840
841 289.768310546875 841
842 289.7702026367188 842
843 289.77197265625 843
844 289.773681640625 844
845 289.7752685546875 845
846 289.7767944335938 846
847 289.7782287597656 847
848 289.7795715332031 848
849 289.7807922363281 849
850 289.781982421875 850
851 289.7830505371094 851
852 289.7840576171875 852
853 289.7850036621094 853
854 289.7858581542969 854
855 289.78662109375 855
856 289.787353515625 856
857 289.7879638671875 857
858 289.78857421875 858
859 289.7890930175781 859
860 289.78955078125 860
861 289.7899780273438 861
862 289.7903442382812 862
863 289.7906799316406 863
864 289.7909545898438 864
865 289.7911987304688 865
866 289.7914123535156 866
867 289.7915954589844 867
868 289.7917785644531 868
869 289.7919311523438 869
870 289.7920532226562 870
871 289.7922058105469 871
872 289.7922973632812 872
873 289.7924499511719 873
874 289.7925415039062 874
875 289.7926635742188 875
876 289.7928466796875 876
877 289.7929992675781 877
878 289.7931823730469 878
879 289.7934265136719 879
880 289.7936706542969 880
881 289.7939453125 881
882 289.7942810058594 882
883 289.7946472167969 883
884 289.7950744628906 884
885 289.7955322265625 885
886 289.7960815429688 886
887 289.7966918945312 887
888 289.79736328125 888
889 289.798095703125 889
890 289.7988891601562 890
891 289.7997741699219 891
892 289.8007202148438 892
893 289.8017578125 893
894 289.8028869628906 894
895 289.8041076660156 895
896 289.805419921875 896
897 289.8067626953125 897
898 289.8082885742188 898
899 289.8098754882812 899
900 289.8115539550781 900
901 289.8133239746094 901
902 289.815185546875 902
903 289.8171997070312 903
904 289.8192749023438 904
905 289.8214721679688 905
906 289.8237915039062 906
907 289.8262329101562 907
908 289.8287658691406 908
909 289.8313598632812 909
910 289.8341369628906 910
911 289.8369750976562 911
912 289.8399658203125 912
913 289.8430480957031 913
914 289.8462524414062 914
915 289.8495483398438 915
916 289.8529663085938 916
917 289.8565063476562 917
918 289.8601379394531 918
919 289.8638916015625 919
920 289.8677673339844 920
921 289.8717346191406 921
922 289.8758239746094 922
923 289.8800354003906 923
924 289.8843383789062 924
925 289.8887634277344 925
926 289.8932495117188 926
927 289.8978881835938 927
928 289.9026184082031 928
929 289.907470703125 929
930 289.9124145507812 930
931 289.9174194335938 931
932 289.9225769042969 932
933 289.9278259277344 933
934 289.9331665039062 934
935 289.9385986328125 935
936 289.944091796875 936
937 289.9497375488281 937
938 289.9554443359375 938
939 289.9612426757812 939
940 289.9671020507812 940
941 289.9730834960938 941
942 289.9791564941406 942
943 289.9852905273438 943
944 289.9915161132812 944
945 289.9978332519531 945
946 290.0042419433594 946
947 290.0106811523438 947
948 290.0172119140625 948
949 290.0238342285156 949
950 290.0304870605469 950
951 290.0372314453125 951
952 290.0440368652344 952
953 290.0509338378906 953
954 290.057861328125 954
955 290.0648498535156 955
956 290.0719299316406 956
957 290.0790405273438 957
958 290.0862121582031 958
959 290.0934753417969 959
960 290.1007385253906 960
961 290.1080627441406 961
962 290.1154479980469 962
963 290.1228637695312 963
964 290.1303405761719 964
965 290.1378479003906 965
966 290.1454162597656 966
967 290.1530151367188 967
968 290.16064453125 968
969 290.1682739257812 969
970 290.1759948730469 970
971 290.1837158203125 971
972 290.1914672851562 972
973 290.1992797851562 973
974 290.2070617675781 974
975 290.2149047851562 975
976 290.2227478027344 976
977 290.2306518554688 977
978 290.238525390625 978
979 290.2464599609375 979
980 290.2543640136719 980
981 290.2622985839844 981
982 290.270263671875 982
983 290.2782592773438 983
984 290.2861938476562 984
985 290.294189453125 985
986 290.3021850585938 986
987 290.3101806640625 987
988 290.3181457519531 988
989 290.326171875 989
990 290.3341369628906 990
991 290.3421020507812 991
992 290.35009765625 992
993 290.3580627441406 993
994 290.3660278320312 994
995 290.3739624023438 995
996 290.3819580078125 996
997 290.3898620605469 997
998 290.3977966308594 998
999 290.4057006835938 999
1000 290.41357421875 1000
1001 290.4214477539062 1001
1002 290.4292907714844 1002
1003 290.4371337890625 1003
1004 290.4449462890625 1004
1005 290.4526977539062 1005
1006 290.4604797363281 1006
1007 290.4682006835938 1007
1008 290.4758911132812 1008
1009 290.4835815429688 1009
1010 290.4912109375 1010
1011 290.4988403320312 1011
1012 290.5064086914062 1012
1013 290.5139465332031 1013
1014 290.5214538574219 1014
1015 290.5289306640625 1015
1016 290.536376953125 1016
1017 290.5437316894531 1017
1018 290.5511169433594 1018
1019 290.5584106445312 1019
1020 290.565673828125 1020
1021 290.5729370117188 1021
1022 290.5801086425781 1022
1023 290.5872192382812 1023
1024 290.5943298339844 1024
1025 290.6013488769531 1025
1026 290.6083374023438 1026
1027 290.6153259277344 1027
1028 290.6221923828125 1028
1029 290.6290283203125 1029
1030 290.6358032226562 1030
1031 290.642578125 1031
1032 290.6492309570312 1032
1033 290.6558532714844 1033
1034 290.6624145507812 1034
1035 290.6689453125 1035
1036 290.6753540039062 1036
1037 290.6817626953125 1037
1038 290.6881103515625 1038
1039 290.6943359375 1039
1040 290.7005615234375 1040
1041 290.7066955566406 1041
1042 290.7127685546875 1042
1043 290.7187805175781 1043
1044 290.7247314453125 1044
1045 290.7306213378906 1045
1046 290.7364501953125 1046
1047 290.7421569824219 1047
1048 290.7478637695312 1048
1049 290.7534484863281 1049
1050 290.7590026855469 1050
1051 290.7644653320312 1051
1052 290.7698364257812 1052
1053 290.7751770019531 1053
1054 290.7804260253906 1054
1055 290.7855834960938 1055
1056 290.7907104492188 1056
1057 290.7957458496094 1057
1058 290.8006896972656 1058
1059 290.8055419921875 1059
1060 290.8103332519531 1060
1061 290.8150634765625 1061
1062 290.8197021484375 1062
1063 290.8242797851562 1063
1064 290.8287353515625 1064
1065 290.8331604003906 1065
1066 290.8374938964844 1066
1067 290.8417053222656 1067
1068 290.8458862304688 1068
1069 290.8499755859375 1069
1070 290.8539733886719 1070
1071 290.8578796386719 1071
1072 290.8616943359375 1072
1073 290.8654479980469 1073
1074 290.8690795898438 1074
1075 290.8726806640625 1075
1076 290.8761596679688 1076
1077 290.8795776367188 1077
1078 290.8828735351562 1078
1079 290.8861083984375 1079
1080 290.8892211914062 1080
1081 290.8922729492188 1081
1082 290.895263671875 1082
1083 290.8981323242188 1083
1084 290.9009094238281 1084
1085 290.9036254882812 1085
1086 290.90625 1086
1087 290.9087524414062 1087
1088 290.9111633300781 1088
1089 290.9134826660156 1089
1090 290.915771484375 1090
1091 290.9179077148438 1091
1092 290.9199523925781 1092
1093 290.9219055175781 1093
1094 290.9237976074219 1094
1095 290.9255676269531 1095
1096 290.92724609375 1096
1097 290.9288635253906 1097
1098 290.9303588867188 1098
1099 290.9317626953125 1099
1100 290.9330749511719 1100
1101 290.9342651367188 1101
1102 290.9354248046875 1102
1103 290.9364318847656 1103
1104 290.9373474121094 1104
1105 290.9382019042969 1105
1106 290.93896484375 1106
1107 290.9395751953125 1107
1108 290.9401245117188 1108
1109 290.9406127929688 1109
1110 290.9409790039062 1110
1111 290.9412536621094 1111
1112 290.9414367675781 1112
1113 290.9415283203125 1113
1114 290.9415283203125 1114
1115 290.9414672851562 1115
1116 290.9412841796875 1116
1117 290.9410400390625 1117
1118 290.9407043457031 1118
1119 290.9403076171875 1119
1120 290.9397888183594 1120
1121 290.939208984375 1121
1122 290.9385681152344 1122
1123 290.9378662109375 1123
1124 290.9370727539062 1124
1125 290.9361877441406 1125
1126 290.935302734375 1126
1127 290.934326171875 1127
1128 290.9332580566406 1128
1129 290.9321899414062 1129
1130 290.9310302734375 1130
1131 290.9298400878906 1131
1132 290.9286193847656 1132
1133 290.9273376464844 1133
1134 290.9260559082031 1134
1135 290.9247436523438 1135
1136 290.92333984375 1136
1137 290.9219970703125 1137
1138 290.9205932617188 1138
1139 290.919189453125 1139
1140 290.9177856445312 1140
1141 290.9163513183594 1141
1142 290.9149475097656 1142
1143 290.9135437011719 1143
1144 290.9121398925781 1144
1145 290.9107666015625 1145
1146 290.909423828125 1146
1147 290.9080810546875 1147
1148 290.9067993164062 1148
1149 290.905517578125 1149
1150 290.904296875 1150
1151 290.9031066894531 1151
1152 290.9019775390625 1152
1153 290.90087890625 1153
1154 290.8998718261719 1154
1155 290.8988952636719 1155
1156 290.8980102539062 1156
1157 290.8971862792969 1157
1158 290.8964233398438 1158
1159 290.895751953125 1159
1160 290.8951110839844 1160
1161 290.8945922851562 1161
1162 290.8941345214844 1162
1163 290.893798828125 1163
1164 290.8935241699219 1164
1165 290.8933715820312 1165
1166 290.8932800292969 1166
1167 290.8932800292969 1167
1168 290.8934020996094 1168
1169 290.8936157226562 1169
1170 290.8939208984375 1170
1171 290.8943786621094 1171
1172 290.8948974609375 1172
1173 290.8955383300781 1173
1174 290.8962707519531 1174
1175 290.8971252441406 1175
1176 290.8981323242188 1176
1177 290.8992004394531 1177
1178 290.900390625 1178
1179 290.9017028808594 1179
1180 290.9031372070312 1180
1181 290.9046936035156 1181
1182 290.9063110351562 1182
1183 290.9080810546875 1183
1184 290.9099731445312 1184
1185 290.9119873046875 1185
1186 290.9140930175781 1186
1187 290.9162902832031 1187
1188 290.9186401367188 1188
1189 290.9210815429688 1189
1190 290.9236450195312 1190
1191 290.9263610839844 1191
1192 290.9291381835938 1192
1193 290.9320373535156 1193
1194 290.93505859375 1194
1195 290.9381713867188 1195
1196 290.94140625 1196
1197 290.9447326660156 1197
1198 290.9481811523438 1198
1199 290.9517517089844 1199
1200 290.9553833007812 1200
1201 290.9591674804688 1201
1202 290.9630126953125 1202
1203 290.9669494628906 1203
1204 290.9710083007812 1204
1205 290.9751586914062 1205
1206 290.9794311523438 1206
1207 290.9837646484375 1207
1208 290.9882202148438 1208
1209 290.9927368164062 1209
1210 290.997314453125 1210
1211 291.0020446777344 1211
1212 291.0068054199219 1212
1213 291.0116882324219 1213
1214 291.0166625976562 1214
1215 291.0216674804688 1215
1216 291.0267944335938 1216
1217 291.0319519042969 1217
1218 291.0372314453125 1218
1219 291.0426025390625 1219
1220 291.0479736328125 1220
1221 291.053466796875 1221
1222 291.0589904785156 1222
1223 291.0646362304688 1223
1224 291.0702819824219 1224
1225 291.0760192871094 1225
1226 291.0818176269531 1226
1227 291.0876770019531 1227
1228 291.0935668945312 1228
1229 291.0995483398438 1229
1230 291.1055603027344 1230
1231 291.1116333007812 1231
1232 291.1177368164062 1232
1233 291.1239013671875 1233
1234 291.1300964355469 1234
1235 291.1363525390625 1235
1236 291.1426391601562 1236
1237 291.1489868164062 1237
1238 291.1553344726562 1238
1239 291.1617431640625 1239
1240 291.1681823730469 1240
1241 291.1746215820312 1241
1242 291.1811218261719 1242
1243 291.1876525878906 1243
1244 291.1942138671875 1244
1245 291.2007751464844 1245
1246 291.2073669433594 1246
1247 291.2139892578125 1247
1248 291.2206420898438 1248
1249 291.2272644042969 1249
1250 291.2339477539062 1250
1251 291.2406005859375 1251
1252 291.247314453125 1252
1253 291.2540283203125 1253
1254 291.2607421875 1254
1255 291.2674560546875 1255
1256 291.274169921875 1256
1257 291.2809143066406 1257
1258 291.2876281738281 1258
1259 291.2943725585938 1259
1260 291.3010864257812 1260
1261 291.3078308105469 1261
1262 291.3145446777344 1262
1263 291.3212585449219 1263
1264 291.3279724121094 1264
1265 291.3346557617188 1265
1266 291.3413696289062 1266
1267 291.3480529785156 1267
1268 291.3547058105469 1268
1269 291.3613586425781 1269
1270 291.3679809570312 1270
1271 291.3746032714844 1271
1272 291.3811950683594 1272
1273 291.3877563476562 1273
1274 291.3943176269531 1274
1275 291.4008483886719 1275
1276 291.4073486328125 1276
1277 291.413818359375 1277
1278 291.4202880859375 1278
1279 291.4266967773438 1279
1280 291.43310546875 1280
1281 291.4394836425781 1281
1282 291.44580078125 1282
1283 291.4520874023438 1283
1284 291.4583435058594 1284
1285 291.4645690917969 1285
1286 291.4707641601562 1286
1287 291.4769287109375 1287
1288 291.4830017089844 1288
1289 291.4890747070312 1289
1290 291.4951171875 1290
1291 291.5010986328125 1291
1292 291.5070495605469 1292
1293 291.512939453125 1293
1294 291.518798828125 1294
1295 291.5245971679688 1295
1296 291.5303344726562 1296
1297 291.5360412597656 1297
1298 291.5416870117188 1298
1299 291.5473022460938 1299
1300 291.5528259277344 1300
1301 291.558349609375 1301
1302 291.5637817382812 1302
1303 291.5691528320312 1303
1304 291.5744934082031 1304
1305 291.5797424316406 1305
1306 291.5849609375 1306
1307 291.5901184082031 1307
1308 291.59521484375 1308
1309 291.6002502441406 1309
1310 291.605224609375 1310
1311 291.6101379394531 1311
1312 291.614990234375 1312
1313 291.6197509765625 1313
1314 291.6244812011719 1314
1315 291.629150390625 1315
1316 291.6337280273438 1316
1317 291.6382446289062 1317
1318 291.6427001953125 1318
1319 291.6470642089844 1319
1320 291.6513977050781 1320
1321 291.6556396484375 1321
1322 291.6598205566406 1322
1323 291.6639099121094 1323
1324 291.66796875 1324
1325 291.6719055175781 1325
1326 291.67578125 1326
1327 291.6795959472656 1327
1328 291.6833190917969 1328
1329 291.6869812011719 1329
1330 291.6905517578125 1330
1331 291.6940612792969 1331
1332 291.697509765625 1332
1333 291.7008666992188 1333
1334 291.7041320800781 1334
1335 291.7073059082031 1335
1336 291.71044921875 1336
1337 291.7134704589844 1337
1338 291.7164306640625 1338
1339 291.7192993164062 1339
1340 291.7220764160156 1340
1341 291.7247924804688 1341
1342 291.7274169921875 1342
1343 291.7299499511719 1343
1344 291.732421875 1344
1345 291.7348022460938 1345
1346 291.7370910644531 1346
1347 291.7392883300781 1347
1348 291.7414245605469 1348
1349 291.7434387207031 1349
1350 291.7453918457031 1350
1351 291.7472534179688 1351
1352 291.7490234375 1352
1353 291.7507019042969 1353
1354 291.7523193359375 1354
1355 291.7538146972656 1355
1356 291.7552185058594 1356
1357 291.7565612792969 1357
1358 291.7578125 1358
1359 291.7589416503906 1359
1360 291.7599792480469 1360
1361 291.7609558105469 1361
1362 291.7618408203125 1362
1363 291.7626342773438 1363
1364 291.7633361816406 1364
1365 291.763916015625 1365
1366 291.7644348144531 1366
1367 291.7648315429688 1367
1368 291.7651672363281 1368
1369 291.765380859375 1369
1370 291.7655334472656 1370
1371 291.7655639648438 1371
1372 291.7655029296875 1372
1373 291.765380859375 1373
1374 291.76513671875 1374
1375 291.7648315429688 1375
1376 291.764404296875 1376
1377 291.7638854980469 1377
1378 291.7633056640625 1378
1379 291.7625732421875 1379
1380 291.7617797851562 1380
1381 291.7609252929688 1381
1382 291.7599487304688 1382
1383 291.7589111328125 1383
1384 291.7577819824219 1384
1385 291.7565307617188 1385
1386 291.7552490234375 1386
1387 291.7538452148438 1387
1388 291.7523803710938 1388
1389 291.7508544921875 1389
1390 291.7492065429688 1390
1391 291.7474975585938 1391
1392 291.7457275390625 1392
1393 291.743896484375 1393
1394 291.7420043945312 1394
1395 291.7400512695312 1395
1396 291.738037109375 1396
1397 291.7359619140625 1397
1398 291.7337951660156 1398
1399 291.7316284179688 1399
1400 291.7294311523438 1400
1401 291.7271423339844 1401
1402 291.724853515625 1402
1403 291.7225036621094 1403
1404 291.7201232910156 1404
1405 291.7177734375 1405
1406 291.71533203125 1406
1407 291.7129211425781 1407
1408 291.7105102539062 1408
1409 291.7080688476562 1409
1410 291.7056274414062 1410
1411 291.7031860351562 1411
1412 291.7007446289062 1412
1413 291.6983642578125 1413
1414 291.6959533691406 1414
1415 291.693603515625 1415
1416 291.6912536621094 1416
1417 291.68896484375 1417
1418 291.6866760253906 1418
1419 291.6844482421875 1419
1420 291.6822509765625 1420
1421 291.6801147460938 1421
1422 291.6780395507812 1422
1423 291.6759948730469 1423
1424 291.6740417480469 1424
1425 291.6721496582031 1425
1426 291.6703186035156 1426
1427 291.6685791015625 1427
1428 291.6668701171875 1428
1429 291.665283203125 1429
1430 291.6637573242188 1430
1431 291.6623229980469 1431
1432 291.6609802246094 1432
1433 291.6597290039062 1433
1434 291.6585693359375 1434
1435 291.6575012207031 1435
1436 291.6565551757812 1436
1437 291.6557006835938 1437
1438 291.6549377441406 1438
1439 291.6542663574219 1439
1440 291.6537170410156 1440
1441 291.6532897949219 1441
1442 291.6529541015625 1442
1443 291.6527404785156 1443
1444 291.6526184082031 1444
1445 291.6526184082031 1445
1446 291.6527404785156 1446
1447 291.6529541015625 1447
1448 291.6533203125 1448
1449 291.6537780761719 1449
1450 291.6543884277344 1450
1451 291.6550598144531 1451
1452 291.6558837890625 1452
1453 291.6567993164062 1453
1454 291.6578369140625 1454
1455 291.6590270996094 1455
1456 291.6602783203125 1456
1457 291.6616821289062 1457
1458 291.6632080078125 1458
1459 291.6648254394531 1459
1460 291.6665649414062 1460
1461 291.6683959960938 1461
1462 291.6703796386719 1462
1463 291.6724548339844 1463
1464 291.6746520996094 1464
1465 291.6769409179688 1465
1466 291.6793212890625 1466
1467 291.6818542480469 1467
1468 291.6844787597656 1468
1469 291.6871948242188 1469
1470 291.6900329589844 1470
1471 291.6929626464844 1471
1472 291.6959838867188 1472
1473 291.6991271972656 1473
1474 291.702392578125 1474
1475 291.7056884765625 1475
1476 291.7091369628906 1476
1477 291.712646484375 1477
1478 291.7162475585938 1478
1479 291.7199401855469 1479
1480 291.7237548828125 1480
1481 291.7276000976562 1481
1482 291.7315673828125 1482
1483 291.7356567382812 1483
1484 291.73974609375 1484
1485 291.7439575195312 1485
1486 291.7482604980469 1486
1487 291.7526245117188 1487
1488 291.7570495605469 1488
1489 291.7615661621094 1489
1490 291.7661437988281 1490
1491 291.7707824707031 1491
1492 291.7755126953125 1492
1493 291.7802734375 1493
1494 291.7851257324219 1494
1495 291.7900390625 1495
1496 291.7950134277344 1496
1497 291.8000183105469 1497
1498 291.8051147460938 1498
1499 291.8102416992188 1499
1500 291.8153991699219 1500
1501 291.8206787109375 1501
1502 291.825927734375 1502
1503 291.8312683105469 1503
1504 291.8366088867188 1504
1505 291.842041015625 1505
1506 291.8474731445312 1506
1507 291.8529663085938 1507
1508 291.8585205078125 1508
1509 291.8640747070312 1509
1510 291.8696899414062 1510
1511 291.8753051757812 1511
1512 291.8809814453125 1512
1513 291.8866577148438 1513
1514 291.8923645019531 1514
1515 291.8980712890625 1515
1516 291.9038391113281 1516
1517 291.9096069335938 1517
1518 291.9154052734375 1518
1519 291.9212341308594 1519
1520 291.9270629882812 1520
1521 291.9328918457031 1521
1522 291.9387512207031 1522
1523 291.944580078125 1523
1524 291.950439453125 1524
1525 291.9563598632812 1525
1526 291.9622192382812 1526
1527 291.9681091308594 1527
1528 291.9739990234375 1528
1529 291.9798583984375 1529
1530 291.9857788085938 1530
1531 291.9916381835938 1531
1532 291.9975280761719 1532
1533 292.0033874511719 1533
1534 292.0092468261719 1534
1535 292.0150756835938 1535
1536 292.0209350585938 1536
1537 292.0267639160156 1537
1538 292.0325927734375 1538
1539 292.0383605957031 1539
1540 292.0441589355469 1540
1541 292.0499267578125 1541
1542 292.0556640625 1542
1543 292.0614013671875 1543
1544 292.0671081542969 1544
1545 292.07275390625 1545
1546 292.0784301757812 1546
1547 292.0840759277344 1547
1548 292.0896606445312 1548
1549 292.0952453613281 1549
1550 292.1007690429688 1550
1551 292.1062622070312 1551
1552 292.1117553710938 1552
1553 292.1171875 1553
1554 292.1226196289062 1554
1555 292.1279907226562 1555
1556 292.1333312988281 1556
1557 292.1386108398438 1557
1558 292.1438903808594 1558
1559 292.1490783691406 1559
1560 292.1542663574219 1560
1561 292.159423828125 1561
1562 292.1644897460938 1562
1563 292.1695556640625 1563
1564 292.1745300292969 1564
1565 292.1794738769531 1565
1566 292.1843872070312 1566
1567 292.1892395019531 1567
1568 292.1940307617188 1568
1569 292.1987915039062 1569
1570 292.2034606933594 1570
1571 292.2081298828125 1571
1572 292.2127075195312 1572
1573 292.2172241210938 1573
1574 292.2217102050781 1574
1575 292.2261352539062 1575
1576 292.2304992675781 1576
1577 292.2348022460938 1577
1578 292.2390747070312 1578
1579 292.2432250976562 1579
1580 292.2473754882812 1580
1581 292.2514038085938 1581
1582 292.2554321289062 1582
1583 292.2593688964844 1583
1584 292.2632446289062 1584
1585 292.2670288085938 1585
1586 292.270751953125 1586
1587 292.2744445800781 1587
1588 292.2780456542969 1588
1589 292.2815856933594 1589
1590 292.2850341796875 1590
1591 292.2884521484375 1591
1592 292.291748046875 1592
1593 292.2950134277344 1593
1594 292.2982177734375 1594
1595 292.3013000488281 1595
1596 292.3043518066406 1596
1597 292.3073120117188 1597
1598 292.3102111816406 1598
1599 292.3130187988281 1599
1600 292.3157348632812 1600
1601 292.3184204101562 1601
1602 292.3210144042969 1602
1603 292.3235168457031 1603
1604 292.325927734375 1604
1605 292.3283081054688 1605
1606 292.33056640625 1606
1607 292.332763671875 1607
1608 292.3348693847656 1608
1609 292.3369140625 1609
1610 292.3388671875 1610
1611 292.3407287597656 1611
1612 292.342529296875 1612
1613 292.3442077636719 1613
1614 292.3458251953125 1614
1615 292.3473815917969 1615
1616 292.3488464355469 1616
1617 292.3502197265625 1617
1618 292.3514709472656 1618
1619 292.3526916503906 1619
1620 292.3537902832031 1620
1621 292.3547973632812 1621
1622 292.3557739257812 1622
1623 292.3565979003906 1623
1624 292.3573608398438 1624
1625 292.3580322265625 1625
1626 292.3586120605469 1626
1627 292.359130859375 1627
1628 292.3595275878906 1628
1629 292.35986328125 1629
1630 292.3600769042969 1630
1631 292.3602294921875 1631
1632 292.3602600097656 1632
1633 292.3602294921875 1633
1634 292.360107421875 1634
1635 292.35986328125 1635
1636 292.3595581054688 1636
1637 292.359130859375 1637
1638 292.358642578125 1638
1639 292.3580627441406 1639
1640 292.3573608398438 1640
1641 292.3565979003906 1641
1642 292.3557434082031 1642
1643 292.3547668457031 1643
1644 292.3536987304688 1644
1645 292.3525695800781 1645
1646 292.351318359375 1646
1647 292.3499755859375 1647
1648 292.3485717773438 1648
1649 292.3470764160156 1649
1650 292.3454895019531 1650
1651 292.3437805175781 1651
1652 292.3420104980469 1652
1653 292.3401489257812 1653
1654 292.3382263183594 1654
1655 292.3362121582031 1655
1656 292.3341064453125 1656
1657 292.3319091796875 1657
1658 292.3296508789062 1658
1659 292.3273315429688 1659
1660 292.3249206542969 1660
1661 292.3224487304688 1661
1662 292.3198852539062 1662
1663 292.3172607421875 1663
1664 292.3146057128906 1664
1665 292.3118591308594 1665
1666 292.3091125488281 1666
1667 292.3062438964844 1667
1668 292.3033752441406 1668
1669 292.3004455566406 1669
1670 292.2974853515625 1670
1671 292.2944946289062 1671
1672 292.2914428710938 1672
1673 292.2883911132812 1673
1674 292.2853088378906 1674
1675 292.2822265625 1675
1676 292.2791137695312 1676
1677 292.2759399414062 1677
1678 292.2728271484375 1678
1679 292.2697143554688 1679
1680 292.2666015625 1680
1681 292.2634887695312 1681
1682 292.2603759765625 1682
1683 292.2572631835938 1683
1684 292.2542419433594 1684
1685 292.251220703125 1685
1686 292.2481994628906 1686
1687 292.2452697753906 1687
1688 292.2423400878906 1688
1689 292.2394714355469 1689
1690 292.2366333007812 1690
1691 292.23388671875 1691
1692 292.231201171875 1692
1693 292.228515625 1693
1694 292.2259521484375 1694
1695 292.2234497070312 1695
1696 292.2210083007812 1696
1697 292.2186584472656 1697
1698 292.2163696289062 1698
1699 292.2142028808594 1699
1700 292.2120971679688 1700
1701 292.2100830078125 1701
1702 292.2081604003906 1702
1703 292.2063293457031 1703
1704 292.20458984375 1704
1705 292.2029724121094 1705
1706 292.201416015625 1706
1707 292.2000122070312 1707
1708 292.1986694335938 1708
1709 292.1974792480469 1709
1710 292.1963806152344 1710
1711 292.1953735351562 1711
1712 292.1945190429688 1712
1713 292.1937561035156 1713
1714 292.1930847167969 1714
1715 292.1925659179688 1715
1716 292.192138671875 1716
1717 292.1918334960938 1717
1718 292.191650390625 1718
1719 292.1915588378906 1719
1720 292.1916198730469 1720
1721 292.1917724609375 1721
1722 292.1920471191406 1722
1723 292.1924438476562 1723
1724 292.1929626464844 1724
1725 292.193603515625 1725
1726 292.1943664550781 1726
1727 292.1951904296875 1727
1728 292.1961975097656 1728
1729 292.197265625 1729
1730 292.198486328125 1730
1731 292.1998291015625 1731
1732 292.2012634277344 1732
1733 292.2028198242188 1733
1734 292.2044677734375 1734
1735 292.2062377929688 1735
1736 292.2081298828125 1736
1737 292.2101135253906 1737
1738 292.2121887207031 1738
1739 292.2144165039062 1739
1740 292.2167053222656 1740
1741 292.2191162109375 1741
1742 292.2216186523438 1742
1743 292.2242126464844 1743
1744 292.2269287109375 1744
1745 292.2297058105469 1745
1746 292.2326049804688 1746
1747 292.235595703125 1747
1748 292.2386779785156 1748
1749 292.2418212890625 1749
1750 292.2450866699219 1750
1751 292.2484436035156 1751
1752 292.2518615722656 1752
1753 292.25537109375 1753
1754 292.2589721679688 1754
1755 292.2626342773438 1755
1756 292.266357421875 1756
1757 292.2702026367188 1757
1758 292.2741088867188 1758
1759 292.278076171875 1759
1760 292.2821044921875 1760
1761 292.2861938476562 1761
1762 292.2903747558594 1762
1763 292.2946166992188 1763
1764 292.2988891601562 1764
1765 292.3032836914062 1765
1766 292.3076782226562 1766
1767 292.3121337890625 1767
1768 292.3166809082031 1768
1769 292.3212585449219 1769
1770 292.3258666992188 1770
1771 292.33056640625 1771
1772 292.3352966308594 1772
1773 292.3400573730469 1773
1774 292.3448486328125 1774
1775 292.3497314453125 1775
1776 292.3546142578125 1776
1777 292.3595581054688 1777
1778 292.3645324707031 1778
1779 292.3695068359375 1779
1780 292.3745422363281 1780
1781 292.3795776367188 1781
1782 292.3847045898438 1782
1783 292.3898315429688 1783
1784 292.3949584960938 1784
1785 292.4001159667969 1785
1786 292.4053039550781 1786
1787 292.4104919433594 1787
1788 292.4157104492188 1788
1789 292.4209594726562 1789
1790 292.4262084960938 1790
1791 292.4315185546875 1791
1792 292.436767578125 1792
1793 292.4420471191406 1793
1794 292.4473266601562 1794
1795 292.45263671875 1795
1796 292.4579162597656 1796
1797 292.4632568359375 1797
1798 292.4685363769531 1798
1799 292.473876953125 1799
1800 292.4791259765625 1800
1801 292.4844360351562 1801
1802 292.48974609375 1802
1803 292.4950256347656 1803
1804 292.5003051757812 1804
1805 292.5055541992188 1805
1806 292.5108032226562 1806
1807 292.5160522460938 1807
1808 292.5213012695312 1808
1809 292.5264892578125 1809
1810 292.5317077636719 1810
1811 292.536865234375 1811
1812 292.5420227050781 1812
1813 292.5471496582031 1813
1814 292.55224609375 1814
1815 292.5573425292969 1815
1816 292.5624084472656 1816
1817 292.5674438476562 1817
1818 292.5724487304688 1818
1819 292.5774230957031 1819
1820 292.5823974609375 1820
1821 292.5872802734375 1821
1822 292.5921630859375 1822
1823 292.5970153808594 1823
1824 292.6018371582031 1824
1825 292.6065979003906 1825
1826 292.6113586425781 1826
1827 292.6160278320312 1827
1828 292.6207275390625 1828
1829 292.6253356933594 1829
1830 292.6298828125 1830
1831 292.6344299316406 1831
1832 292.638916015625 1832
1833 292.6433410644531 1833
1834 292.6477355957031 1834
1835 292.652099609375 1835
1836 292.6564025878906 1836
1837 292.66064453125 1837
1838 292.6648559570312 1838
1839 292.6690063476562 1839
1840 292.673095703125 1840
1841 292.6771240234375 1841
1842 292.6811218261719 1842
1843 292.68505859375 1843
1844 292.6889343261719 1844
1845 292.6927490234375 1845
1846 292.6965026855469 1846
1847 292.7001953125 1847
1848 292.7038269042969 1848
1849 292.7074279785156 1849
1850 292.7109375 1850
1851 292.7144165039062 1851
1852 292.7177734375 1852
1853 292.7211303710938 1853
1854 292.724365234375 1854
1855 292.7276000976562 1855
1856 292.730712890625 1856
1857 292.7337646484375 1857
1858 292.7367858886719 1858
1859 292.7397155761719 1859
1860 292.7425537109375 1860
1861 292.745361328125 1861
1862 292.7481079101562 1862
1863 292.750732421875 1863
1864 292.7532958984375 1864
1865 292.7557983398438 1865
1866 292.7582397460938 1866
1867 292.7606201171875 1867
1868 292.7628784179688 1868
1869 292.7651062011719 1869
1870 292.7672424316406 1870
1871 292.769287109375 1871
1872 292.7713012695312 1872
1873 292.7731628417969 1873
1874 292.7750244140625 1874
1875 292.7767333984375 1875
1876 292.7784423828125 1876
1877 292.780029296875 1877
1878 292.781494140625 1878
1879 292.782958984375 1879
1880 292.7843017578125 1880
1881 292.7855529785156 1881
1882 292.7867431640625 1882
1883 292.787841796875 1883
1884 292.7888488769531 1884
1885 292.789794921875 1885
1886 292.7906494140625 1886
1887 292.7914123535156 1887
1888 292.7920837402344 1888
1889 292.7926940917969 1889
1890 292.7931823730469 1890
1891 292.7936096191406 1891
1892 292.7939453125 1892
1893 292.794189453125 1893
1894 292.7943725585938 1894
1895 292.79443359375 1895
1896 292.79443359375 1896
1897 292.7943115234375 1897
1898 292.7941284179688 1898
1899 292.7938537597656 1899
1900 292.79345703125 1900
1901 292.7930297851562 1901
1902 292.79248046875 1902
1903 292.7918090820312 1903
1904 292.7911071777344 1904
1905 292.790283203125 1905
1906 292.7893371582031 1906
1907 292.788330078125 1907
1908 292.7872314453125 1908
1909 292.7860717773438 1909
1910 292.7847900390625 1910
1911 292.7834167480469 1911
1912 292.7819519042969 1912
1913 292.7803955078125 1913
1914 292.7787475585938 1914
1915 292.7770080566406 1915
1916 292.7751770019531 1916
1917 292.7732543945312 1917
1918 292.771240234375 1918
1919 292.7691650390625 1919
1920 292.7669677734375 1920
1921 292.7647094726562 1921
1922 292.7623596191406 1922
1923 292.7599182128906 1923
1924 292.7573852539062 1924
1925 292.7548217773438 1925
1926 292.7521362304688 1926
1927 292.7493896484375 1927
1928 292.7465515136719 1928
1929 292.74365234375 1929
1930 292.7406921386719 1930
1931 292.7376708984375 1931
1932 292.7345581054688 1932
1933 292.7313842773438 1933
1934 292.7281799316406 1934
1935 292.7249145507812 1935
1936 292.7215576171875 1936
1937 292.7182006835938 1937
1938 292.7147827148438 1938
1939 292.7113342285156 1939
1940 292.7078552246094 1940
1941 292.704345703125 1941
1942 292.7008056640625 1942
1943 292.6972045898438 1943
1944 292.6936340332031 1944
1945 292.6900329589844 1945
1946 292.6864624023438 1946
1947 292.6828002929688 1947
1948 292.67919921875 1948
1949 292.6755981445312 1949
1950 292.6720275878906 1950
1951 292.66845703125 1951
1952 292.6648864746094 1952
1953 292.6613464355469 1953
1954 292.6578369140625 1954
1955 292.6543579101562 1955
1956 292.6509704589844 1956
1957 292.6475524902344 1957
1958 292.6442260742188 1958
1959 292.6409301757812 1959
1960 292.6376953125 1960
1961 292.6344909667969 1961
1962 292.6313781738281 1962
1963 292.6283569335938 1963
1964 292.6253662109375 1964
1965 292.6224670410156 1965
1966 292.61962890625 1966
1967 292.6168823242188 1967
1968 292.6142578125 1968
1969 292.6116638183594 1969
1970 292.6091918945312 1970
1971 292.6068115234375 1971
1972 292.6044921875 1972
1973 292.602294921875 1973
1974 292.6002502441406 1974
1975 292.5982360839844 1975
1976 292.5963439941406 1976
1977 292.5945739746094 1977
1978 292.5928955078125 1978
1979 292.59130859375 1979
1980 292.5898742675781 1980
1981 292.5885314941406 1981
1982 292.5873413085938 1982
1983 292.586181640625 1983
1984 292.5852355957031 1984
1985 292.5843505859375 1985
1986 292.5835876464844 1986
1987 292.5829467773438 1987
1988 292.5823974609375 1988
1989 292.5820007324219 1989
1990 292.5816955566406 1990
1991 292.58154296875 1991
1992 292.5814819335938 1992
1993 292.58154296875 1993
1994 292.5817260742188 1994
1995 292.58203125 1995
1996 292.5824584960938 1996
1997 292.5829772949219 1997
1998 292.5836181640625 1998
1999 292.5844116210938 1999
2000 292.5852661132812 2000
2001 292.5862426757812 2001
2002 292.5873718261719 2002
2003 292.5885620117188 2003
2004 292.5899047851562 2004
2005 292.5913391113281 2005
2006 292.5928955078125 2006
2007 292.5945434570312 2007
2008 292.5962829589844 2008
2009 292.59814453125 2009
2010 292.6001281738281 2010
2011 292.6022033691406 2011
2012 292.6043395996094 2012
2013 292.6066284179688 2013
2014 292.6089782714844 2014
2015 292.6114501953125 2015
2016 292.6139831542969 2016
2017 292.6166381835938 2017
2018 292.6193542480469 2018
2019 292.6221618652344 2019
2020 292.6250610351562 2020
2021 292.6280517578125 2021
2022 292.6311645507812 2022
2023 292.6343078613281 2023
2024 292.6375427246094 2024
2025 292.640869140625 2025
2026 292.6442565917969 2026
2027 292.647705078125 2027
2028 292.6512451171875 2028
2029 292.6548767089844 2029
2030 292.6585388183594 2030
2031 292.6622924804688 2031
2032 292.6660766601562 2032
2033 292.6699829101562 2033
2034 292.6738891601562 2034
2035 292.6778869628906 2035
2036 292.6819458007812 2036
2037 292.68603515625 2037
2038 292.690185546875 2038
2039 292.6943969726562 2039
2040 292.6986694335938 2040
2041 292.7029724121094 2041
2042 292.7073364257812 2042
2043 292.7117309570312 2043
2044 292.7161560058594 2044
2045 292.7206420898438 2045
2046 292.72509765625 2046
2047 292.7296752929688 2047
2048 292.7342529296875 2048
2049 292.7388610839844 2049
2050 292.7435302734375 2050
2051 292.7481689453125 2051
2052 292.7528991699219 2052
2053 292.7576293945312 2053
2054 292.7623901367188 2054
2055 292.7671508789062 2055
2056 292.7719116210938 2056
2057 292.7767333984375 2057
2058 292.7815551757812 2058
2059 292.7864074707031 2059
2060 292.791259765625 2060
2061 292.796142578125 2061
2062 292.801025390625 2062
2063 292.8058776855469 2063
2064 292.810791015625 2064
2065 292.815673828125 2065
2066 292.820556640625 2066
2067 292.8254699707031 2067
2068 292.8303527832031 2068
2069 292.8352661132812 2069
2070 292.8401489257812 2070
2071 292.8450317382812 2071
2072 292.8499145507812 2072
2073 292.8547973632812 2073
2074 292.859619140625 2074
2075 292.864501953125 2075
2076 292.8693237304688 2076
2077 292.8741455078125 2077
2078 292.8789672851562 2078
2079 292.8837585449219 2079
2080 292.8885498046875 2080
2081 292.8932800292969 2081
2082 292.8980102539062 2082
2083 292.9027099609375 2083
2084 292.9074096679688 2084
2085 292.912109375 2085
2086 292.9167175292969 2086
2087 292.9213256835938 2087
2088 292.9259033203125 2088
2089 292.9304504394531 2089
2090 292.9349975585938 2090
2091 292.939453125 2091
2092 292.9439086914062 2092
2093 292.9483337402344 2093
2094 292.9527282714844 2094
2095 292.9570617675781 2095
2096 292.9613647460938 2096
2097 292.9656372070312 2097
2098 292.9698486328125 2098
2099 292.9740600585938 2099
2100 292.9781799316406 2100
2101 292.9822998046875 2101
2102 292.986328125 2102
2103 292.9903259277344 2103
2104 292.9942932128906 2104
2105 292.9982299804688 2105
2106 293.0020751953125 2106
2107 293.0058898925781 2107
2108 293.0096435546875 2108
2109 293.0133666992188 2109
2110 293.0169982910156 2110
2111 293.0205688476562 2111
2112 293.0241394042969 2112
2113 293.0276489257812 2113
2114 293.0310668945312 2114
2115 293.034423828125 2115
2116 293.0377807617188 2116
2117 293.041015625 2117
2118 293.0442199707031 2118
2119 293.04736328125 2119
2120 293.0504455566406 2120
2121 293.0534362792969 2121
2122 293.056396484375 2122
2123 293.0592956542969 2123
2124 293.0621032714844 2124
2125 293.0648498535156 2125
2126 293.0675354003906 2126
2127 293.0701904296875 2127
2128 293.0727233886719 2128
2129 293.0751953125 2129
2130 293.0776062011719 2130
2131 293.0799560546875 2131
2132 293.0822143554688 2132
2133 293.0844421386719 2133
2134 293.0865478515625 2134
2135 293.088623046875 2135
2136 293.0906066894531 2136
2137 293.092529296875 2137
2138 293.0943603515625 2138
2139 293.0960998535156 2139
2140 293.0978088378906 2140
2141 293.0994262695312 2141
2142 293.1009521484375 2142
2143 293.1024169921875 2143
2144 293.103759765625 2144
2145 293.1050720214844 2145
2146 293.1062927246094 2146
2147 293.107421875 2147
2148 293.1084899902344 2148
2149 293.1094665527344 2149
2150 293.1103515625 2150
2151 293.1111755371094 2151
2152 293.1119079589844 2152
2153 293.112548828125 2153
2154 293.1131286621094 2154
2155 293.1136169433594 2155
2156 293.114013671875 2156
2157 293.1143188476562 2157
2158 293.1145629882812 2158
2159 293.1147155761719 2159
2160 293.11474609375 2160
2161 293.11474609375 2161
2162 293.1146240234375 2162
2163 293.1144409179688 2163
2164 293.1141357421875 2164
2165 293.11376953125 2165
2166 293.1133117675781 2166
2167 293.1127319335938 2167
2168 293.1121215820312 2168
2169 293.1113891601562 2169
2170 293.1105346679688 2170
2171 293.1096496582031 2171
2172 293.108642578125 2172
2173 293.1075744628906 2173
2174 293.1063842773438 2174
2175 293.1051025390625 2175
2176 293.103759765625 2176
2177 293.102294921875 2177
2178 293.1007385253906 2178
2179 293.09912109375 2179
2180 293.0973815917969 2180
2181 293.0955810546875 2181
2182 293.0936584472656 2182
2183 293.0916748046875 2183
2184 293.0895690917969 2184
2185 293.08740234375 2185
2186 293.0851135253906 2186
2187 293.082763671875 2187
2188 293.080322265625 2188
2189 293.0777893066406 2189
2190 293.0751342773438 2190
2191 293.0724487304688 2191
2192 293.0696716308594 2192
2193 293.0667724609375 2193
2194 293.0638427734375 2194
2195 293.0608215332031 2195
2196 293.0577392578125 2196
2197 293.0545654296875 2197
2198 293.0513000488281 2198
2199 293.0479736328125 2199
2200 293.0446166992188 2200
2201 293.0411682128906 2201
2202 293.0376586914062 2202
2203 293.0340881347656 2203
2204 293.0304870605469 2204
2205 293.0267944335938 2205
2206 293.0230712890625 2206
2207 293.0193176269531 2207
2208 293.0155029296875 2208
2209 293.01171875 2209
2210 293.0078430175781 2210
2211 293.0039672851562 2211
2212 293.0000610351562 2212
2213 292.9961242675781 2213
2214 292.9921875 2214
2215 292.9882202148438 2215
2216 292.9843139648438 2216
2217 292.9803466796875 2217
2218 292.9763793945312 2218
2219 292.9724731445312 2219
2220 292.9685363769531 2220
2221 292.9646606445312 2221
2222 292.9607849121094 2222
2223 292.9569396972656 2223
2224 292.9531555175781 2224
2225 292.9493713378906 2225
2226 292.9456481933594 2226
2227 292.9419860839844 2227
2228 292.9383544921875 2228
2229 292.9347839355469 2229
2230 292.9312438964844 2230
2231 292.9278259277344 2231
2232 292.9244384765625 2232
2233 292.921142578125 2233
2234 292.9179077148438 2234
2235 292.9147338867188 2235
2236 292.9116516113281 2236
2237 292.90869140625 2237
2238 292.90576171875 2238
2239 292.9029541015625 2239
2240 292.9002380371094 2240
2241 292.8976135253906 2241
2242 292.8950805664062 2242
2243 292.8927001953125 2243
2244 292.890380859375 2244
2245 292.8881530761719 2245
2246 292.8860473632812 2246
2247 292.884033203125 2247
2248 292.8821411132812 2248
2249 292.88037109375 2249
2250 292.8786926269531 2250
2251 292.8771667480469 2251
2252 292.875732421875 2252
2253 292.8743896484375 2253
2254 292.8732299804688 2254
2255 292.8721313476562 2255
2256 292.8711547851562 2256
2257 292.8703002929688 2257
2258 292.8695678710938 2258
2259 292.8689575195312 2259
2260 292.8684692382812 2260
2261 292.8681030273438 2261
2262 292.8678588867188 2262
2263 292.8677062988281 2263
2264 292.86767578125 2264
2265 292.8677673339844 2265
2266 292.8679809570312 2266
2267 292.8683166503906 2267
2268 292.8687744140625 2268
2269 292.8693237304688 2269
2270 292.8699951171875 2270
2271 292.8707885742188 2271
2272 292.8716735839844 2272
2273 292.8726806640625 2273
2274 292.8738098144531 2274
2275 292.8750610351562 2275
2276 292.8764038085938 2276
2277 292.8778381347656 2277
2278 292.8793640136719 2278
2279 292.8810119628906 2279
2280 292.8827819824219 2280
2281 292.8846435546875 2281
2282 292.8865661621094 2282
2283 292.8886413574219 2283
2284 292.8908081054688 2284
2285 292.8930358886719 2285
2286 292.8953552246094 2286
2287 292.8977661132812 2287
2288 292.9002990722656 2288
2289 292.9028930664062 2289
2290 292.9055786132812 2290
2291 292.9083251953125 2291
2292 292.9111938476562 2292
2293 292.9141235351562 2293
2294 292.9171447753906 2294
2295 292.9202270507812 2295
2296 292.9233703613281 2296
2297 292.9266052246094 2297
2298 292.9299011230469 2298
2299 292.9332885742188 2299
2300 292.9367065429688 2300
2301 292.9402160644531 2301
2302 292.9437866210938 2302
2303 292.9473876953125 2303
2304 292.9511108398438 2304
2305 292.954833984375 2305
2306 292.9586486816406 2306
2307 292.9624938964844 2307
2308 292.9664001464844 2308
2309 292.9703674316406 2309
2310 292.974365234375 2310
2311 292.9783935546875 2311
2312 292.9824829101562 2312
2313 292.9866333007812 2313
2314 292.9908447265625 2314
2315 292.9950256347656 2315
2316 292.999267578125 2316
2317 293.0035705566406 2317
2318 293.0078735351562 2318
2319 293.0122375488281 2319
2320 293.0166015625 2320
2321 293.02099609375 2321
2322 293.0254516601562 2322
2323 293.0299072265625 2323
2324 293.0343627929688 2324
2325 293.0388793945312 2325
2326 293.0433654785156 2326
2327 293.0479125976562 2327
2328 293.0524597167969 2328
2329 293.0570068359375 2329
2330 293.0616149902344 2330
2331 293.066162109375 2331
2332 293.0707397460938 2332
2333 293.0753784179688 2333
2334 293.0799560546875 2334
2335 293.0845642089844 2335
2336 293.0891723632812 2336
2337 293.0937805175781 2337
2338 293.098388671875 2338
2339 293.1029968261719 2339
2340 293.1075439453125 2340
2341 293.1121826171875 2341
2342 293.1167602539062 2342
2343 293.121337890625 2343
2344 293.1258850097656 2344
2345 293.1304321289062 2345
2346 293.1349487304688 2346
2347 293.1394653320312 2347
2348 293.1439819335938 2348
2349 293.1484985351562 2349
2350 293.1529541015625 2350
2351 293.1574096679688 2351
2352 293.1618347167969 2352
2353 293.1662292480469 2353
2354 293.1705932617188 2354
2355 293.1749572753906 2355
2356 293.1792907714844 2356
2357 293.18359375 2357
2358 293.1878356933594 2358
2359 293.1920776367188 2359
2360 293.1962890625 2360
2361 293.200439453125 2361
2362 293.20458984375 2362
2363 293.2086791992188 2363
2364 293.2127685546875 2364
2365 293.2167663574219 2365
2366 293.2207641601562 2366
2367 293.2247009277344 2367
2368 293.2286071777344 2368
2369 293.2324829101562 2369
2370 293.2362976074219 2370
2371 293.2400512695312 2371
2372 293.2438049316406 2372
2373 293.2474670410156 2373
2374 293.2510986328125 2374
2375 293.2546997070312 2375
2376 293.2581787109375 2376
2377 293.2616882324219 2377
2378 293.26513671875 2378
2379 293.2684936523438 2379
2380 293.2718505859375 2380
2381 293.2750854492188 2381
2382 293.2783203125 2382
2383 293.281494140625 2383
2384 293.2845764160156 2384
2385 293.28759765625 2385
2386 293.2905883789062 2386
2387 293.2935180664062 2387
2388 293.29638671875 2388
2389 293.2991943359375 2389
2390 293.3019104003906 2390
2391 293.3045959472656 2391
2392 293.3071899414062 2392
2393 293.3097534179688 2393
2394 293.312255859375 2394
2395 293.3146362304688 2395
2396 293.3170166015625 2396
2397 293.3192749023438 2397
2398 293.3215026855469 2398
2399 293.3236694335938 2399
2400 293.3257141113281 2400
2401 293.3277282714844 2401
2402 293.3296508789062 2402
2403 293.3315124511719 2403
2404 293.3333129882812 2404
2405 293.3350219726562 2405
2406 293.3366394042969 2406
2407 293.3382568359375 2407
2408 293.3397216796875 2408
2409 293.3411254882812 2409
2410 293.3424987792969 2410
2411 293.34375 2411
2412 293.344970703125 2412
2413 293.3460693359375 2413
2414 293.3471069335938 2414
2415 293.3480224609375 2415
2416 293.3489379882812 2416
2417 293.3497009277344 2417
2418 293.3504028320312 2418
2419 293.35107421875 2419
2420 293.3515930175781 2420
2421 293.35205078125 2421
2422 293.3524475097656 2422
2423 293.3527526855469 2423
2424 293.3529968261719 2424
2425 293.3531188964844 2425
2426 293.3531799316406 2426
2427 293.3531494140625 2427
2428 293.35302734375 2428
2429 293.3528137207031 2429
2430 293.3525390625 2430
2431 293.3521728515625 2431
2432 293.3517150878906 2432
2433 293.3511352539062 2433
2434 293.3505249023438 2434
2435 293.3497924804688 2435
2436 293.3489685058594 2436
2437 293.3480834960938 2437
2438 293.3471069335938 2438
2439 293.3460388183594 2439
2440 293.3448486328125 2440
2441 293.3435974121094 2441
2442 293.3422241210938 2442
2443 293.3408203125 2443
2444 293.3392639160156 2444
2445 293.337646484375 2445
2446 293.3359375 2446
2447 293.3341674804688 2447
2448 293.3322448730469 2448
2449 293.3302612304688 2449
2450 293.3281860351562 2450
2451 293.3260498046875 2451
2452 293.3237915039062 2452
2453 293.3214111328125 2453
2454 293.3190307617188 2454
2455 293.3164978027344 2455
2456 293.3138732910156 2456
2457 293.3111877441406 2457
2458 293.3083801269531 2458
2459 293.3055114746094 2459
2460 293.3025512695312 2460
2461 293.2995300292969 2461
2462 293.2964172363281 2462
2463 293.2931823730469 2463
2464 293.2899169921875 2464
2465 293.2865600585938 2465
2466 293.2831420898438 2466
2467 293.2796630859375 2467
2468 293.2760925292969 2468
2469 293.2724609375 2469
2470 293.2687377929688 2470
2471 293.2649841308594 2471
2472 293.2611694335938 2472
2473 293.25732421875 2473
2474 293.25341796875 2474
2475 293.2494506835938 2475
2476 293.2454528808594 2476
2477 293.2413940429688 2477
2478 293.2373352050781 2478
2479 293.2332153320312 2479
2480 293.2290649414062 2480
2481 293.2249145507812 2481
2482 293.2207641601562 2482
2483 293.216552734375 2483
2484 293.2123718261719 2484
2485 293.2081909179688 2485
2486 293.2039794921875 2486
2487 293.1997985839844 2487
2488 293.1956481933594 2488
2489 293.1914672851562 2489
2490 293.1873168945312 2490
2491 293.1832275390625 2491
2492 293.1791076660156 2492
2493 293.1750793457031 2493
2494 293.1710510253906 2494
2495 293.1671142578125 2495
2496 293.1631774902344 2496
2497 293.1593017578125 2497
2498 293.155517578125 2498
2499 293.1517333984375 2499
2500 293.1480712890625 2500
