"point-a-rfile"
"Time Step" "point-a etc.."
("Time Step" "point-a" "flow-time")
0 283 0
1 283 1
2 283 2
3 283 3
4 283 4
5 283 5
6 283 6
7 283 7
8 283 8
9 283 9
10 283 10
11 283 11
12 283 12
13 283 13
14 283 14
15 283 15
16 283 16
17 283 17
18 283 18
19 283 19
20 283 20
21 283 21
22 283 22
23 283 23
24 283 24
25 283 25
26 283 26
27 283 27
28 283 28
29 283 29
30 283 30
31 283 31
32 283 32
33 283 33
34 283 34
35 283 35
36 283 36
37 283 37
38 283 38
39 283 39
40 283 40
41 283 41
42 283 42
43 283 43
44 283.0000305175781 44
45 283.0000305175781 45
46 283.0000610351562 46
47 283.0000610351562 47
48 283.0000610351562 48
49 283.0000610351562 49
50 283.0000610351562 50
51 283.0000915527344 51
52 283.0000915527344 52
53 283.0001220703125 53
54 283.0001220703125 54
55 283.0001525878906 55
56 283.0001525878906 56
57 283.0001831054688 57
58 283.000244140625 58
59 283.0002746582031 59
60 283.0003051757812 60
61 283.0003356933594 61
62 283.0003967285156 62
63 283.0004577636719 63
64 283.0005493164062 64
65 283.0006103515625 65
66 283.0006713867188 66
67 283.000732421875 67
68 283.0008239746094 68
69 283.0009460449219 69
70 283.0010375976562 70
71 283.0011901855469 71
72 283.0013122558594 72
73 283.0014343261719 73
74 283.0015869140625 74
75 283.0017395019531 75
76 283.0019226074219 76
77 283.0021362304688 77
78 283.0023193359375 78
79 283.0025329589844 79
80 283.0027770996094 80
81 283.0030212402344 81
82 283.0032958984375 82
83 283.0035705566406 83
84 283.00390625 84
85 283.0042114257812 85
86 283.0045471191406 86
87 283.0049133300781 87
88 283.0053100585938 88
89 283.0057067871094 89
90 283.0061645507812 90
91 283.006591796875 91
92 283.0071105957031 92
93 283.0075988769531 93
94 283.0081176757812 94
95 283.0086669921875 95
96 283.0092468261719 96
97 283.0098571777344 97
98 283.010498046875 98
99 283.0111999511719 99
100 283.0119018554688 100
101 283.0126342773438 101
102 283.0133972167969 102
103 283.0141906738281 103
104 283.0149841308594 104
105 283.015869140625 105
106 283.0167541503906 106
107 283.0177001953125 107
108 283.0186462402344 108
109 283.0196533203125 109
110 283.0206604003906 110
111 283.021728515625 111
112 283.0228271484375 112
113 283.0239868164062 113
114 283.025146484375 114
115 283.0263671875 115
116 283.0276184082031 116
117 283.0289001464844 117
118 283.0302429199219 118
119 283.0315856933594 119
120 283.0330505371094 120
121 283.0344848632812 121
122 283.0359802246094 122
123 283.0374755859375 123
124 283.0390319824219 124
125 283.0406494140625 125
126 283.0422973632812 126
127 283.0439758300781 127
128 283.0457153320312 128
129 283.0474853515625 129
130 283.04931640625 130
131 283.0511474609375 131
132 283.0530700683594 132
133 283.0549621582031 133
134 283.0569458007812 134
135 283.0589904785156 135
136 283.0610046386719 136
137 283.0631103515625 137
138 283.0652465820312 138
139 283.0674438476562 139
140 283.0696411132812 140
141 283.0719604492188 141
142 283.07421875 142
143 283.0765991210938 143
144 283.0789794921875 144
145 283.0813903808594 145
146 283.0838623046875 146
147 283.0863647460938 147
148 283.0889282226562 148
149 283.0914916992188 149
150 283.0941162109375 150
151 283.0968017578125 151
152 283.0994873046875 152
153 283.1022338867188 153
154 283.1050415039062 154
155 283.1078491210938 155
156 283.1107177734375 156
157 283.1136169433594 157
158 283.1165466308594 158
159 283.1195068359375 159
160 283.1224975585938 160
161 283.1255187988281 161
162 283.1286315917969 162
163 283.1317443847656 163
164 283.1348876953125 164
165 283.1380615234375 165
166 283.1412963867188 166
167 283.1445617675781 167
168 283.1478271484375 168
169 283.1511840820312 169
170 283.154541015625 170
171 283.1578979492188 171
172 283.1613464355469 172
173 283.164794921875 173
174 283.1682739257812 174
175 283.1718139648438 175
176 283.1753540039062 176
177 283.1788940429688 177
178 283.1825256347656 178
179 283.1861572265625 179
180 283.1898193359375 180
181 283.1935424804688 181
182 283.197265625 182
183 283.2009887695312 183
184 283.2047729492188 184
185 283.2085571289062 185
186 283.21240234375 186
187 283.2162780761719 187
188 283.2201538085938 188
189 283.2240295410156 189
190 283.2279663085938 190
191 283.23193359375 191
192 283.2359313964844 192
193 283.2399291992188 193
194 283.2439270019531 194
195 283.2479858398438 195
196 283.2520446777344 196
197 283.2561340332031 197
198 283.2602233886719 198
199 283.2643432617188 199
200 283.2685241699219 200
201 283.272705078125 201
202 283.27685546875 202
203 283.2810668945312 203
204 283.2852783203125 204
205 283.2895202636719 205
206 283.2937927246094 206
207 283.2980346679688 207
208 283.3023071289062 208
209 283.3066101074219 209
210 283.3109741210938 210
211 283.3152770996094 211
212 283.3196105957031 212
213 283.323974609375 213
214 283.3283386230469 214
215 283.3327026367188 215
216 283.3370971679688 216
217 283.3415222167969 217
218 283.3459167480469 218
219 283.350341796875 219
220 283.3547973632812 220
221 283.3592529296875 221
222 283.3636779785156 222
223 283.3681335449219 223
224 283.3725891113281 224
225 283.3770751953125 225
226 283.3815612792969 226
227 283.3860473632812 227
228 283.3905639648438 228
229 283.3950500488281 229
230 283.3995666503906 230
231 283.404052734375 231
232 283.4085693359375 232
233 283.4130859375 233
234 283.4176025390625 234
235 283.422119140625 235
236 283.4266662597656 236
237 283.4311828613281 237
238 283.4357299804688 238
239 283.4402465820312 239
240 283.4447937011719 240
241 283.4493103027344 241
242 283.4538269042969 242
243 283.4583740234375 243
244 283.462890625 244
245 283.4674377441406 245
246 283.4719543457031 246
247 283.4764709472656 247
248 283.4809875488281 248
249 283.4855041503906 249
250 283.4900207519531 250
251 283.4945373535156 251
252 283.4990234375 252
253 283.5035400390625 253
254 283.5079956054688 254
255 283.5125122070312 255
256 283.5169677734375 256
257 283.5214538574219 257
258 283.5259399414062 258
259 283.5304260253906 259
260 283.5348510742188 260
261 283.539306640625 261
262 283.5437316894531 262
263 283.5481567382812 263
264 283.5525817871094 264
265 283.5570068359375 265
266 283.5614013671875 266
267 283.5657958984375 267
268 283.5701599121094 268
269 283.5745239257812 269
270 283.5788879394531 270
271 283.5832214355469 271
272 283.5875854492188 272
273 283.5918884277344 273
274 283.5962219238281 274
275 283.6004943847656 275
276 283.6047668457031 276
277 283.6090393066406 277
278 283.61328125 278
279 283.6175537109375 279
280 283.6217346191406 280
281 283.6259460449219 281
282 283.6301574707031 282
283 283.6343383789062 283
284 283.6384887695312 284
285 283.6426086425781 285
286 283.646728515625 286
287 283.65087890625 287
288 283.6549682617188 288
289 283.6590270996094 289
290 283.6631164550781 290
291 283.6671447753906 291
292 283.6711730957031 292
293 283.6751403808594 293
294 283.6791381835938 294
295 283.68310546875 295
296 283.6870727539062 296
297 283.6909790039062 297
298 283.6948852539062 298
299 283.69873046875 299
300 283.70263671875 300
301 283.7064819335938 301
302 283.7102966308594 302
303 283.714111328125 303
304 283.7178649902344 304
305 283.7216186523438 305
306 283.725341796875 306
307 283.7290649414062 307
308 283.7327575683594 308
309 283.7363891601562 309
310 283.7400817871094 310
311 283.7436828613281 311
312 283.7472839355469 312
313 283.7508544921875 313
314 283.75439453125 314
315 283.7579345703125 315
316 283.7614135742188 316
317 283.764892578125 317
318 283.7683410644531 318
319 283.7717590332031 319
320 283.7751770019531 320
321 283.778564453125 321
322 283.7819213867188 322
323 283.7852783203125 323
324 283.78857421875 324
325 283.7918701171875 325
326 283.7951354980469 326
327 283.7983703613281 327
328 283.8016052246094 328
329 283.8047790527344 329
330 283.8079833984375 330
331 283.8111267089844 331
332 283.8142700195312 332
333 283.8173522949219 333
334 283.8204650878906 334
335 283.8235168457031 335
336 283.8265686035156 336
337 283.8296203613281 337
338 283.8326110839844 338
339 283.8356018066406 339
340 283.8385925292969 340
341 283.8415222167969 341
342 283.8444519042969 342
343 283.8473815917969 343
344 283.8502807617188 344
345 283.8531799316406 345
346 283.8560485839844 346
347 283.85888671875 347
348 283.8617248535156 348
349 283.8645935058594 349
350 283.8674011230469 350
351 283.8702392578125 351
352 283.8730163574219 352
353 283.8758544921875 353
354 283.8786315917969 354
355 283.8813781738281 355
356 283.8841552734375 356
357 283.8869323730469 357
358 283.8896484375 358
359 283.8923950195312 359
360 283.8951721191406 360
361 283.8979187011719 361
362 283.9006652832031 362
363 283.9033813476562 363
364 283.9061584472656 364
365 283.9088745117188 365
366 283.91162109375 366
367 283.9143676757812 367
368 283.9170837402344 368
369 283.9198303222656 369
370 283.9225463867188 370
371 283.9253540039062 371
372 283.9281005859375 372
373 283.9308471679688 373
374 283.9336242675781 374
375 283.9364013671875 375
376 283.9391784667969 376
377 283.9419555664062 377
378 283.9447631835938 378
379 283.9475708007812 379
380 283.9504089355469 380
381 283.9531860351562 381
382 283.9560546875 382
383 283.9588928222656 383
384 283.9617919921875 384
385 283.9646606445312 385
386 283.967529296875 386
387 283.9704284667969 387
388 283.9733581542969 388
389 283.9762573242188 389
390 283.9791870117188 390
391 283.982177734375 391
392 283.9851379394531 392
393 283.9881286621094 393
394 283.9911193847656 394
395 283.994140625 395
396 283.9972229003906 396
397 284.000244140625 397
398 284.0032958984375 398
399 284.0064086914062 399
400 284.0095520019531 400
401 284.0126647949219 401
402 284.0157775878906 402
403 284.0189514160156 403
404 284.0221557617188 404
405 284.0253601074219 405
406 284.0285339355469 406
407 284.0317993164062 407
408 284.0350341796875 408
409 284.038330078125 409
410 284.0416259765625 410
411 284.044921875 411
412 284.0482482910156 412
413 284.0516357421875 413
414 284.0549926757812 414
415 284.058349609375 415
416 284.0617370605469 416
417 284.065185546875 417
418 284.0686340332031 418
419 284.0721130371094 419
420 284.0755615234375 420
421 284.0790710449219 421
422 284.0826110839844 422
423 284.0861206054688 423
424 284.0897216796875 424
425 284.09326171875 425
426 284.0968322753906 426
427 284.1004638671875 427
428 284.1040954589844 428
429 284.1077270507812 429
430 284.1113891601562 430
431 284.1150817871094 431
432 284.1187744140625 432
433 284.1224670410156 433
434 284.1261901855469 434
435 284.1299438476562 435
436 284.1336975097656 436
437 284.1375122070312 437
438 284.1412658691406 438
439 284.1450805664062 439
440 284.14892578125 440
441 284.1527404785156 441
442 284.1565551757812 442
443 284.1604614257812 443
444 284.164306640625 444
445 284.1682434082031 445
446 284.172119140625 446
447 284.176025390625 447
448 284.1799621582031 448
449 284.1838989257812 449
450 284.1878356933594 450
451 284.1918334960938 451
452 284.19580078125 452
453 284.1997680664062 453
454 284.2037963867188 454
455 284.207763671875 455
456 284.2117919921875 456
457 284.2158508300781 457
458 284.2199096679688 458
459 284.2239074707031 459
460 284.2279663085938 460
461 284.2320251464844 461
462 284.2361145019531 462
463 284.2401428222656 463
464 284.2442626953125 464
465 284.2483520507812 465
466 284.25244140625 466
467 284.2565612792969 467
468 284.2606201171875 468
469 284.2647705078125 469
470 284.2688598632812 470
471 284.2730102539062 471
472 284.2771301269531 472
473 284.28125 473
474 284.285400390625 474
475 284.2895202636719 475
476 284.2936401367188 476
477 284.2978210449219 477
478 284.3019104003906 478
479 284.3060913085938 479
480 284.3102111816406 480
481 284.3143615722656 481
482 284.3185119628906 482
483 284.3226318359375 483
484 284.3267822265625 484
485 284.3309326171875 485
486 284.3350524902344 486
487 284.3392028808594 487
488 284.3433532714844 488
489 284.3474731445312 489
490 284.3515930175781 490
491 284.3557434082031 491
492 284.35986328125 492
493 284.3639831542969 493
494 284.3681030273438 494
495 284.3722229003906 495
496 284.3763427734375 496
497 284.3804016113281 497
498 284.384521484375 498
499 284.3886108398438 499
500 284.3926696777344 500
501 284.3967895507812 501
502 284.4008178710938 502
503 284.4048767089844 503
504 284.408935546875 504
505 284.4129943847656 505
506 284.4170227050781 506
507 284.4210510253906 507
508 284.425048828125 508
509 284.4291076660156 509
510 284.4330749511719 510
511 284.4370727539062 511
512 284.4410400390625 512
513 284.4450073242188 513
514 284.4489440917969 514
515 284.4529113769531 515
516 284.4568481445312 516
517 284.4607238769531 517
518 284.4646301269531 518
519 284.4685363769531 519
520 284.4724426269531 520
521 284.4762878417969 521
522 284.4801025390625 522
523 284.4839477539062 523
524 284.4877624511719 524
525 284.4915466308594 525
526 284.4953918457031 526
527 284.4991455078125 527
528 284.5029296875 528
529 284.5066528320312 529
530 284.5103454589844 530
531 284.5140686035156 531
532 284.5177612304688 532
533 284.5214233398438 533
534 284.5250854492188 534
535 284.5287475585938 535
536 284.5323486328125 536
537 284.5359497070312 537
538 284.5395202636719 538
539 284.5431213378906 539
540 284.5466613769531 540
541 284.5501708984375 541
542 284.5536804199219 542
543 284.5571594238281 543
544 284.5606384277344 544
545 284.5640563964844 545
546 284.5675048828125 546
547 284.5708923339844 547
548 284.5742492675781 548
549 284.5776062011719 549
550 284.5809326171875 550
551 284.5842895507812 551
552 284.5875854492188 552
553 284.5908203125 553
554 284.5940246582031 554
555 284.5972595214844 555
556 284.6004943847656 556
557 284.6036682128906 557
558 284.6067810058594 558
559 284.6099243164062 559
560 284.6130065917969 560
561 284.6160888671875 561
562 284.619140625 562
563 284.6221313476562 563
564 284.6251220703125 564
565 284.6281127929688 565
566 284.6310729980469 566
567 284.6340026855469 567
568 284.6369018554688 568
569 284.6397399902344 569
570 284.642578125 570
571 284.6453857421875 571
572 284.648193359375 572
573 284.6509399414062 573
574 284.6536865234375 574
575 284.6564025878906 575
576 284.6590576171875 576
577 284.6617126464844 577
578 284.6643371582031 578
579 284.6669311523438 579
580 284.6694641113281 580
581 284.6720275878906 581
582 284.6745300292969 582
583 284.677001953125 583
584 284.6794738769531 584
585 284.681884765625 585
586 284.6842651367188 586
587 284.6866455078125 587
588 284.68896484375 588
589 284.6912841796875 589
590 284.6935424804688 590
591 284.69580078125 591
592 284.6980590820312 592
593 284.7002563476562 593
594 284.702392578125 594
595 284.7045288085938 595
596 284.7066650390625 596
597 284.7087097167969 597
598 284.7108154296875 598
599 284.7128295898438 599
600 284.71484375 600
601 284.7168273925781 601
602 284.7187805175781 602
603 284.720703125 603
604 284.7226257324219 604
605 284.7244873046875 605
606 284.7263488769531 606
607 284.7282409667969 607
608 284.7300109863281 608
609 284.7317810058594 609
610 284.7336120605469 610
611 284.7353515625 611
612 284.7370910644531 612
613 284.73876953125 613
614 284.7404479980469 614
615 284.7421875 615
616 284.7438354492188 616
617 284.7454833984375 617
618 284.7471008300781 618
619 284.7487182617188 619
620 284.7503356933594 620
621 284.7519226074219 621
622 284.7535095214844 622
623 284.7550659179688 623
624 284.7566223144531 624
625 284.7581787109375 625
626 284.7597045898438 626
627 284.7611999511719 627
628 284.7627563476562 628
629 284.7642822265625 629
630 284.7657775878906 630
631 284.7673034667969 631
632 284.768798828125 632
633 284.7702941894531 633
634 284.7717895507812 634
635 284.7733154296875 635
636 284.7748413085938 636
637 284.7763366699219 637
638 284.77783203125 638
639 284.7793273925781 639
640 284.7808227539062 640
641 284.7823181152344 641
642 284.7838745117188 642
643 284.7853698730469 643
644 284.7868957519531 644
645 284.7884521484375 645
646 284.7899780273438 646
647 284.79150390625 647
648 284.7930908203125 648
649 284.7946472167969 649
650 284.7962036132812 650
651 284.7977905273438 651
652 284.7993774414062 652
653 284.8009948730469 653
654 284.8026428222656 654
655 284.8042297363281 655
656 284.8058776855469 656
657 284.8075561523438 657
658 284.8092041015625 658
659 284.8109130859375 659
660 284.8125915527344 660
661 284.8143310546875 661
662 284.8160400390625 662
663 284.8178100585938 663
664 284.8195495605469 664
665 284.8213500976562 665
666 284.8231506347656 666
667 284.824951171875 667
668 284.8267822265625 668
669 284.8286437988281 669
670 284.8305358886719 670
671 284.8323669433594 671
672 284.8342895507812 672
673 284.8362426757812 673
674 284.8381652832031 674
675 284.8401184082031 675
676 284.8421020507812 676
677 284.8440856933594 677
678 284.8460998535156 678
679 284.84814453125 679
680 284.8501892089844 680
681 284.852294921875 681
682 284.8543701171875 682
683 284.8565063476562 683
684 284.858642578125 684
685 284.8607788085938 685
686 284.8629760742188 686
687 284.8651428222656 687
688 284.8673706054688 688
689 284.86962890625 689
690 284.8718566894531 690
691 284.8741149902344 691
692 284.8764343261719 692
693 284.8787536621094 693
694 284.8810424804688 694
695 284.8833618164062 695
696 284.8857421875 696
697 284.8881225585938 697
698 284.8905334472656 698
699 284.8929443359375 699
700 284.8954162597656 700
701 284.8978576660156 701
702 284.9003295898438 702
703 284.9028015136719 703
704 284.9053344726562 704
705 284.9078369140625 705
706 284.9103698730469 706
707 284.9129638671875 707
708 284.91552734375 708
709 284.9180908203125 709
710 284.9207153320312 710
711 284.92333984375 711
712 284.9259338378906 712
713 284.9285888671875 713
714 284.9312744140625 714
715 284.9339294433594 715
716 284.9366149902344 716
717 284.9393310546875 717
718 284.9420471191406 718
719 284.9447631835938 719
720 284.947509765625 720
721 284.9502563476562 721
722 284.9530639648438 722
723 284.955810546875 723
724 284.9585876464844 724
725 284.9613952636719 725
726 284.9642028808594 726
727 284.9670104980469 727
728 284.9698486328125 728
729 284.9726867675781 729
730 284.9755554199219 730
731 284.9783935546875 731
732 284.9812316894531 732
733 284.984130859375 733
734 284.9869995117188 734
735 284.9898986816406 735
736 284.9927978515625 736
737 284.9956665039062 737
738 284.9985961914062 738
739 285.00146484375 739
740 285.00439453125 740
741 285.0073852539062 741
742 285.0102844238281 742
743 285.0132141113281 743
744 285.0161437988281 744
745 285.0191040039062 745
746 285.0220336914062 746
747 285.0249633789062 747
748 285.0279235839844 748
749 285.0308532714844 749
750 285.0338134765625 750
751 285.0367736816406 751
752 285.0397338867188 752
753 285.0426635742188 753
754 285.0456237792969 754
755 285.0485534667969 755
756 285.051513671875 756
757 285.0544738769531 757
758 285.0574340820312 758
759 285.0603637695312 759
760 285.0633239746094 760
761 285.0662841796875 761
762 285.0691833496094 762
763 285.0721435546875 763
764 285.0750732421875 764
765 285.0779724121094 765
766 285.0809020996094 766
767 285.0838317871094 767
768 285.0867309570312 768
769 285.0896606445312 769
770 285.0925598144531 770
771 285.0954895019531 771
772 285.0983581542969 772
773 285.1012268066406 773
774 285.1041259765625 774
775 285.1069946289062 775
776 285.1098327636719 776
777 285.1126708984375 777
778 285.1155395507812 778
779 285.1183776855469 779
780 285.1211547851562 780
781 285.1240234375 781
782 285.1268005371094 782
783 285.1295776367188 783
784 285.1323852539062 784
785 285.1351623535156 785
786 285.1379089355469 786
787 285.1406860351562 787
788 285.1433715820312 788
789 285.1461181640625 789
790 285.1488647460938 790
791 285.1515502929688 791
792 285.1542358398438 792
793 285.1568603515625 793
794 285.1595458984375 794
795 285.1622009277344 795
796 285.1648254394531 796
797 285.1674499511719 797
798 285.1700439453125 798
799 285.172607421875 799
800 285.1752014160156 800
801 285.177734375 801
802 285.1802978515625 802
803 285.1827697753906 803
804 285.185302734375 804
805 285.1877746582031 805
806 285.1902160644531 806
807 285.1926879882812 807
808 285.1951293945312 808
809 285.1975402832031 809
810 285.1999206542969 810
811 285.2023010253906 811
812 285.2046508789062 812
813 285.2069702148438 813
814 285.2092895507812 814
815 285.2116088867188 815
816 285.2138671875 816
817 285.2161254882812 817
818 285.2183532714844 818
819 285.2205810546875 819
820 285.2227478027344 820
821 285.2249450683594 821
822 285.2270812988281 822
823 285.2292175292969 823
824 285.2313232421875 824
825 285.2333679199219 825
826 285.2354431152344 826
827 285.2374572753906 827
828 285.2394714355469 828
829 285.241455078125 829
830 285.2434387207031 830
831 285.2453918457031 831
832 285.247314453125 832
833 285.2491760253906 833
834 285.2510375976562 834
835 285.2529296875 835
836 285.2546997070312 836
837 285.2564697265625 837
838 285.2582702636719 838
839 285.260009765625 839
840 285.2616882324219 840
841 285.2633666992188 841
842 285.2650756835938 842
843 285.2667236328125 843
844 285.2683410644531 844
845 285.2698974609375 845
846 285.2714233398438 846
847 285.27294921875 847
848 285.2744750976562 848
849 285.2759094238281 849
850 285.2774047851562 850
851 285.2787780761719 851
852 285.2802124023438 852
853 285.2815551757812 853
854 285.2828979492188 854
855 285.2841796875 855
856 285.2854919433594 856
857 285.2867431640625 857
858 285.2879943847656 858
859 285.2891845703125 859
860 285.2903442382812 860
861 285.29150390625 861
862 285.2926025390625 862
863 285.2937316894531 863
864 285.2947692871094 864
865 285.2958374023438 865
866 285.2968139648438 866
867 285.2978210449219 867
868 285.2987670898438 868
869 285.2997436523438 869
870 285.3006591796875 870
871 285.3015441894531 871
872 285.3023986816406 872
873 285.3032531738281 873
874 285.3040771484375 874
875 285.3048706054688 875
876 285.3056335449219 876
877 285.3064270019531 877
878 285.30712890625 878
879 285.307861328125 879
880 285.3085632324219 880
881 285.3092041015625 881
882 285.3099060058594 882
883 285.310546875 883
884 285.3111877441406 884
885 285.311767578125 885
886 285.3123779296875 886
887 285.31298828125 887
888 285.3135375976562 888
889 285.3141174316406 889
890 285.3146667480469 890
891 285.3152160644531 891
892 285.3157348632812 892
893 285.3162536621094 893
894 285.3167419433594 894
895 285.3172912597656 895
896 285.3177795410156 896
897 285.3182678222656 897
898 285.3187866210938 898
899 285.3192749023438 899
900 285.3197326660156 900
901 285.3202209472656 901
902 285.3207092285156 902
903 285.3211669921875 903
904 285.3216552734375 904
905 285.3221435546875 905
906 285.3226623535156 906
907 285.3231506347656 907
908 285.3236083984375 908
909 285.3240966796875 909
910 285.3245849609375 910
911 285.3251037597656 911
912 285.3256225585938 912
913 285.3261413574219 913
914 285.3266906738281 914
915 285.3272399902344 915
916 285.3277893066406 916
917 285.3283386230469 917
918 285.3288879394531 918
919 285.3294982910156 919
920 285.330078125 920
921 285.3306579589844 921
922 285.331298828125 922
923 285.3319091796875 923
924 285.3325805664062 924
925 285.3332824707031 925
926 285.3339233398438 926
927 285.3346252441406 927
928 285.3353271484375 928
929 285.3360595703125 929
930 285.3367919921875 930
931 285.3375854492188 931
932 285.3383483886719 932
933 285.3391418457031 933
934 285.3399658203125 934
935 285.3407897949219 935
936 285.3416748046875 936
937 285.3424987792969 937
938 285.3434143066406 938
939 285.3443603515625 939
940 285.3452453613281 940
941 285.3462219238281 941
942 285.34716796875 942
943 285.3481750488281 943
944 285.3492126464844 944
945 285.3502502441406 945
946 285.3512878417969 946
947 285.3523559570312 947
948 285.3534851074219 948
949 285.3545837402344 949
950 285.3557434082031 950
951 285.3569030761719 951
952 285.3580627441406 952
953 285.3592834472656 953
954 285.3605346679688 954
955 285.3617553710938 955
956 285.363037109375 956
957 285.3643188476562 957
958 285.3656616210938 958
959 285.3669738769531 959
960 285.3683471679688 960
961 285.3697204589844 961
962 285.3711242675781 962
963 285.3725280761719 963
964 285.3739929199219 964
965 285.3754272460938 965
966 285.3768920898438 966
967 285.37841796875 967
968 285.3799438476562 968
969 285.3814697265625 969
970 285.3830261230469 970
971 285.3845825195312 971
972 285.3861694335938 972
973 285.3878173828125 973
974 285.3894653320312 974
975 285.39111328125 975
976 285.3927917480469 976
977 285.3944702148438 977
978 285.3961791992188 978
979 285.3979187011719 979
980 285.3996276855469 980
981 285.4013977050781 981
982 285.4031982421875 982
983 285.4049682617188 983
984 285.4067687988281 984
985 285.4085998535156 985
986 285.4104614257812 986
987 285.4122619628906 987
988 285.4141235351562 988
989 285.416015625 989
990 285.4179077148438 990
991 285.4198303222656 991
992 285.4217529296875 992
993 285.4237060546875 993
994 285.4256286621094 994
995 285.4276123046875 995
996 285.4295654296875 996
997 285.4315490722656 997
998 285.4335327148438 998
999 285.4355163574219 999
1000 285.4375305175781 1000
1001 285.4395446777344 1001
1002 285.4416198730469 1002
1003 285.4436645507812 1003
1004 285.4457092285156 1004
1005 285.44775390625 1005
1006 285.4498291015625 1006
1007 285.451904296875 1007
1008 285.4540100097656 1008
1009 285.4560852050781 1009
1010 285.4581909179688 1010
1011 285.4602661132812 1011
1012 285.46240234375 1012
1013 285.4645080566406 1013
1014 285.4666137695312 1014
1015 285.46875 1015
1016 285.4708862304688 1016
1017 285.4730224609375 1017
1018 285.4751586914062 1018
1019 285.477294921875 1019
1020 285.4794616699219 1020
1021 285.4815979003906 1021
1022 285.4837341308594 1022
1023 285.4858703613281 1023
1024 285.4880065917969 1024
1025 285.4901733398438 1025
1026 285.4923400878906 1026
1027 285.4944763183594 1027
1028 285.4966430664062 1028
1029 285.498779296875 1029
1030 285.5009155273438 1030
1031 285.5030517578125 1031
1032 285.5052490234375 1032
1033 285.5073852539062 1033
1034 285.509521484375 1034
1035 285.5116271972656 1035
1036 285.5137634277344 1036
1037 285.5158996582031 1037
1038 285.5180358886719 1038
1039 285.5201721191406 1039
1040 285.5222778320312 1040
1041 285.5244140625 1041
1042 285.5264892578125 1042
1043 285.5285949707031 1043
1044 285.5306701660156 1044
1045 285.5327758789062 1045
1046 285.5348510742188 1046
1047 285.5369262695312 1047
1048 285.5390014648438 1048
1049 285.5410461425781 1049
1050 285.5431213378906 1050
1051 285.5451354980469 1051
1052 285.5471801757812 1052
1053 285.5492248535156 1053
1054 285.5512084960938 1054
1055 285.5532531738281 1055
1056 285.5552062988281 1056
1057 285.5571899414062 1057
1058 285.5591735839844 1058
1059 285.5611267089844 1059
1060 285.5630798339844 1060
1061 285.5650329589844 1061
1062 285.5669250488281 1062
1063 285.56884765625 1063
1064 285.5707397460938 1064
1065 285.5726318359375 1065
1066 285.5744934082031 1066
1067 285.5763549804688 1067
1068 285.5782165527344 1068
1069 285.580078125 1069
1070 285.5818481445312 1070
1071 285.5836486816406 1071
1072 285.5854187011719 1072
1073 285.5871887207031 1073
1074 285.5889587402344 1074
1075 285.5906372070312 1075
1076 285.5924072265625 1076
1077 285.5940856933594 1077
1078 285.5957946777344 1078
1079 285.597412109375 1079
1080 285.59912109375 1080
1081 285.6007080078125 1081
1082 285.6023254394531 1082
1083 285.6039428710938 1083
1084 285.6054992675781 1084
1085 285.6070556640625 1085
1086 285.6085815429688 1086
1087 285.610107421875 1087
1088 285.6116027832031 1088
1089 285.6130981445312 1089
1090 285.6145324707031 1090
1091 285.615966796875 1091
1092 285.6173706054688 1092
1093 285.6187744140625 1093
1094 285.6201477050781 1094
1095 285.6214904785156 1095
1096 285.6228332519531 1096
1097 285.6241455078125 1097
1098 285.6254272460938 1098
1099 285.6266784667969 1099
1100 285.6279296875 1100
1101 285.6291198730469 1101
1102 285.6303100585938 1102
1103 285.6314697265625 1103
1104 285.6326599121094 1104
1105 285.6337280273438 1105
1106 285.6348266601562 1106
1107 285.6359252929688 1107
1108 285.6369934082031 1108
1109 285.6380004882812 1109
1110 285.6390075683594 1110
1111 285.6399841308594 1111
1112 285.6408996582031 1112
1113 285.641845703125 1113
1114 285.6427307128906 1114
1115 285.6436157226562 1115
1116 285.6444396972656 1116
1117 285.645263671875 1117
1118 285.6460876464844 1118
1119 285.6468200683594 1119
1120 285.6475830078125 1120
1121 285.6482543945312 1121
1122 285.6489562988281 1122
1123 285.6496276855469 1123
1124 285.6502685546875 1124
1125 285.65087890625 1125
1126 285.6514587402344 1126
1127 285.6520080566406 1127
1128 285.6525573730469 1128
1129 285.6530456542969 1129
1130 285.6535034179688 1130
1131 285.6539916992188 1131
1132 285.6544189453125 1132
1133 285.6548156738281 1133
1134 285.6551818847656 1134
1135 285.6555480957031 1135
1136 285.6558837890625 1136
1137 285.6561889648438 1137
1138 285.6564636230469 1138
1139 285.65673828125 1139
1140 285.6569519042969 1140
1141 285.6571655273438 1141
1142 285.6573791503906 1142
1143 285.6575012207031 1143
1144 285.6576538085938 1144
1145 285.6578063964844 1145
1146 285.6579284667969 1146
1147 285.6579895019531 1147
1148 285.6580810546875 1148
1149 285.6581115722656 1149
1150 285.6581420898438 1150
1151 285.6581726074219 1151
1152 285.6581726074219 1152
1153 285.6581726074219 1153
1154 285.6581420898438 1154
1155 285.6581115722656 1155
1156 285.6580505371094 1156
1157 285.6579895019531 1157
1158 285.6579284667969 1158
1159 285.6578369140625 1159
1160 285.6577453613281 1160
1161 285.6576538085938 1161
1162 285.6575317382812 1162
1163 285.6574096679688 1163
1164 285.6572875976562 1164
1165 285.6571655273438 1165
1166 285.6570434570312 1166
1167 285.6569213867188 1167
1168 285.6567687988281 1168
1169 285.6566162109375 1169
1170 285.656494140625 1170
1171 285.6563415527344 1171
1172 285.6561889648438 1172
1173 285.6560668945312 1173
1174 285.6559143066406 1174
1175 285.6557922363281 1175
1176 285.6556701660156 1176
1177 285.6555480957031 1177
1178 285.6554260253906 1178
1179 285.6552734375 1179
1180 285.6552124023438 1180
1181 285.6551513671875 1181
1182 285.655029296875 1182
1183 285.6549682617188 1183
1184 285.6548767089844 1184
1185 285.6548461914062 1185
1186 285.65478515625 1186
1187 285.65478515625 1187
1188 285.6547546386719 1188
1189 285.6547546386719 1189
1190 285.6547546386719 1190
1191 285.6547546386719 1191
1192 285.6548156738281 1192
1193 285.6548767089844 1193
1194 285.6549377441406 1194
1195 285.655029296875 1195
1196 285.6551513671875 1196
1197 285.6552429199219 1197
1198 285.6553955078125 1198
1199 285.655517578125 1199
1200 285.6557312011719 1200
1201 285.6559143066406 1201
1202 285.6561279296875 1202
1203 285.6563415527344 1203
1204 285.6566162109375 1204
1205 285.6568908691406 1205
1206 285.6571960449219 1206
1207 285.6575317382812 1207
1208 285.6578674316406 1208
1209 285.658203125 1209
1210 285.6585693359375 1210
1211 285.6590270996094 1211
1212 285.659423828125 1212
1213 285.6598815917969 1213
1214 285.6603393554688 1214
1215 285.6608581542969 1215
1216 285.6613159179688 1216
1217 285.661865234375 1217
1218 285.6624450683594 1218
1219 285.6630249023438 1219
1220 285.6636352539062 1220
1221 285.6642761230469 1221
1222 285.6649169921875 1222
1223 285.6655883789062 1223
1224 285.6662902832031 1224
1225 285.6669921875 1225
1226 285.6677551269531 1226
1227 285.6684875488281 1227
1228 285.6693115234375 1228
1229 285.6701049804688 1229
1230 285.6709594726562 1230
1231 285.6717529296875 1231
1232 285.6726684570312 1232
1233 285.673583984375 1233
1234 285.6744689941406 1234
1235 285.6754150390625 1235
1236 285.6763610839844 1236
1237 285.6773681640625 1237
1238 285.6783752441406 1238
1239 285.6793823242188 1239
1240 285.680419921875 1240
1241 285.6814880371094 1241
1242 285.6825561523438 1242
1243 285.6836853027344 1243
1244 285.6847839355469 1244
1245 285.6859436035156 1245
1246 285.6871032714844 1246
1247 285.6882629394531 1247
1248 285.6894836425781 1248
1249 285.6907043457031 1249
1250 285.6919555664062 1250
1251 285.6931762695312 1251
1252 285.6944580078125 1252
1253 285.6957397460938 1253
1254 285.6970520019531 1254
1255 285.6983947753906 1255
1256 285.6996765136719 1256
1257 285.7010498046875 1257
1258 285.7024230957031 1258
1259 285.7037963867188 1259
1260 285.7052001953125 1260
1261 285.7066040039062 1261
1262 285.7080078125 1262
1263 285.70947265625 1263
1264 285.7109375 1264
1265 285.71240234375 1265
1266 285.7138671875 1266
1267 285.7153625488281 1267
1268 285.7168579101562 1268
1269 285.7183837890625 1269
1270 285.7199096679688 1270
1271 285.7214660644531 1271
1272 285.7229919433594 1272
1273 285.7245483398438 1273
1274 285.7261047363281 1274
1275 285.7276916503906 1275
1276 285.729248046875 1276
1277 285.7308349609375 1277
1278 285.732421875 1278
1279 285.7340393066406 1279
1280 285.7356567382812 1280
1281 285.7373046875 1281
1282 285.7389221191406 1282
1283 285.7405395507812 1283
1284 285.7421875 1284
1285 285.7438049316406 1285
1286 285.7454833984375 1286
1287 285.7471313476562 1287
1288 285.748779296875 1288
1289 285.7504272460938 1289
1290 285.7521057128906 1290
1291 285.7537536621094 1291
1292 285.7554321289062 1292
1293 285.7571105957031 1293
1294 285.7587890625 1294
1295 285.7604675292969 1295
1296 285.7621459960938 1296
1297 285.7638244628906 1297
1298 285.7655029296875 1298
1299 285.7671813964844 1299
1300 285.7688293457031 1300
1301 285.7705383300781 1301
1302 285.772216796875 1302
1303 285.7738647460938 1303
1304 285.7755432128906 1304
1305 285.7772216796875 1305
1306 285.7788696289062 1306
1307 285.7805480957031 1307
1308 285.7821960449219 1308
1309 285.7838439941406 1309
1310 285.7855224609375 1310
1311 285.7871704101562 1311
1312 285.788818359375 1312
1313 285.7904663085938 1313
1314 285.7920532226562 1314
1315 285.7936706542969 1315
1316 285.7953186035156 1316
1317 285.7969360351562 1317
1318 285.7984924316406 1318
1319 285.8001403808594 1319
1320 285.8017272949219 1320
1321 285.8033142089844 1321
1322 285.8048706054688 1322
1323 285.8064270019531 1323
1324 285.8079833984375 1324
1325 285.8095397949219 1325
1326 285.8110656738281 1326
1327 285.8125915527344 1327
1328 285.8141174316406 1328
1329 285.8156433105469 1329
1330 285.8171081542969 1330
1331 285.8185729980469 1331
1332 285.820068359375 1332
1333 285.821533203125 1333
1334 285.8229675292969 1334
1335 285.8243713378906 1335
1336 285.8258361816406 1336
1337 285.8272094726562 1337
1338 285.82861328125 1338
1339 285.8299865722656 1339
1340 285.8313598632812 1340
1341 285.8327026367188 1341
1342 285.8340148925781 1342
1343 285.8353271484375 1343
1344 285.836669921875 1344
1345 285.8379516601562 1345
1346 285.8392028808594 1346
1347 285.8404541015625 1347
1348 285.8416748046875 1348
1349 285.8429260253906 1349
1350 285.8441162109375 1350
1351 285.8453063964844 1351
1352 285.8464965820312 1352
1353 285.8476257324219 1353
1354 285.8487548828125 1354
1355 285.849853515625 1355
1356 285.8509521484375 1356
1357 285.8520202636719 1357
1358 285.8530883789062 1358
1359 285.8541259765625 1359
1360 285.8551635742188 1360
1361 285.8561401367188 1361
1362 285.8571166992188 1362
1363 285.8580627441406 1363
1364 285.8590087890625 1364
1365 285.8599243164062 1365
1366 285.8608093261719 1366
1367 285.8616943359375 1367
1368 285.8625183105469 1368
1369 285.8633117675781 1369
1370 285.8641662597656 1370
1371 285.8649291992188 1371
1372 285.8656921386719 1372
1373 285.8664245605469 1373
1374 285.8671264648438 1374
1375 285.8678283691406 1375
1376 285.8684997558594 1376
1377 285.869140625 1377
1378 285.8697509765625 1378
1379 285.8703308105469 1379
1380 285.8709106445312 1380
1381 285.8714294433594 1381
1382 285.8719787597656 1382
1383 285.8724365234375 1383
1384 285.8729248046875 1384
1385 285.8733825683594 1385
1386 285.8737487792969 1386
1387 285.8741455078125 1387
1388 285.8745727539062 1388
1389 285.8749084472656 1389
1390 285.8752136230469 1390
1391 285.87548828125 1391
1392 285.875732421875 1392
1393 285.8760070800781 1393
1394 285.876220703125 1394
1395 285.8764038085938 1395
1396 285.8765563964844 1396
1397 285.876708984375 1397
1398 285.8768005371094 1398
1399 285.8768920898438 1399
1400 285.876953125 1400
1401 285.8769836425781 1401
1402 285.8770446777344 1402
1403 285.8770141601562 1403
1404 285.8769836425781 1404
1405 285.8769226074219 1405
1406 285.8768310546875 1406
1407 285.876708984375 1407
1408 285.8765869140625 1408
1409 285.8764343261719 1409
1410 285.8762817382812 1410
1411 285.8760681152344 1411
1412 285.8758850097656 1412
1413 285.8756408691406 1413
1414 285.8753967285156 1414
1415 285.8750915527344 1415
1416 285.8748168945312 1416
1417 285.87451171875 1417
1418 285.8741760253906 1418
1419 285.8738403320312 1419
1420 285.8734741210938 1420
1421 285.8731079101562 1421
1422 285.8727416992188 1422
1423 285.8723449707031 1423
1424 285.8719177246094 1424
1425 285.8714904785156 1425
1426 285.8710327148438 1426
1427 285.87060546875 1427
1428 285.8701477050781 1428
1429 285.8696899414062 1429
1430 285.8692016601562 1430
1431 285.8687133789062 1431
1432 285.8682556152344 1432
1433 285.8677673339844 1433
1434 285.8672790527344 1434
1435 285.8667602539062 1435
1436 285.8662719726562 1436
1437 285.8657531738281 1437
1438 285.865234375 1438
1439 285.86474609375 1439
1440 285.8642272949219 1440
1441 285.8637390136719 1441
1442 285.86328125 1442
1443 285.8627624511719 1443
1444 285.8622741699219 1444
1445 285.8617553710938 1445
1446 285.8612670898438 1446
1447 285.8608093261719 1447
1448 285.8603515625 1448
1449 285.8598937988281 1449
1450 285.8594360351562 1450
1451 285.8590087890625 1451
1452 285.8585510253906 1452
1453 285.858154296875 1453
1454 285.8577270507812 1454
1455 285.8573303222656 1455
1456 285.85693359375 1456
1457 285.8566284179688 1457
1458 285.8562316894531 1458
1459 285.8558959960938 1459
1460 285.8555908203125 1460
1461 285.8552856445312 1461
1462 285.85498046875 1462
1463 285.8547058105469 1463
1464 285.8544616699219 1464
1465 285.8541870117188 1465
1466 285.8539733886719 1466
1467 285.853759765625 1467
1468 285.8535766601562 1468
1469 285.8534240722656 1469
1470 285.853271484375 1470
1471 285.8531799316406 1471
1472 285.85302734375 1472
1473 285.8529968261719 1473
1474 285.8529052734375 1474
1475 285.8528747558594 1475
1476 285.8528137207031 1476
1477 285.8528137207031 1477
1478 285.8528442382812 1478
1479 285.8529357910156 1479
1480 285.8529663085938 1480
1481 285.8530883789062 1481
1482 285.8532104492188 1482
1483 285.8533020019531 1483
1484 285.8534851074219 1484
1485 285.8536682128906 1485
1486 285.8538818359375 1486
1487 285.8540954589844 1487
1488 285.8544006347656 1488
1489 285.8546752929688 1489
1490 285.8549499511719 1490
1491 285.8552856445312 1491
1492 285.8556518554688 1492
1493 285.8559875488281 1493
1494 285.8563842773438 1494
1495 285.8568115234375 1495
1496 285.8572387695312 1496
1497 285.8577270507812 1497
1498 285.8582153320312 1498
1499 285.8587036132812 1499
1500 285.8592529296875 1500
1501 285.8598022460938 1501
1502 285.8603820800781 1502
1503 285.8609619140625 1503
1504 285.861572265625 1504
1505 285.8622436523438 1505
1506 285.8629455566406 1506
1507 285.8636169433594 1507
1508 285.8642883300781 1508
1509 285.8650512695312 1509
1510 285.8657836914062 1510
1511 285.8665466308594 1511
1512 285.8673706054688 1512
1513 285.8681640625 1513
1514 285.8689880371094 1514
1515 285.869873046875 1515
1516 285.8707275390625 1516
1517 285.8716125488281 1517
1518 285.87255859375 1518
1519 285.8734741210938 1519
1520 285.8743896484375 1520
1521 285.8753662109375 1521
1522 285.8763427734375 1522
1523 285.8773498535156 1523
1524 285.8783569335938 1524
1525 285.87939453125 1525
1526 285.8804321289062 1526
1527 285.8815002441406 1527
1528 285.8825988769531 1528
1529 285.8836669921875 1529
1530 285.8848266601562 1530
1531 285.8859558105469 1531
1532 285.8870849609375 1532
1533 285.8882141113281 1533
1534 285.8893737792969 1534
1535 285.8905639648438 1535
1536 285.8917541503906 1536
1537 285.8929443359375 1537
1538 285.8941955566406 1538
1539 285.8954162597656 1539
1540 285.8966674804688 1540
1541 285.8979187011719 1541
1542 285.899169921875 1542
1543 285.9004516601562 1543
1544 285.9017333984375 1544
1545 285.9030151367188 1545
1546 285.9043273925781 1546
1547 285.9056396484375 1547
1548 285.9069519042969 1548
1549 285.9082946777344 1549
1550 285.9096069335938 1550
1551 285.9109497070312 1551
1552 285.9122924804688 1552
1553 285.9136657714844 1553
1554 285.9150085449219 1554
1555 285.9164123535156 1555
1556 285.9177551269531 1556
1557 285.9191284179688 1557
1558 285.9205017089844 1558
1559 285.9219055175781 1559
1560 285.9232788085938 1560
1561 285.9246826171875 1561
1562 285.9260559082031 1562
1563 285.9274597167969 1563
1564 285.9288330078125 1564
1565 285.9302368164062 1565
1566 285.931640625 1566
1567 285.9330444335938 1567
1568 285.9344482421875 1568
1569 285.9358825683594 1569
1570 285.9372253417969 1570
1571 285.9386901855469 1571
1572 285.9400329589844 1572
1573 285.9414367675781 1573
1574 285.94287109375 1574
1575 285.9442138671875 1575
1576 285.9456176757812 1576
1577 285.947021484375 1577
1578 285.9483947753906 1578
1579 285.9497680664062 1579
1580 285.951171875 1580
1581 285.9525146484375 1581
1582 285.9538879394531 1582
1583 285.9552612304688 1583
1584 285.9566345214844 1584
1585 285.9579772949219 1585
1586 285.9593200683594 1586
1587 285.9606628417969 1587
1588 285.9619750976562 1588
1589 285.9633178710938 1589
1590 285.964599609375 1590
1591 285.9659118652344 1591
1592 285.9672241210938 1592
1593 285.968505859375 1593
1594 285.9697875976562 1594
1595 285.9710693359375 1595
1596 285.9723510742188 1596
1597 285.9735717773438 1597
1598 285.9748229980469 1598
1599 285.97607421875 1599
1600 285.977294921875 1600
1601 285.9784851074219 1601
1602 285.9797058105469 1602
1603 285.9808654785156 1603
1604 285.9820556640625 1604
1605 285.9831848144531 1605
1606 285.984375 1606
1607 285.9855041503906 1607
1608 285.9866027832031 1608
1609 285.9877319335938 1609
1610 285.9888000488281 1610
1611 285.9898986816406 1611
1612 285.990966796875 1612
1613 285.9920043945312 1613
1614 285.9930419921875 1614
1615 285.9940795898438 1615
1616 285.9950256347656 1616
1617 285.9960327148438 1617
1618 285.9970092773438 1618
1619 285.9979553222656 1619
1620 285.9989013671875 1620
1621 285.9998168945312 1621
1622 286.0007019042969 1622
1623 286.0016174316406 1623
1624 286.0024719238281 1624
1625 286.0032958984375 1625
1626 286.004150390625 1626
1627 286.0049438476562 1627
1628 286.0057067871094 1628
1629 286.0065002441406 1629
1630 286.0072631835938 1630
1631 286.0079650878906 1631
1632 286.0086669921875 1632
1633 286.0093688964844 1633
1634 286.010009765625 1634
1635 286.0106811523438 1635
1636 286.0113220214844 1636
1637 286.0119018554688 1637
1638 286.0125122070312 1638
1639 286.0130615234375 1639
1640 286.0135803222656 1640
1641 286.0141296386719 1641
1642 286.0145874023438 1642
1643 286.0150756835938 1643
1644 286.0155334472656 1644
1645 286.0159606933594 1645
1646 286.016357421875 1646
1647 286.0167236328125 1647
1648 286.0170593261719 1648
1649 286.0173950195312 1649
1650 286.0177307128906 1650
1651 286.0180053710938 1651
1652 286.0182495117188 1652
1653 286.0184936523438 1653
1654 286.0186767578125 1654
1655 286.0188903808594 1655
1656 286.0190124511719 1656
1657 286.0191650390625 1657
1658 286.019287109375 1658
1659 286.0193481445312 1659
1660 286.0193786621094 1660
1661 286.0194702148438 1661
1662 286.0194396972656 1662
1663 286.0194396972656 1663
1664 286.0193786621094 1664
1665 286.0193481445312 1665
1666 286.0192260742188 1666
1667 286.0190734863281 1667
1668 286.0189514160156 1668
1669 286.018798828125 1669
1670 286.0186157226562 1670
1671 286.0184020996094 1671
1672 286.0181274414062 1672
1673 286.0178833007812 1673
1674 286.0176086425781 1674
1675 286.0172729492188 1675
1676 286.0169677734375 1676
1677 286.0166015625 1677
1678 286.0162048339844 1678
1679 286.0158386230469 1679
1680 286.0154113769531 1680
1681 286.0149841308594 1681
1682 286.0144958496094 1682
1683 286.0140380859375 1683
1684 286.0135498046875 1684
1685 286.0130310058594 1685
1686 286.0124816894531 1686
1687 286.011962890625 1687
1688 286.0113830566406 1688
1689 286.0108032226562 1689
1690 286.0102233886719 1690
1691 286.0095825195312 1691
1692 286.0089721679688 1692
1693 286.0083618164062 1693
1694 286.0077209472656 1694
1695 286.0070495605469 1695
1696 286.0064086914062 1696
1697 286.0056762695312 1697
1698 286.0050048828125 1698
1699 286.0043334960938 1699
1700 286.0036010742188 1700
1701 286.0029296875 1701
1702 286.002197265625 1702
1703 286.0014953613281 1703
1704 286.0007934570312 1704
1705 286.0000915527344 1705
1706 285.9993591308594 1706
1707 285.9986267089844 1707
1708 285.9979248046875 1708
1709 285.9972229003906 1709
1710 285.9964904785156 1710
1711 285.9957885742188 1711
1712 285.9950866699219 1712
1713 285.9943542480469 1713
1714 285.9936828613281 1714
1715 285.9929809570312 1715
1716 285.9922790527344 1716
1717 285.9916076660156 1717
1718 285.990966796875 1718
1719 285.9902648925781 1719
1720 285.9896240234375 1720
1721 285.989013671875 1721
1722 285.9883422851562 1722
1723 285.9877624511719 1723
1724 285.9871520996094 1724
1725 285.9865417480469 1725
1726 285.9859924316406 1726
1727 285.9854125976562 1727
1728 285.9848937988281 1728
1729 285.9843444824219 1729
1730 285.9838562011719 1730
1731 285.9833374023438 1731
1732 285.9828796386719 1732
1733 285.9823913574219 1733
1734 285.98193359375 1734
1735 285.9814758300781 1735
1736 285.9810791015625 1736
1737 285.980712890625 1737
1738 285.9803466796875 1738
1739 285.9800109863281 1739
1740 285.9796752929688 1740
1741 285.9793701171875 1741
1742 285.9790954589844 1742
1743 285.9788513183594 1743
1744 285.9786071777344 1744
1745 285.9783630371094 1745
1746 285.9781799316406 1746
1747 285.9779968261719 1747
1748 285.9778442382812 1748
1749 285.9777221679688 1749
1750 285.9776000976562 1750
1751 285.9775390625 1751
1752 285.9774780273438 1752
1753 285.9774169921875 1753
1754 285.9774475097656 1754
1755 285.9774475097656 1755
1756 285.9774780273438 1756
1757 285.9775390625 1757
1758 285.9776000976562 1758
1759 285.9777221679688 1759
1760 285.9778442382812 1760
1761 285.97802734375 1761
1762 285.9782104492188 1762
1763 285.9783935546875 1763
1764 285.9786376953125 1764
1765 285.9788818359375 1765
1766 285.9791259765625 1766
1767 285.9794616699219 1767
1768 285.9797668457031 1768
1769 285.9801025390625 1769
1770 285.98046875 1770
1771 285.9808959960938 1771
1772 285.9812622070312 1772
1773 285.981689453125 1773
1774 285.982177734375 1774
1775 285.9826354980469 1775
1776 285.9831237792969 1776
1777 285.983642578125 1777
1778 285.9841918945312 1778
1779 285.9847717285156 1779
1780 285.9853820800781 1780
1781 285.9859619140625 1781
1782 285.986572265625 1782
1783 285.9872436523438 1783
1784 285.9879455566406 1784
1785 285.9886169433594 1785
1786 285.9893188476562 1786
1787 285.9900512695312 1787
1788 285.9907836914062 1788
1789 285.9915466308594 1789
1790 285.9923400878906 1790
1791 285.9931030273438 1791
1792 285.9939575195312 1792
1793 285.9947509765625 1793
1794 285.9956359863281 1794
1795 285.9965209960938 1795
1796 285.9973754882812 1796
1797 285.998291015625 1797
1798 285.9992065429688 1798
1799 286.0001220703125 1799
1800 286.0010986328125 1800
1801 286.0020446777344 1801
1802 286.0030212402344 1802
1803 286.0040283203125 1803
1804 286.0050354003906 1804
1805 286.0060729980469 1805
1806 286.007080078125 1806
1807 286.0080871582031 1807
1808 286.0091552734375 1808
1809 286.0102233886719 1809
1810 286.0112915039062 1810
1811 286.0123901367188 1811
1812 286.0135192871094 1812
1813 286.0146179199219 1813
1814 286.0157470703125 1814
1815 286.0168762207031 1815
1816 286.0180053710938 1816
1817 286.0191345214844 1817
1818 286.0202941894531 1818
1819 286.021484375 1819
1820 286.0226135253906 1820
1821 286.0238037109375 1821
1822 286.0249938964844 1822
1823 286.0261840820312 1823
1824 286.0273742675781 1824
1825 286.0285949707031 1825
1826 286.02978515625 1826
1827 286.0309753417969 1827
1828 286.0321655273438 1828
1829 286.033447265625 1829
1830 286.0346374511719 1830
1831 286.035888671875 1831
1832 286.037109375 1832
1833 286.038330078125 1833
1834 286.03955078125 1834
1835 286.040771484375 1835
1836 286.0419921875 1836
1837 286.0432739257812 1837
1838 286.0444946289062 1838
1839 286.0457153320312 1839
1840 286.0469665527344 1840
1841 286.0482177734375 1841
1842 286.0494384765625 1842
1843 286.0506591796875 1843
1844 286.0519104003906 1844
1845 286.0531311035156 1845
1846 286.0543518066406 1846
1847 286.0555725097656 1847
1848 286.0567932128906 1848
1849 286.0580139160156 1849
1850 286.0592346191406 1850
1851 286.0603942871094 1851
1852 286.0616149902344 1852
1853 286.0628051757812 1853
1854 286.0640258789062 1854
1855 286.065185546875 1855
1856 286.0663452148438 1856
1857 286.0675354003906 1857
1858 286.0686950683594 1858
1859 286.0698547363281 1859
1860 286.0709838867188 1860
1861 286.0721740722656 1861
1862 286.0732727050781 1862
1863 286.0744018554688 1863
1864 286.0755004882812 1864
1865 286.0766296386719 1865
1866 286.0777282714844 1866
1867 286.0787963867188 1867
1868 286.0798950195312 1868
1869 286.0809631347656 1869
1870 286.0819702148438 1870
1871 286.0830383300781 1871
1872 286.0840759277344 1872
1873 286.0850830078125 1873
1874 286.0860595703125 1874
1875 286.0870666503906 1875
1876 286.0880432128906 1876
1877 286.0890197753906 1877
1878 286.0899658203125 1878
1879 286.0909118652344 1879
1880 286.0918579101562 1880
1881 286.0927734375 1881
1882 286.0936279296875 1882
1883 286.0945129394531 1883
1884 286.0953979492188 1884
1885 286.0962524414062 1885
1886 286.0970458984375 1886
1887 286.097900390625 1887
1888 286.0986633300781 1888
1889 286.0994873046875 1889
1890 286.1002197265625 1890
1891 286.1009826660156 1891
1892 286.1017456054688 1892
1893 286.1024169921875 1893
1894 286.1031494140625 1894
1895 286.1037902832031 1895
1896 286.1044921875 1896
1897 286.1051330566406 1897
1898 286.105712890625 1898
1899 286.1063232421875 1899
1900 286.1069030761719 1900
1901 286.1074523925781 1901
1902 286.1080322265625 1902
1903 286.1085510253906 1903
1904 286.1090087890625 1904
1905 286.1095275878906 1905
1906 286.1099548339844 1906
1907 286.1104125976562 1907
1908 286.1108093261719 1908
1909 286.1112060546875 1909
1910 286.1116027832031 1910
1911 286.1119384765625 1911
1912 286.1122436523438 1912
1913 286.1125793457031 1913
1914 286.1128234863281 1914
1915 286.1130981445312 1915
1916 286.1133117675781 1916
1917 286.1135559082031 1917
1918 286.1137390136719 1918
1919 286.1138916015625 1919
1920 286.114013671875 1920
1921 286.1141357421875 1921
1922 286.1141967773438 1922
1923 286.1142883300781 1923
1924 286.1143188476562 1924
1925 286.1143798828125 1925
1926 286.1143493652344 1926
1927 286.1143188476562 1927
1928 286.1142272949219 1928
1929 286.1141357421875 1929
1930 286.114013671875 1930
1931 286.1139221191406 1931
1932 286.1137390136719 1932
1933 286.1135864257812 1933
1934 286.1133728027344 1934
1935 286.1131286621094 1935
1936 286.1128540039062 1936
1937 286.1125793457031 1937
1938 286.1122741699219 1938
1939 286.1119384765625 1939
1940 286.111572265625 1940
1941 286.1112060546875 1941
1942 286.1108093261719 1942
1943 286.1103820800781 1943
1944 286.1099243164062 1944
1945 286.1094665527344 1945
1946 286.1089782714844 1946
1947 286.1084594726562 1947
1948 286.10791015625 1948
1949 286.1073608398438 1949
1950 286.1067810058594 1950
1951 286.106201171875 1951
1952 286.1055908203125 1952
1953 286.1049499511719 1953
1954 286.1043090820312 1954
1955 286.1036682128906 1955
1956 286.1029663085938 1956
1957 286.1022644042969 1957
1958 286.1015625 1958
1959 286.1007995605469 1959
1960 286.10009765625 1960
1961 286.0993347167969 1961
1962 286.0985412597656 1962
1963 286.0977783203125 1963
1964 286.0969848632812 1964
1965 286.09619140625 1965
1966 286.0953979492188 1966
1967 286.0945434570312 1967
1968 286.09375 1968
1969 286.0928955078125 1969
1970 286.0920715332031 1970
1971 286.0912475585938 1971
1972 286.0903930664062 1972
1973 286.0895690917969 1973
1974 286.0887145996094 1974
1975 286.0878295898438 1975
1976 286.0870056152344 1976
1977 286.0861511230469 1977
1978 286.0853271484375 1978
1979 286.08447265625 1979
1980 286.0836181640625 1980
1981 286.082763671875 1981
1982 286.0819702148438 1982
1983 286.0811157226562 1983
1984 286.080322265625 1984
1985 286.0794677734375 1985
1986 286.0787048339844 1986
1987 286.0779113769531 1987
1988 286.0771179199219 1988
1989 286.0762939453125 1989
1990 286.0755310058594 1990
1991 286.0747680664062 1991
1992 286.0740661621094 1992
1993 286.0733032226562 1993
1994 286.0726318359375 1994
1995 286.0718994140625 1995
1996 286.0711975097656 1996
1997 286.0705261230469 1997
1998 286.0698852539062 1998
1999 286.0692443847656 1999
2000 286.068603515625 2000
2001 286.0679931640625 2001
2002 286.0674438476562 2002
2003 286.0668640136719 2003
2004 286.0663146972656 2004
2005 286.0657958984375 2005
2006 286.0652770996094 2006
2007 286.0647888183594 2007
2008 286.0643005371094 2008
2009 286.0638427734375 2009
2010 286.0634155273438 2010
2011 286.0630493164062 2011
2012 286.0626220703125 2012
2013 286.0622863769531 2013
2014 286.0619201660156 2014
2015 286.0616149902344 2015
2016 286.0613098144531 2016
2017 286.0610656738281 2017
2018 286.0608215332031 2018
2019 286.0605773925781 2019
2020 286.0603942871094 2020
2021 286.0602111816406 2021
2022 286.06005859375 2022
2023 286.0599060058594 2023
2024 286.059814453125 2024
2025 286.0597229003906 2025
2026 286.0596618652344 2026
2027 286.0596313476562 2027
2028 286.0596008300781 2028
2029 286.0596313476562 2029
2030 286.0596923828125 2030
2031 286.0597534179688 2031
2032 286.059814453125 2032
2033 286.0599365234375 2033
2034 286.06005859375 2034
2035 286.0602111816406 2035
2036 286.0603942871094 2036
2037 286.0606079101562 2037
2038 286.0608215332031 2038
2039 286.0610656738281 2039
2040 286.0613403320312 2040
2041 286.0616455078125 2041
2042 286.0619506835938 2042
2043 286.0622863769531 2043
2044 286.0626525878906 2044
2045 286.0630493164062 2045
2046 286.0634460449219 2046
2047 286.0638732910156 2047
2048 286.0643615722656 2048
2049 286.0648193359375 2049
2050 286.0653076171875 2050
2051 286.0657958984375 2051
2052 286.0663452148438 2052
2053 286.0669250488281 2053
2054 286.0674743652344 2054
2055 286.0680847167969 2055
2056 286.0686950683594 2056
2057 286.0693054199219 2057
2058 286.0699462890625 2058
2059 286.0706787109375 2059
2060 286.0713500976562 2060
2061 286.0720520019531 2061
2062 286.07275390625 2062
2063 286.0735473632812 2063
2064 286.0742492675781 2064
2065 286.0750427246094 2065
2066 286.0758361816406 2066
2067 286.07666015625 2067
2068 286.0774841308594 2068
2069 286.0783386230469 2069
2070 286.0791320800781 2070
2071 286.0800476074219 2071
2072 286.0809020996094 2072
2073 286.0818176269531 2073
2074 286.0827026367188 2074
2075 286.0836181640625 2075
2076 286.0845642089844 2076
2077 286.0855102539062 2077
2078 286.0864562988281 2078
2079 286.0874328613281 2079
2080 286.0884399414062 2080
2081 286.0894470214844 2081
2082 286.0904235839844 2082
2083 286.0914611816406 2083
2084 286.0924377441406 2084
2085 286.0934753417969 2085
2086 286.0945129394531 2086
2087 286.0955810546875 2087
2088 286.0966491699219 2088
2089 286.0976867675781 2089
2090 286.0987548828125 2090
2091 286.099853515625 2091
2092 286.1009216308594 2092
2093 286.10205078125 2093
2094 286.1030883789062 2094
2095 286.1042175292969 2095
2096 286.1052856445312 2096
2097 286.1064147949219 2097
2098 286.1075439453125 2098
2099 286.1086730957031 2099
2100 286.1098022460938 2100
2101 286.1109008789062 2101
2102 286.1119995117188 2102
2103 286.1131591796875 2103
2104 286.1142883300781 2104
2105 286.1154174804688 2105
2106 286.1165466308594 2106
2107 286.11767578125 2107
2108 286.1188049316406 2108
2109 286.1199645996094 2109
2110 286.12109375 2110
2111 286.1221923828125 2111
2112 286.1233215332031 2112
2113 286.1244812011719 2113
2114 286.1256103515625 2114
2115 286.126708984375 2115
2116 286.1278076171875 2116
2117 286.1289672851562 2117
2118 286.1300659179688 2118
2119 286.1311645507812 2119
2120 286.1322631835938 2120
2121 286.1333618164062 2121
2122 286.1344909667969 2122
2123 286.1355590820312 2123
2124 286.1366271972656 2124
2125 286.1377258300781 2125
2126 286.1387939453125 2126
2127 286.1398620605469 2127
2128 286.1409301757812 2128
2129 286.1419677734375 2129
2130 286.1430053710938 2130
2131 286.14404296875 2131
2132 286.1450500488281 2132
2133 286.1461181640625 2133
2134 286.1470947265625 2134
2135 286.1480712890625 2135
2136 286.1490783691406 2136
2137 286.1500549316406 2137
2138 286.1510009765625 2138
2139 286.1519775390625 2139
2140 286.1529235839844 2140
2141 286.1538696289062 2141
2142 286.15478515625 2142
2143 286.1556701660156 2143
2144 286.1565856933594 2144
2145 286.157470703125 2145
2146 286.1583251953125 2146
2147 286.1592102050781 2147
2148 286.1600341796875 2148
2149 286.1608581542969 2149
2150 286.1616821289062 2150
2151 286.1624755859375 2151
2152 286.1632995605469 2152
2153 286.1640319824219 2153
2154 286.164794921875 2154
2155 286.16552734375 2155
2156 286.1662292480469 2156
2157 286.1669921875 2157
2158 286.1676330566406 2158
2159 286.1683044433594 2159
2160 286.1689758300781 2160
2161 286.1695861816406 2161
2162 286.1702270507812 2162
2163 286.1708374023438 2163
2164 286.1714172363281 2164
2165 286.1719970703125 2165
2166 286.1725463867188 2166
2167 286.1730651855469 2167
2168 286.1735534667969 2168
2169 286.174072265625 2169
2170 286.1745300292969 2170
2171 286.1749572753906 2171
2172 286.1754150390625 2172
2173 286.1758117675781 2173
2174 286.1761779785156 2174
2175 286.1765747070312 2175
2176 286.1768798828125 2176
2177 286.1772155761719 2177
2178 286.177490234375 2178
2179 286.1777648925781 2179
2180 286.1780395507812 2180
2181 286.1782836914062 2181
2182 286.178466796875 2182
2183 286.1787109375 2183
2184 286.1788635253906 2184
2185 286.1790161132812 2185
2186 286.1791076660156 2186
2187 286.1792297363281 2187
2188 286.1792907714844 2188
2189 286.1793518066406 2189
2190 286.1793518066406 2190
2191 286.1793518066406 2191
2192 286.1793212890625 2192
2193 286.1793212890625 2193
2194 286.17919921875 2194
2195 286.1791076660156 2195
2196 286.1789855957031 2196
2197 286.1788330078125 2197
2198 286.1786499023438 2198
2199 286.178466796875 2199
2200 286.17822265625 2200
2201 286.1780090332031 2201
2202 286.177734375 2202
2203 286.1774291992188 2203
2204 286.1770935058594 2204
2205 286.1767578125 2205
2206 286.1763916015625 2206
2207 286.1759948730469 2207
2208 286.1755676269531 2208
2209 286.1751403808594 2209
2210 286.1747131347656 2210
2211 286.1741943359375 2211
2212 286.1736755371094 2212
2213 286.1731262207031 2213
2214 286.172607421875 2214
2215 286.1719970703125 2215
2216 286.1714172363281 2216
2217 286.1707763671875 2217
2218 286.1701354980469 2218
2219 286.1694946289062 2219
2220 286.1688232421875 2220
2221 286.1680603027344 2221
2222 286.1673889160156 2222
2223 286.1666564941406 2223
2224 286.1658935546875 2224
2225 286.1651306152344 2225
2226 286.1643371582031 2226
2227 286.1635437011719 2227
2228 286.1627197265625 2228
2229 286.1618957519531 2229
2230 286.1610412597656 2230
2231 286.1602172851562 2231
2232 286.1593322753906 2232
2233 286.158447265625 2233
2234 286.1576232910156 2234
2235 286.1567077636719 2235
2236 286.1558227539062 2236
2237 286.1548767089844 2237
2238 286.1539916992188 2238
2239 286.153076171875 2239
2240 286.1521301269531 2240
2241 286.1512145996094 2241
2242 286.1502685546875 2242
2243 286.1493835449219 2243
2244 286.1484375 2244
2245 286.1475219726562 2245
2246 286.1465454101562 2246
2247 286.1456298828125 2247
2248 286.1447143554688 2248
2249 286.143798828125 2249
2250 286.1428833007812 2250
2251 286.1419372558594 2251
2252 286.1410522460938 2252
2253 286.14013671875 2253
2254 286.1392822265625 2254
2255 286.1383666992188 2255
2256 286.1374816894531 2256
2257 286.1365966796875 2257
2258 286.1357421875 2258
2259 286.1349182128906 2259
2260 286.1340637207031 2260
2261 286.1332397460938 2261
2262 286.1324462890625 2262
2263 286.1316528320312 2263
2264 286.130859375 2264
2265 286.130126953125 2265
2266 286.1293640136719 2266
2267 286.1286010742188 2267
2268 286.1278991699219 2268
2269 286.1271667480469 2269
2270 286.1264953613281 2270
2271 286.1258544921875 2271
2272 286.1251831054688 2272
2273 286.1245422363281 2273
2274 286.1239318847656 2274
2275 286.1233520507812 2275
2276 286.122802734375 2276
2277 286.1222229003906 2277
2278 286.1217041015625 2278
2279 286.1212158203125 2279
2280 286.1207275390625 2280
2281 286.1202392578125 2281
2282 286.1198425292969 2282
2283 286.1194152832031 2283
2284 286.1190185546875 2284
2285 286.1186218261719 2285
2286 286.1182861328125 2286
2287 286.1179809570312 2287
2288 286.11767578125 2288
2289 286.1173706054688 2289
2290 286.1171264648438 2290
2291 286.1168823242188 2291
2292 286.11669921875 2292
2293 286.1165161132812 2293
2294 286.1163330078125 2294
2295 286.1162109375 2295
2296 286.1160888671875 2296
2297 286.1159973144531 2297
2298 286.1159362792969 2298
2299 286.1159362792969 2299
2300 286.1159057617188 2300
2301 286.1159057617188 2301
2302 286.115966796875 2302
2303 286.1160278320312 2303
2304 286.1161193847656 2304
2305 286.1161804199219 2305
2306 286.1163330078125 2306
2307 286.116455078125 2307
2308 286.1166381835938 2308
2309 286.1168518066406 2309
2310 286.1170959472656 2310
2311 286.1173095703125 2311
2312 286.1175842285156 2312
2313 286.1178894042969 2313
2314 286.1181945800781 2314
2315 286.1185302734375 2315
2316 286.1188659667969 2316
2317 286.1192626953125 2317
2318 286.1196594238281 2318
2319 286.1200866699219 2319
2320 286.1205139160156 2320
2321 286.1209716796875 2321
2322 286.1214599609375 2322
2323 286.1219787597656 2323
2324 286.1224975585938 2324
2325 286.123046875 2325
2326 286.1235961914062 2326
2327 286.1241760253906 2327
2328 286.1247863769531 2328
2329 286.1253967285156 2329
2330 286.1260375976562 2330
2331 286.1266784667969 2331
2332 286.1273193359375 2332
2333 286.1280517578125 2333
2334 286.1287231445312 2334
2335 286.1294555664062 2335
2336 286.1302185058594 2336
2337 286.1309814453125 2337
2338 286.1317138671875 2338
2339 286.1325378417969 2339
2340 286.13330078125 2340
2341 286.1341247558594 2341
2342 286.1349487304688 2342
2343 286.1358032226562 2343
2344 286.1366271972656 2344
2345 286.1375122070312 2345
2346 286.1383666992188 2346
2347 286.1392822265625 2347
2348 286.1401977539062 2348
2349 286.1410827636719 2349
2350 286.1420288085938 2350
2351 286.1429138183594 2351
2352 286.1438903808594 2352
2353 286.1448364257812 2353
2354 286.1458129882812 2354
2355 286.1467590332031 2355
2356 286.1477661132812 2356
2357 286.1487426757812 2357
2358 286.1497192382812 2358
2359 286.1507263183594 2359
2360 286.1517333984375 2360
2361 286.1527709960938 2361
2362 286.1537780761719 2362
2363 286.15478515625 2363
2364 286.1558532714844 2364
2365 286.1568908691406 2365
2366 286.1578979492188 2366
2367 286.1589660644531 2367
2368 286.1600036621094 2368
2369 286.1610717773438 2369
2370 286.162109375 2370
2371 286.1631774902344 2371
2372 286.1642761230469 2372
2373 286.1653137207031 2373
2374 286.1663513183594 2374
2375 286.1674499511719 2375
2376 286.1685180664062 2376
2377 286.1695556640625 2377
2378 286.1706237792969 2378
2379 286.1717224121094 2379
2380 286.1727905273438 2380
2381 286.173828125 2381
2382 286.1748962402344 2382
2383 286.1759643554688 2383
2384 286.1770324707031 2384
2385 286.1781005859375 2385
2386 286.1791381835938 2386
2387 286.18017578125 2387
2388 286.1812133789062 2388
2389 286.1822814941406 2389
2390 286.1832885742188 2390
2391 286.184326171875 2391
2392 286.1853332519531 2392
2393 286.1863708496094 2393
2394 286.1874084472656 2394
2395 286.1883850097656 2395
2396 286.1893615722656 2396
2397 286.1903991699219 2397
2398 286.1913757324219 2398
2399 286.1923522949219 2399
2400 286.1932983398438 2400
2401 286.1942749023438 2401
2402 286.1952514648438 2402
2403 286.1961669921875 2403
2404 286.1971130371094 2404
2405 286.1980285644531 2405
2406 286.1989440917969 2406
2407 286.1998596191406 2407
2408 286.2007751464844 2408
2409 286.20166015625 2409
2410 286.2024841308594 2410
2411 286.203369140625 2411
2412 286.2041931152344 2412
2413 286.2050476074219 2413
2414 286.2058410644531 2414
2415 286.2066650390625 2415
2416 286.2074584960938 2416
2417 286.2082214355469 2417
2418 286.2090148925781 2418
2419 286.2097473144531 2419
2420 286.2105102539062 2420
2421 286.2112121582031 2421
2422 286.2119140625 2422
2423 286.212646484375 2423
2424 286.2133178710938 2424
2425 286.2139587402344 2425
2426 286.214599609375 2426
2427 286.2152404785156 2427
2428 286.2158508300781 2428
2429 286.2164306640625 2429
2430 286.2170104980469 2430
2431 286.2175598144531 2431
2432 286.2181091308594 2432
2433 286.2186279296875 2433
2434 286.2191467285156 2434
2435 286.2196044921875 2435
2436 286.2200927734375 2436
2437 286.2205200195312 2437
2438 286.2209777832031 2438
2439 286.2213745117188 2439
2440 286.2217712402344 2440
2441 286.2221069335938 2441
2442 286.2224731445312 2442
2443 286.2228088378906 2443
2444 286.22314453125 2444
2445 286.2234191894531 2445
2446 286.2236633300781 2446
2447 286.2239074707031 2447
2448 286.22412109375 2448
2449 286.2243041992188 2449
2450 286.2245178222656 2450
2451 286.2246398925781 2451
2452 286.2247619628906 2452
2453 286.2249145507812 2453
2454 286.2249755859375 2454
2455 286.2250366210938 2455
2456 286.2250671386719 2456
2457 286.22509765625 2457
2458 286.2250671386719 2458
2459 286.2250061035156 2459
2460 286.2249755859375 2460
2461 286.2249145507812 2461
2462 286.2247924804688 2462
2463 286.2246704101562 2463
2464 286.2245178222656 2464
2465 286.2243041992188 2465
2466 286.2240905761719 2466
2467 286.223876953125 2467
2468 286.2236328125 2468
2469 286.2233276367188 2469
2470 286.2230224609375 2470
2471 286.2227172851562 2471
2472 286.2223510742188 2472
2473 286.2219543457031 2473
2474 286.2215881347656 2474
2475 286.2211608886719 2475
2476 286.220703125 2476
2477 286.22021484375 2477
2478 286.2197265625 2478
2479 286.2192077636719 2479
2480 286.2186279296875 2480
2481 286.2180786132812 2481
2482 286.2174987792969 2482
2483 286.2168884277344 2483
2484 286.2162475585938 2484
2485 286.215576171875 2485
2486 286.2149047851562 2486
2487 286.2142333984375 2487
2488 286.2135009765625 2488
2489 286.2127685546875 2489
2490 286.2120056152344 2490
2491 286.2112426757812 2491
2492 286.21044921875 2492
2493 286.2096252441406 2493
2494 286.2088012695312 2494
2495 286.2079772949219 2495
2496 286.2071228027344 2496
2497 286.2062683105469 2497
2498 286.2053833007812 2498
2499 286.2044677734375 2499
2500 286.2035522460938 2500
