"point-f-rfile"
"Time Step" "point-f etc.."
("Time Step" "point-f" "flow-time")
0 283 0
1 283 1
2 283 2
3 283 3
4 283 4
5 283 5
6 283 6
7 283 7
8 283 8
9 283 9
10 283 10
11 283 11
12 283 12
13 283 13
14 283 14
15 283 15
16 283 16
17 283 17
18 283 18
19 283 19
20 283 20
21 283 21
22 283 22
23 283 23
24 283 24
25 283 25
26 283 26
27 283 27
28 283 28
29 283 29
30 283 30
31 283 31
32 283 32
33 283 33
34 283 34
35 283 35
36 283 36
37 283 37
38 283 38
39 283 39
40 283 40
41 283.0000305175781 41
42 283.0000305175781 42
43 283.0000610351562 43
44 283.0000610351562 44
45 283.0000610351562 45
46 283.0000915527344 46
47 283.0000915527344 47
48 283.0000915527344 48
49 283.0001220703125 49
50 283.0001525878906 50
51 283.0002136230469 51
52 283.000244140625 52
53 283.0003051757812 53
54 283.0003356933594 54
55 283.0003967285156 55
56 283.0004577636719 56
57 283.0005187988281 57
58 283.0006103515625 58
59 283.000732421875 59
60 283.0007934570312 60
61 283.0009460449219 61
62 283.0010681152344 62
63 283.001220703125 63
64 283.0013732910156 64
65 283.0015563964844 65
66 283.0018005371094 66
67 283.0020141601562 67
68 283.0022583007812 68
69 283.0025329589844 69
70 283.0028076171875 70
71 283.0031433105469 71
72 283.0034790039062 72
73 283.00390625 73
74 283.0042724609375 74
75 283.0047607421875 75
76 283.0052185058594 76
77 283.0057373046875 77
78 283.0063171386719 78
79 283.0069274902344 79
80 283.007568359375 80
81 283.00830078125 81
82 283.009033203125 82
83 283.0098571777344 83
84 283.0106811523438 84
85 283.0115966796875 85
86 283.0125427246094 86
87 283.0135803222656 87
88 283.0146789550781 88
89 283.0158081054688 89
90 283.0170288085938 90
91 283.0183410644531 91
92 283.0196838378906 92
93 283.0211181640625 93
94 283.0226135253906 94
95 283.0242004394531 95
96 283.02587890625 96
97 283.0276184082031 97
98 283.0294189453125 98
99 283.0313720703125 99
100 283.0333251953125 100
101 283.0354309082031 101
102 283.0376281738281 102
103 283.0398864746094 103
104 283.0422668457031 104
105 283.0447387695312 105
106 283.0473022460938 106
107 283.0499877929688 107
108 283.052734375 108
109 283.0556030273438 109
110 283.05859375 110
111 283.0616760253906 111
112 283.0648498535156 112
113 283.0681457519531 113
114 283.0715637207031 114
115 283.0750732421875 115
116 283.0787048339844 116
117 283.0824584960938 117
118 283.0863342285156 118
119 283.0903015136719 119
120 283.0943908691406 120
121 283.0986328125 121
122 283.1029357910156 122
123 283.1073913574219 123
124 283.1119689941406 124
125 283.1166381835938 125
126 283.1214904785156 126
127 283.1264038085938 127
128 283.1314697265625 128
129 283.1366577148438 129
130 283.1419677734375 130
131 283.1473999023438 131
132 283.1529541015625 132
133 283.1586303710938 133
134 283.1644287109375 134
135 283.1703491210938 135
136 283.1764221191406 136
137 283.1825866699219 137
138 283.1889038085938 138
139 283.1953430175781 139
140 283.201904296875 140
141 283.2085571289062 141
142 283.2153625488281 142
143 283.2222900390625 143
144 283.2293701171875 144
145 283.2365417480469 145
146 283.2438354492188 146
147 283.2512512207031 147
148 283.2587890625 148
149 283.2664489746094 149
150 283.2742309570312 150
151 283.2821350097656 151
152 283.2901611328125 152
153 283.2983093261719 153
154 283.3065795898438 154
155 283.31494140625 155
156 283.3234252929688 156
157 283.3320617675781 157
158 283.3407592773438 158
159 283.349609375 159
160 283.3585510253906 160
161 283.3676147460938 161
162 283.3768310546875 162
163 283.3861083984375 163
164 283.3955078125 164
165 283.405029296875 165
166 283.4146118164062 166
167 283.4243469238281 167
168 283.4341735839844 168
169 283.4441223144531 169
170 283.4541320800781 170
171 283.4642944335938 171
172 283.4744873046875 172
173 283.48486328125 173
174 283.4953002929688 174
175 283.505859375 175
176 283.5164794921875 176
177 283.5271911621094 177
178 283.5379943847656 178
179 283.5489501953125 179
180 283.5599365234375 180
181 283.571044921875 181
182 283.5822143554688 182
183 283.5934753417969 183
184 283.6048278808594 184
185 283.6162719726562 185
186 283.6278076171875 186
187 283.639404296875 187
188 283.6510620117188 188
189 283.6628723144531 189
190 283.6747131347656 190
191 283.6866455078125 191
192 283.6986389160156 192
193 283.710693359375 193
194 283.7228393554688 194
195 283.7350463867188 195
196 283.7473449707031 196
197 283.7597045898438 197
198 283.7721252441406 198
199 283.7846069335938 199
200 283.7971496582031 200
201 283.8097534179688 201
202 283.8224182128906 202
203 283.8351745605469 203
204 283.8479614257812 204
205 283.8608093261719 205
206 283.8737182617188 206
207 283.8866577148438 207
208 283.8996887207031 208
209 283.9127502441406 209
210 283.9258728027344 210
211 283.9390563964844 211
212 283.9522705078125 212
213 283.9655151367188 213
214 283.9788208007812 214
215 283.9921875 215
216 284.0055541992188 216
217 284.0189819335938 217
218 284.032470703125 218
219 284.0459594726562 219
220 284.0595092773438 220
221 284.0730895996094 221
222 284.0867309570312 222
223 284.1003723144531 223
224 284.1140441894531 224
225 284.1277465820312 225
226 284.1415100097656 226
227 284.1553039550781 227
228 284.1690673828125 228
229 284.1828918457031 229
230 284.1967163085938 230
231 284.2106018066406 231
232 284.2244873046875 232
233 284.2384033203125 233
234 284.2523498535156 234
235 284.2662353515625 235
236 284.2802124023438 236
237 284.2942199707031 237
238 284.3081970214844 238
239 284.3222045898438 239
240 284.3362121582031 240
241 284.3502197265625 241
242 284.3642883300781 242
243 284.3782958984375 243
244 284.3923645019531 244
245 284.4064331054688 245
246 284.4204711914062 246
247 284.4345092773438 247
248 284.4486083984375 248
249 284.4626770019531 249
250 284.4767150878906 250
251 284.4907836914062 251
252 284.5048522949219 252
253 284.5188903808594 253
254 284.532958984375 254
255 284.5469970703125 255
256 284.56103515625 256
257 284.5750732421875 257
258 284.589111328125 258
259 284.6031188964844 259
260 284.6171264648438 260
261 284.631103515625 261
262 284.6450805664062 262
263 284.6590576171875 263
264 284.6730041503906 264
265 284.6869201660156 265
266 284.7008361816406 266
267 284.7147216796875 267
268 284.7286071777344 268
269 284.7424621582031 269
270 284.7562866210938 270
271 284.7701416015625 271
272 284.7839050292969 272
273 284.7976684570312 273
274 284.8114013671875 274
275 284.8251342773438 275
276 284.8388366699219 276
277 284.8524780273438 277
278 284.8660888671875 278
279 284.8797302246094 279
280 284.893310546875 280
281 284.9068298339844 281
282 284.9203491210938 282
283 284.933837890625 283
284 284.947265625 284
285 284.9606628417969 285
286 284.9740600585938 286
287 284.9873657226562 287
288 285.0006713867188 288
289 285.0139465332031 289
290 285.0271606445312 290
291 285.0403442382812 291
292 285.0535278320312 292
293 285.0665893554688 293
294 285.0796508789062 294
295 285.0926818847656 295
296 285.1056518554688 296
297 285.1185913085938 297
298 285.1314697265625 298
299 285.1443176269531 299
300 285.1571044921875 300
301 285.1698608398438 301
302 285.1825561523438 302
303 285.1951904296875 303
304 285.2077941894531 304
305 285.2203369140625 305
306 285.2328491210938 306
307 285.2453002929688 307
308 285.2577209472656 308
309 285.2700500488281 309
310 285.2823486328125 310
311 285.2945861816406 311
312 285.3067932128906 312
313 285.3189086914062 313
314 285.3310241699219 314
315 285.3430480957031 315
316 285.3550109863281 316
317 285.3669128417969 317
318 285.3787841796875 318
319 285.3905944824219 319
320 285.40234375 320
321 285.4140625 321
322 285.4256896972656 322
323 285.4372863769531 323
324 285.4488220214844 324
325 285.4602966308594 325
326 285.4717407226562 326
327 285.4830932617188 327
328 285.4944152832031 328
329 285.5056762695312 329
330 285.5169067382812 330
331 285.5280456542969 331
332 285.5391845703125 332
333 285.5502319335938 333
334 285.5612487792969 334
335 285.5722045898438 335
336 285.5831298828125 336
337 285.593994140625 337
338 285.6048278808594 338
339 285.6156311035156 339
340 285.6263427734375 340
341 285.6370544433594 341
342 285.647705078125 342
343 285.6583251953125 343
344 285.6689453125 344
345 285.6795043945312 345
346 285.6900329589844 346
347 285.7005004882812 347
348 285.7109680175781 348
349 285.7214050292969 349
350 285.7318115234375 350
351 285.7422180175781 351
352 285.7525939941406 352
353 285.762939453125 353
354 285.7732238769531 354
355 285.7835388183594 355
356 285.7938537597656 356
357 285.8041381835938 357
358 285.8143920898438 358
359 285.8246765136719 359
360 285.8349609375 360
361 285.8451843261719 361
362 285.85546875 362
363 285.86572265625 363
364 285.8759765625 364
365 285.8862609863281 365
366 285.8965148925781 366
367 285.9067993164062 367
368 285.9170837402344 368
369 285.9274291992188 369
370 285.937744140625 370
371 285.9480590820312 371
372 285.9584350585938 372
373 285.9688415527344 373
374 285.979248046875 374
375 285.9896545410156 375
376 286.0000915527344 376
377 286.0105895996094 377
378 286.0211181640625 378
379 286.0316162109375 379
380 286.0422058105469 380
381 286.0527954101562 381
382 286.0634765625 382
383 286.0741577148438 383
384 286.0848999023438 384
385 286.0956420898438 385
386 286.1064453125 386
387 286.1172790527344 387
388 286.1282043457031 388
389 286.1391296386719 389
390 286.1501159667969 390
391 286.1611633300781 391
392 286.1722412109375 392
393 286.183349609375 393
394 286.1945190429688 394
395 286.2057495117188 395
396 286.217041015625 396
397 286.2283935546875 397
398 286.2398071289062 398
399 286.2512512207031 399
400 286.2627563476562 400
401 286.2742919921875 401
402 286.2859497070312 402
403 286.297607421875 403
404 286.309326171875 404
405 286.3211059570312 405
406 286.3329467773438 406
407 286.3448791503906 407
408 286.3568725585938 408
409 286.3688659667969 409
410 286.3809509277344 410
411 286.3931274414062 411
412 286.4053344726562 412
413 286.4176025390625 413
414 286.4299011230469 414
415 286.4423217773438 415
416 286.4547729492188 416
417 286.4672546386719 417
418 286.4798583984375 418
419 286.4924621582031 419
420 286.5051574707031 420
421 286.5178833007812 421
422 286.5307006835938 422
423 286.5435791015625 423
424 286.5564880371094 424
425 286.5694580078125 425
426 286.58251953125 426
427 286.5956115722656 427
428 286.6087646484375 428
429 286.6219787597656 429
430 286.63525390625 430
431 286.6485595703125 431
432 286.6619262695312 432
433 286.6753845214844 433
434 286.6888427734375 434
435 286.7024230957031 435
436 286.7160034179688 436
437 286.7296142578125 437
438 286.7433166503906 438
439 286.757080078125 439
440 286.7709045410156 440
441 286.7847290039062 441
442 286.7986145019531 442
443 286.8125610351562 443
444 286.8265686035156 444
445 286.840576171875 445
446 286.8546752929688 446
447 286.8688049316406 447
448 286.8829956054688 448
449 286.8971862792969 449
450 286.9114685058594 450
451 286.9257507324219 451
452 286.9400939941406 452
453 286.9544677734375 453
454 286.9689025878906 454
455 286.9833374023438 455
456 286.9978332519531 456
457 287.0123596191406 457
458 287.0269470214844 458
459 287.04150390625 459
460 287.05615234375 460
461 287.0708312988281 461
462 287.0854797363281 462
463 287.1002197265625 463
464 287.1149597167969 464
465 287.1297607421875 465
466 287.1445617675781 466
467 287.1593933105469 467
468 287.1742858886719 468
469 287.1891479492188 469
470 287.2040405273438 470
471 287.2189636230469 471
472 287.2339477539062 472
473 287.2489013671875 473
474 287.263916015625 474
475 287.2789001464844 475
476 287.2939453125 476
477 287.3089904785156 477
478 287.3240356445312 478
479 287.339111328125 479
480 287.3541870117188 480
481 287.3692932128906 481
482 287.3843994140625 482
483 287.3995361328125 483
484 287.4146728515625 484
485 287.4298095703125 485
486 287.4449462890625 486
487 287.4600830078125 487
488 287.4752502441406 488
489 287.4903869628906 489
490 287.5055847167969 490
491 287.5207214355469 491
492 287.535888671875 492
493 287.5510559082031 493
494 287.5662231445312 494
495 287.5813903808594 495
496 287.5965576171875 496
497 287.6117248535156 497
498 287.6268615722656 498
499 287.6419982910156 499
500 287.6571655273438 500
501 287.6723022460938 501
502 287.6874389648438 502
503 287.7025451660156 503
504 287.7176513671875 504
505 287.7327270507812 505
506 287.7478332519531 506
507 287.7628784179688 507
508 287.7779541015625 508
509 287.79296875 509
510 287.8079833984375 510
511 287.8230285644531 511
512 287.8380126953125 512
513 287.8529663085938 513
514 287.867919921875 514
515 287.8828430175781 515
516 287.8977661132812 516
517 287.9126281738281 517
518 287.9275207519531 518
519 287.9423522949219 519
520 287.9571838378906 520
521 287.9719848632812 521
522 287.9867248535156 522
523 288.00146484375 523
524 288.0161437988281 524
525 288.0308532714844 525
526 288.0454711914062 526
527 288.0601196289062 527
528 288.0746765136719 528
529 288.0892639160156 529
530 288.103759765625 530
531 288.1182556152344 531
532 288.1327209472656 532
533 288.1471252441406 533
534 288.1615295410156 534
535 288.1758422851562 535
536 288.1901245117188 536
537 288.2044067382812 537
538 288.2186279296875 538
539 288.2328491210938 539
540 288.2469482421875 540
541 288.2610778808594 541
542 288.2751159667969 542
543 288.2891235351562 543
544 288.3031005859375 544
545 288.3170166015625 545
546 288.3309326171875 546
547 288.3447570800781 547
548 288.3585510253906 548
549 288.3722839355469 549
550 288.385986328125 550
551 288.399658203125 551
552 288.4132385253906 552
553 288.4267578125 553
554 288.4402465820312 554
555 288.4537048339844 555
556 288.4671020507812 556
557 288.4804382324219 557
558 288.4937133789062 558
559 288.5069580078125 559
560 288.5201416015625 560
561 288.5332641601562 561
562 288.5463256835938 562
563 288.559326171875 563
564 288.572265625 564
565 288.5851745605469 565
566 288.5979919433594 566
567 288.6107788085938 567
568 288.6235046386719 568
569 288.6361389160156 569
570 288.6487426757812 570
571 288.6612548828125 571
572 288.6737670898438 572
573 288.6861572265625 573
574 288.6985168457031 574
575 288.7107849121094 575
576 288.7229919433594 576
577 288.7351684570312 577
578 288.7472534179688 578
579 288.75927734375 579
580 288.771240234375 580
581 288.7831420898438 581
582 288.7949829101562 582
583 288.8067321777344 583
584 288.8184204101562 584
585 288.830078125 585
586 288.8416442871094 586
587 288.8531188964844 587
588 288.8645629882812 588
589 288.8759155273438 589
590 288.8872375488281 590
591 288.8984375 591
592 288.9096374511719 592
593 288.9207458496094 593
594 288.9317626953125 594
595 288.9427490234375 595
596 288.9536743164062 596
597 288.9644775390625 597
598 288.9752807617188 598
599 288.9859924316406 599
600 288.9966430664062 600
601 289.0072631835938 601
602 289.0177612304688 602
603 289.0282592773438 603
604 289.0386657714844 604
605 289.0490112304688 605
606 289.059326171875 606
607 289.069580078125 607
608 289.0798034667969 608
609 289.0899353027344 609
610 289.1000366210938 610
611 289.1100769042969 611
612 289.1200561523438 612
613 289.1300048828125 613
614 289.1399230957031 614
615 289.1497802734375 615
616 289.1596374511719 616
617 289.1694030761719 617
618 289.1791687011719 618
619 289.1888427734375 619
620 289.1985473632812 620
621 289.2081909179688 621
622 289.2178039550781 622
623 289.2273864746094 623
624 289.2369384765625 624
625 289.2465209960938 625
626 289.2560424804688 626
627 289.2655334472656 627
628 289.2750244140625 628
629 289.2844848632812 629
630 289.2939453125 630
631 289.3033752441406 631
632 289.3128356933594 632
633 289.3222351074219 633
634 289.3316650390625 634
635 289.341064453125 635
636 289.3504943847656 636
637 289.3598937988281 637
638 289.3693237304688 638
639 289.3787841796875 639
640 289.3882141113281 640
641 289.3976440429688 641
642 289.4071044921875 642
643 289.4165649414062 643
644 289.4260864257812 644
645 289.4355773925781 645
646 289.4450988769531 646
647 289.4546203613281 647
648 289.4642028808594 648
649 289.4737548828125 649
650 289.4833984375 650
651 289.4930114746094 651
652 289.5026550292969 652
653 289.5123901367188 653
654 289.5220947265625 654
655 289.5318603515625 655
656 289.5416259765625 656
657 289.5514526367188 657
658 289.5613098144531 658
659 289.5712280273438 659
660 289.5811462402344 660
661 289.5911254882812 661
662 289.6011352539062 662
663 289.6111755371094 663
664 289.621337890625 664
665 289.6314697265625 665
666 289.6416320800781 666
667 289.65185546875 667
668 289.6621398925781 668
669 289.6724548339844 669
670 289.6828002929688 670
671 289.6932373046875 671
672 289.7037353515625 672
673 289.7142333984375 673
674 289.7247924804688 674
675 289.7354125976562 675
676 289.7460632324219 676
677 289.7567749023438 677
678 289.7675476074219 678
679 289.7783508300781 679
680 289.7892456054688 680
681 289.8001403808594 681
682 289.8111267089844 682
683 289.8221435546875 683
684 289.8332214355469 684
685 289.8443603515625 685
686 289.8555297851562 686
687 289.8667602539062 687
688 289.8779907226562 688
689 289.8893737792969 689
690 289.9007263183594 690
691 289.9121704101562 691
692 289.9236450195312 692
693 289.9352111816406 693
694 289.94677734375 694
695 289.9584350585938 695
696 289.9700927734375 696
697 289.9818420410156 697
698 289.9936218261719 698
699 290.0054626464844 699
700 290.017333984375 700
701 290.029296875 701
702 290.041259765625 702
703 290.0532836914062 703
704 290.0653381347656 704
705 290.0774536132812 705
706 290.0896301269531 706
707 290.1018371582031 707
708 290.1141052246094 708
709 290.1263732910156 709
710 290.1387023925781 710
711 290.1510925292969 711
712 290.1635131835938 712
713 290.1759948730469 713
714 290.1884460449219 714
715 290.2009887695312 715
716 290.2135620117188 716
717 290.2262268066406 717
718 290.2388610839844 718
719 290.2515563964844 719
720 290.2642822265625 720
721 290.2770385742188 721
722 290.2898254394531 722
723 290.3026733398438 723
724 290.3155212402344 724
725 290.328369140625 725
726 290.34130859375 726
727 290.354248046875 727
728 290.3672180175781 728
729 290.3802490234375 729
730 290.3932800292969 730
731 290.4063415527344 731
732 290.41943359375 732
733 290.4325256347656 733
734 290.4456481933594 734
735 290.4588317871094 735
736 290.4719848632812 736
737 290.4851684570312 737
738 290.4984130859375 738
739 290.5116271972656 739
740 290.5248718261719 740
741 290.5381469726562 741
742 290.5514526367188 742
743 290.5647277832031 743
744 290.5780334472656 744
745 290.5913696289062 745
746 290.6046752929688 746
747 290.6180725097656 747
748 290.6314086914062 748
749 290.6448059082031 749
750 290.6581420898438 750
751 290.6715393066406 751
752 290.6849365234375 752
753 290.6983337402344 753
754 290.7117309570312 754
755 290.7251586914062 755
756 290.7385559082031 756
757 290.751953125 757
758 290.7653503417969 758
759 290.7787475585938 759
760 290.7921447753906 760
761 290.8055419921875 761
762 290.8189697265625 762
763 290.8323669433594 763
764 290.8457641601562 764
765 290.859130859375 765
766 290.8725280761719 766
767 290.8858947753906 767
768 290.8992614746094 768
769 290.9126281738281 769
770 290.9259338378906 770
771 290.9393005371094 771
772 290.9526062011719 772
773 290.9659118652344 773
774 290.9792175292969 774
775 290.9924926757812 775
776 291.0057373046875 776
777 291.0189819335938 777
778 291.0322265625 778
779 291.0454406738281 779
780 291.05859375 780
781 291.07177734375 781
782 291.0849609375 782
783 291.0980529785156 783
784 291.1111450195312 784
785 291.1242370605469 785
786 291.1372985839844 786
787 291.1503295898438 787
788 291.1633605957031 788
789 291.1763000488281 789
790 291.1892700195312 790
791 291.2021789550781 791
792 291.2150573730469 792
793 291.2279663085938 793
794 291.2407531738281 794
795 291.2536010742188 795
796 291.2663269042969 796
797 291.279052734375 797
798 291.291748046875 798
799 291.304443359375 799
800 291.3170471191406 800
801 291.3296508789062 801
802 291.3422241210938 802
803 291.354736328125 803
804 291.3672180175781 804
805 291.379638671875 805
806 291.3920288085938 806
807 291.4043884277344 807
808 291.4167175292969 808
809 291.428955078125 809
810 291.4412231445312 810
811 291.4533996582031 811
812 291.4655456542969 812
813 291.4776306152344 813
814 291.4896850585938 814
815 291.5016784667969 815
816 291.5136413574219 816
817 291.5255737304688 817
818 291.5373840332031 818
819 291.5492248535156 819
820 291.5610046386719 820
821 291.5726928710938 821
822 291.5843505859375 822
823 291.5959777832031 823
824 291.6075134277344 824
825 291.6190185546875 825
826 291.6304626464844 826
827 291.6418762207031 827
828 291.6532287597656 828
829 291.6644897460938 829
830 291.6757202148438 830
831 291.6868896484375 831
832 291.697998046875 832
833 291.7090759277344 833
834 291.7200317382812 834
835 291.7310180664062 835
836 291.7418823242188 836
837 291.752685546875 837
838 291.7634582519531 838
839 291.7741394042969 839
840 291.7847900390625 840
841 291.7953491210938 841
842 291.8058776855469 842
843 291.8163146972656 843
844 291.8267211914062 844
845 291.8370056152344 845
846 291.8472900390625 846
847 291.8574523925781 847
848 291.8675537109375 848
849 291.8776245117188 849
850 291.8876342773438 850
851 291.8975219726562 851
852 291.9074096679688 852
853 291.9172058105469 853
854 291.9269409179688 854
855 291.9365844726562 855
856 291.9461975097656 856
857 291.9557189941406 857
858 291.9651794433594 858
859 291.9745788574219 859
860 291.98388671875 860
861 291.9931335449219 861
862 292.0023498535156 862
863 292.011474609375 863
864 292.0205383300781 864
865 292.029541015625 865
866 292.0384826660156 866
867 292.04736328125 867
868 292.05615234375 868
869 292.0649108886719 869
870 292.0736083984375 870
871 292.0822143554688 871
872 292.0907897949219 872
873 292.0992736816406 873
874 292.1077270507812 874
875 292.1161499023438 875
876 292.1244812011719 876
877 292.1327514648438 877
878 292.1409912109375 878
879 292.149169921875 879
880 292.1573181152344 880
881 292.1654052734375 881
882 292.1734313964844 882
883 292.181396484375 883
884 292.1893310546875 884
885 292.197265625 885
886 292.2051086425781 886
887 292.2129821777344 887
888 292.2207641601562 888
889 292.228515625 889
890 292.2362365722656 890
891 292.2439270019531 891
892 292.2516174316406 892
893 292.2592163085938 893
894 292.2668762207031 894
895 292.2744445800781 895
896 292.2820434570312 896
897 292.2895812988281 897
898 292.297119140625 898
899 292.3046569824219 899
900 292.3121643066406 900
901 292.3196716308594 901
902 292.3271789550781 902
903 292.3346862792969 903
904 292.3421325683594 904
905 292.349609375 905
906 292.3571166992188 906
907 292.3646240234375 907
908 292.3721008300781 908
909 292.3795776367188 909
910 292.3870849609375 910
911 292.3946228027344 911
912 292.4021301269531 912
913 292.40966796875 913
914 292.417236328125 914
915 292.4248046875 915
916 292.432373046875 916
917 292.4400024414062 917
918 292.4476318359375 918
919 292.4552917480469 919
920 292.4629516601562 920
921 292.4706726074219 921
922 292.4783935546875 922
923 292.4861450195312 923
924 292.4939270019531 924
925 292.5017700195312 925
926 292.5096435546875 926
927 292.5175170898438 927
928 292.5254516601562 928
929 292.533447265625 929
930 292.5414123535156 930
931 292.5494689941406 931
932 292.5575256347656 932
933 292.565673828125 933
934 292.5738525390625 934
935 292.58203125 935
936 292.5903015136719 936
937 292.5985717773438 937
938 292.6069030761719 938
939 292.6153259277344 939
940 292.6237487792969 940
941 292.6322326660156 941
942 292.6407470703125 942
943 292.6493225097656 943
944 292.6579284667969 944
945 292.6665954589844 945
946 292.67529296875 946
947 292.6840515136719 947
948 292.6929016113281 948
949 292.7017822265625 949
950 292.710693359375 950
951 292.7196350097656 951
952 292.7286682128906 952
953 292.7377319335938 953
954 292.7468566894531 954
955 292.7560119628906 955
956 292.7651977539062 956
957 292.7744750976562 957
958 292.7838134765625 958
959 292.7931518554688 959
960 292.8026123046875 960
961 292.8120422363281 961
962 292.8215942382812 962
963 292.8311462402344 963
964 292.8407592773438 964
965 292.8504028320312 965
966 292.8601379394531 966
967 292.869873046875 967
968 292.8796997070312 968
969 292.8895263671875 969
970 292.8994445800781 970
971 292.9093933105469 971
972 292.9194030761719 972
973 292.929443359375 973
974 292.9394836425781 974
975 292.9496154785156 975
976 292.9598083496094 976
977 292.9700012207031 977
978 292.9802856445312 978
979 292.9905700683594 979
980 293.0009155273438 980
981 293.0112915039062 981
982 293.0216979980469 982
983 293.0321655273438 983
984 293.0426635742188 984
985 293.0531616210938 985
986 293.063720703125 986
987 293.0743408203125 987
988 293.0849914550781 988
989 293.095703125 989
990 293.1063842773438 990
991 293.1171264648438 991
992 293.1279296875 992
993 293.1387023925781 993
994 293.1495361328125 994
995 293.160400390625 995
996 293.1713256835938 996
997 293.1822509765625 997
998 293.1931762695312 998
999 293.2041625976562 999
1000 293.2151794433594 1000
1001 293.2261962890625 1001
1002 293.2372436523438 1002
1003 293.2483215332031 1003
1004 293.2593994140625 1004
1005 293.2705383300781 1005
1006 293.2816772460938 1006
1007 293.2928466796875 1007
1008 293.3040161132812 1008
1009 293.315185546875 1009
1010 293.326416015625 1010
1011 293.3376159667969 1011
1012 293.348876953125 1012
1013 293.3601379394531 1013
1014 293.3713989257812 1014
1015 293.3826599121094 1015
1016 293.3939819335938 1016
1017 293.4052734375 1017
1018 293.4165649414062 1018
1019 293.4278869628906 1019
1020 293.4391784667969 1020
1021 293.4505310058594 1021
1022 293.4618835449219 1022
1023 293.4732055664062 1023
1024 293.4845581054688 1024
1025 293.4959106445312 1025
1026 293.5072631835938 1026
1027 293.5185852050781 1027
1028 293.5299377441406 1028
1029 293.541259765625 1029
1030 293.5526428222656 1030
1031 293.56396484375 1031
1032 293.5753173828125 1032
1033 293.586669921875 1033
1034 293.5979614257812 1034
1035 293.6092834472656 1035
1036 293.62060546875 1036
1037 293.6318969726562 1037
1038 293.6431884765625 1038
1039 293.6544799804688 1039
1040 293.665771484375 1040
1041 293.6770324707031 1041
1042 293.6882934570312 1042
1043 293.6995544433594 1043
1044 293.7107543945312 1044
1045 293.7219848632812 1045
1046 293.733154296875 1046
1047 293.7443237304688 1047
1048 293.7554931640625 1048
1049 293.7666015625 1049
1050 293.7777404785156 1050
1051 293.788818359375 1051
1052 293.7998962402344 1052
1053 293.8109436035156 1053
1054 293.8219909667969 1054
1055 293.8329772949219 1055
1056 293.843994140625 1056
1057 293.8549499511719 1057
1058 293.8658752441406 1058
1059 293.8767700195312 1059
1060 293.8876342773438 1060
1061 293.8984985351562 1061
1062 293.9093017578125 1062
1063 293.9200744628906 1063
1064 293.9308471679688 1064
1065 293.9415588378906 1065
1066 293.9522399902344 1066
1067 293.962890625 1067
1068 293.9735412597656 1068
1069 293.9841003417969 1069
1070 293.9946899414062 1070
1071 294.0051879882812 1071
1072 294.0156555175781 1072
1073 294.0260925292969 1073
1074 294.0364990234375 1074
1075 294.046875 1075
1076 294.0571899414062 1076
1077 294.0674743652344 1077
1078 294.0777282714844 1078
1079 294.087890625 1079
1080 294.0980834960938 1080
1081 294.1081848144531 1081
1082 294.1182250976562 1082
1083 294.1282958984375 1083
1084 294.1382446289062 1084
1085 294.1481628417969 1085
1086 294.1580810546875 1086
1087 294.1679077148438 1087
1088 294.1777038574219 1088
1089 294.1874084472656 1089
1090 294.1971130371094 1090
1091 294.2067260742188 1091
1092 294.2163391113281 1092
1093 294.2258605957031 1093
1094 294.2353820800781 1094
1095 294.2447814941406 1095
1096 294.2541809082031 1096
1097 294.2634887695312 1097
1098 294.2727661132812 1098
1099 294.281982421875 1099
1100 294.2911376953125 1100
1101 294.3002319335938 1101
1102 294.3092651367188 1102
1103 294.3182678222656 1103
1104 294.3272094726562 1104
1105 294.3360900878906 1105
1106 294.3448791503906 1106
1107 294.3536376953125 1107
1108 294.3623352050781 1108
1109 294.3709716796875 1109
1110 294.3795166015625 1110
1111 294.3880615234375 1111
1112 294.396484375 1112
1113 294.4048767089844 1113
1114 294.4132080078125 1114
1115 294.4214477539062 1115
1116 294.4296569824219 1116
1117 294.4378051757812 1117
1118 294.4458312988281 1118
1119 294.453857421875 1119
1120 294.4617919921875 1120
1121 294.4696350097656 1121
1122 294.4774780273438 1122
1123 294.4851989746094 1123
1124 294.4928588867188 1124
1125 294.50048828125 1125
1126 294.508056640625 1126
1127 294.5155029296875 1127
1128 294.5229187011719 1128
1129 294.5302734375 1129
1130 294.5375366210938 1130
1131 294.5447692871094 1131
1132 294.5519104003906 1132
1133 294.5590209960938 1133
1134 294.5660400390625 1134
1135 294.572998046875 1135
1136 294.5798950195312 1136
1137 294.5867309570312 1137
1138 294.593505859375 1138
1139 294.6002197265625 1139
1140 294.6068725585938 1140
1141 294.6134948730469 1141
1142 294.6200256347656 1142
1143 294.6265258789062 1143
1144 294.6329345703125 1144
1145 294.6393127441406 1145
1146 294.6456298828125 1146
1147 294.6519165039062 1147
1148 294.6581115722656 1148
1149 294.664306640625 1149
1150 294.6704406738281 1150
1151 294.676513671875 1151
1152 294.6825561523438 1152
1153 294.6885375976562 1153
1154 294.6944885253906 1154
1155 294.7004089355469 1155
1156 294.706298828125 1156
1157 294.7121276855469 1157
1158 294.7179565429688 1158
1159 294.7237243652344 1159
1160 294.7294616699219 1160
1161 294.7351989746094 1161
1162 294.7408752441406 1162
1163 294.74658203125 1163
1164 294.7522277832031 1164
1165 294.7578430175781 1165
1166 294.7634582519531 1166
1167 294.76904296875 1167
1168 294.7745971679688 1168
1169 294.7802124023438 1169
1170 294.7857666015625 1170
1171 294.7913208007812 1171
1172 294.796875 1172
1173 294.8024291992188 1173
1174 294.8079528808594 1174
1175 294.8135375976562 1175
1176 294.8190612792969 1176
1177 294.8246459960938 1177
1178 294.8301696777344 1178
1179 294.8357543945312 1179
1180 294.84130859375 1180
1181 294.846923828125 1181
1182 294.8525085449219 1182
1183 294.8581237792969 1183
1184 294.8638000488281 1184
1185 294.8694458007812 1185
1186 294.8750915527344 1186
1187 294.8807983398438 1187
1188 294.8865356445312 1188
1189 294.8922729492188 1189
1190 294.8980407714844 1190
1191 294.9038391113281 1191
1192 294.9096984863281 1192
1193 294.9155578613281 1193
1194 294.9214477539062 1194
1195 294.9273986816406 1195
1196 294.9333190917969 1196
1197 294.9393310546875 1197
1198 294.9453735351562 1198
1199 294.9514465332031 1199
1200 294.9575500488281 1200
1201 294.9637145996094 1201
1202 294.9699096679688 1202
1203 294.9761352539062 1203
1204 294.982421875 1204
1205 294.9887390136719 1205
1206 294.9951171875 1206
1207 295.0015258789062 1207
1208 295.0079956054688 1208
1209 295.0144653320312 1209
1210 295.0210571289062 1210
1211 295.0276184082031 1211
1212 295.0343017578125 1212
1213 295.0409851074219 1213
1214 295.0477294921875 1214
1215 295.0545043945312 1215
1216 295.0613708496094 1216
1217 295.0682373046875 1217
1218 295.0751953125 1218
1219 295.0821838378906 1219
1220 295.0892333984375 1220
1221 295.0963134765625 1221
1222 295.1034545898438 1222
1223 295.1106567382812 1223
1224 295.117919921875 1224
1225 295.1252136230469 1225
1226 295.1325378417969 1226
1227 295.1399536132812 1227
1228 295.1473999023438 1228
1229 295.1548767089844 1229
1230 295.1624450683594 1230
1231 295.1700439453125 1231
1232 295.1777038574219 1232
1233 295.1853942871094 1233
1234 295.193115234375 1234
1235 295.200927734375 1235
1236 295.208740234375 1236
1237 295.2166748046875 1237
1238 295.2245788574219 1238
1239 295.2325744628906 1239
1240 295.2406005859375 1240
1241 295.2486877441406 1241
1242 295.2567749023438 1242
1243 295.2649536132812 1243
1244 295.273193359375 1244
1245 295.2814331054688 1245
1246 295.2897338867188 1246
1247 295.298095703125 1247
1248 295.3064880371094 1248
1249 295.3149108886719 1249
1250 295.3233642578125 1250
1251 295.3318786621094 1251
1252 295.3404235839844 1252
1253 295.3490295410156 1253
1254 295.3576354980469 1254
1255 295.3662719726562 1255
1256 295.375 1256
1257 295.3837585449219 1257
1258 295.3924865722656 1258
1259 295.4012756347656 1259
1260 295.41015625 1260
1261 295.4190063476562 1261
1262 295.4279174804688 1262
1263 295.4368286132812 1263
1264 295.44580078125 1264
1265 295.454833984375 1265
1266 295.4638366699219 1266
1267 295.4728698730469 1267
1268 295.4819641113281 1268
1269 295.4910583496094 1269
1270 295.5001831054688 1270
1271 295.5093383789062 1271
1272 295.5185546875 1272
1273 295.5277404785156 1273
1274 295.5369567871094 1274
1275 295.5462036132812 1275
1276 295.5554504394531 1276
1277 295.5647277832031 1277
1278 295.5740356445312 1278
1279 295.5833435058594 1279
1280 295.5926818847656 1280
1281 295.6020202636719 1281
1282 295.6114196777344 1282
1283 295.6207885742188 1283
1284 295.6301574707031 1284
1285 295.6395568847656 1285
1286 295.6489868164062 1286
1287 295.6583862304688 1287
1288 295.6678466796875 1288
1289 295.6772766113281 1289
1290 295.6867370605469 1290
1291 295.6961975097656 1291
1292 295.7056579589844 1292
1293 295.7151184082031 1293
1294 295.7245788574219 1294
1295 295.7340698242188 1295
1296 295.7434997558594 1296
1297 295.7529907226562 1297
1298 295.762451171875 1298
1299 295.7719421386719 1299
1300 295.7814331054688 1300
1301 295.7908630371094 1301
1302 295.8003540039062 1302
1303 295.8097839355469 1303
1304 295.8192443847656 1304
1305 295.8286743164062 1305
1306 295.838134765625 1306
1307 295.8475646972656 1307
1308 295.8569946289062 1308
1309 295.8663940429688 1309
1310 295.8757934570312 1310
1311 295.8851928710938 1311
1312 295.8945617675781 1312
1313 295.9039306640625 1313
1314 295.9132690429688 1314
1315 295.922607421875 1315
1316 295.9319152832031 1316
1317 295.9412231445312 1317
1318 295.9505004882812 1318
1319 295.9597778320312 1319
1320 295.9690246582031 1320
1321 295.9782409667969 1321
1322 295.9874572753906 1322
1323 295.9966430664062 1323
1324 296.0057983398438 1324
1325 296.0149230957031 1325
1326 296.0240478515625 1326
1327 296.0331420898438 1327
1328 296.0421752929688 1328
1329 296.0512084960938 1329
1330 296.0602416992188 1330
1331 296.0692138671875 1331
1332 296.0781555175781 1332
1333 296.0870666503906 1333
1334 296.0959777832031 1334
1335 296.1047973632812 1335
1336 296.1136474609375 1336
1337 296.1224365234375 1337
1338 296.1311645507812 1338
1339 296.1399230957031 1339
1340 296.1485900878906 1340
1341 296.1572570800781 1341
1342 296.1658630371094 1342
1343 296.1744384765625 1343
1344 296.1829833984375 1344
1345 296.1914672851562 1345
1346 296.1999206542969 1346
1347 296.2083740234375 1347
1348 296.2167358398438 1348
1349 296.2250671386719 1349
1350 296.2333679199219 1350
1351 296.2416076660156 1351
1352 296.2498474121094 1352
1353 296.2579956054688 1353
1354 296.26611328125 1354
1355 296.274169921875 1355
1356 296.2821960449219 1356
1357 296.2902221679688 1357
1358 296.2981567382812 1358
1359 296.3060302734375 1359
1360 296.3138732910156 1360
1361 296.3216552734375 1361
1362 296.3293762207031 1362
1363 296.3370666503906 1363
1364 296.3446960449219 1364
1365 296.352294921875 1365
1366 296.3598022460938 1366
1367 296.3673095703125 1367
1368 296.3746948242188 1368
1369 296.382080078125 1369
1370 296.389404296875 1370
1371 296.3966369628906 1371
1372 296.4038391113281 1372
1373 296.4110107421875 1373
1374 296.4180908203125 1374
1375 296.4251098632812 1375
1376 296.4320678710938 1376
1377 296.43896484375 1377
1378 296.4458312988281 1378
1379 296.45263671875 1379
1380 296.4593811035156 1380
1381 296.4660339355469 1381
1382 296.47265625 1382
1383 296.4791870117188 1383
1384 296.4856872558594 1384
1385 296.4921264648438 1385
1386 296.4984741210938 1386
1387 296.5047607421875 1387
1388 296.510986328125 1388
1389 296.5171813964844 1389
1390 296.5233154296875 1390
1391 296.5293273925781 1391
1392 296.5353088378906 1392
1393 296.5412292480469 1393
1394 296.5470886230469 1394
1395 296.5528564453125 1395
1396 296.55859375 1396
1397 296.5642395019531 1397
1398 296.5698547363281 1398
1399 296.5753784179688 1399
1400 296.5808715820312 1400
1401 296.5862426757812 1401
1402 296.5915832519531 1402
1403 296.5968627929688 1403
1404 296.6020812988281 1404
1405 296.6072387695312 1405
1406 296.6123352050781 1406
1407 296.6173706054688 1407
1408 296.6223449707031 1408
1409 296.6272583007812 1409
1410 296.6321411132812 1410
1411 296.636962890625 1411
1412 296.6416931152344 1412
1413 296.6463928222656 1413
1414 296.6510620117188 1414
1415 296.6556396484375 1415
1416 296.66015625 1416
1417 296.6646728515625 1417
1418 296.6690979003906 1418
1419 296.6735229492188 1419
1420 296.6778564453125 1420
1421 296.6821899414062 1421
1422 296.6864624023438 1422
1423 296.6907043457031 1423
1424 296.6948852539062 1424
1425 296.6990661621094 1425
1426 296.7031555175781 1426
1427 296.7072448730469 1427
1428 296.7113342285156 1428
1429 296.7153625488281 1429
1430 296.7193603515625 1430
1431 296.7233581542969 1431
1432 296.7273254394531 1432
1433 296.7312622070312 1433
1434 296.7351684570312 1434
1435 296.7390747070312 1435
1436 296.7429809570312 1436
1437 296.7468566894531 1437
1438 296.750732421875 1438
1439 296.7545776367188 1439
1440 296.7584533691406 1440
1441 296.7622680664062 1441
1442 296.76611328125 1442
1443 296.7699890136719 1443
1444 296.7738342285156 1444
1445 296.7776794433594 1445
1446 296.7815246582031 1446
1447 296.785400390625 1447
1448 296.789306640625 1448
1449 296.7931518554688 1449
1450 296.7970581054688 1450
1451 296.8009948730469 1451
1452 296.8048706054688 1452
1453 296.808837890625 1453
1454 296.8128356933594 1454
1455 296.8168334960938 1455
1456 296.82080078125 1456
1457 296.8248596191406 1457
1458 296.8289184570312 1458
1459 296.8330383300781 1459
1460 296.837158203125 1460
1461 296.8412780761719 1461
1462 296.8454895019531 1462
1463 296.8497009277344 1463
1464 296.8539428710938 1464
1465 296.8582153320312 1465
1466 296.862548828125 1466
1467 296.8668823242188 1467
1468 296.8713073730469 1468
1469 296.875732421875 1469
1470 296.8802185058594 1470
1471 296.884765625 1471
1472 296.8893127441406 1472
1473 296.8939208984375 1473
1474 296.8985595703125 1474
1475 296.9032592773438 1475
1476 296.9079895019531 1476
1477 296.9127807617188 1477
1478 296.9176330566406 1478
1479 296.9225463867188 1479
1480 296.9274597167969 1480
1481 296.9324340820312 1481
1482 296.9374694824219 1482
1483 296.9425659179688 1483
1484 296.9476928710938 1484
1485 296.952880859375 1485
1486 296.9580993652344 1486
1487 296.96337890625 1487
1488 296.9687194824219 1488
1489 296.97412109375 1489
1490 296.9795227050781 1490
1491 296.9850158691406 1491
1492 296.9905700683594 1492
1493 296.9961547851562 1493
1494 297.0018005371094 1494
1495 297.0075073242188 1495
1496 297.0132446289062 1496
1497 297.0190124511719 1497
1498 297.02490234375 1498
1499 297.0307922363281 1499
1500 297.0367431640625 1500
1501 297.042724609375 1501
1502 297.0487976074219 1502
1503 297.0548400878906 1503
1504 297.0610046386719 1504
1505 297.0672302246094 1505
1506 297.0734558105469 1506
1507 297.0797729492188 1507
1508 297.0861206054688 1508
1509 297.0924987792969 1509
1510 297.0989074707031 1510
1511 297.1054382324219 1511
1512 297.1119689941406 1512
1513 297.1185302734375 1513
1514 297.1251525878906 1514
1515 297.1318054199219 1515
1516 297.1385192871094 1516
1517 297.145263671875 1517
1518 297.1520690917969 1518
1519 297.1589050292969 1519
1520 297.1658020019531 1520
1521 297.1726989746094 1521
1522 297.1796569824219 1522
1523 297.1866760253906 1523
1524 297.1936645507812 1524
1525 297.2007751464844 1525
1526 297.2078857421875 1526
1527 297.2150268554688 1527
1528 297.2221984863281 1528
1529 297.2294311523438 1529
1530 297.2366943359375 1530
1531 297.2439575195312 1531
1532 297.2512817382812 1532
1533 297.2586364746094 1533
1534 297.2659912109375 1534
1535 297.2734069824219 1535
1536 297.2808837890625 1536
1537 297.288330078125 1537
1538 297.2958068847656 1538
1539 297.3033142089844 1539
1540 297.3108520507812 1540
1541 297.3184204101562 1541
1542 297.3260192871094 1542
1543 297.3336486816406 1543
1544 297.34130859375 1544
1545 297.3489379882812 1545
1546 297.3566284179688 1546
1547 297.3643188476562 1547
1548 297.3720092773438 1548
1549 297.3797607421875 1549
1550 297.3875122070312 1550
1551 297.3952941894531 1551
1552 297.4030456542969 1552
1553 297.4108581542969 1553
1554 297.4186401367188 1554
1555 297.4264831542969 1555
1556 297.434326171875 1556
1557 297.4421691894531 1557
1558 297.4499816894531 1558
1559 297.4578552246094 1559
1560 297.4656982421875 1560
1561 297.4735717773438 1561
1562 297.4814758300781 1562
1563 297.4893493652344 1563
1564 297.4972229003906 1564
1565 297.5050964355469 1565
1566 297.5130004882812 1566
1567 297.5209045410156 1567
1568 297.52880859375 1568
1569 297.5366821289062 1569
1570 297.5445861816406 1570
1571 297.5524597167969 1571
1572 297.5603332519531 1572
1573 297.5682373046875 1573
1574 297.5761108398438 1574
1575 297.5839538574219 1575
1576 297.5918273925781 1576
1577 297.5996704101562 1577
1578 297.6075134277344 1578
1579 297.6153259277344 1579
1580 297.6231689453125 1580
1581 297.6309814453125 1581
1582 297.6387939453125 1582
1583 297.6465454101562 1583
1584 297.6543273925781 1584
1585 297.6620788574219 1585
1586 297.6698608398438 1586
1587 297.6775512695312 1587
1588 297.6852722167969 1588
1589 297.6929626464844 1589
1590 297.7006225585938 1590
1591 297.7082824707031 1591
1592 297.7159118652344 1592
1593 297.7235107421875 1593
1594 297.7311096191406 1594
1595 297.7386474609375 1595
1596 297.7461853027344 1596
1597 297.7537231445312 1597
1598 297.7611999511719 1598
1599 297.7686767578125 1599
1600 297.776123046875 1600
1601 297.7835083007812 1601
1602 297.7908935546875 1602
1603 297.7982177734375 1603
1604 297.8055725097656 1604
1605 297.8128356933594 1605
1606 297.8200988769531 1606
1607 297.8273315429688 1607
1608 297.8345336914062 1608
1609 297.8416442871094 1609
1610 297.8487854003906 1610
1611 297.8558349609375 1611
1612 297.8629150390625 1612
1613 297.8699340820312 1613
1614 297.8768920898438 1614
1615 297.8838500976562 1615
1616 297.8907165527344 1616
1617 297.8975830078125 1617
1618 297.9043884277344 1618
1619 297.9111938476562 1619
1620 297.9179077148438 1620
1621 297.9246215820312 1621
1622 297.9312744140625 1622
1623 297.9378662109375 1623
1624 297.9444274902344 1624
1625 297.950927734375 1625
1626 297.9574279785156 1626
1627 297.9638061523438 1627
1628 297.9702453613281 1628
1629 297.9765319824219 1629
1630 297.9828186035156 1630
1631 297.9890441894531 1631
1632 297.9952392578125 1632
1633 298.0013427734375 1633
1634 298.0074157714844 1634
1635 298.0134582519531 1635
1636 298.0194396972656 1636
1637 298.025390625 1637
1638 298.03125 1638
1639 298.0370483398438 1639
1640 298.0428161621094 1640
1641 298.0485229492188 1641
1642 298.05419921875 1642
1643 298.0597839355469 1643
1644 298.0653076171875 1644
1645 298.07080078125 1645
1646 298.0762329101562 1646
1647 298.0815734863281 1647
1648 298.0869140625 1648
1649 298.0921630859375 1649
1650 298.0973205566406 1650
1651 298.1024780273438 1651
1652 298.1075439453125 1652
1653 298.112548828125 1653
1654 298.1174926757812 1654
1655 298.1223754882812 1655
1656 298.1272277832031 1656
1657 298.1319885253906 1657
1658 298.1366882324219 1658
1659 298.1413269042969 1659
1660 298.1459045410156 1660
1661 298.150390625 1661
1662 298.1548461914062 1662
1663 298.1592407226562 1663
1664 298.16357421875 1664
1665 298.1678466796875 1665
1666 298.1720275878906 1666
1667 298.1761779785156 1667
1668 298.1802368164062 1668
1669 298.1842346191406 1669
1670 298.1882019042969 1670
1671 298.1920776367188 1671
1672 298.1958923339844 1672
1673 298.1996765136719 1673
1674 298.203369140625 1674
1675 298.20703125 1675
1676 298.2106018066406 1676
1677 298.2141418457031 1677
1678 298.2175903320312 1678
1679 298.2210083007812 1679
1680 298.2243957519531 1680
1681 298.2276916503906 1681
1682 298.23095703125 1682
1683 298.2341613769531 1683
1684 298.2373046875 1684
1685 298.2404174804688 1685
1686 298.2434692382812 1686
1687 298.2464599609375 1687
1688 298.2494506835938 1688
1689 298.2523803710938 1689
1690 298.2552490234375 1690
1691 298.2580871582031 1691
1692 298.2608947753906 1692
1693 298.2636413574219 1693
1694 298.2663879394531 1694
1695 298.2690734863281 1695
1696 298.271728515625 1696
1697 298.2744140625 1697
1698 298.2770080566406 1698
1699 298.2795715332031 1699
1700 298.2821350097656 1700
1701 298.2846984863281 1701
1702 298.2872009277344 1702
1703 298.2897033691406 1703
1704 298.2921752929688 1704
1705 298.294677734375 1705
1706 298.2971496582031 1706
1707 298.2995910644531 1707
1708 298.3020324707031 1708
1709 298.3045043945312 1709
1710 298.3069458007812 1710
1711 298.3093872070312 1711
1712 298.3117980957031 1712
1713 298.3142700195312 1713
1714 298.3167114257812 1714
1715 298.3191528320312 1715
1716 298.3216247558594 1716
1717 298.3240661621094 1717
1718 298.3265686035156 1718
1719 298.3290710449219 1719
1720 298.3315734863281 1720
1721 298.3341064453125 1721
1722 298.336669921875 1722
1723 298.3392333984375 1723
1724 298.3418273925781 1724
1725 298.3444519042969 1725
1726 298.3470764160156 1726
1727 298.3497619628906 1727
1728 298.3524475097656 1728
1729 298.3551940917969 1729
1730 298.3579406738281 1730
1731 298.3607482910156 1731
1732 298.3635559082031 1732
1733 298.3664245605469 1733
1734 298.3693237304688 1734
1735 298.3722839355469 1735
1736 298.375244140625 1736
1737 298.3782653808594 1737
1738 298.3812866210938 1738
1739 298.3843994140625 1739
1740 298.3875732421875 1740
1741 298.3907470703125 1741
1742 298.3939819335938 1742
1743 298.3972473144531 1743
1744 298.4005737304688 1744
1745 298.4039611816406 1745
1746 298.4073486328125 1746
1747 298.4108276367188 1747
1748 298.4143371582031 1748
1749 298.4179077148438 1749
1750 298.4215087890625 1750
1751 298.4251708984375 1751
1752 298.4288940429688 1752
1753 298.4326477050781 1753
1754 298.4364624023438 1754
1755 298.4403076171875 1755
1756 298.4442443847656 1756
1757 298.4482116699219 1757
1758 298.4522399902344 1758
1759 298.4563293457031 1759
1760 298.46044921875 1760
1761 298.464599609375 1761
1762 298.4688415527344 1762
1763 298.47314453125 1763
1764 298.4774780273438 1764
1765 298.4818420410156 1765
1766 298.4862670898438 1766
1767 298.4907836914062 1767
1768 298.4953308105469 1768
1769 298.4999389648438 1769
1770 298.5045776367188 1770
1771 298.50927734375 1771
1772 298.5140075683594 1772
1773 298.5188293457031 1773
1774 298.523681640625 1774
1775 298.528564453125 1775
1776 298.5335083007812 1776
1777 298.5385131835938 1777
1778 298.5435485839844 1778
1779 298.5486755371094 1779
1780 298.5538024902344 1780
1781 298.5590209960938 1781
1782 298.5642395019531 1782
1783 298.5695190429688 1783
1784 298.5748291015625 1784
1785 298.5802001953125 1785
1786 298.5856323242188 1786
1787 298.591064453125 1787
1788 298.5966186523438 1788
1789 298.6021118164062 1789
1790 298.6077270507812 1790
1791 298.6133422851562 1791
1792 298.6190185546875 1792
1793 298.6247253417969 1793
1794 298.6304626464844 1794
1795 298.63623046875 1795
1796 298.64208984375 1796
1797 298.64794921875 1797
1798 298.6538391113281 1798
1799 298.6597290039062 1799
1800 298.6657104492188 1800
1801 298.6717224121094 1801
1802 298.677734375 1802
1803 298.6837768554688 1803
1804 298.6898803710938 1804
1805 298.6960144042969 1805
1806 298.7021484375 1806
1807 298.7083129882812 1807
1808 298.7145385742188 1808
1809 298.7207641601562 1809
1810 298.7270202636719 1810
1811 298.7332763671875 1811
1812 298.7396240234375 1812
1813 298.7459106445312 1813
1814 298.7522888183594 1814
1815 298.7586669921875 1815
1816 298.7650451660156 1816
1817 298.7714538574219 1817
1818 298.7778930664062 1818
1819 298.7843322753906 1819
1820 298.790771484375 1820
1821 298.7972717285156 1821
1822 298.8037414550781 1822
1823 298.8102722167969 1823
1824 298.8167724609375 1824
1825 298.8233032226562 1825
1826 298.8298645019531 1826
1827 298.83642578125 1827
1828 298.8429565429688 1828
1829 298.8495483398438 1829
1830 298.8561401367188 1830
1831 298.8627014160156 1831
1832 298.8692932128906 1832
1833 298.8759155273438 1833
1834 298.8825073242188 1834
1835 298.8890991210938 1835
1836 298.8957214355469 1836
1837 298.9023132324219 1837
1838 298.908935546875 1838
1839 298.9155578613281 1839
1840 298.9221496582031 1840
1841 298.9287414550781 1841
1842 298.9353332519531 1842
1843 298.9419250488281 1843
1844 298.9485473632812 1844
1845 298.9551086425781 1845
1846 298.961669921875 1846
1847 298.96826171875 1847
1848 298.9748229980469 1848
1849 298.9813537597656 1849
1850 298.9879150390625 1850
1851 298.9944458007812 1851
1852 299.0009460449219 1852
1853 299.0074768066406 1853
1854 299.0139465332031 1854
1855 299.0204467773438 1855
1856 299.0268859863281 1856
1857 299.0333251953125 1857
1858 299.0397338867188 1858
1859 299.0461730957031 1859
1860 299.0525512695312 1860
1861 299.0589294433594 1861
1862 299.0652770996094 1862
1863 299.0715942382812 1863
1864 299.0779113769531 1864
1865 299.0841979980469 1865
1866 299.0904541015625 1866
1867 299.0966796875 1867
1868 299.1029052734375 1868
1869 299.1090698242188 1869
1870 299.115234375 1870
1871 299.1213684082031 1871
1872 299.1274719238281 1872
1873 299.1335144042969 1873
1874 299.1395874023438 1874
1875 299.1455688476562 1875
1876 299.1515808105469 1876
1877 299.1575317382812 1877
1878 299.1634216308594 1878
1879 299.1693115234375 1879
1880 299.1751403808594 1880
1881 299.1809692382812 1881
1882 299.186767578125 1882
1883 299.1924743652344 1883
1884 299.1981506347656 1884
1885 299.2038269042969 1885
1886 299.20947265625 1886
1887 299.2150573730469 1887
1888 299.2205810546875 1888
1889 299.22607421875 1889
1890 299.2315673828125 1890
1891 299.2369995117188 1891
1892 299.2423706054688 1892
1893 299.2476806640625 1893
1894 299.2529907226562 1894
1895 299.2582397460938 1895
1896 299.2634582519531 1896
1897 299.2686157226562 1897
1898 299.2737121582031 1898
1899 299.2787780761719 1899
1900 299.2837829589844 1900
1901 299.2887573242188 1901
1902 299.2936706542969 1902
1903 299.2985229492188 1903
1904 299.3033447265625 1904
1905 299.3081359863281 1905
1906 299.3128051757812 1906
1907 299.3175048828125 1907
1908 299.3220825195312 1908
1909 299.3266296386719 1909
1910 299.3311462402344 1910
1911 299.3356018066406 1911
1912 299.3399658203125 1912
1913 299.3443298339844 1913
1914 299.3486022949219 1914
1915 299.3528137207031 1915
1916 299.3569946289062 1916
1917 299.3611145019531 1917
1918 299.3651733398438 1918
1919 299.3691711425781 1919
1920 299.3730773925781 1920
1921 299.376953125 1921
1922 299.3807678222656 1922
1923 299.384521484375 1923
1924 299.3882141113281 1924
1925 299.3918762207031 1925
1926 299.3954467773438 1926
1927 299.3989562988281 1927
1928 299.4024047851562 1928
1929 299.40576171875 1929
1930 299.4090881347656 1930
1931 299.4123840332031 1931
1932 299.4155578613281 1932
1933 299.418701171875 1933
1934 299.4218139648438 1934
1935 299.4248352050781 1935
1936 299.4277648925781 1936
1937 299.4306640625 1937
1938 299.4335021972656 1938
1939 299.436279296875 1939
1940 299.43896484375 1940
1941 299.441650390625 1941
1942 299.4442138671875 1942
1943 299.4467468261719 1943
1944 299.4492492675781 1944
1945 299.4516296386719 1945
1946 299.4540100097656 1946
1947 299.4563293457031 1947
1948 299.4585571289062 1948
1949 299.4607543945312 1949
1950 299.462890625 1950
1951 299.4650268554688 1951
1952 299.467041015625 1952
1953 299.4690551757812 1953
1954 299.4709777832031 1954
1955 299.4728393554688 1955
1956 299.4747314453125 1956
1957 299.4765319824219 1957
1958 299.4783020019531 1958
1959 299.4800109863281 1959
1960 299.481689453125 1960
1961 299.4833374023438 1961
1962 299.4849853515625 1962
1963 299.486572265625 1963
1964 299.4880981445312 1964
1965 299.4896240234375 1965
1966 299.4910888671875 1966
1967 299.4925842285156 1967
1968 299.4940185546875 1968
1969 299.4954223632812 1969
1970 299.496826171875 1970
1971 299.4981994628906 1971
1972 299.4995727539062 1972
1973 299.5009155273438 1973
1974 299.5022583007812 1974
1975 299.5036010742188 1975
1976 299.5048828125 1976
1977 299.5061950683594 1977
1978 299.5075073242188 1978
1979 299.5088195800781 1979
1980 299.5101318359375 1980
1981 299.5114135742188 1981
1982 299.5127258300781 1982
1983 299.5140380859375 1983
1984 299.515380859375 1984
1985 299.5167236328125 1985
1986 299.5180358886719 1986
1987 299.5193786621094 1987
1988 299.520751953125 1988
1989 299.5221557617188 1989
1990 299.5235900878906 1990
1991 299.5249633789062 1991
1992 299.5264282226562 1992
1993 299.5278930664062 1993
1994 299.5293884277344 1994
1995 299.5309143066406 1995
1996 299.532470703125 1996
1997 299.5340576171875 1997
1998 299.53564453125 1998
1999 299.5372924804688 1999
2000 299.5389404296875 2000
2001 299.5407104492188 2001
2002 299.5424499511719 2002
2003 299.5442199707031 2003
2004 299.5460510253906 2004
2005 299.5479125976562 2005
2006 299.5498046875 2006
2007 299.5517578125 2007
2008 299.5537414550781 2008
2009 299.5557556152344 2009
2010 299.557861328125 2010
2011 299.5599975585938 2011
2012 299.5621643066406 2012
2013 299.5643615722656 2013
2014 299.5666198730469 2014
2015 299.5689392089844 2015
2016 299.5712890625 2016
2017 299.57373046875 2017
2018 299.576171875 2018
2019 299.5786743164062 2019
2020 299.5812377929688 2020
2021 299.5838623046875 2021
2022 299.5865173339844 2022
2023 299.5892333984375 2023
2024 299.592041015625 2024
2025 299.5948486328125 2025
2026 299.5977172851562 2026
2027 299.6006469726562 2027
2028 299.6036682128906 2028
2029 299.606689453125 2029
2030 299.6097717285156 2030
2031 299.6129150390625 2031
2032 299.6161193847656 2032
2033 299.6193542480469 2033
2034 299.6226806640625 2034
2035 299.6260375976562 2035
2036 299.6294555664062 2036
2037 299.6328735351562 2037
2038 299.6364135742188 2038
2039 299.6399841308594 2039
2040 299.6435852050781 2040
2041 299.6472778320312 2041
2042 299.6510009765625 2042
2043 299.6547546386719 2043
2044 299.6585693359375 2044
2045 299.6624450683594 2045
2046 299.6663818359375 2046
2047 299.6703491210938 2047
2048 299.6743469238281 2048
2049 299.6784057617188 2049
2050 299.6825561523438 2050
2051 299.6867370605469 2051
2052 299.69091796875 2052
2053 299.6951904296875 2053
2054 299.6994934082031 2054
2055 299.7038269042969 2055
2056 299.7082214355469 2056
2057 299.7126770019531 2057
2058 299.7171325683594 2058
2059 299.7216491699219 2059
2060 299.7262268066406 2060
2061 299.7308349609375 2061
2062 299.7354736328125 2062
2063 299.7401733398438 2063
2064 299.744873046875 2064
2065 299.7496337890625 2065
2066 299.7544250488281 2066
2067 299.75927734375 2067
2068 299.76416015625 2068
2069 299.7690734863281 2069
2070 299.7740173339844 2070
2071 299.7789916992188 2071
2072 299.7839965820312 2072
2073 299.7890014648438 2073
2074 299.7940979003906 2074
2075 299.7991943359375 2075
2076 299.8043212890625 2076
2077 299.8094787597656 2077
2078 299.8146667480469 2078
2079 299.8198547363281 2079
2080 299.8251037597656 2080
2081 299.8303527832031 2081
2082 299.8356323242188 2082
2083 299.8409423828125 2083
2084 299.8462829589844 2084
2085 299.8516235351562 2085
2086 299.8569946289062 2086
2087 299.8623962402344 2087
2088 299.8677978515625 2088
2089 299.8732299804688 2089
2090 299.878662109375 2090
2091 299.8841552734375 2091
2092 299.8895874023438 2092
2093 299.8950805664062 2093
2094 299.9005737304688 2094
2095 299.9060974121094 2095
2096 299.91162109375 2096
2097 299.9171752929688 2097
2098 299.9226989746094 2098
2099 299.9282531738281 2099
2100 299.9338073730469 2100
2101 299.9393615722656 2101
2102 299.9449462890625 2102
2103 299.9505004882812 2103
2104 299.9560852050781 2104
2105 299.961669921875 2105
2106 299.9672546386719 2106
2107 299.9728393554688 2107
2108 299.9784545898438 2108
2109 299.9840087890625 2109
2110 299.9895935058594 2110
2111 299.9951782226562 2111
2112 300.0007934570312 2112
2113 300.00634765625 2113
2114 300.0119018554688 2114
2115 300.0174865722656 2115
2116 300.0230407714844 2116
2117 300.028564453125 2117
2118 300.0341186523438 2118
2119 300.0396423339844 2119
2120 300.045166015625 2120
2121 300.0506591796875 2121
2122 300.0561828613281 2122
2123 300.0616455078125 2123
2124 300.0671081542969 2124
2125 300.0725708007812 2125
2126 300.0780029296875 2126
2127 300.0834350585938 2127
2128 300.0888366699219 2128
2129 300.0942077636719 2129
2130 300.0995788574219 2130
2131 300.1049499511719 2131
2132 300.1102600097656 2132
2133 300.1155700683594 2133
2134 300.1208801269531 2134
2135 300.1261291503906 2135
2136 300.1313781738281 2136
2137 300.1365661621094 2137
2138 300.1417541503906 2138
2139 300.1469421386719 2139
2140 300.152099609375 2140
2141 300.1571960449219 2141
2142 300.1622924804688 2142
2143 300.1673278808594 2143
2144 300.1723327636719 2144
2145 300.1773376464844 2145
2146 300.1823120117188 2146
2147 300.1872253417969 2147
2148 300.1921081542969 2148
2149 300.1969604492188 2149
2150 300.2018127441406 2150
2151 300.2066040039062 2151
2152 300.2113647460938 2152
2153 300.2160949707031 2153
2154 300.2207641601562 2154
2155 300.2254028320312 2155
2156 300.2300415039062 2156
2157 300.2345886230469 2157
2158 300.2391052246094 2158
2159 300.2435913085938 2159
2160 300.248046875 2160
2161 300.2524719238281 2161
2162 300.2568359375 2162
2163 300.2611694335938 2163
2164 300.2654113769531 2164
2165 300.2696838378906 2165
2166 300.2738647460938 2166
2167 300.2779846191406 2167
2168 300.2820739746094 2168
2169 300.2861328125 2169
2170 300.2901306152344 2170
2171 300.2940979003906 2171
2172 300.2979736328125 2172
2173 300.3018188476562 2173
2174 300.3056335449219 2174
2175 300.3093872070312 2175
2176 300.3131103515625 2176
2177 300.3167724609375 2177
2178 300.3203430175781 2178
2179 300.3238830566406 2179
2180 300.3273620605469 2180
2181 300.330810546875 2181
2182 300.3341979980469 2182
2183 300.3374938964844 2183
2184 300.3407897949219 2184
2185 300.343994140625 2185
2186 300.34716796875 2186
2187 300.3502807617188 2187
2188 300.3533325195312 2188
2189 300.3562927246094 2189
2190 300.3591918945312 2190
2191 300.3621215820312 2191
2192 300.3649291992188 2192
2193 300.36767578125 2193
2194 300.370361328125 2194
2195 300.3729858398438 2195
2196 300.3755493164062 2196
2197 300.3780517578125 2197
2198 300.3804931640625 2198
2199 300.3828735351562 2199
2200 300.3852233886719 2200
2201 300.3874816894531 2201
2202 300.3896789550781 2202
2203 300.391845703125 2203
2204 300.3939208984375 2204
2205 300.3959350585938 2205
2206 300.3978881835938 2206
2207 300.3997802734375 2207
2208 300.4016418457031 2208
2209 300.4034118652344 2209
2210 300.4051513671875 2210
2211 300.4067993164062 2211
2212 300.4083862304688 2212
2213 300.4099426269531 2213
2214 300.4114379882812 2214
2215 300.4129028320312 2215
2216 300.4142456054688 2216
2217 300.4155883789062 2217
2218 300.4168701171875 2218
2219 300.4180603027344 2219
2220 300.4192504882812 2220
2221 300.4203796386719 2221
2222 300.4214477539062 2222
2223 300.4224853515625 2223
2224 300.4234619140625 2224
2225 300.4243774414062 2225
2226 300.4252624511719 2226
2227 300.4261474609375 2227
2228 300.4269409179688 2228
2229 300.427734375 2229
2230 300.4284362792969 2230
2231 300.4291381835938 2231
2232 300.4298095703125 2232
2233 300.4304504394531 2233
2234 300.4310607910156 2234
2235 300.431640625 2235
2236 300.4321899414062 2236
2237 300.4327392578125 2237
2238 300.4332580566406 2238
2239 300.4337463378906 2239
2240 300.4342346191406 2240
2241 300.4346618652344 2241
2242 300.4351196289062 2242
2243 300.435546875 2243
2244 300.4359741210938 2244
2245 300.4363708496094 2245
2246 300.4367980957031 2246
2247 300.4371948242188 2247
2248 300.4376220703125 2248
2249 300.43798828125 2249
2250 300.4384155273438 2250
2251 300.4388427734375 2251
2252 300.4392700195312 2252
2253 300.439697265625 2253
2254 300.4401245117188 2254
2255 300.4405517578125 2255
2256 300.4410400390625 2256
2257 300.4415283203125 2257
2258 300.4419860839844 2258
2259 300.4425048828125 2259
2260 300.4430541992188 2260
2261 300.443603515625 2261
2262 300.4442138671875 2262
2263 300.44482421875 2263
2264 300.4454345703125 2264
2265 300.4461059570312 2265
2266 300.4468078613281 2266
2267 300.447509765625 2267
2268 300.4483032226562 2268
2269 300.4490966796875 2269
2270 300.4499206542969 2270
2271 300.4508056640625 2271
2272 300.4516906738281 2272
2273 300.45263671875 2273
2274 300.45361328125 2274
2275 300.4546508789062 2275
2276 300.4557189941406 2276
2277 300.4568481445312 2277
2278 300.4580078125 2278
2279 300.459228515625 2279
2280 300.46044921875 2280
2281 300.4617309570312 2281
2282 300.4631042480469 2282
2283 300.4644775390625 2283
2284 300.4659423828125 2284
2285 300.4674377441406 2285
2286 300.468994140625 2286
2287 300.4705505371094 2287
2288 300.4721984863281 2288
2289 300.4739379882812 2289
2290 300.4756469726562 2290
2291 300.4774475097656 2291
2292 300.4793090820312 2292
2293 300.4812316894531 2293
2294 300.4831848144531 2294
2295 300.4851989746094 2295
2296 300.4872741699219 2296
2297 300.4894104003906 2297
2298 300.4915771484375 2298
2299 300.4938049316406 2299
2300 300.49609375 2300
2301 300.4984436035156 2301
2302 300.5008239746094 2302
2303 300.5032653808594 2303
2304 300.5057678222656 2304
2305 300.5083312988281 2305
2306 300.5109252929688 2306
2307 300.5135803222656 2307
2308 300.5162963867188 2308
2309 300.5190734863281 2309
2310 300.5219116210938 2310
2311 300.5247802734375 2311
2312 300.5277099609375 2312
2313 300.5306396484375 2313
2314 300.53369140625 2314
2315 300.5367736816406 2315
2316 300.5399169921875 2316
2317 300.5430908203125 2317
2318 300.5462951660156 2318
2319 300.549560546875 2319
2320 300.5528869628906 2320
2321 300.5562438964844 2321
2322 300.5596618652344 2322
2323 300.5631408691406 2323
2324 300.566650390625 2324
2325 300.5701904296875 2325
2326 300.5737915039062 2326
2327 300.5774536132812 2327
2328 300.5811157226562 2328
2329 300.5848388671875 2329
2330 300.588623046875 2330
2331 300.5924377441406 2331
2332 300.5962829589844 2332
2333 300.6001586914062 2333
2334 300.6040954589844 2334
2335 300.6080932617188 2335
2336 300.612060546875 2336
2337 300.6161193847656 2337
2338 300.6202087402344 2338
2339 300.6242980957031 2339
2340 300.62841796875 2340
2341 300.6326599121094 2341
2342 300.6368408203125 2342
2343 300.6410827636719 2343
2344 300.6453552246094 2344
2345 300.649658203125 2345
2346 300.6539916992188 2346
2347 300.6583557128906 2347
2348 300.6627197265625 2348
2349 300.6671752929688 2349
2350 300.6716003417969 2350
2351 300.6760559082031 2351
2352 300.6805419921875 2352
2353 300.68505859375 2353
2354 300.6895751953125 2354
2355 300.6941528320312 2355
2356 300.69873046875 2356
2357 300.7033081054688 2357
2358 300.7079162597656 2358
2359 300.7125244140625 2359
2360 300.7171936035156 2360
2361 300.7218627929688 2361
2362 300.7265319824219 2362
2363 300.731201171875 2363
2364 300.7359008789062 2364
2365 300.7406311035156 2365
2366 300.745361328125 2366
2367 300.7501220703125 2367
2368 300.7548522949219 2368
2369 300.7596130371094 2369
2370 300.7643432617188 2370
2371 300.7691040039062 2371
2372 300.7738952636719 2372
2373 300.7786560058594 2373
2374 300.783447265625 2374
2375 300.7882385253906 2375
2376 300.7929992675781 2376
2377 300.7977905273438 2377
2378 300.8025817871094 2378
2379 300.8073425292969 2379
2380 300.8121337890625 2380
2381 300.8169250488281 2381
2382 300.8217163085938 2382
2383 300.8264770507812 2383
2384 300.8312377929688 2384
2385 300.8360290527344 2385
2386 300.8407592773438 2386
2387 300.8455200195312 2387
2388 300.8502502441406 2388
2389 300.85498046875 2389
2390 300.8596801757812 2390
2391 300.8644104003906 2391
2392 300.8690795898438 2392
2393 300.8737487792969 2393
2394 300.87841796875 2394
2395 300.8830871582031 2395
2396 300.8877258300781 2396
2397 300.892333984375 2397
2398 300.8969421386719 2398
2399 300.9015502929688 2399
2400 300.9060668945312 2400
2401 300.91064453125 2401
2402 300.9151611328125 2402
2403 300.919677734375 2403
2404 300.9241333007812 2404
2405 300.9286193847656 2405
2406 300.9330444335938 2406
2407 300.9374694824219 2407
2408 300.9418640136719 2408
2409 300.9461975097656 2409
2410 300.9505615234375 2410
2411 300.954833984375 2411
2412 300.9591369628906 2412
2413 300.96337890625 2413
2414 300.9675903320312 2414
2415 300.9717712402344 2415
2416 300.9759521484375 2416
2417 300.9800415039062 2417
2418 300.9841613769531 2418
2419 300.9881896972656 2419
2420 300.9922485351562 2420
2421 300.9962463378906 2421
2422 301.0001831054688 2422
2423 301.0040893554688 2423
2424 301.0079650878906 2424
2425 301.0118103027344 2425
2426 301.015625 2426
2427 301.0193786621094 2427
2428 301.0231018066406 2428
2429 301.0267944335938 2429
2430 301.0304565429688 2430
2431 301.0340270996094 2431
2432 301.03759765625 2432
2433 301.0411071777344 2433
2434 301.0446166992188 2434
2435 301.0480346679688 2435
2436 301.0514221191406 2436
2437 301.0547485351562 2437
2438 301.0580444335938 2438
2439 301.061279296875 2439
2440 301.0644836425781 2440
2441 301.067626953125 2441
2442 301.0707397460938 2442
2443 301.0737915039062 2443
2444 301.0767822265625 2444
2445 301.0797424316406 2445
2446 301.0826110839844 2446
2447 301.0854797363281 2447
2448 301.0882873535156 2448
2449 301.0910034179688 2449
2450 301.0936889648438 2450
2451 301.0963439941406 2451
2452 301.0989379882812 2452
2453 301.1014709472656 2453
2454 301.1039123535156 2454
2455 301.1063232421875 2455
2456 301.1087036132812 2456
2457 301.1109924316406 2457
2458 301.1132202148438 2458
2459 301.1154174804688 2459
2460 301.1175537109375 2460
2461 301.1195983886719 2461
2462 301.1216125488281 2462
2463 301.1235656738281 2463
2464 301.12548828125 2464
2465 301.1272888183594 2465
2466 301.1290893554688 2466
2467 301.1307983398438 2467
2468 301.1324462890625 2468
2469 301.1340637207031 2469
2470 301.1355590820312 2470
2471 301.1370544433594 2471
2472 301.1384582519531 2472
2473 301.1398010253906 2473
2474 301.14111328125 2474
2475 301.1423034667969 2475
2476 301.1434936523438 2476
2477 301.1445922851562 2477
2478 301.1456604003906 2478
2479 301.1466674804688 2479
2480 301.1475830078125 2480
2481 301.1484680175781 2481
2482 301.1492919921875 2482
2483 301.1500854492188 2483
2484 301.1507568359375 2484
2485 301.1514282226562 2485
2486 301.1520385742188 2486
2487 301.152587890625 2487
2488 301.153076171875 2488
2489 301.1535339355469 2489
2490 301.1539306640625 2490
2491 301.154296875 2491
2492 301.1546020507812 2492
2493 301.1548461914062 2493
2494 301.1550903320312 2494
2495 301.1552429199219 2495
2496 301.1553955078125 2496
2497 301.1554565429688 2497
2498 301.1555480957031 2498
2499 301.1555786132812 2499
2500 301.155517578125 2500
