"point-c-rfile"
"Time Step" "point-c etc.."
("Time Step" "point-c" "flow-time")
0 283 0
1 283 1
2 283 2
3 283 3
4 283 4
5 283 5
6 283 6
7 283 7
8 283 8
9 283 9
10 283 10
11 283 11
12 283 12
13 283 13
14 283 14
15 283 15
16 283 16
17 283 17
18 283 18
19 283 19
20 283 20
21 283 21
22 283 22
23 283 23
24 283 24
25 283 25
26 283 26
27 283 27
28 283 28
29 283 29
30 283.0000305175781 30
31 283.0000610351562 31
32 283.0000610351562 32
33 283.0000610351562 33
34 283.0001220703125 34
35 283.0001220703125 35
36 283.0001525878906 36
37 283.0001831054688 37
38 283.000244140625 38
39 283.0003051757812 39
40 283.0003662109375 40
41 283.0004577636719 41
42 283.0005493164062 42
43 283.0006713867188 43
44 283.0007934570312 44
45 283.0009460449219 45
46 283.0011291503906 46
47 283.0013427734375 47
48 283.0015258789062 48
49 283.0018005371094 49
50 283.0021057128906 50
51 283.0024108886719 51
52 283.0027770996094 52
53 283.003173828125 53
54 283.0036315917969 54
55 283.0041198730469 55
56 283.0046691894531 56
57 283.0052795410156 57
58 283.0059509277344 58
59 283.0066528320312 59
60 283.0074462890625 60
61 283.00830078125 61
62 283.00927734375 62
63 283.0102844238281 63
64 283.0113830566406 64
65 283.0125732421875 65
66 283.0138549804688 66
67 283.0151977539062 67
68 283.0167236328125 68
69 283.0182800292969 69
70 283.0199584960938 70
71 283.0217590332031 71
72 283.023681640625 72
73 283.0256958007812 73
74 283.0278625488281 74
75 283.0301513671875 75
76 283.0325317382812 76
77 283.0350952148438 77
78 283.0377807617188 78
79 283.0405883789062 79
80 283.0435791015625 80
81 283.0466613769531 81
82 283.0499267578125 82
83 283.0533447265625 83
84 283.056884765625 84
85 283.0605773925781 85
86 283.064453125 86
87 283.0684814453125 87
88 283.0726928710938 88
89 283.0770263671875 89
90 283.0815734863281 90
91 283.0862426757812 91
92 283.0910949707031 92
93 283.0961303710938 93
94 283.101318359375 94
95 283.106689453125 95
96 283.1122131347656 96
97 283.117919921875 97
98 283.1238098144531 98
99 283.1298522949219 99
100 283.1360778808594 100
101 283.1424560546875 101
102 283.1490173339844 102
103 283.1557922363281 103
104 283.1627197265625 104
105 283.1697692871094 105
106 283.1770324707031 106
107 283.1844482421875 107
108 283.1920776367188 108
109 283.1998291015625 109
110 283.207763671875 110
111 283.2158813476562 111
112 283.2241516113281 112
113 283.2325744628906 113
114 283.2411804199219 114
115 283.2499389648438 115
116 283.2588500976562 116
117 283.2679443359375 117
118 283.2771911621094 118
119 283.2865905761719 119
120 283.296142578125 120
121 283.3058471679688 121
122 283.3157348632812 122
123 283.32568359375 123
124 283.3358764648438 124
125 283.3461608886719 125
126 283.3565979003906 126
127 283.3671569824219 127
128 283.3778991699219 128
129 283.3887634277344 129
130 283.3997497558594 130
131 283.410888671875 131
132 283.422119140625 132
133 283.4335021972656 133
134 283.4450073242188 134
135 283.4566345214844 135
136 283.4684143066406 136
137 283.4802856445312 137
138 283.4922485351562 138
139 283.5043640136719 139
140 283.5166015625 140
141 283.5289306640625 141
142 283.5413208007812 142
143 283.5538635253906 143
144 283.5665283203125 144
145 283.5792846679688 145
146 283.5921020507812 146
147 283.6050109863281 147
148 283.6180419921875 148
149 283.6311645507812 149
150 283.6443481445312 150
151 283.6576538085938 151
152 283.6710205078125 152
153 283.6844787597656 153
154 283.697998046875 154
155 283.7116088867188 155
156 283.7253112792969 156
157 283.7390441894531 157
158 283.7528686523438 158
159 283.7667541503906 159
160 283.7807006835938 160
161 283.794677734375 161
162 283.8087768554688 162
163 283.8228759765625 163
164 283.8370666503906 164
165 283.8512878417969 165
166 283.8655700683594 166
167 283.8799133300781 167
168 283.894287109375 168
169 283.9087219238281 169
170 283.9231872558594 170
171 283.9376831054688 171
172 283.9522094726562 172
173 283.966796875 173
174 283.9814147949219 174
175 283.9960327148438 175
176 284.0106811523438 176
177 284.025390625 177
178 284.0401000976562 178
179 284.0548400878906 179
180 284.069580078125 180
181 284.0843811035156 181
182 284.0991821289062 182
183 284.114013671875 183
184 284.1288146972656 184
185 284.1436462402344 185
186 284.1584777832031 186
187 284.17333984375 187
188 284.1882019042969 188
189 284.2030639648438 189
190 284.2178955078125 190
191 284.2327880859375 191
192 284.2476196289062 192
193 284.2625122070312 193
194 284.2773132324219 194
195 284.2921752929688 195
196 284.3070068359375 196
197 284.3218383789062 197
198 284.3366394042969 198
199 284.3514404296875 199
200 284.3662109375 200
201 284.3809814453125 201
202 284.3956909179688 202
203 284.4104309082031 203
204 284.4251403808594 204
205 284.4398193359375 205
206 284.4544677734375 206
207 284.4690856933594 207
208 284.4837036132812 208
209 284.4982604980469 209
210 284.5128173828125 210
211 284.5273132324219 211
212 284.5417785644531 212
213 284.5562133789062 213
214 284.5706176757812 214
215 284.5850219726562 215
216 284.5993041992188 216
217 284.6136169433594 217
218 284.6278686523438 218
219 284.64208984375 219
220 284.65625 220
221 284.6703491210938 221
222 284.6844177246094 222
223 284.6984558105469 223
224 284.71240234375 224
225 284.7263488769531 225
226 284.7402038574219 226
227 284.7540283203125 227
228 284.7677917480469 228
229 284.7815246582031 229
230 284.795166015625 230
231 284.8087768554688 231
232 284.8223266601562 232
233 284.8358154296875 233
234 284.8492431640625 234
235 284.8626098632812 235
236 284.8759155273438 236
237 284.88916015625 237
238 284.90234375 238
239 284.9154663085938 239
240 284.9284973144531 240
241 284.9414978027344 241
242 284.9544067382812 242
243 284.96728515625 243
244 284.9800415039062 244
245 284.9927368164062 245
246 285.0054016113281 246
247 285.0179748535156 247
248 285.0304565429688 248
249 285.0428771972656 249
250 285.0552368164062 250
251 285.0675048828125 251
252 285.0797119140625 252
253 285.0918579101562 253
254 285.1038818359375 254
255 285.1158447265625 255
256 285.1277465820312 256
257 285.1395568847656 257
258 285.1513061523438 258
259 285.1629638671875 259
260 285.1745300292969 260
261 285.1860046386719 261
262 285.1974182128906 262
263 285.208740234375 263
264 285.2200012207031 264
265 285.2311401367188 265
266 285.2422485351562 266
267 285.2532348632812 267
268 285.2641296386719 268
269 285.2749328613281 269
270 285.28564453125 270
271 285.2962951660156 271
272 285.3068542480469 272
273 285.3173217773438 273
274 285.3276977539062 274
275 285.3379821777344 275
276 285.3481750488281 276
277 285.3582763671875 277
278 285.3682861328125 278
279 285.3782043457031 279
280 285.3880615234375 280
281 285.3977661132812 281
282 285.4074096679688 282
283 285.4169921875 283
284 285.4264221191406 284
285 285.435791015625 285
286 285.4450378417969 286
287 285.4541931152344 287
288 285.4632873535156 288
289 285.4722595214844 289
290 285.4811401367188 290
291 285.4899291992188 291
292 285.4985961914062 292
293 285.5072021484375 293
294 285.5156860351562 294
295 285.5241088867188 295
296 285.5323791503906 296
297 285.5405883789062 297
298 285.5487060546875 298
299 285.5566711425781 299
300 285.5645751953125 300
301 285.5723876953125 301
302 285.5801086425781 302
303 285.5877075195312 303
304 285.59521484375 304
305 285.6026611328125 305
306 285.6099853515625 306
307 285.6172180175781 307
308 285.6243591308594 308
309 285.6314392089844 309
310 285.6383972167969 310
311 285.645263671875 311
312 285.6520690917969 312
313 285.6587524414062 313
314 285.6654052734375 314
315 285.6719360351562 315
316 285.6784057617188 316
317 285.6847839355469 317
318 285.6911315917969 318
319 285.6973876953125 319
320 285.7035522460938 320
321 285.7096862792969 321
322 285.7157592773438 322
323 285.7217712402344 323
324 285.7277221679688 324
325 285.733642578125 325
326 285.7394714355469 326
327 285.7453002929688 327
328 285.7510986328125 328
329 285.7568664550781 329
330 285.7626037597656 330
331 285.768310546875 331
332 285.7739868164062 332
333 285.7796630859375 333
334 285.7853393554688 334
335 285.791015625 335
336 285.7966613769531 336
337 285.8023376464844 337
338 285.8079833984375 338
339 285.8136901855469 339
340 285.8193969726562 340
341 285.8251342773438 341
342 285.8309020996094 342
343 285.836669921875 343
344 285.842529296875 344
345 285.848388671875 345
346 285.8543090820312 346
347 285.8602600097656 347
348 285.8662414550781 348
349 285.872314453125 349
350 285.8784484863281 350
351 285.8846435546875 351
352 285.8908996582031 352
353 285.897216796875 353
354 285.9035949707031 354
355 285.9100646972656 355
356 285.9165954589844 356
357 285.9232482910156 357
358 285.929931640625 358
359 285.9367370605469 359
360 285.943603515625 360
361 285.9505920410156 361
362 285.9576416015625 362
363 285.96484375 363
364 285.9720764160156 364
365 285.9794311523438 365
366 285.9868469238281 366
367 285.9944152832031 367
368 286.0020446777344 368
369 286.0098266601562 369
370 286.0176696777344 370
371 286.025634765625 371
372 286.03369140625 372
373 286.0418701171875 373
374 286.0501098632812 374
375 286.0584716796875 375
376 286.0669555664062 376
377 286.0755310058594 377
378 286.084228515625 378
379 286.093017578125 379
380 286.1019287109375 380
381 286.1109008789062 381
382 286.1199951171875 382
383 286.1292114257812 383
384 286.1385498046875 384
385 286.14794921875 385
386 286.1574401855469 386
387 286.1670532226562 387
388 286.1767578125 388
389 286.1865844726562 389
390 286.1964721679688 390
391 286.2064819335938 391
392 286.2165832519531 392
393 286.226806640625 393
394 286.237060546875 394
395 286.2474365234375 395
396 286.2579040527344 396
397 286.2684631347656 397
398 286.2791137695312 398
399 286.2898254394531 399
400 286.3006286621094 400
401 286.3115234375 401
402 286.322509765625 402
403 286.3335571289062 403
404 286.3446655273438 404
405 286.3558654785156 405
406 286.3671569824219 406
407 286.3785095214844 407
408 286.3899230957031 408
409 286.4014282226562 409
410 286.4129943847656 410
411 286.4245910644531 411
412 286.436279296875 412
413 286.4480285644531 413
414 286.4598388671875 414
415 286.4716796875 415
416 286.4836120605469 416
417 286.49560546875 417
418 286.5076293945312 418
419 286.5196838378906 419
420 286.5317993164062 420
421 286.5439758300781 421
422 286.5561828613281 422
423 286.5684814453125 423
424 286.5807495117188 424
425 286.5930786132812 425
426 286.60546875 426
427 286.6178894042969 427
428 286.6303405761719 428
429 286.642822265625 429
430 286.6553039550781 430
431 286.6678466796875 431
432 286.680419921875 432
433 286.6929931640625 433
434 286.7055969238281 434
435 286.7182006835938 435
436 286.7308654785156 436
437 286.7435302734375 437
438 286.7562255859375 438
439 286.7689208984375 439
440 286.7816162109375 440
441 286.7943115234375 441
442 286.8070678710938 442
443 286.8197631835938 443
444 286.8324890136719 444
445 286.8452453613281 445
446 286.8579711914062 446
447 286.8707275390625 447
448 286.8834533691406 448
449 286.8961791992188 449
450 286.908935546875 450
451 286.921630859375 451
452 286.934326171875 452
453 286.9470520019531 453
454 286.959716796875 454
455 286.972412109375 455
456 286.9850769042969 456
457 286.9977416992188 457
458 287.0103759765625 458
459 287.02294921875 459
460 287.0355529785156 460
461 287.0481262207031 461
462 287.0606689453125 462
463 287.0732116699219 463
464 287.085693359375 464
465 287.09814453125 465
466 287.110595703125 466
467 287.1230163574219 467
468 287.1353759765625 468
469 287.1477355957031 469
470 287.1600341796875 470
471 287.1723022460938 471
472 287.1845397949219 472
473 287.1967468261719 473
474 287.2089233398438 474
475 287.2210083007812 475
476 287.2331237792969 476
477 287.2451477050781 477
478 287.2571411132812 478
479 287.2691040039062 479
480 287.2809753417969 480
481 287.2928161621094 481
482 287.3046264648438 482
483 287.31640625 483
484 287.3280944824219 484
485 287.3397521972656 485
486 287.3513488769531 486
487 287.3628845214844 487
488 287.3743591308594 488
489 287.3858032226562 489
490 287.3971557617188 490
491 287.4084777832031 491
492 287.4197692871094 492
493 287.4309692382812 493
494 287.4420776367188 494
495 287.4531555175781 495
496 287.4641723632812 496
497 287.4751281738281 497
498 287.4860229492188 498
499 287.496826171875 499
500 287.507568359375 500
501 287.5182495117188 501
502 287.5288696289062 502
503 287.5394287109375 503
504 287.5499267578125 504
505 287.560302734375 505
506 287.5706481933594 506
507 287.5809020996094 507
508 287.5911254882812 508
509 287.6012268066406 509
510 287.6112670898438 510
511 287.6212158203125 511
512 287.631103515625 512
513 287.6409301757812 513
514 287.6506652832031 514
515 287.6603393554688 515
516 287.669921875 516
517 287.6794128417969 517
518 287.6888427734375 518
519 287.6981811523438 519
520 287.7074279785156 520
521 287.7166137695312 521
522 287.7257080078125 522
523 287.7347106933594 523
524 287.74365234375 524
525 287.7525024414062 525
526 287.7612609863281 526
527 287.7699279785156 527
528 287.7785034179688 528
529 287.7869873046875 529
530 287.79541015625 530
531 287.8037719726562 531
532 287.8119812011719 532
533 287.8201599121094 533
534 287.8282165527344 534
535 287.836181640625 535
536 287.8440551757812 536
537 287.8518371582031 537
538 287.8595581054688 538
539 287.8671264648438 539
540 287.8746643066406 540
541 287.882080078125 541
542 287.8894348144531 542
543 287.8966674804688 543
544 287.90380859375 544
545 287.9108581542969 545
546 287.9177856445312 546
547 287.9246520996094 547
548 287.9314270019531 548
549 287.9380798339844 549
550 287.9446716308594 550
551 287.9511413574219 551
552 287.95751953125 552
553 287.9638061523438 553
554 287.969970703125 554
555 287.97607421875 555
556 287.9820556640625 556
557 287.9879150390625 557
558 287.9937438964844 558
559 287.9994201660156 559
560 288.0050048828125 560
561 288.010498046875 561
562 288.0158996582031 562
563 288.0212097167969 563
564 288.0263977050781 564
565 288.031494140625 565
566 288.0364685058594 566
567 288.0413818359375 567
568 288.0461730957031 568
569 288.0508728027344 569
570 288.0554504394531 570
571 288.0599365234375 571
572 288.0643615722656 572
573 288.0686645507812 573
574 288.0728759765625 574
575 288.0769958496094 575
576 288.0809936523438 576
577 288.0849304199219 577
578 288.0887756347656 578
579 288.0924987792969 579
580 288.0961608886719 580
581 288.0997314453125 581
582 288.1032104492188 582
583 288.1065979003906 583
584 288.1099243164062 584
585 288.1131591796875 585
586 288.1163330078125 586
587 288.1194152832031 587
588 288.1224365234375 588
589 288.1253967285156 589
590 288.1282958984375 590
591 288.1311340332031 591
592 288.1339111328125 592
593 288.1366577148438 593
594 288.1393432617188 594
595 288.1419677734375 595
596 288.1445922851562 596
597 288.1471557617188 597
598 288.149658203125 598
599 288.1521911621094 599
600 288.1546630859375 600
601 288.1571350097656 601
602 288.1595764160156 602
603 288.1620483398438 603
604 288.1644592285156 604
605 288.1669311523438 605
606 288.1693725585938 606
607 288.1718444824219 607
608 288.17431640625 608
609 288.1768188476562 609
610 288.1793212890625 610
611 288.181884765625 611
612 288.1844482421875 612
613 288.1870727539062 613
614 288.1897583007812 614
615 288.1924438476562 615
616 288.1951904296875 616
617 288.1980285644531 617
618 288.2008972167969 618
619 288.2038269042969 619
620 288.2068176269531 620
621 288.2098999023438 621
622 288.2130126953125 622
623 288.2162170410156 623
624 288.2195129394531 624
625 288.2228698730469 625
626 288.226318359375 626
627 288.2298583984375 627
628 288.2334899902344 628
629 288.2372131347656 629
630 288.2410278320312 630
631 288.2449340820312 631
632 288.2489318847656 632
633 288.2529907226562 633
634 288.2572021484375 634
635 288.2615051269531 635
636 288.2658996582031 636
637 288.2704162597656 637
638 288.2750244140625 638
639 288.2797241210938 639
640 288.2845764160156 640
641 288.2894897460938 641
642 288.2945556640625 642
643 288.2996520996094 643
644 288.3049011230469 644
645 288.310302734375 645
646 288.3157653808594 646
647 288.3213500976562 647
648 288.3270263671875 648
649 288.3328247070312 649
650 288.3387145996094 650
651 288.3447265625 651
652 288.350830078125 652
653 288.3570556640625 653
654 288.3634033203125 654
655 288.3698120117188 655
656 288.3763732910156 656
657 288.3829956054688 657
658 288.3897705078125 658
659 288.3966064453125 659
660 288.403564453125 660
661 288.4105834960938 661
662 288.417724609375 662
663 288.4249572753906 663
664 288.4322814941406 664
665 288.439697265625 665
666 288.4472351074219 666
667 288.454833984375 667
668 288.4625244140625 668
669 288.4703063964844 669
670 288.4781799316406 670
671 288.4861450195312 671
672 288.4941711425781 672
673 288.5022888183594 673
674 288.510498046875 674
675 288.5187683105469 675
676 288.5271301269531 676
677 288.5355529785156 677
678 288.5440673828125 678
679 288.5526123046875 679
680 288.561279296875 680
681 288.5699768066406 681
682 288.5787353515625 682
683 288.5875854492188 683
684 288.5964965820312 684
685 288.6054382324219 685
686 288.6144714355469 686
687 288.62353515625 687
688 288.6326293945312 688
689 288.641845703125 689
690 288.6510620117188 690
691 288.6603393554688 691
692 288.669677734375 692
693 288.6790161132812 693
694 288.6884460449219 694
695 288.6978759765625 695
696 288.7073974609375 696
697 288.7169189453125 697
698 288.7264709472656 698
699 288.736083984375 699
700 288.7456970214844 700
701 288.75537109375 701
702 288.7650451660156 702
703 288.7747802734375 703
704 288.7844848632812 704
705 288.7942504882812 705
706 288.8040466308594 706
707 288.8138427734375 707
708 288.8236694335938 708
709 288.8335266113281 709
710 288.8433532714844 710
711 288.8532104492188 711
712 288.8630676269531 712
713 288.8729553222656 713
714 288.8828735351562 714
715 288.8927307128906 715
716 288.9026489257812 716
717 288.9125366210938 717
718 288.9224243164062 718
719 288.9323120117188 719
720 288.9421997070312 720
721 288.9520874023438 721
722 288.9619750976562 722
723 288.9718627929688 723
724 288.9817199707031 724
725 288.9915771484375 725
726 289.0014343261719 726
727 289.0112609863281 727
728 289.0210571289062 728
729 289.0308532714844 729
730 289.0406494140625 730
731 289.0504150390625 731
732 289.0601196289062 732
733 289.06982421875 733
734 289.0795288085938 734
735 289.0892028808594 735
736 289.0988159179688 736
737 289.1084594726562 737
738 289.1180114746094 738
739 289.1275634765625 739
740 289.1371154785156 740
741 289.1466064453125 741
742 289.1560363769531 742
743 289.1654663085938 743
744 289.1748046875 744
745 289.1841735839844 745
746 289.1934814453125 746
747 289.2027587890625 747
748 289.2119750976562 748
749 289.2211303710938 749
750 289.2302551269531 750
751 289.2393493652344 751
752 289.2483825683594 752
753 289.2573852539062 753
754 289.2663269042969 754
755 289.2752075195312 755
756 289.2840576171875 756
757 289.2928466796875 757
758 289.3016052246094 758
759 289.3102722167969 759
760 289.3189086914062 760
761 289.3275146484375 761
762 289.3359985351562 762
763 289.344482421875 763
764 289.3528747558594 764
765 289.3612365722656 765
766 289.3695068359375 766
767 289.3777465820312 767
768 289.3858642578125 768
769 289.3939819335938 769
770 289.4020080566406 770
771 289.4099731445312 771
772 289.4179077148438 772
773 289.4257202148438 773
774 289.4334716796875 774
775 289.4411926269531 775
776 289.4488525390625 776
777 289.4563903808594 777
778 289.4638671875 778
779 289.4712829589844 779
780 289.4786376953125 780
781 289.4859008789062 781
782 289.4931030273438 782
783 289.500244140625 783
784 289.50732421875 784
785 289.5142822265625 785
786 289.5211791992188 786
787 289.5280151367188 787
788 289.5347900390625 788
789 289.5414428710938 789
790 289.5480346679688 790
791 289.5545349121094 791
792 289.5609741210938 792
793 289.5673217773438 793
794 289.5736083984375 794
795 289.5798034667969 795
796 289.5858764648438 796
797 289.5919189453125 797
798 289.5978698730469 798
799 289.6036987304688 799
800 289.6094970703125 800
801 289.6151733398438 801
802 289.6207885742188 802
803 289.6262817382812 803
804 289.6317443847656 804
805 289.6370849609375 805
806 289.6423034667969 806
807 289.6474914550781 807
808 289.652587890625 808
809 289.6575622558594 809
810 289.6624755859375 810
811 289.6672668457031 811
812 289.6719970703125 812
813 289.6766357421875 813
814 289.68115234375 814
815 289.6856079101562 815
816 289.6899719238281 816
817 289.6942138671875 817
818 289.6983947753906 818
819 289.7024841308594 819
820 289.7064819335938 820
821 289.7103271484375 821
822 289.7141418457031 822
823 289.7178649902344 823
824 289.721435546875 824
825 289.7249755859375 825
826 289.7283935546875 826
827 289.731689453125 827
828 289.7349243164062 828
829 289.738037109375 829
830 289.7410888671875 830
831 289.7440185546875 831
832 289.7468566894531 832
833 289.7496032714844 833
834 289.7522583007812 834
835 289.7547912597656 835
836 289.7572631835938 836
837 289.7596130371094 837
838 289.7618713378906 838
839 289.7640380859375 839
840 289.76611328125 840
841 289.76806640625 841
842 289.7699584960938 842
843 289.771728515625 843
844 289.7734375 844
845 289.7750244140625 845
846 289.7765502929688 846
847 289.7779541015625 847
848 289.779296875 848
849 289.7805786132812 849
850 289.78173828125 850
851 289.7828369140625 851
852 289.7838134765625 852
853 289.7847595214844 853
854 289.7855834960938 854
855 289.786376953125 855
856 289.787109375 856
857 289.7877502441406 857
858 289.788330078125 858
859 289.7888488769531 859
860 289.789306640625 860
861 289.7897338867188 861
862 289.7901000976562 862
863 289.7904357910156 863
864 289.7907104492188 864
865 289.7909545898438 865
866 289.7911987304688 866
867 289.7913513183594 867
868 289.7915344238281 868
869 289.7916870117188 869
870 289.7918090820312 870
871 289.7919311523438 871
872 289.7920532226562 872
873 289.7921752929688 873
874 289.7922973632812 874
875 289.7924194335938 875
876 289.7925720214844 876
877 289.792724609375 877
878 289.7929077148438 878
879 289.7931213378906 879
880 289.7933959960938 880
881 289.7936706542969 881
882 289.7940063476562 882
883 289.7943725585938 883
884 289.7947998046875 884
885 289.7952880859375 885
886 289.7958068847656 886
887 289.79638671875 887
888 289.7970886230469 888
889 289.7977905273438 889
890 289.798583984375 890
891 289.7994995117188 891
892 289.8004150390625 892
893 289.8014526367188 893
894 289.8025817871094 894
895 289.8037719726562 895
896 289.8051147460938 896
897 289.8064880371094 897
898 289.8079833984375 898
899 289.8095397949219 899
900 289.8112182617188 900
901 289.81298828125 901
902 289.8148803710938 902
903 289.81689453125 903
904 289.8189697265625 904
905 289.8211669921875 905
906 289.823486328125 906
907 289.8258666992188 907
908 289.8283996582031 908
909 289.8310546875 909
910 289.8338012695312 910
911 289.8366394042969 911
912 289.8396301269531 912
913 289.8427124023438 913
914 289.8458862304688 914
915 289.8491821289062 915
916 289.8526306152344 916
917 289.8561401367188 917
918 289.8598022460938 918
919 289.8635559082031 919
920 289.8674011230469 920
921 289.8713989257812 921
922 289.8754577636719 922
923 289.8796691894531 923
924 289.8839721679688 924
925 289.8883972167969 925
926 289.8929138183594 926
927 289.8975219726562 927
928 289.9022827148438 928
929 289.9071044921875 929
930 289.9120178222656 930
931 289.9170837402344 931
932 289.9222106933594 932
933 289.9274597167969 933
934 289.9327697753906 934
935 289.938232421875 935
936 289.9437561035156 936
937 289.9493713378906 937
938 289.955078125 938
939 289.9608459472656 939
940 289.9667358398438 940
941 289.9727478027344 941
942 289.9787902832031 942
943 289.9849243164062 943
944 289.9911499023438 944
945 289.9974670410156 945
946 290.0038452148438 946
947 290.0103149414062 947
948 290.016845703125 948
949 290.0234375 949
950 290.0301208496094 950
951 290.036865234375 951
952 290.043701171875 952
953 290.0505676269531 953
954 290.0574951171875 954
955 290.0645141601562 955
956 290.0715637207031 956
957 290.0786743164062 957
958 290.0858764648438 958
959 290.0930786132812 959
960 290.1003723144531 960
961 290.1077270507812 961
962 290.1150817871094 962
963 290.1224975585938 963
964 290.1299743652344 964
965 290.1375122070312 965
966 290.1450500488281 966
967 290.1526489257812 967
968 290.1602783203125 968
969 290.1679382324219 969
970 290.1756286621094 970
971 290.183349609375 971
972 290.1911315917969 972
973 290.1989135742188 973
974 290.2067260742188 974
975 290.2145690917969 975
976 290.222412109375 976
977 290.2303161621094 977
978 290.2382202148438 978
979 290.2461242675781 979
980 290.2540588378906 980
981 290.2619934082031 981
982 290.2699279785156 982
983 290.2779235839844 983
984 290.285888671875 984
985 290.2938537597656 985
986 290.3018493652344 986
987 290.3098754882812 987
988 290.3178405761719 988
989 290.3258056640625 989
990 290.3338012695312 990
991 290.341796875 991
992 290.3497924804688 992
993 290.3577575683594 993
994 290.36572265625 994
995 290.3736877441406 995
996 290.3816528320312 996
997 290.3895568847656 997
998 290.3974914550781 998
999 290.4053955078125 999
1000 290.4132690429688 1000
1001 290.4211730957031 1001
1002 290.4290161132812 1002
1003 290.4368286132812 1003
1004 290.4446411132812 1004
1005 290.4524536132812 1005
1006 290.460205078125 1006
1007 290.4679260253906 1007
1008 290.4756164550781 1008
1009 290.4833068847656 1009
1010 290.4909362792969 1010
1011 290.4985656738281 1011
1012 290.5061340332031 1012
1013 290.513671875 1013
1014 290.5211791992188 1014
1015 290.5286865234375 1015
1016 290.5361022949219 1016
1017 290.5435180664062 1017
1018 290.5508422851562 1018
1019 290.5581665039062 1019
1020 290.5654602050781 1020
1021 290.5726928710938 1021
1022 290.5798645019531 1022
1023 290.5870056152344 1023
1024 290.5940856933594 1024
1025 290.6011352539062 1025
1026 290.6081237792969 1026
1027 290.6150817871094 1027
1028 290.6219787597656 1028
1029 290.6288452148438 1029
1030 290.6356201171875 1030
1031 290.642333984375 1031
1032 290.6490173339844 1032
1033 290.6556396484375 1033
1034 290.6622314453125 1034
1035 290.6687316894531 1035
1036 290.6751708984375 1036
1037 290.6815795898438 1037
1038 290.6878967285156 1038
1039 290.6941833496094 1039
1040 290.7003784179688 1040
1041 290.70654296875 1041
1042 290.7126159667969 1042
1043 290.7186279296875 1043
1044 290.7245788574219 1044
1045 290.73046875 1045
1046 290.7362670898438 1046
1047 290.7420043945312 1047
1048 290.7476806640625 1048
1049 290.7532958984375 1049
1050 290.7588195800781 1050
1051 290.7643127441406 1051
1052 290.7697143554688 1052
1053 290.7750244140625 1053
1054 290.7802734375 1054
1055 290.7854614257812 1055
1056 290.7905578613281 1056
1057 290.7955932617188 1057
1058 290.800537109375 1058
1059 290.805419921875 1059
1060 290.8102416992188 1060
1061 290.81494140625 1061
1062 290.819580078125 1062
1063 290.8241577148438 1063
1064 290.8286437988281 1064
1065 290.8330383300781 1065
1066 290.8373718261719 1066
1067 290.8416137695312 1067
1068 290.8457641601562 1068
1069 290.849853515625 1069
1070 290.8538513183594 1070
1071 290.8577575683594 1071
1072 290.8616027832031 1072
1073 290.8653259277344 1073
1074 290.8690185546875 1074
1075 290.87255859375 1075
1076 290.8760986328125 1076
1077 290.8794860839844 1077
1078 290.8828125 1078
1079 290.8860473632812 1079
1080 290.8891906738281 1080
1081 290.8922424316406 1081
1082 290.8952026367188 1082
1083 290.8980712890625 1083
1084 290.90087890625 1084
1085 290.903564453125 1085
1086 290.9061889648438 1086
1087 290.90869140625 1087
1088 290.9111328125 1088
1089 290.9134521484375 1089
1090 290.9157104492188 1090
1091 290.9178466796875 1091
1092 290.919921875 1092
1093 290.921875 1093
1094 290.9237670898438 1094
1095 290.925537109375 1095
1096 290.92724609375 1096
1097 290.9288330078125 1097
1098 290.9303283691406 1098
1099 290.9317626953125 1099
1100 290.9330444335938 1100
1101 290.9342651367188 1101
1102 290.9353942871094 1102
1103 290.9364013671875 1103
1104 290.9373779296875 1104
1105 290.9382019042969 1105
1106 290.9389343261719 1106
1107 290.9396057128906 1107
1108 290.9401550292969 1108
1109 290.9406127929688 1109
1110 290.9410095214844 1110
1111 290.9412841796875 1111
1112 290.9414672851562 1112
1113 290.9415588378906 1113
1114 290.9415588378906 1114
1115 290.9414978027344 1115
1116 290.9413452148438 1116
1117 290.9410705566406 1117
1118 290.9407348632812 1118
1119 290.9403381347656 1119
1120 290.9398193359375 1120
1121 290.9392395019531 1121
1122 290.9386291503906 1122
1123 290.9378967285156 1123
1124 290.9371032714844 1124
1125 290.9362487792969 1125
1126 290.9353332519531 1126
1127 290.9343566894531 1127
1128 290.9333190917969 1128
1129 290.9322204589844 1129
1130 290.9310913085938 1130
1131 290.9299011230469 1131
1132 290.9286499023438 1132
1133 290.9273986816406 1133
1134 290.9260864257812 1134
1135 290.9247436523438 1135
1136 290.9234008789062 1136
1137 290.9220275878906 1137
1138 290.920654296875 1138
1139 290.9192199707031 1139
1140 290.9178161621094 1140
1141 290.9163818359375 1141
1142 290.9149780273438 1142
1143 290.91357421875 1143
1144 290.9122009277344 1144
1145 290.9107971191406 1145
1146 290.909423828125 1146
1147 290.9081115722656 1147
1148 290.9067993164062 1148
1149 290.905517578125 1149
1150 290.904296875 1150
1151 290.9031372070312 1151
1152 290.9020080566406 1152
1153 290.9009094238281 1153
1154 290.89990234375 1154
1155 290.89892578125 1155
1156 290.8980102539062 1156
1157 290.8971862792969 1157
1158 290.8964233398438 1158
1159 290.895751953125 1159
1160 290.8951110839844 1160
1161 290.8945922851562 1161
1162 290.8941650390625 1162
1163 290.893798828125 1163
1164 290.8935241699219 1164
1165 290.8933715820312 1165
1166 290.8932495117188 1166
1167 290.8932800292969 1167
1168 290.8934020996094 1168
1169 290.8936157226562 1169
1170 290.8939208984375 1170
1171 290.8943481445312 1171
1172 290.8948669433594 1172
1173 290.8955078125 1173
1174 290.896240234375 1174
1175 290.8970947265625 1175
1176 290.8980712890625 1176
1177 290.899169921875 1177
1178 290.9003601074219 1178
1179 290.9016723632812 1179
1180 290.903076171875 1180
1181 290.9046020507812 1181
1182 290.9062805175781 1182
1183 290.9080200195312 1183
1184 290.909912109375 1184
1185 290.9119262695312 1185
1186 290.9140014648438 1186
1187 290.916259765625 1187
1188 290.9185791015625 1188
1189 290.9210205078125 1189
1190 290.9236145019531 1190
1191 290.92626953125 1191
1192 290.9290771484375 1192
1193 290.9319763183594 1193
1194 290.9349670410156 1194
1195 290.9381103515625 1195
1196 290.9413146972656 1196
1197 290.9446716308594 1197
1198 290.9480895996094 1198
1199 290.95166015625 1199
1200 290.955322265625 1200
1201 290.9590759277344 1201
1202 290.9629211425781 1202
1203 290.9668579101562 1203
1204 290.970947265625 1204
1205 290.97509765625 1205
1206 290.9793090820312 1206
1207 290.9836730957031 1207
1208 290.9880981445312 1208
1209 290.9926147460938 1209
1210 290.9972229003906 1210
1211 291.0019226074219 1211
1212 291.0067138671875 1212
1213 291.0115966796875 1213
1214 291.0165405273438 1214
1215 291.0215759277344 1215
1216 291.0266723632812 1216
1217 291.0318603515625 1217
1218 291.037109375 1218
1219 291.04248046875 1219
1220 291.0478820800781 1220
1221 291.0533447265625 1221
1222 291.0588989257812 1222
1223 291.0645141601562 1223
1224 291.0701904296875 1224
1225 291.075927734375 1225
1226 291.0817260742188 1226
1227 291.0875549316406 1227
1228 291.0934448242188 1228
1229 291.0994262695312 1229
1230 291.1054382324219 1230
1231 291.1115112304688 1231
1232 291.1176452636719 1232
1233 291.123779296875 1233
1234 291.1300048828125 1234
1235 291.13623046875 1235
1236 291.1425170898438 1236
1237 291.1488647460938 1237
1238 291.1552124023438 1238
1239 291.16162109375 1239
1240 291.1680603027344 1240
1241 291.1744995117188 1241
1242 291.1809997558594 1242
1243 291.1875610351562 1243
1244 291.194091796875 1244
1245 291.20068359375 1245
1246 291.207275390625 1246
1247 291.2138977050781 1247
1248 291.2204895019531 1248
1249 291.2271728515625 1249
1250 291.2338256835938 1250
1251 291.2405395507812 1251
1252 291.2471923828125 1252
1253 291.25390625 1253
1254 291.2606201171875 1254
1255 291.267333984375 1255
1256 291.2740478515625 1256
1257 291.2808227539062 1257
1258 291.2875366210938 1258
1259 291.2942810058594 1259
1260 291.3009948730469 1260
1261 291.3077392578125 1261
1262 291.314453125 1262
1263 291.3211669921875 1263
1264 291.327880859375 1264
1265 291.3345947265625 1265
1266 291.3412475585938 1266
1267 291.3479309082031 1267
1268 291.3546142578125 1268
1269 291.3612670898438 1269
1270 291.367919921875 1270
1271 291.37451171875 1271
1272 291.381103515625 1272
1273 291.3876953125 1273
1274 291.3942260742188 1274
1275 291.4007568359375 1275
1276 291.4072875976562 1276
1277 291.4137573242188 1277
1278 291.4202270507812 1278
1279 291.4266357421875 1279
1280 291.4330139160156 1280
1281 291.4393920898438 1281
1282 291.4457092285156 1282
1283 291.4520263671875 1283
1284 291.4582824707031 1284
1285 291.4645080566406 1285
1286 291.470703125 1286
1287 291.4768371582031 1287
1288 291.4829406738281 1288
1289 291.489013671875 1289
1290 291.4950561523438 1290
1291 291.5010375976562 1291
1292 291.5069580078125 1292
1293 291.5128784179688 1293
1294 291.5187377929688 1294
1295 291.5245361328125 1295
1296 291.5302734375 1296
1297 291.5359802246094 1297
1298 291.5416259765625 1298
1299 291.5472106933594 1299
1300 291.5527648925781 1300
1301 291.5582885742188 1301
1302 291.563720703125 1302
1303 291.569091796875 1303
1304 291.5744323730469 1304
1305 291.5797119140625 1305
1306 291.5848999023438 1306
1307 291.590087890625 1307
1308 291.5951538085938 1308
1309 291.6002197265625 1309
1310 291.6051940917969 1310
1311 291.610107421875 1311
1312 291.6149597167969 1312
1313 291.6197204589844 1313
1314 291.6244506835938 1314
1315 291.6290893554688 1315
1316 291.6336975097656 1316
1317 291.6382141113281 1317
1318 291.6426696777344 1318
1319 291.6470642089844 1319
1320 291.6513671875 1320
1321 291.6556396484375 1321
1322 291.6597900390625 1322
1323 291.6639099121094 1323
1324 291.6679077148438 1324
1325 291.671875 1325
1326 291.6757507324219 1326
1327 291.6795959472656 1327
1328 291.6832885742188 1328
1329 291.6869812011719 1329
1330 291.6905517578125 1330
1331 291.6940612792969 1331
1332 291.6974792480469 1332
1333 291.7008666992188 1333
1334 291.7041015625 1334
1335 291.7073364257812 1335
1336 291.71044921875 1336
1337 291.7134704589844 1337
1338 291.7164306640625 1338
1339 291.7192993164062 1339
1340 291.7220764160156 1340
1341 291.7247924804688 1341
1342 291.7274169921875 1342
1343 291.72998046875 1343
1344 291.732421875 1344
1345 291.7348022460938 1345
1346 291.7371215820312 1346
1347 291.7393188476562 1347
1348 291.7414245605469 1348
1349 291.7434692382812 1349
1350 291.7454223632812 1350
1351 291.7472839355469 1351
1352 291.7490234375 1352
1353 291.750732421875 1353
1354 291.7523193359375 1354
1355 291.7538452148438 1355
1356 291.7552490234375 1356
1357 291.756591796875 1357
1358 291.7578125 1358
1359 291.7589721679688 1359
1360 291.7600402832031 1360
1361 291.760986328125 1361
1362 291.7618713378906 1362
1363 291.7626647949219 1363
1364 291.7633666992188 1364
1365 291.7639770507812 1365
1366 291.7644653320312 1366
1367 291.764892578125 1367
1368 291.7651977539062 1368
1369 291.7654418945312 1369
1370 291.7655944824219 1370
1371 291.765625 1371
1372 291.7655944824219 1372
1373 291.7654418945312 1373
1374 291.7651977539062 1374
1375 291.764892578125 1375
1376 291.7644653320312 1376
1377 291.7639465332031 1377
1378 291.7633666992188 1378
1379 291.7626647949219 1379
1380 291.7618713378906 1380
1381 291.760986328125 1381
1382 291.760009765625 1382
1383 291.7589721679688 1383
1384 291.7578125 1384
1385 291.7566223144531 1385
1386 291.7553100585938 1386
1387 291.75390625 1387
1388 291.7524719238281 1388
1389 291.7509155273438 1389
1390 291.7492980957031 1390
1391 291.7475891113281 1391
1392 291.7458190917969 1392
1393 291.7439880371094 1393
1394 291.7420654296875 1394
1395 291.7401123046875 1395
1396 291.7380981445312 1396
1397 291.7360229492188 1397
1398 291.73388671875 1398
1399 291.731689453125 1399
1400 291.7294921875 1400
1401 291.7272338867188 1401
1402 291.7249145507812 1402
1403 291.7225952148438 1403
1404 291.72021484375 1404
1405 291.7178039550781 1405
1406 291.7154235839844 1406
1407 291.7129821777344 1407
1408 291.7105712890625 1408
1409 291.7081298828125 1409
1410 291.7056884765625 1410
1411 291.7032470703125 1411
1412 291.7008056640625 1412
1413 291.6983947753906 1413
1414 291.6960144042969 1414
1415 291.6936645507812 1415
1416 291.6913146972656 1416
1417 291.6890258789062 1417
1418 291.6867065429688 1418
1419 291.6844787597656 1419
1420 291.6823120117188 1420
1421 291.68017578125 1421
1422 291.6780700683594 1422
1423 291.6760559082031 1423
1424 291.674072265625 1424
1425 291.6721801757812 1425
1426 291.6703491210938 1426
1427 291.6685791015625 1427
1428 291.6669006347656 1428
1429 291.665283203125 1429
1430 291.6637878417969 1430
1431 291.662353515625 1431
1432 291.6609802246094 1432
1433 291.6597290039062 1433
1434 291.6585693359375 1434
1435 291.6575012207031 1435
1436 291.6565551757812 1436
1437 291.6556701660156 1437
1438 291.6549072265625 1438
1439 291.6542663574219 1439
1440 291.6537170410156 1440
1441 291.6532592773438 1441
1442 291.6529235839844 1442
1443 291.6527099609375 1443
1444 291.652587890625 1444
1445 291.652587890625 1445
1446 291.6527099609375 1446
1447 291.6529541015625 1447
1448 291.6532897949219 1448
1449 291.6537475585938 1449
1450 291.6543273925781 1450
1451 291.6549987792969 1451
1452 291.6558227539062 1452
1453 291.65673828125 1453
1454 291.6578063964844 1454
1455 291.658935546875 1455
1456 291.6602172851562 1456
1457 291.66162109375 1457
1458 291.6631164550781 1458
1459 291.6647644042969 1459
1460 291.66650390625 1460
1461 291.6683349609375 1461
1462 291.6702880859375 1462
1463 291.67236328125 1463
1464 291.674560546875 1464
1465 291.6768493652344 1465
1466 291.6792602539062 1466
1467 291.6817626953125 1467
1468 291.6843872070312 1468
1469 291.6871032714844 1469
1470 291.68994140625 1470
1471 291.69287109375 1471
1472 291.6958923339844 1472
1473 291.6990356445312 1473
1474 291.7022705078125 1474
1475 291.7055969238281 1475
1476 291.7090148925781 1476
1477 291.7125244140625 1477
1478 291.7161560058594 1478
1479 291.7198486328125 1479
1480 291.7236328125 1480
1481 291.7275085449219 1481
1482 291.7314758300781 1482
1483 291.7355346679688 1483
1484 291.7396240234375 1484
1485 291.7438659667969 1485
1486 291.7481384277344 1486
1487 291.7524719238281 1487
1488 291.7569580078125 1488
1489 291.7614135742188 1489
1490 291.7659912109375 1490
1491 291.7706604003906 1491
1492 291.775390625 1492
1493 291.7801818847656 1493
1494 291.7850036621094 1494
1495 291.7899169921875 1495
1496 291.7948608398438 1496
1497 291.7999267578125 1497
1498 291.8049926757812 1498
1499 291.8101196289062 1499
1500 291.8153076171875 1500
1501 291.8204956054688 1501
1502 291.8258056640625 1502
1503 291.8311157226562 1503
1504 291.8365173339844 1504
1505 291.8419189453125 1505
1506 291.8473815917969 1506
1507 291.8528747558594 1507
1508 291.8583984375 1508
1509 291.8639526367188 1509
1510 291.8695678710938 1510
1511 291.8751831054688 1511
1512 291.880859375 1512
1513 291.8865356445312 1513
1514 291.8922119140625 1514
1515 291.8979797363281 1515
1516 291.9037170410156 1516
1517 291.9095153808594 1517
1518 291.915283203125 1518
1519 291.9211120605469 1519
1520 291.9269409179688 1520
1521 291.9327697753906 1521
1522 291.9386291503906 1522
1523 291.9444885253906 1523
1524 291.9503479003906 1524
1525 291.9562377929688 1525
1526 291.9620971679688 1526
1527 291.9679870605469 1527
1528 291.973876953125 1528
1529 291.9797668457031 1529
1530 291.9856567382812 1530
1531 291.9915161132812 1531
1532 291.9974060058594 1532
1533 292.0032653808594 1533
1534 292.0091552734375 1534
1535 292.0150146484375 1535
1536 292.0208129882812 1536
1537 292.0266723632812 1537
1538 292.032470703125 1538
1539 292.0382690429688 1539
1540 292.0440673828125 1540
1541 292.0498352050781 1541
1542 292.0555725097656 1542
1543 292.0613098144531 1543
1544 292.0670166015625 1544
1545 292.0726928710938 1545
1546 292.0783386230469 1546
1547 292.083984375 1547
1548 292.0895690917969 1548
1549 292.0951538085938 1549
1550 292.1007080078125 1550
1551 292.106201171875 1551
1552 292.1116943359375 1552
1553 292.1171264648438 1553
1554 292.1225280761719 1554
1555 292.1278991699219 1555
1556 292.1332397460938 1556
1557 292.1385498046875 1557
1558 292.143798828125 1558
1559 292.1490173339844 1559
1560 292.1541748046875 1560
1561 292.1593017578125 1561
1562 292.1644287109375 1562
1563 292.16943359375 1563
1564 292.1744384765625 1564
1565 292.1794128417969 1565
1566 292.1842956542969 1566
1567 292.1891479492188 1567
1568 292.1939697265625 1568
1569 292.1986999511719 1569
1570 292.2033996582031 1570
1571 292.2080688476562 1571
1572 292.212646484375 1572
1573 292.2171936035156 1573
1574 292.2216491699219 1574
1575 292.22607421875 1575
1576 292.23046875 1576
1577 292.2347717285156 1577
1578 292.2389831542969 1578
1579 292.2431640625 1579
1580 292.247314453125 1580
1581 292.2513732910156 1581
1582 292.25537109375 1582
1583 292.2593078613281 1583
1584 292.26318359375 1584
1585 292.2669982910156 1585
1586 292.2707214355469 1586
1587 292.2744140625 1587
1588 292.2780151367188 1588
1589 292.2815551757812 1589
1590 292.2850341796875 1590
1591 292.2884216308594 1591
1592 292.291748046875 1592
1593 292.2949829101562 1593
1594 292.2981872558594 1594
1595 292.30126953125 1595
1596 292.3043212890625 1596
1597 292.3073120117188 1597
1598 292.3101806640625 1598
1599 292.31298828125 1599
1600 292.3157348632812 1600
1601 292.3184204101562 1601
1602 292.3209838867188 1602
1603 292.3235168457031 1603
1604 292.325927734375 1604
1605 292.3283081054688 1605
1606 292.33056640625 1606
1607 292.332763671875 1607
1608 292.3348693847656 1608
1609 292.3369140625 1609
1610 292.3388671875 1610
1611 292.3407287597656 1611
1612 292.342529296875 1612
1613 292.34423828125 1613
1614 292.3458251953125 1614
1615 292.3473815917969 1615
1616 292.3488159179688 1616
1617 292.3502197265625 1617
1618 292.3515014648438 1618
1619 292.3526916503906 1619
1620 292.3538208007812 1620
1621 292.3548278808594 1621
1622 292.3557739257812 1622
1623 292.3566284179688 1623
1624 292.3573913574219 1624
1625 292.3580627441406 1625
1626 292.3586730957031 1626
1627 292.3591613769531 1627
1628 292.3595581054688 1628
1629 292.3598937988281 1629
1630 292.360107421875 1630
1631 292.3602600097656 1631
1632 292.3603210449219 1632
1633 292.3602600097656 1633
1634 292.3601379394531 1634
1635 292.3599243164062 1635
1636 292.359619140625 1636
1637 292.3591918945312 1637
1638 292.3587036132812 1638
1639 292.3580932617188 1639
1640 292.357421875 1640
1641 292.3566284179688 1641
1642 292.3557739257812 1642
1643 292.3547973632812 1643
1644 292.353759765625 1644
1645 292.3526306152344 1645
1646 292.3514099121094 1646
1647 292.3500671386719 1647
1648 292.3486328125 1648
1649 292.34716796875 1649
1650 292.3455200195312 1650
1651 292.3438720703125 1651
1652 292.3421020507812 1652
1653 292.3402404785156 1653
1654 292.3382873535156 1654
1655 292.3362731933594 1655
1656 292.3341674804688 1656
1657 292.3320007324219 1657
1658 292.3297424316406 1658
1659 292.327392578125 1659
1660 292.3249816894531 1660
1661 292.322509765625 1661
1662 292.3199768066406 1662
1663 292.3173522949219 1663
1664 292.314697265625 1664
1665 292.3119506835938 1665
1666 292.3091430664062 1666
1667 292.3063354492188 1667
1668 292.303466796875 1668
1669 292.300537109375 1669
1670 292.2975463867188 1670
1671 292.2945556640625 1671
1672 292.2915344238281 1672
1673 292.2884521484375 1673
1674 292.2853698730469 1674
1675 292.2822570800781 1675
1676 292.2791442871094 1676
1677 292.2760314941406 1677
1678 292.2728881835938 1678
1679 292.2697448730469 1679
1680 292.2666320800781 1680
1681 292.2635498046875 1681
1682 292.2604064941406 1682
1683 292.2573547363281 1683
1684 292.2542724609375 1684
1685 292.2512512207031 1685
1686 292.2482604980469 1686
1687 292.2453002929688 1687
1688 292.2423706054688 1688
1689 292.239501953125 1689
1690 292.2366943359375 1690
1691 292.23388671875 1691
1692 292.231201171875 1692
1693 292.2285461425781 1693
1694 292.2259826660156 1694
1695 292.2234497070312 1695
1696 292.2210388183594 1696
1697 292.2186889648438 1697
1698 292.2164306640625 1698
1699 292.2142028808594 1699
1700 292.2120971679688 1700
1701 292.2100830078125 1701
1702 292.2081604003906 1702
1703 292.2063293457031 1703
1704 292.2046203613281 1704
1705 292.2029724121094 1705
1706 292.201416015625 1706
1707 292.2000122070312 1707
1708 292.1986694335938 1708
1709 292.1974792480469 1709
1710 292.1963806152344 1710
1711 292.1953735351562 1711
1712 292.1944885253906 1712
1713 292.1937255859375 1713
1714 292.1930541992188 1714
1715 292.1925354003906 1715
1716 292.1920776367188 1716
1717 292.1917724609375 1717
1718 292.1915893554688 1718
1719 292.1915283203125 1719
1720 292.1915588378906 1720
1721 292.1917114257812 1721
1722 292.1919860839844 1722
1723 292.1923828125 1723
1724 292.1929016113281 1724
1725 292.1935424804688 1725
1726 292.1942749023438 1726
1727 292.1951599121094 1727
1728 292.1961059570312 1728
1729 292.1972045898438 1729
1730 292.1984252929688 1730
1731 292.1997680664062 1731
1732 292.201171875 1732
1733 292.2027282714844 1733
1734 292.2044067382812 1734
1735 292.2061462402344 1735
1736 292.2080383300781 1736
1737 292.2100219726562 1737
1738 292.2120971679688 1738
1739 292.2142944335938 1739
1740 292.2166137695312 1740
1741 292.2190246582031 1741
1742 292.2214965820312 1742
1743 292.22412109375 1743
1744 292.226806640625 1744
1745 292.2296142578125 1745
1746 292.2324829101562 1746
1747 292.2354736328125 1747
1748 292.2385559082031 1748
1749 292.2417297363281 1749
1750 292.2449951171875 1750
1751 292.2483215332031 1751
1752 292.2517700195312 1752
1753 292.2552490234375 1753
1754 292.2588500976562 1754
1755 292.2625122070312 1755
1756 292.2662658691406 1756
1757 292.2700805664062 1757
1758 292.2739868164062 1758
1759 292.2779235839844 1759
1760 292.281982421875 1760
1761 292.2861022949219 1761
1762 292.2902526855469 1762
1763 292.2944641113281 1763
1764 292.2987976074219 1764
1765 292.3031311035156 1765
1766 292.3075561523438 1766
1767 292.3120422363281 1767
1768 292.3165283203125 1768
1769 292.3211059570312 1769
1770 292.3257446289062 1770
1771 292.3304443359375 1771
1772 292.3351440429688 1772
1773 292.3399353027344 1773
1774 292.3447570800781 1774
1775 292.349609375 1775
1776 292.3544921875 1776
1777 292.3594055175781 1777
1778 292.3643798828125 1778
1779 292.369384765625 1779
1780 292.3744201660156 1780
1781 292.3794860839844 1781
1782 292.3845825195312 1782
1783 292.3897094726562 1783
1784 292.3948364257812 1784
1785 292.3999938964844 1785
1786 292.4051818847656 1786
1787 292.410400390625 1787
1788 292.4156188964844 1788
1789 292.4208374023438 1789
1790 292.4261169433594 1790
1791 292.4313659667969 1791
1792 292.4366455078125 1792
1793 292.4419250488281 1793
1794 292.4472351074219 1794
1795 292.4525146484375 1795
1796 292.4578247070312 1796
1797 292.463134765625 1797
1798 292.4684448242188 1798
1799 292.4737243652344 1799
1800 292.4790649414062 1800
1801 292.4843444824219 1801
1802 292.4896240234375 1802
1803 292.4949340820312 1803
1804 292.5001831054688 1804
1805 292.5054626464844 1805
1806 292.5107116699219 1806
1807 292.5159606933594 1807
1808 292.5211791992188 1808
1809 292.5263977050781 1809
1810 292.5315856933594 1810
1811 292.5367736816406 1811
1812 292.5419311523438 1812
1813 292.5470581054688 1813
1814 292.5521545410156 1814
1815 292.5572509765625 1815
1816 292.5623168945312 1816
1817 292.5673522949219 1817
1818 292.5723571777344 1818
1819 292.5773315429688 1819
1820 292.582275390625 1820
1821 292.5872192382812 1821
1822 292.5921020507812 1822
1823 292.5969543457031 1823
1824 292.6017456054688 1824
1825 292.6065368652344 1825
1826 292.6112670898438 1826
1827 292.615966796875 1827
1828 292.62060546875 1828
1829 292.625244140625 1829
1830 292.6298217773438 1830
1831 292.6343688964844 1831
1832 292.6388549804688 1832
1833 292.643310546875 1833
1834 292.647705078125 1834
1835 292.6520385742188 1835
1836 292.6563415527344 1836
1837 292.6605834960938 1837
1838 292.664794921875 1838
1839 292.6689453125 1839
1840 292.6730346679688 1840
1841 292.6770629882812 1841
1842 292.6810607910156 1842
1843 292.6849975585938 1843
1844 292.6888427734375 1844
1845 292.6926879882812 1845
1846 292.6964416503906 1846
1847 292.7001647949219 1847
1848 292.7037963867188 1848
1849 292.7073669433594 1849
1850 292.7109069824219 1850
1851 292.71435546875 1851
1852 292.7177429199219 1852
1853 292.7210693359375 1853
1854 292.724365234375 1854
1855 292.7275390625 1855
1856 292.7306823730469 1856
1857 292.7337341308594 1857
1858 292.7367553710938 1858
1859 292.7396850585938 1859
1860 292.7425537109375 1860
1861 292.7453308105469 1861
1862 292.748046875 1862
1863 292.7507019042969 1863
1864 292.7532958984375 1864
1865 292.7557983398438 1865
1866 292.7582397460938 1866
1867 292.7605895996094 1867
1868 292.7628784179688 1868
1869 292.7650756835938 1869
1870 292.7672119140625 1870
1871 292.769287109375 1871
1872 292.7712707519531 1872
1873 292.7731628417969 1873
1874 292.7749938964844 1874
1875 292.7767639160156 1875
1876 292.7784118652344 1876
1877 292.7799987792969 1877
1878 292.7815246582031 1878
1879 292.782958984375 1879
1880 292.7843017578125 1880
1881 292.7855529785156 1881
1882 292.7867431640625 1882
1883 292.787841796875 1883
1884 292.7888793945312 1884
1885 292.7898254394531 1885
1886 292.7906494140625 1886
1887 292.7914428710938 1887
1888 292.7921142578125 1888
1889 292.7926940917969 1889
1890 292.793212890625 1890
1891 292.7936401367188 1891
1892 292.7939758300781 1892
1893 292.7942199707031 1893
1894 292.7943725585938 1894
1895 292.7944641113281 1895
1896 292.79443359375 1896
1897 292.7943420410156 1897
1898 292.7941284179688 1898
1899 292.7938842773438 1899
1900 292.7935180664062 1900
1901 292.7930297851562 1901
1902 292.7925109863281 1902
1903 292.7918701171875 1903
1904 292.7911376953125 1904
1905 292.7903137207031 1905
1906 292.7893981933594 1906
1907 292.7883911132812 1907
1908 292.7872924804688 1908
1909 292.7861328125 1909
1910 292.7848510742188 1910
1911 292.783447265625 1911
1912 292.7820129394531 1912
1913 292.7804565429688 1913
1914 292.77880859375 1914
1915 292.7770690917969 1915
1916 292.7752380371094 1916
1917 292.7733459472656 1917
1918 292.7713317871094 1918
1919 292.7692260742188 1919
1920 292.7670288085938 1920
1921 292.7648010253906 1921
1922 292.762451171875 1922
1923 292.760009765625 1923
1924 292.7574768066406 1924
1925 292.7548828125 1925
1926 292.752197265625 1926
1927 292.7494506835938 1927
1928 292.7466125488281 1928
1929 292.7437133789062 1929
1930 292.7407531738281 1930
1931 292.7377319335938 1931
1932 292.734619140625 1932
1933 292.7314758300781 1933
1934 292.728271484375 1934
1935 292.7249755859375 1935
1936 292.7216796875 1936
1937 292.7182922363281 1937
1938 292.7148742675781 1938
1939 292.71142578125 1939
1940 292.7079467773438 1940
1941 292.7044067382812 1941
1942 292.7008666992188 1942
1943 292.6972961425781 1943
1944 292.6937255859375 1944
1945 292.6901245117188 1945
1946 292.6864929199219 1946
1947 292.6828918457031 1947
1948 292.6792907714844 1948
1949 292.6756896972656 1949
1950 292.6720886230469 1950
1951 292.6685180664062 1951
1952 292.6649475097656 1952
1953 292.661376953125 1953
1954 292.6578979492188 1954
1955 292.6544189453125 1955
1956 292.6510009765625 1956
1957 292.6476135253906 1957
1958 292.6442565917969 1958
1959 292.6409606933594 1959
1960 292.6376953125 1960
1961 292.634521484375 1961
1962 292.6314086914062 1962
1963 292.6283874511719 1963
1964 292.6253967285156 1964
1965 292.6224975585938 1965
1966 292.6196594238281 1966
1967 292.616943359375 1967
1968 292.6142578125 1968
1969 292.6116943359375 1969
1970 292.6091918945312 1970
1971 292.6068115234375 1971
1972 292.6044921875 1972
1973 292.6023254394531 1973
1974 292.6002197265625 1974
1975 292.5982360839844 1975
1976 292.5963439941406 1976
1977 292.5945434570312 1977
1978 292.5928955078125 1978
1979 292.59130859375 1979
1980 292.5898742675781 1980
1981 292.5885314941406 1981
1982 292.5872802734375 1982
1983 292.586181640625 1983
1984 292.5851745605469 1984
1985 292.5842895507812 1985
1986 292.5835266113281 1986
1987 292.5828857421875 1987
1988 292.5823669433594 1988
1989 292.5819702148438 1989
1990 292.5816650390625 1990
1991 292.5814819335938 1991
1992 292.5814208984375 1992
1993 292.5815124511719 1993
1994 292.5816650390625 1994
1995 292.5819702148438 1995
1996 292.5823669433594 1996
1997 292.5829162597656 1997
1998 292.5835571289062 1998
1999 292.5843200683594 1999
2000 292.585205078125 2000
2001 292.586181640625 2001
2002 292.5872802734375 2002
2003 292.5885009765625 2003
2004 292.58984375 2004
2005 292.5912475585938 2005
2006 292.5928039550781 2006
2007 292.5944519042969 2007
2008 292.5962219238281 2008
2009 292.5980834960938 2009
2010 292.6000366210938 2010
2011 292.6021118164062 2011
2012 292.604248046875 2012
2013 292.6065368652344 2013
2014 292.60888671875 2014
2015 292.611328125 2015
2016 292.6138916015625 2016
2017 292.6165161132812 2017
2018 292.6192626953125 2018
2019 292.6221008300781 2019
2020 292.625 2020
2021 292.6279602050781 2021
2022 292.6310729980469 2022
2023 292.6342163085938 2023
2024 292.637451171875 2024
2025 292.6407470703125 2025
2026 292.6441345214844 2026
2027 292.6476135253906 2027
2028 292.6511535644531 2028
2029 292.6547546386719 2029
2030 292.658447265625 2030
2031 292.6621704101562 2031
2032 292.6659851074219 2032
2033 292.6698608398438 2033
2034 292.6737976074219 2034
2035 292.6777648925781 2035
2036 292.6818237304688 2036
2037 292.6859130859375 2037
2038 292.6900634765625 2038
2039 292.6942749023438 2039
2040 292.6985473632812 2040
2041 292.7028503417969 2041
2042 292.7072143554688 2042
2043 292.7115783691406 2043
2044 292.7160034179688 2044
2045 292.7205200195312 2045
2046 292.7250061035156 2046
2047 292.7295837402344 2047
2048 292.734130859375 2048
2049 292.73876953125 2049
2050 292.743408203125 2050
2051 292.748046875 2051
2052 292.7527770996094 2052
2053 292.7575073242188 2053
2054 292.7622680664062 2054
2055 292.7670288085938 2055
2056 292.7718200683594 2056
2057 292.7766418457031 2057
2058 292.7814331054688 2058
2059 292.7863159179688 2059
2060 292.7911682128906 2060
2061 292.7960205078125 2061
2062 292.8009033203125 2062
2063 292.8057556152344 2063
2064 292.8106689453125 2064
2065 292.8155517578125 2065
2066 292.8204650878906 2066
2067 292.8253479003906 2067
2068 292.8302612304688 2068
2069 292.8351440429688 2069
2070 292.8400268554688 2070
2071 292.8449096679688 2071
2072 292.8497924804688 2072
2073 292.8546752929688 2073
2074 292.8595581054688 2074
2075 292.8643798828125 2075
2076 292.8692626953125 2076
2077 292.8740539550781 2077
2078 292.8788757324219 2078
2079 292.8836669921875 2079
2080 292.8884582519531 2080
2081 292.8932189941406 2081
2082 292.8979187011719 2082
2083 292.9026489257812 2083
2084 292.9073486328125 2084
2085 292.9119873046875 2085
2086 292.9166259765625 2086
2087 292.9212646484375 2087
2088 292.9258117675781 2088
2089 292.9303588867188 2089
2090 292.9349060058594 2090
2091 292.9393920898438 2091
2092 292.94384765625 2092
2093 292.9482727050781 2093
2094 292.95263671875 2094
2095 292.9570007324219 2095
2096 292.9613037109375 2096
2097 292.965576171875 2097
2098 292.9698181152344 2098
2099 292.9739685058594 2099
2100 292.9781188964844 2100
2101 292.9822387695312 2101
2102 292.9862670898438 2102
2103 292.9902648925781 2103
2104 292.9942321777344 2104
2105 292.9981384277344 2105
2106 293.0020141601562 2106
2107 293.0058288574219 2107
2108 293.0095825195312 2108
2109 293.0133056640625 2109
2110 293.0169372558594 2110
2111 293.0205688476562 2111
2112 293.0241088867188 2112
2113 293.027587890625 2113
2114 293.0310363769531 2114
2115 293.0343933105469 2115
2116 293.0377197265625 2116
2117 293.0409851074219 2117
2118 293.044189453125 2118
2119 293.0473022460938 2119
2120 293.0504150390625 2120
2121 293.0534057617188 2121
2122 293.0563659667969 2122
2123 293.0592346191406 2123
2124 293.0620727539062 2124
2125 293.0648193359375 2125
2126 293.0675048828125 2126
2127 293.0701293945312 2127
2128 293.0726928710938 2128
2129 293.0751953125 2129
2130 293.0775756835938 2130
2131 293.0799560546875 2131
2132 293.0822143554688 2132
2133 293.0844116210938 2133
2134 293.0865478515625 2134
2135 293.088623046875 2135
2136 293.0906066894531 2136
2137 293.092529296875 2137
2138 293.0943603515625 2138
2139 293.0960998535156 2139
2140 293.0977783203125 2140
2141 293.0994262695312 2141
2142 293.1009521484375 2142
2143 293.1024169921875 2143
2144 293.1037902832031 2144
2145 293.1051025390625 2145
2146 293.1062927246094 2146
2147 293.107421875 2147
2148 293.1085205078125 2148
2149 293.1094970703125 2149
2150 293.1103820800781 2150
2151 293.1111755371094 2151
2152 293.1119384765625 2152
2153 293.1125793457031 2153
2154 293.1131591796875 2154
2155 293.1136474609375 2155
2156 293.1140441894531 2156
2157 293.1143493652344 2157
2158 293.1145935058594 2158
2159 293.1147155761719 2159
2160 293.1148071289062 2160
2161 293.1147766113281 2161
2162 293.1146545410156 2162
2163 293.1144714355469 2163
2164 293.1141662597656 2164
2165 293.1138000488281 2165
2166 293.1133422851562 2166
2167 293.11279296875 2167
2168 293.1121520996094 2168
2169 293.1114196777344 2169
2170 293.110595703125 2170
2171 293.1097106933594 2171
2172 293.1087036132812 2172
2173 293.1076049804688 2173
2174 293.1064453125 2174
2175 293.1051635742188 2175
2176 293.1038208007812 2176
2177 293.1023559570312 2177
2178 293.100830078125 2178
2179 293.0991821289062 2179
2180 293.0974426269531 2180
2181 293.0956420898438 2181
2182 293.0937194824219 2182
2183 293.0917358398438 2183
2184 293.0896301269531 2184
2185 293.0874328613281 2185
2186 293.0851745605469 2186
2187 293.0828247070312 2187
2188 293.0803833007812 2188
2189 293.0778503417969 2189
2190 293.0752258300781 2190
2191 293.0725402832031 2191
2192 293.0697631835938 2192
2193 293.06689453125 2193
2194 293.0639343261719 2194
2195 293.0609130859375 2195
2196 293.0578002929688 2196
2197 293.0546264648438 2197
2198 293.0513916015625 2198
2199 293.0480651855469 2199
2200 293.044677734375 2200
2201 293.041259765625 2201
2202 293.0377502441406 2202
2203 293.0341796875 2203
2204 293.0305786132812 2204
2205 293.0268859863281 2205
2206 293.023193359375 2206
2207 293.0194091796875 2207
2208 293.015625 2208
2209 293.0117797851562 2209
2210 293.0079345703125 2210
2211 293.0040283203125 2211
2212 293.0001220703125 2212
2213 292.9962158203125 2213
2214 292.9922790527344 2214
2215 292.9883117675781 2215
2216 292.984375 2216
2217 292.9804077148438 2217
2218 292.9764709472656 2218
2219 292.9725341796875 2219
2220 292.9686279296875 2220
2221 292.9647216796875 2221
2222 292.9608459472656 2222
2223 292.9570007324219 2223
2224 292.9532165527344 2224
2225 292.9494323730469 2225
2226 292.9456787109375 2226
2227 292.9420166015625 2227
2228 292.9383850097656 2228
2229 292.934814453125 2229
2230 292.9313049316406 2230
2231 292.9278564453125 2231
2232 292.9244689941406 2232
2233 292.921142578125 2233
2234 292.9179077148438 2234
2235 292.9147644042969 2235
2236 292.9116821289062 2236
2237 292.90869140625 2237
2238 292.9057922363281 2238
2239 292.9029846191406 2239
2240 292.9002685546875 2240
2241 292.8976440429688 2241
2242 292.8951110839844 2242
2243 292.8927001953125 2243
2244 292.8903503417969 2244
2245 292.8881225585938 2245
2246 292.8860473632812 2246
2247 292.884033203125 2247
2248 292.8821411132812 2248
2249 292.8803405761719 2249
2250 292.8786926269531 2250
2251 292.8771362304688 2251
2252 292.8757019042969 2252
2253 292.8743896484375 2253
2254 292.8731689453125 2254
2255 292.8721008300781 2255
2256 292.8711242675781 2256
2257 292.8702697753906 2257
2258 292.8695678710938 2258
2259 292.868896484375 2259
2260 292.8684387207031 2260
2261 292.8680419921875 2261
2262 292.8677978515625 2262
2263 292.8676452636719 2263
2264 292.8676147460938 2264
2265 292.8677062988281 2265
2266 292.8679504394531 2266
2267 292.8682556152344 2267
2268 292.8687133789062 2268
2269 292.8692626953125 2269
2270 292.8699340820312 2270
2271 292.8707275390625 2271
2272 292.8716125488281 2272
2273 292.8726196289062 2273
2274 292.8737487792969 2274
2275 292.8749694824219 2275
2276 292.8763122558594 2276
2277 292.8777465820312 2277
2278 292.8793029785156 2278
2279 292.8809509277344 2279
2280 292.8826904296875 2280
2281 292.8845520019531 2281
2282 292.8865051269531 2282
2283 292.8885498046875 2283
2284 292.8906860351562 2284
2285 292.8929443359375 2285
2286 292.895263671875 2286
2287 292.897705078125 2287
2288 292.9002075195312 2288
2289 292.9028015136719 2289
2290 292.9054870605469 2290
2291 292.9082336425781 2291
2292 292.9110717773438 2292
2293 292.9140014648438 2293
2294 292.9170227050781 2294
2295 292.9201049804688 2295
2296 292.9232788085938 2296
2297 292.926513671875 2297
2298 292.9298095703125 2298
2299 292.9331665039062 2299
2300 292.9366149902344 2300
2301 292.9401245117188 2301
2302 292.9436950683594 2302
2303 292.9472961425781 2303
2304 292.9509887695312 2304
2305 292.9547119140625 2305
2306 292.9585571289062 2306
2307 292.96240234375 2307
2308 292.96630859375 2308
2309 292.9702453613281 2309
2310 292.9742431640625 2310
2311 292.9783020019531 2311
2312 292.9823913574219 2312
2313 292.9865112304688 2313
2314 292.99072265625 2314
2315 292.9949340820312 2315
2316 292.9991760253906 2316
2317 293.0034484863281 2317
2318 293.0077514648438 2318
2319 293.0121154785156 2319
2320 293.0165100097656 2320
2321 293.0208740234375 2321
2322 293.0253295898438 2322
2323 293.02978515625 2323
2324 293.0342407226562 2324
2325 293.0387573242188 2325
2326 293.0432739257812 2326
2327 293.0477905273438 2327
2328 293.0523376464844 2328
2329 293.0569152832031 2329
2330 293.0614929199219 2330
2331 293.0660400390625 2331
2332 293.0706787109375 2332
2333 293.0752563476562 2333
2334 293.0798645019531 2334
2335 293.08447265625 2335
2336 293.0890502929688 2336
2337 293.0936889648438 2337
2338 293.0982666015625 2338
2339 293.1029052734375 2339
2340 293.1074829101562 2340
2341 293.112060546875 2341
2342 293.1166687011719 2342
2343 293.1212158203125 2343
2344 293.1257934570312 2344
2345 293.1303405761719 2345
2346 293.1348876953125 2346
2347 293.139404296875 2347
2348 293.1439208984375 2348
2349 293.1484069824219 2349
2350 293.1528625488281 2350
2351 293.1573486328125 2351
2352 293.1617431640625 2352
2353 293.1661376953125 2353
2354 293.1705322265625 2354
2355 293.1748657226562 2355
2356 293.17919921875 2356
2357 293.1835021972656 2357
2358 293.1877746582031 2358
2359 293.1919860839844 2359
2360 293.1962280273438 2360
2361 293.2003784179688 2361
2362 293.2045288085938 2362
2363 293.2086181640625 2363
2364 293.2126770019531 2364
2365 293.2167053222656 2365
2366 293.220703125 2366
2367 293.2246704101562 2367
2368 293.2285461425781 2368
2369 293.232421875 2369
2370 293.2362060546875 2370
2371 293.239990234375 2371
2372 293.2437438964844 2372
2373 293.2474060058594 2373
2374 293.2510375976562 2374
2375 293.254638671875 2375
2376 293.2581787109375 2376
2377 293.2616577148438 2377
2378 293.2650756835938 2378
2379 293.2684631347656 2379
2380 293.2717590332031 2380
2381 293.2750854492188 2381
2382 293.2782592773438 2382
2383 293.2814331054688 2383
2384 293.2845458984375 2384
2385 293.2875671386719 2385
2386 293.2905578613281 2386
2387 293.2934875488281 2387
2388 293.2963562011719 2388
2389 293.2991638183594 2389
2390 293.3018798828125 2390
2391 293.3045959472656 2391
2392 293.3071899414062 2392
2393 293.3097229003906 2393
2394 293.3122253417969 2394
2395 293.3146362304688 2395
2396 293.3169860839844 2396
2397 293.3192749023438 2397
2398 293.3214721679688 2398
2399 293.3236083984375 2399
2400 293.3257141113281 2400
2401 293.3276977539062 2401
2402 293.3296508789062 2402
2403 293.3314819335938 2403
2404 293.3333129882812 2404
2405 293.3350219726562 2405
2406 293.336669921875 2406
2407 293.3382568359375 2407
2408 293.3397216796875 2408
2409 293.3411560058594 2409
2410 293.3424987792969 2410
2411 293.34375 2411
2412 293.3449401855469 2412
2413 293.3460693359375 2413
2414 293.3471069335938 2414
2415 293.3480834960938 2415
2416 293.3489379882812 2416
2417 293.3497009277344 2417
2418 293.3504333496094 2418
2419 293.35107421875 2419
2420 293.3516235351562 2420
2421 293.3521118164062 2421
2422 293.3524780273438 2422
2423 293.352783203125 2423
2424 293.3529968261719 2424
2425 293.3531494140625 2425
2426 293.3532104492188 2426
2427 293.3531799316406 2427
2428 293.3530883789062 2428
2429 293.3528747558594 2429
2430 293.3525695800781 2430
2431 293.3522033691406 2431
2432 293.3517456054688 2432
2433 293.3511962890625 2433
2434 293.3505859375 2434
2435 293.349853515625 2435
2436 293.3490295410156 2436
2437 293.34814453125 2437
2438 293.34716796875 2438
2439 293.3460693359375 2439
2440 293.3448791503906 2440
2441 293.3436584472656 2441
2442 293.3423156738281 2442
2443 293.3408813476562 2443
2444 293.33935546875 2444
2445 293.3377380371094 2445
2446 293.3359985351562 2446
2447 293.334228515625 2447
2448 293.3323364257812 2448
2449 293.3303527832031 2449
2450 293.3282775878906 2450
2451 293.3261108398438 2451
2452 293.3238525390625 2452
2453 293.3215026855469 2453
2454 293.319091796875 2454
2455 293.3165588378906 2455
2456 293.31396484375 2456
2457 293.3112487792969 2457
2458 293.3084716796875 2458
2459 293.3056030273438 2459
2460 293.3026428222656 2460
2461 293.2995910644531 2461
2462 293.2965087890625 2462
2463 293.2932739257812 2463
2464 293.2900390625 2464
2465 293.2866821289062 2465
2466 293.2832336425781 2466
2467 293.2797546386719 2467
2468 293.2761840820312 2468
2469 293.2725219726562 2469
2470 293.2688598632812 2470
2471 293.2650756835938 2471
2472 293.2612915039062 2472
2473 293.2574157714844 2473
2474 293.2535095214844 2474
2475 293.24951171875 2475
2476 293.2455444335938 2476
2477 293.2414855957031 2477
2478 293.2374267578125 2478
2479 293.2333068847656 2479
2480 293.2291870117188 2480
2481 293.2250061035156 2481
2482 293.2208251953125 2482
2483 293.2166442871094 2483
2484 293.2124633789062 2484
2485 293.208251953125 2485
2486 293.2040710449219 2486
2487 293.1998901367188 2487
2488 293.1956787109375 2488
2489 293.1915588378906 2489
2490 293.1874084472656 2490
2491 293.1832885742188 2491
2492 293.17919921875 2492
2493 293.1751403808594 2493
2494 293.1711120605469 2494
2495 293.1671752929688 2495
2496 293.1632385253906 2496
2497 293.1593627929688 2497
2498 293.1555480957031 2498
2499 293.1517944335938 2499
2500 293.1481018066406 2500
